<?xml version="1.0" encoding="UTF-8"?>
<TestRun id="340f9386-9f57-4f6d-bd2f-b41cfb8f6600" name="SPAdmin@CS02 2018-06-13 12:43:56" runUser="CS\SPAdmin" xmlns="http://microsoft.com/schemas/VisualStudio/TeamTest/2010">
  <TestSettings name="Local" id="879f9405-1edd-43f5-90cf-576a7ef84ea2">
    <Description>These are default test settings for a local test run.</Description>
    <Execution hostProcessPlatform="MSIL">
      <TestTypeSpecific />
      <AgentRule name="Execution Agents">
      </AgentRule>
    </Execution>
    <Deployment runDeploymentRoot="SPAdmin_CS02 2018-06-13 12_43_56" />
    <Properties>
      <Property name="TestSettingsUIType" value="LoadTest" />
    </Properties>
  </TestSettings>
  <Times creation="2018-06-13T12:43:56.6031158+01:00" queuing="2018-06-13T12:43:56.9101266+01:00" start="2018-06-13T12:43:57.0261531+01:00" finish="2018-06-13T12:44:16.5356303+01:00" />
  <ResultSummary outcome="Failed">
    <Counters total="1" executed="1" error="0" failed="1" timeout="0" aborted="0" inconclusive="0" passedButRunAborted="0" notRunnable="0" notExecuted="0" disconnected="0" warning="0" passed="0" completed="0" inProgress="0" pending="0" />
  </ResultSummary>
  <TestDefinitions>
    <WebTest name="WebTest2" storage="c:\users\spadmin\source\repos\sploadtesting\sploadtesting\webtest2.webtest" id="602c7c08-f877-4c7e-a8db-a05baef9fe3f" persistedWebTest="77u/PD94bWwgdmVyc2lvbj0iMS4wIiBlbmNvZGluZz0iVVRGLTgiIHN0YW5kYWxvbmU9InllcyI/Pg0KPFdlYlRlc3QgTmFtZT0iV2ViVGVzdDIiIElkPSI2MDJjN2MwOC1mODc3LTRjN2UtYThkYi1hMDViYWVmOWZlM2YiIE93bmVyPSIiIFByaW9yaXR5PSIyMTQ3NDgzNjQ3IiBFbmFibGVkPSJUcnVlIiBDc3NQcm9qZWN0U3RydWN0dXJlPSIiIENzc0l0ZXJhdGlvbj0iIiBUaW1lb3V0PSIwIiBXb3JrSXRlbUlkcz0iIiB4bWxucz0iaHR0cDovL21pY3Jvc29mdC5jb20vc2NoZW1hcy9WaXN1YWxTdHVkaW8vVGVhbVRlc3QvMjAxMCIgRGVzY3JpcHRpb249IiIgQ3JlZGVudGlhbFVzZXJOYW1lPSIiIENyZWRlbnRpYWxQYXNzd29yZD0iIiBQcmVBdXRoZW50aWNhdGU9IlRydWUiIFByb3h5PSJkZWZhdWx0IiBTdG9wT25FcnJvcj0iRmFsc2UiIFJlY29yZGVkUmVzdWx0RmlsZT0iV2ViVGVzdDIuNWI2OTdiODctZDY1MS00MzkyLWE1ZTgtN2RlZjQ5ZWIyZjkxLnJlYy53ZWJ0ZXN0cmVzdWx0IiBSZXN1bHRzTG9jYWxlPSIiPg0KICA8SXRlbXM+DQogICAgPFJlcXVlc3QgTWV0aG9kPSJHRVQiIEd1aWQ9Ijg5ZTZjNmU0LWIyMzItNDIzMy1iMTAxLTZiNTNkNTYzZWM4NyIgVmVyc2lvbj0iMS4xIiBVcmw9Imh0dHBzOi8vc3AuY29yZGlzc29sdXRpb25zLmNvbS9BcHBzMDAvU2hhcmVkJTIwRG9jdW1lbnRzL0Zvcm1zL2FsbCUyMGRvY3VtZW50cy5hc3B4IiBUaGlua1RpbWU9IjAiIFRpbWVvdXQ9IjMwMCIgUGFyc2VEZXBlbmRlbnRSZXF1ZXN0cz0iVHJ1ZSIgRm9sbG93UmVkaXJlY3RzPSJUcnVlIiBSZWNvcmRSZXN1bHQ9IlRydWUiIENhY2hlPSJGYWxzZSIgUmVzcG9uc2VUaW1lR29hbD0iMCIgRW5jb2Rpbmc9InV0Zi04IiBFeHBlY3RlZEh0dHBTdGF0dXNDb2RlPSIwIiBFeHBlY3RlZFJlc3BvbnNlVXJsPSIiIFJlcG9ydGluZ05hbWU9IiIgSWdub3JlSHR0cFN0YXR1c0NvZGU9IkZhbHNlIj4NCiAgICAgIDxEZXBlbmRlbnRSZXF1ZXN0cz4NCiAgICAgICAgPFJlcXVlc3QgTWV0aG9kPSJHRVQiIEd1aWQ9IjEwZjgyMzQ4LWFmYTctNGZjOC04YzAyLWQzNDM5ODBlMGEwOCIgVmVyc2lvbj0iMS4xIiBVcmw9Imh0dHBzOi8vc3AuY29yZGlzc29sdXRpb25zLmNvbS9BcHBzMDAvX2FwaS9NaWNyb3NvZnQuU2hhcmVQb2ludC5Qb3J0YWwuU3VpdGVOYXZEYXRhLkdldFN1aXRlTmF2RGF0YSIgVGhpbmtUaW1lPSIwIiBUaW1lb3V0PSIzMDAiIFBhcnNlRGVwZW5kZW50UmVxdWVzdHM9IlRydWUiIEZvbGxvd1JlZGlyZWN0cz0iVHJ1ZSIgUmVjb3JkUmVzdWx0PSJUcnVlIiBDYWNoZT0iRmFsc2UiIFJlc3BvbnNlVGltZUdvYWw9IjAiIEVuY29kaW5nPSJ1dGYtOCIgRXhwZWN0ZWRIdHRwU3RhdHVzQ29kZT0iMCIgRXhwZWN0ZWRSZXNwb25zZVVybD0iIiBSZXBvcnRpbmdOYW1lPSIiIElnbm9yZUh0dHBTdGF0dXNDb2RlPSJGYWxzZSI+DQogICAgICAgICAgPEhlYWRlcnM+DQogICAgICAgICAgICA8SGVhZGVyIE5hbWU9IkNvbnRlbnQtVHlwZSIgVmFsdWU9ImFwcGxpY2F0aW9uL3gtd3d3LWZvcm0tdXJsZW5jb2RlZCIgLz4NCiAgICAgICAgICAgIDxIZWFkZXIgTmFtZT0iQUNDRVBUIiBWYWx1ZT0iYXBwbGljYXRpb24vanNvbjsgb2RhdGEgPSB2ZXJib3NlIiAvPg0KICAgICAgICAgICAgPEhlYWRlciBOYW1lPSJSZWZlcmVyIiBWYWx1ZT0iaHR0cHM6Ly9zcC5jb3JkaXNzb2x1dGlvbnMuY29tL0FwcHMwMC9TaGFyZWQlMjBEb2N1bWVudHMvRm9ybXMvYWxsJTIwZG9jdW1lbnRzLmFzcHgiIC8+DQogICAgICAgICAgPC9IZWFkZXJzPg0KICAgICAgICAgIDxRdWVyeVN0cmluZ1BhcmFtZXRlcnM+DQogICAgICAgICAgICA8UXVlcnlTdHJpbmdQYXJhbWV0ZXIgTmFtZT0idiIgVmFsdWU9IjIiIFJlY29yZGVkVmFsdWU9IjIiIENvcnJlbGF0aW9uQmluZGluZz0iIiBVcmxFbmNvZGU9IkZhbHNlIiBVc2VUb0dyb3VwUmVzdWx0cz0iRmFsc2UiIC8+DQogICAgICAgICAgICA8UXVlcnlTdHJpbmdQYXJhbWV0ZXIgTmFtZT0iTG9jYWxlIiBWYWx1ZT0iZW4tVVMiIFJlY29yZGVkVmFsdWU9ImVuLVVTIiBDb3JyZWxhdGlvbkJpbmRpbmc9IiIgVXJsRW5jb2RlPSJGYWxzZSIgVXNlVG9Hcm91cFJlc3VsdHM9IkZhbHNlIiAvPg0KICAgICAgICAgIDwvUXVlcnlTdHJpbmdQYXJhbWV0ZXJzPg0KICAgICAgICAgIDxGb3JtUG9zdEh0dHBCb2R5IC8+DQogICAgICAgIDwvUmVxdWVzdD4NCiAgICAgICAgPFJlcXVlc3QgTWV0aG9kPSJHRVQiIEd1aWQ9ImQ1Mjc1NTdlLTgxNjItNDU2OC1iNTdlLTFlOGIwMDA5YmY4YSIgVmVyc2lvbj0iMS4xIiBVcmw9Imh0dHBzOi8vc3AuY29yZGlzc29sdXRpb25zLmNvbS9fbGF5b3V0cy8xNS9mb250cy9zaGVsbGljb25zLmVvdCIgVGhpbmtUaW1lPSIwIiBUaW1lb3V0PSIzMDAiIFBhcnNlRGVwZW5kZW50UmVxdWVzdHM9IlRydWUiIEZvbGxvd1JlZGlyZWN0cz0iVHJ1ZSIgUmVjb3JkUmVzdWx0PSJUcnVlIiBDYWNoZT0iRmFsc2UiIFJlc3BvbnNlVGltZUdvYWw9IjAiIEVuY29kaW5nPSJ1dGYtOCIgRXhwZWN0ZWRIdHRwU3RhdHVzQ29kZT0iMCIgRXhwZWN0ZWRSZXNwb25zZVVybD0iIiBSZXBvcnRpbmdOYW1lPSIiIElnbm9yZUh0dHBTdGF0dXNDb2RlPSJGYWxzZSI+DQogICAgICAgICAgPEhlYWRlcnM+DQogICAgICAgICAgICA8SGVhZGVyIE5hbWU9IlJlZmVyZXIiIFZhbHVlPSJodHRwczovL3NwLmNvcmRpc3NvbHV0aW9ucy5jb20vQXBwczAwL1NoYXJlZCUyMERvY3VtZW50cy9Gb3Jtcy9hbGwlMjBkb2N1bWVudHMuYXNweCIgLz4NCiAgICAgICAgICA8L0hlYWRlcnM+DQogICAgICAgICAgPFF1ZXJ5U3RyaW5nUGFyYW1ldGVycz4NCiAgICAgICAgICAgIDxRdWVyeVN0cmluZ1BhcmFtZXRlciBOYW1lPSIiIFZhbHVlPSIiIFJlY29yZGVkVmFsdWU9IiIgQ29ycmVsYXRpb25CaW5kaW5nPSIiIFVybEVuY29kZT0iRmFsc2UiIFVzZVRvR3JvdXBSZXN1bHRzPSJGYWxzZSIgLz4NCiAgICAgICAgICA8L1F1ZXJ5U3RyaW5nUGFyYW1ldGVycz4NCiAgICAgICAgPC9SZXF1ZXN0Pg0KICAgICAgICA8UmVxdWVzdCBNZXRob2Q9IkdFVCIgR3VpZD0iNzc5NzNiNzQtNmY2NS00ZWI3LTk2NDItNjcwOWVjNjUwMDhlIiBWZXJzaW9uPSIxLjEiIFVybD0iaHR0cHM6Ly9zcC5jb3JkaXNzb2x1dGlvbnMuY29tL19sYXlvdXRzLzE1L2ZvbnRzL09mZmljZTM2NUljb25zLmVvdCIgVGhpbmtUaW1lPSIyIiBUaW1lb3V0PSIzMDAiIFBhcnNlRGVwZW5kZW50UmVxdWVzdHM9IlRydWUiIEZvbGxvd1JlZGlyZWN0cz0iVHJ1ZSIgUmVjb3JkUmVzdWx0PSJUcnVlIiBDYWNoZT0iRmFsc2UiIFJlc3BvbnNlVGltZUdvYWw9IjAiIEVuY29kaW5nPSJ1dGYtOCIgRXhwZWN0ZWRIdHRwU3RhdHVzQ29kZT0iMCIgRXhwZWN0ZWRSZXNwb25zZVVybD0iIiBSZXBvcnRpbmdOYW1lPSIiIElnbm9yZUh0dHBTdGF0dXNDb2RlPSJGYWxzZSI+DQogICAgICAgICAgPEhlYWRlcnM+DQogICAgICAgICAgICA8SGVhZGVyIE5hbWU9IlJlZmVyZXIiIFZhbHVlPSJodHRwczovL3NwLmNvcmRpc3NvbHV0aW9ucy5jb20vQXBwczAwL1NoYXJlZCUyMERvY3VtZW50cy9Gb3Jtcy9hbGwlMjBkb2N1bWVudHMuYXNweCIgLz4NCiAgICAgICAgICA8L0hlYWRlcnM+DQogICAgICAgICAgPFF1ZXJ5U3RyaW5nUGFyYW1ldGVycz4NCiAgICAgICAgICAgIDxRdWVyeVN0cmluZ1BhcmFtZXRlciBOYW1lPSIiIFZhbHVlPSIiIFJlY29yZGVkVmFsdWU9IiIgQ29ycmVsYXRpb25CaW5kaW5nPSIiIFVybEVuY29kZT0iRmFsc2UiIFVzZVRvR3JvdXBSZXN1bHRzPSJGYWxzZSIgLz4NCiAgICAgICAgICA8L1F1ZXJ5U3RyaW5nUGFyYW1ldGVycz4NCiAgICAgICAgPC9SZXF1ZXN0Pg0KICAgICAgICA8UmVxdWVzdCBNZXRob2Q9IkdFVCIgR3VpZD0iMGIwYjk2MDQtYjcyOC00OGFlLWI3OWUtYzIwNzgwNmMyY2YyIiBWZXJzaW9uPSIxLjEiIFVybD0iaHR0cHM6Ly9zcC5jb3JkaXNzb2x1dGlvbnMuY29tL19sYXlvdXRzLzE1L1NjcmlwdFJlc3guYXNoeCIgVGhpbmtUaW1lPSIwIiBUaW1lb3V0PSIzMDAiIFBhcnNlRGVwZW5kZW50UmVxdWVzdHM9IlRydWUiIEZvbGxvd1JlZGlyZWN0cz0iVHJ1ZSIgUmVjb3JkUmVzdWx0PSJUcnVlIiBDYWNoZT0iRmFsc2UiIFJlc3BvbnNlVGltZUdvYWw9IjAiIEVuY29kaW5nPSJ1dGYtOCIgRXhwZWN0ZWRIdHRwU3RhdHVzQ29kZT0iMCIgRXhwZWN0ZWRSZXNwb25zZVVybD0iIiBSZXBvcnRpbmdOYW1lPSIiIElnbm9yZUh0dHBTdGF0dXNDb2RlPSJGYWxzZSI+DQogICAgICAgICAgPEhlYWRlcnM+DQogICAgICAgICAgICA8SGVhZGVyIE5hbWU9IlJlZmVyZXIiIFZhbHVlPSJodHRwczovL3NwLmNvcmRpc3NvbHV0aW9ucy5jb20vQXBwczAwL1NoYXJlZCUyMERvY3VtZW50cy9Gb3Jtcy9hbGwlMjBkb2N1bWVudHMuYXNweCIgLz4NCiAgICAgICAgICA8L0hlYWRlcnM+DQogICAgICAgICAgPFF1ZXJ5U3RyaW5nUGFyYW1ldGVycz4NCiAgICAgICAgICAgIDxRdWVyeVN0cmluZ1BhcmFtZXRlciBOYW1lPSJjdWx0dXJlIiBWYWx1ZT0iZW4lMkR1cyIgUmVjb3JkZWRWYWx1ZT0iZW4lMkR1cyIgQ29ycmVsYXRpb25CaW5kaW5nPSIiIFVybEVuY29kZT0iRmFsc2UiIFVzZVRvR3JvdXBSZXN1bHRzPSJGYWxzZSIgLz4NCiAgICAgICAgICAgIDxRdWVyeVN0cmluZ1BhcmFtZXRlciBOYW1lPSJuYW1lIiBWYWx1ZT0iU1AlMkVVSSUyRVBvbGljeSUyRVJlc291cmNlcyIgUmVjb3JkZWRWYWx1ZT0iU1AlMkVVSSUyRVBvbGljeSUyRVJlc291cmNlcyIgQ29ycmVsYXRpb25CaW5kaW5nPSIiIFVybEVuY29kZT0iRmFsc2UiIFVzZVRvR3JvdXBSZXN1bHRzPSJGYWxzZSIgLz4NCiAgICAgICAgICAgIDxRdWVyeVN0cmluZ1BhcmFtZXRlciBOYW1lPSJyZXYiIFZhbHVlPSJtMk52dG0xM0RSZ29kQ1ZpJTJCc1J1a3clM0QlM0QiIFJlY29yZGVkVmFsdWU9Im0yTnZ0bTEzRFJnb2RDVmklMkJzUnVrdyUzRCUzRCIgQ29ycmVsYXRpb25CaW5kaW5nPSIiIFVybEVuY29kZT0iRmFsc2UiIFVzZVRvR3JvdXBSZXN1bHRzPSJGYWxzZSIgLz4NCiAgICAgICAgICA8L1F1ZXJ5U3RyaW5nUGFyYW1ldGVycz4NCiAgICAgICAgPC9SZXF1ZXN0Pg0KICAgICAgICA8UmVxdWVzdCBNZXRob2Q9IkdFVCIgR3VpZD0iZDJjNmI0MWQtNTUzNS00M2FhLThmYzctODEyZGEzNGFmODY5IiBWZXJzaW9uPSIxLjEiIFVybD0iaHR0cHM6Ly9zcC5jb3JkaXNzb2x1dGlvbnMuY29tL0FwcHMwMC9fYXBpL3NlYXJjaC9zZWFyY2hjZW50ZXJ1cmwiIFRoaW5rVGltZT0iNSIgVGltZW91dD0iMzAwIiBQYXJzZURlcGVuZGVudFJlcXVlc3RzPSJUcnVlIiBGb2xsb3dSZWRpcmVjdHM9IlRydWUiIFJlY29yZFJlc3VsdD0iVHJ1ZSIgQ2FjaGU9IkZhbHNlIiBSZXNwb25zZVRpbWVHb2FsPSIwIiBFbmNvZGluZz0idXRmLTgiIEV4cGVjdGVkSHR0cFN0YXR1c0NvZGU9IjAiIEV4cGVjdGVkUmVzcG9uc2VVcmw9IiIgUmVwb3J0aW5nTmFtZT0iIiBJZ25vcmVIdHRwU3RhdHVzQ29kZT0iRmFsc2UiPg0KICAgICAgICAgIDxIZWFkZXJzPg0KICAgICAgICAgICAgPEhlYWRlciBOYW1lPSJBY2NlcHQiIFZhbHVlPSJhcHBsaWNhdGlvbi9qc29uO29kYXRhPXZlcmJvc2UiIC8+DQogICAgICAgICAgICA8SGVhZGVyIE5hbWU9IlJlZmVyZXIiIFZhbHVlPSJodHRwczovL3NwLmNvcmRpc3NvbHV0aW9ucy5jb20vQXBwczAwL1NoYXJlZCUyMERvY3VtZW50cy9Gb3Jtcy9hbGwlMjBkb2N1bWVudHMuYXNweCIgLz4NCiAgICAgICAgICA8L0hlYWRlcnM+DQogICAgICAgIDwvUmVxdWVzdD4NCiAgICAgIDwvRGVwZW5kZW50UmVxdWVzdHM+DQogICAgICA8RXh0cmFjdGlvblJ1bGVzPg0KICAgICAgICA8RXh0cmFjdGlvblJ1bGUgQ2xhc3NuYW1lPSJNaWNyb3NvZnQuVmlzdWFsU3R1ZGlvLlRlc3RUb29scy5XZWJUZXN0aW5nLlJ1bGVzLkV4dHJhY3RIaWRkZW5GaWVsZHMsIE1pY3Jvc29mdC5WaXN1YWxTdHVkaW8uUXVhbGl0eVRvb2xzLldlYlRlc3RGcmFtZXdvcmssIFZlcnNpb249MTAuMC4wLjAsIEN1bHR1cmU9bmV1dHJhbCwgUHVibGljS2V5VG9rZW49YjAzZjVmN2YxMWQ1MGEzYSIgVmFyaWFibGVOYW1lPSIxIiBEaXNwbGF5TmFtZT0iRXh0cmFjdCBIaWRkZW4gRmllbGRzIiBEZXNjcmlwdGlvbj0iRXh0cmFjdCBhbGwgaGlkZGVuIGZpZWxkcyBmcm9tIHRoZSByZXNwb25zZSBhbmQgcGxhY2UgdGhlbSBpbnRvIHRoZSB0ZXN0IGNvbnRleHQuIj4NCiAgICAgICAgICA8UnVsZVBhcmFtZXRlcnM+DQogICAgICAgICAgICA8UnVsZVBhcmFtZXRlciBOYW1lPSJSZXF1aXJlZCIgVmFsdWU9IlRydWUiIC8+DQogICAgICAgICAgICA8UnVsZVBhcmFtZXRlciBOYW1lPSJIdG1sRGVjb2RlIiBWYWx1ZT0iVHJ1ZSIgLz4NCiAgICAgICAgICA8L1J1bGVQYXJhbWV0ZXJzPg0KICAgICAgICA8L0V4dHJhY3Rpb25SdWxlPg0KICAgICAgPC9FeHRyYWN0aW9uUnVsZXM+DQogICAgICA8Q29ycmVsYXRpb25FeHRyYWN0aW9uUnVsZXM+DQogICAgICAgIDxFeHRyYWN0aW9uUnVsZSBDbGFzc25hbWU9Ik1pY3Jvc29mdC5WaXN1YWxTdHVkaW8uVGVzdFRvb2xzLldlYlRlc3RpbmcuUnVsZXMuRXh0cmFjdFRleHQsIE1pY3Jvc29mdC5WaXN1YWxTdHVkaW8uUXVhbGl0eVRvb2xzLldlYlRlc3RGcmFtZXdvcmssIFZlcnNpb249MTAuMC4wLjAsIEN1bHR1cmU9bmV1dHJhbCwgUHVibGljS2V5VG9rZW49YjAzZjVmN2YxMWQ1MGEzYSIgVmFyaWFibGVOYW1lPSJGb3JtUG9zdFBhcmFtMS5jdGwwMCRjdGw0NCRjdGwwNCIgRGlzcGxheU5hbWU9IiIgRGVzY3JpcHRpb249IiI+DQogICAgICAgICAgPFJ1bGVQYXJhbWV0ZXJzPg0KICAgICAgICAgICAgPFJ1bGVQYXJhbWV0ZXIgTmFtZT0iU3RhcnRzV2l0aCIgVmFsdWU9ImQgPSAmcXVvdDsiIC8+DQogICAgICAgICAgICA8UnVsZVBhcmFtZXRlciBOYW1lPSJFbmRzV2l0aCIgVmFsdWU9IiZxdW90Oztfc3AiIC8+DQogICAgICAgICAgICA8UnVsZVBhcmFtZXRlciBOYW1lPSJJbmRleCIgVmFsdWU9IjAiIC8+DQogICAgICAgICAgICA8UnVsZVBhcmFtZXRlciBOYW1lPSJJZ25vcmVDYXNlIiBWYWx1ZT0iRmFsc2UiIC8+DQogICAgICAgICAgICA8UnVsZVBhcmFtZXRlciBOYW1lPSJVc2VSZWd1bGFyRXhwcmVzc2lvbiIgVmFsdWU9IkZhbHNlIiAvPg0KICAgICAgICAgICAgPFJ1bGVQYXJhbWV0ZXIgTmFtZT0iSHRtbERlY29kZSIgVmFsdWU9IlRydWUiIC8+DQogICAgICAgICAgICA8UnVsZVBhcmFtZXRlciBOYW1lPSJSZXF1aXJlZCIgVmFsdWU9IkZhbHNlIiAvPg0KICAgICAgICAgIDwvUnVsZVBhcmFtZXRlcnM+DQogICAgICAgIDwvRXh0cmFjdGlvblJ1bGU+DQogICAgICAgIDxFeHRyYWN0aW9uUnVsZSBDbGFzc25hbWU9Ik1pY3Jvc29mdC5WaXN1YWxTdHVkaW8uVGVzdFRvb2xzLldlYlRlc3RpbmcuUnVsZXMuRXh0cmFjdFRleHQsIE1pY3Jvc29mdC5WaXN1YWxTdHVkaW8uUXVhbGl0eVRvb2xzLldlYlRlc3RGcmFtZXdvcmssIFZlcnNpb249MTAuMC4wLjAsIEN1bHR1cmU9bmV1dHJhbCwgUHVibGljS2V5VG9rZW49YjAzZjVmN2YxMWQ1MGEzYSIgVmFyaWFibGVOYW1lPSJGb3JtUG9zdFBhcmFtMjguY3RsMDAkUGxhY2VIb2xkZXJNYWluJFVwbG9hZERvY3VtZW50U2VjdGlvbiRjdGwwNSRPdmVyd3JpdGVTaW5nbGUiIERpc3BsYXlOYW1lPSIiIERlc2NyaXB0aW9uPSIiPg0KICAgICAgICAgIDxSdWxlUGFyYW1ldGVycz4NCiAgICAgICAgICAgIDxSdWxlUGFyYW1ldGVyIE5hbWU9IlN0YXJ0c1dpdGgiIFZhbHVlPSJibGU9JnF1b3Q7IiAvPg0KICAgICAgICAgICAgPFJ1bGVQYXJhbWV0ZXIgTmFtZT0iRW5kc1dpdGgiIFZhbHVlPSImcXVvdDsgYXJpIiAvPg0KICAgICAgICAgICAgPFJ1bGVQYXJhbWV0ZXIgTmFtZT0iSW5kZXgiIFZhbHVlPSIwIiAvPg0KICAgICAgICAgICAgPFJ1bGVQYXJhbWV0ZXIgTmFtZT0iSWdub3JlQ2FzZSIgVmFsdWU9IkZhbHNlIiAvPg0KICAgICAgICAgICAgPFJ1bGVQYXJhbWV0ZXIgTmFtZT0iVXNlUmVndWxhckV4cHJlc3Npb24iIFZhbHVlPSJGYWxzZSIgLz4NCiAgICAgICAgICAgIDxSdWxlUGFyYW1ldGVyIE5hbWU9Ikh0bWxEZWNvZGUiIFZhbHVlPSJUcnVlIiAvPg0KICAgICAgICAgICAgPFJ1bGVQYXJhbWV0ZXIgTmFtZT0iUmVxdWlyZWQiIFZhbHVlPSJGYWxzZSIgLz4NCiAgICAgICAgICA8L1J1bGVQYXJhbWV0ZXJzPg0KICAgICAgICA8L0V4dHJhY3Rpb25SdWxlPg0KICAgICAgICA8RXh0cmFjdGlvblJ1bGUgQ2xhc3NuYW1lPSJNaWNyb3NvZnQuVmlzdWFsU3R1ZGlvLlRlc3RUb29scy5XZWJUZXN0aW5nLlJ1bGVzLkV4dHJhY3RUZXh0LCBNaWNyb3NvZnQuVmlzdWFsU3R1ZGlvLlF1YWxpdHlUb29scy5XZWJUZXN0RnJhbWV3b3JrLCBWZXJzaW9uPTEwLjAuMC4wLCBDdWx0dXJlPW5ldXRyYWwsIFB1YmxpY0tleVRva2VuPWIwM2Y1ZjdmMTFkNTBhM2EiIFZhcmlhYmxlTmFtZT0iRm9ybVBvc3RQYXJhbTM3LmN0bDAwJGN0bDQ0JGN0bDA0IiBEaXNwbGF5TmFtZT0iIiBEZXNjcmlwdGlvbj0iIj4NCiAgICAgICAgICA8UnVsZVBhcmFtZXRlcnM+DQogICAgICAgICAgICA8UnVsZVBhcmFtZXRlciBOYW1lPSJTdGFydHNXaXRoIiBWYWx1ZT0iZCA9ICZxdW90OyIgLz4NCiAgICAgICAgICAgIDxSdWxlUGFyYW1ldGVyIE5hbWU9IkVuZHNXaXRoIiBWYWx1ZT0iJnF1b3Q7O19zcCIgLz4NCiAgICAgICAgICAgIDxSdWxlUGFyYW1ldGVyIE5hbWU9IkluZGV4IiBWYWx1ZT0iMCIgLz4NCiAgICAgICAgICAgIDxSdWxlUGFyYW1ldGVyIE5hbWU9Iklnbm9yZUNhc2UiIFZhbHVlPSJGYWxzZSIgLz4NCiAgICAgICAgICAgIDxSdWxlUGFyYW1ldGVyIE5hbWU9IlVzZVJlZ3VsYXJFeHByZXNzaW9uIiBWYWx1ZT0iRmFsc2UiIC8+DQogICAgICAgICAgICA8UnVsZVBhcmFtZXRlciBOYW1lPSJIdG1sRGVjb2RlIiBWYWx1ZT0iVHJ1ZSIgLz4NCiAgICAgICAgICAgIDxSdWxlUGFyYW1ldGVyIE5hbWU9IlJlcXVpcmVkIiBWYWx1ZT0iRmFsc2UiIC8+DQogICAgICAgICAgPC9SdWxlUGFyYW1ldGVycz4NCiAgICAgICAgPC9FeHRyYWN0aW9uUnVsZT4NCiAgICAgIDwvQ29ycmVsYXRpb25FeHRyYWN0aW9uUnVsZXM+DQogICAgPC9SZXF1ZXN0Pg0KICAgIDxSZXF1ZXN0IE1ldGhvZD0iR0VUIiBHdWlkPSIyMjNjZGMyOC03MjA5LTRjNDgtOWY5My1lNDBiY2Y5MTEwN2IiIFZlcnNpb249IjEuMSIgVXJsPSJodHRwczovL3NwLmNvcmRpc3NvbHV0aW9ucy5jb20vQXBwczAwL19sYXlvdXRzLzE1L1VwbG9hZC5hc3B4IiBUaGlua1RpbWU9IjAiIFRpbWVvdXQ9IjMwMCIgUGFyc2VEZXBlbmRlbnRSZXF1ZXN0cz0iVHJ1ZSIgRm9sbG93UmVkaXJlY3RzPSJUcnVlIiBSZWNvcmRSZXN1bHQ9IlRydWUiIENhY2hlPSJGYWxzZSIgUmVzcG9uc2VUaW1lR29hbD0iMCIgRW5jb2Rpbmc9InV0Zi04IiBFeHBlY3RlZEh0dHBTdGF0dXNDb2RlPSIwIiBFeHBlY3RlZFJlc3BvbnNlVXJsPSIiIFJlcG9ydGluZ05hbWU9IiIgSWdub3JlSHR0cFN0YXR1c0NvZGU9IkZhbHNlIj4NCiAgICAgIDxIZWFkZXJzPg0KICAgICAgICA8SGVhZGVyIE5hbWU9IlJlZmVyZXIiIFZhbHVlPSJodHRwczovL3NwLmNvcmRpc3NvbHV0aW9ucy5jb20vQXBwczAwL1NoYXJlZCUyMERvY3VtZW50cy9Gb3Jtcy9hbGwlMjBkb2N1bWVudHMuYXNweCIgLz4NCiAgICAgIDwvSGVhZGVycz4NCiAgICAgIDxFeHRyYWN0aW9uUnVsZXM+DQogICAgICAgIDxFeHRyYWN0aW9uUnVsZSBDbGFzc25hbWU9Ik1pY3Jvc29mdC5WaXN1YWxTdHVkaW8uVGVzdFRvb2xzLldlYlRlc3RpbmcuUnVsZXMuRXh0cmFjdFRleHQsIE1pY3Jvc29mdC5WaXN1YWxTdHVkaW8uUXVhbGl0eVRvb2xzLldlYlRlc3RGcmFtZXdvcmssIFZlcnNpb249MTAuMC4wLjAsIEN1bHR1cmU9bmV1dHJhbCwgUHVibGljS2V5VG9rZW49YjAzZjVmN2YxMWQ1MGEzYSIgVmFyaWFibGVOYW1lPSJGb3JtUG9zdFBhcmFtMjAuX19SRVFVRVNURElHRVNUIiBEaXNwbGF5TmFtZT0iRXh0cmFjdCBUZXh0IiBEZXNjcmlwdGlvbj0iRXh0cmFjdCB0ZXh0IGZyb20gdGhlIHJlc3BvbnNlIGFuZCBwbGFjZSBpdCBpbnRvIHRoZSB0ZXN0IGNvbnRleHQuIj4NCiAgICAgICAgICA8UnVsZVBhcmFtZXRlcnM+DQogICAgICAgICAgICA8UnVsZVBhcmFtZXRlciBOYW1lPSJTdGFydHNXaXRoIiBWYWx1ZT0ibHVlPSZxdW90OyIgLz4NCiAgICAgICAgICAgIDxSdWxlUGFyYW1ldGVyIE5hbWU9IkVuZHNXaXRoIiBWYWx1ZT0iJnF1b3Q7IC8mZ3Q7JiN4RDsiIC8+DQogICAgICAgICAgICA8UnVsZVBhcmFtZXRlciBOYW1lPSJJbmRleCIgVmFsdWU9IjE4IiAvPg0KICAgICAgICAgICAgPFJ1bGVQYXJhbWV0ZXIgTmFtZT0iSWdub3JlQ2FzZSIgVmFsdWU9IkZhbHNlIiAvPg0KICAgICAgICAgICAgPFJ1bGVQYXJhbWV0ZXIgTmFtZT0iVXNlUmVndWxhckV4cHJlc3Npb24iIFZhbHVlPSJGYWxzZSIgLz4NCiAgICAgICAgICAgIDxSdWxlUGFyYW1ldGVyIE5hbWU9Ikh0bWxEZWNvZGUiIFZhbHVlPSJUcnVlIiAvPg0KICAgICAgICAgICAgPFJ1bGVQYXJhbWV0ZXIgTmFtZT0iUmVxdWlyZWQiIFZhbHVlPSJGYWxzZSIgLz4NCiAgICAgICAgICA8L1J1bGVQYXJhbWV0ZXJzPg0KICAgICAgICA8L0V4dHJhY3Rpb25SdWxlPg0KICAgICAgPC9FeHRyYWN0aW9uUnVsZXM+DQogICAgICA8Q29ycmVsYXRpb25FeHRyYWN0aW9uUnVsZXM+DQogICAgICAgIDxFeHRyYWN0aW9uUnVsZSBDbGFzc25hbWU9Ik1pY3Jvc29mdC5WaXN1YWxTdHVkaW8uVGVzdFRvb2xzLldlYlRlc3RpbmcuUnVsZXMuRXh0cmFjdFRleHQsIE1pY3Jvc29mdC5WaXN1YWxTdHVkaW8uUXVhbGl0eVRvb2xzLldlYlRlc3RGcmFtZXdvcmssIFZlcnNpb249MTAuMC4wLjAsIEN1bHR1cmU9bmV1dHJhbCwgUHVibGljS2V5VG9rZW49YjAzZjVmN2YxMWQ1MGEzYSIgVmFyaWFibGVOYW1lPSJRdWVyeVN0cmluZ1BhcmFtMTIuSXNEbGciIERpc3BsYXlOYW1lPSIiIERlc2NyaXB0aW9uPSIiPg0KICAgICAgICAgIDxSdWxlUGFyYW1ldGVycz4NCiAgICAgICAgICAgIDxSdWxlUGFyYW1ldGVyIE5hbWU9IlN0YXJ0c1dpdGgiIFZhbHVlPSImYW1wO2FtcDtJc0RsZz0iIC8+DQogICAgICAgICAgICA8UnVsZVBhcmFtZXRlciBOYW1lPSJFbmRzV2l0aCIgVmFsdWU9IiZxdW90OyIgLz4NCiAgICAgICAgICAgIDxSdWxlUGFyYW1ldGVyIE5hbWU9IkluZGV4IiBWYWx1ZT0iMCIgLz4NCiAgICAgICAgICAgIDxSdWxlUGFyYW1ldGVyIE5hbWU9Iklnbm9yZUNhc2UiIFZhbHVlPSJGYWxzZSIgLz4NCiAgICAgICAgICAgIDxSdWxlUGFyYW1ldGVyIE5hbWU9IlVzZVJlZ3VsYXJFeHByZXNzaW9uIiBWYWx1ZT0iRmFsc2UiIC8+DQogICAgICAgICAgICA8UnVsZVBhcmFtZXRlciBOYW1lPSJIdG1sRGVjb2RlIiBWYWx1ZT0iVHJ1ZSIgLz4NCiAgICAgICAgICAgIDxSdWxlUGFyYW1ldGVyIE5hbWU9IlJlcXVpcmVkIiBWYWx1ZT0iRmFsc2UiIC8+DQogICAgICAgICAgPC9SdWxlUGFyYW1ldGVycz4NCiAgICAgICAgPC9FeHRyYWN0aW9uUnVsZT4NCiAgICAgICAgPEV4dHJhY3Rpb25SdWxlIENsYXNzbmFtZT0iTWljcm9zb2Z0LlZpc3VhbFN0dWRpby5UZXN0VG9vbHMuV2ViVGVzdGluZy5SdWxlcy5FeHRyYWN0VGV4dCwgTWljcm9zb2Z0LlZpc3VhbFN0dWRpby5RdWFsaXR5VG9vbHMuV2ViVGVzdEZyYW1ld29yaywgVmVyc2lvbj0xMC4wLjAuMCwgQ3VsdHVyZT1uZXV0cmFsLCBQdWJsaWNLZXlUb2tlbj1iMDNmNWY3ZjExZDUwYTNhIiBWYXJpYWJsZU5hbWU9IlF1ZXJ5U3RyaW5nUGFyYW02NS5MaXN0IiBEaXNwbGF5TmFtZT0iIiBEZXNjcmlwdGlvbj0iIj4NCiAgICAgICAgICA8UnVsZVBhcmFtZXRlcnM+DQogICAgICAgICAgICA8UnVsZVBhcmFtZXRlciBOYW1lPSJTdGFydHNXaXRoIiBWYWx1ZT0iP0xpc3Q9IiAvPg0KICAgICAgICAgICAgPFJ1bGVQYXJhbWV0ZXIgTmFtZT0iRW5kc1dpdGgiIFZhbHVlPSImYW1wOyIgLz4NCiAgICAgICAgICAgIDxSdWxlUGFyYW1ldGVyIE5hbWU9IkluZGV4IiBWYWx1ZT0iMCIgLz4NCiAgICAgICAgICAgIDxSdWxlUGFyYW1ldGVyIE5hbWU9Iklnbm9yZUNhc2UiIFZhbHVlPSJGYWxzZSIgLz4NCiAgICAgICAgICAgIDxSdWxlUGFyYW1ldGVyIE5hbWU9IlVzZVJlZ3VsYXJFeHByZXNzaW9uIiBWYWx1ZT0iRmFsc2UiIC8+DQogICAgICAgICAgICA8UnVsZVBhcmFtZXRlciBOYW1lPSJIdG1sRGVjb2RlIiBWYWx1ZT0iVHJ1ZSIgLz4NCiAgICAgICAgICAgIDxSdWxlUGFyYW1ldGVyIE5hbWU9IlJlcXVpcmVkIiBWYWx1ZT0iRmFsc2UiIC8+DQogICAgICAgICAgPC9SdWxlUGFyYW1ldGVycz4NCiAgICAgICAgPC9FeHRyYWN0aW9uUnVsZT4NCiAgICAgICAgPEV4dHJhY3Rpb25SdWxlIENsYXNzbmFtZT0iTWljcm9zb2Z0LlZpc3VhbFN0dWRpby5UZXN0VG9vbHMuV2ViVGVzdGluZy5SdWxlcy5FeHRyYWN0VGV4dCwgTWljcm9zb2Z0LlZpc3VhbFN0dWRpby5RdWFsaXR5VG9vbHMuV2ViVGVzdEZyYW1ld29yaywgVmVyc2lvbj0xMC4wLjAuMCwgQ3VsdHVyZT1uZXV0cmFsLCBQdWJsaWNLZXlUb2tlbj1iMDNmNWY3ZjExZDUwYTNhIiBWYXJpYWJsZU5hbWU9IlF1ZXJ5U3RyaW5nUGFyYW02Ni5Jc0RsZyIgRGlzcGxheU5hbWU9IiIgRGVzY3JpcHRpb249IiI+DQogICAgICAgICAgPFJ1bGVQYXJhbWV0ZXJzPg0KICAgICAgICAgICAgPFJ1bGVQYXJhbWV0ZXIgTmFtZT0iU3RhcnRzV2l0aCIgVmFsdWU9IiZhbXA7YW1wO0lzRGxnPSIgLz4NCiAgICAgICAgICAgIDxSdWxlUGFyYW1ldGVyIE5hbWU9IkVuZHNXaXRoIiBWYWx1ZT0iJnF1b3Q7IiAvPg0KICAgICAgICAgICAgPFJ1bGVQYXJhbWV0ZXIgTmFtZT0iSW5kZXgiIFZhbHVlPSIwIiAvPg0KICAgICAgICAgICAgPFJ1bGVQYXJhbWV0ZXIgTmFtZT0iSWdub3JlQ2FzZSIgVmFsdWU9IkZhbHNlIiAvPg0KICAgICAgICAgICAgPFJ1bGVQYXJhbWV0ZXIgTmFtZT0iVXNlUmVndWxhckV4cHJlc3Npb24iIFZhbHVlPSJGYWxzZSIgLz4NCiAgICAgICAgICAgIDxSdWxlUGFyYW1ldGVyIE5hbWU9Ikh0bWxEZWNvZGUiIFZhbHVlPSJUcnVlIiAvPg0KICAgICAgICAgICAgPFJ1bGVQYXJhbWV0ZXIgTmFtZT0iUmVxdWlyZWQiIFZhbHVlPSJGYWxzZSIgLz4NCiAgICAgICAgICA8L1J1bGVQYXJhbWV0ZXJzPg0KICAgICAgICA8L0V4dHJhY3Rpb25SdWxlPg0KICAgICAgICA8RXh0cmFjdGlvblJ1bGUgQ2xhc3NuYW1lPSJNaWNyb3NvZnQuVmlzdWFsU3R1ZGlvLlRlc3RUb29scy5XZWJUZXN0aW5nLlJ1bGVzLkV4dHJhY3RUZXh0LCBNaWNyb3NvZnQuVmlzdWFsU3R1ZGlvLlF1YWxpdHlUb29scy5XZWJUZXN0RnJhbWV3b3JrLCBWZXJzaW9uPTEwLjAuMC4wLCBDdWx0dXJlPW5ldXRyYWwsIFB1YmxpY0tleVRva2VuPWIwM2Y1ZjdmMTFkNTBhM2EiIFZhcmlhYmxlTmFtZT0iRm9ybVBvc3RQYXJhbTEwLk1TT1RsUG5fVmlldyIgRGlzcGxheU5hbWU9IiIgRGVzY3JpcHRpb249IiI+DQogICAgICAgICAgPFJ1bGVQYXJhbWV0ZXJzPg0KICAgICAgICAgICAgPFJ1bGVQYXJhbWV0ZXIgTmFtZT0iU3RhcnRzV2l0aCIgVmFsdWU9ImVudD0mcXVvdDsiIC8+DQogICAgICAgICAgICA8UnVsZVBhcmFtZXRlciBOYW1lPSJFbmRzV2l0aCIgVmFsdWU9IiZxdW90OyAvJmd0OyYjeEQ7IiAvPg0KICAgICAgICAgICAgPFJ1bGVQYXJhbWV0ZXIgTmFtZT0iSW5kZXgiIFZhbHVlPSIzIiAvPg0KICAgICAgICAgICAgPFJ1bGVQYXJhbWV0ZXIgTmFtZT0iSWdub3JlQ2FzZSIgVmFsdWU9IkZhbHNlIiAvPg0KICAgICAgICAgICAgPFJ1bGVQYXJhbWV0ZXIgTmFtZT0iVXNlUmVndWxhckV4cHJlc3Npb24iIFZhbHVlPSJGYWxzZSIgLz4NCiAgICAgICAgICAgIDxSdWxlUGFyYW1ldGVyIE5hbWU9Ikh0bWxEZWNvZGUiIFZhbHVlPSJUcnVlIiAvPg0KICAgICAgICAgICAgPFJ1bGVQYXJhbWV0ZXIgTmFtZT0iUmVxdWlyZWQiIFZhbHVlPSJGYWxzZSIgLz4NCiAgICAgICAgICA8L1J1bGVQYXJhbWV0ZXJzPg0KICAgICAgICA8L0V4dHJhY3Rpb25SdWxlPg0KICAgICAgICA8RXh0cmFjdGlvblJ1bGUgQ2xhc3NuYW1lPSJNaWNyb3NvZnQuVmlzdWFsU3R1ZGlvLlRlc3RUb29scy5XZWJUZXN0aW5nLlJ1bGVzLkV4dHJhY3RUZXh0LCBNaWNyb3NvZnQuVmlzdWFsU3R1ZGlvLlF1YWxpdHlUb29scy5XZWJUZXN0RnJhbWV3b3JrLCBWZXJzaW9uPTEwLjAuMC4wLCBDdWx0dXJlPW5ldXRyYWwsIFB1YmxpY0tleVRva2VuPWIwM2Y1ZjdmMTFkNTBhM2EiIFZhcmlhYmxlTmFtZT0iRm9ybVBvc3RQYXJhbTExLk1TT1RsUG5fU2hvd1NldHRpbmdzIiBEaXNwbGF5TmFtZT0iIiBEZXNjcmlwdGlvbj0iIj4NCiAgICAgICAgICA8UnVsZVBhcmFtZXRlcnM+DQogICAgICAgICAgICA8UnVsZVBhcmFtZXRlciBOYW1lPSJTdGFydHNXaXRoIiBWYWx1ZT0iID0gKCZxdW90OyIgLz4NCiAgICAgICAgICAgIDxSdWxlUGFyYW1ldGVyIE5hbWU9IkVuZHNXaXRoIiBWYWx1ZT0iJnF1b3Q7ID09ICIgLz4NCiAgICAgICAgICAgIDxSdWxlUGFyYW1ldGVyIE5hbWU9IkluZGV4IiBWYWx1ZT0iMCIgLz4NCiAgICAgICAgICAgIDxSdWxlUGFyYW1ldGVyIE5hbWU9Iklnbm9yZUNhc2UiIFZhbHVlPSJGYWxzZSIgLz4NCiAgICAgICAgICAgIDxSdWxlUGFyYW1ldGVyIE5hbWU9IlVzZVJlZ3VsYXJFeHByZXNzaW9uIiBWYWx1ZT0iRmFsc2UiIC8+DQogICAgICAgICAgICA8UnVsZVBhcmFtZXRlciBOYW1lPSJIdG1sRGVjb2RlIiBWYWx1ZT0iVHJ1ZSIgLz4NCiAgICAgICAgICAgIDxSdWxlUGFyYW1ldGVyIE5hbWU9IlJlcXVpcmVkIiBWYWx1ZT0iRmFsc2UiIC8+DQogICAgICAgICAgPC9SdWxlUGFyYW1ldGVycz4NCiAgICAgICAgPC9FeHRyYWN0aW9uUnVsZT4NCiAgICAgICAgPEV4dHJhY3Rpb25SdWxlIENsYXNzbmFtZT0iTWljcm9zb2Z0LlZpc3VhbFN0dWRpby5UZXN0VG9vbHMuV2ViVGVzdGluZy5SdWxlcy5FeHRyYWN0VGV4dCwgTWljcm9zb2Z0LlZpc3VhbFN0dWRpby5RdWFsaXR5VG9vbHMuV2ViVGVzdEZyYW1ld29yaywgVmVyc2lvbj0xMC4wLjAuMCwgQ3VsdHVyZT1uZXV0cmFsLCBQdWJsaWNLZXlUb2tlbj1iMDNmNWY3ZjExZDUwYTNhIiBWYXJpYWJsZU5hbWU9IkZvcm1Qb3N0UGFyYW0xMi5NU09UbFBuX0J1dHRvbiIgRGlzcGxheU5hbWU9IiIgRGVzY3JpcHRpb249IiI+DQogICAgICAgICAgPFJ1bGVQYXJhbWV0ZXJzPg0KICAgICAgICAgICAgPFJ1bGVQYXJhbWV0ZXIgTmFtZT0iU3RhcnRzV2l0aCIgVmFsdWU9InkgPSAmcXVvdDsiIC8+DQogICAgICAgICAgICA8UnVsZVBhcmFtZXRlciBOYW1lPSJFbmRzV2l0aCIgVmFsdWU9IiZxdW90OzsmI3hEOyYjeEE7CSIgLz4NCiAgICAgICAgICAgIDxSdWxlUGFyYW1ldGVyIE5hbWU9IkluZGV4IiBWYWx1ZT0iMCIgLz4NCiAgICAgICAgICAgIDxSdWxlUGFyYW1ldGVyIE5hbWU9Iklnbm9yZUNhc2UiIFZhbHVlPSJGYWxzZSIgLz4NCiAgICAgICAgICAgIDxSdWxlUGFyYW1ldGVyIE5hbWU9IlVzZVJlZ3VsYXJFeHByZXNzaW9uIiBWYWx1ZT0iRmFsc2UiIC8+DQogICAgICAgICAgICA8UnVsZVBhcmFtZXRlciBOYW1lPSJIdG1sRGVjb2RlIiBWYWx1ZT0iVHJ1ZSIgLz4NCiAgICAgICAgICAgIDxSdWxlUGFyYW1ldGVyIE5hbWU9IlJlcXVpcmVkIiBWYWx1ZT0iRmFsc2UiIC8+DQogICAgICAgICAgPC9SdWxlUGFyYW1ldGVycz4NCiAgICAgICAgPC9FeHRyYWN0aW9uUnVsZT4NCiAgICAgICAgPEV4dHJhY3Rpb25SdWxlIENsYXNzbmFtZT0iTWljcm9zb2Z0LlZpc3VhbFN0dWRpby5UZXN0VG9vbHMuV2ViVGVzdGluZy5SdWxlcy5FeHRyYWN0VGV4dCwgTWljcm9zb2Z0LlZpc3VhbFN0dWRpby5RdWFsaXR5VG9vbHMuV2ViVGVzdEZyYW1ld29yaywgVmVyc2lvbj0xMC4wLjAuMCwgQ3VsdHVyZT1uZXV0cmFsLCBQdWJsaWNLZXlUb2tlbj1iMDNmNWY3ZjExZDUwYTNhIiBWYXJpYWJsZU5hbWU9IkZvcm1Qb3N0UGFyYW0xMy5fX0VWRU5UVEFSR0VUIiBEaXNwbGF5TmFtZT0iIiBEZXNjcmlwdGlvbj0iIj4NCiAgICAgICAgICA8UnVsZVBhcmFtZXRlcnM+DQogICAgICAgICAgICA8UnVsZVBhcmFtZXRlciBOYW1lPSJTdGFydHNXaXRoIiBWYWx1ZT0iYW1lPSZxdW90OyIgLz4NCiAgICAgICAgICAgIDxSdWxlUGFyYW1ldGVyIE5hbWU9IkVuZHNXaXRoIiBWYWx1ZT0iJnF1b3Q7IHR5cCIgLz4NCiAgICAgICAgICAgIDxSdWxlUGFyYW1ldGVyIE5hbWU9IkluZGV4IiBWYWx1ZT0iMzUiIC8+DQogICAgICAgICAgICA8UnVsZVBhcmFtZXRlciBOYW1lPSJJZ25vcmVDYXNlIiBWYWx1ZT0iRmFsc2UiIC8+DQogICAgICAgICAgICA8UnVsZVBhcmFtZXRlciBOYW1lPSJVc2VSZWd1bGFyRXhwcmVzc2lvbiIgVmFsdWU9IkZhbHNlIiAvPg0KICAgICAgICAgICAgPFJ1bGVQYXJhbWV0ZXIgTmFtZT0iSHRtbERlY29kZSIgVmFsdWU9IlRydWUiIC8+DQogICAgICAgICAgICA8UnVsZVBhcmFtZXRlciBOYW1lPSJSZXF1aXJlZCIgVmFsdWU9IkZhbHNlIiAvPg0KICAgICAgICAgIDwvUnVsZVBhcmFtZXRlcnM+DQogICAgICAgIDwvRXh0cmFjdGlvblJ1bGU+DQogICAgICAgIDxFeHRyYWN0aW9uUnVsZSBDbGFzc25hbWU9Ik1pY3Jvc29mdC5WaXN1YWxTdHVkaW8uVGVzdFRvb2xzLldlYlRlc3RpbmcuUnVsZXMuRXh0cmFjdFRleHQsIE1pY3Jvc29mdC5WaXN1YWxTdHVkaW8uUXVhbGl0eVRvb2xzLldlYlRlc3RGcmFtZXdvcmssIFZlcnNpb249MTAuMC4wLjAsIEN1bHR1cmU9bmV1dHJhbCwgUHVibGljS2V5VG9rZW49YjAzZjVmN2YxMWQ1MGEzYSIgVmFyaWFibGVOYW1lPSJGb3JtUG9zdFBhcmFtMTQuTVNPU1BXZWJQYXJ0TWFuYWdlcl9EaXNwbGF5TW9kZU5hbWUiIERpc3BsYXlOYW1lPSIiIERlc2NyaXB0aW9uPSIiPg0KICAgICAgICAgIDxSdWxlUGFyYW1ldGVycz4NCiAgICAgICAgICAgIDxSdWxlUGFyYW1ldGVyIE5hbWU9IlN0YXJ0c1dpdGgiIFZhbHVlPSJsdWU9JnF1b3Q7IiAvPg0KICAgICAgICAgICAgPFJ1bGVQYXJhbWV0ZXIgTmFtZT0iRW5kc1dpdGgiIFZhbHVlPSImcXVvdDsgLyZndDsmI3hEOyIgLz4NCiAgICAgICAgICAgIDxSdWxlUGFyYW1ldGVyIE5hbWU9IkluZGV4IiBWYWx1ZT0iOSIgLz4NCiAgICAgICAgICAgIDxSdWxlUGFyYW1ldGVyIE5hbWU9Iklnbm9yZUNhc2UiIFZhbHVlPSJGYWxzZSIgLz4NCiAgICAgICAgICAgIDxSdWxlUGFyYW1ldGVyIE5hbWU9IlVzZVJlZ3VsYXJFeHByZXNzaW9uIiBWYWx1ZT0iRmFsc2UiIC8+DQogICAgICAgICAgICA8UnVsZVBhcmFtZXRlciBOYW1lPSJIdG1sRGVjb2RlIiBWYWx1ZT0iVHJ1ZSIgLz4NCiAgICAgICAgICAgIDxSdWxlUGFyYW1ldGVyIE5hbWU9IlJlcXVpcmVkIiBWYWx1ZT0iRmFsc2UiIC8+DQogICAgICAgICAgPC9SdWxlUGFyYW1ldGVycz4NCiAgICAgICAgPC9FeHRyYWN0aW9uUnVsZT4NCiAgICAgICAgPEV4dHJhY3Rpb25SdWxlIENsYXNzbmFtZT0iTWljcm9zb2Z0LlZpc3VhbFN0dWRpby5UZXN0VG9vbHMuV2ViVGVzdGluZy5SdWxlcy5FeHRyYWN0VGV4dCwgTWljcm9zb2Z0LlZpc3VhbFN0dWRpby5RdWFsaXR5VG9vbHMuV2ViVGVzdEZyYW1ld29yaywgVmVyc2lvbj0xMC4wLjAuMCwgQ3VsdHVyZT1uZXV0cmFsLCBQdWJsaWNLZXlUb2tlbj1iMDNmNWY3ZjExZDUwYTNhIiBWYXJpYWJsZU5hbWU9IkZvcm1Qb3N0UGFyYW0xNS5NU09TUFdlYlBhcnRNYW5hZ2VyX0V4aXRpbmdEZXNpZ25Nb2RlIiBEaXNwbGF5TmFtZT0iIiBEZXNjcmlwdGlvbj0iIj4NCiAgICAgICAgICA8UnVsZVBhcmFtZXRlcnM+DQogICAgICAgICAgICA8UnVsZVBhcmFtZXRlciBOYW1lPSJTdGFydHNXaXRoIiBWYWx1ZT0ibHVlPSZxdW90OyIgLz4NCiAgICAgICAgICAgIDxSdWxlUGFyYW1ldGVyIE5hbWU9IkVuZHNXaXRoIiBWYWx1ZT0iJnF1b3Q7IC8mZ3Q7JiN4RDsiIC8+DQogICAgICAgICAgICA8UnVsZVBhcmFtZXRlciBOYW1lPSJJbmRleCIgVmFsdWU9IjEwIiAvPg0KICAgICAgICAgICAgPFJ1bGVQYXJhbWV0ZXIgTmFtZT0iSWdub3JlQ2FzZSIgVmFsdWU9IkZhbHNlIiAvPg0KICAgICAgICAgICAgPFJ1bGVQYXJhbWV0ZXIgTmFtZT0iVXNlUmVndWxhckV4cHJlc3Npb24iIFZhbHVlPSJGYWxzZSIgLz4NCiAgICAgICAgICAgIDxSdWxlUGFyYW1ldGVyIE5hbWU9Ikh0bWxEZWNvZGUiIFZhbHVlPSJUcnVlIiAvPg0KICAgICAgICAgICAgPFJ1bGVQYXJhbWV0ZXIgTmFtZT0iUmVxdWlyZWQiIFZhbHVlPSJGYWxzZSIgLz4NCiAgICAgICAgICA8L1J1bGVQYXJhbWV0ZXJzPg0KICAgICAgICA8L0V4dHJhY3Rpb25SdWxlPg0KICAgICAgICA8RXh0cmFjdGlvblJ1bGUgQ2xhc3NuYW1lPSJNaWNyb3NvZnQuVmlzdWFsU3R1ZGlvLlRlc3RUb29scy5XZWJUZXN0aW5nLlJ1bGVzLkV4dHJhY3RUZXh0LCBNaWNyb3NvZnQuVmlzdWFsU3R1ZGlvLlF1YWxpdHlUb29scy5XZWJUZXN0RnJhbWV3b3JrLCBWZXJzaW9uPTEwLjAuMC4wLCBDdWx0dXJlPW5ldXRyYWwsIFB1YmxpY0tleVRva2VuPWIwM2Y1ZjdmMTFkNTBhM2EiIFZhcmlhYmxlTmFtZT0iRm9ybVBvc3RQYXJhbTE2Lk1TT1NQV2ViUGFydE1hbmFnZXJfT2xkRGlzcGxheU1vZGVOYW1lIiBEaXNwbGF5TmFtZT0iIiBEZXNjcmlwdGlvbj0iIj4NCiAgICAgICAgICA8UnVsZVBhcmFtZXRlcnM+DQogICAgICAgICAgICA8UnVsZVBhcmFtZXRlciBOYW1lPSJTdGFydHNXaXRoIiBWYWx1ZT0ibHVlPSZxdW90OyIgLz4NCiAgICAgICAgICAgIDxSdWxlUGFyYW1ldGVyIE5hbWU9IkVuZHNXaXRoIiBWYWx1ZT0iJnF1b3Q7IC8mZ3Q7JiN4RDsiIC8+DQogICAgICAgICAgICA8UnVsZVBhcmFtZXRlciBOYW1lPSJJbmRleCIgVmFsdWU9IjkiIC8+DQogICAgICAgICAgICA8UnVsZVBhcmFtZXRlciBOYW1lPSJJZ25vcmVDYXNlIiBWYWx1ZT0iRmFsc2UiIC8+DQogICAgICAgICAgICA8UnVsZVBhcmFtZXRlciBOYW1lPSJVc2VSZWd1bGFyRXhwcmVzc2lvbiIgVmFsdWU9IkZhbHNlIiAvPg0KICAgICAgICAgICAgPFJ1bGVQYXJhbWV0ZXIgTmFtZT0iSHRtbERlY29kZSIgVmFsdWU9IlRydWUiIC8+DQogICAgICAgICAgICA8UnVsZVBhcmFtZXRlciBOYW1lPSJSZXF1aXJlZCIgVmFsdWU9IkZhbHNlIiAvPg0KICAgICAgICAgIDwvUnVsZVBhcmFtZXRlcnM+DQogICAgICAgIDwvRXh0cmFjdGlvblJ1bGU+DQogICAgICAgIDxFeHRyYWN0aW9uUnVsZSBDbGFzc25hbWU9Ik1pY3Jvc29mdC5WaXN1YWxTdHVkaW8uVGVzdFRvb2xzLldlYlRlc3RpbmcuUnVsZXMuRXh0cmFjdFRleHQsIE1pY3Jvc29mdC5WaXN1YWxTdHVkaW8uUXVhbGl0eVRvb2xzLldlYlRlc3RGcmFtZXdvcmssIFZlcnNpb249MTAuMC4wLjAsIEN1bHR1cmU9bmV1dHJhbCwgUHVibGljS2V5VG9rZW49YjAzZjVmN2YxMWQ1MGEzYSIgVmFyaWFibGVOYW1lPSJGb3JtUG9zdFBhcmFtMTcuTVNPU1BXZWJQYXJ0TWFuYWdlcl9TdGFydFdlYlBhcnRFZGl0aW5nTmFtZSIgRGlzcGxheU5hbWU9IiIgRGVzY3JpcHRpb249IiI+DQogICAgICAgICAgPFJ1bGVQYXJhbWV0ZXJzPg0KICAgICAgICAgICAgPFJ1bGVQYXJhbWV0ZXIgTmFtZT0iU3RhcnRzV2l0aCIgVmFsdWU9Imx1ZT0mcXVvdDsiIC8+DQogICAgICAgICAgICA8UnVsZVBhcmFtZXRlciBOYW1lPSJFbmRzV2l0aCIgVmFsdWU9IiZxdW90OyAvJmd0OyYjeEQ7IiAvPg0KICAgICAgICAgICAgPFJ1bGVQYXJhbWV0ZXIgTmFtZT0iSW5kZXgiIFZhbHVlPSIxMCIgLz4NCiAgICAgICAgICAgIDxSdWxlUGFyYW1ldGVyIE5hbWU9Iklnbm9yZUNhc2UiIFZhbHVlPSJGYWxzZSIgLz4NCiAgICAgICAgICAgIDxSdWxlUGFyYW1ldGVyIE5hbWU9IlVzZVJlZ3VsYXJFeHByZXNzaW9uIiBWYWx1ZT0iRmFsc2UiIC8+DQogICAgICAgICAgICA8UnVsZVBhcmFtZXRlciBOYW1lPSJIdG1sRGVjb2RlIiBWYWx1ZT0iVHJ1ZSIgLz4NCiAgICAgICAgICAgIDxSdWxlUGFyYW1ldGVyIE5hbWU9IlJlcXVpcmVkIiBWYWx1ZT0iRmFsc2UiIC8+DQogICAgICAgICAgPC9SdWxlUGFyYW1ldGVycz4NCiAgICAgICAgPC9FeHRyYWN0aW9uUnVsZT4NCiAgICAgICAgPEV4dHJhY3Rpb25SdWxlIENsYXNzbmFtZT0iTWljcm9zb2Z0LlZpc3VhbFN0dWRpby5UZXN0VG9vbHMuV2ViVGVzdGluZy5SdWxlcy5FeHRyYWN0VGV4dCwgTWljcm9zb2Z0LlZpc3VhbFN0dWRpby5RdWFsaXR5VG9vbHMuV2ViVGVzdEZyYW1ld29yaywgVmVyc2lvbj0xMC4wLjAuMCwgQ3VsdHVyZT1uZXV0cmFsLCBQdWJsaWNLZXlUb2tlbj1iMDNmNWY3ZjExZDUwYTNhIiBWYXJpYWJsZU5hbWU9IkZvcm1Qb3N0UGFyYW0xOC5NU09TUFdlYlBhcnRNYW5hZ2VyX0VuZFdlYlBhcnRFZGl0aW5nIiBEaXNwbGF5TmFtZT0iIiBEZXNjcmlwdGlvbj0iIj4NCiAgICAgICAgICA8UnVsZVBhcmFtZXRlcnM+DQogICAgICAgICAgICA8UnVsZVBhcmFtZXRlciBOYW1lPSJTdGFydHNXaXRoIiBWYWx1ZT0ibHVlPSZxdW90OyIgLz4NCiAgICAgICAgICAgIDxSdWxlUGFyYW1ldGVyIE5hbWU9IkVuZHNXaXRoIiBWYWx1ZT0iJnF1b3Q7IC8mZ3Q7JiN4RDsiIC8+DQogICAgICAgICAgICA8UnVsZVBhcmFtZXRlciBOYW1lPSJJbmRleCIgVmFsdWU9IjEwIiAvPg0KICAgICAgICAgICAgPFJ1bGVQYXJhbWV0ZXIgTmFtZT0iSWdub3JlQ2FzZSIgVmFsdWU9IkZhbHNlIiAvPg0KICAgICAgICAgICAgPFJ1bGVQYXJhbWV0ZXIgTmFtZT0iVXNlUmVndWxhckV4cHJlc3Npb24iIFZhbHVlPSJGYWxzZSIgLz4NCiAgICAgICAgICAgIDxSdWxlUGFyYW1ldGVyIE5hbWU9Ikh0bWxEZWNvZGUiIFZhbHVlPSJUcnVlIiAvPg0KICAgICAgICAgICAgPFJ1bGVQYXJhbWV0ZXIgTmFtZT0iUmVxdWlyZWQiIFZhbHVlPSJGYWxzZSIgLz4NCiAgICAgICAgICA8L1J1bGVQYXJhbWV0ZXJzPg0KICAgICAgICA8L0V4dHJhY3Rpb25SdWxlPg0KICAgICAgICA8RXh0cmFjdGlvblJ1bGUgQ2xhc3NuYW1lPSJNaWNyb3NvZnQuVmlzdWFsU3R1ZGlvLlRlc3RUb29scy5XZWJUZXN0aW5nLlJ1bGVzLkV4dHJhY3RUZXh0LCBNaWNyb3NvZnQuVmlzdWFsU3R1ZGlvLlF1YWxpdHlUb29scy5XZWJUZXN0RnJhbWV3b3JrLCBWZXJzaW9uPTEwLjAuMC4wLCBDdWx0dXJlPW5ldXRyYWwsIFB1YmxpY0tleVRva2VuPWIwM2Y1ZjdmMTFkNTBhM2EiIFZhcmlhYmxlTmFtZT0iRm9ybVBvc3RQYXJhbTE5Ll9tYWludGFpbldvcmtzcGFjZVNjcm9sbFBvc2l0aW9uIiBEaXNwbGF5TmFtZT0iIiBEZXNjcmlwdGlvbj0iIj4NCiAgICAgICAgICA8UnVsZVBhcmFtZXRlcnM+DQogICAgICAgICAgICA8UnVsZVBhcmFtZXRlciBOYW1lPSJTdGFydHNXaXRoIiBWYWx1ZT0iZW50PSZxdW90OyIgLz4NCiAgICAgICAgICAgIDxSdWxlUGFyYW1ldGVyIE5hbWU9IkVuZHNXaXRoIiBWYWx1ZT0iJnF1b3Q7IC8mZ3Q7JiN4RDsiIC8+DQogICAgICAgICAgICA8UnVsZVBhcmFtZXRlciBOYW1lPSJJbmRleCIgVmFsdWU9IjMiIC8+DQogICAgICAgICAgICA8UnVsZVBhcmFtZXRlciBOYW1lPSJJZ25vcmVDYXNlIiBWYWx1ZT0iRmFsc2UiIC8+DQogICAgICAgICAgICA8UnVsZVBhcmFtZXRlciBOYW1lPSJVc2VSZWd1bGFyRXhwcmVzc2lvbiIgVmFsdWU9IkZhbHNlIiAvPg0KICAgICAgICAgICAgPFJ1bGVQYXJhbWV0ZXIgTmFtZT0iSHRtbERlY29kZSIgVmFsdWU9IlRydWUiIC8+DQogICAgICAgICAgICA8UnVsZVBhcmFtZXRlciBOYW1lPSJSZXF1aXJlZCIgVmFsdWU9IkZhbHNlIiAvPg0KICAgICAgICAgIDwvUnVsZVBhcmFtZXRlcnM+DQogICAgICAgIDwvRXh0cmFjdGlvblJ1bGU+DQogICAgICAgIDxFeHRyYWN0aW9uUnVsZSBDbGFzc25hbWU9Ik1pY3Jvc29mdC5WaXN1YWxTdHVkaW8uVGVzdFRvb2xzLldlYlRlc3RpbmcuUnVsZXMuRXh0cmFjdFRleHQsIE1pY3Jvc29mdC5WaXN1YWxTdHVkaW8uUXVhbGl0eVRvb2xzLldlYlRlc3RGcmFtZXdvcmssIFZlcnNpb249MTAuMC4wLjAsIEN1bHR1cmU9bmV1dHJhbCwgUHVibGljS2V5VG9rZW49YjAzZjVmN2YxMWQ1MGEzYSIgVmFyaWFibGVOYW1lPSJGb3JtUG9zdFBhcmFtMjEuX19WSUVXU1RBVEUiIERpc3BsYXlOYW1lPSIiIERlc2NyaXB0aW9uPSIiPg0KICAgICAgICAgIDxSdWxlUGFyYW1ldGVycz4NCiAgICAgICAgICAgIDxSdWxlUGFyYW1ldGVyIE5hbWU9IlN0YXJ0c1dpdGgiIFZhbHVlPSJsdWU9JnF1b3Q7IiAvPg0KICAgICAgICAgICAgPFJ1bGVQYXJhbWV0ZXIgTmFtZT0iRW5kc1dpdGgiIFZhbHVlPSImcXVvdDsgLyZndDsmI3hEOyIgLz4NCiAgICAgICAgICAgIDxSdWxlUGFyYW1ldGVyIE5hbWU9IkluZGV4IiBWYWx1ZT0iMTkiIC8+DQogICAgICAgICAgICA8UnVsZVBhcmFtZXRlciBOYW1lPSJJZ25vcmVDYXNlIiBWYWx1ZT0iRmFsc2UiIC8+DQogICAgICAgICAgICA8UnVsZVBhcmFtZXRlciBOYW1lPSJVc2VSZWd1bGFyRXhwcmVzc2lvbiIgVmFsdWU9IkZhbHNlIiAvPg0KICAgICAgICAgICAgPFJ1bGVQYXJhbWV0ZXIgTmFtZT0iSHRtbERlY29kZSIgVmFsdWU9IlRydWUiIC8+DQogICAgICAgICAgICA8UnVsZVBhcmFtZXRlciBOYW1lPSJSZXF1aXJlZCIgVmFsdWU9IkZhbHNlIiAvPg0KICAgICAgICAgIDwvUnVsZVBhcmFtZXRlcnM+DQogICAgICAgIDwvRXh0cmFjdGlvblJ1bGU+DQogICAgICAgIDxFeHRyYWN0aW9uUnVsZSBDbGFzc25hbWU9Ik1pY3Jvc29mdC5WaXN1YWxTdHVkaW8uVGVzdFRvb2xzLldlYlRlc3RpbmcuUnVsZXMuRXh0cmFjdFRleHQsIE1pY3Jvc29mdC5WaXN1YWxTdHVkaW8uUXVhbGl0eVRvb2xzLldlYlRlc3RGcmFtZXdvcmssIFZlcnNpb249MTAuMC4wLjAsIEN1bHR1cmU9bmV1dHJhbCwgUHVibGljS2V5VG9rZW49YjAzZjVmN2YxMWQ1MGEzYSIgVmFyaWFibGVOYW1lPSJGb3JtUG9zdFBhcmFtMjIuX19WSUVXU1RBVEVHRU5FUkFUT1IiIERpc3BsYXlOYW1lPSIiIERlc2NyaXB0aW9uPSIiPg0KICAgICAgICAgIDxSdWxlUGFyYW1ldGVycz4NCiAgICAgICAgICAgIDxSdWxlUGFyYW1ldGVyIE5hbWU9IlN0YXJ0c1dpdGgiIFZhbHVlPSJsdWU9JnF1b3Q7IiAvPg0KICAgICAgICAgICAgPFJ1bGVQYXJhbWV0ZXIgTmFtZT0iRW5kc1dpdGgiIFZhbHVlPSImcXVvdDsgLyZndDsmI3hEOyIgLz4NCiAgICAgICAgICAgIDxSdWxlUGFyYW1ldGVyIE5hbWU9IkluZGV4IiBWYWx1ZT0iMjAiIC8+DQogICAgICAgICAgICA8UnVsZVBhcmFtZXRlciBOYW1lPSJJZ25vcmVDYXNlIiBWYWx1ZT0iRmFsc2UiIC8+DQogICAgICAgICAgICA8UnVsZVBhcmFtZXRlciBOYW1lPSJVc2VSZWd1bGFyRXhwcmVzc2lvbiIgVmFsdWU9IkZhbHNlIiAvPg0KICAgICAgICAgICAgPFJ1bGVQYXJhbWV0ZXIgTmFtZT0iSHRtbERlY29kZSIgVmFsdWU9IlRydWUiIC8+DQogICAgICAgICAgICA8UnVsZVBhcmFtZXRlciBOYW1lPSJSZXF1aXJlZCIgVmFsdWU9IkZhbHNlIiAvPg0KICAgICAgICAgIDwvUnVsZVBhcmFtZXRlcnM+DQogICAgICAgIDwvRXh0cmFjdGlvblJ1bGU+DQogICAgICAgIDxFeHRyYWN0aW9uUnVsZSBDbGFzc25hbWU9Ik1pY3Jvc29mdC5WaXN1YWxTdHVkaW8uVGVzdFRvb2xzLldlYlRlc3RpbmcuUnVsZXMuRXh0cmFjdFRleHQsIE1pY3Jvc29mdC5WaXN1YWxTdHVkaW8uUXVhbGl0eVRvb2xzLldlYlRlc3RGcmFtZXdvcmssIFZlcnNpb249MTAuMC4wLjAsIEN1bHR1cmU9bmV1dHJhbCwgUHVibGljS2V5VG9rZW49YjAzZjVmN2YxMWQ1MGEzYSIgVmFyaWFibGVOYW1lPSJGb3JtUG9zdFBhcmFtMjMuX19TQ1JPTExQT1NJVElPTlgiIERpc3BsYXlOYW1lPSIiIERlc2NyaXB0aW9uPSIiPg0KICAgICAgICAgIDxSdWxlUGFyYW1ldGVycz4NCiAgICAgICAgICAgIDxSdWxlUGFyYW1ldGVyIE5hbWU9IlN0YXJ0c1dpdGgiIFZhbHVlPSJlbnQ9JnF1b3Q7IiAvPg0KICAgICAgICAgICAgPFJ1bGVQYXJhbWV0ZXIgTmFtZT0iRW5kc1dpdGgiIFZhbHVlPSImcXVvdDsgLyZndDsmI3hEOyIgLz4NCiAgICAgICAgICAgIDxSdWxlUGFyYW1ldGVyIE5hbWU9IkluZGV4IiBWYWx1ZT0iMyIgLz4NCiAgICAgICAgICAgIDxSdWxlUGFyYW1ldGVyIE5hbWU9Iklnbm9yZUNhc2UiIFZhbHVlPSJGYWxzZSIgLz4NCiAgICAgICAgICAgIDxSdWxlUGFyYW1ldGVyIE5hbWU9IlVzZVJlZ3VsYXJFeHByZXNzaW9uIiBWYWx1ZT0iRmFsc2UiIC8+DQogICAgICAgICAgICA8UnVsZVBhcmFtZXRlciBOYW1lPSJIdG1sRGVjb2RlIiBWYWx1ZT0iVHJ1ZSIgLz4NCiAgICAgICAgICAgIDxSdWxlUGFyYW1ldGVyIE5hbWU9IlJlcXVpcmVkIiBWYWx1ZT0iRmFsc2UiIC8+DQogICAgICAgICAgPC9SdWxlUGFyYW1ldGVycz4NCiAgICAgICAgPC9FeHRyYWN0aW9uUnVsZT4NCiAgICAgICAgPEV4dHJhY3Rpb25SdWxlIENsYXNzbmFtZT0iTWljcm9zb2Z0LlZpc3VhbFN0dWRpby5UZXN0VG9vbHMuV2ViVGVzdGluZy5SdWxlcy5FeHRyYWN0VGV4dCwgTWljcm9zb2Z0LlZpc3VhbFN0dWRpby5RdWFsaXR5VG9vbHMuV2ViVGVzdEZyYW1ld29yaywgVmVyc2lvbj0xMC4wLjAuMCwgQ3VsdHVyZT1uZXV0cmFsLCBQdWJsaWNLZXlUb2tlbj1iMDNmNWY3ZjExZDUwYTNhIiBWYXJpYWJsZU5hbWU9IkZvcm1Qb3N0UGFyYW0yNC5fX1NDUk9MTFBPU0lUSU9OWSIgRGlzcGxheU5hbWU9IiIgRGVzY3JpcHRpb249IiI+DQogICAgICAgICAgPFJ1bGVQYXJhbWV0ZXJzPg0KICAgICAgICAgICAgPFJ1bGVQYXJhbWV0ZXIgTmFtZT0iU3RhcnRzV2l0aCIgVmFsdWU9ImVudD0mcXVvdDsiIC8+DQogICAgICAgICAgICA8UnVsZVBhcmFtZXRlciBOYW1lPSJFbmRzV2l0aCIgVmFsdWU9IiZxdW90OyAvJmd0OyYjeEQ7IiAvPg0KICAgICAgICAgICAgPFJ1bGVQYXJhbWV0ZXIgTmFtZT0iSW5kZXgiIFZhbHVlPSIzIiAvPg0KICAgICAgICAgICAgPFJ1bGVQYXJhbWV0ZXIgTmFtZT0iSWdub3JlQ2FzZSIgVmFsdWU9IkZhbHNlIiAvPg0KICAgICAgICAgICAgPFJ1bGVQYXJhbWV0ZXIgTmFtZT0iVXNlUmVndWxhckV4cHJlc3Npb24iIFZhbHVlPSJGYWxzZSIgLz4NCiAgICAgICAgICAgIDxSdWxlUGFyYW1ldGVyIE5hbWU9Ikh0bWxEZWNvZGUiIFZhbHVlPSJUcnVlIiAvPg0KICAgICAgICAgICAgPFJ1bGVQYXJhbWV0ZXIgTmFtZT0iUmVxdWlyZWQiIFZhbHVlPSJGYWxzZSIgLz4NCiAgICAgICAgICA8L1J1bGVQYXJhbWV0ZXJzPg0KICAgICAgICA8L0V4dHJhY3Rpb25SdWxlPg0KICAgICAgICA8RXh0cmFjdGlvblJ1bGUgQ2xhc3NuYW1lPSJNaWNyb3NvZnQuVmlzdWFsU3R1ZGlvLlRlc3RUb29scy5XZWJUZXN0aW5nLlJ1bGVzLkV4dHJhY3RUZXh0LCBNaWNyb3NvZnQuVmlzdWFsU3R1ZGlvLlF1YWxpdHlUb29scy5XZWJUZXN0RnJhbWV3b3JrLCBWZXJzaW9uPTEwLjAuMC4wLCBDdWx0dXJlPW5ldXRyYWwsIFB1YmxpY0tleVRva2VuPWIwM2Y1ZjdmMTFkNTBhM2EiIFZhcmlhYmxlTmFtZT0iRm9ybVBvc3RQYXJhbTI1Ll9fRVZFTlRWQUxJREFUSU9OIiBEaXNwbGF5TmFtZT0iIiBEZXNjcmlwdGlvbj0iIj4NCiAgICAgICAgICA8UnVsZVBhcmFtZXRlcnM+DQogICAgICAgICAgICA8UnVsZVBhcmFtZXRlciBOYW1lPSJTdGFydHNXaXRoIiBWYWx1ZT0ibHVlPSZxdW90OyIgLz4NCiAgICAgICAgICAgIDxSdWxlUGFyYW1ldGVyIE5hbWU9IkVuZHNXaXRoIiBWYWx1ZT0iJnF1b3Q7IC8mZ3Q7JiN4RDsiIC8+DQogICAgICAgICAgICA8UnVsZVBhcmFtZXRlciBOYW1lPSJJbmRleCIgVmFsdWU9IjIzIiAvPg0KICAgICAgICAgICAgPFJ1bGVQYXJhbWV0ZXIgTmFtZT0iSWdub3JlQ2FzZSIgVmFsdWU9IkZhbHNlIiAvPg0KICAgICAgICAgICAgPFJ1bGVQYXJhbWV0ZXIgTmFtZT0iVXNlUmVndWxhckV4cHJlc3Npb24iIFZhbHVlPSJGYWxzZSIgLz4NCiAgICAgICAgICAgIDxSdWxlUGFyYW1ldGVyIE5hbWU9Ikh0bWxEZWNvZGUiIFZhbHVlPSJUcnVlIiAvPg0KICAgICAgICAgICAgPFJ1bGVQYXJhbWV0ZXIgTmFtZT0iUmVxdWlyZWQiIFZhbHVlPSJGYWxzZSIgLz4NCiAgICAgICAgICA8L1J1bGVQYXJhbWV0ZXJzPg0KICAgICAgICA8L0V4dHJhY3Rpb25SdWxlPg0KICAgICAgICA8RXh0cmFjdGlvblJ1bGUgQ2xhc3NuYW1lPSJNaWNyb3NvZnQuVmlzdWFsU3R1ZGlvLlRlc3RUb29scy5XZWJUZXN0aW5nLlJ1bGVzLkV4dHJhY3RUZXh0LCBNaWNyb3NvZnQuVmlzdWFsU3R1ZGlvLlF1YWxpdHlUb29scy5XZWJUZXN0RnJhbWV3b3JrLCBWZXJzaW9uPTEwLjAuMC4wLCBDdWx0dXJlPW5ldXRyYWwsIFB1YmxpY0tleVRva2VuPWIwM2Y1ZjdmMTFkNTBhM2EiIFZhcmlhYmxlTmFtZT0iRm9ybVBvc3RQYXJhbTI2LmRlc3RpbmF0aW9uIiBEaXNwbGF5TmFtZT0iIiBEZXNjcmlwdGlvbj0iIj4NCiAgICAgICAgICA8UnVsZVBhcmFtZXRlcnM+DQogICAgICAgICAgICA8UnVsZVBhcmFtZXRlciBOYW1lPSJTdGFydHNXaXRoIiBWYWx1ZT0ibHVlPSZxdW90OyIgLz4NCiAgICAgICAgICAgIDxSdWxlUGFyYW1ldGVyIE5hbWU9IkVuZHNXaXRoIiBWYWx1ZT0iJnF1b3Q7IC8mZ3Q7JiN4RDsiIC8+DQogICAgICAgICAgICA8UnVsZVBhcmFtZXRlciBOYW1lPSJJbmRleCIgVmFsdWU9IjI1IiAvPg0KICAgICAgICAgICAgPFJ1bGVQYXJhbWV0ZXIgTmFtZT0iSWdub3JlQ2FzZSIgVmFsdWU9IkZhbHNlIiAvPg0KICAgICAgICAgICAgPFJ1bGVQYXJhbWV0ZXIgTmFtZT0iVXNlUmVndWxhckV4cHJlc3Npb24iIFZhbHVlPSJGYWxzZSIgLz4NCiAgICAgICAgICAgIDxSdWxlUGFyYW1ldGVyIE5hbWU9Ikh0bWxEZWNvZGUiIFZhbHVlPSJUcnVlIiAvPg0KICAgICAgICAgICAgPFJ1bGVQYXJhbWV0ZXIgTmFtZT0iUmVxdWlyZWQiIFZhbHVlPSJGYWxzZSIgLz4NCiAgICAgICAgICA8L1J1bGVQYXJhbWV0ZXJzPg0KICAgICAgICA8L0V4dHJhY3Rpb25SdWxlPg0KICAgICAgICA8RXh0cmFjdGlvblJ1bGUgQ2xhc3NuYW1lPSJNaWNyb3NvZnQuVmlzdWFsU3R1ZGlvLlRlc3RUb29scy5XZWJUZXN0aW5nLlJ1bGVzLkV4dHJhY3RUZXh0LCBNaWNyb3NvZnQuVmlzdWFsU3R1ZGlvLlF1YWxpdHlUb29scy5XZWJUZXN0RnJhbWV3b3JrLCBWZXJzaW9uPTEwLjAuMC4wLCBDdWx0dXJlPW5ldXRyYWwsIFB1YmxpY0tleVRva2VuPWIwM2Y1ZjdmMTFkNTBhM2EiIFZhcmlhYmxlTmFtZT0iRm9ybVBvc3RQYXJhbTI3LmN0bDAwJFBsYWNlSG9sZGVyTWFpbiRjdGwwNSRjdGwwMSR1cGxvYWRMb2NhdGlvbiIgRGlzcGxheU5hbWU9IiIgRGVzY3JpcHRpb249IiI+DQogICAgICAgICAgPFJ1bGVQYXJhbWV0ZXJzPg0KICAgICAgICAgICAgPFJ1bGVQYXJhbWV0ZXIgTmFtZT0iU3RhcnRzV2l0aCIgVmFsdWU9IiA9PSAmcXVvdDsiIC8+DQogICAgICAgICAgICA8UnVsZVBhcmFtZXRlciBOYW1lPSJFbmRzV2l0aCIgVmFsdWU9IiZxdW90OykmI3hEOyYjeEE7CSIgLz4NCiAgICAgICAgICAgIDxSdWxlUGFyYW1ldGVyIE5hbWU9IkluZGV4IiBWYWx1ZT0iMyIgLz4NCiAgICAgICAgICAgIDxSdWxlUGFyYW1ldGVyIE5hbWU9Iklnbm9yZUNhc2UiIFZhbHVlPSJGYWxzZSIgLz4NCiAgICAgICAgICAgIDxSdWxlUGFyYW1ldGVyIE5hbWU9IlVzZVJlZ3VsYXJFeHByZXNzaW9uIiBWYWx1ZT0iRmFsc2UiIC8+DQogICAgICAgICAgICA8UnVsZVBhcmFtZXRlciBOYW1lPSJIdG1sRGVjb2RlIiBWYWx1ZT0iVHJ1ZSIgLz4NCiAgICAgICAgICAgIDxSdWxlUGFyYW1ldGVyIE5hbWU9IlJlcXVpcmVkIiBWYWx1ZT0iRmFsc2UiIC8+DQogICAgICAgICAgPC9SdWxlUGFyYW1ldGVycz4NCiAgICAgICAgPC9FeHRyYWN0aW9uUnVsZT4NCiAgICAgIDwvQ29ycmVsYXRpb25FeHRyYWN0aW9uUnVsZXM+DQogICAgICA8UXVlcnlTdHJpbmdQYXJhbWV0ZXJzPg0KICAgICAgICA8UXVlcnlTdHJpbmdQYXJhbWV0ZXIgTmFtZT0iTGlzdCIgVmFsdWU9IntFRDI4MTkyQS0zQjY3LTQzRDgtQkE4QS1EQ0NBM0FDRTdEMEJ9IiBSZWNvcmRlZFZhbHVlPSJ7RUQyODE5MkEtM0I2Ny00M0Q4LUJBOEEtRENDQTNBQ0U3RDBCfSIgQ29ycmVsYXRpb25CaW5kaW5nPSIiIFVybEVuY29kZT0iRmFsc2UiIFVzZVRvR3JvdXBSZXN1bHRzPSJGYWxzZSIgLz4NCiAgICAgICAgPFF1ZXJ5U3RyaW5nUGFyYW1ldGVyIE5hbWU9IlJvb3RGb2xkZXIiIFZhbHVlPSIiIFJlY29yZGVkVmFsdWU9IiIgQ29ycmVsYXRpb25CaW5kaW5nPSIiIFVybEVuY29kZT0iRmFsc2UiIFVzZVRvR3JvdXBSZXN1bHRzPSJGYWxzZSIgLz4NCiAgICAgICAgPFF1ZXJ5U3RyaW5nUGFyYW1ldGVyIE5hbWU9IklzRGxnIiBWYWx1ZT0iMSIgUmVjb3JkZWRWYWx1ZT0iMSIgQ29ycmVsYXRpb25CaW5kaW5nPSIiIFVybEVuY29kZT0iRmFsc2UiIFVzZVRvR3JvdXBSZXN1bHRzPSJGYWxzZSIgLz4NCiAgICAgIDwvUXVlcnlTdHJpbmdQYXJhbWV0ZXJzPg0KICAgIDwvUmVxdWVzdD4NCiAgICA8UmVxdWVzdCBNZXRob2Q9IkdFVCIgR3VpZD0iZGE4MGNkNzQtMTQ3Zi00M2Q1LTg0ZDctZDI5ZGUxZGQ2OGRiIiBWZXJzaW9uPSIxLjEiIFVybD0iaHR0cHM6Ly9zcC5jb3JkaXNzb2x1dGlvbnMuY29tL0FwcHMwMC9fbGF5b3V0cy8xNS9jb21tYW5kdWkuYXNoeCIgVGhpbmtUaW1lPSIwIiBUaW1lb3V0PSIzMDAiIFBhcnNlRGVwZW5kZW50UmVxdWVzdHM9IlRydWUiIEZvbGxvd1JlZGlyZWN0cz0iVHJ1ZSIgUmVjb3JkUmVzdWx0PSJUcnVlIiBDYWNoZT0iRmFsc2UiIFJlc3BvbnNlVGltZUdvYWw9IjAiIEVuY29kaW5nPSJ1dGYtOCIgRXhwZWN0ZWRIdHRwU3RhdHVzQ29kZT0iMCIgRXhwZWN0ZWRSZXNwb25zZVVybD0iIiBSZXBvcnRpbmdOYW1lPSIiIElnbm9yZUh0dHBTdGF0dXNDb2RlPSJGYWxzZSI+DQogICAgICA8SGVhZGVycz4NCiAgICAgICAgPEhlYWRlciBOYW1lPSJYLVJlcXVlc3RlZC1XaXRoIiBWYWx1ZT0iWE1MSHR0cFJlcXVlc3QiIC8+DQogICAgICAgIDxIZWFkZXIgTmFtZT0iUmVmZXJlciIgVmFsdWU9Imh0dHBzOi8vc3AuY29yZGlzc29sdXRpb25zLmNvbS9BcHBzMDAvU2hhcmVkJTIwRG9jdW1lbnRzL0Zvcm1zL2FsbCUyMGRvY3VtZW50cy5hc3B4IiAvPg0KICAgICAgPC9IZWFkZXJzPg0KICAgICAgPFF1ZXJ5U3RyaW5nUGFyYW1ldGVycz4NCiAgICAgICAgPFF1ZXJ5U3RyaW5nUGFyYW1ldGVyIE5hbWU9InZlciIgVmFsdWU9IjgyMzE1MzU1NiIgUmVjb3JkZWRWYWx1ZT0iODIzMTUzNTU2IiBDb3JyZWxhdGlvbkJpbmRpbmc9IiIgVXJsRW5jb2RlPSJGYWxzZSIgVXNlVG9Hcm91cFJlc3VsdHM9IkZhbHNlIiAvPg0KICAgICAgICA8UXVlcnlTdHJpbmdQYXJhbWV0ZXIgTmFtZT0ibGNpZCIgVmFsdWU9IjEwMzMiIFJlY29yZGVkVmFsdWU9IjEwMzMiIENvcnJlbGF0aW9uQmluZGluZz0iIiBVcmxFbmNvZGU9IkZhbHNlIiBVc2VUb0dyb3VwUmVzdWx0cz0iRmFsc2UiIC8+DQogICAgICAgIDxRdWVyeVN0cmluZ1BhcmFtZXRlciBOYW1lPSJxdCIgVmFsdWU9ImNvbW1hbmRoYW5kbGVycyIgUmVjb3JkZWRWYWx1ZT0iY29tbWFuZGhhbmRsZXJzIiBDb3JyZWxhdGlvbkJpbmRpbmc9IiIgVXJsRW5jb2RlPSJGYWxzZSIgVXNlVG9Hcm91cFJlc3VsdHM9IkZhbHNlIiAvPg0KICAgICAgPC9RdWVyeVN0cmluZ1BhcmFtZXRlcnM+DQogICAgPC9SZXF1ZXN0Pg0KICAgIDxSZXF1ZXN0IE1ldGhvZD0iUE9TVCIgR3VpZD0iYjg0MDgxMzEtY2FiNy00YTBhLTgyYmMtMzU2ZWMzMDRlYTBiIiBWZXJzaW9uPSIxLjEiIFVybD0iaHR0cHM6Ly9zcC5jb3JkaXNzb2x1dGlvbnMuY29tL0FwcHMwMC9fbGF5b3V0cy8xNS9jb21tYW5kdWkuYXNoeCIgVGhpbmtUaW1lPSIwIiBUaW1lb3V0PSIzMDAiIFBhcnNlRGVwZW5kZW50UmVxdWVzdHM9IlRydWUiIEZvbGxvd1JlZGlyZWN0cz0iVHJ1ZSIgUmVjb3JkUmVzdWx0PSJUcnVlIiBDYWNoZT0iRmFsc2UiIFJlc3BvbnNlVGltZUdvYWw9IjAiIEVuY29kaW5nPSJ1dGYtOCIgRXhwZWN0ZWRIdHRwU3RhdHVzQ29kZT0iMCIgRXhwZWN0ZWRSZXNwb25zZVVybD0iIiBSZXBvcnRpbmdOYW1lPSIiIElnbm9yZUh0dHBTdGF0dXNDb2RlPSJGYWxzZSI+DQogICAgICA8SGVhZGVycz4NCiAgICAgICAgPEhlYWRlciBOYW1lPSJYLVJlcXVlc3RlZC1XaXRoIiBWYWx1ZT0iWE1MSHR0cFJlcXVlc3QiIC8+DQogICAgICAgIDxIZWFkZXIgTmFtZT0iUmVmZXJlciIgVmFsdWU9Imh0dHBzOi8vc3AuY29yZGlzc29sdXRpb25zLmNvbS9BcHBzMDAvU2hhcmVkJTIwRG9jdW1lbnRzL0Zvcm1zL2FsbCUyMGRvY3VtZW50cy5hc3B4IiAvPg0KICAgICAgPC9IZWFkZXJzPg0KICAgICAgPFF1ZXJ5U3RyaW5nUGFyYW1ldGVycz4NCiAgICAgICAgPFF1ZXJ5U3RyaW5nUGFyYW1ldGVyIE5hbWU9InZlciIgVmFsdWU9IjgyMzE1MzU1NiIgUmVjb3JkZWRWYWx1ZT0iODIzMTUzNTU2IiBDb3JyZWxhdGlvbkJpbmRpbmc9IiIgVXJsRW5jb2RlPSJGYWxzZSIgVXNlVG9Hcm91cFJlc3VsdHM9IkZhbHNlIiAvPg0KICAgICAgICA8UXVlcnlTdHJpbmdQYXJhbWV0ZXIgTmFtZT0iaWQiIFZhbHVlPSJSaWJib24uUmVhZCIgUmVjb3JkZWRWYWx1ZT0iUmliYm9uLlJlYWQiIENvcnJlbGF0aW9uQmluZGluZz0iIiBVcmxFbmNvZGU9IkZhbHNlIiBVc2VUb0dyb3VwUmVzdWx0cz0iRmFsc2UiIC8+DQogICAgICAgIDxRdWVyeVN0cmluZ1BhcmFtZXRlciBOYW1lPSJsY2lkIiBWYWx1ZT0iMTAzMyIgUmVjb3JkZWRWYWx1ZT0iMTAzMyIgQ29ycmVsYXRpb25CaW5kaW5nPSIiIFVybEVuY29kZT0iRmFsc2UiIFVzZVRvR3JvdXBSZXN1bHRzPSJGYWxzZSIgLz4NCiAgICAgICAgPFF1ZXJ5U3RyaW5nUGFyYW1ldGVyIE5hbWU9InF0IiBWYWx1ZT0icmliYm9udmlzaWJsZXRhYmRlZXAiIFJlY29yZGVkVmFsdWU9InJpYmJvbnZpc2libGV0YWJkZWVwIiBDb3JyZWxhdGlvbkJpbmRpbmc9IiIgVXJsRW5jb2RlPSJGYWxzZSIgVXNlVG9Hcm91cFJlc3VsdHM9IkZhbHNlIiAvPg0KICAgICAgPC9RdWVyeVN0cmluZ1BhcmFtZXRlcnM+DQogICAgICA8Rm9ybVBvc3RIdHRwQm9keSAvPg0KICAgIDwvUmVxdWVzdD4NCiAgICA8UmVxdWVzdCBNZXRob2Q9IkdFVCIgR3VpZD0iMGQwNWY4NmMtYjk3YS00YTJiLTg3NGEtOWEzOWNjZmQzNmMzIiBWZXJzaW9uPSIxLjEiIFVybD0iaHR0cHM6Ly9zcC5jb3JkaXNzb2x1dGlvbnMuY29tL19sYXlvdXRzLzE1L2ltYWdlcy9ibGFuay5naWYiIFRoaW5rVGltZT0iMTciIFRpbWVvdXQ9IjMwMCIgUGFyc2VEZXBlbmRlbnRSZXF1ZXN0cz0iVHJ1ZSIgRm9sbG93UmVkaXJlY3RzPSJUcnVlIiBSZWNvcmRSZXN1bHQ9IlRydWUiIENhY2hlPSJGYWxzZSIgUmVzcG9uc2VUaW1lR29hbD0iMCIgRW5jb2Rpbmc9InV0Zi04IiBFeHBlY3RlZEh0dHBTdGF0dXNDb2RlPSIwIiBFeHBlY3RlZFJlc3BvbnNlVXJsPSIiIFJlcG9ydGluZ05hbWU9IiIgSWdub3JlSHR0cFN0YXR1c0NvZGU9IkZhbHNlIj4NCiAgICAgIDxIZWFkZXJzPg0KICAgICAgICA8SGVhZGVyIE5hbWU9IlJlZmVyZXIiIFZhbHVlPSJodHRwczovL3NwLmNvcmRpc3NvbHV0aW9ucy5jb20vQXBwczAwL19sYXlvdXRzLzE1L1VwbG9hZC5hc3B4P0xpc3Q9JTdCRUQyODE5MkEtM0I2Ny00M0Q4LUJBOEEtRENDQTNBQ0U3RDBCJTdEJmFtcDtSb290Rm9sZGVyPSZhbXA7SXNEbGc9MSIgLz4NCiAgICAgIDwvSGVhZGVycz4NCiAgICA8L1JlcXVlc3Q+DQogICAgPFJlcXVlc3QgTWV0aG9kPSJQT1NUIiBHdWlkPSJmZjA5ZDExNy1iZDYxLTRkNmUtOTEwNy1mZmI5ZjVmNzQ0YjUiIFZlcnNpb249IjEuMSIgVXJsPSJodHRwczovL3NwLmNvcmRpc3NvbHV0aW9ucy5jb20vQXBwczAwL19sYXlvdXRzLzE1L1VwbG9hZEV4LmFzcHgiIFRoaW5rVGltZT0iMyIgVGltZW91dD0iMzAwIiBQYXJzZURlcGVuZGVudFJlcXVlc3RzPSJUcnVlIiBGb2xsb3dSZWRpcmVjdHM9IlRydWUiIFJlY29yZFJlc3VsdD0iVHJ1ZSIgQ2FjaGU9IkZhbHNlIiBSZXNwb25zZVRpbWVHb2FsPSIwIiBFbmNvZGluZz0idXRmLTgiIEV4cGVjdGVkSHR0cFN0YXR1c0NvZGU9IjAiIEV4cGVjdGVkUmVzcG9uc2VVcmw9IiIgUmVwb3J0aW5nTmFtZT0iIiBJZ25vcmVIdHRwU3RhdHVzQ29kZT0iRmFsc2UiPg0KICAgICAgPEhlYWRlcnM+DQogICAgICAgIDxIZWFkZXIgTmFtZT0iUmVmZXJlciIgVmFsdWU9Imh0dHBzOi8vc3AuY29yZGlzc29sdXRpb25zLmNvbS9BcHBzMDAvX2xheW91dHMvMTUvVXBsb2FkLmFzcHg/TGlzdD0lN0JFRDI4MTkyQS0zQjY3LTQzRDgtQkE4QS1EQ0NBM0FDRTdEMEIlN0QmYW1wO1Jvb3RGb2xkZXI9JmFtcDtJc0RsZz0xIiAvPg0KICAgICAgPC9IZWFkZXJzPg0KICAgICAgPENvcnJlbGF0aW9uRXh0cmFjdGlvblJ1bGVzPg0KICAgICAgICA8RXh0cmFjdGlvblJ1bGUgQ2xhc3NuYW1lPSJNaWNyb3NvZnQuVmlzdWFsU3R1ZGlvLlRlc3RUb29scy5XZWJUZXN0aW5nLlJ1bGVzLkV4dHJhY3RUZXh0LCBNaWNyb3NvZnQuVmlzdWFsU3R1ZGlvLlF1YWxpdHlUb29scy5XZWJUZXN0RnJhbWV3b3JrLCBWZXJzaW9uPTEwLjAuMC4wLCBDdWx0dXJlPW5ldXRyYWwsIFB1YmxpY0tleVRva2VuPWIwM2Y1ZjdmMTFkNTBhM2EiIFZhcmlhYmxlTmFtZT0iUXVlcnlTdHJpbmdQYXJhbTY3Lk1vZGUiIERpc3BsYXlOYW1lPSIiIERlc2NyaXB0aW9uPSIiPg0KICAgICAgICAgIDxSdWxlUGFyYW1ldGVycz4NCiAgICAgICAgICAgIDxSdWxlUGFyYW1ldGVyIE5hbWU9IlN0YXJ0c1dpdGgiIFZhbHVlPSI/TW9kZT0iIC8+DQogICAgICAgICAgICA8UnVsZVBhcmFtZXRlciBOYW1lPSJFbmRzV2l0aCIgVmFsdWU9IlwiIC8+DQogICAgICAgICAgICA8UnVsZVBhcmFtZXRlciBOYW1lPSJJbmRleCIgVmFsdWU9IjAiIC8+DQogICAgICAgICAgICA8UnVsZVBhcmFtZXRlciBOYW1lPSJJZ25vcmVDYXNlIiBWYWx1ZT0iRmFsc2UiIC8+DQogICAgICAgICAgICA8UnVsZVBhcmFtZXRlciBOYW1lPSJVc2VSZWd1bGFyRXhwcmVzc2lvbiIgVmFsdWU9IkZhbHNlIiAvPg0KICAgICAgICAgICAgPFJ1bGVQYXJhbWV0ZXIgTmFtZT0iSHRtbERlY29kZSIgVmFsdWU9IlRydWUiIC8+DQogICAgICAgICAgICA8UnVsZVBhcmFtZXRlciBOYW1lPSJSZXF1aXJlZCIgVmFsdWU9IkZhbHNlIiAvPg0KICAgICAgICAgIDwvUnVsZVBhcmFtZXRlcnM+DQogICAgICAgIDwvRXh0cmFjdGlvblJ1bGU+DQogICAgICAgIDxFeHRyYWN0aW9uUnVsZSBDbGFzc25hbWU9Ik1pY3Jvc29mdC5WaXN1YWxTdHVkaW8uVGVzdFRvb2xzLldlYlRlc3RpbmcuUnVsZXMuRXh0cmFjdFRleHQsIE1pY3Jvc29mdC5WaXN1YWxTdHVkaW8uUXVhbGl0eVRvb2xzLldlYlRlc3RGcmFtZXdvcmssIFZlcnNpb249MTAuMC4wLjAsIEN1bHR1cmU9bmV1dHJhbCwgUHVibGljS2V5VG9rZW49YjAzZjVmN2YxMWQ1MGEzYSIgVmFyaWFibGVOYW1lPSJRdWVyeVN0cmluZ1BhcmFtNjguSUQiIERpc3BsYXlOYW1lPSIiIERlc2NyaXB0aW9uPSIiPg0KICAgICAgICAgIDxSdWxlUGFyYW1ldGVycz4NCiAgICAgICAgICAgIDxSdWxlUGFyYW1ldGVyIE5hbWU9IlN0YXJ0c1dpdGgiIFZhbHVlPSJcdTAwMjZJRD0iIC8+DQogICAgICAgICAgICA8UnVsZVBhcmFtZXRlciBOYW1lPSJFbmRzV2l0aCIgVmFsdWU9IlwiIC8+DQogICAgICAgICAgICA8UnVsZVBhcmFtZXRlciBOYW1lPSJJbmRleCIgVmFsdWU9IjAiIC8+DQogICAgICAgICAgICA8UnVsZVBhcmFtZXRlciBOYW1lPSJJZ25vcmVDYXNlIiBWYWx1ZT0iRmFsc2UiIC8+DQogICAgICAgICAgICA8UnVsZVBhcmFtZXRlciBOYW1lPSJVc2VSZWd1bGFyRXhwcmVzc2lvbiIgVmFsdWU9IkZhbHNlIiAvPg0KICAgICAgICAgICAgPFJ1bGVQYXJhbWV0ZXIgTmFtZT0iSHRtbERlY29kZSIgVmFsdWU9IlRydWUiIC8+DQogICAgICAgICAgICA8UnVsZVBhcmFtZXRlciBOYW1lPSJSZXF1aXJlZCIgVmFsdWU9IkZhbHNlIiAvPg0KICAgICAgICAgIDwvUnVsZVBhcmFtZXRlcnM+DQogICAgICAgIDwvRXh0cmFjdGlvblJ1bGU+DQogICAgICA8L0NvcnJlbGF0aW9uRXh0cmFjdGlvblJ1bGVzPg0KICAgICAgPFF1ZXJ5U3RyaW5nUGFyYW1ldGVycz4NCiAgICAgICAgPFF1ZXJ5U3RyaW5nUGFyYW1ldGVyIE5hbWU9Ikxpc3QiIFZhbHVlPSIlN2JFRDI4MTkyQS0zQjY3LTQzRDgtQkE4QS1EQ0NBM0FDRTdEMEIlN2QiIFJlY29yZGVkVmFsdWU9IiU3YkVEMjgxOTJBLTNCNjctNDNEOC1CQThBLURDQ0EzQUNFN0QwQiU3ZCIgQ29ycmVsYXRpb25CaW5kaW5nPSJ7e1F1ZXJ5U3RyaW5nUGFyYW02NS5MaXN0fX0iIFVybEVuY29kZT0iRmFsc2UiIFVzZVRvR3JvdXBSZXN1bHRzPSJGYWxzZSIgLz4NCiAgICAgICAgPFF1ZXJ5U3RyaW5nUGFyYW1ldGVyIE5hbWU9IlJvb3RGb2xkZXIiIFZhbHVlPSIiIFJlY29yZGVkVmFsdWU9IiIgQ29ycmVsYXRpb25CaW5kaW5nPSIiIFVybEVuY29kZT0iRmFsc2UiIFVzZVRvR3JvdXBSZXN1bHRzPSJGYWxzZSIgLz4NCiAgICAgICAgPFF1ZXJ5U3RyaW5nUGFyYW1ldGVyIE5hbWU9IklzRGxnIiBWYWx1ZT0iMSIgUmVjb3JkZWRWYWx1ZT0iMSIgQ29ycmVsYXRpb25CaW5kaW5nPSJ7e1F1ZXJ5U3RyaW5nUGFyYW02Ni5Jc0RsZ319IiBVcmxFbmNvZGU9IkZhbHNlIiBVc2VUb0dyb3VwUmVzdWx0cz0iRmFsc2UiIC8+DQogICAgICA8L1F1ZXJ5U3RyaW5nUGFyYW1ldGVycz4NCiAgICAgIDxGb3JtUG9zdEh0dHBCb2R5Pg0KICAgICAgICA8Rm9ybVBvc3RQYXJhbWV0ZXIgTmFtZT0iTVNPV2ViUGFydFBhZ2VfUG9zdGJhY2tTb3VyY2UiIFZhbHVlPSIiIFJlY29yZGVkVmFsdWU9IiIgQ29ycmVsYXRpb25CaW5kaW5nPSIiIFVybEVuY29kZT0iVHJ1ZSIgLz4NCiAgICAgICAgPEZvcm1Qb3N0UGFyYW1ldGVyIE5hbWU9Ik1TT1RsUG5fU2VsZWN0ZWRXcElkIiBWYWx1ZT0iIiBSZWNvcmRlZFZhbHVlPSIiIENvcnJlbGF0aW9uQmluZGluZz0iIiBVcmxFbmNvZGU9IlRydWUiIC8+DQogICAgICAgIDxGb3JtUG9zdFBhcmFtZXRlciBOYW1lPSJNU09UbFBuX1ZpZXciIFZhbHVlPSIwIiBSZWNvcmRlZFZhbHVlPSIwIiBDb3JyZWxhdGlvbkJpbmRpbmc9Int7Rm9ybVBvc3RQYXJhbTEwLk1TT1RsUG5fVmlld319IiBVcmxFbmNvZGU9IlRydWUiIC8+DQogICAgICAgIDxGb3JtUG9zdFBhcmFtZXRlciBOYW1lPSJNU09UbFBuX1Nob3dTZXR0aW5ncyIgVmFsdWU9IkZhbHNlIiBSZWNvcmRlZFZhbHVlPSJGYWxzZSIgQ29ycmVsYXRpb25CaW5kaW5nPSJ7e0Zvcm1Qb3N0UGFyYW0xMS5NU09UbFBuX1Nob3dTZXR0aW5nc319IiBVcmxFbmNvZGU9IlRydWUiIC8+DQogICAgICAgIDxGb3JtUG9zdFBhcmFtZXRlciBOYW1lPSJNU09HYWxsZXJ5X1NlbGVjdGVkTGlicmFyeSIgVmFsdWU9IiIgUmVjb3JkZWRWYWx1ZT0iIiBDb3JyZWxhdGlvbkJpbmRpbmc9IiIgVXJsRW5jb2RlPSJUcnVlIiAvPg0KICAgICAgICA8Rm9ybVBvc3RQYXJhbWV0ZXIgTmFtZT0iTVNPR2FsbGVyeV9GaWx0ZXJTdHJpbmciIFZhbHVlPSIiIFJlY29yZGVkVmFsdWU9IiIgQ29ycmVsYXRpb25CaW5kaW5nPSIiIFVybEVuY29kZT0iVHJ1ZSIgLz4NCiAgICAgICAgPEZvcm1Qb3N0UGFyYW1ldGVyIE5hbWU9Ik1TT1RsUG5fQnV0dG9uIiBWYWx1ZT0ibm9uZSIgUmVjb3JkZWRWYWx1ZT0ibm9uZSIgQ29ycmVsYXRpb25CaW5kaW5nPSJ7e0Zvcm1Qb3N0UGFyYW0xMi5NU09UbFBuX0J1dHRvbn19IiBVcmxFbmNvZGU9IlRydWUiIC8+DQogICAgICAgIDxGb3JtUG9zdFBhcmFtZXRlciBOYW1lPSJfX0VWRU5UVEFSR0VUIiBWYWx1ZT0iY3RsMDAkUGxhY2VIb2xkZXJNYWluJGN0bDA0JFJwdENvbnRyb2xzJGJ0bk9LIiBSZWNvcmRlZFZhbHVlPSJjdGwwMCRQbGFjZUhvbGRlck1haW4kY3RsMDQkUnB0Q29udHJvbHMkYnRuT0siIENvcnJlbGF0aW9uQmluZGluZz0ie3tGb3JtUG9zdFBhcmFtMTMuX19FVkVOVFRBUkdFVH19IiBVcmxFbmNvZGU9IlRydWUiIC8+DQogICAgICAgIDxGb3JtUG9zdFBhcmFtZXRlciBOYW1lPSJfX0VWRU5UQVJHVU1FTlQiIFZhbHVlPSIiIFJlY29yZGVkVmFsdWU9IiIgQ29ycmVsYXRpb25CaW5kaW5nPSIiIFVybEVuY29kZT0iVHJ1ZSIgLz4NCiAgICAgICAgPEZvcm1Qb3N0UGFyYW1ldGVyIE5hbWU9Ik1TT1NQV2ViUGFydE1hbmFnZXJfRGlzcGxheU1vZGVOYW1lIiBWYWx1ZT0iQnJvd3NlIiBSZWNvcmRlZFZhbHVlPSJCcm93c2UiIENvcnJlbGF0aW9uQmluZGluZz0ie3tGb3JtUG9zdFBhcmFtMTQuTVNPU1BXZWJQYXJ0TWFuYWdlcl9EaXNwbGF5TW9kZU5hbWV9fSIgVXJsRW5jb2RlPSJUcnVlIiAvPg0KICAgICAgICA8Rm9ybVBvc3RQYXJhbWV0ZXIgTmFtZT0iTVNPU1BXZWJQYXJ0TWFuYWdlcl9FeGl0aW5nRGVzaWduTW9kZSIgVmFsdWU9ImZhbHNlIiBSZWNvcmRlZFZhbHVlPSJmYWxzZSIgQ29ycmVsYXRpb25CaW5kaW5nPSJ7e0Zvcm1Qb3N0UGFyYW0xNS5NU09TUFdlYlBhcnRNYW5hZ2VyX0V4aXRpbmdEZXNpZ25Nb2RlfX0iIFVybEVuY29kZT0iVHJ1ZSIgLz4NCiAgICAgICAgPEZvcm1Qb3N0UGFyYW1ldGVyIE5hbWU9Ik1TT1dlYlBhcnRQYWdlX1NoYXJlZCIgVmFsdWU9IiIgUmVjb3JkZWRWYWx1ZT0iIiBDb3JyZWxhdGlvbkJpbmRpbmc9IiIgVXJsRW5jb2RlPSJUcnVlIiAvPg0KICAgICAgICA8Rm9ybVBvc3RQYXJhbWV0ZXIgTmFtZT0iTVNPTGF5b3V0X0xheW91dENoYW5nZXMiIFZhbHVlPSIiIFJlY29yZGVkVmFsdWU9IiIgQ29ycmVsYXRpb25CaW5kaW5nPSIiIFVybEVuY29kZT0iVHJ1ZSIgLz4NCiAgICAgICAgPEZvcm1Qb3N0UGFyYW1ldGVyIE5hbWU9Ik1TT0xheW91dF9JbkRlc2lnbk1vZGUiIFZhbHVlPSIiIFJlY29yZGVkVmFsdWU9IiIgQ29ycmVsYXRpb25CaW5kaW5nPSIiIFVybEVuY29kZT0iVHJ1ZSIgLz4NCiAgICAgICAgPEZvcm1Qb3N0UGFyYW1ldGVyIE5hbWU9Ik1TT1NQV2ViUGFydE1hbmFnZXJfT2xkRGlzcGxheU1vZGVOYW1lIiBWYWx1ZT0iQnJvd3NlIiBSZWNvcmRlZFZhbHVlPSJCcm93c2UiIENvcnJlbGF0aW9uQmluZGluZz0ie3tGb3JtUG9zdFBhcmFtMTYuTVNPU1BXZWJQYXJ0TWFuYWdlcl9PbGREaXNwbGF5TW9kZU5hbWV9fSIgVXJsRW5jb2RlPSJUcnVlIiAvPg0KICAgICAgICA8Rm9ybVBvc3RQYXJhbWV0ZXIgTmFtZT0iTVNPU1BXZWJQYXJ0TWFuYWdlcl9TdGFydFdlYlBhcnRFZGl0aW5nTmFtZSIgVmFsdWU9ImZhbHNlIiBSZWNvcmRlZFZhbHVlPSJmYWxzZSIgQ29ycmVsYXRpb25CaW5kaW5nPSJ7e0Zvcm1Qb3N0UGFyYW0xNy5NU09TUFdlYlBhcnRNYW5hZ2VyX1N0YXJ0V2ViUGFydEVkaXRpbmdOYW1lfX0iIFVybEVuY29kZT0iVHJ1ZSIgLz4NCiAgICAgICAgPEZvcm1Qb3N0UGFyYW1ldGVyIE5hbWU9Ik1TT1NQV2ViUGFydE1hbmFnZXJfRW5kV2ViUGFydEVkaXRpbmciIFZhbHVlPSJmYWxzZSIgUmVjb3JkZWRWYWx1ZT0iZmFsc2UiIENvcnJlbGF0aW9uQmluZGluZz0ie3tGb3JtUG9zdFBhcmFtMTguTVNPU1BXZWJQYXJ0TWFuYWdlcl9FbmRXZWJQYXJ0RWRpdGluZ319IiBVcmxFbmNvZGU9IlRydWUiIC8+DQogICAgICAgIDxGb3JtUG9zdFBhcmFtZXRlciBOYW1lPSJfbWFpbnRhaW5Xb3Jrc3BhY2VTY3JvbGxQb3NpdGlvbiIgVmFsdWU9IjAiIFJlY29yZGVkVmFsdWU9IjAiIENvcnJlbGF0aW9uQmluZGluZz0ie3tGb3JtUG9zdFBhcmFtMTkuX21haW50YWluV29ya3NwYWNlU2Nyb2xsUG9zaXRpb259fSIgVXJsRW5jb2RlPSJUcnVlIiAvPg0KICAgICAgICA8Rm9ybVBvc3RQYXJhbWV0ZXIgTmFtZT0iX19SRVFVRVNURElHRVNUIiBWYWx1ZT0ie3tGb3JtUG9zdFBhcmFtMjAuX19SRVFVRVNURElHRVNUfX0iIFJlY29yZGVkVmFsdWU9IjB4NEE0RTBDNTFFNEQ4NDk5RTNCRDcyMzlDRTQwMTZFREJGOTczQkZGRDNENTZGODNFMUFBQTYxNkNDMzk0OUU5Nzg3NzhDREE4M0JCREY2MEJDNDM3Mzk2Q0Q5RTU5MTNBMDk3NUREMDdCMDFBMDMyRjZCODZBNjUxRUM2RkFCMTIsMTMgSnVuIDIwMTggMTE6NDE6MTggLTAwMDAiIENvcnJlbGF0aW9uQmluZGluZz0ie3tGb3JtUG9zdFBhcmFtMjAuX19SRVFVRVNURElHRVNUfX0iIFVybEVuY29kZT0iVHJ1ZSIgLz4NCiAgICAgICAgPEZvcm1Qb3N0UGFyYW1ldGVyIE5hbWU9Il9fVklFV1NUQVRFIiBWYWx1ZT0iL3dFUER3VUxMVEUyTWpBM01EUXpOalVQWkJZQ1pnOWtGZ0lDQVE4V0FoNEZZMnhoYzNNRkZtMXpMV1JwWVd4dlp5QnRjeTFrYVdGc2IyY3RibklXQkFJQkQyUVdBZ0laRDJRV0FnSUREMlFXQWdJQkQyUVdBbVlQRkNzQUJtUUZMbWgwZEhCek9pOHZjM0F1WlhoalpXeHpkWEJ3YjNKMExtOXlaem8wTkRNdmJYa3ZVR1Z5YzI5dUxtRnpjSGdGSTJoMGRIQnpPaTh2YzNBdVpYaGpaV3h6ZFhCd2IzSjBMbTl5WnpvME5ETXZiWGt2QlI4dlFYQndjekF3TDE5c1lYbHZkWFJ6THpFMUwyMTVjM1ZpY3k1aGMzQjRCZnNCTDBGd2NITXdNQzlmYkdGNWIzVjBjeTh4TlM5eVpXZHBiMjVoYkhObGRHNW5MbUZ6Y0hnL2RIbHdaVDExYzJWeUpuTnZkWEpqWlQxb2RIUndjeVV6UVNVeVJpVXlSbk53SlRKRlkyOXlaR2x6YzI5c2RYUnBiMjV6SlRKRlkyOXRKVEpHUVhCd2N6QXdKVEpHSlRWR2JHRjViM1YwY3lVeVJqRTFKVEpHVlhCc2IyRmtKVEpGWVhOd2VDVXpSa3hwYzNRbE0wUWxNalUzUWtWRU1qZ3hPVEpCSlRJMU1rUXpRalkzSlRJMU1rUTBNMFE0SlRJMU1rUkNRVGhCSlRJMU1rUkVRME5CTTBGRFJUZEVNRUlsTWpVM1JDVXlObUZ0Y0NVelFsSnZiM1JHYjJ4a1pYSWxNMFFsTWpaaGJYQWxNMEpKYzBSc1p5VXpSREVGendKb2RIUndjem92TDNOd0xtVjRZMlZzYzNWd2NHOXlkQzV2Y21jNk5EUXpMMjE1TDE5c1lYbHZkWFJ6THpFMUwwVmthWFJRY205bWFXeGxMbUZ6Y0hnL1ZYTmxjbE5sZEhScGJtZHpVSEp2ZG1sa1pYSTlNak0wWW1Zd1pXUWxNa1EzTUdSaUpUSkVOREUxT0NVeVJHRXpNeklsTWtRMFpHWmtOamd6WWpReE5EZ21VbVYwZFhKdVZYSnNQV2gwZEhCekpUTkJKVEpHSlRKR2MzQWxNa1ZqYjNKa2FYTnpiMngxZEdsdmJuTWxNa1ZqYjIwbE1rWkJjSEJ6TURBbE1rWWxOVVpzWVhsdmRYUnpKVEpHTVRVbE1rWlZjR3h2WVdRbE1rVmhjM0I0SlROR1RHbHpkQ1V6UkNVeU5UZENSVVF5T0RFNU1rRWxNalV5UkROQ05qY2xNalV5UkRRelJEZ2xNalV5UkVKQk9FRWxNalV5UkVSRFEwRXpRVU5GTjBRd1FpVXlOVGRFSlRJMllXMXdKVE5DVW05dmRFWnZiR1JsY2lVelJDVXlObUZ0Y0NVelFrbHpSR3huSlRORU1XUUNCdzhXQWg0SFpXNWpkSGx3WlFVVGJYVnNkR2x3WVhKMEwyWnZjbTB0WkdGMFlSWUlBZ1VQWkJZQ0FnSVBaQllFQWdFUFpCWUNBZ01QWkJZQ1pnOWtGZ1FDQXc5a0Znb0NBUThXQmg0VFEyeHBaVzUwVDI1RGJHbGphMU5qY21sd2RBVjVSVzV6ZFhKbFUyTnlhWEIwUm5WdVl5Z25jMmhoY21sdVp5NXFjeWNzSUNkRWFYTndiR0Y1VTJoaGNtVmtWMmwwYUVScFlXeHZaeWNzSUdaMWJtTjBhVzl1SUNncElIc2dSR2x6Y0d4aGVWTm9ZWEpsWkZkcGRHaEVhV0ZzYjJjb0oxeDFNREF5WmtGd2NITXdNRngxTURBeVppY3BPeUI5S1I0b1EyeHBaVzUwVDI1RGJHbGphMU5qY21sd2RFTnZiblJoYVc1cGJtZFFjbVZtYVhobFpGVnliQVY1Ulc1emRYSmxVMk55YVhCMFJuVnVZeWduYzJoaGNtbHVaeTVxY3ljc0lDZEVhWE53YkdGNVUyaGhjbVZrVjJsMGFFUnBZV3h2Wnljc0lHWjFibU4wYVc5dUlDZ3BJSHNnUkdsemNHeGhlVk5vWVhKbFpGZHBkR2hFYVdGc2IyY29KMXgxTURBeVprRndjSE13TUZ4MU1EQXlaaWNwT3lCOUtSNFlRMnhwWlc1MFQyNURiR2xqYTA1aGRtbG5ZWFJsVlhKc1pHUUNBdzhXQWg0SFZtbHphV0pzWldoa0FnVVBGZ0lmQldoa0Fnc1BGZ0lmQldoa0FoSVBaQllDWmc4UEZnWWVIRkJ5WlhacGIzVnpRWFYwYUc5eWFXNW5TWFJsYlZabGNuTnBiMjVsSGhwUWNtVjJhVzkxYzBGMWRHaHZjbWx1WjBsMFpXMVBkMjVsY21VZUhGQnlaWFpwYjNWelFYVjBhRzl5YVc1blEyOXVkSEp2YkUxdlpHVUxLWWdCVFdsamNtOXpiMlowTGxOb1lYSmxVRzlwYm5RdVYyVmlRMjl1ZEhKdmJITXVVMUJEYjI1MGNtOXNUVzlrWlN3Z1RXbGpjbTl6YjJaMExsTm9ZWEpsVUc5cGJuUXNJRlpsY25OcGIyNDlNVFl1TUM0d0xqQXNJRU4xYkhSMWNtVTlibVYxZEhKaGJDd2dVSFZpYkdsalMyVjVWRzlyWlc0OU56RmxPV0pqWlRFeE1XVTVOREk1WXdCa1pBSUVEdzhXQWg0SlFXTmpaWE56UzJWNUJRRXZaR1FDQXc5a0ZnSUNBUTlrRmdJQ0FROWtGZ1lDQVE4UEZnUWVCRjhoVTBJQ0FoNElRM056UTJ4aGMzTUZGMjF6TFhCeWIyMXZkR1ZrUVdOMGFXOXVRblYwZEc5dVpHUUNBdzlrRmdKbUR3OFdCQjhLQWdJZkN3VVhiWE10Y0hKdmJXOTBaV1JCWTNScGIyNUNkWFIwYjI1a1pBSUZEdzhXQmg4TEJSZHRjeTF3Y205dGIzUmxaRUZqZEdsdmJrSjFkSFJ2Ymg4S0FnSWZCV2hrWkFJUEQyUVdBZ0lCRDJRV0FtWVBEeFlFSGdSVVpYaDBCUkJUYUdGeVpXUWdSRzlqZFcxbGJuUnpIZ3RPWVhacFoyRjBaVlZ5YkFVeEwwRndjSE13TUM5VGFHRnlaV1FnUkc5amRXMWxiblJ6TDBadmNtMXpMMkZzYkNCa2IyTjFiV1Z1ZEhNdVlYTndlR1JrQWhNUFpCWUNBZ0VQWkJZQ0FnMFBEeFlDSHdWb1pCWUNBZ0VQWkJZQ1pnOWtGZ0lDQXc5a0ZnSUNCUTlrRmdJQ0FRODhLd0FKQVFBUEZnUWVEVkJoZEdoVFpYQmhjbUYwYjNJRUNCNE5UbVYyWlhKRmVIQmhibVJsWkdka1pBSVZEMlFXQWdJQkQyUVdCbVlQRmdJZkRBVVlMMEZ3Y0hNd01DOVRhR0Z5WldRZ1JHOWpkVzFsYm5SelpBSUdEMlFXQ0dZUFpCWUNBZ1FQWkJZQ0FnRVBaQllHWmc5a0ZnSm1EdzhXQWg4TVpXUmtBZ0VQWkJZR0FnRVBEeFlFSGd4RmNuSnZjazFsYzNOaFoyVUZNRmx2ZFNCdGRYTjBJSE53WldOcFpua2dZU0IyWVd4MVpTQm1iM0lnZEdobElISmxjWFZwY21Wa0lHWnBaV3hrTGg0VVQzSnBaMmx1WVd4RmNuSnZjazFsYzNOaFoyVUZNRmx2ZFNCdGRYTjBJSE53WldOcFpua2dZU0IyWVd4MVpTQm1iM0lnZEdobElISmxjWFZwY21Wa0lHWnBaV3hrTG1Sa0FnTVBEeFlDSHdWblpHUUNCQThRRHhZQ0h3d0ZKa0ZrWkNCaGN5QmhJRzVsZHlCMlpYSnphVzl1SUhSdklHVjRhWE4wYVc1bklHWnBiR1Z6WkdSa1pBSUNEeFlDSHdWb1pBSUJEMlFXQmdJQkQyUVdBbVlQRmdJZkRBVVNSR1Z6ZEdsdVlYUnBiMjRnUm05c1pHVnlaQUlDRDJRV0FtWVBGZ0lmREdWa0FnUVBaQllDQWdFUFpCWUdaZzlrRmdKbUR3OFdBaDhNWldSa0FnRVBaQllDQWdFUER4WUNId3dGQVM5a1pBSUNEeFlDSHdWb1pBSUNEMlFXQmdJQkQyUVdBbVlQRmdJZkRBVVRSR1Z6ZEdsdVlYUnBiMjRnVEdsaWNtRnllV1FDQWc5a0ZnSm1EeFlDSHd4bFpBSUVEMlFXQWdJQkQyUVdCR1lQWkJZQ1pnOFBGZ0lmREdWa1pBSUNEeFlDSHdWb1pBSUREMlFXQmdJQkQyUVdBbVlQRmdJZkRBVVFWbVZ5YzJsdmJpQkRiMjF0Wlc1MGMyUUNBZzlrRmdKbUR4WUNId3hsWkFJRUQyUVdBZ0lCRDJRV0JHWVBaQllDWmc4UEZnSWZER1ZrWkFJQ0R4WUNId1ZvWkFJSEQyUVdDR1lQRmdRZUNXbHVibVZ5YUhSdGJBWHlBVXhoY21kbElHWnBiR1VnZFhCc2IyRmtjeUIzYjNKcklHSmxkSFJsY2lCcGJpQnplVzVqWldRZ1ptOXNaR1Z5Y3l3Z1BHRWdjM1I1YkdVOUozZG9hWFJsTFhOd1lXTmxPbTV2ZDNKaGNDY2diMjVqYkdsamF6MGlkMmx1Wkc5M0xtOXdaVzRvSjJoMGRIQTZMeTl2Wm1acFkyVXViV2xqY205emIyWjBMbU52YlM5bGJpMTFjeTl6ZFhCd2IzSjBMM041Ym1NdFlTMXNhV0p5WVhKNUxYUnZMWGx2ZFhJdFkyOXRjSFYwWlhJdFNFRXhNREk0TXpJME1ERXVZWE53ZUNjc0lDZGZZbXhoYm1zbktTSWdhSEpsWmowbkl5YytiR1ZoY200Z2JXOXlaVHd2WVQ0dUptNWljM0E3Sm01aWMzQTdIZ2hwYzBocFpHUmxiZ1ZOZEhsd1pXOW1JRzVoZG1sbllYUnZjaTV0YzFCeWIzUnZZMjlzY3lBOVBTQWliMkpxWldOMElpQW1KaUFoYm1GMmFXZGhkRzl5TG0xelVISnZkRzlqYjJ4eld5Sm5jblp2Y0dWdUlsMWtBZ0VQRmdJZUJYTjBlV3hsQlExa2FYTndiR0Y1T201dmJtVTdaQUlDRDJRV0FnSUJEeFlDSGdkdmJtTnNhV05yQldacFppZ2hjSEp2WTJWemMwbHVjSFYwS0NrcElISmxkSFZ5YmlCbVlXeHpaVHRUZFdKdGFYUkNkWFIwYjI1UGJrTnNhV05yS0NkamRHd3dNRjlRYkdGalpVaHZiR1JsY2sxaGFXNWZZM1JzTURSZlVuQjBRMjl1ZEhKdmJITmZZblJ1VDBzbktUdGtBZ01QWkJZQ1pnOFdCQjRKWVdOalpYTnphMlY1QlFGREh4VUZyd04wY25rZ2V5QU5DaUFnSUNBZ0lDQWdJQ0FnSUNBZ0lDQWdJQ0FnSUNBZ0lDQWdJQ0FnSUNBZ0lDQWdJQ0FnSUNCM2FXNWtiM2N1Wm5KaGJXVkZiR1Z0Wlc1MExtTmhibU5sYkZCdmNGVndLQ2s3SUEwS0lDQWdJQ0FnSUNBZ0lDQWdJQ0FnSUNBZ0lDQWdJQ0FnSUNBZ0lDQWdJQ0FnSUNBZ2ZRMEtJQ0FnSUNBZ0lDQWdJQ0FnSUNBZ0lDQWdJQ0FnSUNBZ0lDQWdJQ0FnSUNBZ0lDQWdZMkYwWTJnb1pTa2dldzBLSUNBZ0lDQWdJQ0FnSUNBZ0lDQWdJQ0FnSUNBZ0lDQWdJQ0FnSUNBZ0lDQWdJQ0FnSUNBZ0lHbG1JQ2hDYjI5c1pXRnVLSFJ2Y0NrZ0ppWWdRbTl2YkdWaGJpaDBiM0F1Y0c5emRFMWxjM05oWjJVcEtTQU5DaUFnSUNBZ0lDQWdJQ0FnSUNBZ0lDQWdJQ0FnSUNBZ0lDQWdJQ0FnSUNBZ0lDQWdJQ0FnSUNBZ0lDQWdkRzl3TG5CdmMzUk5aWE56WVdkbEtDZERiRzl6WlVScFlXeHZaeWNzSUNjcUp5azdEUW9nSUNBZ0lDQWdJQ0FnSUNBZ0lDQWdJQ0FnSUNBZ0lDQWdJQ0FnSUNBZ0lDQWdJQ0I5SUEwS0lDQWdJQ0FnSUNBZ0lDQWdJQ0FnSUNBZ0lDQWdJQ0FnSUNBZ0lDQWdJQ0FnSUNBZ2NtVjBkWEp1SUdaaGJITmxPMlFZQWdVZVgxOURiMjUwY205c2MxSmxjWFZwY21WUWIzTjBRbUZqYTB0bGVWOWZGZ0VGUVdOMGJEQXdKRkJzWVdObFNHOXNaR1Z5VFdGcGJpUlZjR3h2WVdSRWIyTjFiV1Z1ZEZObFkzUnBiMjRrWTNSc01EVWtUM1psY25keWFYUmxVMmx1WjJ4bEJSZGpkR3d3TUNSVWIzQk9ZWFpwWjJGMGFXOXVUV1Z1ZFE4UFpBVVVTRzl0WlZ4QmNIQnpJQ1lnVUhKdlpIVmpkSE5rU0lseG90NXQ5endST1dtYkxLcVZVMGlwSkU1WTNUblNacjRYTFNmYnFwbz0iIFJlY29yZGVkVmFsdWU9Ii93RVBEd1VMTFRFMk1qQTNNRFF6TmpVUFpCWUNaZzlrRmdJQ0FROFdBaDRGWTJ4aGMzTUZGbTF6TFdScFlXeHZaeUJ0Y3kxa2FXRnNiMmN0Ym5JV0JBSUJEMlFXQWdJWkQyUVdBZ0lERDJRV0FnSUJEMlFXQW1ZUEZDc0FCbVFGTG1oMGRIQnpPaTh2YzNBdVpYaGpaV3h6ZFhCd2IzSjBMbTl5WnpvME5ETXZiWGt2VUdWeWMyOXVMbUZ6Y0hnRkkyaDBkSEJ6T2k4dmMzQXVaWGhqWld4emRYQndiM0owTG05eVp6bzBORE12YlhrdkJSOHZRWEJ3Y3pBd0wxOXNZWGx2ZFhSekx6RTFMMjE1YzNWaWN5NWhjM0I0QmZzQkwwRndjSE13TUM5ZmJHRjViM1YwY3k4eE5TOXlaV2RwYjI1aGJITmxkRzVuTG1GemNIZy9kSGx3WlQxMWMyVnlKbk52ZFhKalpUMW9kSFJ3Y3lVelFTVXlSaVV5Um5Od0pUSkZZMjl5WkdsemMyOXNkWFJwYjI1ekpUSkZZMjl0SlRKR1FYQndjekF3SlRKR0pUVkdiR0Y1YjNWMGN5VXlSakUxSlRKR1ZYQnNiMkZrSlRKRllYTndlQ1V6Umt4cGMzUWxNMFFsTWpVM1FrVkVNamd4T1RKQkpUSTFNa1F6UWpZM0pUSTFNa1EwTTBRNEpUSTFNa1JDUVRoQkpUSTFNa1JFUTBOQk0wRkRSVGRFTUVJbE1qVTNSQ1V5Tm1GdGNDVXpRbEp2YjNSR2IyeGtaWElsTTBRbE1qWmhiWEFsTTBKSmMwUnNaeVV6UkRFRnp3Sm9kSFJ3Y3pvdkwzTndMbVY0WTJWc2MzVndjRzl5ZEM1dmNtYzZORFF6TDIxNUwxOXNZWGx2ZFhSekx6RTFMMFZrYVhSUWNtOW1hV3hsTG1GemNIZy9WWE5sY2xObGRIUnBibWR6VUhKdmRtbGtaWEk5TWpNMFltWXdaV1FsTWtRM01HUmlKVEpFTkRFMU9DVXlSR0V6TXpJbE1rUTBaR1prTmpnellqUXhORGdtVW1WMGRYSnVWWEpzUFdoMGRIQnpKVE5CSlRKR0pUSkdjM0FsTWtWamIzSmthWE56YjJ4MWRHbHZibk1sTWtWamIyMGxNa1pCY0hCek1EQWxNa1lsTlVac1lYbHZkWFJ6SlRKR01UVWxNa1pWY0d4dllXUWxNa1ZoYzNCNEpUTkdUR2x6ZENVelJDVXlOVGRDUlVReU9ERTVNa0VsTWpVeVJETkNOamNsTWpVeVJEUXpSRGdsTWpVeVJFSkJPRUVsTWpVeVJFUkRRMEV6UVVORk4wUXdRaVV5TlRkRUpUSTJZVzF3SlROQ1VtOXZkRVp2YkdSbGNpVXpSQ1V5Tm1GdGNDVXpRa2x6Ukd4bkpUTkVNV1FDQnc4V0FoNEhaVzVqZEhsd1pRVVRiWFZzZEdsd1lYSjBMMlp2Y20wdFpHRjBZUllJQWdVUFpCWUNBZ0lQWkJZRUFnRVBaQllDQWdNUFpCWUNaZzlrRmdRQ0F3OWtGZ29DQVE4V0JoNFRRMnhwWlc1MFQyNURiR2xqYTFOamNtbHdkQVY1Ulc1emRYSmxVMk55YVhCMFJuVnVZeWduYzJoaGNtbHVaeTVxY3ljc0lDZEVhWE53YkdGNVUyaGhjbVZrVjJsMGFFUnBZV3h2Wnljc0lHWjFibU4wYVc5dUlDZ3BJSHNnUkdsemNHeGhlVk5vWVhKbFpGZHBkR2hFYVdGc2IyY29KMXgxTURBeVprRndjSE13TUZ4MU1EQXlaaWNwT3lCOUtSNG9RMnhwWlc1MFQyNURiR2xqYTFOamNtbHdkRU52Ym5SaGFXNXBibWRRY21WbWFYaGxaRlZ5YkFWNVJXNXpkWEpsVTJOeWFYQjBSblZ1WXlnbmMyaGhjbWx1Wnk1cWN5Y3NJQ2RFYVhOd2JHRjVVMmhoY21Wa1YybDBhRVJwWVd4dlp5Y3NJR1oxYm1OMGFXOXVJQ2dwSUhzZ1JHbHpjR3hoZVZOb1lYSmxaRmRwZEdoRWFXRnNiMmNvSjF4MU1EQXlaa0Z3Y0hNd01GeDFNREF5WmljcE95QjlLUjRZUTJ4cFpXNTBUMjVEYkdsamEwNWhkbWxuWVhSbFZYSnNaR1FDQXc4V0FoNEhWbWx6YVdKc1pXaGtBZ1VQRmdJZkJXaGtBZ3NQRmdJZkJXaGtBaElQWkJZQ1pnOFBGZ1llSEZCeVpYWnBiM1Z6UVhWMGFHOXlhVzVuU1hSbGJWWmxjbk5wYjI1bEhocFFjbVYyYVc5MWMwRjFkR2h2Y21sdVowbDBaVzFQZDI1bGNtVWVIRkJ5WlhacGIzVnpRWFYwYUc5eWFXNW5RMjl1ZEhKdmJFMXZaR1VMS1lnQlRXbGpjbTl6YjJaMExsTm9ZWEpsVUc5cGJuUXVWMlZpUTI5dWRISnZiSE11VTFCRGIyNTBjbTlzVFc5a1pTd2dUV2xqY205emIyWjBMbE5vWVhKbFVHOXBiblFzSUZabGNuTnBiMjQ5TVRZdU1DNHdMakFzSUVOMWJIUjFjbVU5Ym1WMWRISmhiQ3dnVUhWaWJHbGpTMlY1Vkc5clpXNDlOekZsT1dKalpURXhNV1U1TkRJNVl3QmtaQUlFRHc4V0FoNEpRV05qWlhOelMyVjVCUUV2WkdRQ0F3OWtGZ0lDQVE5a0ZnSUNBUTlrRmdZQ0FROFBGZ1FlQkY4aFUwSUNBaDRJUTNOelEyeGhjM01GRjIxekxYQnliMjF2ZEdWa1FXTjBhVzl1UW5WMGRHOXVaR1FDQXc5a0ZnSm1EdzhXQkI4S0FnSWZDd1VYYlhNdGNISnZiVzkwWldSQlkzUnBiMjVDZFhSMGIyNWtaQUlGRHc4V0JoOExCUmR0Y3kxd2NtOXRiM1JsWkVGamRHbHZia0oxZEhSdmJoOEtBZ0lmQldoa1pBSVBEMlFXQWdJQkQyUVdBbVlQRHhZRUhnUlVaWGgwQlJCVGFHRnlaV1FnUkc5amRXMWxiblJ6SGd0T1lYWnBaMkYwWlZWeWJBVXhMMEZ3Y0hNd01DOVRhR0Z5WldRZ1JHOWpkVzFsYm5SekwwWnZjbTF6TDJGc2JDQmtiMk4xYldWdWRITXVZWE53ZUdSa0FoTVBaQllDQWdFUFpCWUNBZzBQRHhZQ0h3Vm9aQllDQWdFUFpCWUNaZzlrRmdJQ0F3OWtGZ0lDQlE5a0ZnSUNBUTg4S3dBSkFRQVBGZ1FlRFZCaGRHaFRaWEJoY21GMGIzSUVDQjROVG1WMlpYSkZlSEJoYm1SbFpHZGtaQUlWRDJRV0FnSUJEMlFXQm1ZUEZnSWZEQVVZTDBGd2NITXdNQzlUYUdGeVpXUWdSRzlqZFcxbGJuUnpaQUlHRDJRV0NHWVBaQllDQWdRUFpCWUNBZ0VQWkJZR1pnOWtGZ0ptRHc4V0FoOE1aV1JrQWdFUFpCWUdBZ0VQRHhZRUhneEZjbkp2Y2sxbGMzTmhaMlVGTUZsdmRTQnRkWE4wSUhOd1pXTnBabmtnWVNCMllXeDFaU0JtYjNJZ2RHaGxJSEpsY1hWcGNtVmtJR1pwWld4a0xoNFVUM0pwWjJsdVlXeEZjbkp2Y2sxbGMzTmhaMlVGTUZsdmRTQnRkWE4wSUhOd1pXTnBabmtnWVNCMllXeDFaU0JtYjNJZ2RHaGxJSEpsY1hWcGNtVmtJR1pwWld4a0xtUmtBZ01QRHhZQ0h3Vm5aR1FDQkE4UUR4WUNId3dGSmtGa1pDQmhjeUJoSUc1bGR5QjJaWEp6YVc5dUlIUnZJR1Y0YVhOMGFXNW5JR1pwYkdWelpHUmtaQUlDRHhZQ0h3Vm9aQUlCRDJRV0JnSUJEMlFXQW1ZUEZnSWZEQVVTUkdWemRHbHVZWFJwYjI0Z1JtOXNaR1Z5WkFJQ0QyUVdBbVlQRmdJZkRHVmtBZ1FQWkJZQ0FnRVBaQllHWmc5a0ZnSm1EdzhXQWg4TVpXUmtBZ0VQWkJZQ0FnRVBEeFlDSHd3RkFTOWtaQUlDRHhZQ0h3Vm9aQUlDRDJRV0JnSUJEMlFXQW1ZUEZnSWZEQVVUUkdWemRHbHVZWFJwYjI0Z1RHbGljbUZ5ZVdRQ0FnOWtGZ0ptRHhZQ0h3eGxaQUlFRDJRV0FnSUJEMlFXQkdZUFpCWUNaZzhQRmdJZkRHVmtaQUlDRHhZQ0h3Vm9aQUlERDJRV0JnSUJEMlFXQW1ZUEZnSWZEQVVRVm1WeWMybHZiaUJEYjIxdFpXNTBjMlFDQWc5a0ZnSm1EeFlDSHd4bFpBSUVEMlFXQWdJQkQyUVdCR1lQWkJZQ1pnOFBGZ0lmREdWa1pBSUNEeFlDSHdWb1pBSUhEMlFXQ0dZUEZnUWVDV2x1Ym1WeWFIUnRiQVh5QVV4aGNtZGxJR1pwYkdVZ2RYQnNiMkZrY3lCM2IzSnJJR0psZEhSbGNpQnBiaUJ6ZVc1alpXUWdabTlzWkdWeWN5d2dQR0VnYzNSNWJHVTlKM2RvYVhSbExYTndZV05sT201dmQzSmhjQ2NnYjI1amJHbGphejBpZDJsdVpHOTNMbTl3Wlc0b0oyaDBkSEE2THk5dlptWnBZMlV1YldsamNtOXpiMlowTG1OdmJTOWxiaTExY3k5emRYQndiM0owTDNONWJtTXRZUzFzYVdKeVlYSjVMWFJ2TFhsdmRYSXRZMjl0Y0hWMFpYSXRTRUV4TURJNE16STBNREV1WVhOd2VDY3NJQ2RmWW14aGJtc25LU0lnYUhKbFpqMG5JeWMrYkdWaGNtNGdiVzl5WlR3dllUNHVKbTVpYzNBN0ptNWljM0E3SGdocGMwaHBaR1JsYmdWTmRIbHdaVzltSUc1aGRtbG5ZWFJ2Y2k1dGMxQnliM1J2WTI5c2N5QTlQU0FpYjJKcVpXTjBJaUFtSmlBaGJtRjJhV2RoZEc5eUxtMXpVSEp2ZEc5amIyeHpXeUpuY25admNHVnVJbDFrQWdFUEZnSWVCWE4wZVd4bEJRMWthWE53YkdGNU9tNXZibVU3WkFJQ0QyUVdBZ0lCRHhZQ0hnZHZibU5zYVdOckJXWnBaaWdoY0hKdlkyVnpjMGx1Y0hWMEtDa3BJSEpsZEhWeWJpQm1ZV3h6WlR0VGRXSnRhWFJDZFhSMGIyNVBia05zYVdOcktDZGpkR3d3TUY5UWJHRmpaVWh2YkdSbGNrMWhhVzVmWTNSc01EUmZVbkIwUTI5dWRISnZiSE5mWW5SdVQwc25LVHRrQWdNUFpCWUNaZzhXQkI0SllXTmpaWE56YTJWNUJRRkRIeFVGcndOMGNua2dleUFOQ2lBZ0lDQWdJQ0FnSUNBZ0lDQWdJQ0FnSUNBZ0lDQWdJQ0FnSUNBZ0lDQWdJQ0FnSUNBZ0lDQjNhVzVrYjNjdVpuSmhiV1ZGYkdWdFpXNTBMbU5oYm1ObGJGQnZjRlZ3S0NrN0lBMEtJQ0FnSUNBZ0lDQWdJQ0FnSUNBZ0lDQWdJQ0FnSUNBZ0lDQWdJQ0FnSUNBZ0lDQWdmUTBLSUNBZ0lDQWdJQ0FnSUNBZ0lDQWdJQ0FnSUNBZ0lDQWdJQ0FnSUNBZ0lDQWdJQ0FnWTJGMFkyZ29aU2tnZXcwS0lDQWdJQ0FnSUNBZ0lDQWdJQ0FnSUNBZ0lDQWdJQ0FnSUNBZ0lDQWdJQ0FnSUNBZ0lDQWdJR2xtSUNoQ2IyOXNaV0Z1S0hSdmNDa2dKaVlnUW05dmJHVmhiaWgwYjNBdWNHOXpkRTFsYzNOaFoyVXBLU0FOQ2lBZ0lDQWdJQ0FnSUNBZ0lDQWdJQ0FnSUNBZ0lDQWdJQ0FnSUNBZ0lDQWdJQ0FnSUNBZ0lDQWdJQ0FnZEc5d0xuQnZjM1JOWlhOellXZGxLQ2REYkc5elpVUnBZV3h2Wnljc0lDY3FKeWs3RFFvZ0lDQWdJQ0FnSUNBZ0lDQWdJQ0FnSUNBZ0lDQWdJQ0FnSUNBZ0lDQWdJQ0FnSUNCOUlBMEtJQ0FnSUNBZ0lDQWdJQ0FnSUNBZ0lDQWdJQ0FnSUNBZ0lDQWdJQ0FnSUNBZ0lDQWdjbVYwZFhKdUlHWmhiSE5sTzJRWUFnVWVYMTlEYjI1MGNtOXNjMUpsY1hWcGNtVlFiM04wUW1GamEwdGxlVjlmRmdFRlFXTjBiREF3SkZCc1lXTmxTRzlzWkdWeVRXRnBiaVJWY0d4dllXUkViMk4xYldWdWRGTmxZM1JwYjI0a1kzUnNNRFVrVDNabGNuZHlhWFJsVTJsdVoyeGxCUmRqZEd3d01DUlViM0JPWVhacFoyRjBhVzl1VFdWdWRROFBaQVVVU0c5dFpWeEJjSEJ6SUNZZ1VISnZaSFZqZEhOa1NJbHhvdDV0OXp3Uk9XbWJMS3FWVTBpcEpFNVkzVG5TWnI0WExTZmJxcG89IiBDb3JyZWxhdGlvbkJpbmRpbmc9Int7Rm9ybVBvc3RQYXJhbTIxLl9fVklFV1NUQVRFfX0iIFVybEVuY29kZT0iVHJ1ZSIgLz4NCiAgICAgICAgPEZvcm1Qb3N0UGFyYW1ldGVyIE5hbWU9Il9fVklFV1NUQVRFR0VORVJBVE9SIiBWYWx1ZT0iMUQyNkFDQjQiIFJlY29yZGVkVmFsdWU9IjFEMjZBQ0I0IiBDb3JyZWxhdGlvbkJpbmRpbmc9Int7Rm9ybVBvc3RQYXJhbTIyLl9fVklFV1NUQVRFR0VORVJBVE9SfX0iIFVybEVuY29kZT0iVHJ1ZSIgLz4NCiAgICAgICAgPEZvcm1Qb3N0UGFyYW1ldGVyIE5hbWU9Il9fU0NST0xMUE9TSVRJT05YIiBWYWx1ZT0iMCIgUmVjb3JkZWRWYWx1ZT0iMCIgQ29ycmVsYXRpb25CaW5kaW5nPSJ7e0Zvcm1Qb3N0UGFyYW0yMy5fX1NDUk9MTFBPU0lUSU9OWH19IiBVcmxFbmNvZGU9IlRydWUiIC8+DQogICAgICAgIDxGb3JtUG9zdFBhcmFtZXRlciBOYW1lPSJfX1NDUk9MTFBPU0lUSU9OWSIgVmFsdWU9IjAiIFJlY29yZGVkVmFsdWU9IjAiIENvcnJlbGF0aW9uQmluZGluZz0ie3tGb3JtUG9zdFBhcmFtMjQuX19TQ1JPTExQT1NJVElPTll9fSIgVXJsRW5jb2RlPSJUcnVlIiAvPg0KICAgICAgICA8Rm9ybVBvc3RQYXJhbWV0ZXIgTmFtZT0iX19FVkVOVFZBTElEQVRJT04iIFZhbHVlPSIvd0VkQUFtV0RSWVBMSEU5YVFhT3FIU3YyTkNsTG1YeVl3QStPZkZhRzVBMmx6OG5DTFVnRkxwbktPanZCQVUydFhud0Qwd2J0NXhXaWxIa3BBWHJndXRkOXhzcmFyNklJM3QybXlIdEttOEpyejBrcXgvTGN4RDVrZ1liWS9pSlRSVG1wR1JMUUFDZFhxTWk0ZmFnbmo1cU9yMzBjMFlLa2N1clN5OHN4dEV2d0gxMHRjWWNTY2M3ZSs2SE9QYkRHSlJFMjd1Z3hGVUJvUmd3WnNRQ0NRMHplM2pYTGdIN3NORDBYaHFxN0YvZUlJS3Q2UT09IiBSZWNvcmRlZFZhbHVlPSIvd0VkQUFtV0RSWVBMSEU5YVFhT3FIU3YyTkNsTG1YeVl3QStPZkZhRzVBMmx6OG5DTFVnRkxwbktPanZCQVUydFhud0Qwd2J0NXhXaWxIa3BBWHJndXRkOXhzcmFyNklJM3QybXlIdEttOEpyejBrcXgvTGN4RDVrZ1liWS9pSlRSVG1wR1JMUUFDZFhxTWk0ZmFnbmo1cU9yMzBjMFlLa2N1clN5OHN4dEV2d0gxMHRjWWNTY2M3ZSs2SE9QYkRHSlJFMjd1Z3hGVUJvUmd3WnNRQ0NRMHplM2pYTGdIN3NORDBYaHFxN0YvZUlJS3Q2UT09IiBDb3JyZWxhdGlvbkJpbmRpbmc9Int7Rm9ybVBvc3RQYXJhbTI1Ll9fRVZFTlRWQUxJREFUSU9OfX0iIFVybEVuY29kZT0iVHJ1ZSIgLz4NCiAgICAgICAgPEZvcm1Qb3N0UGFyYW1ldGVyIE5hbWU9ImRlc3RpbmF0aW9uIiBWYWx1ZT0iL0FwcHMwMC9TaGFyZWQgRG9jdW1lbnRzIiBSZWNvcmRlZFZhbHVlPSIvQXBwczAwL1NoYXJlZCBEb2N1bWVudHMiIENvcnJlbGF0aW9uQmluZGluZz0ie3tGb3JtUG9zdFBhcmFtMjYuZGVzdGluYXRpb259fSIgVXJsRW5jb2RlPSJUcnVlIiAvPg0KICAgICAgICA8RmlsZVVwbG9hZFBhcmFtZXRlciBOYW1lPSJjdGwwMCRQbGFjZUhvbGRlck1haW4kVXBsb2FkRG9jdW1lbnRTZWN0aW9uJGN0bDA1JElucHV0RmlsZSIgRmlsZU5hbWU9IkZpbGUgZm9yIHRoZSB2ZXJzaW9uIDMueGxzeCIgQ29udGVudFR5cGU9ImFwcGxpY2F0aW9uL3ZuZC5vcGVueG1sZm9ybWF0cy1vZmZpY2Vkb2N1bWVudC5zcHJlYWRzaGVldG1sLnNoZWV0IiBHZW5lcmF0ZVVuaXF1ZU5hbWU9IlRydWUiIFVzZUd1aWRzPSJGYWxzZSIgRmlsZVVwbG9hZE5hbWU9IiIgSHRtbEVuY29kZUZpbGVOYW1lPSJUcnVlIiAvPg0KICAgICAgICA8Rm9ybVBvc3RQYXJhbWV0ZXIgTmFtZT0iY3RsMDAkUGxhY2VIb2xkZXJNYWluJFVwbG9hZERvY3VtZW50U2VjdGlvbiRjdGwwNSRPdmVyd3JpdGVTaW5nbGUiIFZhbHVlPSJvbiIgUmVjb3JkZWRWYWx1ZT0ib24iIENvcnJlbGF0aW9uQmluZGluZz0ie3tGb3JtUG9zdFBhcmFtMjguY3RsMDAkUGxhY2VIb2xkZXJNYWluJFVwbG9hZERvY3VtZW50U2VjdGlvbiRjdGwwNSRPdmVyd3JpdGVTaW5nbGV9fSIgVXJsRW5jb2RlPSJUcnVlIiAvPg0KICAgICAgICA8Rm9ybVBvc3RQYXJhbWV0ZXIgTmFtZT0iY3RsMDAkUGxhY2VIb2xkZXJNYWluJGN0bDA1JGN0bDAxJHVwbG9hZExvY2F0aW9uIiBWYWx1ZT0iLyIgUmVjb3JkZWRWYWx1ZT0iLyIgQ29ycmVsYXRpb25CaW5kaW5nPSJ7e0Zvcm1Qb3N0UGFyYW0yNy5jdGwwMCRQbGFjZUhvbGRlck1haW4kY3RsMDUkY3RsMDEkdXBsb2FkTG9jYXRpb259fSIgVXJsRW5jb2RlPSJUcnVlIiAvPg0KICAgICAgICA8Rm9ybVBvc3RQYXJhbWV0ZXIgTmFtZT0iY3RsMDAkUGxhY2VIb2xkZXJNYWluJFZlcnNpb25Db21tZW50U2VjdGlvbiRjdGwwMSRDaGVja0luQ29tbWVudCIgVmFsdWU9IiIgUmVjb3JkZWRWYWx1ZT0iIiBDb3JyZWxhdGlvbkJpbmRpbmc9IiIgVXJsRW5jb2RlPSJUcnVlIiAvPg0KICAgICAgPC9Gb3JtUG9zdEh0dHBCb2R5Pg0KICAgIDwvUmVxdWVzdD4NCiAgICA8UmVxdWVzdCBNZXRob2Q9IkdFVCIgR3VpZD0iZTg3YTI3ZjMtN2ZmZS00NmE2LWJmMDgtMTAxMDA4NzAxYzJmIiBWZXJzaW9uPSIxLjEiIFVybD0iaHR0cHM6Ly9zcC5jb3JkaXNzb2x1dGlvbnMuY29tL0FwcHMwMC9TaGFyZWQlMjBEb2N1bWVudHMvRm9ybXMvRWRpdEZvcm0uYXNweCIgVGhpbmtUaW1lPSIwIiBUaW1lb3V0PSIzMDAiIFBhcnNlRGVwZW5kZW50UmVxdWVzdHM9IlRydWUiIEZvbGxvd1JlZGlyZWN0cz0iVHJ1ZSIgUmVjb3JkUmVzdWx0PSJUcnVlIiBDYWNoZT0iRmFsc2UiIFJlc3BvbnNlVGltZUdvYWw9IjAiIEVuY29kaW5nPSJ1dGYtOCIgRXhwZWN0ZWRIdHRwU3RhdHVzQ29kZT0iMCIgRXhwZWN0ZWRSZXNwb25zZVVybD0iIiBSZXBvcnRpbmdOYW1lPSIiIElnbm9yZUh0dHBTdGF0dXNDb2RlPSJGYWxzZSI+DQogICAgICA8RGVwZW5kZW50UmVxdWVzdHM+DQogICAgICAgIDxSZXF1ZXN0IE1ldGhvZD0iR0VUIiBHdWlkPSJlMjQ5ZjA4Ny1kNWNjLTQ2YzgtYTRhZi0xNTMyNGNhZTM1NjUiIFZlcnNpb249IjEuMSIgVXJsPSJodHRwczovL3NwLmNvcmRpc3NvbHV0aW9ucy5jb20vQXBwczAwL19sYXlvdXRzLzE1L2NvbW1hbmR1aS5hc2h4IiBUaGlua1RpbWU9IjAiIFRpbWVvdXQ9IjMwMCIgUGFyc2VEZXBlbmRlbnRSZXF1ZXN0cz0iVHJ1ZSIgRm9sbG93UmVkaXJlY3RzPSJUcnVlIiBSZWNvcmRSZXN1bHQ9IlRydWUiIENhY2hlPSJGYWxzZSIgUmVzcG9uc2VUaW1lR29hbD0iMCIgRW5jb2Rpbmc9InV0Zi04IiBFeHBlY3RlZEh0dHBTdGF0dXNDb2RlPSIwIiBFeHBlY3RlZFJlc3BvbnNlVXJsPSIiIFJlcG9ydGluZ05hbWU9IiIgSWdub3JlSHR0cFN0YXR1c0NvZGU9IkZhbHNlIj4NCiAgICAgICAgICA8SGVhZGVycz4NCiAgICAgICAgICAgIDxIZWFkZXIgTmFtZT0iWC1SZXF1ZXN0ZWQtV2l0aCIgVmFsdWU9IlhNTEh0dHBSZXF1ZXN0IiAvPg0KICAgICAgICAgICAgPEhlYWRlciBOYW1lPSJSZWZlcmVyIiBWYWx1ZT0iaHR0cHM6Ly9zcC5jb3JkaXNzb2x1dGlvbnMuY29tL0FwcHMwMC9TaGFyZWQlMjBEb2N1bWVudHMvRm9ybXMvRWRpdEZvcm0uYXNweD9Nb2RlPVVwbG9hZCZhbXA7Q2hlY2tJbkNvbW1lbnQ9JmFtcDtJRD0zNDU3JmFtcDtSb290Rm9sZGVyPSUyRkFwcHMwMCUyRlNoYXJlZCUyMERvY3VtZW50cyZhbXA7SXNEbGc9MSIgLz4NCiAgICAgICAgICA8L0hlYWRlcnM+DQogICAgICAgICAgPFF1ZXJ5U3RyaW5nUGFyYW1ldGVycz4NCiAgICAgICAgICAgIDxRdWVyeVN0cmluZ1BhcmFtZXRlciBOYW1lPSJ2ZXIiIFZhbHVlPSI4MjMxNTM1NTYiIFJlY29yZGVkVmFsdWU9IjgyMzE1MzU1NiIgQ29ycmVsYXRpb25CaW5kaW5nPSIiIFVybEVuY29kZT0iRmFsc2UiIFVzZVRvR3JvdXBSZXN1bHRzPSJGYWxzZSIgLz4NCiAgICAgICAgICAgIDxRdWVyeVN0cmluZ1BhcmFtZXRlciBOYW1lPSJsY2lkIiBWYWx1ZT0iMTAzMyIgUmVjb3JkZWRWYWx1ZT0iMTAzMyIgQ29ycmVsYXRpb25CaW5kaW5nPSIiIFVybEVuY29kZT0iRmFsc2UiIFVzZVRvR3JvdXBSZXN1bHRzPSJGYWxzZSIgLz4NCiAgICAgICAgICAgIDxRdWVyeVN0cmluZ1BhcmFtZXRlciBOYW1lPSJxdCIgVmFsdWU9ImNvbW1hbmRoYW5kbGVycyIgUmVjb3JkZWRWYWx1ZT0iY29tbWFuZGhhbmRsZXJzIiBDb3JyZWxhdGlvbkJpbmRpbmc9IiIgVXJsRW5jb2RlPSJGYWxzZSIgVXNlVG9Hcm91cFJlc3VsdHM9IkZhbHNlIiAvPg0KICAgICAgICAgIDwvUXVlcnlTdHJpbmdQYXJhbWV0ZXJzPg0KICAgICAgICA8L1JlcXVlc3Q+DQogICAgICAgIDxSZXF1ZXN0IE1ldGhvZD0iUE9TVCIgR3VpZD0iYTdiNDA2YTgtN2ExMi00MDQ2LWIyMGMtZGVhNzRjMDFjODBlIiBWZXJzaW9uPSIxLjEiIFVybD0iaHR0cHM6Ly9zcC5jb3JkaXNzb2x1dGlvbnMuY29tL0FwcHMwMC9fbGF5b3V0cy8xNS9jb21tYW5kdWkuYXNoeCIgVGhpbmtUaW1lPSIwIiBUaW1lb3V0PSIzMDAiIFBhcnNlRGVwZW5kZW50UmVxdWVzdHM9IlRydWUiIEZvbGxvd1JlZGlyZWN0cz0iVHJ1ZSIgUmVjb3JkUmVzdWx0PSJUcnVlIiBDYWNoZT0iRmFsc2UiIFJlc3BvbnNlVGltZUdvYWw9IjAiIEVuY29kaW5nPSJ1dGYtOCIgRXhwZWN0ZWRIdHRwU3RhdHVzQ29kZT0iMCIgRXhwZWN0ZWRSZXNwb25zZVVybD0iIiBSZXBvcnRpbmdOYW1lPSIiIElnbm9yZUh0dHBTdGF0dXNDb2RlPSJGYWxzZSI+DQogICAgICAgICAgPEhlYWRlcnM+DQogICAgICAgICAgICA8SGVhZGVyIE5hbWU9IlgtUmVxdWVzdGVkLVdpdGgiIFZhbHVlPSJYTUxIdHRwUmVxdWVzdCIgLz4NCiAgICAgICAgICAgIDxIZWFkZXIgTmFtZT0iUmVmZXJlciIgVmFsdWU9Imh0dHBzOi8vc3AuY29yZGlzc29sdXRpb25zLmNvbS9BcHBzMDAvU2hhcmVkJTIwRG9jdW1lbnRzL0Zvcm1zL0VkaXRGb3JtLmFzcHg/TW9kZT1VcGxvYWQmYW1wO0NoZWNrSW5Db21tZW50PSZhbXA7SUQ9MzQ1NyZhbXA7Um9vdEZvbGRlcj0lMkZBcHBzMDAlMkZTaGFyZWQlMjBEb2N1bWVudHMmYW1wO0lzRGxnPTEiIC8+DQogICAgICAgICAgPC9IZWFkZXJzPg0KICAgICAgICAgIDxRdWVyeVN0cmluZ1BhcmFtZXRlcnM+DQogICAgICAgICAgICA8UXVlcnlTdHJpbmdQYXJhbWV0ZXIgTmFtZT0idmVyIiBWYWx1ZT0iODIzMTUzNTU2IiBSZWNvcmRlZFZhbHVlPSI4MjMxNTM1NTYiIENvcnJlbGF0aW9uQmluZGluZz0iIiBVcmxFbmNvZGU9IkZhbHNlIiBVc2VUb0dyb3VwUmVzdWx0cz0iRmFsc2UiIC8+DQogICAgICAgICAgICA8UXVlcnlTdHJpbmdQYXJhbWV0ZXIgTmFtZT0iaWQiIFZhbHVlPSJSaWJib24uRG9jTGliTGlzdEZvcm0uRWRpdCIgUmVjb3JkZWRWYWx1ZT0iUmliYm9uLkRvY0xpYkxpc3RGb3JtLkVkaXQiIENvcnJlbGF0aW9uQmluZGluZz0iIiBVcmxFbmNvZGU9IkZhbHNlIiBVc2VUb0dyb3VwUmVzdWx0cz0iRmFsc2UiIC8+DQogICAgICAgICAgICA8UXVlcnlTdHJpbmdQYXJhbWV0ZXIgTmFtZT0ibGNpZCIgVmFsdWU9IjEwMzMiIFJlY29yZGVkVmFsdWU9IjEwMzMiIENvcnJlbGF0aW9uQmluZGluZz0iIiBVcmxFbmNvZGU9IkZhbHNlIiBVc2VUb0dyb3VwUmVzdWx0cz0iRmFsc2UiIC8+DQogICAgICAgICAgICA8UXVlcnlTdHJpbmdQYXJhbWV0ZXIgTmFtZT0icXQiIFZhbHVlPSJyaWJib252aXNpYmxldGFiZGVlcCIgUmVjb3JkZWRWYWx1ZT0icmliYm9udmlzaWJsZXRhYmRlZXAiIENvcnJlbGF0aW9uQmluZGluZz0iIiBVcmxFbmNvZGU9IkZhbHNlIiBVc2VUb0dyb3VwUmVzdWx0cz0iRmFsc2UiIC8+DQogICAgICAgICAgPC9RdWVyeVN0cmluZ1BhcmFtZXRlcnM+DQogICAgICAgICAgPEZvcm1Qb3N0SHR0cEJvZHkgLz4NCiAgICAgICAgPC9SZXF1ZXN0Pg0KICAgICAgICA8UmVxdWVzdCBNZXRob2Q9IkdFVCIgR3VpZD0iYzc5MzMzYWQtYTYyZS00MmQ2LWI1NGMtZDZmNzQzZGYzZmRmIiBWZXJzaW9uPSIxLjEiIFVybD0iaHR0cHM6Ly9zcC5jb3JkaXNzb2x1dGlvbnMuY29tL19sYXlvdXRzLzE1L1NjcmlwdFJlc3guYXNoeCIgVGhpbmtUaW1lPSIwIiBUaW1lb3V0PSIzMDAiIFBhcnNlRGVwZW5kZW50UmVxdWVzdHM9IlRydWUiIEZvbGxvd1JlZGlyZWN0cz0iVHJ1ZSIgUmVjb3JkUmVzdWx0PSJUcnVlIiBDYWNoZT0iRmFsc2UiIFJlc3BvbnNlVGltZUdvYWw9IjAiIEVuY29kaW5nPSJ1dGYtOCIgRXhwZWN0ZWRIdHRwU3RhdHVzQ29kZT0iMCIgRXhwZWN0ZWRSZXNwb25zZVVybD0iIiBSZXBvcnRpbmdOYW1lPSIiIElnbm9yZUh0dHBTdGF0dXNDb2RlPSJGYWxzZSI+DQogICAgICAgICAgPEhlYWRlcnM+DQogICAgICAgICAgICA8SGVhZGVyIE5hbWU9IlJlZmVyZXIiIFZhbHVlPSJodHRwczovL3NwLmNvcmRpc3NvbHV0aW9ucy5jb20vQXBwczAwL1NoYXJlZCUyMERvY3VtZW50cy9Gb3Jtcy9FZGl0Rm9ybS5hc3B4P01vZGU9VXBsb2FkJmFtcDtDaGVja0luQ29tbWVudD0mYW1wO0lEPTM0NTcmYW1wO1Jvb3RGb2xkZXI9JTJGQXBwczAwJTJGU2hhcmVkJTIwRG9jdW1lbnRzJmFtcDtJc0RsZz0xIiAvPg0KICAgICAgICAgIDwvSGVhZGVycz4NCiAgICAgICAgICA8UXVlcnlTdHJpbmdQYXJhbWV0ZXJzPg0KICAgICAgICAgICAgPFF1ZXJ5U3RyaW5nUGFyYW1ldGVyIE5hbWU9ImN1bHR1cmUiIFZhbHVlPSJlbiUyRHVzIiBSZWNvcmRlZFZhbHVlPSJlbiUyRHVzIiBDb3JyZWxhdGlvbkJpbmRpbmc9IiIgVXJsRW5jb2RlPSJGYWxzZSIgVXNlVG9Hcm91cFJlc3VsdHM9IkZhbHNlIiAvPg0KICAgICAgICAgICAgPFF1ZXJ5U3RyaW5nUGFyYW1ldGVyIE5hbWU9Im5hbWUiIFZhbHVlPSJTUCUyRVVJJTJFUG9saWN5JTJFUmVzb3VyY2VzIiBSZWNvcmRlZFZhbHVlPSJTUCUyRVVJJTJFUG9saWN5JTJFUmVzb3VyY2VzIiBDb3JyZWxhdGlvbkJpbmRpbmc9IiIgVXJsRW5jb2RlPSJGYWxzZSIgVXNlVG9Hcm91cFJlc3VsdHM9IkZhbHNlIiAvPg0KICAgICAgICAgICAgPFF1ZXJ5U3RyaW5nUGFyYW1ldGVyIE5hbWU9InJldiIgVmFsdWU9Im0yTnZ0bTEzRFJnb2RDVmklMkJzUnVrdyUzRCUzRCIgUmVjb3JkZWRWYWx1ZT0ibTJOdnRtMTNEUmdvZENWaSUyQnNSdWt3JTNEJTNEIiBDb3JyZWxhdGlvbkJpbmRpbmc9IiIgVXJsRW5jb2RlPSJGYWxzZSIgVXNlVG9Hcm91cFJlc3VsdHM9IkZhbHNlIiAvPg0KICAgICAgICAgIDwvUXVlcnlTdHJpbmdQYXJhbWV0ZXJzPg0KICAgICAgICA8L1JlcXVlc3Q+DQogICAgICAgIDxSZXF1ZXN0IE1ldGhvZD0iR0VUIiBHdWlkPSJmZTY5MmMwZC01Y2RmLTQ5ODgtOGQ4Ni1lNTFiMWU3Y2I2YzYiIFZlcnNpb249IjEuMSIgVXJsPSJodHRwczovL3NwLmNvcmRpc3NvbHV0aW9ucy5jb20vX2xheW91dHMvMTUvU2NyaXB0UmVzeC5hc2h4IiBUaGlua1RpbWU9IjEiIFRpbWVvdXQ9IjMwMCIgUGFyc2VEZXBlbmRlbnRSZXF1ZXN0cz0iVHJ1ZSIgRm9sbG93UmVkaXJlY3RzPSJUcnVlIiBSZWNvcmRSZXN1bHQ9IlRydWUiIENhY2hlPSJGYWxzZSIgUmVzcG9uc2VUaW1lR29hbD0iMCIgRW5jb2Rpbmc9InV0Zi04IiBFeHBlY3RlZEh0dHBTdGF0dXNDb2RlPSIwIiBFeHBlY3RlZFJlc3BvbnNlVXJsPSIiIFJlcG9ydGluZ05hbWU9IiIgSWdub3JlSHR0cFN0YXR1c0NvZGU9IkZhbHNlIj4NCiAgICAgICAgICA8SGVhZGVycz4NCiAgICAgICAgICAgIDxIZWFkZXIgTmFtZT0iUmVmZXJlciIgVmFsdWU9Imh0dHBzOi8vc3AuY29yZGlzc29sdXRpb25zLmNvbS9BcHBzMDAvU2hhcmVkJTIwRG9jdW1lbnRzL0Zvcm1zL0VkaXRGb3JtLmFzcHg/TW9kZT1VcGxvYWQmYW1wO0NoZWNrSW5Db21tZW50PSZhbXA7SUQ9MzQ1NyZhbXA7Um9vdEZvbGRlcj0lMkZBcHBzMDAlMkZTaGFyZWQlMjBEb2N1bWVudHMmYW1wO0lzRGxnPTEiIC8+DQogICAgICAgICAgPC9IZWFkZXJzPg0KICAgICAgICAgIDxRdWVyeVN0cmluZ1BhcmFtZXRlcnM+DQogICAgICAgICAgICA8UXVlcnlTdHJpbmdQYXJhbWV0ZXIgTmFtZT0iY3VsdHVyZSIgVmFsdWU9ImVuJTJEdXMiIFJlY29yZGVkVmFsdWU9ImVuJTJEdXMiIENvcnJlbGF0aW9uQmluZGluZz0iIiBVcmxFbmNvZGU9IkZhbHNlIiBVc2VUb0dyb3VwUmVzdWx0cz0iRmFsc2UiIC8+DQogICAgICAgICAgICA8UXVlcnlTdHJpbmdQYXJhbWV0ZXIgTmFtZT0ibmFtZSIgVmFsdWU9IlNQJTJFVUklMkVQb2xpY3klMkVSZXNvdXJjZXMiIFJlY29yZGVkVmFsdWU9IlNQJTJFVUklMkVQb2xpY3klMkVSZXNvdXJjZXMiIENvcnJlbGF0aW9uQmluZGluZz0iIiBVcmxFbmNvZGU9IkZhbHNlIiBVc2VUb0dyb3VwUmVzdWx0cz0iRmFsc2UiIC8+DQogICAgICAgICAgICA8UXVlcnlTdHJpbmdQYXJhbWV0ZXIgTmFtZT0icmV2IiBWYWx1ZT0ibTJOdnRtMTNEUmdvZENWaSUyQnNSdWt3JTNEJTNEIiBSZWNvcmRlZFZhbHVlPSJtMk52dG0xM0RSZ29kQ1ZpJTJCc1J1a3clM0QlM0QiIENvcnJlbGF0aW9uQmluZGluZz0iIiBVcmxFbmNvZGU9IkZhbHNlIiBVc2VUb0dyb3VwUmVzdWx0cz0iRmFsc2UiIC8+DQogICAgICAgICAgPC9RdWVyeVN0cmluZ1BhcmFtZXRlcnM+DQogICAgICAgIDwvUmVxdWVzdD4NCiAgICAgIDwvRGVwZW5kZW50UmVxdWVzdHM+DQogICAgICA8SGVhZGVycz4NCiAgICAgICAgPEhlYWRlciBOYW1lPSJSZWZlcmVyIiBWYWx1ZT0iaHR0cHM6Ly9zcC5jb3JkaXNzb2x1dGlvbnMuY29tL0FwcHMwMC9fbGF5b3V0cy8xNS9VcGxvYWRFeC5hc3B4P0xpc3Q9JTdiRUQyODE5MkEtM0I2Ny00M0Q4LUJBOEEtRENDQTNBQ0U3RDBCJTdkJmFtcDtSb290Rm9sZGVyPSZhbXA7SXNEbGc9MSIgLz4NCiAgICAgIDwvSGVhZGVycz4NCiAgICAgIDxFeHRyYWN0aW9uUnVsZXM+DQogICAgICAgIDxFeHRyYWN0aW9uUnVsZSBDbGFzc25hbWU9Ik1pY3Jvc29mdC5WaXN1YWxTdHVkaW8uVGVzdFRvb2xzLldlYlRlc3RpbmcuUnVsZXMuRXh0cmFjdEhpZGRlbkZpZWxkcywgTWljcm9zb2Z0LlZpc3VhbFN0dWRpby5RdWFsaXR5VG9vbHMuV2ViVGVzdEZyYW1ld29yaywgVmVyc2lvbj0xMC4wLjAuMCwgQ3VsdHVyZT1uZXV0cmFsLCBQdWJsaWNLZXlUb2tlbj1iMDNmNWY3ZjExZDUwYTNhIiBWYXJpYWJsZU5hbWU9IjIiIERpc3BsYXlOYW1lPSJFeHRyYWN0IEhpZGRlbiBGaWVsZHMiIERlc2NyaXB0aW9uPSJFeHRyYWN0IGFsbCBoaWRkZW4gZmllbGRzIGZyb20gdGhlIHJlc3BvbnNlIGFuZCBwbGFjZSB0aGVtIGludG8gdGhlIHRlc3QgY29udGV4dC4iPg0KICAgICAgICAgIDxSdWxlUGFyYW1ldGVycz4NCiAgICAgICAgICAgIDxSdWxlUGFyYW1ldGVyIE5hbWU9IlJlcXVpcmVkIiBWYWx1ZT0iVHJ1ZSIgLz4NCiAgICAgICAgICAgIDxSdWxlUGFyYW1ldGVyIE5hbWU9Ikh0bWxEZWNvZGUiIFZhbHVlPSJUcnVlIiAvPg0KICAgICAgICAgIDwvUnVsZVBhcmFtZXRlcnM+DQogICAgICAgIDwvRXh0cmFjdGlvblJ1bGU+DQogICAgICAgIDxFeHRyYWN0aW9uUnVsZSBDbGFzc25hbWU9Ik1pY3Jvc29mdC5WaXN1YWxTdHVkaW8uVGVzdFRvb2xzLldlYlRlc3RpbmcuUnVsZXMuRXh0cmFjdFRleHQsIE1pY3Jvc29mdC5WaXN1YWxTdHVkaW8uUXVhbGl0eVRvb2xzLldlYlRlc3RGcmFtZXdvcmssIFZlcnNpb249MTAuMC4wLjAsIEN1bHR1cmU9bmV1dHJhbCwgUHVibGljS2V5VG9rZW49YjAzZjVmN2YxMWQ1MGEzYSIgVmFyaWFibGVOYW1lPSJRdWVyeVN0cmluZ1BhcmFtNy5Sb290Rm9sZGVyIiBEaXNwbGF5TmFtZT0iRXh0cmFjdCBUZXh0IiBEZXNjcmlwdGlvbj0iRXh0cmFjdCB0ZXh0IGZyb20gdGhlIHJlc3BvbnNlIGFuZCBwbGFjZSBpdCBpbnRvIHRoZSB0ZXN0IGNvbnRleHQuIj4NCiAgICAgICAgICA8UnVsZVBhcmFtZXRlcnM+DQogICAgICAgICAgICA8UnVsZVBhcmFtZXRlciBOYW1lPSJTdGFydHNXaXRoIiBWYWx1ZT0iJmFtcDthbXA7Um9vdEZvbGRlcj0iIC8+DQogICAgICAgICAgICA8UnVsZVBhcmFtZXRlciBOYW1lPSJFbmRzV2l0aCIgVmFsdWU9IiZhbXA7IiAvPg0KICAgICAgICAgICAgPFJ1bGVQYXJhbWV0ZXIgTmFtZT0iSW5kZXgiIFZhbHVlPSIxIiAvPg0KICAgICAgICAgICAgPFJ1bGVQYXJhbWV0ZXIgTmFtZT0iSWdub3JlQ2FzZSIgVmFsdWU9IkZhbHNlIiAvPg0KICAgICAgICAgICAgPFJ1bGVQYXJhbWV0ZXIgTmFtZT0iVXNlUmVndWxhckV4cHJlc3Npb24iIFZhbHVlPSJGYWxzZSIgLz4NCiAgICAgICAgICAgIDxSdWxlUGFyYW1ldGVyIE5hbWU9Ikh0bWxEZWNvZGUiIFZhbHVlPSJUcnVlIiAvPg0KICAgICAgICAgICAgPFJ1bGVQYXJhbWV0ZXIgTmFtZT0iUmVxdWlyZWQiIFZhbHVlPSJGYWxzZSIgLz4NCiAgICAgICAgICA8L1J1bGVQYXJhbWV0ZXJzPg0KICAgICAgICA8L0V4dHJhY3Rpb25SdWxlPg0KICAgICAgICA8RXh0cmFjdGlvblJ1bGUgQ2xhc3NuYW1lPSJNaWNyb3NvZnQuVmlzdWFsU3R1ZGlvLlRlc3RUb29scy5XZWJUZXN0aW5nLlJ1bGVzLkV4dHJhY3RUZXh0LCBNaWNyb3NvZnQuVmlzdWFsU3R1ZGlvLlF1YWxpdHlUb29scy5XZWJUZXN0RnJhbWV3b3JrLCBWZXJzaW9uPTEwLjAuMC4wLCBDdWx0dXJlPW5ldXRyYWwsIFB1YmxpY0tleVRva2VuPWIwM2Y1ZjdmMTFkNTBhM2EiIFZhcmlhYmxlTmFtZT0iUXVlcnlTdHJpbmdQYXJhbTguSXNEbGciIERpc3BsYXlOYW1lPSJFeHRyYWN0IFRleHQiIERlc2NyaXB0aW9uPSJFeHRyYWN0IHRleHQgZnJvbSB0aGUgcmVzcG9uc2UgYW5kIHBsYWNlIGl0IGludG8gdGhlIHRlc3QgY29udGV4dC4iPg0KICAgICAgICAgIDxSdWxlUGFyYW1ldGVycz4NCiAgICAgICAgICAgIDxSdWxlUGFyYW1ldGVyIE5hbWU9IlN0YXJ0c1dpdGgiIFZhbHVlPSImYW1wO2FtcDtJc0RsZz0iIC8+DQogICAgICAgICAgICA8UnVsZVBhcmFtZXRlciBOYW1lPSJFbmRzV2l0aCIgVmFsdWU9IiZxdW90OyIgLz4NCiAgICAgICAgICAgIDxSdWxlUGFyYW1ldGVyIE5hbWU9IkluZGV4IiBWYWx1ZT0iMSIgLz4NCiAgICAgICAgICAgIDxSdWxlUGFyYW1ldGVyIE5hbWU9Iklnbm9yZUNhc2UiIFZhbHVlPSJGYWxzZSIgLz4NCiAgICAgICAgICAgIDxSdWxlUGFyYW1ldGVyIE5hbWU9IlVzZVJlZ3VsYXJFeHByZXNzaW9uIiBWYWx1ZT0iRmFsc2UiIC8+DQogICAgICAgICAgICA8UnVsZVBhcmFtZXRlciBOYW1lPSJIdG1sRGVjb2RlIiBWYWx1ZT0iVHJ1ZSIgLz4NCiAgICAgICAgICAgIDxSdWxlUGFyYW1ldGVyIE5hbWU9IlJlcXVpcmVkIiBWYWx1ZT0iRmFsc2UiIC8+DQogICAgICAgICAgPC9SdWxlUGFyYW1ldGVycz4NCiAgICAgICAgPC9FeHRyYWN0aW9uUnVsZT4NCiAgICAgICAgPEV4dHJhY3Rpb25SdWxlIENsYXNzbmFtZT0iTWljcm9zb2Z0LlZpc3VhbFN0dWRpby5UZXN0VG9vbHMuV2ViVGVzdGluZy5SdWxlcy5FeHRyYWN0VGV4dCwgTWljcm9zb2Z0LlZpc3VhbFN0dWRpby5RdWFsaXR5VG9vbHMuV2ViVGVzdEZyYW1ld29yaywgVmVyc2lvbj0xMC4wLjAuMCwgQ3VsdHVyZT1uZXV0cmFsLCBQdWJsaWNLZXlUb2tlbj1iMDNmNWY3ZjExZDUwYTNhIiBWYXJpYWJsZU5hbWU9IlF1ZXJ5U3RyaW5nUGFyYW0xNTQuUm9vdEZvbGRlciIgRGlzcGxheU5hbWU9IkV4dHJhY3QgVGV4dCIgRGVzY3JpcHRpb249IkV4dHJhY3QgdGV4dCBmcm9tIHRoZSByZXNwb25zZSBhbmQgcGxhY2UgaXQgaW50byB0aGUgdGVzdCBjb250ZXh0LiI+DQogICAgICAgICAgPFJ1bGVQYXJhbWV0ZXJzPg0KICAgICAgICAgICAgPFJ1bGVQYXJhbWV0ZXIgTmFtZT0iU3RhcnRzV2l0aCIgVmFsdWU9IiZhbXA7YW1wO1Jvb3RGb2xkZXI9IiAvPg0KICAgICAgICAgICAgPFJ1bGVQYXJhbWV0ZXIgTmFtZT0iRW5kc1dpdGgiIFZhbHVlPSImYW1wOyIgLz4NCiAgICAgICAgICAgIDxSdWxlUGFyYW1ldGVyIE5hbWU9IkluZGV4IiBWYWx1ZT0iMSIgLz4NCiAgICAgICAgICAgIDxSdWxlUGFyYW1ldGVyIE5hbWU9Iklnbm9yZUNhc2UiIFZhbHVlPSJGYWxzZSIgLz4NCiAgICAgICAgICAgIDxSdWxlUGFyYW1ldGVyIE5hbWU9IlVzZVJlZ3VsYXJFeHByZXNzaW9uIiBWYWx1ZT0iRmFsc2UiIC8+DQogICAgICAgICAgICA8UnVsZVBhcmFtZXRlciBOYW1lPSJIdG1sRGVjb2RlIiBWYWx1ZT0iVHJ1ZSIgLz4NCiAgICAgICAgICAgIDxSdWxlUGFyYW1ldGVyIE5hbWU9IlJlcXVpcmVkIiBWYWx1ZT0iRmFsc2UiIC8+DQogICAgICAgICAgPC9SdWxlUGFyYW1ldGVycz4NCiAgICAgICAgPC9FeHRyYWN0aW9uUnVsZT4NCiAgICAgICAgPEV4dHJhY3Rpb25SdWxlIENsYXNzbmFtZT0iTWljcm9zb2Z0LlZpc3VhbFN0dWRpby5UZXN0VG9vbHMuV2ViVGVzdGluZy5SdWxlcy5FeHRyYWN0VGV4dCwgTWljcm9zb2Z0LlZpc3VhbFN0dWRpby5RdWFsaXR5VG9vbHMuV2ViVGVzdEZyYW1ld29yaywgVmVyc2lvbj0xMC4wLjAuMCwgQ3VsdHVyZT1uZXV0cmFsLCBQdWJsaWNLZXlUb2tlbj1iMDNmNWY3ZjExZDUwYTNhIiBWYXJpYWJsZU5hbWU9IlF1ZXJ5U3RyaW5nUGFyYW0xNTUuSXNEbGciIERpc3BsYXlOYW1lPSJFeHRyYWN0IFRleHQiIERlc2NyaXB0aW9uPSJFeHRyYWN0IHRleHQgZnJvbSB0aGUgcmVzcG9uc2UgYW5kIHBsYWNlIGl0IGludG8gdGhlIHRlc3QgY29udGV4dC4iPg0KICAgICAgICAgIDxSdWxlUGFyYW1ldGVycz4NCiAgICAgICAgICAgIDxSdWxlUGFyYW1ldGVyIE5hbWU9IlN0YXJ0c1dpdGgiIFZhbHVlPSImYW1wO2FtcDtJc0RsZz0iIC8+DQogICAgICAgICAgICA8UnVsZVBhcmFtZXRlciBOYW1lPSJFbmRzV2l0aCIgVmFsdWU9IiZxdW90OyIgLz4NCiAgICAgICAgICAgIDxSdWxlUGFyYW1ldGVyIE5hbWU9IkluZGV4IiBWYWx1ZT0iMSIgLz4NCiAgICAgICAgICAgIDxSdWxlUGFyYW1ldGVyIE5hbWU9Iklnbm9yZUNhc2UiIFZhbHVlPSJGYWxzZSIgLz4NCiAgICAgICAgICAgIDxSdWxlUGFyYW1ldGVyIE5hbWU9IlVzZVJlZ3VsYXJFeHByZXNzaW9uIiBWYWx1ZT0iRmFsc2UiIC8+DQogICAgICAgICAgICA8UnVsZVBhcmFtZXRlciBOYW1lPSJIdG1sRGVjb2RlIiBWYWx1ZT0iVHJ1ZSIgLz4NCiAgICAgICAgICAgIDxSdWxlUGFyYW1ldGVyIE5hbWU9IlJlcXVpcmVkIiBWYWx1ZT0iRmFsc2UiIC8+DQogICAgICAgICAgPC9SdWxlUGFyYW1ldGVycz4NCiAgICAgICAgPC9FeHRyYWN0aW9uUnVsZT4NCiAgICAgIDwvRXh0cmFjdGlvblJ1bGVzPg0KICAgICAgPENvcnJlbGF0aW9uRXh0cmFjdGlvblJ1bGVzPg0KICAgICAgICA8RXh0cmFjdGlvblJ1bGUgQ2xhc3NuYW1lPSJNaWNyb3NvZnQuVmlzdWFsU3R1ZGlvLlRlc3RUb29scy5XZWJUZXN0aW5nLlJ1bGVzLkV4dHJhY3RUZXh0LCBNaWNyb3NvZnQuVmlzdWFsU3R1ZGlvLlF1YWxpdHlUb29scy5XZWJUZXN0RnJhbWV3b3JrLCBWZXJzaW9uPTEwLjAuMC4wLCBDdWx0dXJlPW5ldXRyYWwsIFB1YmxpY0tleVRva2VuPWIwM2Y1ZjdmMTFkNTBhM2EiIFZhcmlhYmxlTmFtZT0iUXVlcnlTdHJpbmdQYXJhbTUuTW9kZSIgRGlzcGxheU5hbWU9IiIgRGVzY3JpcHRpb249IiI+DQogICAgICAgICAgPFJ1bGVQYXJhbWV0ZXJzPg0KICAgICAgICAgICAgPFJ1bGVQYXJhbWV0ZXIgTmFtZT0iU3RhcnRzV2l0aCIgVmFsdWU9Ij9Nb2RlPSIgLz4NCiAgICAgICAgICAgIDxSdWxlUGFyYW1ldGVyIE5hbWU9IkVuZHNXaXRoIiBWYWx1ZT0iJmFtcDsiIC8+DQogICAgICAgICAgICA8UnVsZVBhcmFtZXRlciBOYW1lPSJJbmRleCIgVmFsdWU9IjEiIC8+DQogICAgICAgICAgICA8UnVsZVBhcmFtZXRlciBOYW1lPSJJZ25vcmVDYXNlIiBWYWx1ZT0iRmFsc2UiIC8+DQogICAgICAgICAgICA8UnVsZVBhcmFtZXRlciBOYW1lPSJVc2VSZWd1bGFyRXhwcmVzc2lvbiIgVmFsdWU9IkZhbHNlIiAvPg0KICAgICAgICAgICAgPFJ1bGVQYXJhbWV0ZXIgTmFtZT0iSHRtbERlY29kZSIgVmFsdWU9IlRydWUiIC8+DQogICAgICAgICAgICA8UnVsZVBhcmFtZXRlciBOYW1lPSJSZXF1aXJlZCIgVmFsdWU9IkZhbHNlIiAvPg0KICAgICAgICAgIDwvUnVsZVBhcmFtZXRlcnM+DQogICAgICAgIDwvRXh0cmFjdGlvblJ1bGU+DQogICAgICAgIDxFeHRyYWN0aW9uUnVsZSBDbGFzc25hbWU9Ik1pY3Jvc29mdC5WaXN1YWxTdHVkaW8uVGVzdFRvb2xzLldlYlRlc3RpbmcuUnVsZXMuRXh0cmFjdFRleHQsIE1pY3Jvc29mdC5WaXN1YWxTdHVkaW8uUXVhbGl0eVRvb2xzLldlYlRlc3RGcmFtZXdvcmssIFZlcnNpb249MTAuMC4wLjAsIEN1bHR1cmU9bmV1dHJhbCwgUHVibGljS2V5VG9rZW49YjAzZjVmN2YxMWQ1MGEzYSIgVmFyaWFibGVOYW1lPSJRdWVyeVN0cmluZ1BhcmFtNi5JRCIgRGlzcGxheU5hbWU9IiIgRGVzY3JpcHRpb249IiI+DQogICAgICAgICAgPFJ1bGVQYXJhbWV0ZXJzPg0KICAgICAgICAgICAgPFJ1bGVQYXJhbWV0ZXIgTmFtZT0iU3RhcnRzV2l0aCIgVmFsdWU9IiZhbXA7YW1wO0lEPSIgLz4NCiAgICAgICAgICAgIDxSdWxlUGFyYW1ldGVyIE5hbWU9IkVuZHNXaXRoIiBWYWx1ZT0iJmFtcDsiIC8+DQogICAgICAgICAgICA8UnVsZVBhcmFtZXRlciBOYW1lPSJJbmRleCIgVmFsdWU9IjEiIC8+DQogICAgICAgICAgICA8UnVsZVBhcmFtZXRlciBOYW1lPSJJZ25vcmVDYXNlIiBWYWx1ZT0iRmFsc2UiIC8+DQogICAgICAgICAgICA8UnVsZVBhcmFtZXRlciBOYW1lPSJVc2VSZWd1bGFyRXhwcmVzc2lvbiIgVmFsdWU9IkZhbHNlIiAvPg0KICAgICAgICAgICAgPFJ1bGVQYXJhbWV0ZXIgTmFtZT0iSHRtbERlY29kZSIgVmFsdWU9IlRydWUiIC8+DQogICAgICAgICAgICA8UnVsZVBhcmFtZXRlciBOYW1lPSJSZXF1aXJlZCIgVmFsdWU9IkZhbHNlIiAvPg0KICAgICAgICAgIDwvUnVsZVBhcmFtZXRlcnM+DQogICAgICAgIDwvRXh0cmFjdGlvblJ1bGU+DQogICAgICAgIDxFeHRyYWN0aW9uUnVsZSBDbGFzc25hbWU9Ik1pY3Jvc29mdC5WaXN1YWxTdHVkaW8uVGVzdFRvb2xzLldlYlRlc3RpbmcuUnVsZXMuRXh0cmFjdFRleHQsIE1pY3Jvc29mdC5WaXN1YWxTdHVkaW8uUXVhbGl0eVRvb2xzLldlYlRlc3RGcmFtZXdvcmssIFZlcnNpb249MTAuMC4wLjAsIEN1bHR1cmU9bmV1dHJhbCwgUHVibGljS2V5VG9rZW49YjAzZjVmN2YxMWQ1MGEzYSIgVmFyaWFibGVOYW1lPSJGb3JtUG9zdFBhcmFtMi5fX0VWRU5UVEFSR0VUIiBEaXNwbGF5TmFtZT0iIiBEZXNjcmlwdGlvbj0iIj4NCiAgICAgICAgICA8UnVsZVBhcmFtZXRlcnM+DQogICAgICAgICAgICA8UnVsZVBhcmFtZXRlciBOYW1lPSJTdGFydHNXaXRoIiBWYWx1ZT0iYW1lPSZxdW90OyIgLz4NCiAgICAgICAgICAgIDxSdWxlUGFyYW1ldGVyIE5hbWU9IkVuZHNXaXRoIiBWYWx1ZT0iJnF1b3Q7IHZhbCIgLz4NCiAgICAgICAgICAgIDxSdWxlUGFyYW1ldGVyIE5hbWU9IkluZGV4IiBWYWx1ZT0iNTAiIC8+DQogICAgICAgICAgICA8UnVsZVBhcmFtZXRlciBOYW1lPSJJZ25vcmVDYXNlIiBWYWx1ZT0iRmFsc2UiIC8+DQogICAgICAgICAgICA8UnVsZVBhcmFtZXRlciBOYW1lPSJVc2VSZWd1bGFyRXhwcmVzc2lvbiIgVmFsdWU9IkZhbHNlIiAvPg0KICAgICAgICAgICAgPFJ1bGVQYXJhbWV0ZXIgTmFtZT0iSHRtbERlY29kZSIgVmFsdWU9IlRydWUiIC8+DQogICAgICAgICAgICA8UnVsZVBhcmFtZXRlciBOYW1lPSJSZXF1aXJlZCIgVmFsdWU9IkZhbHNlIiAvPg0KICAgICAgICAgIDwvUnVsZVBhcmFtZXRlcnM+DQogICAgICAgIDwvRXh0cmFjdGlvblJ1bGU+DQogICAgICAgIDxFeHRyYWN0aW9uUnVsZSBDbGFzc25hbWU9Ik1pY3Jvc29mdC5WaXN1YWxTdHVkaW8uVGVzdFRvb2xzLldlYlRlc3RpbmcuUnVsZXMuRXh0cmFjdFRleHQsIE1pY3Jvc29mdC5WaXN1YWxTdHVkaW8uUXVhbGl0eVRvb2xzLldlYlRlc3RGcmFtZXdvcmssIFZlcnNpb249MTAuMC4wLjAsIEN1bHR1cmU9bmV1dHJhbCwgUHVibGljS2V5VG9rZW49YjAzZjVmN2YxMWQ1MGEzYSIgVmFyaWFibGVOYW1lPSJGb3JtUG9zdFBhcmFtMy5jdGwwMCRjdGw0NCRjdGwwNCIgRGlzcGxheU5hbWU9IiIgRGVzY3JpcHRpb249IiI+DQogICAgICAgICAgPFJ1bGVQYXJhbWV0ZXJzPg0KICAgICAgICAgICAgPFJ1bGVQYXJhbWV0ZXIgTmFtZT0iU3RhcnRzV2l0aCIgVmFsdWU9IiBpZD0mcXVvdDsiIC8+DQogICAgICAgICAgICA8UnVsZVBhcmFtZXRlciBOYW1lPSJFbmRzV2l0aCIgVmFsdWU9IiZxdW90OyB1bnMiIC8+DQogICAgICAgICAgICA8UnVsZVBhcmFtZXRlciBOYW1lPSJJbmRleCIgVmFsdWU9IjcyIiAvPg0KICAgICAgICAgICAgPFJ1bGVQYXJhbWV0ZXIgTmFtZT0iSWdub3JlQ2FzZSIgVmFsdWU9IkZhbHNlIiAvPg0KICAgICAgICAgICAgPFJ1bGVQYXJhbWV0ZXIgTmFtZT0iVXNlUmVndWxhckV4cHJlc3Npb24iIFZhbHVlPSJGYWxzZSIgLz4NCiAgICAgICAgICAgIDxSdWxlUGFyYW1ldGVyIE5hbWU9Ikh0bWxEZWNvZGUiIFZhbHVlPSJUcnVlIiAvPg0KICAgICAgICAgICAgPFJ1bGVQYXJhbWV0ZXIgTmFtZT0iUmVxdWlyZWQiIFZhbHVlPSJGYWxzZSIgLz4NCiAgICAgICAgICA8L1J1bGVQYXJhbWV0ZXJzPg0KICAgICAgICA8L0V4dHJhY3Rpb25SdWxlPg0KICAgICAgICA8RXh0cmFjdGlvblJ1bGUgQ2xhc3NuYW1lPSJNaWNyb3NvZnQuVmlzdWFsU3R1ZGlvLlRlc3RUb29scy5XZWJUZXN0aW5nLlJ1bGVzLkV4dHJhY3RUZXh0LCBNaWNyb3NvZnQuVmlzdWFsU3R1ZGlvLlF1YWxpdHlUb29scy5XZWJUZXN0RnJhbWV3b3JrLCBWZXJzaW9uPTEwLjAuMC4wLCBDdWx0dXJlPW5ldXRyYWwsIFB1YmxpY0tleVRva2VuPWIwM2Y1ZjdmMTFkNTBhM2EiIFZhcmlhYmxlTmFtZT0iRm9ybVBvc3RQYXJhbTQuY3RsMDAkY3RsNDMkZ18xMTI2YjBmOF9lNWU2XzQyNzdfYmFhNl80MjNkYTBiYmE0NzckY3RsMDAkY3RsMDIkY3RsMDAkY3RsMDEkY3RsMDAkQ29udGVudFR5cGVDaG9pY2UiIERpc3BsYXlOYW1lPSIiIERlc2NyaXB0aW9uPSIiPg0KICAgICAgICAgIDxSdWxlUGFyYW1ldGVycz4NCiAgICAgICAgICAgIDxSdWxlUGFyYW1ldGVyIE5hbWU9IlN0YXJ0c1dpdGgiIFZhbHVlPSJsdWU9JnF1b3Q7IiAvPg0KICAgICAgICAgICAgPFJ1bGVQYXJhbWV0ZXIgTmFtZT0iRW5kc1dpdGgiIFZhbHVlPSImcXVvdDsmZ3Q7Q29yIiAvPg0KICAgICAgICAgICAgPFJ1bGVQYXJhbWV0ZXIgTmFtZT0iSW5kZXgiIFZhbHVlPSIzMyIgLz4NCiAgICAgICAgICAgIDxSdWxlUGFyYW1ldGVyIE5hbWU9Iklnbm9yZUNhc2UiIFZhbHVlPSJGYWxzZSIgLz4NCiAgICAgICAgICAgIDxSdWxlUGFyYW1ldGVyIE5hbWU9IlVzZVJlZ3VsYXJFeHByZXNzaW9uIiBWYWx1ZT0iRmFsc2UiIC8+DQogICAgICAgICAgICA8UnVsZVBhcmFtZXRlciBOYW1lPSJIdG1sRGVjb2RlIiBWYWx1ZT0iVHJ1ZSIgLz4NCiAgICAgICAgICAgIDxSdWxlUGFyYW1ldGVyIE5hbWU9IlJlcXVpcmVkIiBWYWx1ZT0iRmFsc2UiIC8+DQogICAgICAgICAgPC9SdWxlUGFyYW1ldGVycz4NCiAgICAgICAgPC9FeHRyYWN0aW9uUnVsZT4NCiAgICAgICAgPEV4dHJhY3Rpb25SdWxlIENsYXNzbmFtZT0iTWljcm9zb2Z0LlZpc3VhbFN0dWRpby5UZXN0VG9vbHMuV2ViVGVzdGluZy5SdWxlcy5FeHRyYWN0VGV4dCwgTWljcm9zb2Z0LlZpc3VhbFN0dWRpby5RdWFsaXR5VG9vbHMuV2ViVGVzdEZyYW1ld29yaywgVmVyc2lvbj0xMC4wLjAuMCwgQ3VsdHVyZT1uZXV0cmFsLCBQdWJsaWNLZXlUb2tlbj1iMDNmNWY3ZjExZDUwYTNhIiBWYXJpYWJsZU5hbWU9IkZvcm1Qb3N0UGFyYW01LkNsaWVudEZvcm1Qb3N0QmFja1ZhbHVlX2VkMjgxOTJhLTNiNjctNDNkOC1iYThhLWRjY2EzYWNlN2QwYl9GaWxlTGVhZlJlZiIgRGlzcGxheU5hbWU9IiIgRGVzY3JpcHRpb249IiI+DQogICAgICAgICAgPFJ1bGVQYXJhbWV0ZXJzPg0KICAgICAgICAgICAgPFJ1bGVQYXJhbWV0ZXIgTmFtZT0iU3RhcnRzV2l0aCIgVmFsdWU9ImVmJnF1b3Q7OiZxdW90OyIgLz4NCiAgICAgICAgICAgIDxSdWxlUGFyYW1ldGVyIE5hbWU9IkVuZHNXaXRoIiBWYWx1ZT0iJnF1b3Q7LCZxdW90O1RpIiAvPg0KICAgICAgICAgICAgPFJ1bGVQYXJhbWV0ZXIgTmFtZT0iSW5kZXgiIFZhbHVlPSIwIiAvPg0KICAgICAgICAgICAgPFJ1bGVQYXJhbWV0ZXIgTmFtZT0iSWdub3JlQ2FzZSIgVmFsdWU9IkZhbHNlIiAvPg0KICAgICAgICAgICAgPFJ1bGVQYXJhbWV0ZXIgTmFtZT0iVXNlUmVndWxhckV4cHJlc3Npb24iIFZhbHVlPSJGYWxzZSIgLz4NCiAgICAgICAgICAgIDxSdWxlUGFyYW1ldGVyIE5hbWU9Ikh0bWxEZWNvZGUiIFZhbHVlPSJUcnVlIiAvPg0KICAgICAgICAgICAgPFJ1bGVQYXJhbWV0ZXIgTmFtZT0iUmVxdWlyZWQiIFZhbHVlPSJGYWxzZSIgLz4NCiAgICAgICAgICA8L1J1bGVQYXJhbWV0ZXJzPg0KICAgICAgICA8L0V4dHJhY3Rpb25SdWxlPg0KICAgICAgICA8RXh0cmFjdGlvblJ1bGUgQ2xhc3NuYW1lPSJNaWNyb3NvZnQuVmlzdWFsU3R1ZGlvLlRlc3RUb29scy5XZWJUZXN0aW5nLlJ1bGVzLkV4dHJhY3RUZXh0LCBNaWNyb3NvZnQuVmlzdWFsU3R1ZGlvLlF1YWxpdHlUb29scy5XZWJUZXN0RnJhbWV3b3JrLCBWZXJzaW9uPTEwLjAuMC4wLCBDdWx0dXJlPW5ldXRyYWwsIFB1YmxpY0tleVRva2VuPWIwM2Y1ZjdmMTFkNTBhM2EiIFZhcmlhYmxlTmFtZT0iRm9ybVBvc3RQYXJhbTYuQ2xpZW50Rm9ybVBvc3RCYWNrVmFsdWVfZWQyODE5MmEtM2I2Ny00M2Q4LWJhOGEtZGNjYTNhY2U3ZDBiX1RpdGxlIiBEaXNwbGF5TmFtZT0iIiBEZXNjcmlwdGlvbj0iIj4NCiAgICAgICAgICA8UnVsZVBhcmFtZXRlcnM+DQogICAgICAgICAgICA8UnVsZVBhcmFtZXRlciBOYW1lPSJTdGFydHNXaXRoIiBWYWx1ZT0ibGUmcXVvdDs6JnF1b3Q7IiAvPg0KICAgICAgICAgICAgPFJ1bGVQYXJhbWV0ZXIgTmFtZT0iRW5kc1dpdGgiIFZhbHVlPSImcXVvdDssJnF1b3Q7QXAiIC8+DQogICAgICAgICAgICA8UnVsZVBhcmFtZXRlciBOYW1lPSJJbmRleCIgVmFsdWU9IjAiIC8+DQogICAgICAgICAgICA8UnVsZVBhcmFtZXRlciBOYW1lPSJJZ25vcmVDYXNlIiBWYWx1ZT0iRmFsc2UiIC8+DQogICAgICAgICAgICA8UnVsZVBhcmFtZXRlciBOYW1lPSJVc2VSZWd1bGFyRXhwcmVzc2lvbiIgVmFsdWU9IkZhbHNlIiAvPg0KICAgICAgICAgICAgPFJ1bGVQYXJhbWV0ZXIgTmFtZT0iSHRtbERlY29kZSIgVmFsdWU9IlRydWUiIC8+DQogICAgICAgICAgICA8UnVsZVBhcmFtZXRlciBOYW1lPSJSZXF1aXJlZCIgVmFsdWU9IkZhbHNlIiAvPg0KICAgICAgICAgIDwvUnVsZVBhcmFtZXRlcnM+DQogICAgICAgIDwvRXh0cmFjdGlvblJ1bGU+DQogICAgICAgIDxFeHRyYWN0aW9uUnVsZSBDbGFzc25hbWU9Ik1pY3Jvc29mdC5WaXN1YWxTdHVkaW8uVGVzdFRvb2xzLldlYlRlc3RpbmcuUnVsZXMuRXh0cmFjdFRleHQsIE1pY3Jvc29mdC5WaXN1YWxTdHVkaW8uUXVhbGl0eVRvb2xzLldlYlRlc3RGcmFtZXdvcmssIFZlcnNpb249MTAuMC4wLjAsIEN1bHR1cmU9bmV1dHJhbCwgUHVibGljS2V5VG9rZW49YjAzZjVmN2YxMWQ1MGEzYSIgVmFyaWFibGVOYW1lPSJGb3JtUG9zdFBhcmFtNy5DbGllbnRGb3JtUG9zdEJhY2tWYWx1ZV9lZDI4MTkyYS0zYjY3LTQzZDgtYmE4YS1kY2NhM2FjZTdkMGJfU3RhdHVzIiBEaXNwbGF5TmFtZT0iIiBEZXNjcmlwdGlvbj0iIj4NCiAgICAgICAgICA8UnVsZVBhcmFtZXRlcnM+DQogICAgICAgICAgICA8UnVsZVBhcmFtZXRlciBOYW1lPSJTdGFydHNXaXRoIiBWYWx1ZT0idXMmcXVvdDs6JnF1b3Q7IiAvPg0KICAgICAgICAgICAgPFJ1bGVQYXJhbWV0ZXIgTmFtZT0iRW5kc1dpdGgiIFZhbHVlPSImcXVvdDssJnF1b3Q7Q28iIC8+DQogICAgICAgICAgICA8UnVsZVBhcmFtZXRlciBOYW1lPSJJbmRleCIgVmFsdWU9IjAiIC8+DQogICAgICAgICAgICA8UnVsZVBhcmFtZXRlciBOYW1lPSJJZ25vcmVDYXNlIiBWYWx1ZT0iRmFsc2UiIC8+DQogICAgICAgICAgICA8UnVsZVBhcmFtZXRlciBOYW1lPSJVc2VSZWd1bGFyRXhwcmVzc2lvbiIgVmFsdWU9IkZhbHNlIiAvPg0KICAgICAgICAgICAgPFJ1bGVQYXJhbWV0ZXIgTmFtZT0iSHRtbERlY29kZSIgVmFsdWU9IlRydWUiIC8+DQogICAgICAgICAgICA8UnVsZVBhcmFtZXRlciBOYW1lPSJSZXF1aXJlZCIgVmFsdWU9IkZhbHNlIiAvPg0KICAgICAgICAgIDwvUnVsZVBhcmFtZXRlcnM+DQogICAgICAgIDwvRXh0cmFjdGlvblJ1bGU+DQogICAgICAgIDxFeHRyYWN0aW9uUnVsZSBDbGFzc25hbWU9Ik1pY3Jvc29mdC5WaXN1YWxTdHVkaW8uVGVzdFRvb2xzLldlYlRlc3RpbmcuUnVsZXMuRXh0cmFjdFRleHQsIE1pY3Jvc29mdC5WaXN1YWxTdHVkaW8uUXVhbGl0eVRvb2xzLldlYlRlc3RGcmFtZXdvcmssIFZlcnNpb249MTAuMC4wLjAsIEN1bHR1cmU9bmV1dHJhbCwgUHVibGljS2V5VG9rZW49YjAzZjVmN2YxMWQ1MGEzYSIgVmFyaWFibGVOYW1lPSJGb3JtUG9zdFBhcmFtOC5DbGllbnRGb3JtUG9zdEJhY2tWYWx1ZV9lZDI4MTkyYS0zYjY3LTQzZDgtYmE4YS1kY2NhM2FjZTdkMGJfb3dzaGlkZGVudmVyc2lvbiIgRGlzcGxheU5hbWU9IiIgRGVzY3JpcHRpb249IiI+DQogICAgICAgICAgPFJ1bGVQYXJhbWV0ZXJzPg0KICAgICAgICAgICAgPFJ1bGVQYXJhbWV0ZXIgTmFtZT0iU3RhcnRzV2l0aCIgVmFsdWU9ImRhbD0mcXVvdDsiIC8+DQogICAgICAgICAgICA8UnVsZVBhcmFtZXRlciBOYW1lPSJFbmRzV2l0aCIgVmFsdWU9IiZxdW90OyAtLSZndDsiIC8+DQogICAgICAgICAgICA8UnVsZVBhcmFtZXRlciBOYW1lPSJJbmRleCIgVmFsdWU9IjAiIC8+DQogICAgICAgICAgICA8UnVsZVBhcmFtZXRlciBOYW1lPSJJZ25vcmVDYXNlIiBWYWx1ZT0iRmFsc2UiIC8+DQogICAgICAgICAgICA8UnVsZVBhcmFtZXRlciBOYW1lPSJVc2VSZWd1bGFyRXhwcmVzc2lvbiIgVmFsdWU9IkZhbHNlIiAvPg0KICAgICAgICAgICAgPFJ1bGVQYXJhbWV0ZXIgTmFtZT0iSHRtbERlY29kZSIgVmFsdWU9IlRydWUiIC8+DQogICAgICAgICAgICA8UnVsZVBhcmFtZXRlciBOYW1lPSJSZXF1aXJlZCIgVmFsdWU9IkZhbHNlIiAvPg0KICAgICAgICAgIDwvUnVsZVBhcmFtZXRlcnM+DQogICAgICAgIDwvRXh0cmFjdGlvblJ1bGU+DQogICAgICAgIDxFeHRyYWN0aW9uUnVsZSBDbGFzc25hbWU9Ik1pY3Jvc29mdC5WaXN1YWxTdHVkaW8uVGVzdFRvb2xzLldlYlRlc3RpbmcuUnVsZXMuRXh0cmFjdFRleHQsIE1pY3Jvc29mdC5WaXN1YWxTdHVkaW8uUXVhbGl0eVRvb2xzLldlYlRlc3RGcmFtZXdvcmssIFZlcnNpb249MTAuMC4wLjAsIEN1bHR1cmU9bmV1dHJhbCwgUHVibGljS2V5VG9rZW49YjAzZjVmN2YxMWQ1MGEzYSIgVmFyaWFibGVOYW1lPSJGb3JtUG9zdFBhcmFtOS5DbGllbnRGb3JtUG9zdEJhY2tWYWx1ZV9lZDI4MTkyYS0zYjY3LTQzZDgtYmE4YS1kY2NhM2FjZTdkMGJfU3VibWl0Q2xpZW50Rm9ybSIgRGlzcGxheU5hbWU9IiIgRGVzY3JpcHRpb249IiI+DQogICAgICAgICAgPFJ1bGVQYXJhbWV0ZXJzPg0KICAgICAgICAgICAgPFJ1bGVQYXJhbWV0ZXIgTmFtZT0iU3RhcnRzV2l0aCIgVmFsdWU9Im9ucz0mcXVvdDsiIC8+DQogICAgICAgICAgICA8UnVsZVBhcmFtZXRlciBOYW1lPSJFbmRzV2l0aCIgVmFsdWU9IiZxdW90OyZndDsmbHQ7aWUiIC8+DQogICAgICAgICAgICA8UnVsZVBhcmFtZXRlciBOYW1lPSJJbmRleCIgVmFsdWU9IjAiIC8+DQogICAgICAgICAgICA8UnVsZVBhcmFtZXRlciBOYW1lPSJJZ25vcmVDYXNlIiBWYWx1ZT0iRmFsc2UiIC8+DQogICAgICAgICAgICA8UnVsZVBhcmFtZXRlciBOYW1lPSJVc2VSZWd1bGFyRXhwcmVzc2lvbiIgVmFsdWU9IkZhbHNlIiAvPg0KICAgICAgICAgICAgPFJ1bGVQYXJhbWV0ZXIgTmFtZT0iSHRtbERlY29kZSIgVmFsdWU9IlRydWUiIC8+DQogICAgICAgICAgICA8UnVsZVBhcmFtZXRlciBOYW1lPSJSZXF1aXJlZCIgVmFsdWU9IkZhbHNlIiAvPg0KICAgICAgICAgIDwvUnVsZVBhcmFtZXRlcnM+DQogICAgICAgIDwvRXh0cmFjdGlvblJ1bGU+DQogICAgICAgIDxFeHRyYWN0aW9uUnVsZSBDbGFzc25hbWU9Ik1pY3Jvc29mdC5WaXN1YWxTdHVkaW8uVGVzdFRvb2xzLldlYlRlc3RpbmcuUnVsZXMuRXh0cmFjdFRleHQsIE1pY3Jvc29mdC5WaXN1YWxTdHVkaW8uUXVhbGl0eVRvb2xzLldlYlRlc3RGcmFtZXdvcmssIFZlcnNpb249MTAuMC4wLjAsIEN1bHR1cmU9bmV1dHJhbCwgUHVibGljS2V5VG9rZW49YjAzZjVmN2YxMWQ1MGEzYSIgVmFyaWFibGVOYW1lPSJRdWVyeVN0cmluZ1BhcmFtMTUyLk1vZGUiIERpc3BsYXlOYW1lPSIiIERlc2NyaXB0aW9uPSIiPg0KICAgICAgICAgIDxSdWxlUGFyYW1ldGVycz4NCiAgICAgICAgICAgIDxSdWxlUGFyYW1ldGVyIE5hbWU9IlN0YXJ0c1dpdGgiIFZhbHVlPSI/TW9kZT0iIC8+DQogICAgICAgICAgICA8UnVsZVBhcmFtZXRlciBOYW1lPSJFbmRzV2l0aCIgVmFsdWU9IiZhbXA7IiAvPg0KICAgICAgICAgICAgPFJ1bGVQYXJhbWV0ZXIgTmFtZT0iSW5kZXgiIFZhbHVlPSIxIiAvPg0KICAgICAgICAgICAgPFJ1bGVQYXJhbWV0ZXIgTmFtZT0iSWdub3JlQ2FzZSIgVmFsdWU9IkZhbHNlIiAvPg0KICAgICAgICAgICAgPFJ1bGVQYXJhbWV0ZXIgTmFtZT0iVXNlUmVndWxhckV4cHJlc3Npb24iIFZhbHVlPSJGYWxzZSIgLz4NCiAgICAgICAgICAgIDxSdWxlUGFyYW1ldGVyIE5hbWU9Ikh0bWxEZWNvZGUiIFZhbHVlPSJUcnVlIiAvPg0KICAgICAgICAgICAgPFJ1bGVQYXJhbWV0ZXIgTmFtZT0iUmVxdWlyZWQiIFZhbHVlPSJGYWxzZSIgLz4NCiAgICAgICAgICA8L1J1bGVQYXJhbWV0ZXJzPg0KICAgICAgICA8L0V4dHJhY3Rpb25SdWxlPg0KICAgICAgICA8RXh0cmFjdGlvblJ1bGUgQ2xhc3NuYW1lPSJNaWNyb3NvZnQuVmlzdWFsU3R1ZGlvLlRlc3RUb29scy5XZWJUZXN0aW5nLlJ1bGVzLkV4dHJhY3RUZXh0LCBNaWNyb3NvZnQuVmlzdWFsU3R1ZGlvLlF1YWxpdHlUb29scy5XZWJUZXN0RnJhbWV3b3JrLCBWZXJzaW9uPTEwLjAuMC4wLCBDdWx0dXJlPW5ldXRyYWwsIFB1YmxpY0tleVRva2VuPWIwM2Y1ZjdmMTFkNTBhM2EiIFZhcmlhYmxlTmFtZT0iUXVlcnlTdHJpbmdQYXJhbTE1My5JRCIgRGlzcGxheU5hbWU9IiIgRGVzY3JpcHRpb249IiI+DQogICAgICAgICAgPFJ1bGVQYXJhbWV0ZXJzPg0KICAgICAgICAgICAgPFJ1bGVQYXJhbWV0ZXIgTmFtZT0iU3RhcnRzV2l0aCIgVmFsdWU9IiZhbXA7YW1wO0lEPSIgLz4NCiAgICAgICAgICAgIDxSdWxlUGFyYW1ldGVyIE5hbWU9IkVuZHNXaXRoIiBWYWx1ZT0iJmFtcDsiIC8+DQogICAgICAgICAgICA8UnVsZVBhcmFtZXRlciBOYW1lPSJJbmRleCIgVmFsdWU9IjEiIC8+DQogICAgICAgICAgICA8UnVsZVBhcmFtZXRlciBOYW1lPSJJZ25vcmVDYXNlIiBWYWx1ZT0iRmFsc2UiIC8+DQogICAgICAgICAgICA8UnVsZVBhcmFtZXRlciBOYW1lPSJVc2VSZWd1bGFyRXhwcmVzc2lvbiIgVmFsdWU9IkZhbHNlIiAvPg0KICAgICAgICAgICAgPFJ1bGVQYXJhbWV0ZXIgTmFtZT0iSHRtbERlY29kZSIgVmFsdWU9IlRydWUiIC8+DQogICAgICAgICAgICA8UnVsZVBhcmFtZXRlciBOYW1lPSJSZXF1aXJlZCIgVmFsdWU9IkZhbHNlIiAvPg0KICAgICAgICAgIDwvUnVsZVBhcmFtZXRlcnM+DQogICAgICAgIDwvRXh0cmFjdGlvblJ1bGU+DQogICAgICAgIDxFeHRyYWN0aW9uUnVsZSBDbGFzc25hbWU9Ik1pY3Jvc29mdC5WaXN1YWxTdHVkaW8uVGVzdFRvb2xzLldlYlRlc3RpbmcuUnVsZXMuRXh0cmFjdFRleHQsIE1pY3Jvc29mdC5WaXN1YWxTdHVkaW8uUXVhbGl0eVRvb2xzLldlYlRlc3RGcmFtZXdvcmssIFZlcnNpb249MTAuMC4wLjAsIEN1bHR1cmU9bmV1dHJhbCwgUHVibGljS2V5VG9rZW49YjAzZjVmN2YxMWQ1MGEzYSIgVmFyaWFibGVOYW1lPSJGb3JtUG9zdFBhcmFtMjkuX19FVkVOVFRBUkdFVCIgRGlzcGxheU5hbWU9IiIgRGVzY3JpcHRpb249IiI+DQogICAgICAgICAgPFJ1bGVQYXJhbWV0ZXJzPg0KICAgICAgICAgICAgPFJ1bGVQYXJhbWV0ZXIgTmFtZT0iU3RhcnRzV2l0aCIgVmFsdWU9ImFtZT0mcXVvdDsiIC8+DQogICAgICAgICAgICA8UnVsZVBhcmFtZXRlciBOYW1lPSJFbmRzV2l0aCIgVmFsdWU9IiZxdW90OyB2YWwiIC8+DQogICAgICAgICAgICA8UnVsZVBhcmFtZXRlciBOYW1lPSJJbmRleCIgVmFsdWU9IjUwIiAvPg0KICAgICAgICAgICAgPFJ1bGVQYXJhbWV0ZXIgTmFtZT0iSWdub3JlQ2FzZSIgVmFsdWU9IkZhbHNlIiAvPg0KICAgICAgICAgICAgPFJ1bGVQYXJhbWV0ZXIgTmFtZT0iVXNlUmVndWxhckV4cHJlc3Npb24iIFZhbHVlPSJGYWxzZSIgLz4NCiAgICAgICAgICAgIDxSdWxlUGFyYW1ldGVyIE5hbWU9Ikh0bWxEZWNvZGUiIFZhbHVlPSJUcnVlIiAvPg0KICAgICAgICAgICAgPFJ1bGVQYXJhbWV0ZXIgTmFtZT0iUmVxdWlyZWQiIFZhbHVlPSJGYWxzZSIgLz4NCiAgICAgICAgICA8L1J1bGVQYXJhbWV0ZXJzPg0KICAgICAgICA8L0V4dHJhY3Rpb25SdWxlPg0KICAgICAgICA8RXh0cmFjdGlvblJ1bGUgQ2xhc3NuYW1lPSJNaWNyb3NvZnQuVmlzdWFsU3R1ZGlvLlRlc3RUb29scy5XZWJUZXN0aW5nLlJ1bGVzLkV4dHJhY3RUZXh0LCBNaWNyb3NvZnQuVmlzdWFsU3R1ZGlvLlF1YWxpdHlUb29scy5XZWJUZXN0RnJhbWV3b3JrLCBWZXJzaW9uPTEwLjAuMC4wLCBDdWx0dXJlPW5ldXRyYWwsIFB1YmxpY0tleVRva2VuPWIwM2Y1ZjdmMTFkNTBhM2EiIFZhcmlhYmxlTmFtZT0iRm9ybVBvc3RQYXJhbTMwLmN0bDAwJGN0bDQ0JGN0bDA0IiBEaXNwbGF5TmFtZT0iIiBEZXNjcmlwdGlvbj0iIj4NCiAgICAgICAgICA8UnVsZVBhcmFtZXRlcnM+DQogICAgICAgICAgICA8UnVsZVBhcmFtZXRlciBOYW1lPSJTdGFydHNXaXRoIiBWYWx1ZT0iIGlkPSZxdW90OyIgLz4NCiAgICAgICAgICAgIDxSdWxlUGFyYW1ldGVyIE5hbWU9IkVuZHNXaXRoIiBWYWx1ZT0iJnF1b3Q7IHVucyIgLz4NCiAgICAgICAgICAgIDxSdWxlUGFyYW1ldGVyIE5hbWU9IkluZGV4IiBWYWx1ZT0iNzIiIC8+DQogICAgICAgICAgICA8UnVsZVBhcmFtZXRlciBOYW1lPSJJZ25vcmVDYXNlIiBWYWx1ZT0iRmFsc2UiIC8+DQogICAgICAgICAgICA8UnVsZVBhcmFtZXRlciBOYW1lPSJVc2VSZWd1bGFyRXhwcmVzc2lvbiIgVmFsdWU9IkZhbHNlIiAvPg0KICAgICAgICAgICAgPFJ1bGVQYXJhbWV0ZXIgTmFtZT0iSHRtbERlY29kZSIgVmFsdWU9IlRydWUiIC8+DQogICAgICAgICAgICA8UnVsZVBhcmFtZXRlciBOYW1lPSJSZXF1aXJlZCIgVmFsdWU9IkZhbHNlIiAvPg0KICAgICAgICAgIDwvUnVsZVBhcmFtZXRlcnM+DQogICAgICAgIDwvRXh0cmFjdGlvblJ1bGU+DQogICAgICAgIDxFeHRyYWN0aW9uUnVsZSBDbGFzc25hbWU9Ik1pY3Jvc29mdC5WaXN1YWxTdHVkaW8uVGVzdFRvb2xzLldlYlRlc3RpbmcuUnVsZXMuRXh0cmFjdFRleHQsIE1pY3Jvc29mdC5WaXN1YWxTdHVkaW8uUXVhbGl0eVRvb2xzLldlYlRlc3RGcmFtZXdvcmssIFZlcnNpb249MTAuMC4wLjAsIEN1bHR1cmU9bmV1dHJhbCwgUHVibGljS2V5VG9rZW49YjAzZjVmN2YxMWQ1MGEzYSIgVmFyaWFibGVOYW1lPSJGb3JtUG9zdFBhcmFtMzEuY3RsMDAkY3RsNDMkZ18xMTI2YjBmOF9lNWU2XzQyNzdfYmFhNl80MjNkYTBiYmE0NzckY3RsMDAkY3RsMDIkY3RsMDAkY3RsMDEkY3RsMDAkQ29udGVudFR5cGVDaG9pY2UiIERpc3BsYXlOYW1lPSIiIERlc2NyaXB0aW9uPSIiPg0KICAgICAgICAgIDxSdWxlUGFyYW1ldGVycz4NCiAgICAgICAgICAgIDxSdWxlUGFyYW1ldGVyIE5hbWU9IlN0YXJ0c1dpdGgiIFZhbHVlPSJsdWU9JnF1b3Q7IiAvPg0KICAgICAgICAgICAgPFJ1bGVQYXJhbWV0ZXIgTmFtZT0iRW5kc1dpdGgiIFZhbHVlPSImcXVvdDsmZ3Q7Q29yIiAvPg0KICAgICAgICAgICAgPFJ1bGVQYXJhbWV0ZXIgTmFtZT0iSW5kZXgiIFZhbHVlPSIzMyIgLz4NCiAgICAgICAgICAgIDxSdWxlUGFyYW1ldGVyIE5hbWU9Iklnbm9yZUNhc2UiIFZhbHVlPSJGYWxzZSIgLz4NCiAgICAgICAgICAgIDxSdWxlUGFyYW1ldGVyIE5hbWU9IlVzZVJlZ3VsYXJFeHByZXNzaW9uIiBWYWx1ZT0iRmFsc2UiIC8+DQogICAgICAgICAgICA8UnVsZVBhcmFtZXRlciBOYW1lPSJIdG1sRGVjb2RlIiBWYWx1ZT0iVHJ1ZSIgLz4NCiAgICAgICAgICAgIDxSdWxlUGFyYW1ldGVyIE5hbWU9IlJlcXVpcmVkIiBWYWx1ZT0iRmFsc2UiIC8+DQogICAgICAgICAgPC9SdWxlUGFyYW1ldGVycz4NCiAgICAgICAgPC9FeHRyYWN0aW9uUnVsZT4NCiAgICAgICAgPEV4dHJhY3Rpb25SdWxlIENsYXNzbmFtZT0iTWljcm9zb2Z0LlZpc3VhbFN0dWRpby5UZXN0VG9vbHMuV2ViVGVzdGluZy5SdWxlcy5FeHRyYWN0VGV4dCwgTWljcm9zb2Z0LlZpc3VhbFN0dWRpby5RdWFsaXR5VG9vbHMuV2ViVGVzdEZyYW1ld29yaywgVmVyc2lvbj0xMC4wLjAuMCwgQ3VsdHVyZT1uZXV0cmFsLCBQdWJsaWNLZXlUb2tlbj1iMDNmNWY3ZjExZDUwYTNhIiBWYXJpYWJsZU5hbWU9IkZvcm1Qb3N0UGFyYW0zMi5DbGllbnRGb3JtUG9zdEJhY2tWYWx1ZV9lZDI4MTkyYS0zYjY3LTQzZDgtYmE4YS1kY2NhM2FjZTdkMGJfRmlsZUxlYWZSZWYiIERpc3BsYXlOYW1lPSIiIERlc2NyaXB0aW9uPSIiPg0KICAgICAgICAgIDxSdWxlUGFyYW1ldGVycz4NCiAgICAgICAgICAgIDxSdWxlUGFyYW1ldGVyIE5hbWU9IlN0YXJ0c1dpdGgiIFZhbHVlPSJlZiZxdW90OzomcXVvdDsiIC8+DQogICAgICAgICAgICA8UnVsZVBhcmFtZXRlciBOYW1lPSJFbmRzV2l0aCIgVmFsdWU9IiZxdW90OywmcXVvdDtUaSIgLz4NCiAgICAgICAgICAgIDxSdWxlUGFyYW1ldGVyIE5hbWU9IkluZGV4IiBWYWx1ZT0iMCIgLz4NCiAgICAgICAgICAgIDxSdWxlUGFyYW1ldGVyIE5hbWU9Iklnbm9yZUNhc2UiIFZhbHVlPSJGYWxzZSIgLz4NCiAgICAgICAgICAgIDxSdWxlUGFyYW1ldGVyIE5hbWU9IlVzZVJlZ3VsYXJFeHByZXNzaW9uIiBWYWx1ZT0iRmFsc2UiIC8+DQogICAgICAgICAgICA8UnVsZVBhcmFtZXRlciBOYW1lPSJIdG1sRGVjb2RlIiBWYWx1ZT0iVHJ1ZSIgLz4NCiAgICAgICAgICAgIDxSdWxlUGFyYW1ldGVyIE5hbWU9IlJlcXVpcmVkIiBWYWx1ZT0iRmFsc2UiIC8+DQogICAgICAgICAgPC9SdWxlUGFyYW1ldGVycz4NCiAgICAgICAgPC9FeHRyYWN0aW9uUnVsZT4NCiAgICAgICAgPEV4dHJhY3Rpb25SdWxlIENsYXNzbmFtZT0iTWljcm9zb2Z0LlZpc3VhbFN0dWRpby5UZXN0VG9vbHMuV2ViVGVzdGluZy5SdWxlcy5FeHRyYWN0VGV4dCwgTWljcm9zb2Z0LlZpc3VhbFN0dWRpby5RdWFsaXR5VG9vbHMuV2ViVGVzdEZyYW1ld29yaywgVmVyc2lvbj0xMC4wLjAuMCwgQ3VsdHVyZT1uZXV0cmFsLCBQdWJsaWNLZXlUb2tlbj1iMDNmNWY3ZjExZDUwYTNhIiBWYXJpYWJsZU5hbWU9IkZvcm1Qb3N0UGFyYW0zMy5DbGllbnRGb3JtUG9zdEJhY2tWYWx1ZV9lZDI4MTkyYS0zYjY3LTQzZDgtYmE4YS1kY2NhM2FjZTdkMGJfVGl0bGUiIERpc3BsYXlOYW1lPSIiIERlc2NyaXB0aW9uPSIiPg0KICAgICAgICAgIDxSdWxlUGFyYW1ldGVycz4NCiAgICAgICAgICAgIDxSdWxlUGFyYW1ldGVyIE5hbWU9IlN0YXJ0c1dpdGgiIFZhbHVlPSJsZSZxdW90OzomcXVvdDsiIC8+DQogICAgICAgICAgICA8UnVsZVBhcmFtZXRlciBOYW1lPSJFbmRzV2l0aCIgVmFsdWU9IiZxdW90OywmcXVvdDtBcCIgLz4NCiAgICAgICAgICAgIDxSdWxlUGFyYW1ldGVyIE5hbWU9IkluZGV4IiBWYWx1ZT0iMCIgLz4NCiAgICAgICAgICAgIDxSdWxlUGFyYW1ldGVyIE5hbWU9Iklnbm9yZUNhc2UiIFZhbHVlPSJGYWxzZSIgLz4NCiAgICAgICAgICAgIDxSdWxlUGFyYW1ldGVyIE5hbWU9IlVzZVJlZ3VsYXJFeHByZXNzaW9uIiBWYWx1ZT0iRmFsc2UiIC8+DQogICAgICAgICAgICA8UnVsZVBhcmFtZXRlciBOYW1lPSJIdG1sRGVjb2RlIiBWYWx1ZT0iVHJ1ZSIgLz4NCiAgICAgICAgICAgIDxSdWxlUGFyYW1ldGVyIE5hbWU9IlJlcXVpcmVkIiBWYWx1ZT0iRmFsc2UiIC8+DQogICAgICAgICAgPC9SdWxlUGFyYW1ldGVycz4NCiAgICAgICAgPC9FeHRyYWN0aW9uUnVsZT4NCiAgICAgICAgPEV4dHJhY3Rpb25SdWxlIENsYXNzbmFtZT0iTWljcm9zb2Z0LlZpc3VhbFN0dWRpby5UZXN0VG9vbHMuV2ViVGVzdGluZy5SdWxlcy5FeHRyYWN0VGV4dCwgTWljcm9zb2Z0LlZpc3VhbFN0dWRpby5RdWFsaXR5VG9vbHMuV2ViVGVzdEZyYW1ld29yaywgVmVyc2lvbj0xMC4wLjAuMCwgQ3VsdHVyZT1uZXV0cmFsLCBQdWJsaWNLZXlUb2tlbj1iMDNmNWY3ZjExZDUwYTNhIiBWYXJpYWJsZU5hbWU9IkZvcm1Qb3N0UGFyYW0zNC5DbGllbnRGb3JtUG9zdEJhY2tWYWx1ZV9lZDI4MTkyYS0zYjY3LTQzZDgtYmE4YS1kY2NhM2FjZTdkMGJfU3RhdHVzIiBEaXNwbGF5TmFtZT0iIiBEZXNjcmlwdGlvbj0iIj4NCiAgICAgICAgICA8UnVsZVBhcmFtZXRlcnM+DQogICAgICAgICAgICA8UnVsZVBhcmFtZXRlciBOYW1lPSJTdGFydHNXaXRoIiBWYWx1ZT0idXMmcXVvdDs6JnF1b3Q7IiAvPg0KICAgICAgICAgICAgPFJ1bGVQYXJhbWV0ZXIgTmFtZT0iRW5kc1dpdGgiIFZhbHVlPSImcXVvdDssJnF1b3Q7Q28iIC8+DQogICAgICAgICAgICA8UnVsZVBhcmFtZXRlciBOYW1lPSJJbmRleCIgVmFsdWU9IjAiIC8+DQogICAgICAgICAgICA8UnVsZVBhcmFtZXRlciBOYW1lPSJJZ25vcmVDYXNlIiBWYWx1ZT0iRmFsc2UiIC8+DQogICAgICAgICAgICA8UnVsZVBhcmFtZXRlciBOYW1lPSJVc2VSZWd1bGFyRXhwcmVzc2lvbiIgVmFsdWU9IkZhbHNlIiAvPg0KICAgICAgICAgICAgPFJ1bGVQYXJhbWV0ZXIgTmFtZT0iSHRtbERlY29kZSIgVmFsdWU9IlRydWUiIC8+DQogICAgICAgICAgICA8UnVsZVBhcmFtZXRlciBOYW1lPSJSZXF1aXJlZCIgVmFsdWU9IkZhbHNlIiAvPg0KICAgICAgICAgIDwvUnVsZVBhcmFtZXRlcnM+DQogICAgICAgIDwvRXh0cmFjdGlvblJ1bGU+DQogICAgICAgIDxFeHRyYWN0aW9uUnVsZSBDbGFzc25hbWU9Ik1pY3Jvc29mdC5WaXN1YWxTdHVkaW8uVGVzdFRvb2xzLldlYlRlc3RpbmcuUnVsZXMuRXh0cmFjdFRleHQsIE1pY3Jvc29mdC5WaXN1YWxTdHVkaW8uUXVhbGl0eVRvb2xzLldlYlRlc3RGcmFtZXdvcmssIFZlcnNpb249MTAuMC4wLjAsIEN1bHR1cmU9bmV1dHJhbCwgUHVibGljS2V5VG9rZW49YjAzZjVmN2YxMWQ1MGEzYSIgVmFyaWFibGVOYW1lPSJGb3JtUG9zdFBhcmFtMzUuQ2xpZW50Rm9ybVBvc3RCYWNrVmFsdWVfZWQyODE5MmEtM2I2Ny00M2Q4LWJhOGEtZGNjYTNhY2U3ZDBiX293c2hpZGRlbnZlcnNpb24iIERpc3BsYXlOYW1lPSIiIERlc2NyaXB0aW9uPSIiPg0KICAgICAgICAgIDxSdWxlUGFyYW1ldGVycz4NCiAgICAgICAgICAgIDxSdWxlUGFyYW1ldGVyIE5hbWU9IlN0YXJ0c1dpdGgiIFZhbHVlPSJkYWw9JnF1b3Q7IiAvPg0KICAgICAgICAgICAgPFJ1bGVQYXJhbWV0ZXIgTmFtZT0iRW5kc1dpdGgiIFZhbHVlPSImcXVvdDsgLS0mZ3Q7IiAvPg0KICAgICAgICAgICAgPFJ1bGVQYXJhbWV0ZXIgTmFtZT0iSW5kZXgiIFZhbHVlPSIwIiAvPg0KICAgICAgICAgICAgPFJ1bGVQYXJhbWV0ZXIgTmFtZT0iSWdub3JlQ2FzZSIgVmFsdWU9IkZhbHNlIiAvPg0KICAgICAgICAgICAgPFJ1bGVQYXJhbWV0ZXIgTmFtZT0iVXNlUmVndWxhckV4cHJlc3Npb24iIFZhbHVlPSJGYWxzZSIgLz4NCiAgICAgICAgICAgIDxSdWxlUGFyYW1ldGVyIE5hbWU9Ikh0bWxEZWNvZGUiIFZhbHVlPSJUcnVlIiAvPg0KICAgICAgICAgICAgPFJ1bGVQYXJhbWV0ZXIgTmFtZT0iUmVxdWlyZWQiIFZhbHVlPSJGYWxzZSIgLz4NCiAgICAgICAgICA8L1J1bGVQYXJhbWV0ZXJzPg0KICAgICAgICA8L0V4dHJhY3Rpb25SdWxlPg0KICAgICAgICA8RXh0cmFjdGlvblJ1bGUgQ2xhc3NuYW1lPSJNaWNyb3NvZnQuVmlzdWFsU3R1ZGlvLlRlc3RUb29scy5XZWJUZXN0aW5nLlJ1bGVzLkV4dHJhY3RUZXh0LCBNaWNyb3NvZnQuVmlzdWFsU3R1ZGlvLlF1YWxpdHlUb29scy5XZWJUZXN0RnJhbWV3b3JrLCBWZXJzaW9uPTEwLjAuMC4wLCBDdWx0dXJlPW5ldXRyYWwsIFB1YmxpY0tleVRva2VuPWIwM2Y1ZjdmMTFkNTBhM2EiIFZhcmlhYmxlTmFtZT0iRm9ybVBvc3RQYXJhbTM2LkNsaWVudEZvcm1Qb3N0QmFja1ZhbHVlX2VkMjgxOTJhLTNiNjctNDNkOC1iYThhLWRjY2EzYWNlN2QwYl9TdWJtaXRDbGllbnRGb3JtIiBEaXNwbGF5TmFtZT0iIiBEZXNjcmlwdGlvbj0iIj4NCiAgICAgICAgICA8UnVsZVBhcmFtZXRlcnM+DQogICAgICAgICAgICA8UnVsZVBhcmFtZXRlciBOYW1lPSJTdGFydHNXaXRoIiBWYWx1ZT0ib25zPSZxdW90OyIgLz4NCiAgICAgICAgICAgIDxSdWxlUGFyYW1ldGVyIE5hbWU9IkVuZHNXaXRoIiBWYWx1ZT0iJnF1b3Q7Jmd0OyZsdDtpZSIgLz4NCiAgICAgICAgICAgIDxSdWxlUGFyYW1ldGVyIE5hbWU9IkluZGV4IiBWYWx1ZT0iMCIgLz4NCiAgICAgICAgICAgIDxSdWxlUGFyYW1ldGVyIE5hbWU9Iklnbm9yZUNhc2UiIFZhbHVlPSJGYWxzZSIgLz4NCiAgICAgICAgICAgIDxSdWxlUGFyYW1ldGVyIE5hbWU9IlVzZVJlZ3VsYXJFeHByZXNzaW9uIiBWYWx1ZT0iRmFsc2UiIC8+DQogICAgICAgICAgICA8UnVsZVBhcmFtZXRlciBOYW1lPSJIdG1sRGVjb2RlIiBWYWx1ZT0iVHJ1ZSIgLz4NCiAgICAgICAgICAgIDxSdWxlUGFyYW1ldGVyIE5hbWU9IlJlcXVpcmVkIiBWYWx1ZT0iRmFsc2UiIC8+DQogICAgICAgICAgPC9SdWxlUGFyYW1ldGVycz4NCiAgICAgICAgPC9FeHRyYWN0aW9uUnVsZT4NCiAgICAgIDwvQ29ycmVsYXRpb25FeHRyYWN0aW9uUnVsZXM+DQogICAgICA8UXVlcnlTdHJpbmdQYXJhbWV0ZXJzPg0KICAgICAgICA8UXVlcnlTdHJpbmdQYXJhbWV0ZXIgTmFtZT0iTW9kZSIgVmFsdWU9IlVwbG9hZCIgUmVjb3JkZWRWYWx1ZT0iVXBsb2FkIiBDb3JyZWxhdGlvbkJpbmRpbmc9Int7UXVlcnlTdHJpbmdQYXJhbTY3Lk1vZGV9fSIgVXJsRW5jb2RlPSJGYWxzZSIgVXNlVG9Hcm91cFJlc3VsdHM9IkZhbHNlIiAvPg0KICAgICAgICA8UXVlcnlTdHJpbmdQYXJhbWV0ZXIgTmFtZT0iQ2hlY2tJbkNvbW1lbnQiIFZhbHVlPSIiIFJlY29yZGVkVmFsdWU9IiIgQ29ycmVsYXRpb25CaW5kaW5nPSIiIFVybEVuY29kZT0iRmFsc2UiIFVzZVRvR3JvdXBSZXN1bHRzPSJGYWxzZSIgLz4NCiAgICAgICAgPFF1ZXJ5U3RyaW5nUGFyYW1ldGVyIE5hbWU9IklEIiBWYWx1ZT0iMzQ1NyIgUmVjb3JkZWRWYWx1ZT0iMzQ1NyIgQ29ycmVsYXRpb25CaW5kaW5nPSJ7e1F1ZXJ5U3RyaW5nUGFyYW02OC5JRH19IiBVcmxFbmNvZGU9IkZhbHNlIiBVc2VUb0dyb3VwUmVzdWx0cz0iRmFsc2UiIC8+DQogICAgICAgIDxRdWVyeVN0cmluZ1BhcmFtZXRlciBOYW1lPSJSb290Rm9sZGVyIiBWYWx1ZT0iJTJGQXBwczAwJTJGU2hhcmVkJTIwRG9jdW1lbnRzIiBSZWNvcmRlZFZhbHVlPSIlMkZBcHBzMDAlMkZTaGFyZWQlMjBEb2N1bWVudHMiIENvcnJlbGF0aW9uQmluZGluZz0iIiBVcmxFbmNvZGU9IkZhbHNlIiBVc2VUb0dyb3VwUmVzdWx0cz0iRmFsc2UiIC8+DQogICAgICAgIDxRdWVyeVN0cmluZ1BhcmFtZXRlciBOYW1lPSJJc0RsZyIgVmFsdWU9IjEiIFJlY29yZGVkVmFsdWU9IjEiIENvcnJlbGF0aW9uQmluZGluZz0ie3tRdWVyeVN0cmluZ1BhcmFtMTIuSXNEbGd9fSIgVXJsRW5jb2RlPSJGYWxzZSIgVXNlVG9Hcm91cFJlc3VsdHM9IkZhbHNlIiAvPg0KICAgICAgPC9RdWVyeVN0cmluZ1BhcmFtZXRlcnM+DQogICAgPC9SZXF1ZXN0Pg0KICAgIDxSZXF1ZXN0IE1ldGhvZD0iR0VUIiBHdWlkPSJhYTM4NTgwZi00MTQ3LTRhMGMtODg2NC03ZDkyYzhhZWRhZTciIFZlcnNpb249IjEuMSIgVXJsPSJodHRwczovL3NwLmNvcmRpc3NvbHV0aW9ucy5jb20vX2xheW91dHMvMTUvaW1hZ2VzL2JsYW5rLmdpZiIgVGhpbmtUaW1lPSIxIiBUaW1lb3V0PSIzMDAiIFBhcnNlRGVwZW5kZW50UmVxdWVzdHM9IlRydWUiIEZvbGxvd1JlZGlyZWN0cz0iVHJ1ZSIgUmVjb3JkUmVzdWx0PSJUcnVlIiBDYWNoZT0iRmFsc2UiIFJlc3BvbnNlVGltZUdvYWw9IjAiIEVuY29kaW5nPSJ1dGYtOCIgRXhwZWN0ZWRIdHRwU3RhdHVzQ29kZT0iMCIgRXhwZWN0ZWRSZXNwb25zZVVybD0iIiBSZXBvcnRpbmdOYW1lPSIiIElnbm9yZUh0dHBTdGF0dXNDb2RlPSJGYWxzZSI+DQogICAgICA8SGVhZGVycz4NCiAgICAgICAgPEhlYWRlciBOYW1lPSJSZWZlcmVyIiBWYWx1ZT0iaHR0cHM6Ly9zcC5jb3JkaXNzb2x1dGlvbnMuY29tL0FwcHMwMC9TaGFyZWQlMjBEb2N1bWVudHMvRm9ybXMvRWRpdEZvcm0uYXNweD9Nb2RlPVVwbG9hZCZhbXA7Q2hlY2tJbkNvbW1lbnQ9JmFtcDtJRD0zNDU3JmFtcDtSb290Rm9sZGVyPSUyRkFwcHMwMCUyRlNoYXJlZCUyMERvY3VtZW50cyZhbXA7SXNEbGc9MSIgLz4NCiAgICAgIDwvSGVhZGVycz4NCiAgICA8L1JlcXVlc3Q+DQogICAgPFJlcXVlc3QgTWV0aG9kPSJHRVQiIEd1aWQ9IjgyNmM2M2VlLTdhNmMtNGNmMC1hYTkwLTUxZWM4YTJiMmU4YiIgVmVyc2lvbj0iMS4xIiBVcmw9Imh0dHBzOi8vc3AuY29yZGlzc29sdXRpb25zLmNvbS9BcHBzMDAvU2hhcmVkJTIwRG9jdW1lbnRzL0Zvcm1zL0VkaXRGb3JtLmFzcHgiIFRoaW5rVGltZT0iMCIgVGltZW91dD0iMzAwIiBQYXJzZURlcGVuZGVudFJlcXVlc3RzPSJUcnVlIiBGb2xsb3dSZWRpcmVjdHM9IlRydWUiIFJlY29yZFJlc3VsdD0iVHJ1ZSIgQ2FjaGU9IkZhbHNlIiBSZXNwb25zZVRpbWVHb2FsPSIwIiBFbmNvZGluZz0idXRmLTgiIEV4cGVjdGVkSHR0cFN0YXR1c0NvZGU9IjAiIEV4cGVjdGVkUmVzcG9uc2VVcmw9IiIgUmVwb3J0aW5nTmFtZT0iIiBJZ25vcmVIdHRwU3RhdHVzQ29kZT0iRmFsc2UiPg0KICAgICAgPFF1ZXJ5U3RyaW5nUGFyYW1ldGVycz4NCiAgICAgICAgPFF1ZXJ5U3RyaW5nUGFyYW1ldGVyIE5hbWU9Ik1vZGUiIFZhbHVlPSJVcGxvYWQiIFJlY29yZGVkVmFsdWU9IlVwbG9hZCIgQ29ycmVsYXRpb25CaW5kaW5nPSJ7e1F1ZXJ5U3RyaW5nUGFyYW01Lk1vZGV9fSIgVXJsRW5jb2RlPSJGYWxzZSIgVXNlVG9Hcm91cFJlc3VsdHM9IkZhbHNlIiAvPg0KICAgICAgICA8UXVlcnlTdHJpbmdQYXJhbWV0ZXIgTmFtZT0iQ2hlY2tJbkNvbW1lbnQiIFZhbHVlPSIiIFJlY29yZGVkVmFsdWU9IiIgQ29ycmVsYXRpb25CaW5kaW5nPSIiIFVybEVuY29kZT0iRmFsc2UiIFVzZVRvR3JvdXBSZXN1bHRzPSJGYWxzZSIgLz4NCiAgICAgICAgPFF1ZXJ5U3RyaW5nUGFyYW1ldGVyIE5hbWU9IklEIiBWYWx1ZT0iMzQ1NyIgUmVjb3JkZWRWYWx1ZT0iMzQ1NyIgQ29ycmVsYXRpb25CaW5kaW5nPSJ7e1F1ZXJ5U3RyaW5nUGFyYW02LklEfX0iIFVybEVuY29kZT0iRmFsc2UiIFVzZVRvR3JvdXBSZXN1bHRzPSJGYWxzZSIgLz4NCiAgICAgICAgPFF1ZXJ5U3RyaW5nUGFyYW1ldGVyIE5hbWU9IlJvb3RGb2xkZXIiIFZhbHVlPSJ7e1F1ZXJ5U3RyaW5nUGFyYW03LlJvb3RGb2xkZXJ9fSIgUmVjb3JkZWRWYWx1ZT0iJTJmQXBwczAwJTJmU2hhcmVkK0RvY3VtZW50cyIgQ29ycmVsYXRpb25CaW5kaW5nPSJ7e1F1ZXJ5U3RyaW5nUGFyYW03LlJvb3RGb2xkZXJ9fSIgVXJsRW5jb2RlPSJGYWxzZSIgVXNlVG9Hcm91cFJlc3VsdHM9IkZhbHNlIiAvPg0KICAgICAgICA8UXVlcnlTdHJpbmdQYXJhbWV0ZXIgTmFtZT0iSXNEbGciIFZhbHVlPSJ7e1F1ZXJ5U3RyaW5nUGFyYW04LklzRGxnfX0iIFJlY29yZGVkVmFsdWU9IjEiIENvcnJlbGF0aW9uQmluZGluZz0ie3tRdWVyeVN0cmluZ1BhcmFtOC5Jc0RsZ319IiBVcmxFbmNvZGU9IkZhbHNlIiBVc2VUb0dyb3VwUmVzdWx0cz0iRmFsc2UiIC8+DQogICAgICA8L1F1ZXJ5U3RyaW5nUGFyYW1ldGVycz4NCiAgICAgIDxGb3JtUG9zdEh0dHBCb2R5Pg0KICAgICAgICA8Rm9ybVBvc3RQYXJhbWV0ZXIgTmFtZT0iX3dwY21XcGlkIiBWYWx1ZT0ie3skSElEREVOMi5fd3BjbVdwaWR9fSIgUmVjb3JkZWRWYWx1ZT0iIiBDb3JyZWxhdGlvbkJpbmRpbmc9IiIgVXJsRW5jb2RlPSJUcnVlIiAvPg0KICAgICAgICA8Rm9ybVBvc3RQYXJhbWV0ZXIgTmFtZT0id3BjbVZhbCIgVmFsdWU9Int7JEhJRERFTjIud3BjbVZhbH19IiBSZWNvcmRlZFZhbHVlPSIiIENvcnJlbGF0aW9uQmluZGluZz0iIiBVcmxFbmNvZGU9IlRydWUiIC8+DQogICAgICAgIDxGb3JtUG9zdFBhcmFtZXRlciBOYW1lPSJNU09XZWJQYXJ0UGFnZV9Qb3N0YmFja1NvdXJjZSIgVmFsdWU9Int7JEhJRERFTjIuTVNPV2ViUGFydFBhZ2VfUG9zdGJhY2tTb3VyY2V9fSIgUmVjb3JkZWRWYWx1ZT0iIiBDb3JyZWxhdGlvbkJpbmRpbmc9IiIgVXJsRW5jb2RlPSJUcnVlIiAvPg0KICAgICAgICA8Rm9ybVBvc3RQYXJhbWV0ZXIgTmFtZT0iTVNPVGxQbl9TZWxlY3RlZFdwSWQiIFZhbHVlPSJ7eyRISURERU4yLk1TT1RsUG5fU2VsZWN0ZWRXcElkfX0iIFJlY29yZGVkVmFsdWU9IiIgQ29ycmVsYXRpb25CaW5kaW5nPSIiIFVybEVuY29kZT0iVHJ1ZSIgLz4NCiAgICAgICAgPEZvcm1Qb3N0UGFyYW1ldGVyIE5hbWU9Ik1TT1RsUG5fVmlldyIgVmFsdWU9Int7JEhJRERFTjIuTVNPVGxQbl9WaWV3fX0iIFJlY29yZGVkVmFsdWU9IjAiIENvcnJlbGF0aW9uQmluZGluZz0iIiBVcmxFbmNvZGU9IlRydWUiIC8+DQogICAgICAgIDxGb3JtUG9zdFBhcmFtZXRlciBOYW1lPSJNU09UbFBuX1Nob3dTZXR0aW5ncyIgVmFsdWU9Int7JEhJRERFTjIuTVNPVGxQbl9TaG93U2V0dGluZ3N9fSIgUmVjb3JkZWRWYWx1ZT0iRmFsc2UiIENvcnJlbGF0aW9uQmluZGluZz0iIiBVcmxFbmNvZGU9IlRydWUiIC8+DQogICAgICAgIDxGb3JtUG9zdFBhcmFtZXRlciBOYW1lPSJNU09HYWxsZXJ5X1NlbGVjdGVkTGlicmFyeSIgVmFsdWU9Int7JEhJRERFTjIuTVNPR2FsbGVyeV9TZWxlY3RlZExpYnJhcnl9fSIgUmVjb3JkZWRWYWx1ZT0iIiBDb3JyZWxhdGlvbkJpbmRpbmc9IiIgVXJsRW5jb2RlPSJUcnVlIiAvPg0KICAgICAgICA8Rm9ybVBvc3RQYXJhbWV0ZXIgTmFtZT0iTVNPR2FsbGVyeV9GaWx0ZXJTdHJpbmciIFZhbHVlPSJ7eyRISURERU4yLk1TT0dhbGxlcnlfRmlsdGVyU3RyaW5nfX0iIFJlY29yZGVkVmFsdWU9IiIgQ29ycmVsYXRpb25CaW5kaW5nPSIiIFVybEVuY29kZT0iVHJ1ZSIgLz4NCiAgICAgICAgPEZvcm1Qb3N0UGFyYW1ldGVyIE5hbWU9Ik1TT1RsUG5fQnV0dG9uIiBWYWx1ZT0ie3skSElEREVOMi5NU09UbFBuX0J1dHRvbn19IiBSZWNvcmRlZFZhbHVlPSJub25lIiBDb3JyZWxhdGlvbkJpbmRpbmc9IiIgVXJsRW5jb2RlPSJUcnVlIiAvPg0KICAgICAgICA8Rm9ybVBvc3RQYXJhbWV0ZXIgTmFtZT0iX19FVkVOVFRBUkdFVCIgVmFsdWU9ImN0bDAwJGN0bDQzJGdfMTEyNmIwZjhfZTVlNl80Mjc3X2JhYTZfNDIzZGEwYmJhNDc3JGN0bDAwJGN0bDAyJGN0bDAwJHRvb2xCYXJUYmwkUmlnaHRScHRDb250cm9scyRjdGwwMCRjdGwwMCRkaWlkSU9TYXZlSXRlbSIgUmVjb3JkZWRWYWx1ZT0iY3RsMDAkY3RsNDMkZ18xMTI2YjBmOF9lNWU2XzQyNzdfYmFhNl80MjNkYTBiYmE0NzckY3RsMDAkY3RsMDIkY3RsMDAkdG9vbEJhclRibCRSaWdodFJwdENvbnRyb2xzJGN0bDAwJGN0bDAwJGRpaWRJT1NhdmVJdGVtIiBDb3JyZWxhdGlvbkJpbmRpbmc9Int7Rm9ybVBvc3RQYXJhbTIuX19FVkVOVFRBUkdFVH19IiBVcmxFbmNvZGU9IlRydWUiIC8+DQogICAgICAgIDxGb3JtUG9zdFBhcmFtZXRlciBOYW1lPSJfX0VWRU5UQVJHVU1FTlQiIFZhbHVlPSJ7eyRISURERU4yLl9fRVZFTlRBUkdVTUVOVH19IiBSZWNvcmRlZFZhbHVlPSIiIENvcnJlbGF0aW9uQmluZGluZz0iIiBVcmxFbmNvZGU9IlRydWUiIC8+DQogICAgICAgIDxGb3JtUG9zdFBhcmFtZXRlciBOYW1lPSJfX1JFUVVFU1RESUdFU1QiIFZhbHVlPSJ7eyRISURERU4yLl9fUkVRVUVTVERJR0VTVH19IiBSZWNvcmRlZFZhbHVlPSIweDREMDE5MTlEM0Q1NTE0QTU2QkQzOTdGMkI2OEM5NzFGOUZFRTY5ODE1N0E5M0FFOUM2NDYyRjRDRkMxRDNCOEMwQ0U0Q0I0MDEyQzk5RDMzMkIwOUFBQUNDNjc1NzhDMkI1NERBREQ2QkFGMENCRUQzMjM1QUYwMUFCMjdBRjM3LDEzIEp1biAyMDE4IDExOjQxOjM5IC0wMDAwIiBDb3JyZWxhdGlvbkJpbmRpbmc9IiIgVXJsRW5jb2RlPSJUcnVlIiAvPg0KICAgICAgICA8Rm9ybVBvc3RQYXJhbWV0ZXIgTmFtZT0iX0xpc3RTY2hlbWFWZXJzaW9uX3tlZDI4MTkyYS0zYjY3LTQzZDgtYmE4YS1kY2NhM2FjZTdkMGJ9IiBWYWx1ZT0ie3skSElEREVOMi5fTGlzdFNjaGVtYVZlcnNpb25fe2VkMjgxOTJhLTNiNjctNDNkOC1iYThhLWRjY2EzYWNlN2QwYn19IiBSZWNvcmRlZFZhbHVlPSI5NSIgQ29ycmVsYXRpb25CaW5kaW5nPSIiIFVybEVuY29kZT0iVHJ1ZSIgLz4NCiAgICAgICAgPEZvcm1Qb3N0UGFyYW1ldGVyIE5hbWU9Ik1TT1NQV2ViUGFydE1hbmFnZXJfRGlzcGxheU1vZGVOYW1lIiBWYWx1ZT0ie3skSElEREVOMi5NU09TUFdlYlBhcnRNYW5hZ2VyX0Rpc3BsYXlNb2RlTmFtZX19IiBSZWNvcmRlZFZhbHVlPSJCcm93c2UiIENvcnJlbGF0aW9uQmluZGluZz0iIiBVcmxFbmNvZGU9IlRydWUiIC8+DQogICAgICAgIDxGb3JtUG9zdFBhcmFtZXRlciBOYW1lPSJNU09TUFdlYlBhcnRNYW5hZ2VyX0V4aXRpbmdEZXNpZ25Nb2RlIiBWYWx1ZT0ie3skSElEREVOMi5NU09TUFdlYlBhcnRNYW5hZ2VyX0V4aXRpbmdEZXNpZ25Nb2RlfX0iIFJlY29yZGVkVmFsdWU9ImZhbHNlIiBDb3JyZWxhdGlvbkJpbmRpbmc9IiIgVXJsRW5jb2RlPSJUcnVlIiAvPg0KICAgICAgICA8Rm9ybVBvc3RQYXJhbWV0ZXIgTmFtZT0iTVNPV2ViUGFydFBhZ2VfU2hhcmVkIiBWYWx1ZT0ie3skSElEREVOMi5NU09XZWJQYXJ0UGFnZV9TaGFyZWR9fSIgUmVjb3JkZWRWYWx1ZT0iIiBDb3JyZWxhdGlvbkJpbmRpbmc9IiIgVXJsRW5jb2RlPSJUcnVlIiAvPg0KICAgICAgICA8Rm9ybVBvc3RQYXJhbWV0ZXIgTmFtZT0iTVNPTGF5b3V0X0xheW91dENoYW5nZXMiIFZhbHVlPSJ7eyRISURERU4yLk1TT0xheW91dF9MYXlvdXRDaGFuZ2VzfX0iIFJlY29yZGVkVmFsdWU9IiIgQ29ycmVsYXRpb25CaW5kaW5nPSIiIFVybEVuY29kZT0iVHJ1ZSIgLz4NCiAgICAgICAgPEZvcm1Qb3N0UGFyYW1ldGVyIE5hbWU9Ik1TT0xheW91dF9JbkRlc2lnbk1vZGUiIFZhbHVlPSJ7eyRISURERU4yLk1TT0xheW91dF9JbkRlc2lnbk1vZGV9fSIgUmVjb3JkZWRWYWx1ZT0iIiBDb3JyZWxhdGlvbkJpbmRpbmc9IiIgVXJsRW5jb2RlPSJUcnVlIiAvPg0KICAgICAgICA8Rm9ybVBvc3RQYXJhbWV0ZXIgTmFtZT0iX3dwU2VsZWN0ZWQiIFZhbHVlPSJ7eyRISURERU4yLl93cFNlbGVjdGVkfX0iIFJlY29yZGVkVmFsdWU9Ik1TT1pvbmVDZWxsX1dlYlBhcnRXUFEyIiBDb3JyZWxhdGlvbkJpbmRpbmc9IiIgVXJsRW5jb2RlPSJUcnVlIiAvPg0KICAgICAgICA8Rm9ybVBvc3RQYXJhbWV0ZXIgTmFtZT0iX3d6U2VsZWN0ZWQiIFZhbHVlPSJ7eyRISURERU4yLl93elNlbGVjdGVkfX0iIFJlY29yZGVkVmFsdWU9IiIgQ29ycmVsYXRpb25CaW5kaW5nPSIiIFVybEVuY29kZT0iVHJ1ZSIgLz4NCiAgICAgICAgPEZvcm1Qb3N0UGFyYW1ldGVyIE5hbWU9Ik1TT1NQV2ViUGFydE1hbmFnZXJfT2xkRGlzcGxheU1vZGVOYW1lIiBWYWx1ZT0ie3skSElEREVOMi5NU09TUFdlYlBhcnRNYW5hZ2VyX09sZERpc3BsYXlNb2RlTmFtZX19IiBSZWNvcmRlZFZhbHVlPSJCcm93c2UiIENvcnJlbGF0aW9uQmluZGluZz0iIiBVcmxFbmNvZGU9IlRydWUiIC8+DQogICAgICAgIDxGb3JtUG9zdFBhcmFtZXRlciBOYW1lPSJNU09TUFdlYlBhcnRNYW5hZ2VyX1N0YXJ0V2ViUGFydEVkaXRpbmdOYW1lIiBWYWx1ZT0ie3skSElEREVOMi5NU09TUFdlYlBhcnRNYW5hZ2VyX1N0YXJ0V2ViUGFydEVkaXRpbmdOYW1lfX0iIFJlY29yZGVkVmFsdWU9ImZhbHNlIiBDb3JyZWxhdGlvbkJpbmRpbmc9IiIgVXJsRW5jb2RlPSJUcnVlIiAvPg0KICAgICAgICA8Rm9ybVBvc3RQYXJhbWV0ZXIgTmFtZT0iTVNPU1BXZWJQYXJ0TWFuYWdlcl9FbmRXZWJQYXJ0RWRpdGluZyIgVmFsdWU9Int7JEhJRERFTjIuTVNPU1BXZWJQYXJ0TWFuYWdlcl9FbmRXZWJQYXJ0RWRpdGluZ319IiBSZWNvcmRlZFZhbHVlPSJmYWxzZSIgQ29ycmVsYXRpb25CaW5kaW5nPSIiIFVybEVuY29kZT0iVHJ1ZSIgLz4NCiAgICAgICAgPEZvcm1Qb3N0UGFyYW1ldGVyIE5hbWU9Il9tYWludGFpbldvcmtzcGFjZVNjcm9sbFBvc2l0aW9uIiBWYWx1ZT0ie3skSElEREVOMi5fbWFpbnRhaW5Xb3Jrc3BhY2VTY3JvbGxQb3NpdGlvbn19IiBSZWNvcmRlZFZhbHVlPSIwIiBDb3JyZWxhdGlvbkJpbmRpbmc9IiIgVXJsRW5jb2RlPSJUcnVlIiAvPg0KICAgICAgICA8Rm9ybVBvc3RQYXJhbWV0ZXIgTmFtZT0iX19WSUVXU1RBVEUiIFZhbHVlPSJ7eyRISURERU4yLl9fVklFV1NUQVRFfX0iIFJlY29yZGVkVmFsdWU9Ii93RVBEd1VLTFRrM056SXdNekkzTlE5a0ZnSm1EMlFXQWdJQkR4WUNIZ1ZqYkdGemN3VUpiWE10WkdsaGJHOW5GZ1FDQVE5a0ZnSUNHUTlrRmdJQ0F3OWtGZ0lDQVE5a0ZnSm1EeFFyQUFaa0JTNW9kSFJ3Y3pvdkwzTndMbVY0WTJWc2MzVndjRzl5ZEM1dmNtYzZORFF6TDIxNUwxQmxjbk52Ymk1aGMzQjRCU05vZEhSd2N6b3ZMM053TG1WNFkyVnNjM1Z3Y0c5eWRDNXZjbWM2TkRRekwyMTVMd1VmTDBGd2NITXdNQzlmYkdGNWIzVjBjeTh4TlM5dGVYTjFZbk11WVhOd2VBV2dBaTlCY0hCek1EQXZYMnhoZVc5MWRITXZNVFV2Y21WbmFXOXVZV3h6WlhSdVp5NWhjM0I0UDNSNWNHVTlkWE5sY2laemIzVnlZMlU5YUhSMGNITWxNMEVsTWtZbE1rWnpjQ1V5UldOdmNtUnBjM052YkhWMGFXOXVjeVV5UldOdmJTVXlSa0Z3Y0hNd01DVXlSbE5vWVhKbFpDVXlNRVJ2WTNWdFpXNTBjeVV5UmtadmNtMXpKVEpHUldScGRFWnZjbTBsTWtWaGMzQjRKVE5HVFc5a1pTVXpSRlZ3Ykc5aFpDVXlObUZ0Y0NVelFrTm9aV05yU1c1RGIyMXRaVzUwSlRORUpUSTJZVzF3SlROQ1NVUWxNMFF6TkRVM0pUSTJZVzF3SlROQ1VtOXZkRVp2YkdSbGNpVXpSQ1V5TlRKR1FYQndjekF3SlRJMU1rWlRhR0Z5WldRbE1qVXlNRVJ2WTNWdFpXNTBjeVV5Tm1GdGNDVXpRa2x6Ukd4bkpUTkVNUVgwQW1oMGRIQnpPaTh2YzNBdVpYaGpaV3h6ZFhCd2IzSjBMbTl5WnpvME5ETXZiWGt2WDJ4aGVXOTFkSE12TVRVdlJXUnBkRkJ5YjJacGJHVXVZWE53ZUQ5VmMyVnlVMlYwZEdsdVozTlFjbTkyYVdSbGNqMHlNelJpWmpCbFpDVXlSRGN3WkdJbE1rUTBNVFU0SlRKRVlUTXpNaVV5UkRSa1ptUTJPRE5pTkRFME9DWlNaWFIxY201VmNtdzlhSFIwY0hNbE0wRWxNa1lsTWtaemNDVXlSV052Y21ScGMzTnZiSFYwYVc5dWN5VXlSV052YlNVeVJrRndjSE13TUNVeVJsTm9ZWEpsWkNVeU1FUnZZM1Z0Wlc1MGN5VXlSa1p2Y20xekpUSkdSV1JwZEVadmNtMGxNa1ZoYzNCNEpUTkdUVzlrWlNVelJGVndiRzloWkNVeU5tRnRjQ1V6UWtOb1pXTnJTVzVEYjIxdFpXNTBKVE5FSlRJMllXMXdKVE5DU1VRbE0wUXpORFUzSlRJMllXMXdKVE5DVW05dmRFWnZiR1JsY2lVelJDVXlOVEpHUVhCd2N6QXdKVEkxTWtaVGFHRnlaV1FsTWpVeU1FUnZZM1Z0Wlc1MGN5VXlObUZ0Y0NVelFrbHpSR3huSlRORU1XUUNCdzlrRmdZQ0FROWtGZ0lDQVE5a0ZnSUZKbWRmTVRFeU5tSXdaamhmWlRWbE5sODBNamMzWDJKaFlUWmZOREl6WkdFd1ltSmhORGMzRDJRV0FtWVBaQllHQWdNUFpCWUNBZ0VQWkJZRUFnRVBaQllDWmc5a0ZnSUNBdzhQRmdZZUJGUmxlSFFGQkZOaGRtVWVEVTl1UTJ4cFpXNTBRMnhwWTJzRmJHbG1JQ2doVUhKbFUyRjJaVWwwWlcwb0tTa2djbVYwZFhKdUlHWmhiSE5sTzJsbUlDaFRVRU5zYVdWdWRFWnZjbTF6TGtOc2FXVnVkRVp2Y20xTllXNWhaMlZ5TGxOMVltMXBkRU5zYVdWdWRFWnZjbTBvSjFkUVVUSW5LU2tnY21WMGRYSnVJR1poYkhObE94NElWR0ZpU1c1a1pYZ0JBQUJrWkFJREQyUVdBbVlQWkJZQ0FnTVBEeFlHSGdsQlkyTmxjM05MWlhrRkFVTWZBUVVHUTJGdVkyVnNId0lGVEhObGRGUnBiV1Z2ZFhRb1puVnVZM1JwYjI0b0tYdDNhVzVrYjNjdVpuSmhiV1ZGYkdWdFpXNTBMbU5oYm1ObGJGQnZjRlZ3S0NrN2ZTd2dNQ2s3SUhKbGRIVnliaUJtWVd4elpUdGtaQUlGRDJRV0FtWVBaQllDQWdNUFpCWUNaZzlrRmdJQ0FROFBGZzRmQVFVTFJHVnNaWFJsSUVsMFpXMGVDRWx0WVdkbFZYSnNCUjh2WDJ4aGVXOTFkSE12TVRVdmFXMWhaMlZ6TDJSbGJHbDBaVzB1WjJsbUh3UUZBVmdlRVZCbGNtMXBjM05wYjI1RGIyNTBaWGgwQ3ltS0FVMXBZM0p2YzI5bWRDNVRhR0Z5WlZCdmFXNTBMbFYwYVd4cGRHbGxjeTVRWlhKdGFYTnphVzl1UTI5dWRHVjRkQ3dnVFdsamNtOXpiMlowTGxOb1lYSmxVRzlwYm5Rc0lGWmxjbk5wYjI0OU1UWXVNQzR3TGpBc0lFTjFiSFIxY21VOWJtVjFkSEpoYkN3Z1VIVmliR2xqUzJWNVZHOXJaVzQ5TnpGbE9XSmpaVEV4TVdVNU5ESTVZd0llQzFCbGNtMXBjM05wYjI1ektDbUFBVTFwWTNKdmMyOW1kQzVUYUdGeVpWQnZhVzUwTGxOUVFtRnpaVkJsY20xcGMzTnBiMjV6TENCTmFXTnliM052Wm5RdVUyaGhjbVZRYjJsdWRDd2dWbVZ5YzJsdmJqMHhOaTR3TGpBdU1Dd2dRM1ZzZEhWeVpUMXVaWFYwY21Gc0xDQlFkV0pzYVdOTFpYbFViMnRsYmowM01XVTVZbU5sTVRFeFpUazBNamxqRDBSbGJHVjBaVXhwYzNSSmRHVnRjeDhDQlNCeVpYUjFjbTRnUkdWc1pYUmxTWFJsYlVOdmJtWnBjbTFoZEdsdmJpZ3BPeDRvUTJ4cFpXNTBUMjVEYkdsamExTmpjbWx3ZEVOdmJuUmhhVzVwYm1kUWNtVm1hWGhsWkZWeWJHUmtaQUlIRDJRV0FtWVBaQllJQWdNUFpCWUNaZzlrRmdRQ0F3OFFEMlFXQWg0SWIyNWphR0Z1WjJVRmtBRnFZWFpoYzJOeWFYQjBPa05vWVc1blpVTnZiblJsYm5SVWVYQmxLQ0pqZEd3d01GOWpkR3cwTTE5blh6RXhNalppTUdZNFgyVTFaVFpmTkRJM04xOWlZV0UyWHpReU0yUmhNR0ppWVRRM04xOWpkR3d3TUY5amRHd3dNbDlqZEd3d01GOWpkR3d3TVY5amRHd3dNRjlEYjI1MFpXNTBWSGx3WlVOb2IybGpaU0lwTzNKbGRIVnliaUJtWVd4elpUc1BGZ0ptQWdFV0FoQUZEME52Y21ScGN5QkViMk4xYldWdWRBVktNSGd3TVRBeE1EQkRPRFV5UkVVek1qSTROREkyUlRRNE9VRXpRVVpFTTBaRlFUSkdOREV4TVRBd1JUazNOMFE0TjBRNVJqUXhOVFkwTlRoQk5EQkZRMFJHUTBFMVEwSTNNRUZuRUFVWlEyOXlaR2x6SUV4cGJtc2dkRzhnWVNCRWIyTjFiV1Z1ZEFVcU1IZ3dNVEF4TUVFd01EZzJNelZGUWpsQk16VkRRalpCTkRjNE5UWTFOVUpHUXpBNVFrWTRSRGM0WjJSa0FnVVBEeFlHSHdGbEhnaERjM05EYkdGemN3VUxiWE10YldWMFlXUmhkR0VlQkY4aFUwSUNBbVJrQWdVUFpCWUNaZzlrRmdJQ0FROWtGZ3htRDJRV0FnSUJEMlFXQW1ZUFpCWUNBZ2tQRmdJZUUxQnlaWFpwYjNWelEyOXVkSEp2YkUxdlpHVUxLWWdCVFdsamNtOXpiMlowTGxOb1lYSmxVRzlwYm5RdVYyVmlRMjl1ZEhKdmJITXVVMUJEYjI1MGNtOXNUVzlrWlN3Z1RXbGpjbTl6YjJaMExsTm9ZWEpsVUc5cGJuUXNJRlpsY25OcGIyNDlNVFl1TUM0d0xqQXNJRU4xYkhSMWNtVTlibVYxZEhKaGJDd2dVSFZpYkdsalMyVjVWRzlyWlc0OU56RmxPV0pqWlRFeE1XVTVOREk1WXdKa0FnRVBaQllDQWdFUFpCWUNaZzlrRmdJQ0NROFdBaDhNQ3lzR0FtUUNBZzlrRmdJQ0FROWtGZ0ptRDJRV0FnSUpEeFlDSHd3TEt3WUNaQUlERDJRV0FnSUJEMlFXQW1ZUFpCWUNBZ2tQRmdJZkRBc3JCZ0prQWdRUFpCWUNBZ0VQWkJZQ1pnOWtGZ0lDQ1E4V0FoOE1DeXNHQW1RQ0JROWtGZ0lDQVE5a0ZnSm1EMlFXQWdJSkR4WUNId3dMS3dZQ1pBSUhEMlFXQW1ZUFpCWUVBZ01QRmdJZkRBc3JCZ0VXQW1ZUEZnSWZEQXNyQmdGa0FnVVBGZ0lmREFzckJnRVdBbVlQRmdJZkRBc3JCZ0ZrQWhFUFpCWUVaZzlrRmdJQ0FROWtGZ0ptRDJRV0JnSUREeFlDSHd3TEt3WUJaQUlGRDJRV0JBSUJEeFlDSHd3TEt3WUJaQUlERHhZQ0h3d0xLd1lCWkFJSEQyUVdCQUlCRHhZQ0h3d0xLd1lCWkFJRER4WUNId3dMS3dZQlpBSUJEMlFXQkFJQkQyUVdBbVlQWkJZQ0FnTVBEeFlHSHdFRkJGTmhkbVVmQWdWc2FXWWdLQ0ZRY21WVFlYWmxTWFJsYlNncEtTQnlaWFIxY200Z1ptRnNjMlU3YVdZZ0tGTlFRMnhwWlc1MFJtOXliWE11UTJ4cFpXNTBSbTl5YlUxaGJtRm5aWEl1VTNWaWJXbDBRMnhwWlc1MFJtOXliU2duVjFCUk1pY3BLU0J5WlhSMWNtNGdabUZzYzJVN0h3TUJBQUJrWkFJREQyUVdBbVlQWkJZQ0FnTVBEeFlHSHdRRkFVTWZBUVVHUTJGdVkyVnNId0lGVEhObGRGUnBiV1Z2ZFhRb1puVnVZM1JwYjI0b0tYdDNhVzVrYjNjdVpuSmhiV1ZGYkdWdFpXNTBMbU5oYm1ObGJGQnZjRlZ3S0NrN2ZTd2dNQ2s3SUhKbGRIVnliaUJtWVd4elpUdGtaQUlGRDJRV0FnSUNEMlFXQkFJQkQyUVdBZ0lERDJRV0FtWVBaQllFQWdNUFpCWUlBZ0VQRmdZZUUwTnNhV1Z1ZEU5dVEyeHBZMnRUWTNKcGNIUUZlVVZ1YzNWeVpWTmpjbWx3ZEVaMWJtTW9KM05vWVhKcGJtY3Vhbk1uTENBblJHbHpjR3hoZVZOb1lYSmxaRmRwZEdoRWFXRnNiMmNuTENCbWRXNWpkR2x2YmlBb0tTQjdJRVJwYzNCc1lYbFRhR0Z5WldSWGFYUm9SR2xoYkc5bktDZGNkVEF3TW1aQmNIQnpNREJjZFRBd01tWW5LVHNnZlNrZkNBVjVSVzV6ZFhKbFUyTnlhWEIwUm5WdVl5Z25jMmhoY21sdVp5NXFjeWNzSUNkRWFYTndiR0Y1VTJoaGNtVmtWMmwwYUVScFlXeHZaeWNzSUdaMWJtTjBhVzl1SUNncElIc2dSR2x6Y0d4aGVWTm9ZWEpsWkZkcGRHaEVhV0ZzYjJjb0oxeDFNREF5WmtGd2NITXdNRngxTURBeVppY3BPeUI5S1I0WVEyeHBaVzUwVDI1RGJHbGphMDVoZG1sbllYUmxWWEpzWkdRQ0JROFdBaDRIVm1semFXSnNaV2hrQWdzUEZnSWZEMmhrQWhJUFpCWUNaZzhQRmdZZUhGQnlaWFpwYjNWelFYVjBhRzl5YVc1blNYUmxiVlpsY25OcGIyNEZBVEVlR2xCeVpYWnBiM1Z6UVhWMGFHOXlhVzVuU1hSbGJVOTNibVZ5QlFRek5EVTNIaHhRY21WMmFXOTFjMEYxZEdodmNtbHVaME52Ym5SeWIyeE5iMlJsQ3lzR0FtUmtBZ1FQRHhZQ0h3UUZBUzlrWkFJREQyUVdBZ0lCRDJRV0FnSUJEMlFXQmdJQkR3OFdCQjhMQWdJZkNnVVhiWE10Y0hKdmJXOTBaV1JCWTNScGIyNUNkWFIwYjI1a1pBSUREMlFXQW1ZUER4WUVId3NDQWg4S0JSZHRjeTF3Y205dGIzUmxaRUZqZEdsdmJrSjFkSFJ2Ym1Sa0FnVVBEeFlHSHdvRkYyMXpMWEJ5YjIxdmRHVmtRV04wYVc5dVFuVjBkRzl1SHdzQ0FoOFBhR1JrQWhNUFpCWUNBZ0VQWkJZQ0FnMFBEeFlDSHc5b1pCWUNBZ0VQWkJZQ1pnOWtGZ0lDQXc5a0ZnSUNCUTlrRmdJQ0FRODhLd0FKQVFBUEZnUWVEVkJoZEdoVFpYQmhjbUYwYjNJRUNCNE5UbVYyWlhKRmVIQmhibVJsWkdka1pCZ0JCUmRqZEd3d01DUlViM0JPWVhacFoyRjBhVzl1VFdWdWRROFBaQVVVU0c5dFpWeEJjSEJ6SUNZZ1VISnZaSFZqZEhOa2RGSGhlL0R6VDZXRnhoOTRaSTM1eGRGMnFEeDZYOGQvVHY4VU1yQ0lYT289IiBDb3JyZWxhdGlvbkJpbmRpbmc9IiIgVXJsRW5jb2RlPSJUcnVlIiAvPg0KICAgICAgICA8Rm9ybVBvc3RQYXJhbWV0ZXIgTmFtZT0iX19WSUVXU1RBVEVHRU5FUkFUT1IiIFZhbHVlPSJ7eyRISURERU4yLl9fVklFV1NUQVRFR0VORVJBVE9SfX0iIFJlY29yZGVkVmFsdWU9IjJEQjE1NUEzIiBDb3JyZWxhdGlvbkJpbmRpbmc9IiIgVXJsRW5jb2RlPSJUcnVlIiAvPg0KICAgICAgICA8Rm9ybVBvc3RQYXJhbWV0ZXIgTmFtZT0iX19TQ1JPTExQT1NJVElPTlgiIFZhbHVlPSJ7eyRISURERU4yLl9fU0NST0xMUE9TSVRJT05YfX0iIFJlY29yZGVkVmFsdWU9IjAiIENvcnJlbGF0aW9uQmluZGluZz0iIiBVcmxFbmNvZGU9IlRydWUiIC8+DQogICAgICAgIDxGb3JtUG9zdFBhcmFtZXRlciBOYW1lPSJfX1NDUk9MTFBPU0lUSU9OWSIgVmFsdWU9Int7JEhJRERFTjIuX19TQ1JPTExQT1NJVElPTll9fSIgUmVjb3JkZWRWYWx1ZT0iMCIgQ29ycmVsYXRpb25CaW5kaW5nPSIiIFVybEVuY29kZT0iVHJ1ZSIgLz4NCiAgICAgICAgPEZvcm1Qb3N0UGFyYW1ldGVyIE5hbWU9Il9fRVZFTlRWQUxJREFUSU9OIiBWYWx1ZT0ie3skSElEREVOMi5fX0VWRU5UVkFMSURBVElPTn19IiBSZWNvcmRlZFZhbHVlPSIvd0VkQUFybDliQUxNOXRLRFFVdUNJd3JjVXA0TG1YeVl3QStPZkZhRzVBMmx6OG5DTFVnRkxwbktPanZCQVUydFhud0QwemNHeC9DbG1rTkRrQzZiSTZaanpHRjRZN1B4YVE3dko0Yyt5aUhBTDFjQkErcFNONzJldWdWU292SjZHRnlxTGc0Z1lPZXRKL1paTUNGd2F3cXdlUWVOUjIyNFBVRm9CMDc4Y1JDL0R0RGZMYWNXVFVXbmNmZXExWFlFMXRBODhFbXExckNaVHhYU1Z3ZlZlbmJvZHc4OEhpSUx3R0FxY2ZxQXZBYnRJQ1ZtbkVLOUZFVUxLaEw0UXBNaU9NRjhsZz0iIENvcnJlbGF0aW9uQmluZGluZz0iIiBVcmxFbmNvZGU9IlRydWUiIC8+DQogICAgICAgIDxGb3JtUG9zdFBhcmFtZXRlciBOYW1lPSJjdGwwMCRjdGw0NCRjdGwwNCIgVmFsdWU9IlJpYmJvbi5Eb2NMaWJMaXN0Rm9ybS5FZGl0IiBSZWNvcmRlZFZhbHVlPSJSaWJib24uRG9jTGliTGlzdEZvcm0uRWRpdCIgQ29ycmVsYXRpb25CaW5kaW5nPSJ7e0Zvcm1Qb3N0UGFyYW0zLmN0bDAwJGN0bDQ0JGN0bDA0fX0iIFVybEVuY29kZT0iVHJ1ZSIgLz4NCiAgICAgICAgPEZvcm1Qb3N0UGFyYW1ldGVyIE5hbWU9ImN0bDAwJGN0bDQzJGdfMTEyNmIwZjhfZTVlNl80Mjc3X2JhYTZfNDIzZGEwYmJhNDc3JGN0bDAwJGN0bDAyJGN0bDAwJGN0bDAxJGN0bDAwJENvbnRlbnRUeXBlQ2hvaWNlIiBWYWx1ZT0iMHgwMTAxMDBDODUyREUzMjI4NDI2RTQ4OUEzQUZEM0ZFQTJGNDExMTAwRTk3N0Q4N0Q5RjQxNTY0NThBNDBFQ0RGQ0E1Q0I3MEEiIFJlY29yZGVkVmFsdWU9IjB4MDEwMTAwQzg1MkRFMzIyODQyNkU0ODlBM0FGRDNGRUEyRjQxMTEwMEU5NzdEODdEOUY0MTU2NDU4QTQwRUNERkNBNUNCNzBBIiBDb3JyZWxhdGlvbkJpbmRpbmc9Int7Rm9ybVBvc3RQYXJhbTQuY3RsMDAkY3RsNDMkZ18xMTI2YjBmOF9lNWU2XzQyNzdfYmFhNl80MjNkYTBiYmE0NzckY3RsMDAkY3RsMDIkY3RsMDAkY3RsMDEkY3RsMDAkQ29udGVudFR5cGVDaG9pY2V9fSIgVXJsRW5jb2RlPSJUcnVlIiAvPg0KICAgICAgICA8Rm9ybVBvc3RQYXJhbWV0ZXIgTmFtZT0iU3RhdHVzXzFkYWI5YjQ4LTJkMWEtNDdiMy04NzhjLThlODRmMGQyMTFiYV9SYWRpbyIgVmFsdWU9IkRyb3BEb3duQnV0dG9uIiBSZWNvcmRlZFZhbHVlPSJEcm9wRG93bkJ1dHRvbiIgQ29ycmVsYXRpb25CaW5kaW5nPSIiIFVybEVuY29kZT0iVHJ1ZSIgLz4NCiAgICAgICAgPEZvcm1Qb3N0UGFyYW1ldGVyIE5hbWU9ImN0bDAwJGN0bDQzJGdfMTEyNmIwZjhfZTVlNl80Mjc3X2JhYTZfNDIzZGEwYmJhNDc3JGN0bDAwJGN0bDAyJGN0bDAwJGN0bDA2JGN0bDAwJG93c2hpZGRlbnZlcnNpb24iIFZhbHVlPSJ7eyRISURERU4yLmN0bDAwJGN0bDQzJGdfMTEyNmIwZjhfZTVlNl80Mjc3X2JhYTZfNDIzZGEwYmJhNDc3JGN0bDAwJGN0bDAyJGN0bDAwJGN0bDA2JGN0bDAwJG93c2hpZGRlbnZlcnNpb259fSIgUmVjb3JkZWRWYWx1ZT0iMSIgQ29ycmVsYXRpb25CaW5kaW5nPSIiIFVybEVuY29kZT0iVHJ1ZSIgLz4NCiAgICAgICAgPEZvcm1Qb3N0UGFyYW1ldGVyIE5hbWU9IkNsaWVudEZvcm1Qb3N0QmFja1ZhbHVlX2VkMjgxOTJhLTNiNjctNDNkOC1iYThhLWRjY2EzYWNlN2QwYl9GaWxlTGVhZlJlZiIgVmFsdWU9IkZpbGUgZm9yIHRoZSB2ZXJzaW9uIDMueGxzeCIgUmVjb3JkZWRWYWx1ZT0iRmlsZSBmb3IgdGhlIHZlcnNpb24gMy54bHN4IiBDb3JyZWxhdGlvbkJpbmRpbmc9Int7Rm9ybVBvc3RQYXJhbTUuQ2xpZW50Rm9ybVBvc3RCYWNrVmFsdWVfZWQyODE5MmEtM2I2Ny00M2Q4LWJhOGEtZGNjYTNhY2U3ZDBiX0ZpbGVMZWFmUmVmfX0iIFVybEVuY29kZT0iVHJ1ZSIgLz4NCiAgICAgICAgPEZvcm1Qb3N0UGFyYW1ldGVyIE5hbWU9IkNsaWVudEZvcm1Qb3N0QmFja1ZhbHVlX2VkMjgxOTJhLTNiNjctNDNkOC1iYThhLWRjY2EzYWNlN2QwYl9UaXRsZSIgVmFsdWU9IkNvcmRpcyBteUZpZG9jIEVuZ2xpc2ggVGVtcGxhdGUiIFJlY29yZGVkVmFsdWU9IkNvcmRpcyBteUZpZG9jIEVuZ2xpc2ggVGVtcGxhdGUiIENvcnJlbGF0aW9uQmluZGluZz0ie3tGb3JtUG9zdFBhcmFtNi5DbGllbnRGb3JtUG9zdEJhY2tWYWx1ZV9lZDI4MTkyYS0zYjY3LTQzZDgtYmE4YS1kY2NhM2FjZTdkMGJfVGl0bGV9fSIgVXJsRW5jb2RlPSJUcnVlIiAvPg0KICAgICAgICA8Rm9ybVBvc3RQYXJhbWV0ZXIgTmFtZT0iQ2xpZW50Rm9ybVBvc3RCYWNrVmFsdWVfZWQyODE5MmEtM2I2Ny00M2Q4LWJhOGEtZGNjYTNhY2U3ZDBiX0FwcGxpY2F0aW9uIiBWYWx1ZT0iIiBSZWNvcmRlZFZhbHVlPSIiIENvcnJlbGF0aW9uQmluZGluZz0iIiBVcmxFbmNvZGU9IlRydWUiIC8+DQogICAgICAgIDxGb3JtUG9zdFBhcmFtZXRlciBOYW1lPSJDbGllbnRGb3JtUG9zdEJhY2tWYWx1ZV9lZDI4MTkyYS0zYjY3LTQzZDgtYmE4YS1kY2NhM2FjZTdkMGJfQXBwc194MDAyMF9Db250ZW50X3gwMDIwX1R5cGUiIFZhbHVlPSIiIFJlY29yZGVkVmFsdWU9IiIgQ29ycmVsYXRpb25CaW5kaW5nPSIiIFVybEVuY29kZT0iVHJ1ZSIgLz4NCiAgICAgICAgPEZvcm1Qb3N0UGFyYW1ldGVyIE5hbWU9IkNsaWVudEZvcm1Qb3N0QmFja1ZhbHVlX2VkMjgxOTJhLTNiNjctNDNkOC1iYThhLWRjY2EzYWNlN2QwYl9TdGF0dXMiIFZhbHVlPSJEcmFmdCIgUmVjb3JkZWRWYWx1ZT0iRHJhZnQiIENvcnJlbGF0aW9uQmluZGluZz0ie3tGb3JtUG9zdFBhcmFtNy5DbGllbnRGb3JtUG9zdEJhY2tWYWx1ZV9lZDI4MTkyYS0zYjY3LTQzZDgtYmE4YS1kY2NhM2FjZTdkMGJfU3RhdHVzfX0iIFVybEVuY29kZT0iVHJ1ZSIgLz4NCiAgICAgICAgPEZvcm1Qb3N0UGFyYW1ldGVyIE5hbWU9IkNsaWVudEZvcm1Qb3N0QmFja1ZhbHVlX2VkMjgxOTJhLTNiNjctNDNkOC1iYThhLWRjY2EzYWNlN2QwYl9Db25fVGVjaCIgVmFsdWU9IiIgUmVjb3JkZWRWYWx1ZT0iIiBDb3JyZWxhdGlvbkJpbmRpbmc9IiIgVXJsRW5jb2RlPSJUcnVlIiAvPg0KICAgICAgICA8Rm9ybVBvc3RQYXJhbWV0ZXIgTmFtZT0iQ2xpZW50Rm9ybVBvc3RCYWNrVmFsdWVfZWQyODE5MmEtM2I2Ny00M2Q4LWJhOGEtZGNjYTNhY2U3ZDBiX293c2hpZGRlbnZlcnNpb24iIFZhbHVlPSIxIiBSZWNvcmRlZFZhbHVlPSIxIiBDb3JyZWxhdGlvbkJpbmRpbmc9Int7Rm9ybVBvc3RQYXJhbTguQ2xpZW50Rm9ybVBvc3RCYWNrVmFsdWVfZWQyODE5MmEtM2I2Ny00M2Q4LWJhOGEtZGNjYTNhY2U3ZDBiX293c2hpZGRlbnZlcnNpb259fSIgVXJsRW5jb2RlPSJUcnVlIiAvPg0KICAgICAgICA8Rm9ybVBvc3RQYXJhbWV0ZXIgTmFtZT0iQ2xpZW50Rm9ybVBvc3RCYWNrVmFsdWVfZWQyODE5MmEtM2I2Ny00M2Q4LWJhOGEtZGNjYTNhY2U3ZDBiX1N1Ym1pdENsaWVudEZvcm0iIFZhbHVlPSJ0cnVlIiBSZWNvcmRlZFZhbHVlPSJ0cnVlIiBDb3JyZWxhdGlvbkJpbmRpbmc9Int7Rm9ybVBvc3RQYXJhbTkuQ2xpZW50Rm9ybVBvc3RCYWNrVmFsdWVfZWQyODE5MmEtM2I2Ny00M2Q4LWJhOGEtZGNjYTNhY2U3ZDBiX1N1Ym1pdENsaWVudEZvcm19fSIgVXJsRW5jb2RlPSJUcnVlIiAvPg0KICAgICAgPC9Gb3JtUG9zdEh0dHBCb2R5Pg0KICAgIDwvUmVxdWVzdD4NCiAgICA8UmVxdWVzdCBNZXRob2Q9IlBPU1QiIEd1aWQ9ImQ4MDA0Zjk3LWIyZWEtNGUyMS1iZTdhLWRiODEzNzI0YWMxOSIgVmVyc2lvbj0iMS4xIiBVcmw9Imh0dHBzOi8vc3AuY29yZGlzc29sdXRpb25zLmNvbS9BcHBzMDAvU2hhcmVkJTIwRG9jdW1lbnRzL0Zvcm1zL0VkaXRGb3JtLmFzcHgiIFRoaW5rVGltZT0iMCIgVGltZW91dD0iMzAwIiBQYXJzZURlcGVuZGVudFJlcXVlc3RzPSJUcnVlIiBGb2xsb3dSZWRpcmVjdHM9IlRydWUiIFJlY29yZFJlc3VsdD0iVHJ1ZSIgQ2FjaGU9IkZhbHNlIiBSZXNwb25zZVRpbWVHb2FsPSIwIiBFbmNvZGluZz0idXRmLTgiIEV4cGVjdGVkSHR0cFN0YXR1c0NvZGU9IjAiIEV4cGVjdGVkUmVzcG9uc2VVcmw9IiIgUmVwb3J0aW5nTmFtZT0iIiBJZ25vcmVIdHRwU3RhdHVzQ29kZT0iRmFsc2UiPg0KICAgICAgPEhlYWRlcnM+DQogICAgICAgIDxIZWFkZXIgTmFtZT0iUmVmZXJlciIgVmFsdWU9Imh0dHBzOi8vc3AuY29yZGlzc29sdXRpb25zLmNvbS9BcHBzMDAvU2hhcmVkJTIwRG9jdW1lbnRzL0Zvcm1zL0VkaXRGb3JtLmFzcHg/TW9kZT1VcGxvYWQmYW1wO0NoZWNrSW5Db21tZW50PSZhbXA7SUQ9MzQ1NyZhbXA7Um9vdEZvbGRlcj0lMkZBcHBzMDAlMkZTaGFyZWQlMjBEb2N1bWVudHMmYW1wO0lzRGxnPTEiIC8+DQogICAgICA8L0hlYWRlcnM+DQogICAgICA8UXVlcnlTdHJpbmdQYXJhbWV0ZXJzPg0KICAgICAgICA8UXVlcnlTdHJpbmdQYXJhbWV0ZXIgTmFtZT0iTW9kZSIgVmFsdWU9IlVwbG9hZCIgUmVjb3JkZWRWYWx1ZT0iVXBsb2FkIiBDb3JyZWxhdGlvbkJpbmRpbmc9Int7UXVlcnlTdHJpbmdQYXJhbTE1Mi5Nb2RlfX0iIFVybEVuY29kZT0iRmFsc2UiIFVzZVRvR3JvdXBSZXN1bHRzPSJGYWxzZSIgLz4NCiAgICAgICAgPFF1ZXJ5U3RyaW5nUGFyYW1ldGVyIE5hbWU9IkNoZWNrSW5Db21tZW50IiBWYWx1ZT0iIiBSZWNvcmRlZFZhbHVlPSIiIENvcnJlbGF0aW9uQmluZGluZz0iIiBVcmxFbmNvZGU9IkZhbHNlIiBVc2VUb0dyb3VwUmVzdWx0cz0iRmFsc2UiIC8+DQogICAgICAgIDxRdWVyeVN0cmluZ1BhcmFtZXRlciBOYW1lPSJJRCIgVmFsdWU9IjM0NTciIFJlY29yZGVkVmFsdWU9IjM0NTciIENvcnJlbGF0aW9uQmluZGluZz0ie3tRdWVyeVN0cmluZ1BhcmFtMTUzLklEfX0iIFVybEVuY29kZT0iRmFsc2UiIFVzZVRvR3JvdXBSZXN1bHRzPSJGYWxzZSIgLz4NCiAgICAgICAgPFF1ZXJ5U3RyaW5nUGFyYW1ldGVyIE5hbWU9IlJvb3RGb2xkZXIiIFZhbHVlPSJ7e1F1ZXJ5U3RyaW5nUGFyYW0xNTQuUm9vdEZvbGRlcn19IiBSZWNvcmRlZFZhbHVlPSIlMmZBcHBzMDAlMmZTaGFyZWQrRG9jdW1lbnRzIiBDb3JyZWxhdGlvbkJpbmRpbmc9Int7UXVlcnlTdHJpbmdQYXJhbTE1NC5Sb290Rm9sZGVyfX0iIFVybEVuY29kZT0iRmFsc2UiIFVzZVRvR3JvdXBSZXN1bHRzPSJGYWxzZSIgLz4NCiAgICAgICAgPFF1ZXJ5U3RyaW5nUGFyYW1ldGVyIE5hbWU9IklzRGxnIiBWYWx1ZT0ie3tRdWVyeVN0cmluZ1BhcmFtMTU1LklzRGxnfX0iIFJlY29yZGVkVmFsdWU9IjEiIENvcnJlbGF0aW9uQmluZGluZz0ie3tRdWVyeVN0cmluZ1BhcmFtMTU1LklzRGxnfX0iIFVybEVuY29kZT0iRmFsc2UiIFVzZVRvR3JvdXBSZXN1bHRzPSJGYWxzZSIgLz4NCiAgICAgIDwvUXVlcnlTdHJpbmdQYXJhbWV0ZXJzPg0KICAgICAgPEZvcm1Qb3N0SHR0cEJvZHk+DQogICAgICAgIDxGb3JtUG9zdFBhcmFtZXRlciBOYW1lPSJfd3BjbVdwaWQiIFZhbHVlPSJ7eyRISURERU4yLl93cGNtV3BpZH19IiBSZWNvcmRlZFZhbHVlPSIiIENvcnJlbGF0aW9uQmluZGluZz0iIiBVcmxFbmNvZGU9IlRydWUiIC8+DQogICAgICAgIDxGb3JtUG9zdFBhcmFtZXRlciBOYW1lPSJ3cGNtVmFsIiBWYWx1ZT0ie3skSElEREVOMi53cGNtVmFsfX0iIFJlY29yZGVkVmFsdWU9IiIgQ29ycmVsYXRpb25CaW5kaW5nPSIiIFVybEVuY29kZT0iVHJ1ZSIgLz4NCiAgICAgICAgPEZvcm1Qb3N0UGFyYW1ldGVyIE5hbWU9Ik1TT1dlYlBhcnRQYWdlX1Bvc3RiYWNrU291cmNlIiBWYWx1ZT0ie3skSElEREVOMi5NU09XZWJQYXJ0UGFnZV9Qb3N0YmFja1NvdXJjZX19IiBSZWNvcmRlZFZhbHVlPSIiIENvcnJlbGF0aW9uQmluZGluZz0iIiBVcmxFbmNvZGU9IlRydWUiIC8+DQogICAgICAgIDxGb3JtUG9zdFBhcmFtZXRlciBOYW1lPSJNU09UbFBuX1NlbGVjdGVkV3BJZCIgVmFsdWU9Int7JEhJRERFTjIuTVNPVGxQbl9TZWxlY3RlZFdwSWR9fSIgUmVjb3JkZWRWYWx1ZT0iIiBDb3JyZWxhdGlvbkJpbmRpbmc9IiIgVXJsRW5jb2RlPSJUcnVlIiAvPg0KICAgICAgICA8Rm9ybVBvc3RQYXJhbWV0ZXIgTmFtZT0iTVNPVGxQbl9WaWV3IiBWYWx1ZT0ie3skSElEREVOMi5NU09UbFBuX1ZpZXd9fSIgUmVjb3JkZWRWYWx1ZT0iMCIgQ29ycmVsYXRpb25CaW5kaW5nPSIiIFVybEVuY29kZT0iVHJ1ZSIgLz4NCiAgICAgICAgPEZvcm1Qb3N0UGFyYW1ldGVyIE5hbWU9Ik1TT1RsUG5fU2hvd1NldHRpbmdzIiBWYWx1ZT0ie3skSElEREVOMi5NU09UbFBuX1Nob3dTZXR0aW5nc319IiBSZWNvcmRlZFZhbHVlPSJGYWxzZSIgQ29ycmVsYXRpb25CaW5kaW5nPSIiIFVybEVuY29kZT0iVHJ1ZSIgLz4NCiAgICAgICAgPEZvcm1Qb3N0UGFyYW1ldGVyIE5hbWU9Ik1TT0dhbGxlcnlfU2VsZWN0ZWRMaWJyYXJ5IiBWYWx1ZT0ie3skSElEREVOMi5NU09HYWxsZXJ5X1NlbGVjdGVkTGlicmFyeX19IiBSZWNvcmRlZFZhbHVlPSIiIENvcnJlbGF0aW9uQmluZGluZz0iIiBVcmxFbmNvZGU9IlRydWUiIC8+DQogICAgICAgIDxGb3JtUG9zdFBhcmFtZXRlciBOYW1lPSJNU09HYWxsZXJ5X0ZpbHRlclN0cmluZyIgVmFsdWU9Int7JEhJRERFTjIuTVNPR2FsbGVyeV9GaWx0ZXJTdHJpbmd9fSIgUmVjb3JkZWRWYWx1ZT0iIiBDb3JyZWxhdGlvbkJpbmRpbmc9IiIgVXJsRW5jb2RlPSJUcnVlIiAvPg0KICAgICAgICA8Rm9ybVBvc3RQYXJhbWV0ZXIgTmFtZT0iTVNPVGxQbl9CdXR0b24iIFZhbHVlPSJ7eyRISURERU4yLk1TT1RsUG5fQnV0dG9ufX0iIFJlY29yZGVkVmFsdWU9Im5vbmUiIENvcnJlbGF0aW9uQmluZGluZz0iIiBVcmxFbmNvZGU9IlRydWUiIC8+DQogICAgICAgIDxGb3JtUG9zdFBhcmFtZXRlciBOYW1lPSJfX0VWRU5UVEFSR0VUIiBWYWx1ZT0iY3RsMDAkY3RsNDMkZ18xMTI2YjBmOF9lNWU2XzQyNzdfYmFhNl80MjNkYTBiYmE0NzckY3RsMDAkY3RsMDIkY3RsMDAkdG9vbEJhclRibCRSaWdodFJwdENvbnRyb2xzJGN0bDAwJGN0bDAwJGRpaWRJT1NhdmVJdGVtIiBSZWNvcmRlZFZhbHVlPSJjdGwwMCRjdGw0MyRnXzExMjZiMGY4X2U1ZTZfNDI3N19iYWE2XzQyM2RhMGJiYTQ3NyRjdGwwMCRjdGwwMiRjdGwwMCR0b29sQmFyVGJsJFJpZ2h0UnB0Q29udHJvbHMkY3RsMDAkY3RsMDAkZGlpZElPU2F2ZUl0ZW0iIENvcnJlbGF0aW9uQmluZGluZz0ie3tGb3JtUG9zdFBhcmFtMjkuX19FVkVOVFRBUkdFVH19IiBVcmxFbmNvZGU9IlRydWUiIC8+DQogICAgICAgIDxGb3JtUG9zdFBhcmFtZXRlciBOYW1lPSJfX0VWRU5UQVJHVU1FTlQiIFZhbHVlPSJ7eyRISURERU4yLl9fRVZFTlRBUkdVTUVOVH19IiBSZWNvcmRlZFZhbHVlPSIiIENvcnJlbGF0aW9uQmluZGluZz0iIiBVcmxFbmNvZGU9IlRydWUiIC8+DQogICAgICAgIDxGb3JtUG9zdFBhcmFtZXRlciBOYW1lPSJfX1JFUVVFU1RESUdFU1QiIFZhbHVlPSJ7eyRISURERU4yLl9fUkVRVUVTVERJR0VTVH19IiBSZWNvcmRlZFZhbHVlPSIweDREMDE5MTlEM0Q1NTE0QTU2QkQzOTdGMkI2OEM5NzFGOUZFRTY5ODE1N0E5M0FFOUM2NDYyRjRDRkMxRDNCOEMwQ0U0Q0I0MDEyQzk5RDMzMkIwOUFBQUNDNjc1NzhDMkI1NERBREQ2QkFGMENCRUQzMjM1QUYwMUFCMjdBRjM3LDEzIEp1biAyMDE4IDExOjQxOjM5IC0wMDAwIiBDb3JyZWxhdGlvbkJpbmRpbmc9IiIgVXJsRW5jb2RlPSJUcnVlIiAvPg0KICAgICAgICA8Rm9ybVBvc3RQYXJhbWV0ZXIgTmFtZT0iX0xpc3RTY2hlbWFWZXJzaW9uX3tlZDI4MTkyYS0zYjY3LTQzZDgtYmE4YS1kY2NhM2FjZTdkMGJ9IiBWYWx1ZT0ie3skSElEREVOMi5fTGlzdFNjaGVtYVZlcnNpb25fe2VkMjgxOTJhLTNiNjctNDNkOC1iYThhLWRjY2EzYWNlN2QwYn19IiBSZWNvcmRlZFZhbHVlPSI5NSIgQ29ycmVsYXRpb25CaW5kaW5nPSIiIFVybEVuY29kZT0iVHJ1ZSIgLz4NCiAgICAgICAgPEZvcm1Qb3N0UGFyYW1ldGVyIE5hbWU9Ik1TT1NQV2ViUGFydE1hbmFnZXJfRGlzcGxheU1vZGVOYW1lIiBWYWx1ZT0ie3skSElEREVOMi5NU09TUFdlYlBhcnRNYW5hZ2VyX0Rpc3BsYXlNb2RlTmFtZX19IiBSZWNvcmRlZFZhbHVlPSJCcm93c2UiIENvcnJlbGF0aW9uQmluZGluZz0iIiBVcmxFbmNvZGU9IlRydWUiIC8+DQogICAgICAgIDxGb3JtUG9zdFBhcmFtZXRlciBOYW1lPSJNU09TUFdlYlBhcnRNYW5hZ2VyX0V4aXRpbmdEZXNpZ25Nb2RlIiBWYWx1ZT0ie3skSElEREVOMi5NU09TUFdlYlBhcnRNYW5hZ2VyX0V4aXRpbmdEZXNpZ25Nb2RlfX0iIFJlY29yZGVkVmFsdWU9ImZhbHNlIiBDb3JyZWxhdGlvbkJpbmRpbmc9IiIgVXJsRW5jb2RlPSJUcnVlIiAvPg0KICAgICAgICA8Rm9ybVBvc3RQYXJhbWV0ZXIgTmFtZT0iTVNPV2ViUGFydFBhZ2VfU2hhcmVkIiBWYWx1ZT0ie3skSElEREVOMi5NU09XZWJQYXJ0UGFnZV9TaGFyZWR9fSIgUmVjb3JkZWRWYWx1ZT0iIiBDb3JyZWxhdGlvbkJpbmRpbmc9IiIgVXJsRW5jb2RlPSJUcnVlIiAvPg0KICAgICAgICA8Rm9ybVBvc3RQYXJhbWV0ZXIgTmFtZT0iTVNPTGF5b3V0X0xheW91dENoYW5nZXMiIFZhbHVlPSJ7eyRISURERU4yLk1TT0xheW91dF9MYXlvdXRDaGFuZ2VzfX0iIFJlY29yZGVkVmFsdWU9IiIgQ29ycmVsYXRpb25CaW5kaW5nPSIiIFVybEVuY29kZT0iVHJ1ZSIgLz4NCiAgICAgICAgPEZvcm1Qb3N0UGFyYW1ldGVyIE5hbWU9Ik1TT0xheW91dF9JbkRlc2lnbk1vZGUiIFZhbHVlPSJ7eyRISURERU4yLk1TT0xheW91dF9JbkRlc2lnbk1vZGV9fSIgUmVjb3JkZWRWYWx1ZT0iIiBDb3JyZWxhdGlvbkJpbmRpbmc9IiIgVXJsRW5jb2RlPSJUcnVlIiAvPg0KICAgICAgICA8Rm9ybVBvc3RQYXJhbWV0ZXIgTmFtZT0iX3dwU2VsZWN0ZWQiIFZhbHVlPSJ7eyRISURERU4yLl93cFNlbGVjdGVkfX0iIFJlY29yZGVkVmFsdWU9Ik1TT1pvbmVDZWxsX1dlYlBhcnRXUFEyIiBDb3JyZWxhdGlvbkJpbmRpbmc9IiIgVXJsRW5jb2RlPSJUcnVlIiAvPg0KICAgICAgICA8Rm9ybVBvc3RQYXJhbWV0ZXIgTmFtZT0iX3d6U2VsZWN0ZWQiIFZhbHVlPSJ7eyRISURERU4yLl93elNlbGVjdGVkfX0iIFJlY29yZGVkVmFsdWU9IiIgQ29ycmVsYXRpb25CaW5kaW5nPSIiIFVybEVuY29kZT0iVHJ1ZSIgLz4NCiAgICAgICAgPEZvcm1Qb3N0UGFyYW1ldGVyIE5hbWU9Ik1TT1NQV2ViUGFydE1hbmFnZXJfT2xkRGlzcGxheU1vZGVOYW1lIiBWYWx1ZT0ie3skSElEREVOMi5NU09TUFdlYlBhcnRNYW5hZ2VyX09sZERpc3BsYXlNb2RlTmFtZX19IiBSZWNvcmRlZFZhbHVlPSJCcm93c2UiIENvcnJlbGF0aW9uQmluZGluZz0iIiBVcmxFbmNvZGU9IlRydWUiIC8+DQogICAgICAgIDxGb3JtUG9zdFBhcmFtZXRlciBOYW1lPSJNU09TUFdlYlBhcnRNYW5hZ2VyX1N0YXJ0V2ViUGFydEVkaXRpbmdOYW1lIiBWYWx1ZT0ie3skSElEREVOMi5NU09TUFdlYlBhcnRNYW5hZ2VyX1N0YXJ0V2ViUGFydEVkaXRpbmdOYW1lfX0iIFJlY29yZGVkVmFsdWU9ImZhbHNlIiBDb3JyZWxhdGlvbkJpbmRpbmc9IiIgVXJsRW5jb2RlPSJUcnVlIiAvPg0KICAgICAgICA8Rm9ybVBvc3RQYXJhbWV0ZXIgTmFtZT0iTVNPU1BXZWJQYXJ0TWFuYWdlcl9FbmRXZWJQYXJ0RWRpdGluZyIgVmFsdWU9Int7JEhJRERFTjIuTVNPU1BXZWJQYXJ0TWFuYWdlcl9FbmRXZWJQYXJ0RWRpdGluZ319IiBSZWNvcmRlZFZhbHVlPSJmYWxzZSIgQ29ycmVsYXRpb25CaW5kaW5nPSIiIFVybEVuY29kZT0iVHJ1ZSIgLz4NCiAgICAgICAgPEZvcm1Qb3N0UGFyYW1ldGVyIE5hbWU9Il9tYWludGFpbldvcmtzcGFjZVNjcm9sbFBvc2l0aW9uIiBWYWx1ZT0ie3skSElEREVOMi5fbWFpbnRhaW5Xb3Jrc3BhY2VTY3JvbGxQb3NpdGlvbn19IiBSZWNvcmRlZFZhbHVlPSIwIiBDb3JyZWxhdGlvbkJpbmRpbmc9IiIgVXJsRW5jb2RlPSJUcnVlIiAvPg0KICAgICAgICA8Rm9ybVBvc3RQYXJhbWV0ZXIgTmFtZT0iX19WSUVXU1RBVEUiIFZhbHVlPSJ7eyRISURERU4yLl9fVklFV1NUQVRFfX0iIFJlY29yZGVkVmFsdWU9Ii93RVBEd1VLTFRrM056SXdNekkzTlE5a0ZnSm1EMlFXQWdJQkR4WUNIZ1ZqYkdGemN3VUpiWE10WkdsaGJHOW5GZ1FDQVE5a0ZnSUNHUTlrRmdJQ0F3OWtGZ0lDQVE5a0ZnSm1EeFFyQUFaa0JTNW9kSFJ3Y3pvdkwzTndMbVY0WTJWc2MzVndjRzl5ZEM1dmNtYzZORFF6TDIxNUwxQmxjbk52Ymk1aGMzQjRCU05vZEhSd2N6b3ZMM053TG1WNFkyVnNjM1Z3Y0c5eWRDNXZjbWM2TkRRekwyMTVMd1VmTDBGd2NITXdNQzlmYkdGNWIzVjBjeTh4TlM5dGVYTjFZbk11WVhOd2VBV2dBaTlCY0hCek1EQXZYMnhoZVc5MWRITXZNVFV2Y21WbmFXOXVZV3h6WlhSdVp5NWhjM0I0UDNSNWNHVTlkWE5sY2laemIzVnlZMlU5YUhSMGNITWxNMEVsTWtZbE1rWnpjQ1V5UldOdmNtUnBjM052YkhWMGFXOXVjeVV5UldOdmJTVXlSa0Z3Y0hNd01DVXlSbE5vWVhKbFpDVXlNRVJ2WTNWdFpXNTBjeVV5UmtadmNtMXpKVEpHUldScGRFWnZjbTBsTWtWaGMzQjRKVE5HVFc5a1pTVXpSRlZ3Ykc5aFpDVXlObUZ0Y0NVelFrTm9aV05yU1c1RGIyMXRaVzUwSlRORUpUSTJZVzF3SlROQ1NVUWxNMFF6TkRVM0pUSTJZVzF3SlROQ1VtOXZkRVp2YkdSbGNpVXpSQ1V5TlRKR1FYQndjekF3SlRJMU1rWlRhR0Z5WldRbE1qVXlNRVJ2WTNWdFpXNTBjeVV5Tm1GdGNDVXpRa2x6Ukd4bkpUTkVNUVgwQW1oMGRIQnpPaTh2YzNBdVpYaGpaV3h6ZFhCd2IzSjBMbTl5WnpvME5ETXZiWGt2WDJ4aGVXOTFkSE12TVRVdlJXUnBkRkJ5YjJacGJHVXVZWE53ZUQ5VmMyVnlVMlYwZEdsdVozTlFjbTkyYVdSbGNqMHlNelJpWmpCbFpDVXlSRGN3WkdJbE1rUTBNVFU0SlRKRVlUTXpNaVV5UkRSa1ptUTJPRE5pTkRFME9DWlNaWFIxY201VmNtdzlhSFIwY0hNbE0wRWxNa1lsTWtaemNDVXlSV052Y21ScGMzTnZiSFYwYVc5dWN5VXlSV052YlNVeVJrRndjSE13TUNVeVJsTm9ZWEpsWkNVeU1FUnZZM1Z0Wlc1MGN5VXlSa1p2Y20xekpUSkdSV1JwZEVadmNtMGxNa1ZoYzNCNEpUTkdUVzlrWlNVelJGVndiRzloWkNVeU5tRnRjQ1V6UWtOb1pXTnJTVzVEYjIxdFpXNTBKVE5FSlRJMllXMXdKVE5DU1VRbE0wUXpORFUzSlRJMllXMXdKVE5DVW05dmRFWnZiR1JsY2lVelJDVXlOVEpHUVhCd2N6QXdKVEkxTWtaVGFHRnlaV1FsTWpVeU1FUnZZM1Z0Wlc1MGN5VXlObUZ0Y0NVelFrbHpSR3huSlRORU1XUUNCdzlrRmdZQ0FROWtGZ0lDQVE5a0ZnSUZKbWRmTVRFeU5tSXdaamhmWlRWbE5sODBNamMzWDJKaFlUWmZOREl6WkdFd1ltSmhORGMzRDJRV0FtWVBaQllHQWdNUFpCWUNBZ0VQWkJZRUFnRVBaQllDWmc5a0ZnSUNBdzhQRmdZZUJGUmxlSFFGQkZOaGRtVWVEVTl1UTJ4cFpXNTBRMnhwWTJzRmJHbG1JQ2doVUhKbFUyRjJaVWwwWlcwb0tTa2djbVYwZFhKdUlHWmhiSE5sTzJsbUlDaFRVRU5zYVdWdWRFWnZjbTF6TGtOc2FXVnVkRVp2Y20xTllXNWhaMlZ5TGxOMVltMXBkRU5zYVdWdWRFWnZjbTBvSjFkUVVUSW5LU2tnY21WMGRYSnVJR1poYkhObE94NElWR0ZpU1c1a1pYZ0JBQUJrWkFJREQyUVdBbVlQWkJZQ0FnTVBEeFlHSGdsQlkyTmxjM05MWlhrRkFVTWZBUVVHUTJGdVkyVnNId0lGVEhObGRGUnBiV1Z2ZFhRb1puVnVZM1JwYjI0b0tYdDNhVzVrYjNjdVpuSmhiV1ZGYkdWdFpXNTBMbU5oYm1ObGJGQnZjRlZ3S0NrN2ZTd2dNQ2s3SUhKbGRIVnliaUJtWVd4elpUdGtaQUlGRDJRV0FtWVBaQllDQWdNUFpCWUNaZzlrRmdJQ0FROFBGZzRmQVFVTFJHVnNaWFJsSUVsMFpXMGVDRWx0WVdkbFZYSnNCUjh2WDJ4aGVXOTFkSE12TVRVdmFXMWhaMlZ6TDJSbGJHbDBaVzB1WjJsbUh3UUZBVmdlRVZCbGNtMXBjM05wYjI1RGIyNTBaWGgwQ3ltS0FVMXBZM0p2YzI5bWRDNVRhR0Z5WlZCdmFXNTBMbFYwYVd4cGRHbGxjeTVRWlhKdGFYTnphVzl1UTI5dWRHVjRkQ3dnVFdsamNtOXpiMlowTGxOb1lYSmxVRzlwYm5Rc0lGWmxjbk5wYjI0OU1UWXVNQzR3TGpBc0lFTjFiSFIxY21VOWJtVjFkSEpoYkN3Z1VIVmliR2xqUzJWNVZHOXJaVzQ5TnpGbE9XSmpaVEV4TVdVNU5ESTVZd0llQzFCbGNtMXBjM05wYjI1ektDbUFBVTFwWTNKdmMyOW1kQzVUYUdGeVpWQnZhVzUwTGxOUVFtRnpaVkJsY20xcGMzTnBiMjV6TENCTmFXTnliM052Wm5RdVUyaGhjbVZRYjJsdWRDd2dWbVZ5YzJsdmJqMHhOaTR3TGpBdU1Dd2dRM1ZzZEhWeVpUMXVaWFYwY21Gc0xDQlFkV0pzYVdOTFpYbFViMnRsYmowM01XVTVZbU5sTVRFeFpUazBNamxqRDBSbGJHVjBaVXhwYzNSSmRHVnRjeDhDQlNCeVpYUjFjbTRnUkdWc1pYUmxTWFJsYlVOdmJtWnBjbTFoZEdsdmJpZ3BPeDRvUTJ4cFpXNTBUMjVEYkdsamExTmpjbWx3ZEVOdmJuUmhhVzVwYm1kUWNtVm1hWGhsWkZWeWJHUmtaQUlIRDJRV0FtWVBaQllJQWdNUFpCWUNaZzlrRmdRQ0F3OFFEMlFXQWg0SWIyNWphR0Z1WjJVRmtBRnFZWFpoYzJOeWFYQjBPa05vWVc1blpVTnZiblJsYm5SVWVYQmxLQ0pqZEd3d01GOWpkR3cwTTE5blh6RXhNalppTUdZNFgyVTFaVFpmTkRJM04xOWlZV0UyWHpReU0yUmhNR0ppWVRRM04xOWpkR3d3TUY5amRHd3dNbDlqZEd3d01GOWpkR3d3TVY5amRHd3dNRjlEYjI1MFpXNTBWSGx3WlVOb2IybGpaU0lwTzNKbGRIVnliaUJtWVd4elpUc1BGZ0ptQWdFV0FoQUZEME52Y21ScGN5QkViMk4xYldWdWRBVktNSGd3TVRBeE1EQkRPRFV5UkVVek1qSTROREkyUlRRNE9VRXpRVVpFTTBaRlFUSkdOREV4TVRBd1JUazNOMFE0TjBRNVJqUXhOVFkwTlRoQk5EQkZRMFJHUTBFMVEwSTNNRUZuRUFVWlEyOXlaR2x6SUV4cGJtc2dkRzhnWVNCRWIyTjFiV1Z1ZEFVcU1IZ3dNVEF4TUVFd01EZzJNelZGUWpsQk16VkRRalpCTkRjNE5UWTFOVUpHUXpBNVFrWTRSRGM0WjJSa0FnVVBEeFlHSHdGbEhnaERjM05EYkdGemN3VUxiWE10YldWMFlXUmhkR0VlQkY4aFUwSUNBbVJrQWdVUFpCWUNaZzlrRmdJQ0FROWtGZ3htRDJRV0FnSUJEMlFXQW1ZUFpCWUNBZ2tQRmdJZUUxQnlaWFpwYjNWelEyOXVkSEp2YkUxdlpHVUxLWWdCVFdsamNtOXpiMlowTGxOb1lYSmxVRzlwYm5RdVYyVmlRMjl1ZEhKdmJITXVVMUJEYjI1MGNtOXNUVzlrWlN3Z1RXbGpjbTl6YjJaMExsTm9ZWEpsVUc5cGJuUXNJRlpsY25OcGIyNDlNVFl1TUM0d0xqQXNJRU4xYkhSMWNtVTlibVYxZEhKaGJDd2dVSFZpYkdsalMyVjVWRzlyWlc0OU56RmxPV0pqWlRFeE1XVTVOREk1WXdKa0FnRVBaQllDQWdFUFpCWUNaZzlrRmdJQ0NROFdBaDhNQ3lzR0FtUUNBZzlrRmdJQ0FROWtGZ0ptRDJRV0FnSUpEeFlDSHd3TEt3WUNaQUlERDJRV0FnSUJEMlFXQW1ZUFpCWUNBZ2tQRmdJZkRBc3JCZ0prQWdRUFpCWUNBZ0VQWkJZQ1pnOWtGZ0lDQ1E4V0FoOE1DeXNHQW1RQ0JROWtGZ0lDQVE5a0ZnSm1EMlFXQWdJSkR4WUNId3dMS3dZQ1pBSUhEMlFXQW1ZUFpCWUVBZ01QRmdJZkRBc3JCZ0VXQW1ZUEZnSWZEQXNyQmdGa0FnVVBGZ0lmREFzckJnRVdBbVlQRmdJZkRBc3JCZ0ZrQWhFUFpCWUVaZzlrRmdJQ0FROWtGZ0ptRDJRV0JnSUREeFlDSHd3TEt3WUJaQUlGRDJRV0JBSUJEeFlDSHd3TEt3WUJaQUlERHhZQ0h3d0xLd1lCWkFJSEQyUVdCQUlCRHhZQ0h3d0xLd1lCWkFJRER4WUNId3dMS3dZQlpBSUJEMlFXQkFJQkQyUVdBbVlQWkJZQ0FnTVBEeFlHSHdFRkJGTmhkbVVmQWdWc2FXWWdLQ0ZRY21WVFlYWmxTWFJsYlNncEtTQnlaWFIxY200Z1ptRnNjMlU3YVdZZ0tGTlFRMnhwWlc1MFJtOXliWE11UTJ4cFpXNTBSbTl5YlUxaGJtRm5aWEl1VTNWaWJXbDBRMnhwWlc1MFJtOXliU2duVjFCUk1pY3BLU0J5WlhSMWNtNGdabUZzYzJVN0h3TUJBQUJrWkFJREQyUVdBbVlQWkJZQ0FnTVBEeFlHSHdRRkFVTWZBUVVHUTJGdVkyVnNId0lGVEhObGRGUnBiV1Z2ZFhRb1puVnVZM1JwYjI0b0tYdDNhVzVrYjNjdVpuSmhiV1ZGYkdWdFpXNTBMbU5oYm1ObGJGQnZjRlZ3S0NrN2ZTd2dNQ2s3SUhKbGRIVnliaUJtWVd4elpUdGtaQUlGRDJRV0FnSUNEMlFXQkFJQkQyUVdBZ0lERDJRV0FtWVBaQllFQWdNUFpCWUlBZ0VQRmdZZUUwTnNhV1Z1ZEU5dVEyeHBZMnRUWTNKcGNIUUZlVVZ1YzNWeVpWTmpjbWx3ZEVaMWJtTW9KM05vWVhKcGJtY3Vhbk1uTENBblJHbHpjR3hoZVZOb1lYSmxaRmRwZEdoRWFXRnNiMmNuTENCbWRXNWpkR2x2YmlBb0tTQjdJRVJwYzNCc1lYbFRhR0Z5WldSWGFYUm9SR2xoYkc5bktDZGNkVEF3TW1aQmNIQnpNREJjZFRBd01tWW5LVHNnZlNrZkNBVjVSVzV6ZFhKbFUyTnlhWEIwUm5WdVl5Z25jMmhoY21sdVp5NXFjeWNzSUNkRWFYTndiR0Y1VTJoaGNtVmtWMmwwYUVScFlXeHZaeWNzSUdaMWJtTjBhVzl1SUNncElIc2dSR2x6Y0d4aGVWTm9ZWEpsWkZkcGRHaEVhV0ZzYjJjb0oxeDFNREF5WmtGd2NITXdNRngxTURBeVppY3BPeUI5S1I0WVEyeHBaVzUwVDI1RGJHbGphMDVoZG1sbllYUmxWWEpzWkdRQ0JROFdBaDRIVm1semFXSnNaV2hrQWdzUEZnSWZEMmhrQWhJUFpCWUNaZzhQRmdZZUhGQnlaWFpwYjNWelFYVjBhRzl5YVc1blNYUmxiVlpsY25OcGIyNEZBVEVlR2xCeVpYWnBiM1Z6UVhWMGFHOXlhVzVuU1hSbGJVOTNibVZ5QlFRek5EVTNIaHhRY21WMmFXOTFjMEYxZEdodmNtbHVaME52Ym5SeWIyeE5iMlJsQ3lzR0FtUmtBZ1FQRHhZQ0h3UUZBUzlrWkFJREQyUVdBZ0lCRDJRV0FnSUJEMlFXQmdJQkR3OFdCQjhMQWdJZkNnVVhiWE10Y0hKdmJXOTBaV1JCWTNScGIyNUNkWFIwYjI1a1pBSUREMlFXQW1ZUER4WUVId3NDQWg4S0JSZHRjeTF3Y205dGIzUmxaRUZqZEdsdmJrSjFkSFJ2Ym1Sa0FnVVBEeFlHSHdvRkYyMXpMWEJ5YjIxdmRHVmtRV04wYVc5dVFuVjBkRzl1SHdzQ0FoOFBhR1JrQWhNUFpCWUNBZ0VQWkJZQ0FnMFBEeFlDSHc5b1pCWUNBZ0VQWkJZQ1pnOWtGZ0lDQXc5a0ZnSUNCUTlrRmdJQ0FRODhLd0FKQVFBUEZnUWVEVkJoZEdoVFpYQmhjbUYwYjNJRUNCNE5UbVYyWlhKRmVIQmhibVJsWkdka1pCZ0JCUmRqZEd3d01DUlViM0JPWVhacFoyRjBhVzl1VFdWdWRROFBaQVVVU0c5dFpWeEJjSEJ6SUNZZ1VISnZaSFZqZEhOa2RGSGhlL0R6VDZXRnhoOTRaSTM1eGRGMnFEeDZYOGQvVHY4VU1yQ0lYT289IiBDb3JyZWxhdGlvbkJpbmRpbmc9IiIgVXJsRW5jb2RlPSJUcnVlIiAvPg0KICAgICAgICA8Rm9ybVBvc3RQYXJhbWV0ZXIgTmFtZT0iX19WSUVXU1RBVEVHRU5FUkFUT1IiIFZhbHVlPSJ7eyRISURERU4yLl9fVklFV1NUQVRFR0VORVJBVE9SfX0iIFJlY29yZGVkVmFsdWU9IjJEQjE1NUEzIiBDb3JyZWxhdGlvbkJpbmRpbmc9IiIgVXJsRW5jb2RlPSJUcnVlIiAvPg0KICAgICAgICA8Rm9ybVBvc3RQYXJhbWV0ZXIgTmFtZT0iX19TQ1JPTExQT1NJVElPTlgiIFZhbHVlPSJ7eyRISURERU4yLl9fU0NST0xMUE9TSVRJT05YfX0iIFJlY29yZGVkVmFsdWU9IjAiIENvcnJlbGF0aW9uQmluZGluZz0iIiBVcmxFbmNvZGU9IlRydWUiIC8+DQogICAgICAgIDxGb3JtUG9zdFBhcmFtZXRlciBOYW1lPSJfX1NDUk9MTFBPU0lUSU9OWSIgVmFsdWU9Int7JEhJRERFTjIuX19TQ1JPTExQT1NJVElPTll9fSIgUmVjb3JkZWRWYWx1ZT0iMCIgQ29ycmVsYXRpb25CaW5kaW5nPSIiIFVybEVuY29kZT0iVHJ1ZSIgLz4NCiAgICAgICAgPEZvcm1Qb3N0UGFyYW1ldGVyIE5hbWU9Il9fRVZFTlRWQUxJREFUSU9OIiBWYWx1ZT0ie3skSElEREVOMi5fX0VWRU5UVkFMSURBVElPTn19IiBSZWNvcmRlZFZhbHVlPSIvd0VkQUFybDliQUxNOXRLRFFVdUNJd3JjVXA0TG1YeVl3QStPZkZhRzVBMmx6OG5DTFVnRkxwbktPanZCQVUydFhud0QwemNHeC9DbG1rTkRrQzZiSTZaanpHRjRZN1B4YVE3dko0Yyt5aUhBTDFjQkErcFNONzJldWdWU292SjZHRnlxTGc0Z1lPZXRKL1paTUNGd2F3cXdlUWVOUjIyNFBVRm9CMDc4Y1JDL0R0RGZMYWNXVFVXbmNmZXExWFlFMXRBODhFbXExckNaVHhYU1Z3ZlZlbmJvZHc4OEhpSUx3R0FxY2ZxQXZBYnRJQ1ZtbkVLOUZFVUxLaEw0UXBNaU9NRjhsZz0iIENvcnJlbGF0aW9uQmluZGluZz0iIiBVcmxFbmNvZGU9IlRydWUiIC8+DQogICAgICAgIDxGb3JtUG9zdFBhcmFtZXRlciBOYW1lPSJjdGwwMCRjdGw0NCRjdGwwNCIgVmFsdWU9IlJpYmJvbi5Eb2NMaWJMaXN0Rm9ybS5FZGl0IiBSZWNvcmRlZFZhbHVlPSJSaWJib24uRG9jTGliTGlzdEZvcm0uRWRpdCIgQ29ycmVsYXRpb25CaW5kaW5nPSJ7e0Zvcm1Qb3N0UGFyYW0zMC5jdGwwMCRjdGw0NCRjdGwwNH19IiBVcmxFbmNvZGU9IlRydWUiIC8+DQogICAgICAgIDxGb3JtUG9zdFBhcmFtZXRlciBOYW1lPSJjdGwwMCRjdGw0MyRnXzExMjZiMGY4X2U1ZTZfNDI3N19iYWE2XzQyM2RhMGJiYTQ3NyRjdGwwMCRjdGwwMiRjdGwwMCRjdGwwMSRjdGwwMCRDb250ZW50VHlwZUNob2ljZSIgVmFsdWU9IjB4MDEwMTAwQzg1MkRFMzIyODQyNkU0ODlBM0FGRDNGRUEyRjQxMTEwMEU5NzdEODdEOUY0MTU2NDU4QTQwRUNERkNBNUNCNzBBIiBSZWNvcmRlZFZhbHVlPSIweDAxMDEwMEM4NTJERTMyMjg0MjZFNDg5QTNBRkQzRkVBMkY0MTExMDBFOTc3RDg3RDlGNDE1NjQ1OEE0MEVDREZDQTVDQjcwQSIgQ29ycmVsYXRpb25CaW5kaW5nPSJ7e0Zvcm1Qb3N0UGFyYW0zMS5jdGwwMCRjdGw0MyRnXzExMjZiMGY4X2U1ZTZfNDI3N19iYWE2XzQyM2RhMGJiYTQ3NyRjdGwwMCRjdGwwMiRjdGwwMCRjdGwwMSRjdGwwMCRDb250ZW50VHlwZUNob2ljZX19IiBVcmxFbmNvZGU9IlRydWUiIC8+DQogICAgICAgIDxGb3JtUG9zdFBhcmFtZXRlciBOYW1lPSJTdGF0dXNfMWRhYjliNDgtMmQxYS00N2IzLTg3OGMtOGU4NGYwZDIxMWJhX1JhZGlvIiBWYWx1ZT0iRHJvcERvd25CdXR0b24iIFJlY29yZGVkVmFsdWU9IkRyb3BEb3duQnV0dG9uIiBDb3JyZWxhdGlvbkJpbmRpbmc9IiIgVXJsRW5jb2RlPSJUcnVlIiAvPg0KICAgICAgICA8Rm9ybVBvc3RQYXJhbWV0ZXIgTmFtZT0iY3RsMDAkY3RsNDMkZ18xMTI2YjBmOF9lNWU2XzQyNzdfYmFhNl80MjNkYTBiYmE0NzckY3RsMDAkY3RsMDIkY3RsMDAkY3RsMDYkY3RsMDAkb3dzaGlkZGVudmVyc2lvbiIgVmFsdWU9Int7JEhJRERFTjIuY3RsMDAkY3RsNDMkZ18xMTI2YjBmOF9lNWU2XzQyNzdfYmFhNl80MjNkYTBiYmE0NzckY3RsMDAkY3RsMDIkY3RsMDAkY3RsMDYkY3RsMDAkb3dzaGlkZGVudmVyc2lvbn19IiBSZWNvcmRlZFZhbHVlPSIxIiBDb3JyZWxhdGlvbkJpbmRpbmc9IiIgVXJsRW5jb2RlPSJUcnVlIiAvPg0KICAgICAgICA8Rm9ybVBvc3RQYXJhbWV0ZXIgTmFtZT0iQ2xpZW50Rm9ybVBvc3RCYWNrVmFsdWVfZWQyODE5MmEtM2I2Ny00M2Q4LWJhOGEtZGNjYTNhY2U3ZDBiX0ZpbGVMZWFmUmVmIiBWYWx1ZT0iRmlsZSBmb3IgdGhlIHZlcnNpb24gMy54bHN4IiBSZWNvcmRlZFZhbHVlPSJGaWxlIGZvciB0aGUgdmVyc2lvbiAzLnhsc3giIENvcnJlbGF0aW9uQmluZGluZz0ie3tGb3JtUG9zdFBhcmFtMzIuQ2xpZW50Rm9ybVBvc3RCYWNrVmFsdWVfZWQyODE5MmEtM2I2Ny00M2Q4LWJhOGEtZGNjYTNhY2U3ZDBiX0ZpbGVMZWFmUmVmfX0iIFVybEVuY29kZT0iVHJ1ZSIgLz4NCiAgICAgICAgPEZvcm1Qb3N0UGFyYW1ldGVyIE5hbWU9IkNsaWVudEZvcm1Qb3N0QmFja1ZhbHVlX2VkMjgxOTJhLTNiNjctNDNkOC1iYThhLWRjY2EzYWNlN2QwYl9UaXRsZSIgVmFsdWU9IkNvcmRpcyBteUZpZG9jIEVuZ2xpc2ggVGVtcGxhdGUiIFJlY29yZGVkVmFsdWU9IkNvcmRpcyBteUZpZG9jIEVuZ2xpc2ggVGVtcGxhdGUiIENvcnJlbGF0aW9uQmluZGluZz0ie3tGb3JtUG9zdFBhcmFtMzMuQ2xpZW50Rm9ybVBvc3RCYWNrVmFsdWVfZWQyODE5MmEtM2I2Ny00M2Q4LWJhOGEtZGNjYTNhY2U3ZDBiX1RpdGxlfX0iIFVybEVuY29kZT0iVHJ1ZSIgLz4NCiAgICAgICAgPEZvcm1Qb3N0UGFyYW1ldGVyIE5hbWU9IkNsaWVudEZvcm1Qb3N0QmFja1ZhbHVlX2VkMjgxOTJhLTNiNjctNDNkOC1iYThhLWRjY2EzYWNlN2QwYl9BcHBsaWNhdGlvbiIgVmFsdWU9IiIgUmVjb3JkZWRWYWx1ZT0iIiBDb3JyZWxhdGlvbkJpbmRpbmc9IiIgVXJsRW5jb2RlPSJUcnVlIiAvPg0KICAgICAgICA8Rm9ybVBvc3RQYXJhbWV0ZXIgTmFtZT0iQ2xpZW50Rm9ybVBvc3RCYWNrVmFsdWVfZWQyODE5MmEtM2I2Ny00M2Q4LWJhOGEtZGNjYTNhY2U3ZDBiX0FwcHNfeDAwMjBfQ29udGVudF94MDAyMF9UeXBlIiBWYWx1ZT0iIiBSZWNvcmRlZFZhbHVlPSIiIENvcnJlbGF0aW9uQmluZGluZz0iIiBVcmxFbmNvZGU9IlRydWUiIC8+DQogICAgICAgIDxGb3JtUG9zdFBhcmFtZXRlciBOYW1lPSJDbGllbnRGb3JtUG9zdEJhY2tWYWx1ZV9lZDI4MTkyYS0zYjY3LTQzZDgtYmE4YS1kY2NhM2FjZTdkMGJfU3RhdHVzIiBWYWx1ZT0iRHJhZnQiIFJlY29yZGVkVmFsdWU9IkRyYWZ0IiBDb3JyZWxhdGlvbkJpbmRpbmc9Int7Rm9ybVBvc3RQYXJhbTM0LkNsaWVudEZvcm1Qb3N0QmFja1ZhbHVlX2VkMjgxOTJhLTNiNjctNDNkOC1iYThhLWRjY2EzYWNlN2QwYl9TdGF0dXN9fSIgVXJsRW5jb2RlPSJUcnVlIiAvPg0KICAgICAgICA8Rm9ybVBvc3RQYXJhbWV0ZXIgTmFtZT0iQ2xpZW50Rm9ybVBvc3RCYWNrVmFsdWVfZWQyODE5MmEtM2I2Ny00M2Q4LWJhOGEtZGNjYTNhY2U3ZDBiX0Nvbl9UZWNoIiBWYWx1ZT0iIiBSZWNvcmRlZFZhbHVlPSIiIENvcnJlbGF0aW9uQmluZGluZz0iIiBVcmxFbmNvZGU9IlRydWUiIC8+DQogICAgICAgIDxGb3JtUG9zdFBhcmFtZXRlciBOYW1lPSJDbGllbnRGb3JtUG9zdEJhY2tWYWx1ZV9lZDI4MTkyYS0zYjY3LTQzZDgtYmE4YS1kY2NhM2FjZTdkMGJfb3dzaGlkZGVudmVyc2lvbiIgVmFsdWU9IjEiIFJlY29yZGVkVmFsdWU9IjEiIENvcnJlbGF0aW9uQmluZGluZz0ie3tGb3JtUG9zdFBhcmFtMzUuQ2xpZW50Rm9ybVBvc3RCYWNrVmFsdWVfZWQyODE5MmEtM2I2Ny00M2Q4LWJhOGEtZGNjYTNhY2U3ZDBiX293c2hpZGRlbnZlcnNpb259fSIgVXJsRW5jb2RlPSJUcnVlIiAvPg0KICAgICAgICA8Rm9ybVBvc3RQYXJhbWV0ZXIgTmFtZT0iQ2xpZW50Rm9ybVBvc3RCYWNrVmFsdWVfZWQyODE5MmEtM2I2Ny00M2Q4LWJhOGEtZGNjYTNhY2U3ZDBiX1N1Ym1pdENsaWVudEZvcm0iIFZhbHVlPSJ0cnVlIiBSZWNvcmRlZFZhbHVlPSJ0cnVlIiBDb3JyZWxhdGlvbkJpbmRpbmc9Int7Rm9ybVBvc3RQYXJhbTM2LkNsaWVudEZvcm1Qb3N0QmFja1ZhbHVlX2VkMjgxOTJhLTNiNjctNDNkOC1iYThhLWRjY2EzYWNlN2QwYl9TdWJtaXRDbGllbnRGb3JtfX0iIFVybEVuY29kZT0iVHJ1ZSIgLz4NCiAgICAgIDwvRm9ybVBvc3RIdHRwQm9keT4NCiAgICA8L1JlcXVlc3Q+DQogICAgPFJlcXVlc3QgTWV0aG9kPSJHRVQiIEd1aWQ9IjViNjBmMzBhLTE0NDktNGNlZi1iYzBjLWEzNmY4ODFhY2VmNCIgVmVyc2lvbj0iMS4xIiBVcmw9Imh0dHBzOi8vc3AuY29yZGlzc29sdXRpb25zLmNvbS9fbGF5b3V0cy8xNS9ibGFuay5odG0iIFRoaW5rVGltZT0iMCIgVGltZW91dD0iMzAwIiBQYXJzZURlcGVuZGVudFJlcXVlc3RzPSJUcnVlIiBGb2xsb3dSZWRpcmVjdHM9IlRydWUiIFJlY29yZFJlc3VsdD0iVHJ1ZSIgQ2FjaGU9IkZhbHNlIiBSZXNwb25zZVRpbWVHb2FsPSIwIiBFbmNvZGluZz0idXRmLTgiIEV4cGVjdGVkSHR0cFN0YXR1c0NvZGU9IjAiIEV4cGVjdGVkUmVzcG9uc2VVcmw9IiIgUmVwb3J0aW5nTmFtZT0iIiBJZ25vcmVIdHRwU3RhdHVzQ29kZT0iRmFsc2UiPg0KICAgICAgPEhlYWRlcnM+DQogICAgICAgIDxIZWFkZXIgTmFtZT0iUmVmZXJlciIgVmFsdWU9Imh0dHBzOi8vc3AuY29yZGlzc29sdXRpb25zLmNvbS9BcHBzMDAvU2hhcmVkJTIwRG9jdW1lbnRzL0Zvcm1zL2FsbCUyMGRvY3VtZW50cy5hc3B4IiAvPg0KICAgICAgPC9IZWFkZXJzPg0KICAgIDwvUmVxdWVzdD4NCiAgICA8UmVxdWVzdCBNZXRob2Q9IkdFVCIgR3VpZD0iZTk4ZjRjYzItMjZhYS00YjkxLWEzMmItNjVhZmNhYjY1NzQ0IiBWZXJzaW9uPSIxLjEiIFVybD0iaHR0cHM6Ly9zcC5jb3JkaXNzb2x1dGlvbnMuY29tL0FwcHMwMC9TaGFyZWQlMjBEb2N1bWVudHMvRm9ybXMvYWxsJTIwZG9jdW1lbnRzLmFzcHgiIFRoaW5rVGltZT0iMCIgVGltZW91dD0iMzAwIiBQYXJzZURlcGVuZGVudFJlcXVlc3RzPSJUcnVlIiBGb2xsb3dSZWRpcmVjdHM9IlRydWUiIFJlY29yZFJlc3VsdD0iVHJ1ZSIgQ2FjaGU9IkZhbHNlIiBSZXNwb25zZVRpbWVHb2FsPSIwIiBFbmNvZGluZz0idXRmLTgiIEV4cGVjdGVkSHR0cFN0YXR1c0NvZGU9IjAiIEV4cGVjdGVkUmVzcG9uc2VVcmw9IiIgUmVwb3J0aW5nTmFtZT0iIiBJZ25vcmVIdHRwU3RhdHVzQ29kZT0iRmFsc2UiPg0KICAgICAgPFF1ZXJ5U3RyaW5nUGFyYW1ldGVycz4NCiAgICAgICAgPFF1ZXJ5U3RyaW5nUGFyYW1ldGVyIE5hbWU9IkluaXRpYWxUYWJJZCIgVmFsdWU9IlJpYmJvbiUyRVJlYWQiIFJlY29yZGVkVmFsdWU9IlJpYmJvbiUyRVJlYWQiIENvcnJlbGF0aW9uQmluZGluZz0iIiBVcmxFbmNvZGU9IkZhbHNlIiBVc2VUb0dyb3VwUmVzdWx0cz0iRmFsc2UiIC8+DQogICAgICAgIDxRdWVyeVN0cmluZ1BhcmFtZXRlciBOYW1lPSJWaXNpYmlsaXR5Q29udGV4dCIgVmFsdWU9IldTU1RhYlBlcnNpc3RlbmNlIiBSZWNvcmRlZFZhbHVlPSJXU1NUYWJQZXJzaXN0ZW5jZSIgQ29ycmVsYXRpb25CaW5kaW5nPSIiIFVybEVuY29kZT0iRmFsc2UiIFVzZVRvR3JvdXBSZXN1bHRzPSJGYWxzZSIgLz4NCiAgICAgIDwvUXVlcnlTdHJpbmdQYXJhbWV0ZXJzPg0KICAgICAgPEZvcm1Qb3N0SHR0cEJvZHk+DQogICAgICAgIDxGb3JtUG9zdFBhcmFtZXRlciBOYW1lPSJfd3BjbVdwaWQiIFZhbHVlPSJ7eyRISURERU4xLl93cGNtV3BpZH19IiBSZWNvcmRlZFZhbHVlPSIiIENvcnJlbGF0aW9uQmluZGluZz0iIiBVcmxFbmNvZGU9IlRydWUiIC8+DQogICAgICAgIDxGb3JtUG9zdFBhcmFtZXRlciBOYW1lPSJ3cGNtVmFsIiBWYWx1ZT0ie3skSElEREVOMS53cGNtVmFsfX0iIFJlY29yZGVkVmFsdWU9IiIgQ29ycmVsYXRpb25CaW5kaW5nPSIiIFVybEVuY29kZT0iVHJ1ZSIgLz4NCiAgICAgICAgPEZvcm1Qb3N0UGFyYW1ldGVyIE5hbWU9Ik1TT1dlYlBhcnRQYWdlX1Bvc3RiYWNrU291cmNlIiBWYWx1ZT0ie3skSElEREVOMS5NU09XZWJQYXJ0UGFnZV9Qb3N0YmFja1NvdXJjZX19IiBSZWNvcmRlZFZhbHVlPSIiIENvcnJlbGF0aW9uQmluZGluZz0iIiBVcmxFbmNvZGU9IlRydWUiIC8+DQogICAgICAgIDxGb3JtUG9zdFBhcmFtZXRlciBOYW1lPSJNU09UbFBuX1NlbGVjdGVkV3BJZCIgVmFsdWU9Int7JEhJRERFTjEuTVNPVGxQbl9TZWxlY3RlZFdwSWR9fSIgUmVjb3JkZWRWYWx1ZT0iIiBDb3JyZWxhdGlvbkJpbmRpbmc9IiIgVXJsRW5jb2RlPSJUcnVlIiAvPg0KICAgICAgICA8Rm9ybVBvc3RQYXJhbWV0ZXIgTmFtZT0iTVNPVGxQbl9WaWV3IiBWYWx1ZT0ie3skSElEREVOMS5NU09UbFBuX1ZpZXd9fSIgUmVjb3JkZWRWYWx1ZT0iMCIgQ29ycmVsYXRpb25CaW5kaW5nPSIiIFVybEVuY29kZT0iVHJ1ZSIgLz4NCiAgICAgICAgPEZvcm1Qb3N0UGFyYW1ldGVyIE5hbWU9Ik1TT1RsUG5fU2hvd1NldHRpbmdzIiBWYWx1ZT0ie3skSElEREVOMS5NU09UbFBuX1Nob3dTZXR0aW5nc319IiBSZWNvcmRlZFZhbHVlPSJGYWxzZSIgQ29ycmVsYXRpb25CaW5kaW5nPSIiIFVybEVuY29kZT0iVHJ1ZSIgLz4NCiAgICAgICAgPEZvcm1Qb3N0UGFyYW1ldGVyIE5hbWU9Ik1TT0dhbGxlcnlfU2VsZWN0ZWRMaWJyYXJ5IiBWYWx1ZT0ie3skSElEREVOMS5NU09HYWxsZXJ5X1NlbGVjdGVkTGlicmFyeX19IiBSZWNvcmRlZFZhbHVlPSIiIENvcnJlbGF0aW9uQmluZGluZz0iIiBVcmxFbmNvZGU9IlRydWUiIC8+DQogICAgICAgIDxGb3JtUG9zdFBhcmFtZXRlciBOYW1lPSJNU09HYWxsZXJ5X0ZpbHRlclN0cmluZyIgVmFsdWU9Int7JEhJRERFTjEuTVNPR2FsbGVyeV9GaWx0ZXJTdHJpbmd9fSIgUmVjb3JkZWRWYWx1ZT0iIiBDb3JyZWxhdGlvbkJpbmRpbmc9IiIgVXJsRW5jb2RlPSJUcnVlIiAvPg0KICAgICAgICA8Rm9ybVBvc3RQYXJhbWV0ZXIgTmFtZT0iTVNPVGxQbl9CdXR0b24iIFZhbHVlPSJ7eyRISURERU4xLk1TT1RsUG5fQnV0dG9ufX0iIFJlY29yZGVkVmFsdWU9Im5vbmUiIENvcnJlbGF0aW9uQmluZGluZz0iIiBVcmxFbmNvZGU9IlRydWUiIC8+DQogICAgICAgIDxGb3JtUG9zdFBhcmFtZXRlciBOYW1lPSJfX0VWRU5UVEFSR0VUIiBWYWx1ZT0ie3skSElEREVOMS5fX0VWRU5UVEFSR0VUfX0iIFJlY29yZGVkVmFsdWU9IiIgQ29ycmVsYXRpb25CaW5kaW5nPSIiIFVybEVuY29kZT0iVHJ1ZSIgLz4NCiAgICAgICAgPEZvcm1Qb3N0UGFyYW1ldGVyIE5hbWU9Il9fRVZFTlRBUkdVTUVOVCIgVmFsdWU9Int7JEhJRERFTjEuX19FVkVOVEFSR1VNRU5UfX0iIFJlY29yZGVkVmFsdWU9IiIgQ29ycmVsYXRpb25CaW5kaW5nPSIiIFVybEVuY29kZT0iVHJ1ZSIgLz4NCiAgICAgICAgPEZvcm1Qb3N0UGFyYW1ldGVyIE5hbWU9Il9fUkVRVUVTVERJR0VTVCIgVmFsdWU9Int7JEhJRERFTjEuX19SRVFVRVNURElHRVNUfX0iIFJlY29yZGVkVmFsdWU9IjB4QUM4OUY0NzJBQzIxNDI0NThGMDFGNDQ4NDU2RjYzMjA5NTM2RDUwQkVBQzUzRjEzN0I5MEVCNUU0N0QwNjdDMDlGODlEREIwRThFQzgzM0E5MjExMDE5NUE2OTRBRkFGRkUwOTFFQTRDOUZDQThDODIwQkU2OTMzODE3Q0UwMEYsMTMgSnVuIDIwMTggMTE6NDE6MTAgLTAwMDAiIENvcnJlbGF0aW9uQmluZGluZz0iIiBVcmxFbmNvZGU9IlRydWUiIC8+DQogICAgICAgIDxGb3JtUG9zdFBhcmFtZXRlciBOYW1lPSJNU09TUFdlYlBhcnRNYW5hZ2VyX0Rpc3BsYXlNb2RlTmFtZSIgVmFsdWU9Int7JEhJRERFTjEuTVNPU1BXZWJQYXJ0TWFuYWdlcl9EaXNwbGF5TW9kZU5hbWV9fSIgUmVjb3JkZWRWYWx1ZT0iQnJvd3NlIiBDb3JyZWxhdGlvbkJpbmRpbmc9IiIgVXJsRW5jb2RlPSJUcnVlIiAvPg0KICAgICAgICA8Rm9ybVBvc3RQYXJhbWV0ZXIgTmFtZT0iTVNPU1BXZWJQYXJ0TWFuYWdlcl9FeGl0aW5nRGVzaWduTW9kZSIgVmFsdWU9Int7JEhJRERFTjEuTVNPU1BXZWJQYXJ0TWFuYWdlcl9FeGl0aW5nRGVzaWduTW9kZX19IiBSZWNvcmRlZFZhbHVlPSJmYWxzZSIgQ29ycmVsYXRpb25CaW5kaW5nPSIiIFVybEVuY29kZT0iVHJ1ZSIgLz4NCiAgICAgICAgPEZvcm1Qb3N0UGFyYW1ldGVyIE5hbWU9Ik1TT1dlYlBhcnRQYWdlX1NoYXJlZCIgVmFsdWU9Int7JEhJRERFTjEuTVNPV2ViUGFydFBhZ2VfU2hhcmVkfX0iIFJlY29yZGVkVmFsdWU9IiIgQ29ycmVsYXRpb25CaW5kaW5nPSIiIFVybEVuY29kZT0iVHJ1ZSIgLz4NCiAgICAgICAgPEZvcm1Qb3N0UGFyYW1ldGVyIE5hbWU9Ik1TT0xheW91dF9MYXlvdXRDaGFuZ2VzIiBWYWx1ZT0ie3skSElEREVOMS5NU09MYXlvdXRfTGF5b3V0Q2hhbmdlc319IiBSZWNvcmRlZFZhbHVlPSIiIENvcnJlbGF0aW9uQmluZGluZz0iIiBVcmxFbmNvZGU9IlRydWUiIC8+DQogICAgICAgIDxGb3JtUG9zdFBhcmFtZXRlciBOYW1lPSJNU09MYXlvdXRfSW5EZXNpZ25Nb2RlIiBWYWx1ZT0ie3skSElEREVOMS5NU09MYXlvdXRfSW5EZXNpZ25Nb2RlfX0iIFJlY29yZGVkVmFsdWU9IiIgQ29ycmVsYXRpb25CaW5kaW5nPSIiIFVybEVuY29kZT0iVHJ1ZSIgLz4NCiAgICAgICAgPEZvcm1Qb3N0UGFyYW1ldGVyIE5hbWU9Il93cFNlbGVjdGVkIiBWYWx1ZT0ie3skSElEREVOMS5fd3BTZWxlY3RlZH19IiBSZWNvcmRlZFZhbHVlPSJNU09ab25lQ2VsbF9XZWJQYXJ0V1BRMiIgQ29ycmVsYXRpb25CaW5kaW5nPSIiIFVybEVuY29kZT0iVHJ1ZSIgLz4NCiAgICAgICAgPEZvcm1Qb3N0UGFyYW1ldGVyIE5hbWU9Il93elNlbGVjdGVkIiBWYWx1ZT0ie3skSElEREVOMS5fd3pTZWxlY3RlZH19IiBSZWNvcmRlZFZhbHVlPSIiIENvcnJlbGF0aW9uQmluZGluZz0iIiBVcmxFbmNvZGU9IlRydWUiIC8+DQogICAgICAgIDxGb3JtUG9zdFBhcmFtZXRlciBOYW1lPSJNU09TUFdlYlBhcnRNYW5hZ2VyX09sZERpc3BsYXlNb2RlTmFtZSIgVmFsdWU9Int7JEhJRERFTjEuTVNPU1BXZWJQYXJ0TWFuYWdlcl9PbGREaXNwbGF5TW9kZU5hbWV9fSIgUmVjb3JkZWRWYWx1ZT0iQnJvd3NlIiBDb3JyZWxhdGlvbkJpbmRpbmc9IiIgVXJsRW5jb2RlPSJUcnVlIiAvPg0KICAgICAgICA8Rm9ybVBvc3RQYXJhbWV0ZXIgTmFtZT0iTVNPU1BXZWJQYXJ0TWFuYWdlcl9TdGFydFdlYlBhcnRFZGl0aW5nTmFtZSIgVmFsdWU9Int7JEhJRERFTjEuTVNPU1BXZWJQYXJ0TWFuYWdlcl9TdGFydFdlYlBhcnRFZGl0aW5nTmFtZX19IiBSZWNvcmRlZFZhbHVlPSJmYWxzZSIgQ29ycmVsYXRpb25CaW5kaW5nPSIiIFVybEVuY29kZT0iVHJ1ZSIgLz4NCiAgICAgICAgPEZvcm1Qb3N0UGFyYW1ldGVyIE5hbWU9Ik1TT1NQV2ViUGFydE1hbmFnZXJfRW5kV2ViUGFydEVkaXRpbmciIFZhbHVlPSJ7eyRISURERU4xLk1TT1NQV2ViUGFydE1hbmFnZXJfRW5kV2ViUGFydEVkaXRpbmd9fSIgUmVjb3JkZWRWYWx1ZT0iZmFsc2UiIENvcnJlbGF0aW9uQmluZGluZz0iIiBVcmxFbmNvZGU9IlRydWUiIC8+DQogICAgICAgIDxGb3JtUG9zdFBhcmFtZXRlciBOYW1lPSJfbWFpbnRhaW5Xb3Jrc3BhY2VTY3JvbGxQb3NpdGlvbiIgVmFsdWU9Int7JEhJRERFTjEuX21haW50YWluV29ya3NwYWNlU2Nyb2xsUG9zaXRpb259fSIgUmVjb3JkZWRWYWx1ZT0iMCIgQ29ycmVsYXRpb25CaW5kaW5nPSIiIFVybEVuY29kZT0iVHJ1ZSIgLz4NCiAgICAgICAgPEZvcm1Qb3N0UGFyYW1ldGVyIE5hbWU9Il9fVklFV1NUQVRFIiBWYWx1ZT0ie3skSElEREVOMS5fX1ZJRVdTVEFURX19IiBSZWNvcmRlZFZhbHVlPSIvd0VQRHdVSk1qSTRNelExT0RjMUQyUVdBbVlQWkJZQ0FnRVBaQllFQWdFUFpCWUNBaGtQWkJZQ0FnTVBaQllDQWdFUFpCWUNaZzhVS3dBR1pBVXVhSFIwY0hNNkx5OXpjQzVsZUdObGJITjFjSEJ2Y25RdWIzSm5PalEwTXk5dGVTOVFaWEp6YjI0dVlYTndlQVVqYUhSMGNITTZMeTl6Y0M1bGVHTmxiSE4xY0hCdmNuUXViM0puT2pRME15OXRlUzhGSHk5QmNIQnpNREF2WDJ4aGVXOTFkSE12TVRVdmJYbHpkV0p6TG1GemNIZ0Zud0V2UVhCd2N6QXdMMTlzWVhsdmRYUnpMekUxTDNKbFoybHZibUZzYzJWMGJtY3VZWE53ZUQ5MGVYQmxQWFZ6WlhJbWMyOTFjbU5sUFdoMGRIQnpKVE5CSlRKR0pUSkdjM0FsTWtWamIzSmthWE56YjJ4MWRHbHZibk1sTWtWamIyMGxNa1pCY0hCek1EQWxNa1pUYUdGeVpXUWxNakJFYjJOMWJXVnVkSE1sTWtaR2IzSnRjeVV5Um1Gc2JDVXlNR1J2WTNWdFpXNTBjeVV5UldGemNIZ0Y4d0ZvZEhSd2N6b3ZMM053TG1WNFkyVnNjM1Z3Y0c5eWRDNXZjbWM2TkRRekwyMTVMMTlzWVhsdmRYUnpMekUxTDBWa2FYUlFjbTltYVd4bExtRnpjSGcvVlhObGNsTmxkSFJwYm1kelVISnZkbWxrWlhJOU1qTTBZbVl3WldRbE1rUTNNR1JpSlRKRU5ERTFPQ1V5UkdFek16SWxNa1EwWkdaa05qZ3pZalF4TkRnbVVtVjBkWEp1VlhKc1BXaDBkSEJ6SlROQkpUSkdKVEpHYzNBbE1rVmpiM0prYVhOemIyeDFkR2x2Ym5NbE1rVmpiMjBsTWtaQmNIQnpNREFsTWtaVGFHRnlaV1FsTWpCRWIyTjFiV1Z1ZEhNbE1rWkdiM0p0Y3lVeVJtRnNiQ1V5TUdSdlkzVnRaVzUwY3lVeVJXRnpjSGhrQWdjUFpCWUlBZ0VQWkJZQ0FnRVBaQllDQlNablh6RXlOamN4TldJM1gySTFaamhmTkdGa1lsODRZVE5oWDJFNU5HUXlNRGhqTWpCaE5SQVBGZ1llQzFCaGNtRnRWbUZzZFdWek1zZ0lBQUVBQUFELy8vLy9BUUFBQUFBQUFBQU1BZ0FBQUZoTmFXTnliM052Wm5RdVUyaGhjbVZRYjJsdWRDd2dWbVZ5YzJsdmJqMHhOaTR3TGpBdU1Dd2dRM1ZzZEhWeVpUMXVaWFYwY21Gc0xDQlFkV0pzYVdOTFpYbFViMnRsYmowM01XVTVZbU5sTVRFeFpUazBNamxqQlFFQUFBQTlUV2xqY205emIyWjBMbE5vWVhKbFVHOXBiblF1VjJWaVVHRnlkRkJoWjJWekxsQmhjbUZ0WlhSbGNrNWhiV1ZXWVd4MVpVaGhjMmgwWVdKc1pRRUFBQUFGWDJOdmJHd0RIRk41YzNSbGJTNURiMnhzWldOMGFXOXVjeTVJWVhOb2RHRmliR1VDQUFBQUNRTUFBQUFFQXdBQUFCeFRlWE4wWlcwdVEyOXNiR1ZqZEdsdmJuTXVTR0Z6YUhSaFlteGxCd0FBQUFwTWIyRmtSbUZqZEc5eUIxWmxjbk5wYjI0SVEyOXRjR0Z5WlhJUVNHRnphRU52WkdWUWNtOTJhV1JsY2doSVlYTm9VMmw2WlFSTFpYbHpCbFpoYkhWbGN3QUFBd01BQlFVTENCeFRlWE4wWlcwdVEyOXNiR1ZqZEdsdmJuTXVTVU52YlhCaGNtVnlKRk41YzNSbGJTNURiMnhzWldOMGFXOXVjeTVKU0dGemFFTnZaR1ZRY205MmFXUmxjZ2pzVVRnL0RRQUFBQW9LRVFBQUFBa0VBQUFBQ1FVQUFBQVFCQUFBQUFzQUFBQUdCZ0FBQUE5T2IwRnVibTkxYm1ObGJXVnVkSE1HQndBQUFBcEdhV3gwWlhKTWFXNXJCZ2dBQUFBTmFXUlFjbVZ6Ulc1aFlteGxaQVlKQUFBQUNXOXdaVzVmYldWdWRRWUtBQUFBQ2xObGJHVmpkR1ZrU1VRR0N3QUFBQkJrZG5SZmNISmxkbkJoWjJWa1lYUmhCZ3dBQUFBUlpIWjBYM04wWVhKMGNHOXphWFJwYjI0R0RRQUFBQlZQY0dWdVRXVnVkVXRsZVVGalkyVnpjMmxpYkdVR0RnQUFBQkJrZG5SZmJtVjRkSEJoWjJWa1lYUmhCZzhBQUFBVGMyVnNaV04wWDJSbGMyVnNaV04wWDJGc2JBWVFBQUFBRkU1dlFXNXViM1Z1WTJWdFpXNTBjMGh2ZDFSdkVBVUFBQUFMQUFBQUJoRUFBQUJUVkdobGNtVWdZWEpsSUc1dklHbDBaVzF6SUhSdklITm9iM2NnYVc0Z2RHaHBjeUIyYVdWM0lHOW1JSFJvWlNBaVUyaGhjbVZrSUVSdlkzVnRaVzUwY3lJZ1pHOWpkVzFsYm5RZ2JHbGljbUZ5ZVM0R0VnQUFBQUUvQmhNQUFBQWdVSEpsYzJWdVkyVWdaVzVoWW14bFpDQm1iM0lnZEdocGN5QmpiMngxYlc0R0ZBQUFBQWxQY0dWdUlFMWxiblVHRlFBQUFBSXRNUVlXQUFBQU0xQmhaMlZrUFZSU1ZVVW1VR0ZuWldSUWNtVjJQVlJTVlVVbWNGOUhjbTkxY0VOdmJERTlKbkJmUjNKdmRYQkRiMnd5UFFZWEFBQUFBQVlZQUFBQUxsVnpaU0JUU0VsR1ZDdEZUbFJGVWlCMGJ5QnZjR1Z1SUhSb1pTQnRaVzUxSUNodVpYY2dkMmx1Wkc5M0tTNEdHUUFBQURWUVlXZGxaRDFVVWxWRkpuQmZSM0p2ZFhCRGIyd3hQVzE1U1ZJbWNGOUhjbTkxY0VOdmJESTlNRElsTWpCUGRtVnlkbWxsZHdZYUFBQUFIRk5sYkdWamRDQnZjaUJrWlhObGJHVmpkQ0JoYkd3Z2FYUmxiWE1HR3dBQUFDdFVieUJoWkdRZ1lTQnVaWGNnYVhSbGJTd2dZMnhwWTJzZ0lrNWxkeUlnYjNJZ0lsVndiRzloWkNJdUN4NFFSbWxzZEdWeVQzQmxjbUYwYVc5dWN6S05CUUFCQUFBQS8vLy8vd0VBQUFBQUFBQUFCQUVBQUFDVEFsTjVjM1JsYlM1RGIyeHNaV04wYVc5dWN5NUhaVzVsY21sakxrUnBZM1JwYjI1aGNubGdNbHRiVTNsemRHVnRMbE4wY21sdVp5d2diWE5qYjNKc2FXSXNJRlpsY25OcGIyNDlOQzR3TGpBdU1Dd2dRM1ZzZEhWeVpUMXVaWFYwY21Gc0xDQlFkV0pzYVdOTFpYbFViMnRsYmoxaU56ZGhOV00xTmpFNU16UmxNRGc1WFN4YlRXbGpjbTl6YjJaMExsTm9ZWEpsVUc5cGJuUXVWMlZpVUdGeWRGQmhaMlZ6TGtacGJIUmxjazl3WlhKaGRHbHZiaXdnVFdsamNtOXpiMlowTGxOb1lYSmxVRzlwYm5Rc0lGWmxjbk5wYjI0OU1UWXVNQzR3TGpBc0lFTjFiSFIxY21VOWJtVjFkSEpoYkN3Z1VIVmliR2xqUzJWNVZHOXJaVzQ5TnpGbE9XSmpaVEV4TVdVNU5ESTVZMTFkQXdBQUFBZFdaWEp6YVc5dUNFTnZiWEJoY21WeUNFaGhjMmhUYVhwbEFBTUFDSklCVTNsemRHVnRMa052Ykd4bFkzUnBiMjV6TGtkbGJtVnlhV011UjJWdVpYSnBZMFZ4ZFdGc2FYUjVRMjl0Y0dGeVpYSmdNVnRiVTNsemRHVnRMbE4wY21sdVp5d2diWE5qYjNKc2FXSXNJRlpsY25OcGIyNDlOQzR3TGpBdU1Dd2dRM1ZzZEhWeVpUMXVaWFYwY21Gc0xDQlFkV0pzYVdOTFpYbFViMnRsYmoxaU56ZGhOV00xTmpFNU16UmxNRGc1WFYwSUFBQUFBQWtDQUFBQUFBQUFBQVFDQUFBQWtnRlRlWE4wWlcwdVEyOXNiR1ZqZEdsdmJuTXVSMlZ1WlhKcFl5NUhaVzVsY21salJYRjFZV3hwZEhsRGIyMXdZWEpsY21BeFcxdFRlWE4wWlcwdVUzUnlhVzVuTENCdGMyTnZjbXhwWWl3Z1ZtVnljMmx2YmowMExqQXVNQzR3TENCRGRXeDBkWEpsUFc1bGRYUnlZV3dzSUZCMVlteHBZMHRsZVZSdmEyVnVQV0kzTjJFMVl6VTJNVGt6TkdVd09EbGRYUUFBQUFBTEhneGZkbWxsZDBOdmRXNTBaWEptWkdRV0FtWVBaQllDWmc5a0ZnUm1EeFlHSGd4R1pXRjBkWEpsVTJOdmNHVUZCRk5wZEdVZUNFeHZZMkYwYVc5dUJTRk5hV055YjNOdlpuUXVVMmhoY21WUWIybHVkQzVUZEdGdVpHRnlaRTFsYm5VZUIwZHliM1Z3U1dRRkVGWnBaWGRUWld4bFkzUnZjazFsYm5Wa0FnRVBEeFlDSGdsQlkyTmxjM05MWlhrRkFWZGtaQUlGRDJRV0FnSUNEMlFXQkFJQkQyUVdBZ0lERDJRV0FtWVBaQllFQWdNUFpCWUlBZ0VQRmdZZUUwTnNhV1Z1ZEU5dVEyeHBZMnRUWTNKcGNIUUZlVVZ1YzNWeVpWTmpjbWx3ZEVaMWJtTW9KM05vWVhKcGJtY3Vhbk1uTENBblJHbHpjR3hoZVZOb1lYSmxaRmRwZEdoRWFXRnNiMmNuTENCbWRXNWpkR2x2YmlBb0tTQjdJRVJwYzNCc1lYbFRhR0Z5WldSWGFYUm9SR2xoYkc5bktDZGNkVEF3TW1aQmNIQnpNREJjZFRBd01tWW5LVHNnZlNrZUtFTnNhV1Z1ZEU5dVEyeHBZMnRUWTNKcGNIUkRiMjUwWVdsdWFXNW5VSEpsWm1sNFpXUlZjbXdGZVVWdWMzVnlaVk5qY21sd2RFWjFibU1vSjNOb1lYSnBibWN1YW5NbkxDQW5SR2x6Y0d4aGVWTm9ZWEpsWkZkcGRHaEVhV0ZzYjJjbkxDQm1kVzVqZEdsdmJpQW9LU0I3SUVScGMzQnNZWGxUYUdGeVpXUlhhWFJvUkdsaGJHOW5LQ2RjZFRBd01tWkJjSEJ6TURCY2RUQXdNbVluS1RzZ2ZTa2VHRU5zYVdWdWRFOXVRMnhwWTJ0T1lYWnBaMkYwWlZWeWJHUmtBZ1VQRmdJZUIxWnBjMmxpYkdWb1pBSUxEeFlDSHdwb1pBSVNEMlFXQW1ZUER4WUdIaHhRY21WMmFXOTFjMEYxZEdodmNtbHVaMGwwWlcxV1pYSnphVzl1WlI0YVVISmxkbWx2ZFhOQmRYUm9iM0pwYm1kSmRHVnRUM2R1WlhKbEhoeFFjbVYyYVc5MWMwRjFkR2h2Y21sdVowTnZiblJ5YjJ4TmIyUmxDeW1JQVUxcFkzSnZjMjltZEM1VGFHRnlaVkJ2YVc1MExsZGxZa052Ym5SeWIyeHpMbE5RUTI5dWRISnZiRTF2WkdVc0lFMXBZM0p2YzI5bWRDNVRhR0Z5WlZCdmFXNTBMQ0JXWlhKemFXOXVQVEUyTGpBdU1DNHdMQ0JEZFd4MGRYSmxQVzVsZFhSeVlXd3NJRkIxWW14cFkwdGxlVlJ2YTJWdVBUY3haVGxpWTJVeE1URmxPVFF5T1dNQVpHUUNCQThQRmdJZkJnVUJMMlJrQWdNUFpCWUNBZ0VQWkJZQ0FnRVBaQllHQWdFUER4WUVIZ1JmSVZOQ0FnSWVDRU56YzBOc1lYTnpCUmR0Y3kxd2NtOXRiM1JsWkVGamRHbHZia0oxZEhSdmJtUmtBZ01QWkJZQ1pnOFBGZ1FmRGdJQ0h3OEZGMjF6TFhCeWIyMXZkR1ZrUVdOMGFXOXVRblYwZEc5dVpHUUNCUThQRmdZZkR3VVhiWE10Y0hKdmJXOTBaV1JCWTNScGIyNUNkWFIwYjI0ZkRnSUNId3BvWkdRQ0R3OWtGZ0lDQVE5a0ZnSUNBUTg4S3dBRkFRQVBGZ0llRlZCaGNtVnVkRXhsZG1Wc2MwUnBjM0JzWVhsbFpHWmtaQUlURDJRV0FnSUJEMlFXQmdJSEQyUVdBZ0lERHc4V0FoOEthR1JrQWdrUFpCWUNBZ0VQRmdJZkNtaGtBZzBQRHhZQ0h3cG9aQllDQWdFUFpCWUNaZzlrRmdJQ0F3OWtGZ0lDQlE5a0ZnSUNBUTg4S3dBSkFRQVBGZ1FlRFZCaGRHaFRaWEJoY21GMGIzSUVDQjROVG1WMlpYSkZlSEJoYm1SbFpHZGtaQmdDQlMxamRHd3dNQ1JRYkdGalpVaHZiR1JsY2t4bFpuUk9ZWFpDWVhJa1ZqUlJkV2xqYTB4aGRXNWphRTFsYm5VUEQyUUZHa3hwWW5KaGNtbGxjMXhUYUdGeVpXUWdSRzlqZFcxbGJuUnpaQVVYWTNSc01EQWtWRzl3VG1GMmFXZGhkR2x2YmsxbGJuVVBEMlFGRkVodmJXVmNRWEJ3Y3lBbUlGQnliMlIxWTNSelpEYmF6ZGg2UU5XZ1QxWlUrWm1KRElGRFMwNnJqSHM4NUUwSFlIZ1RlZUNVIiBDb3JyZWxhdGlvbkJpbmRpbmc9IiIgVXJsRW5jb2RlPSJUcnVlIiAvPg0KICAgICAgICA8Rm9ybVBvc3RQYXJhbWV0ZXIgTmFtZT0iX19WSUVXU1RBVEVHRU5FUkFUT1IiIFZhbHVlPSJ7eyRISURERU4xLl9fVklFV1NUQVRFR0VORVJBVE9SfX0iIFJlY29yZGVkVmFsdWU9IjA2RTJBRjE2IiBDb3JyZWxhdGlvbkJpbmRpbmc9IiIgVXJsRW5jb2RlPSJUcnVlIiAvPg0KICAgICAgICA8Rm9ybVBvc3RQYXJhbWV0ZXIgTmFtZT0iX19TQ1JPTExQT1NJVElPTlgiIFZhbHVlPSJ7eyRISURERU4xLl9fU0NST0xMUE9TSVRJT05YfX0iIFJlY29yZGVkVmFsdWU9IjAiIENvcnJlbGF0aW9uQmluZGluZz0iIiBVcmxFbmNvZGU9IlRydWUiIC8+DQogICAgICAgIDxGb3JtUG9zdFBhcmFtZXRlciBOYW1lPSJfX1NDUk9MTFBPU0lUSU9OWSIgVmFsdWU9Int7JEhJRERFTjEuX19TQ1JPTExQT1NJVElPTll9fSIgUmVjb3JkZWRWYWx1ZT0iMCIgQ29ycmVsYXRpb25CaW5kaW5nPSIiIFVybEVuY29kZT0iVHJ1ZSIgLz4NCiAgICAgICAgPEZvcm1Qb3N0UGFyYW1ldGVyIE5hbWU9Il9fRVZFTlRWQUxJREFUSU9OIiBWYWx1ZT0ie3skSElEREVOMS5fX0VWRU5UVkFMSURBVElPTn19IiBSZWNvcmRlZFZhbHVlPSIvd0VkQUFQUCtsb3RteUVJckRIMXhZWWNaYk5zTG1YeVl3QStPZkZhRzVBMmx6OG5DTFVnRkxwbktPanZCQVUydFhud0QweG11WDl2MHhScUtNbGJXenRXdFd6bnFkOHNRaDYwMW5SY3pUOTY4dU42dlE9PSIgQ29ycmVsYXRpb25CaW5kaW5nPSIiIFVybEVuY29kZT0iVHJ1ZSIgLz4NCiAgICAgICAgPEZvcm1Qb3N0UGFyYW1ldGVyIE5hbWU9ImN0bDAwJGN0bDQ0JGN0bDA0IiBWYWx1ZT0iUmliYm9uLlJlYWQiIFJlY29yZGVkVmFsdWU9IlJpYmJvbi5SZWFkIiBDb3JyZWxhdGlvbkJpbmRpbmc9Int7Rm9ybVBvc3RQYXJhbTEuY3RsMDAkY3RsNDQkY3RsMDR9fSIgVXJsRW5jb2RlPSJUcnVlIiAvPg0KICAgICAgPC9Gb3JtUG9zdEh0dHBCb2R5Pg0KICAgIDwvUmVxdWVzdD4NCiAgICA8UmVxdWVzdCBNZXRob2Q9IlBPU1QiIEd1aWQ9Ijg3Y2RhNWYwLTEwMGMtNGNiOC1hODMyLTA1ZThkYzUxYzcyNCIgVmVyc2lvbj0iMS4xIiBVcmw9Imh0dHBzOi8vc3AuY29yZGlzc29sdXRpb25zLmNvbS9BcHBzMDAvU2hhcmVkJTIwRG9jdW1lbnRzL0Zvcm1zL2FsbCUyMGRvY3VtZW50cy5hc3B4IiBUaGlua1RpbWU9IjAiIFRpbWVvdXQ9IjMwMCIgUGFyc2VEZXBlbmRlbnRSZXF1ZXN0cz0iVHJ1ZSIgRm9sbG93UmVkaXJlY3RzPSJUcnVlIiBSZWNvcmRSZXN1bHQ9IlRydWUiIENhY2hlPSJGYWxzZSIgUmVzcG9uc2VUaW1lR29hbD0iMCIgRW5jb2Rpbmc9InV0Zi04IiBFeHBlY3RlZEh0dHBTdGF0dXNDb2RlPSIwIiBFeHBlY3RlZFJlc3BvbnNlVXJsPSIiIFJlcG9ydGluZ05hbWU9IiIgSWdub3JlSHR0cFN0YXR1c0NvZGU9IkZhbHNlIj4NCiAgICAgIDxIZWFkZXJzPg0KICAgICAgICA8SGVhZGVyIE5hbWU9IlJlZmVyZXIiIFZhbHVlPSJodHRwczovL3NwLmNvcmRpc3NvbHV0aW9ucy5jb20vQXBwczAwL1NoYXJlZCUyMERvY3VtZW50cy9Gb3Jtcy9hbGwlMjBkb2N1bWVudHMuYXNweCIgLz4NCiAgICAgIDwvSGVhZGVycz4NCiAgICAgIDxDb3JyZWxhdGlvbkV4dHJhY3Rpb25SdWxlcz4NCiAgICAgICAgPEV4dHJhY3Rpb25SdWxlIENsYXNzbmFtZT0iTWljcm9zb2Z0LlZpc3VhbFN0dWRpby5UZXN0VG9vbHMuV2ViVGVzdGluZy5SdWxlcy5FeHRyYWN0VGV4dCwgTWljcm9zb2Z0LlZpc3VhbFN0dWRpby5RdWFsaXR5VG9vbHMuV2ViVGVzdEZyYW1ld29yaywgVmVyc2lvbj0xMC4wLjAuMCwgQ3VsdHVyZT1uZXV0cmFsLCBQdWJsaWNLZXlUb2tlbj1iMDNmNWY3ZjExZDUwYTNhIiBWYXJpYWJsZU5hbWU9IlF1ZXJ5U3RyaW5nUGFyYW02NzcuSW5pdGlhbFRhYklkIiBEaXNwbGF5TmFtZT0iIiBEZXNjcmlwdGlvbj0iIj4NCiAgICAgICAgICA8UnVsZVBhcmFtZXRlcnM+DQogICAgICAgICAgICA8UnVsZVBhcmFtZXRlciBOYW1lPSJTdGFydHNXaXRoIiBWYWx1ZT0iP0luaXRpYWxUYWJJZD0iIC8+DQogICAgICAgICAgICA8UnVsZVBhcmFtZXRlciBOYW1lPSJFbmRzV2l0aCIgVmFsdWU9IiZhbXA7IiAvPg0KICAgICAgICAgICAgPFJ1bGVQYXJhbWV0ZXIgTmFtZT0iSW5kZXgiIFZhbHVlPSIxIiAvPg0KICAgICAgICAgICAgPFJ1bGVQYXJhbWV0ZXIgTmFtZT0iSWdub3JlQ2FzZSIgVmFsdWU9IkZhbHNlIiAvPg0KICAgICAgICAgICAgPFJ1bGVQYXJhbWV0ZXIgTmFtZT0iVXNlUmVndWxhckV4cHJlc3Npb24iIFZhbHVlPSJGYWxzZSIgLz4NCiAgICAgICAgICAgIDxSdWxlUGFyYW1ldGVyIE5hbWU9Ikh0bWxEZWNvZGUiIFZhbHVlPSJUcnVlIiAvPg0KICAgICAgICAgICAgPFJ1bGVQYXJhbWV0ZXIgTmFtZT0iUmVxdWlyZWQiIFZhbHVlPSJGYWxzZSIgLz4NCiAgICAgICAgICA8L1J1bGVQYXJhbWV0ZXJzPg0KICAgICAgICA8L0V4dHJhY3Rpb25SdWxlPg0KICAgICAgICA8RXh0cmFjdGlvblJ1bGUgQ2xhc3NuYW1lPSJNaWNyb3NvZnQuVmlzdWFsU3R1ZGlvLlRlc3RUb29scy5XZWJUZXN0aW5nLlJ1bGVzLkV4dHJhY3RUZXh0LCBNaWNyb3NvZnQuVmlzdWFsU3R1ZGlvLlF1YWxpdHlUb29scy5XZWJUZXN0RnJhbWV3b3JrLCBWZXJzaW9uPTEwLjAuMC4wLCBDdWx0dXJlPW5ldXRyYWwsIFB1YmxpY0tleVRva2VuPWIwM2Y1ZjdmMTFkNTBhM2EiIFZhcmlhYmxlTmFtZT0iUXVlcnlTdHJpbmdQYXJhbTY3OC5WaXNpYmlsaXR5Q29udGV4dCIgRGlzcGxheU5hbWU9IiIgRGVzY3JpcHRpb249IiI+DQogICAgICAgICAgPFJ1bGVQYXJhbWV0ZXJzPg0KICAgICAgICAgICAgPFJ1bGVQYXJhbWV0ZXIgTmFtZT0iU3RhcnRzV2l0aCIgVmFsdWU9IiZhbXA7YW1wO1Zpc2liaWxpdHlDb250ZXh0PSIgLz4NCiAgICAgICAgICAgIDxSdWxlUGFyYW1ldGVyIE5hbWU9IkVuZHNXaXRoIiBWYWx1ZT0iJnF1b3Q7IiAvPg0KICAgICAgICAgICAgPFJ1bGVQYXJhbWV0ZXIgTmFtZT0iSW5kZXgiIFZhbHVlPSIxIiAvPg0KICAgICAgICAgICAgPFJ1bGVQYXJhbWV0ZXIgTmFtZT0iSWdub3JlQ2FzZSIgVmFsdWU9IkZhbHNlIiAvPg0KICAgICAgICAgICAgPFJ1bGVQYXJhbWV0ZXIgTmFtZT0iVXNlUmVndWxhckV4cHJlc3Npb24iIFZhbHVlPSJGYWxzZSIgLz4NCiAgICAgICAgICAgIDxSdWxlUGFyYW1ldGVyIE5hbWU9Ikh0bWxEZWNvZGUiIFZhbHVlPSJUcnVlIiAvPg0KICAgICAgICAgICAgPFJ1bGVQYXJhbWV0ZXIgTmFtZT0iUmVxdWlyZWQiIFZhbHVlPSJGYWxzZSIgLz4NCiAgICAgICAgICA8L1J1bGVQYXJhbWV0ZXJzPg0KICAgICAgICA8L0V4dHJhY3Rpb25SdWxlPg0KICAgICAgICA8RXh0cmFjdGlvblJ1bGUgQ2xhc3NuYW1lPSJNaWNyb3NvZnQuVmlzdWFsU3R1ZGlvLlRlc3RUb29scy5XZWJUZXN0aW5nLlJ1bGVzLkV4dHJhY3RUZXh0LCBNaWNyb3NvZnQuVmlzdWFsU3R1ZGlvLlF1YWxpdHlUb29scy5XZWJUZXN0RnJhbWV3b3JrLCBWZXJzaW9uPTEwLjAuMC4wLCBDdWx0dXJlPW5ldXRyYWwsIFB1YmxpY0tleVRva2VuPWIwM2Y1ZjdmMTFkNTBhM2EiIFZhcmlhYmxlTmFtZT0iUXVlcnlTdHJpbmdQYXJhbTY5MS5Jbml0aWFsVGFiSWQiIERpc3BsYXlOYW1lPSIiIERlc2NyaXB0aW9uPSIiPg0KICAgICAgICAgIDxSdWxlUGFyYW1ldGVycz4NCiAgICAgICAgICAgIDxSdWxlUGFyYW1ldGVyIE5hbWU9IlN0YXJ0c1dpdGgiIFZhbHVlPSI/SW5pdGlhbFRhYklkPSIgLz4NCiAgICAgICAgICAgIDxSdWxlUGFyYW1ldGVyIE5hbWU9IkVuZHNXaXRoIiBWYWx1ZT0iJmFtcDsiIC8+DQogICAgICAgICAgICA8UnVsZVBhcmFtZXRlciBOYW1lPSJJbmRleCIgVmFsdWU9IjEiIC8+DQogICAgICAgICAgICA8UnVsZVBhcmFtZXRlciBOYW1lPSJJZ25vcmVDYXNlIiBWYWx1ZT0iRmFsc2UiIC8+DQogICAgICAgICAgICA8UnVsZVBhcmFtZXRlciBOYW1lPSJVc2VSZWd1bGFyRXhwcmVzc2lvbiIgVmFsdWU9IkZhbHNlIiAvPg0KICAgICAgICAgICAgPFJ1bGVQYXJhbWV0ZXIgTmFtZT0iSHRtbERlY29kZSIgVmFsdWU9IlRydWUiIC8+DQogICAgICAgICAgICA8UnVsZVBhcmFtZXRlciBOYW1lPSJSZXF1aXJlZCIgVmFsdWU9IkZhbHNlIiAvPg0KICAgICAgICAgIDwvUnVsZVBhcmFtZXRlcnM+DQogICAgICAgIDwvRXh0cmFjdGlvblJ1bGU+DQogICAgICAgIDxFeHRyYWN0aW9uUnVsZSBDbGFzc25hbWU9Ik1pY3Jvc29mdC5WaXN1YWxTdHVkaW8uVGVzdFRvb2xzLldlYlRlc3RpbmcuUnVsZXMuRXh0cmFjdFRleHQsIE1pY3Jvc29mdC5WaXN1YWxTdHVkaW8uUXVhbGl0eVRvb2xzLldlYlRlc3RGcmFtZXdvcmssIFZlcnNpb249MTAuMC4wLjAsIEN1bHR1cmU9bmV1dHJhbCwgUHVibGljS2V5VG9rZW49YjAzZjVmN2YxMWQ1MGEzYSIgVmFyaWFibGVOYW1lPSJRdWVyeVN0cmluZ1BhcmFtNjkyLlZpc2liaWxpdHlDb250ZXh0IiBEaXNwbGF5TmFtZT0iIiBEZXNjcmlwdGlvbj0iIj4NCiAgICAgICAgICA8UnVsZVBhcmFtZXRlcnM+DQogICAgICAgICAgICA8UnVsZVBhcmFtZXRlciBOYW1lPSJTdGFydHNXaXRoIiBWYWx1ZT0iJmFtcDthbXA7VmlzaWJpbGl0eUNvbnRleHQ9IiAvPg0KICAgICAgICAgICAgPFJ1bGVQYXJhbWV0ZXIgTmFtZT0iRW5kc1dpdGgiIFZhbHVlPSImcXVvdDsiIC8+DQogICAgICAgICAgICA8UnVsZVBhcmFtZXRlciBOYW1lPSJJbmRleCIgVmFsdWU9IjEiIC8+DQogICAgICAgICAgICA8UnVsZVBhcmFtZXRlciBOYW1lPSJJZ25vcmVDYXNlIiBWYWx1ZT0iRmFsc2UiIC8+DQogICAgICAgICAgICA8UnVsZVBhcmFtZXRlciBOYW1lPSJVc2VSZWd1bGFyRXhwcmVzc2lvbiIgVmFsdWU9IkZhbHNlIiAvPg0KICAgICAgICAgICAgPFJ1bGVQYXJhbWV0ZXIgTmFtZT0iSHRtbERlY29kZSIgVmFsdWU9IlRydWUiIC8+DQogICAgICAgICAgICA8UnVsZVBhcmFtZXRlciBOYW1lPSJSZXF1aXJlZCIgVmFsdWU9IkZhbHNlIiAvPg0KICAgICAgICAgIDwvUnVsZVBhcmFtZXRlcnM+DQogICAgICAgIDwvRXh0cmFjdGlvblJ1bGU+DQogICAgICA8L0NvcnJlbGF0aW9uRXh0cmFjdGlvblJ1bGVzPg0KICAgICAgPFF1ZXJ5U3RyaW5nUGFyYW1ldGVycz4NCiAgICAgICAgPFF1ZXJ5U3RyaW5nUGFyYW1ldGVyIE5hbWU9IkluaXRpYWxUYWJJZCIgVmFsdWU9IlJpYmJvbiUyRVJlYWQiIFJlY29yZGVkVmFsdWU9IlJpYmJvbiUyRVJlYWQiIENvcnJlbGF0aW9uQmluZGluZz0iIiBVcmxFbmNvZGU9IkZhbHNlIiBVc2VUb0dyb3VwUmVzdWx0cz0iRmFsc2UiIC8+DQogICAgICAgIDxRdWVyeVN0cmluZ1BhcmFtZXRlciBOYW1lPSJWaXNpYmlsaXR5Q29udGV4dCIgVmFsdWU9IldTU1RhYlBlcnNpc3RlbmNlIiBSZWNvcmRlZFZhbHVlPSJXU1NUYWJQZXJzaXN0ZW5jZSIgQ29ycmVsYXRpb25CaW5kaW5nPSIiIFVybEVuY29kZT0iRmFsc2UiIFVzZVRvR3JvdXBSZXN1bHRzPSJGYWxzZSIgLz4NCiAgICAgIDwvUXVlcnlTdHJpbmdQYXJhbWV0ZXJzPg0KICAgICAgPEZvcm1Qb3N0SHR0cEJvZHk+DQogICAgICAgIDxGb3JtUG9zdFBhcmFtZXRlciBOYW1lPSJfd3BjbVdwaWQiIFZhbHVlPSJ7eyRISURERU4xLl93cGNtV3BpZH19IiBSZWNvcmRlZFZhbHVlPSIiIENvcnJlbGF0aW9uQmluZGluZz0iIiBVcmxFbmNvZGU9IlRydWUiIC8+DQogICAgICAgIDxGb3JtUG9zdFBhcmFtZXRlciBOYW1lPSJ3cGNtVmFsIiBWYWx1ZT0ie3skSElEREVOMS53cGNtVmFsfX0iIFJlY29yZGVkVmFsdWU9IiIgQ29ycmVsYXRpb25CaW5kaW5nPSIiIFVybEVuY29kZT0iVHJ1ZSIgLz4NCiAgICAgICAgPEZvcm1Qb3N0UGFyYW1ldGVyIE5hbWU9Ik1TT1dlYlBhcnRQYWdlX1Bvc3RiYWNrU291cmNlIiBWYWx1ZT0ie3skSElEREVOMS5NU09XZWJQYXJ0UGFnZV9Qb3N0YmFja1NvdXJjZX19IiBSZWNvcmRlZFZhbHVlPSIiIENvcnJlbGF0aW9uQmluZGluZz0iIiBVcmxFbmNvZGU9IlRydWUiIC8+DQogICAgICAgIDxGb3JtUG9zdFBhcmFtZXRlciBOYW1lPSJNU09UbFBuX1NlbGVjdGVkV3BJZCIgVmFsdWU9Int7JEhJRERFTjEuTVNPVGxQbl9TZWxlY3RlZFdwSWR9fSIgUmVjb3JkZWRWYWx1ZT0iIiBDb3JyZWxhdGlvbkJpbmRpbmc9IiIgVXJsRW5jb2RlPSJUcnVlIiAvPg0KICAgICAgICA8Rm9ybVBvc3RQYXJhbWV0ZXIgTmFtZT0iTVNPVGxQbl9WaWV3IiBWYWx1ZT0ie3skSElEREVOMS5NU09UbFBuX1ZpZXd9fSIgUmVjb3JkZWRWYWx1ZT0iMCIgQ29ycmVsYXRpb25CaW5kaW5nPSIiIFVybEVuY29kZT0iVHJ1ZSIgLz4NCiAgICAgICAgPEZvcm1Qb3N0UGFyYW1ldGVyIE5hbWU9Ik1TT1RsUG5fU2hvd1NldHRpbmdzIiBWYWx1ZT0ie3skSElEREVOMS5NU09UbFBuX1Nob3dTZXR0aW5nc319IiBSZWNvcmRlZFZhbHVlPSJGYWxzZSIgQ29ycmVsYXRpb25CaW5kaW5nPSIiIFVybEVuY29kZT0iVHJ1ZSIgLz4NCiAgICAgICAgPEZvcm1Qb3N0UGFyYW1ldGVyIE5hbWU9Ik1TT0dhbGxlcnlfU2VsZWN0ZWRMaWJyYXJ5IiBWYWx1ZT0ie3skSElEREVOMS5NU09HYWxsZXJ5X1NlbGVjdGVkTGlicmFyeX19IiBSZWNvcmRlZFZhbHVlPSIiIENvcnJlbGF0aW9uQmluZGluZz0iIiBVcmxFbmNvZGU9IlRydWUiIC8+DQogICAgICAgIDxGb3JtUG9zdFBhcmFtZXRlciBOYW1lPSJNU09HYWxsZXJ5X0ZpbHRlclN0cmluZyIgVmFsdWU9Int7JEhJRERFTjEuTVNPR2FsbGVyeV9GaWx0ZXJTdHJpbmd9fSIgUmVjb3JkZWRWYWx1ZT0iIiBDb3JyZWxhdGlvbkJpbmRpbmc9IiIgVXJsRW5jb2RlPSJUcnVlIiAvPg0KICAgICAgICA8Rm9ybVBvc3RQYXJhbWV0ZXIgTmFtZT0iTVNPVGxQbl9CdXR0b24iIFZhbHVlPSJ7eyRISURERU4xLk1TT1RsUG5fQnV0dG9ufX0iIFJlY29yZGVkVmFsdWU9Im5vbmUiIENvcnJlbGF0aW9uQmluZGluZz0iIiBVcmxFbmNvZGU9IlRydWUiIC8+DQogICAgICAgIDxGb3JtUG9zdFBhcmFtZXRlciBOYW1lPSJfX0VWRU5UVEFSR0VUIiBWYWx1ZT0ie3skSElEREVOMS5fX0VWRU5UVEFSR0VUfX0iIFJlY29yZGVkVmFsdWU9IiIgQ29ycmVsYXRpb25CaW5kaW5nPSIiIFVybEVuY29kZT0iVHJ1ZSIgLz4NCiAgICAgICAgPEZvcm1Qb3N0UGFyYW1ldGVyIE5hbWU9Il9fRVZFTlRBUkdVTUVOVCIgVmFsdWU9Int7JEhJRERFTjEuX19FVkVOVEFSR1VNRU5UfX0iIFJlY29yZGVkVmFsdWU9IiIgQ29ycmVsYXRpb25CaW5kaW5nPSIiIFVybEVuY29kZT0iVHJ1ZSIgLz4NCiAgICAgICAgPEZvcm1Qb3N0UGFyYW1ldGVyIE5hbWU9Il9fUkVRVUVTVERJR0VTVCIgVmFsdWU9Int7JEhJRERFTjEuX19SRVFVRVNURElHRVNUfX0iIFJlY29yZGVkVmFsdWU9IjB4QUM4OUY0NzJBQzIxNDI0NThGMDFGNDQ4NDU2RjYzMjA5NTM2RDUwQkVBQzUzRjEzN0I5MEVCNUU0N0QwNjdDMDlGODlEREIwRThFQzgzM0E5MjExMDE5NUE2OTRBRkFGRkUwOTFFQTRDOUZDQThDODIwQkU2OTMzODE3Q0UwMEYsMTMgSnVuIDIwMTggMTE6NDE6MTAgLTAwMDAiIENvcnJlbGF0aW9uQmluZGluZz0iIiBVcmxFbmNvZGU9IlRydWUiIC8+DQogICAgICAgIDxGb3JtUG9zdFBhcmFtZXRlciBOYW1lPSJNU09TUFdlYlBhcnRNYW5hZ2VyX0Rpc3BsYXlNb2RlTmFtZSIgVmFsdWU9Int7JEhJRERFTjEuTVNPU1BXZWJQYXJ0TWFuYWdlcl9EaXNwbGF5TW9kZU5hbWV9fSIgUmVjb3JkZWRWYWx1ZT0iQnJvd3NlIiBDb3JyZWxhdGlvbkJpbmRpbmc9IiIgVXJsRW5jb2RlPSJUcnVlIiAvPg0KICAgICAgICA8Rm9ybVBvc3RQYXJhbWV0ZXIgTmFtZT0iTVNPU1BXZWJQYXJ0TWFuYWdlcl9FeGl0aW5nRGVzaWduTW9kZSIgVmFsdWU9Int7JEhJRERFTjEuTVNPU1BXZWJQYXJ0TWFuYWdlcl9FeGl0aW5nRGVzaWduTW9kZX19IiBSZWNvcmRlZFZhbHVlPSJmYWxzZSIgQ29ycmVsYXRpb25CaW5kaW5nPSIiIFVybEVuY29kZT0iVHJ1ZSIgLz4NCiAgICAgICAgPEZvcm1Qb3N0UGFyYW1ldGVyIE5hbWU9Ik1TT1dlYlBhcnRQYWdlX1NoYXJlZCIgVmFsdWU9Int7JEhJRERFTjEuTVNPV2ViUGFydFBhZ2VfU2hhcmVkfX0iIFJlY29yZGVkVmFsdWU9IiIgQ29ycmVsYXRpb25CaW5kaW5nPSIiIFVybEVuY29kZT0iVHJ1ZSIgLz4NCiAgICAgICAgPEZvcm1Qb3N0UGFyYW1ldGVyIE5hbWU9Ik1TT0xheW91dF9MYXlvdXRDaGFuZ2VzIiBWYWx1ZT0ie3skSElEREVOMS5NU09MYXlvdXRfTGF5b3V0Q2hhbmdlc319IiBSZWNvcmRlZFZhbHVlPSIiIENvcnJlbGF0aW9uQmluZGluZz0iIiBVcmxFbmNvZGU9IlRydWUiIC8+DQogICAgICAgIDxGb3JtUG9zdFBhcmFtZXRlciBOYW1lPSJNU09MYXlvdXRfSW5EZXNpZ25Nb2RlIiBWYWx1ZT0ie3skSElEREVOMS5NU09MYXlvdXRfSW5EZXNpZ25Nb2RlfX0iIFJlY29yZGVkVmFsdWU9IiIgQ29ycmVsYXRpb25CaW5kaW5nPSIiIFVybEVuY29kZT0iVHJ1ZSIgLz4NCiAgICAgICAgPEZvcm1Qb3N0UGFyYW1ldGVyIE5hbWU9Il93cFNlbGVjdGVkIiBWYWx1ZT0ie3skSElEREVOMS5fd3BTZWxlY3RlZH19IiBSZWNvcmRlZFZhbHVlPSJNU09ab25lQ2VsbF9XZWJQYXJ0V1BRMiIgQ29ycmVsYXRpb25CaW5kaW5nPSIiIFVybEVuY29kZT0iVHJ1ZSIgLz4NCiAgICAgICAgPEZvcm1Qb3N0UGFyYW1ldGVyIE5hbWU9Il93elNlbGVjdGVkIiBWYWx1ZT0ie3skSElEREVOMS5fd3pTZWxlY3RlZH19IiBSZWNvcmRlZFZhbHVlPSIiIENvcnJlbGF0aW9uQmluZGluZz0iIiBVcmxFbmNvZGU9IlRydWUiIC8+DQogICAgICAgIDxGb3JtUG9zdFBhcmFtZXRlciBOYW1lPSJNU09TUFdlYlBhcnRNYW5hZ2VyX09sZERpc3BsYXlNb2RlTmFtZSIgVmFsdWU9Int7JEhJRERFTjEuTVNPU1BXZWJQYXJ0TWFuYWdlcl9PbGREaXNwbGF5TW9kZU5hbWV9fSIgUmVjb3JkZWRWYWx1ZT0iQnJvd3NlIiBDb3JyZWxhdGlvbkJpbmRpbmc9IiIgVXJsRW5jb2RlPSJUcnVlIiAvPg0KICAgICAgICA8Rm9ybVBvc3RQYXJhbWV0ZXIgTmFtZT0iTVNPU1BXZWJQYXJ0TWFuYWdlcl9TdGFydFdlYlBhcnRFZGl0aW5nTmFtZSIgVmFsdWU9Int7JEhJRERFTjEuTVNPU1BXZWJQYXJ0TWFuYWdlcl9TdGFydFdlYlBhcnRFZGl0aW5nTmFtZX19IiBSZWNvcmRlZFZhbHVlPSJmYWxzZSIgQ29ycmVsYXRpb25CaW5kaW5nPSIiIFVybEVuY29kZT0iVHJ1ZSIgLz4NCiAgICAgICAgPEZvcm1Qb3N0UGFyYW1ldGVyIE5hbWU9Ik1TT1NQV2ViUGFydE1hbmFnZXJfRW5kV2ViUGFydEVkaXRpbmciIFZhbHVlPSJ7eyRISURERU4xLk1TT1NQV2ViUGFydE1hbmFnZXJfRW5kV2ViUGFydEVkaXRpbmd9fSIgUmVjb3JkZWRWYWx1ZT0iZmFsc2UiIENvcnJlbGF0aW9uQmluZGluZz0iIiBVcmxFbmNvZGU9IlRydWUiIC8+DQogICAgICAgIDxGb3JtUG9zdFBhcmFtZXRlciBOYW1lPSJfbWFpbnRhaW5Xb3Jrc3BhY2VTY3JvbGxQb3NpdGlvbiIgVmFsdWU9Int7JEhJRERFTjEuX21haW50YWluV29ya3NwYWNlU2Nyb2xsUG9zaXRpb259fSIgUmVjb3JkZWRWYWx1ZT0iMCIgQ29ycmVsYXRpb25CaW5kaW5nPSIiIFVybEVuY29kZT0iVHJ1ZSIgLz4NCiAgICAgICAgPEZvcm1Qb3N0UGFyYW1ldGVyIE5hbWU9Il9fVklFV1NUQVRFIiBWYWx1ZT0ie3skSElEREVOMS5fX1ZJRVdTVEFURX19IiBSZWNvcmRlZFZhbHVlPSIvd0VQRHdVSk1qSTRNelExT0RjMUQyUVdBbVlQWkJZQ0FnRVBaQllFQWdFUFpCWUNBaGtQWkJZQ0FnTVBaQllDQWdFUFpCWUNaZzhVS3dBR1pBVXVhSFIwY0hNNkx5OXpjQzVsZUdObGJITjFjSEJ2Y25RdWIzSm5PalEwTXk5dGVTOVFaWEp6YjI0dVlYTndlQVVqYUhSMGNITTZMeTl6Y0M1bGVHTmxiSE4xY0hCdmNuUXViM0puT2pRME15OXRlUzhGSHk5QmNIQnpNREF2WDJ4aGVXOTFkSE12TVRVdmJYbHpkV0p6TG1GemNIZ0Zud0V2UVhCd2N6QXdMMTlzWVhsdmRYUnpMekUxTDNKbFoybHZibUZzYzJWMGJtY3VZWE53ZUQ5MGVYQmxQWFZ6WlhJbWMyOTFjbU5sUFdoMGRIQnpKVE5CSlRKR0pUSkdjM0FsTWtWamIzSmthWE56YjJ4MWRHbHZibk1sTWtWamIyMGxNa1pCY0hCek1EQWxNa1pUYUdGeVpXUWxNakJFYjJOMWJXVnVkSE1sTWtaR2IzSnRjeVV5Um1Gc2JDVXlNR1J2WTNWdFpXNTBjeVV5UldGemNIZ0Y4d0ZvZEhSd2N6b3ZMM053TG1WNFkyVnNjM1Z3Y0c5eWRDNXZjbWM2TkRRekwyMTVMMTlzWVhsdmRYUnpMekUxTDBWa2FYUlFjbTltYVd4bExtRnpjSGcvVlhObGNsTmxkSFJwYm1kelVISnZkbWxrWlhJOU1qTTBZbVl3WldRbE1rUTNNR1JpSlRKRU5ERTFPQ1V5UkdFek16SWxNa1EwWkdaa05qZ3pZalF4TkRnbVVtVjBkWEp1VlhKc1BXaDBkSEJ6SlROQkpUSkdKVEpHYzNBbE1rVmpiM0prYVhOemIyeDFkR2x2Ym5NbE1rVmpiMjBsTWtaQmNIQnpNREFsTWtaVGFHRnlaV1FsTWpCRWIyTjFiV1Z1ZEhNbE1rWkdiM0p0Y3lVeVJtRnNiQ1V5TUdSdlkzVnRaVzUwY3lVeVJXRnpjSGhrQWdjUFpCWUlBZ0VQWkJZQ0FnRVBaQllDQlNablh6RXlOamN4TldJM1gySTFaamhmTkdGa1lsODRZVE5oWDJFNU5HUXlNRGhqTWpCaE5SQVBGZ1llQzFCaGNtRnRWbUZzZFdWek1zZ0lBQUVBQUFELy8vLy9BUUFBQUFBQUFBQU1BZ0FBQUZoTmFXTnliM052Wm5RdVUyaGhjbVZRYjJsdWRDd2dWbVZ5YzJsdmJqMHhOaTR3TGpBdU1Dd2dRM1ZzZEhWeVpUMXVaWFYwY21Gc0xDQlFkV0pzYVdOTFpYbFViMnRsYmowM01XVTVZbU5sTVRFeFpUazBNamxqQlFFQUFBQTlUV2xqY205emIyWjBMbE5vWVhKbFVHOXBiblF1VjJWaVVHRnlkRkJoWjJWekxsQmhjbUZ0WlhSbGNrNWhiV1ZXWVd4MVpVaGhjMmgwWVdKc1pRRUFBQUFGWDJOdmJHd0RIRk41YzNSbGJTNURiMnhzWldOMGFXOXVjeTVJWVhOb2RHRmliR1VDQUFBQUNRTUFBQUFFQXdBQUFCeFRlWE4wWlcwdVEyOXNiR1ZqZEdsdmJuTXVTR0Z6YUhSaFlteGxCd0FBQUFwTWIyRmtSbUZqZEc5eUIxWmxjbk5wYjI0SVEyOXRjR0Z5WlhJUVNHRnphRU52WkdWUWNtOTJhV1JsY2doSVlYTm9VMmw2WlFSTFpYbHpCbFpoYkhWbGN3QUFBd01BQlFVTENCeFRlWE4wWlcwdVEyOXNiR1ZqZEdsdmJuTXVTVU52YlhCaGNtVnlKRk41YzNSbGJTNURiMnhzWldOMGFXOXVjeTVKU0dGemFFTnZaR1ZRY205MmFXUmxjZ2pzVVRnL0RRQUFBQW9LRVFBQUFBa0VBQUFBQ1FVQUFBQVFCQUFBQUFzQUFBQUdCZ0FBQUE5T2IwRnVibTkxYm1ObGJXVnVkSE1HQndBQUFBcEdhV3gwWlhKTWFXNXJCZ2dBQUFBTmFXUlFjbVZ6Ulc1aFlteGxaQVlKQUFBQUNXOXdaVzVmYldWdWRRWUtBQUFBQ2xObGJHVmpkR1ZrU1VRR0N3QUFBQkJrZG5SZmNISmxkbkJoWjJWa1lYUmhCZ3dBQUFBUlpIWjBYM04wWVhKMGNHOXphWFJwYjI0R0RRQUFBQlZQY0dWdVRXVnVkVXRsZVVGalkyVnpjMmxpYkdVR0RnQUFBQkJrZG5SZmJtVjRkSEJoWjJWa1lYUmhCZzhBQUFBVGMyVnNaV04wWDJSbGMyVnNaV04wWDJGc2JBWVFBQUFBRkU1dlFXNXViM1Z1WTJWdFpXNTBjMGh2ZDFSdkVBVUFBQUFMQUFBQUJoRUFBQUJUVkdobGNtVWdZWEpsSUc1dklHbDBaVzF6SUhSdklITm9iM2NnYVc0Z2RHaHBjeUIyYVdWM0lHOW1JSFJvWlNBaVUyaGhjbVZrSUVSdlkzVnRaVzUwY3lJZ1pHOWpkVzFsYm5RZ2JHbGljbUZ5ZVM0R0VnQUFBQUUvQmhNQUFBQWdVSEpsYzJWdVkyVWdaVzVoWW14bFpDQm1iM0lnZEdocGN5QmpiMngxYlc0R0ZBQUFBQWxQY0dWdUlFMWxiblVHRlFBQUFBSXRNUVlXQUFBQU0xQmhaMlZrUFZSU1ZVVW1VR0ZuWldSUWNtVjJQVlJTVlVVbWNGOUhjbTkxY0VOdmJERTlKbkJmUjNKdmRYQkRiMnd5UFFZWEFBQUFBQVlZQUFBQUxsVnpaU0JUU0VsR1ZDdEZUbFJGVWlCMGJ5QnZjR1Z1SUhSb1pTQnRaVzUxSUNodVpYY2dkMmx1Wkc5M0tTNEdHUUFBQURWUVlXZGxaRDFVVWxWRkpuQmZSM0p2ZFhCRGIyd3hQVzE1U1ZJbWNGOUhjbTkxY0VOdmJESTlNRElsTWpCUGRtVnlkbWxsZHdZYUFBQUFIRk5sYkdWamRDQnZjaUJrWlhObGJHVmpkQ0JoYkd3Z2FYUmxiWE1HR3dBQUFDdFVieUJoWkdRZ1lTQnVaWGNnYVhSbGJTd2dZMnhwWTJzZ0lrNWxkeUlnYjNJZ0lsVndiRzloWkNJdUN4NFFSbWxzZEdWeVQzQmxjbUYwYVc5dWN6S05CUUFCQUFBQS8vLy8vd0VBQUFBQUFBQUFCQUVBQUFDVEFsTjVjM1JsYlM1RGIyeHNaV04wYVc5dWN5NUhaVzVsY21sakxrUnBZM1JwYjI1aGNubGdNbHRiVTNsemRHVnRMbE4wY21sdVp5d2diWE5qYjNKc2FXSXNJRlpsY25OcGIyNDlOQzR3TGpBdU1Dd2dRM1ZzZEhWeVpUMXVaWFYwY21Gc0xDQlFkV0pzYVdOTFpYbFViMnRsYmoxaU56ZGhOV00xTmpFNU16UmxNRGc1WFN4YlRXbGpjbTl6YjJaMExsTm9ZWEpsVUc5cGJuUXVWMlZpVUdGeWRGQmhaMlZ6TGtacGJIUmxjazl3WlhKaGRHbHZiaXdnVFdsamNtOXpiMlowTGxOb1lYSmxVRzlwYm5Rc0lGWmxjbk5wYjI0OU1UWXVNQzR3TGpBc0lFTjFiSFIxY21VOWJtVjFkSEpoYkN3Z1VIVmliR2xqUzJWNVZHOXJaVzQ5TnpGbE9XSmpaVEV4TVdVNU5ESTVZMTFkQXdBQUFBZFdaWEp6YVc5dUNFTnZiWEJoY21WeUNFaGhjMmhUYVhwbEFBTUFDSklCVTNsemRHVnRMa052Ykd4bFkzUnBiMjV6TGtkbGJtVnlhV011UjJWdVpYSnBZMFZ4ZFdGc2FYUjVRMjl0Y0dGeVpYSmdNVnRiVTNsemRHVnRMbE4wY21sdVp5d2diWE5qYjNKc2FXSXNJRlpsY25OcGIyNDlOQzR3TGpBdU1Dd2dRM1ZzZEhWeVpUMXVaWFYwY21Gc0xDQlFkV0pzYVdOTFpYbFViMnRsYmoxaU56ZGhOV00xTmpFNU16UmxNRGc1WFYwSUFBQUFBQWtDQUFBQUFBQUFBQVFDQUFBQWtnRlRlWE4wWlcwdVEyOXNiR1ZqZEdsdmJuTXVSMlZ1WlhKcFl5NUhaVzVsY21salJYRjFZV3hwZEhsRGIyMXdZWEpsY21BeFcxdFRlWE4wWlcwdVUzUnlhVzVuTENCdGMyTnZjbXhwWWl3Z1ZtVnljMmx2YmowMExqQXVNQzR3TENCRGRXeDBkWEpsUFc1bGRYUnlZV3dzSUZCMVlteHBZMHRsZVZSdmEyVnVQV0kzTjJFMVl6VTJNVGt6TkdVd09EbGRYUUFBQUFBTEhneGZkbWxsZDBOdmRXNTBaWEptWkdRV0FtWVBaQllDWmc5a0ZnUm1EeFlHSGd4R1pXRjBkWEpsVTJOdmNHVUZCRk5wZEdVZUNFeHZZMkYwYVc5dUJTRk5hV055YjNOdlpuUXVVMmhoY21WUWIybHVkQzVUZEdGdVpHRnlaRTFsYm5VZUIwZHliM1Z3U1dRRkVGWnBaWGRUWld4bFkzUnZjazFsYm5Wa0FnRVBEeFlDSGdsQlkyTmxjM05MWlhrRkFWZGtaQUlGRDJRV0FnSUNEMlFXQkFJQkQyUVdBZ0lERDJRV0FtWVBaQllFQWdNUFpCWUlBZ0VQRmdZZUUwTnNhV1Z1ZEU5dVEyeHBZMnRUWTNKcGNIUUZlVVZ1YzNWeVpWTmpjbWx3ZEVaMWJtTW9KM05vWVhKcGJtY3Vhbk1uTENBblJHbHpjR3hoZVZOb1lYSmxaRmRwZEdoRWFXRnNiMmNuTENCbWRXNWpkR2x2YmlBb0tTQjdJRVJwYzNCc1lYbFRhR0Z5WldSWGFYUm9SR2xoYkc5bktDZGNkVEF3TW1aQmNIQnpNREJjZFRBd01tWW5LVHNnZlNrZUtFTnNhV1Z1ZEU5dVEyeHBZMnRUWTNKcGNIUkRiMjUwWVdsdWFXNW5VSEpsWm1sNFpXUlZjbXdGZVVWdWMzVnlaVk5qY21sd2RFWjFibU1vSjNOb1lYSnBibWN1YW5NbkxDQW5SR2x6Y0d4aGVWTm9ZWEpsWkZkcGRHaEVhV0ZzYjJjbkxDQm1kVzVqZEdsdmJpQW9LU0I3SUVScGMzQnNZWGxUYUdGeVpXUlhhWFJvUkdsaGJHOW5LQ2RjZFRBd01tWkJjSEJ6TURCY2RUQXdNbVluS1RzZ2ZTa2VHRU5zYVdWdWRFOXVRMnhwWTJ0T1lYWnBaMkYwWlZWeWJHUmtBZ1VQRmdJZUIxWnBjMmxpYkdWb1pBSUxEeFlDSHdwb1pBSVNEMlFXQW1ZUER4WUdIaHhRY21WMmFXOTFjMEYxZEdodmNtbHVaMGwwWlcxV1pYSnphVzl1WlI0YVVISmxkbWx2ZFhOQmRYUm9iM0pwYm1kSmRHVnRUM2R1WlhKbEhoeFFjbVYyYVc5MWMwRjFkR2h2Y21sdVowTnZiblJ5YjJ4TmIyUmxDeW1JQVUxcFkzSnZjMjltZEM1VGFHRnlaVkJ2YVc1MExsZGxZa052Ym5SeWIyeHpMbE5RUTI5dWRISnZiRTF2WkdVc0lFMXBZM0p2YzI5bWRDNVRhR0Z5WlZCdmFXNTBMQ0JXWlhKemFXOXVQVEUyTGpBdU1DNHdMQ0JEZFd4MGRYSmxQVzVsZFhSeVlXd3NJRkIxWW14cFkwdGxlVlJ2YTJWdVBUY3haVGxpWTJVeE1URmxPVFF5T1dNQVpHUUNCQThQRmdJZkJnVUJMMlJrQWdNUFpCWUNBZ0VQWkJZQ0FnRVBaQllHQWdFUER4WUVIZ1JmSVZOQ0FnSWVDRU56YzBOc1lYTnpCUmR0Y3kxd2NtOXRiM1JsWkVGamRHbHZia0oxZEhSdmJtUmtBZ01QWkJZQ1pnOFBGZ1FmRGdJQ0h3OEZGMjF6TFhCeWIyMXZkR1ZrUVdOMGFXOXVRblYwZEc5dVpHUUNCUThQRmdZZkR3VVhiWE10Y0hKdmJXOTBaV1JCWTNScGIyNUNkWFIwYjI0ZkRnSUNId3BvWkdRQ0R3OWtGZ0lDQVE5a0ZnSUNBUTg4S3dBRkFRQVBGZ0llRlZCaGNtVnVkRXhsZG1Wc2MwUnBjM0JzWVhsbFpHWmtaQUlURDJRV0FnSUJEMlFXQmdJSEQyUVdBZ0lERHc4V0FoOEthR1JrQWdrUFpCWUNBZ0VQRmdJZkNtaGtBZzBQRHhZQ0h3cG9aQllDQWdFUFpCWUNaZzlrRmdJQ0F3OWtGZ0lDQlE5a0ZnSUNBUTg4S3dBSkFRQVBGZ1FlRFZCaGRHaFRaWEJoY21GMGIzSUVDQjROVG1WMlpYSkZlSEJoYm1SbFpHZGtaQmdDQlMxamRHd3dNQ1JRYkdGalpVaHZiR1JsY2t4bFpuUk9ZWFpDWVhJa1ZqUlJkV2xqYTB4aGRXNWphRTFsYm5VUEQyUUZHa3hwWW5KaGNtbGxjMXhUYUdGeVpXUWdSRzlqZFcxbGJuUnpaQVVYWTNSc01EQWtWRzl3VG1GMmFXZGhkR2x2YmsxbGJuVVBEMlFGRkVodmJXVmNRWEJ3Y3lBbUlGQnliMlIxWTNSelpEYmF6ZGg2UU5XZ1QxWlUrWm1KRElGRFMwNnJqSHM4NUUwSFlIZ1RlZUNVIiBDb3JyZWxhdGlvbkJpbmRpbmc9IiIgVXJsRW5jb2RlPSJUcnVlIiAvPg0KICAgICAgICA8Rm9ybVBvc3RQYXJhbWV0ZXIgTmFtZT0iX19WSUVXU1RBVEVHRU5FUkFUT1IiIFZhbHVlPSJ7eyRISURERU4xLl9fVklFV1NUQVRFR0VORVJBVE9SfX0iIFJlY29yZGVkVmFsdWU9IjA2RTJBRjE2IiBDb3JyZWxhdGlvbkJpbmRpbmc9IiIgVXJsRW5jb2RlPSJUcnVlIiAvPg0KICAgICAgICA8Rm9ybVBvc3RQYXJhbWV0ZXIgTmFtZT0iX19TQ1JPTExQT1NJVElPTlgiIFZhbHVlPSJ7eyRISURERU4xLl9fU0NST0xMUE9TSVRJT05YfX0iIFJlY29yZGVkVmFsdWU9IjAiIENvcnJlbGF0aW9uQmluZGluZz0iIiBVcmxFbmNvZGU9IlRydWUiIC8+DQogICAgICAgIDxGb3JtUG9zdFBhcmFtZXRlciBOYW1lPSJfX1NDUk9MTFBPU0lUSU9OWSIgVmFsdWU9Int7JEhJRERFTjEuX19TQ1JPTExQT1NJVElPTll9fSIgUmVjb3JkZWRWYWx1ZT0iMCIgQ29ycmVsYXRpb25CaW5kaW5nPSIiIFVybEVuY29kZT0iVHJ1ZSIgLz4NCiAgICAgICAgPEZvcm1Qb3N0UGFyYW1ldGVyIE5hbWU9Il9fRVZFTlRWQUxJREFUSU9OIiBWYWx1ZT0ie3skSElEREVOMS5fX0VWRU5UVkFMSURBVElPTn19IiBSZWNvcmRlZFZhbHVlPSIvd0VkQUFQUCtsb3RteUVJckRIMXhZWWNaYk5zTG1YeVl3QStPZkZhRzVBMmx6OG5DTFVnRkxwbktPanZCQVUydFhud0QweG11WDl2MHhScUtNbGJXenRXdFd6bnFkOHNRaDYwMW5SY3pUOTY4dU42dlE9PSIgQ29ycmVsYXRpb25CaW5kaW5nPSIiIFVybEVuY29kZT0iVHJ1ZSIgLz4NCiAgICAgICAgPEZvcm1Qb3N0UGFyYW1ldGVyIE5hbWU9ImN0bDAwJGN0bDQ0JGN0bDA0IiBWYWx1ZT0iUmliYm9uLlJlYWQiIFJlY29yZGVkVmFsdWU9IlJpYmJvbi5SZWFkIiBDb3JyZWxhdGlvbkJpbmRpbmc9Int7Rm9ybVBvc3RQYXJhbTM3LmN0bDAwJGN0bDQ0JGN0bDA0fX0iIFVybEVuY29kZT0iVHJ1ZSIgLz4NCiAgICAgIDwvRm9ybVBvc3RIdHRwQm9keT4NCiAgICA8L1JlcXVlc3Q+DQogICAgPFJlcXVlc3QgTWV0aG9kPSJHRVQiIEd1aWQ9IjNiYTU1ZDg2LWQzYWItNDc3Ny1hZjNjLTFjMmU0NmU4ZDRlZSIgVmVyc2lvbj0iMS4xIiBVcmw9Imh0dHBzOi8vc3AuY29yZGlzc29sdXRpb25zLmNvbS9fbGF5b3V0cy8xNS9mb250cy9zaGVsbGljb25zLmVvdCIgVGhpbmtUaW1lPSIxIiBUaW1lb3V0PSIzMDAiIFBhcnNlRGVwZW5kZW50UmVxdWVzdHM9IlRydWUiIEZvbGxvd1JlZGlyZWN0cz0iVHJ1ZSIgUmVjb3JkUmVzdWx0PSJUcnVlIiBDYWNoZT0iRmFsc2UiIFJlc3BvbnNlVGltZUdvYWw9IjAiIEVuY29kaW5nPSJ1dGYtOCIgRXhwZWN0ZWRIdHRwU3RhdHVzQ29kZT0iMCIgRXhwZWN0ZWRSZXNwb25zZVVybD0iIiBSZXBvcnRpbmdOYW1lPSIiIElnbm9yZUh0dHBTdGF0dXNDb2RlPSJGYWxzZSI+DQogICAgICA8SGVhZGVycz4NCiAgICAgICAgPEhlYWRlciBOYW1lPSJSZWZlcmVyIiBWYWx1ZT0iaHR0cHM6Ly9zcC5jb3JkaXNzb2x1dGlvbnMuY29tL0FwcHMwMC9TaGFyZWQlMjBEb2N1bWVudHMvRm9ybXMvYWxsJTIwZG9jdW1lbnRzLmFzcHg/SW5pdGlhbFRhYklkPVJpYmJvbi5SZWFkJmFtcDtWaXNpYmlsaXR5Q29udGV4dD1XU1NUYWJQZXJzaXN0ZW5jZSIgLz4NCiAgICAgIDwvSGVhZGVycz4NCiAgICAgIDxRdWVyeVN0cmluZ1BhcmFtZXRlcnM+DQogICAgICAgIDxRdWVyeVN0cmluZ1BhcmFtZXRlciBOYW1lPSIiIFZhbHVlPSIiIFJlY29yZGVkVmFsdWU9IiIgQ29ycmVsYXRpb25CaW5kaW5nPSIiIFVybEVuY29kZT0iRmFsc2UiIFVzZVRvR3JvdXBSZXN1bHRzPSJGYWxzZSIgLz4NCiAgICAgIDwvUXVlcnlTdHJpbmdQYXJhbWV0ZXJzPg0KICAgIDwvUmVxdWVzdD4NCiAgICA8UmVxdWVzdCBNZXRob2Q9IkdFVCIgR3VpZD0iZTcxNGJjYWEtOWM3Mi00YWU4LTk5ZTktZmMzMDZhNGUwMDUzIiBWZXJzaW9uPSIxLjEiIFVybD0iaHR0cHM6Ly9zcC5jb3JkaXNzb2x1dGlvbnMuY29tL0FwcHMwMC9fYXBpL3NlYXJjaC9zZWFyY2hjZW50ZXJ1cmwiIFRoaW5rVGltZT0iMCIgVGltZW91dD0iMzAwIiBQYXJzZURlcGVuZGVudFJlcXVlc3RzPSJUcnVlIiBGb2xsb3dSZWRpcmVjdHM9IlRydWUiIFJlY29yZFJlc3VsdD0iVHJ1ZSIgQ2FjaGU9IkZhbHNlIiBSZXNwb25zZVRpbWVHb2FsPSIwIiBFbmNvZGluZz0idXRmLTgiIEV4cGVjdGVkSHR0cFN0YXR1c0NvZGU9IjAiIEV4cGVjdGVkUmVzcG9uc2VVcmw9IiIgUmVwb3J0aW5nTmFtZT0iIiBJZ25vcmVIdHRwU3RhdHVzQ29kZT0iRmFsc2UiPg0KICAgICAgPEhlYWRlcnM+DQogICAgICAgIDxIZWFkZXIgTmFtZT0iQWNjZXB0IiBWYWx1ZT0iYXBwbGljYXRpb24vanNvbjtvZGF0YT12ZXJib3NlIiAvPg0KICAgICAgICA8SGVhZGVyIE5hbWU9IlJlZmVyZXIiIFZhbHVlPSJodHRwczovL3NwLmNvcmRpc3NvbHV0aW9ucy5jb20vQXBwczAwL1NoYXJlZCUyMERvY3VtZW50cy9Gb3Jtcy9hbGwlMjBkb2N1bWVudHMuYXNweD9Jbml0aWFsVGFiSWQ9UmliYm9uLlJlYWQmYW1wO1Zpc2liaWxpdHlDb250ZXh0PVdTU1RhYlBlcnNpc3RlbmNlIiAvPg0KICAgICAgPC9IZWFkZXJzPg0KICAgIDwvUmVxdWVzdD4NCiAgICA8UmVxdWVzdCBNZXRob2Q9IkdFVCIgR3VpZD0iNzdiYWM5OTUtOGQwMi00MjEyLTk1OGYtMTBiMWVlN2Y1YjYwIiBWZXJzaW9uPSIxLjEiIFVybD0iaHR0cHM6Ly9zcC5jb3JkaXNzb2x1dGlvbnMuY29tL19sYXlvdXRzLzE1L1NjcmlwdFJlc3guYXNoeCIgVGhpbmtUaW1lPSIwIiBUaW1lb3V0PSIzMDAiIFBhcnNlRGVwZW5kZW50UmVxdWVzdHM9IlRydWUiIEZvbGxvd1JlZGlyZWN0cz0iVHJ1ZSIgUmVjb3JkUmVzdWx0PSJUcnVlIiBDYWNoZT0iRmFsc2UiIFJlc3BvbnNlVGltZUdvYWw9IjAiIEVuY29kaW5nPSJ1dGYtOCIgRXhwZWN0ZWRIdHRwU3RhdHVzQ29kZT0iMCIgRXhwZWN0ZWRSZXNwb25zZVVybD0iIiBSZXBvcnRpbmdOYW1lPSIiIElnbm9yZUh0dHBTdGF0dXNDb2RlPSJGYWxzZSI+DQogICAgICA8SGVhZGVycz4NCiAgICAgICAgPEhlYWRlciBOYW1lPSJSZWZlcmVyIiBWYWx1ZT0iaHR0cHM6Ly9zcC5jb3JkaXNzb2x1dGlvbnMuY29tL0FwcHMwMC9TaGFyZWQlMjBEb2N1bWVudHMvRm9ybXMvYWxsJTIwZG9jdW1lbnRzLmFzcHg/SW5pdGlhbFRhYklkPVJpYmJvbi5SZWFkJmFtcDtWaXNpYmlsaXR5Q29udGV4dD1XU1NUYWJQZXJzaXN0ZW5jZSIgLz4NCiAgICAgIDwvSGVhZGVycz4NCiAgICAgIDxRdWVyeVN0cmluZ1BhcmFtZXRlcnM+DQogICAgICAgIDxRdWVyeVN0cmluZ1BhcmFtZXRlciBOYW1lPSJjdWx0dXJlIiBWYWx1ZT0iZW4lMkR1cyIgUmVjb3JkZWRWYWx1ZT0iZW4lMkR1cyIgQ29ycmVsYXRpb25CaW5kaW5nPSIiIFVybEVuY29kZT0iRmFsc2UiIFVzZVRvR3JvdXBSZXN1bHRzPSJGYWxzZSIgLz4NCiAgICAgICAgPFF1ZXJ5U3RyaW5nUGFyYW1ldGVyIE5hbWU9Im5hbWUiIFZhbHVlPSJTUCUyRVVJJTJFUG9saWN5JTJFUmVzb3VyY2VzIiBSZWNvcmRlZFZhbHVlPSJTUCUyRVVJJTJFUG9saWN5JTJFUmVzb3VyY2VzIiBDb3JyZWxhdGlvbkJpbmRpbmc9IiIgVXJsRW5jb2RlPSJGYWxzZSIgVXNlVG9Hcm91cFJlc3VsdHM9IkZhbHNlIiAvPg0KICAgICAgICA8UXVlcnlTdHJpbmdQYXJhbWV0ZXIgTmFtZT0icmV2IiBWYWx1ZT0ibTJOdnRtMTNEUmdvZENWaSUyQnNSdWt3JTNEJTNEIiBSZWNvcmRlZFZhbHVlPSJtMk52dG0xM0RSZ29kQ1ZpJTJCc1J1a3clM0QlM0QiIENvcnJlbGF0aW9uQmluZGluZz0iIiBVcmxFbmNvZGU9IkZhbHNlIiBVc2VUb0dyb3VwUmVzdWx0cz0iRmFsc2UiIC8+DQogICAgICA8L1F1ZXJ5U3RyaW5nUGFyYW1ldGVycz4NCiAgICA8L1JlcXVlc3Q+DQogICAgPFJlcXVlc3QgTWV0aG9kPSJHRVQiIEd1aWQ9IjRlNDRkZWVlLWJmNWQtNGM4Yi1hNTRmLTMyMjI1NDFiMmU0NSIgVmVyc2lvbj0iMS4xIiBVcmw9Imh0dHBzOi8vc3AuY29yZGlzc29sdXRpb25zLmNvbS9fbGF5b3V0cy8xNS9TY3JpcHRSZXN4LmFzaHgiIFRoaW5rVGltZT0iMiIgVGltZW91dD0iMzAwIiBQYXJzZURlcGVuZGVudFJlcXVlc3RzPSJUcnVlIiBGb2xsb3dSZWRpcmVjdHM9IlRydWUiIFJlY29yZFJlc3VsdD0iVHJ1ZSIgQ2FjaGU9IkZhbHNlIiBSZXNwb25zZVRpbWVHb2FsPSIwIiBFbmNvZGluZz0idXRmLTgiIEV4cGVjdGVkSHR0cFN0YXR1c0NvZGU9IjAiIEV4cGVjdGVkUmVzcG9uc2VVcmw9IiIgUmVwb3J0aW5nTmFtZT0iIiBJZ25vcmVIdHRwU3RhdHVzQ29kZT0iRmFsc2UiPg0KICAgICAgPEhlYWRlcnM+DQogICAgICAgIDxIZWFkZXIgTmFtZT0iUmVmZXJlciIgVmFsdWU9Imh0dHBzOi8vc3AuY29yZGlzc29sdXRpb25zLmNvbS9BcHBzMDAvU2hhcmVkJTIwRG9jdW1lbnRzL0Zvcm1zL2FsbCUyMGRvY3VtZW50cy5hc3B4P0luaXRpYWxUYWJJZD1SaWJib24uUmVhZCZhbXA7VmlzaWJpbGl0eUNvbnRleHQ9V1NTVGFiUGVyc2lzdGVuY2UiIC8+DQogICAgICA8L0hlYWRlcnM+DQogICAgICA8UXVlcnlTdHJpbmdQYXJhbWV0ZXJzPg0KICAgICAgICA8UXVlcnlTdHJpbmdQYXJhbWV0ZXIgTmFtZT0iY3VsdHVyZSIgVmFsdWU9ImVuJTJEdXMiIFJlY29yZGVkVmFsdWU9ImVuJTJEdXMiIENvcnJlbGF0aW9uQmluZGluZz0iIiBVcmxFbmNvZGU9IkZhbHNlIiBVc2VUb0dyb3VwUmVzdWx0cz0iRmFsc2UiIC8+DQogICAgICAgIDxRdWVyeVN0cmluZ1BhcmFtZXRlciBOYW1lPSJuYW1lIiBWYWx1ZT0iU1AlMkVVSSUyRVBvbGljeSUyRVJlc291cmNlcyIgUmVjb3JkZWRWYWx1ZT0iU1AlMkVVSSUyRVBvbGljeSUyRVJlc291cmNlcyIgQ29ycmVsYXRpb25CaW5kaW5nPSIiIFVybEVuY29kZT0iRmFsc2UiIFVzZVRvR3JvdXBSZXN1bHRzPSJGYWxzZSIgLz4NCiAgICAgICAgPFF1ZXJ5U3RyaW5nUGFyYW1ldGVyIE5hbWU9InJldiIgVmFsdWU9Im0yTnZ0bTEzRFJnb2RDVmklMkJzUnVrdyUzRCUzRCIgUmVjb3JkZWRWYWx1ZT0ibTJOdnRtMTNEUmdvZENWaSUyQnNSdWt3JTNEJTNEIiBDb3JyZWxhdGlvbkJpbmRpbmc9IiIgVXJsRW5jb2RlPSJGYWxzZSIgVXNlVG9Hcm91cFJlc3VsdHM9IkZhbHNlIiAvPg0KICAgICAgPC9RdWVyeVN0cmluZ1BhcmFtZXRlcnM+DQogICAgPC9SZXF1ZXN0Pg0KICAgIDxSZXF1ZXN0IE1ldGhvZD0iR0VUIiBHdWlkPSI2NTA4NGMzMC1jYWQ3LTQyZDUtOTI0MS0zMjIwZDRhZGIyYWMiIFZlcnNpb249IjEuMSIgVXJsPSJodHRwczovL3NwLmNvcmRpc3NvbHV0aW9ucy5jb20vQXBwczAwL1NoYXJlZCUyMERvY3VtZW50cy9Gb3Jtcy9kZXRhaWwlMjBsaXN0JTIwd28lMjBmb2xkZXJzJTIwMDEuYXNweCIgVGhpbmtUaW1lPSIwIiBUaW1lb3V0PSIzMDAiIFBhcnNlRGVwZW5kZW50UmVxdWVzdHM9IlRydWUiIEZvbGxvd1JlZGlyZWN0cz0iVHJ1ZSIgUmVjb3JkUmVzdWx0PSJUcnVlIiBDYWNoZT0iRmFsc2UiIFJlc3BvbnNlVGltZUdvYWw9IjAiIEVuY29kaW5nPSJ1dGYtOCIgRXhwZWN0ZWRIdHRwU3RhdHVzQ29kZT0iMCIgRXhwZWN0ZWRSZXNwb25zZVVybD0iIiBSZXBvcnRpbmdOYW1lPSIiIElnbm9yZUh0dHBTdGF0dXNDb2RlPSJGYWxzZSI+DQogICAgICA8RGVwZW5kZW50UmVxdWVzdHM+DQogICAgICAgIDxSZXF1ZXN0IE1ldGhvZD0iR0VUIiBHdWlkPSJhMzI2NjFmMy05NDg5LTRlMzItOTRmNy1lZWQ4N2RhZTRkNDEiIFZlcnNpb249IjEuMSIgVXJsPSJodHRwczovL3NwLmNvcmRpc3NvbHV0aW9ucy5jb20vX2xheW91dHMvMTUvZm9udHMvc2hlbGxpY29ucy5lb3QiIFRoaW5rVGltZT0iMSIgVGltZW91dD0iMzAwIiBQYXJzZURlcGVuZGVudFJlcXVlc3RzPSJUcnVlIiBGb2xsb3dSZWRpcmVjdHM9IlRydWUiIFJlY29yZFJlc3VsdD0iVHJ1ZSIgQ2FjaGU9IkZhbHNlIiBSZXNwb25zZVRpbWVHb2FsPSIwIiBFbmNvZGluZz0idXRmLTgiIEV4cGVjdGVkSHR0cFN0YXR1c0NvZGU9IjAiIEV4cGVjdGVkUmVzcG9uc2VVcmw9IiIgUmVwb3J0aW5nTmFtZT0iIiBJZ25vcmVIdHRwU3RhdHVzQ29kZT0iRmFsc2UiPg0KICAgICAgICAgIDxIZWFkZXJzPg0KICAgICAgICAgICAgPEhlYWRlciBOYW1lPSJSZWZlcmVyIiBWYWx1ZT0iaHR0cHM6Ly9zcC5jb3JkaXNzb2x1dGlvbnMuY29tL0FwcHMwMC9TaGFyZWQlMjBEb2N1bWVudHMvRm9ybXMvZGV0YWlsJTIwbGlzdCUyMHdvJTIwZm9sZGVycyUyMDAxLmFzcHgiIC8+DQogICAgICAgICAgPC9IZWFkZXJzPg0KICAgICAgICAgIDxRdWVyeVN0cmluZ1BhcmFtZXRlcnM+DQogICAgICAgICAgICA8UXVlcnlTdHJpbmdQYXJhbWV0ZXIgTmFtZT0iIiBWYWx1ZT0iIiBSZWNvcmRlZFZhbHVlPSIiIENvcnJlbGF0aW9uQmluZGluZz0iIiBVcmxFbmNvZGU9IkZhbHNlIiBVc2VUb0dyb3VwUmVzdWx0cz0iRmFsc2UiIC8+DQogICAgICAgICAgPC9RdWVyeVN0cmluZ1BhcmFtZXRlcnM+DQogICAgICAgIDwvUmVxdWVzdD4NCiAgICAgICAgPFJlcXVlc3QgTWV0aG9kPSJHRVQiIEd1aWQ9ImRjOTA3ZjIyLWNjMzMtNDc2Ny1iMGJmLWZhOThmYzUzZjQzNCIgVmVyc2lvbj0iMS4xIiBVcmw9Imh0dHBzOi8vc3AuY29yZGlzc29sdXRpb25zLmNvbS9BcHBzMDAvX2FwaS9zZWFyY2gvc2VhcmNoY2VudGVydXJsIiBUaGlua1RpbWU9IjAiIFRpbWVvdXQ9IjMwMCIgUGFyc2VEZXBlbmRlbnRSZXF1ZXN0cz0iVHJ1ZSIgRm9sbG93UmVkaXJlY3RzPSJUcnVlIiBSZWNvcmRSZXN1bHQ9IlRydWUiIENhY2hlPSJGYWxzZSIgUmVzcG9uc2VUaW1lR29hbD0iMCIgRW5jb2Rpbmc9InV0Zi04IiBFeHBlY3RlZEh0dHBTdGF0dXNDb2RlPSIwIiBFeHBlY3RlZFJlc3BvbnNlVXJsPSIiIFJlcG9ydGluZ05hbWU9IiIgSWdub3JlSHR0cFN0YXR1c0NvZGU9IkZhbHNlIj4NCiAgICAgICAgICA8SGVhZGVycz4NCiAgICAgICAgICAgIDxIZWFkZXIgTmFtZT0iQWNjZXB0IiBWYWx1ZT0iYXBwbGljYXRpb24vanNvbjtvZGF0YT12ZXJib3NlIiAvPg0KICAgICAgICAgICAgPEhlYWRlciBOYW1lPSJSZWZlcmVyIiBWYWx1ZT0iaHR0cHM6Ly9zcC5jb3JkaXNzb2x1dGlvbnMuY29tL0FwcHMwMC9TaGFyZWQlMjBEb2N1bWVudHMvRm9ybXMvZGV0YWlsJTIwbGlzdCUyMHdvJTIwZm9sZGVycyUyMDAxLmFzcHgiIC8+DQogICAgICAgICAgPC9IZWFkZXJzPg0KICAgICAgICA8L1JlcXVlc3Q+DQogICAgICAgIDxSZXF1ZXN0IE1ldGhvZD0iR0VUIiBHdWlkPSI5ZDVjZDBkYy1iZGNkLTQ1MWItOGExMi1iZmM2MzQwOTNiODIiIFZlcnNpb249IjEuMSIgVXJsPSJodHRwczovL3NwLmNvcmRpc3NvbHV0aW9ucy5jb20vX2xheW91dHMvMTUvU2NyaXB0UmVzeC5hc2h4IiBUaGlua1RpbWU9IjAiIFRpbWVvdXQ9IjMwMCIgUGFyc2VEZXBlbmRlbnRSZXF1ZXN0cz0iVHJ1ZSIgRm9sbG93UmVkaXJlY3RzPSJUcnVlIiBSZWNvcmRSZXN1bHQ9IlRydWUiIENhY2hlPSJGYWxzZSIgUmVzcG9uc2VUaW1lR29hbD0iMCIgRW5jb2Rpbmc9InV0Zi04IiBFeHBlY3RlZEh0dHBTdGF0dXNDb2RlPSIwIiBFeHBlY3RlZFJlc3BvbnNlVXJsPSIiIFJlcG9ydGluZ05hbWU9IiIgSWdub3JlSHR0cFN0YXR1c0NvZGU9IkZhbHNlIj4NCiAgICAgICAgICA8SGVhZGVycz4NCiAgICAgICAgICAgIDxIZWFkZXIgTmFtZT0iUmVmZXJlciIgVmFsdWU9Imh0dHBzOi8vc3AuY29yZGlzc29sdXRpb25zLmNvbS9BcHBzMDAvU2hhcmVkJTIwRG9jdW1lbnRzL0Zvcm1zL2RldGFpbCUyMGxpc3QlMjB3byUyMGZvbGRlcnMlMjAwMS5hc3B4IiAvPg0KICAgICAgICAgIDwvSGVhZGVycz4NCiAgICAgICAgICA8UXVlcnlTdHJpbmdQYXJhbWV0ZXJzPg0KICAgICAgICAgICAgPFF1ZXJ5U3RyaW5nUGFyYW1ldGVyIE5hbWU9ImN1bHR1cmUiIFZhbHVlPSJlbiUyRHVzIiBSZWNvcmRlZFZhbHVlPSJlbiUyRHVzIiBDb3JyZWxhdGlvbkJpbmRpbmc9IiIgVXJsRW5jb2RlPSJGYWxzZSIgVXNlVG9Hcm91cFJlc3VsdHM9IkZhbHNlIiAvPg0KICAgICAgICAgICAgPFF1ZXJ5U3RyaW5nUGFyYW1ldGVyIE5hbWU9Im5hbWUiIFZhbHVlPSJTUCUyRVVJJTJFUG9saWN5JTJFUmVzb3VyY2VzIiBSZWNvcmRlZFZhbHVlPSJTUCUyRVVJJTJFUG9saWN5JTJFUmVzb3VyY2VzIiBDb3JyZWxhdGlvbkJpbmRpbmc9IiIgVXJsRW5jb2RlPSJGYWxzZSIgVXNlVG9Hcm91cFJlc3VsdHM9IkZhbHNlIiAvPg0KICAgICAgICAgICAgPFF1ZXJ5U3RyaW5nUGFyYW1ldGVyIE5hbWU9InJldiIgVmFsdWU9Im0yTnZ0bTEzRFJnb2RDVmklMkJzUnVrdyUzRCUzRCIgUmVjb3JkZWRWYWx1ZT0ibTJOdnRtMTNEUmdvZENWaSUyQnNSdWt3JTNEJTNEIiBDb3JyZWxhdGlvbkJpbmRpbmc9IiIgVXJsRW5jb2RlPSJGYWxzZSIgVXNlVG9Hcm91cFJlc3VsdHM9IkZhbHNlIiAvPg0KICAgICAgICAgIDwvUXVlcnlTdHJpbmdQYXJhbWV0ZXJzPg0KICAgICAgICA8L1JlcXVlc3Q+DQogICAgICAgIDxSZXF1ZXN0IE1ldGhvZD0iR0VUIiBHdWlkPSJkZTI4NmI1Mi1hMzIxLTQwYjItODk5MS0yNDFhNzQ5ZjExZGUiIFZlcnNpb249IjEuMSIgVXJsPSJodHRwczovL3NwLmNvcmRpc3NvbHV0aW9ucy5jb20vX2xheW91dHMvMTUvU2NyaXB0UmVzeC5hc2h4IiBUaGlua1RpbWU9IjMiIFRpbWVvdXQ9IjMwMCIgUGFyc2VEZXBlbmRlbnRSZXF1ZXN0cz0iVHJ1ZSIgRm9sbG93UmVkaXJlY3RzPSJUcnVlIiBSZWNvcmRSZXN1bHQ9IlRydWUiIENhY2hlPSJGYWxzZSIgUmVzcG9uc2VUaW1lR29hbD0iMCIgRW5jb2Rpbmc9InV0Zi04IiBFeHBlY3RlZEh0dHBTdGF0dXNDb2RlPSIwIiBFeHBlY3RlZFJlc3BvbnNlVXJsPSIiIFJlcG9ydGluZ05hbWU9IiIgSWdub3JlSHR0cFN0YXR1c0NvZGU9IkZhbHNlIj4NCiAgICAgICAgICA8SGVhZGVycz4NCiAgICAgICAgICAgIDxIZWFkZXIgTmFtZT0iUmVmZXJlciIgVmFsdWU9Imh0dHBzOi8vc3AuY29yZGlzc29sdXRpb25zLmNvbS9BcHBzMDAvU2hhcmVkJTIwRG9jdW1lbnRzL0Zvcm1zL2RldGFpbCUyMGxpc3QlMjB3byUyMGZvbGRlcnMlMjAwMS5hc3B4IiAvPg0KICAgICAgICAgIDwvSGVhZGVycz4NCiAgICAgICAgICA8UXVlcnlTdHJpbmdQYXJhbWV0ZXJzPg0KICAgICAgICAgICAgPFF1ZXJ5U3RyaW5nUGFyYW1ldGVyIE5hbWU9ImN1bHR1cmUiIFZhbHVlPSJlbiUyRHVzIiBSZWNvcmRlZFZhbHVlPSJlbiUyRHVzIiBDb3JyZWxhdGlvbkJpbmRpbmc9IiIgVXJsRW5jb2RlPSJGYWxzZSIgVXNlVG9Hcm91cFJlc3VsdHM9IkZhbHNlIiAvPg0KICAgICAgICAgICAgPFF1ZXJ5U3RyaW5nUGFyYW1ldGVyIE5hbWU9Im5hbWUiIFZhbHVlPSJTUCUyRVVJJTJFUG9saWN5JTJFUmVzb3VyY2VzIiBSZWNvcmRlZFZhbHVlPSJTUCUyRVVJJTJFUG9saWN5JTJFUmVzb3VyY2VzIiBDb3JyZWxhdGlvbkJpbmRpbmc9IiIgVXJsRW5jb2RlPSJGYWxzZSIgVXNlVG9Hcm91cFJlc3VsdHM9IkZhbHNlIiAvPg0KICAgICAgICAgICAgPFF1ZXJ5U3RyaW5nUGFyYW1ldGVyIE5hbWU9InJldiIgVmFsdWU9Im0yTnZ0bTEzRFJnb2RDVmklMkJzUnVrdyUzRCUzRCIgUmVjb3JkZWRWYWx1ZT0ibTJOdnRtMTNEUmdvZENWaSUyQnNSdWt3JTNEJTNEIiBDb3JyZWxhdGlvbkJpbmRpbmc9IiIgVXJsRW5jb2RlPSJGYWxzZSIgVXNlVG9Hcm91cFJlc3VsdHM9IkZhbHNlIiAvPg0KICAgICAgICAgIDwvUXVlcnlTdHJpbmdQYXJhbWV0ZXJzPg0KICAgICAgICA8L1JlcXVlc3Q+DQogICAgICA8L0RlcGVuZGVudFJlcXVlc3RzPg0KICAgICAgPEhlYWRlcnM+DQogICAgICAgIDxIZWFkZXIgTmFtZT0iUmVmZXJlciIgVmFsdWU9Imh0dHBzOi8vc3AuY29yZGlzc29sdXRpb25zLmNvbS9BcHBzMDAvU2hhcmVkJTIwRG9jdW1lbnRzL0Zvcm1zL2FsbCUyMGRvY3VtZW50cy5hc3B4P0luaXRpYWxUYWJJZD1SaWJib24uUmVhZCZhbXA7VmlzaWJpbGl0eUNvbnRleHQ9V1NTVGFiUGVyc2lzdGVuY2UiIC8+DQogICAgICA8L0hlYWRlcnM+DQogICAgICA8RXh0cmFjdGlvblJ1bGVzPg0KICAgICAgICA8RXh0cmFjdGlvblJ1bGUgQ2xhc3NuYW1lPSJNaWNyb3NvZnQuVmlzdWFsU3R1ZGlvLlRlc3RUb29scy5XZWJUZXN0aW5nLlJ1bGVzLkV4dHJhY3RIaWRkZW5GaWVsZHMsIE1pY3Jvc29mdC5WaXN1YWxTdHVkaW8uUXVhbGl0eVRvb2xzLldlYlRlc3RGcmFtZXdvcmssIFZlcnNpb249MTAuMC4wLjAsIEN1bHR1cmU9bmV1dHJhbCwgUHVibGljS2V5VG9rZW49YjAzZjVmN2YxMWQ1MGEzYSIgVmFyaWFibGVOYW1lPSIxIiBEaXNwbGF5TmFtZT0iRXh0cmFjdCBIaWRkZW4gRmllbGRzIiBEZXNjcmlwdGlvbj0iRXh0cmFjdCBhbGwgaGlkZGVuIGZpZWxkcyBmcm9tIHRoZSByZXNwb25zZSBhbmQgcGxhY2UgdGhlbSBpbnRvIHRoZSB0ZXN0IGNvbnRleHQuIj4NCiAgICAgICAgICA8UnVsZVBhcmFtZXRlcnM+DQogICAgICAgICAgICA8UnVsZVBhcmFtZXRlciBOYW1lPSJSZXF1aXJlZCIgVmFsdWU9IlRydWUiIC8+DQogICAgICAgICAgICA8UnVsZVBhcmFtZXRlciBOYW1lPSJIdG1sRGVjb2RlIiBWYWx1ZT0iVHJ1ZSIgLz4NCiAgICAgICAgICA8L1J1bGVQYXJhbWV0ZXJzPg0KICAgICAgICA8L0V4dHJhY3Rpb25SdWxlPg0KICAgICAgICA8RXh0cmFjdGlvblJ1bGUgQ2xhc3NuYW1lPSJNaWNyb3NvZnQuVmlzdWFsU3R1ZGlvLlRlc3RUb29scy5XZWJUZXN0aW5nLlJ1bGVzLkV4dHJhY3RUZXh0LCBNaWNyb3NvZnQuVmlzdWFsU3R1ZGlvLlF1YWxpdHlUb29scy5XZWJUZXN0RnJhbWV3b3JrLCBWZXJzaW9uPTEwLjAuMC4wLCBDdWx0dXJlPW5ldXRyYWwsIFB1YmxpY0tleVRva2VuPWIwM2Y1ZjdmMTFkNTBhM2EiIFZhcmlhYmxlTmFtZT0iRm9ybVBvc3RQYXJhbTQ0Ll9fUkVRVUVTVERJR0VTVCIgRGlzcGxheU5hbWU9IkV4dHJhY3QgVGV4dCIgRGVzY3JpcHRpb249IkV4dHJhY3QgdGV4dCBmcm9tIHRoZSByZXNwb25zZSBhbmQgcGxhY2UgaXQgaW50byB0aGUgdGVzdCBjb250ZXh0LiI+DQogICAgICAgICAgPFJ1bGVQYXJhbWV0ZXJzPg0KICAgICAgICAgICAgPFJ1bGVQYXJhbWV0ZXIgTmFtZT0iU3RhcnRzV2l0aCIgVmFsdWU9Imx1ZT0mcXVvdDsiIC8+DQogICAgICAgICAgICA8UnVsZVBhcmFtZXRlciBOYW1lPSJFbmRzV2l0aCIgVmFsdWU9IiZxdW90OyAvJmd0OyYjeEQ7IiAvPg0KICAgICAgICAgICAgPFJ1bGVQYXJhbWV0ZXIgTmFtZT0iSW5kZXgiIFZhbHVlPSIxMSIgLz4NCiAgICAgICAgICAgIDxSdWxlUGFyYW1ldGVyIE5hbWU9Iklnbm9yZUNhc2UiIFZhbHVlPSJGYWxzZSIgLz4NCiAgICAgICAgICAgIDxSdWxlUGFyYW1ldGVyIE5hbWU9IlVzZVJlZ3VsYXJFeHByZXNzaW9uIiBWYWx1ZT0iRmFsc2UiIC8+DQogICAgICAgICAgICA8UnVsZVBhcmFtZXRlciBOYW1lPSJIdG1sRGVjb2RlIiBWYWx1ZT0iVHJ1ZSIgLz4NCiAgICAgICAgICAgIDxSdWxlUGFyYW1ldGVyIE5hbWU9IlJlcXVpcmVkIiBWYWx1ZT0iRmFsc2UiIC8+DQogICAgICAgICAgPC9SdWxlUGFyYW1ldGVycz4NCiAgICAgICAgPC9FeHRyYWN0aW9uUnVsZT4NCiAgICAgICAgPEV4dHJhY3Rpb25SdWxlIENsYXNzbmFtZT0iTWljcm9zb2Z0LlZpc3VhbFN0dWRpby5UZXN0VG9vbHMuV2ViVGVzdGluZy5SdWxlcy5FeHRyYWN0VGV4dCwgTWljcm9zb2Z0LlZpc3VhbFN0dWRpby5RdWFsaXR5VG9vbHMuV2ViVGVzdEZyYW1ld29yaywgVmVyc2lvbj0xMC4wLjAuMCwgQ3VsdHVyZT1uZXV0cmFsLCBQdWJsaWNLZXlUb2tlbj1iMDNmNWY3ZjExZDUwYTNhIiBWYXJpYWJsZU5hbWU9IkZvcm1Qb3N0UGFyYW01MS5fX1ZJRVdTVEFURSIgRGlzcGxheU5hbWU9IkV4dHJhY3QgVGV4dCIgRGVzY3JpcHRpb249IkV4dHJhY3QgdGV4dCBmcm9tIHRoZSByZXNwb25zZSBhbmQgcGxhY2UgaXQgaW50byB0aGUgdGVzdCBjb250ZXh0LiI+DQogICAgICAgICAgPFJ1bGVQYXJhbWV0ZXJzPg0KICAgICAgICAgICAgPFJ1bGVQYXJhbWV0ZXIgTmFtZT0iU3RhcnRzV2l0aCIgVmFsdWU9Imx1ZT0mcXVvdDsiIC8+DQogICAgICAgICAgICA8UnVsZVBhcmFtZXRlciBOYW1lPSJFbmRzV2l0aCIgVmFsdWU9IiZxdW90OyAvJmd0OyYjeEQ7IiAvPg0KICAgICAgICAgICAgPFJ1bGVQYXJhbWV0ZXIgTmFtZT0iSW5kZXgiIFZhbHVlPSIyMyIgLz4NCiAgICAgICAgICAgIDxSdWxlUGFyYW1ldGVyIE5hbWU9Iklnbm9yZUNhc2UiIFZhbHVlPSJGYWxzZSIgLz4NCiAgICAgICAgICAgIDxSdWxlUGFyYW1ldGVyIE5hbWU9IlVzZVJlZ3VsYXJFeHByZXNzaW9uIiBWYWx1ZT0iRmFsc2UiIC8+DQogICAgICAgICAgICA8UnVsZVBhcmFtZXRlciBOYW1lPSJIdG1sRGVjb2RlIiBWYWx1ZT0iVHJ1ZSIgLz4NCiAgICAgICAgICAgIDxSdWxlUGFyYW1ldGVyIE5hbWU9IlJlcXVpcmVkIiBWYWx1ZT0iRmFsc2UiIC8+DQogICAgICAgICAgPC9SdWxlUGFyYW1ldGVycz4NCiAgICAgICAgPC9FeHRyYWN0aW9uUnVsZT4NCiAgICAgICAgPEV4dHJhY3Rpb25SdWxlIENsYXNzbmFtZT0iTWljcm9zb2Z0LlZpc3VhbFN0dWRpby5UZXN0VG9vbHMuV2ViVGVzdGluZy5SdWxlcy5FeHRyYWN0VGV4dCwgTWljcm9zb2Z0LlZpc3VhbFN0dWRpby5RdWFsaXR5VG9vbHMuV2ViVGVzdEZyYW1ld29yaywgVmVyc2lvbj0xMC4wLjAuMCwgQ3VsdHVyZT1uZXV0cmFsLCBQdWJsaWNLZXlUb2tlbj1iMDNmNWY3ZjExZDUwYTNhIiBWYXJpYWJsZU5hbWU9IkZvcm1Qb3N0UGFyYW01My5fX0VWRU5UVkFMSURBVElPTiIgRGlzcGxheU5hbWU9IkV4dHJhY3QgVGV4dCIgRGVzY3JpcHRpb249IkV4dHJhY3QgdGV4dCBmcm9tIHRoZSByZXNwb25zZSBhbmQgcGxhY2UgaXQgaW50byB0aGUgdGVzdCBjb250ZXh0LiI+DQogICAgICAgICAgPFJ1bGVQYXJhbWV0ZXJzPg0KICAgICAgICAgICAgPFJ1bGVQYXJhbWV0ZXIgTmFtZT0iU3RhcnRzV2l0aCIgVmFsdWU9Imx1ZT0mcXVvdDsiIC8+DQogICAgICAgICAgICA8UnVsZVBhcmFtZXRlciBOYW1lPSJFbmRzV2l0aCIgVmFsdWU9IiZxdW90OyAvJmd0OyYjeEQ7IiAvPg0KICAgICAgICAgICAgPFJ1bGVQYXJhbWV0ZXIgTmFtZT0iSW5kZXgiIFZhbHVlPSIyNyIgLz4NCiAgICAgICAgICAgIDxSdWxlUGFyYW1ldGVyIE5hbWU9Iklnbm9yZUNhc2UiIFZhbHVlPSJGYWxzZSIgLz4NCiAgICAgICAgICAgIDxSdWxlUGFyYW1ldGVyIE5hbWU9IlVzZVJlZ3VsYXJFeHByZXNzaW9uIiBWYWx1ZT0iRmFsc2UiIC8+DQogICAgICAgICAgICA8UnVsZVBhcmFtZXRlciBOYW1lPSJIdG1sRGVjb2RlIiBWYWx1ZT0iVHJ1ZSIgLz4NCiAgICAgICAgICAgIDxSdWxlUGFyYW1ldGVyIE5hbWU9IlJlcXVpcmVkIiBWYWx1ZT0iRmFsc2UiIC8+DQogICAgICAgICAgPC9SdWxlUGFyYW1ldGVycz4NCiAgICAgICAgPC9FeHRyYWN0aW9uUnVsZT4NCiAgICAgIDwvRXh0cmFjdGlvblJ1bGVzPg0KICAgICAgPENvcnJlbGF0aW9uRXh0cmFjdGlvblJ1bGVzPg0KICAgICAgICA8RXh0cmFjdGlvblJ1bGUgQ2xhc3NuYW1lPSJNaWNyb3NvZnQuVmlzdWFsU3R1ZGlvLlRlc3RUb29scy5XZWJUZXN0aW5nLlJ1bGVzLkV4dHJhY3RUZXh0LCBNaWNyb3NvZnQuVmlzdWFsU3R1ZGlvLlF1YWxpdHlUb29scy5XZWJUZXN0RnJhbWV3b3JrLCBWZXJzaW9uPTEwLjAuMC4wLCBDdWx0dXJlPW5ldXRyYWwsIFB1YmxpY0tleVRva2VuPWIwM2Y1ZjdmMTFkNTBhM2EiIFZhcmlhYmxlTmFtZT0iRm9ybVBvc3RQYXJhbTQzLk1TT1RsUG5fU2hvd1NldHRpbmdzIiBEaXNwbGF5TmFtZT0iIiBEZXNjcmlwdGlvbj0iIj4NCiAgICAgICAgICA8UnVsZVBhcmFtZXRlcnM+DQogICAgICAgICAgICA8UnVsZVBhcmFtZXRlciBOYW1lPSJTdGFydHNXaXRoIiBWYWx1ZT0ibHVlPSZxdW90OyIgLz4NCiAgICAgICAgICAgIDxSdWxlUGFyYW1ldGVyIE5hbWU9IkVuZHNXaXRoIiBWYWx1ZT0iJnF1b3Q7IC8mZ3Q7JiN4RDsiIC8+DQogICAgICAgICAgICA8UnVsZVBhcmFtZXRlciBOYW1lPSJJbmRleCIgVmFsdWU9IjUiIC8+DQogICAgICAgICAgICA8UnVsZVBhcmFtZXRlciBOYW1lPSJJZ25vcmVDYXNlIiBWYWx1ZT0iRmFsc2UiIC8+DQogICAgICAgICAgICA8UnVsZVBhcmFtZXRlciBOYW1lPSJVc2VSZWd1bGFyRXhwcmVzc2lvbiIgVmFsdWU9IkZhbHNlIiAvPg0KICAgICAgICAgICAgPFJ1bGVQYXJhbWV0ZXIgTmFtZT0iSHRtbERlY29kZSIgVmFsdWU9IlRydWUiIC8+DQogICAgICAgICAgICA8UnVsZVBhcmFtZXRlciBOYW1lPSJSZXF1aXJlZCIgVmFsdWU9IkZhbHNlIiAvPg0KICAgICAgICAgIDwvUnVsZVBhcmFtZXRlcnM+DQogICAgICAgIDwvRXh0cmFjdGlvblJ1bGU+DQogICAgICAgIDxFeHRyYWN0aW9uUnVsZSBDbGFzc25hbWU9Ik1pY3Jvc29mdC5WaXN1YWxTdHVkaW8uVGVzdFRvb2xzLldlYlRlc3RpbmcuUnVsZXMuRXh0cmFjdFRleHQsIE1pY3Jvc29mdC5WaXN1YWxTdHVkaW8uUXVhbGl0eVRvb2xzLldlYlRlc3RGcmFtZXdvcmssIFZlcnNpb249MTAuMC4wLjAsIEN1bHR1cmU9bmV1dHJhbCwgUHVibGljS2V5VG9rZW49YjAzZjVmN2YxMWQ1MGEzYSIgVmFyaWFibGVOYW1lPSJGb3JtUG9zdFBhcmFtNDUuTVNPU1BXZWJQYXJ0TWFuYWdlcl9EaXNwbGF5TW9kZU5hbWUiIERpc3BsYXlOYW1lPSIiIERlc2NyaXB0aW9uPSIiPg0KICAgICAgICAgIDxSdWxlUGFyYW1ldGVycz4NCiAgICAgICAgICAgIDxSdWxlUGFyYW1ldGVyIE5hbWU9IlN0YXJ0c1dpdGgiIFZhbHVlPSJsdWU9JnF1b3Q7IiAvPg0KICAgICAgICAgICAgPFJ1bGVQYXJhbWV0ZXIgTmFtZT0iRW5kc1dpdGgiIFZhbHVlPSImcXVvdDsgLyZndDsmI3hEOyIgLz4NCiAgICAgICAgICAgIDxSdWxlUGFyYW1ldGVyIE5hbWU9IkluZGV4IiBWYWx1ZT0iMTIiIC8+DQogICAgICAgICAgICA8UnVsZVBhcmFtZXRlciBOYW1lPSJJZ25vcmVDYXNlIiBWYWx1ZT0iRmFsc2UiIC8+DQogICAgICAgICAgICA8UnVsZVBhcmFtZXRlciBOYW1lPSJVc2VSZWd1bGFyRXhwcmVzc2lvbiIgVmFsdWU9IkZhbHNlIiAvPg0KICAgICAgICAgICAgPFJ1bGVQYXJhbWV0ZXIgTmFtZT0iSHRtbERlY29kZSIgVmFsdWU9IlRydWUiIC8+DQogICAgICAgICAgICA8UnVsZVBhcmFtZXRlciBOYW1lPSJSZXF1aXJlZCIgVmFsdWU9IkZhbHNlIiAvPg0KICAgICAgICAgIDwvUnVsZVBhcmFtZXRlcnM+DQogICAgICAgIDwvRXh0cmFjdGlvblJ1bGU+DQogICAgICAgIDxFeHRyYWN0aW9uUnVsZSBDbGFzc25hbWU9Ik1pY3Jvc29mdC5WaXN1YWxTdHVkaW8uVGVzdFRvb2xzLldlYlRlc3RpbmcuUnVsZXMuRXh0cmFjdFRleHQsIE1pY3Jvc29mdC5WaXN1YWxTdHVkaW8uUXVhbGl0eVRvb2xzLldlYlRlc3RGcmFtZXdvcmssIFZlcnNpb249MTAuMC4wLjAsIEN1bHR1cmU9bmV1dHJhbCwgUHVibGljS2V5VG9rZW49YjAzZjVmN2YxMWQ1MGEzYSIgVmFyaWFibGVOYW1lPSJGb3JtUG9zdFBhcmFtNDYuTVNPU1BXZWJQYXJ0TWFuYWdlcl9FeGl0aW5nRGVzaWduTW9kZSIgRGlzcGxheU5hbWU9IiIgRGVzY3JpcHRpb249IiI+DQogICAgICAgICAgPFJ1bGVQYXJhbWV0ZXJzPg0KICAgICAgICAgICAgPFJ1bGVQYXJhbWV0ZXIgTmFtZT0iU3RhcnRzV2l0aCIgVmFsdWU9Imx1ZT0mcXVvdDsiIC8+DQogICAgICAgICAgICA8UnVsZVBhcmFtZXRlciBOYW1lPSJFbmRzV2l0aCIgVmFsdWU9IiZxdW90OyAvJmd0OyYjeEQ7IiAvPg0KICAgICAgICAgICAgPFJ1bGVQYXJhbWV0ZXIgTmFtZT0iSW5kZXgiIFZhbHVlPSIxMyIgLz4NCiAgICAgICAgICAgIDxSdWxlUGFyYW1ldGVyIE5hbWU9Iklnbm9yZUNhc2UiIFZhbHVlPSJGYWxzZSIgLz4NCiAgICAgICAgICAgIDxSdWxlUGFyYW1ldGVyIE5hbWU9IlVzZVJlZ3VsYXJFeHByZXNzaW9uIiBWYWx1ZT0iRmFsc2UiIC8+DQogICAgICAgICAgICA8UnVsZVBhcmFtZXRlciBOYW1lPSJIdG1sRGVjb2RlIiBWYWx1ZT0iVHJ1ZSIgLz4NCiAgICAgICAgICAgIDxSdWxlUGFyYW1ldGVyIE5hbWU9IlJlcXVpcmVkIiBWYWx1ZT0iRmFsc2UiIC8+DQogICAgICAgICAgPC9SdWxlUGFyYW1ldGVycz4NCiAgICAgICAgPC9FeHRyYWN0aW9uUnVsZT4NCiAgICAgICAgPEV4dHJhY3Rpb25SdWxlIENsYXNzbmFtZT0iTWljcm9zb2Z0LlZpc3VhbFN0dWRpby5UZXN0VG9vbHMuV2ViVGVzdGluZy5SdWxlcy5FeHRyYWN0VGV4dCwgTWljcm9zb2Z0LlZpc3VhbFN0dWRpby5RdWFsaXR5VG9vbHMuV2ViVGVzdEZyYW1ld29yaywgVmVyc2lvbj0xMC4wLjAuMCwgQ3VsdHVyZT1uZXV0cmFsLCBQdWJsaWNLZXlUb2tlbj1iMDNmNWY3ZjExZDUwYTNhIiBWYXJpYWJsZU5hbWU9IkZvcm1Qb3N0UGFyYW00Ny5fd3BTZWxlY3RlZCIgRGlzcGxheU5hbWU9IiIgRGVzY3JpcHRpb249IiI+DQogICAgICAgICAgPFJ1bGVQYXJhbWV0ZXJzPg0KICAgICAgICAgICAgPFJ1bGVQYXJhbWV0ZXIgTmFtZT0iU3RhcnRzV2l0aCIgVmFsdWU9Imx1ZT0mcXVvdDsiIC8+DQogICAgICAgICAgICA8UnVsZVBhcmFtZXRlciBOYW1lPSJFbmRzV2l0aCIgVmFsdWU9IiZxdW90OyAvJmd0OyYjeEQ7IiAvPg0KICAgICAgICAgICAgPFJ1bGVQYXJhbWV0ZXIgTmFtZT0iSW5kZXgiIFZhbHVlPSIxNyIgLz4NCiAgICAgICAgICAgIDxSdWxlUGFyYW1ldGVyIE5hbWU9Iklnbm9yZUNhc2UiIFZhbHVlPSJGYWxzZSIgLz4NCiAgICAgICAgICAgIDxSdWxlUGFyYW1ldGVyIE5hbWU9IlVzZVJlZ3VsYXJFeHByZXNzaW9uIiBWYWx1ZT0iRmFsc2UiIC8+DQogICAgICAgICAgICA8UnVsZVBhcmFtZXRlciBOYW1lPSJIdG1sRGVjb2RlIiBWYWx1ZT0iVHJ1ZSIgLz4NCiAgICAgICAgICAgIDxSdWxlUGFyYW1ldGVyIE5hbWU9IlJlcXVpcmVkIiBWYWx1ZT0iRmFsc2UiIC8+DQogICAgICAgICAgPC9SdWxlUGFyYW1ldGVycz4NCiAgICAgICAgPC9FeHRyYWN0aW9uUnVsZT4NCiAgICAgICAgPEV4dHJhY3Rpb25SdWxlIENsYXNzbmFtZT0iTWljcm9zb2Z0LlZpc3VhbFN0dWRpby5UZXN0VG9vbHMuV2ViVGVzdGluZy5SdWxlcy5FeHRyYWN0VGV4dCwgTWljcm9zb2Z0LlZpc3VhbFN0dWRpby5RdWFsaXR5VG9vbHMuV2ViVGVzdEZyYW1ld29yaywgVmVyc2lvbj0xMC4wLjAuMCwgQ3VsdHVyZT1uZXV0cmFsLCBQdWJsaWNLZXlUb2tlbj1iMDNmNWY3ZjExZDUwYTNhIiBWYXJpYWJsZU5hbWU9IkZvcm1Qb3N0UGFyYW00OC5NU09TUFdlYlBhcnRNYW5hZ2VyX09sZERpc3BsYXlNb2RlTmFtZSIgRGlzcGxheU5hbWU9IiIgRGVzY3JpcHRpb249IiI+DQogICAgICAgICAgPFJ1bGVQYXJhbWV0ZXJzPg0KICAgICAgICAgICAgPFJ1bGVQYXJhbWV0ZXIgTmFtZT0iU3RhcnRzV2l0aCIgVmFsdWU9Imx1ZT0mcXVvdDsiIC8+DQogICAgICAgICAgICA8UnVsZVBhcmFtZXRlciBOYW1lPSJFbmRzV2l0aCIgVmFsdWU9IiZxdW90OyAvJmd0OyYjeEQ7IiAvPg0KICAgICAgICAgICAgPFJ1bGVQYXJhbWV0ZXIgTmFtZT0iSW5kZXgiIFZhbHVlPSIxMiIgLz4NCiAgICAgICAgICAgIDxSdWxlUGFyYW1ldGVyIE5hbWU9Iklnbm9yZUNhc2UiIFZhbHVlPSJGYWxzZSIgLz4NCiAgICAgICAgICAgIDxSdWxlUGFyYW1ldGVyIE5hbWU9IlVzZVJlZ3VsYXJFeHByZXNzaW9uIiBWYWx1ZT0iRmFsc2UiIC8+DQogICAgICAgICAgICA8UnVsZVBhcmFtZXRlciBOYW1lPSJIdG1sRGVjb2RlIiBWYWx1ZT0iVHJ1ZSIgLz4NCiAgICAgICAgICAgIDxSdWxlUGFyYW1ldGVyIE5hbWU9IlJlcXVpcmVkIiBWYWx1ZT0iRmFsc2UiIC8+DQogICAgICAgICAgPC9SdWxlUGFyYW1ldGVycz4NCiAgICAgICAgPC9FeHRyYWN0aW9uUnVsZT4NCiAgICAgICAgPEV4dHJhY3Rpb25SdWxlIENsYXNzbmFtZT0iTWljcm9zb2Z0LlZpc3VhbFN0dWRpby5UZXN0VG9vbHMuV2ViVGVzdGluZy5SdWxlcy5FeHRyYWN0VGV4dCwgTWljcm9zb2Z0LlZpc3VhbFN0dWRpby5RdWFsaXR5VG9vbHMuV2ViVGVzdEZyYW1ld29yaywgVmVyc2lvbj0xMC4wLjAuMCwgQ3VsdHVyZT1uZXV0cmFsLCBQdWJsaWNLZXlUb2tlbj1iMDNmNWY3ZjExZDUwYTNhIiBWYXJpYWJsZU5hbWU9IkZvcm1Qb3N0UGFyYW00OS5NU09TUFdlYlBhcnRNYW5hZ2VyX1N0YXJ0V2ViUGFydEVkaXRpbmdOYW1lIiBEaXNwbGF5TmFtZT0iIiBEZXNjcmlwdGlvbj0iIj4NCiAgICAgICAgICA8UnVsZVBhcmFtZXRlcnM+DQogICAgICAgICAgICA8UnVsZVBhcmFtZXRlciBOYW1lPSJTdGFydHNXaXRoIiBWYWx1ZT0ibHVlPSZxdW90OyIgLz4NCiAgICAgICAgICAgIDxSdWxlUGFyYW1ldGVyIE5hbWU9IkVuZHNXaXRoIiBWYWx1ZT0iJnF1b3Q7IC8mZ3Q7JiN4RDsiIC8+DQogICAgICAgICAgICA8UnVsZVBhcmFtZXRlciBOYW1lPSJJbmRleCIgVmFsdWU9IjEzIiAvPg0KICAgICAgICAgICAgPFJ1bGVQYXJhbWV0ZXIgTmFtZT0iSWdub3JlQ2FzZSIgVmFsdWU9IkZhbHNlIiAvPg0KICAgICAgICAgICAgPFJ1bGVQYXJhbWV0ZXIgTmFtZT0iVXNlUmVndWxhckV4cHJlc3Npb24iIFZhbHVlPSJGYWxzZSIgLz4NCiAgICAgICAgICAgIDxSdWxlUGFyYW1ldGVyIE5hbWU9Ikh0bWxEZWNvZGUiIFZhbHVlPSJUcnVlIiAvPg0KICAgICAgICAgICAgPFJ1bGVQYXJhbWV0ZXIgTmFtZT0iUmVxdWlyZWQiIFZhbHVlPSJGYWxzZSIgLz4NCiAgICAgICAgICA8L1J1bGVQYXJhbWV0ZXJzPg0KICAgICAgICA8L0V4dHJhY3Rpb25SdWxlPg0KICAgICAgICA8RXh0cmFjdGlvblJ1bGUgQ2xhc3NuYW1lPSJNaWNyb3NvZnQuVmlzdWFsU3R1ZGlvLlRlc3RUb29scy5XZWJUZXN0aW5nLlJ1bGVzLkV4dHJhY3RUZXh0LCBNaWNyb3NvZnQuVmlzdWFsU3R1ZGlvLlF1YWxpdHlUb29scy5XZWJUZXN0RnJhbWV3b3JrLCBWZXJzaW9uPTEwLjAuMC4wLCBDdWx0dXJlPW5ldXRyYWwsIFB1YmxpY0tleVRva2VuPWIwM2Y1ZjdmMTFkNTBhM2EiIFZhcmlhYmxlTmFtZT0iRm9ybVBvc3RQYXJhbTUwLk1TT1NQV2ViUGFydE1hbmFnZXJfRW5kV2ViUGFydEVkaXRpbmciIERpc3BsYXlOYW1lPSIiIERlc2NyaXB0aW9uPSIiPg0KICAgICAgICAgIDxSdWxlUGFyYW1ldGVycz4NCiAgICAgICAgICAgIDxSdWxlUGFyYW1ldGVyIE5hbWU9IlN0YXJ0c1dpdGgiIFZhbHVlPSJsdWU9JnF1b3Q7IiAvPg0KICAgICAgICAgICAgPFJ1bGVQYXJhbWV0ZXIgTmFtZT0iRW5kc1dpdGgiIFZhbHVlPSImcXVvdDsgLyZndDsmI3hEOyIgLz4NCiAgICAgICAgICAgIDxSdWxlUGFyYW1ldGVyIE5hbWU9IkluZGV4IiBWYWx1ZT0iMTMiIC8+DQogICAgICAgICAgICA8UnVsZVBhcmFtZXRlciBOYW1lPSJJZ25vcmVDYXNlIiBWYWx1ZT0iRmFsc2UiIC8+DQogICAgICAgICAgICA8UnVsZVBhcmFtZXRlciBOYW1lPSJVc2VSZWd1bGFyRXhwcmVzc2lvbiIgVmFsdWU9IkZhbHNlIiAvPg0KICAgICAgICAgICAgPFJ1bGVQYXJhbWV0ZXIgTmFtZT0iSHRtbERlY29kZSIgVmFsdWU9IlRydWUiIC8+DQogICAgICAgICAgICA8UnVsZVBhcmFtZXRlciBOYW1lPSJSZXF1aXJlZCIgVmFsdWU9IkZhbHNlIiAvPg0KICAgICAgICAgIDwvUnVsZVBhcmFtZXRlcnM+DQogICAgICAgIDwvRXh0cmFjdGlvblJ1bGU+DQogICAgICAgIDxFeHRyYWN0aW9uUnVsZSBDbGFzc25hbWU9Ik1pY3Jvc29mdC5WaXN1YWxTdHVkaW8uVGVzdFRvb2xzLldlYlRlc3RpbmcuUnVsZXMuRXh0cmFjdFRleHQsIE1pY3Jvc29mdC5WaXN1YWxTdHVkaW8uUXVhbGl0eVRvb2xzLldlYlRlc3RGcmFtZXdvcmssIFZlcnNpb249MTAuMC4wLjAsIEN1bHR1cmU9bmV1dHJhbCwgUHVibGljS2V5VG9rZW49YjAzZjVmN2YxMWQ1MGEzYSIgVmFyaWFibGVOYW1lPSJGb3JtUG9zdFBhcmFtNTIuX19WSUVXU1RBVEVHRU5FUkFUT1IiIERpc3BsYXlOYW1lPSIiIERlc2NyaXB0aW9uPSIiPg0KICAgICAgICAgIDxSdWxlUGFyYW1ldGVycz4NCiAgICAgICAgICAgIDxSdWxlUGFyYW1ldGVyIE5hbWU9IlN0YXJ0c1dpdGgiIFZhbHVlPSJsdWU9JnF1b3Q7IiAvPg0KICAgICAgICAgICAgPFJ1bGVQYXJhbWV0ZXIgTmFtZT0iRW5kc1dpdGgiIFZhbHVlPSImcXVvdDsgLyZndDsmI3hEOyIgLz4NCiAgICAgICAgICAgIDxSdWxlUGFyYW1ldGVyIE5hbWU9IkluZGV4IiBWYWx1ZT0iMjQiIC8+DQogICAgICAgICAgICA8UnVsZVBhcmFtZXRlciBOYW1lPSJJZ25vcmVDYXNlIiBWYWx1ZT0iRmFsc2UiIC8+DQogICAgICAgICAgICA8UnVsZVBhcmFtZXRlciBOYW1lPSJVc2VSZWd1bGFyRXhwcmVzc2lvbiIgVmFsdWU9IkZhbHNlIiAvPg0KICAgICAgICAgICAgPFJ1bGVQYXJhbWV0ZXIgTmFtZT0iSHRtbERlY29kZSIgVmFsdWU9IlRydWUiIC8+DQogICAgICAgICAgICA8UnVsZVBhcmFtZXRlciBOYW1lPSJSZXF1aXJlZCIgVmFsdWU9IkZhbHNlIiAvPg0KICAgICAgICAgIDwvUnVsZVBhcmFtZXRlcnM+DQogICAgICAgIDwvRXh0cmFjdGlvblJ1bGU+DQogICAgICAgIDxFeHRyYWN0aW9uUnVsZSBDbGFzc25hbWU9Ik1pY3Jvc29mdC5WaXN1YWxTdHVkaW8uVGVzdFRvb2xzLldlYlRlc3RpbmcuUnVsZXMuRXh0cmFjdFRleHQsIE1pY3Jvc29mdC5WaXN1YWxTdHVkaW8uUXVhbGl0eVRvb2xzLldlYlRlc3RGcmFtZXdvcmssIFZlcnNpb249MTAuMC4wLjAsIEN1bHR1cmU9bmV1dHJhbCwgUHVibGljS2V5VG9rZW49YjAzZjVmN2YxMWQ1MGEzYSIgVmFyaWFibGVOYW1lPSJGb3JtUG9zdFBhcmFtNTQuY3RsMDAkY3RsNDQkY3RsMDQiIERpc3BsYXlOYW1lPSIiIERlc2NyaXB0aW9uPSIiPg0KICAgICAgICAgIDxSdWxlUGFyYW1ldGVycz4NCiAgICAgICAgICAgIDxSdWxlUGFyYW1ldGVyIE5hbWU9IlN0YXJ0c1dpdGgiIFZhbHVlPSJkID0gJnF1b3Q7IiAvPg0KICAgICAgICAgICAgPFJ1bGVQYXJhbWV0ZXIgTmFtZT0iRW5kc1dpdGgiIFZhbHVlPSImcXVvdDs7X3NwIiAvPg0KICAgICAgICAgICAgPFJ1bGVQYXJhbWV0ZXIgTmFtZT0iSW5kZXgiIFZhbHVlPSIwIiAvPg0KICAgICAgICAgICAgPFJ1bGVQYXJhbWV0ZXIgTmFtZT0iSWdub3JlQ2FzZSIgVmFsdWU9IkZhbHNlIiAvPg0KICAgICAgICAgICAgPFJ1bGVQYXJhbWV0ZXIgTmFtZT0iVXNlUmVndWxhckV4cHJlc3Npb24iIFZhbHVlPSJGYWxzZSIgLz4NCiAgICAgICAgICAgIDxSdWxlUGFyYW1ldGVyIE5hbWU9Ikh0bWxEZWNvZGUiIFZhbHVlPSJUcnVlIiAvPg0KICAgICAgICAgICAgPFJ1bGVQYXJhbWV0ZXIgTmFtZT0iUmVxdWlyZWQiIFZhbHVlPSJGYWxzZSIgLz4NCiAgICAgICAgICA8L1J1bGVQYXJhbWV0ZXJzPg0KICAgICAgICA8L0V4dHJhY3Rpb25SdWxlPg0KICAgICAgICA8RXh0cmFjdGlvblJ1bGUgQ2xhc3NuYW1lPSJNaWNyb3NvZnQuVmlzdWFsU3R1ZGlvLlRlc3RUb29scy5XZWJUZXN0aW5nLlJ1bGVzLkV4dHJhY3RUZXh0LCBNaWNyb3NvZnQuVmlzdWFsU3R1ZGlvLlF1YWxpdHlUb29scy5XZWJUZXN0RnJhbWV3b3JrLCBWZXJzaW9uPTEwLjAuMC4wLCBDdWx0dXJlPW5ldXRyYWwsIFB1YmxpY0tleVRva2VuPWIwM2Y1ZjdmMTFkNTBhM2EiIFZhcmlhYmxlTmFtZT0iRm9ybVBvc3RQYXJhbTU1LmN0bDAwJGN0bDQ0JGN0bDA0IiBEaXNwbGF5TmFtZT0iIiBEZXNjcmlwdGlvbj0iIj4NCiAgICAgICAgICA8UnVsZVBhcmFtZXRlcnM+DQogICAgICAgICAgICA8UnVsZVBhcmFtZXRlciBOYW1lPSJTdGFydHNXaXRoIiBWYWx1ZT0iZCA9ICZxdW90OyIgLz4NCiAgICAgICAgICAgIDxSdWxlUGFyYW1ldGVyIE5hbWU9IkVuZHNXaXRoIiBWYWx1ZT0iJnF1b3Q7O19zcCIgLz4NCiAgICAgICAgICAgIDxSdWxlUGFyYW1ldGVyIE5hbWU9IkluZGV4IiBWYWx1ZT0iMCIgLz4NCiAgICAgICAgICAgIDxSdWxlUGFyYW1ldGVyIE5hbWU9Iklnbm9yZUNhc2UiIFZhbHVlPSJGYWxzZSIgLz4NCiAgICAgICAgICAgIDxSdWxlUGFyYW1ldGVyIE5hbWU9IlVzZVJlZ3VsYXJFeHByZXNzaW9uIiBWYWx1ZT0iRmFsc2UiIC8+DQogICAgICAgICAgICA8UnVsZVBhcmFtZXRlciBOYW1lPSJIdG1sRGVjb2RlIiBWYWx1ZT0iVHJ1ZSIgLz4NCiAgICAgICAgICAgIDxSdWxlUGFyYW1ldGVyIE5hbWU9IlJlcXVpcmVkIiBWYWx1ZT0iRmFsc2UiIC8+DQogICAgICAgICAgPC9SdWxlUGFyYW1ldGVycz4NCiAgICAgICAgPC9FeHRyYWN0aW9uUnVsZT4NCiAgICAgIDwvQ29ycmVsYXRpb25FeHRyYWN0aW9uUnVsZXM+DQogICAgPC9SZXF1ZXN0Pg0KICAgIDxSZXF1ZXN0IE1ldGhvZD0iR0VUIiBHdWlkPSJiNDRhNTA5Ny1kMzFkLTQ2MzgtYmM4NS04ODdkODhhYTdmNDIiIFZlcnNpb249IjEuMSIgVXJsPSJodHRwczovL3NwLmNvcmRpc3NvbHV0aW9ucy5jb20vQXBwczAwL19sYXlvdXRzLzE1L2ZpbHRlci5hc3B4IiBUaGlua1RpbWU9IjEiIFRpbWVvdXQ9IjMwMCIgUGFyc2VEZXBlbmRlbnRSZXF1ZXN0cz0iVHJ1ZSIgRm9sbG93UmVkaXJlY3RzPSJUcnVlIiBSZWNvcmRSZXN1bHQ9IlRydWUiIENhY2hlPSJGYWxzZSIgUmVzcG9uc2VUaW1lR29hbD0iMCIgRW5jb2Rpbmc9InV0Zi04IiBFeHBlY3RlZEh0dHBTdGF0dXNDb2RlPSIwIiBFeHBlY3RlZFJlc3BvbnNlVXJsPSIiIFJlcG9ydGluZ05hbWU9IiIgSWdub3JlSHR0cFN0YXR1c0NvZGU9IkZhbHNlIj4NCiAgICAgIDxIZWFkZXJzPg0KICAgICAgICA8SGVhZGVyIE5hbWU9IlJlZmVyZXIiIFZhbHVlPSJodHRwczovL3NwLmNvcmRpc3NvbHV0aW9ucy5jb20vQXBwczAwL1NoYXJlZCUyMERvY3VtZW50cy9Gb3Jtcy9kZXRhaWwlMjBsaXN0JTIwd28lMjBmb2xkZXJzJTIwMDEuYXNweCIgLz4NCiAgICAgIDwvSGVhZGVycz4NCiAgICAgIDxRdWVyeVN0cmluZ1BhcmFtZXRlcnM+DQogICAgICAgIDxRdWVyeVN0cmluZ1BhcmFtZXRlciBOYW1lPSJMaXN0SWQiIFZhbHVlPSJ7RUQyODE5MkEtM0I2Ny00M0Q4LUJBOEEtRENDQTNBQ0U3RDBCfSIgUmVjb3JkZWRWYWx1ZT0ie0VEMjgxOTJBLTNCNjctNDNEOC1CQThBLURDQ0EzQUNFN0QwQn0iIENvcnJlbGF0aW9uQmluZGluZz0iIiBVcmxFbmNvZGU9IkZhbHNlIiBVc2VUb0dyb3VwUmVzdWx0cz0iRmFsc2UiIC8+DQogICAgICAgIDxRdWVyeVN0cmluZ1BhcmFtZXRlciBOYW1lPSJGaWVsZEludGVybmFsTmFtZSIgVmFsdWU9Ik1vZGlmaWVkIiBSZWNvcmRlZFZhbHVlPSJNb2RpZmllZCIgQ29ycmVsYXRpb25CaW5kaW5nPSIiIFVybEVuY29kZT0iRmFsc2UiIFVzZVRvR3JvdXBSZXN1bHRzPSJGYWxzZSIgLz4NCiAgICAgICAgPFF1ZXJ5U3RyaW5nUGFyYW1ldGVyIE5hbWU9IlZpZXdJZCIgVmFsdWU9IntCRkFDQTkxRi05M0YyLTQ2MzItQUIzOS1FRUU5MkE1RDA2QTJ9IiBSZWNvcmRlZFZhbHVlPSJ7QkZBQ0E5MUYtOTNGMi00NjMyLUFCMzktRUVFOTJBNUQwNkEyfSIgQ29ycmVsYXRpb25CaW5kaW5nPSIiIFVybEVuY29kZT0iRmFsc2UiIFVzZVRvR3JvdXBSZXN1bHRzPSJGYWxzZSIgLz4NCiAgICAgICAgPFF1ZXJ5U3RyaW5nUGFyYW1ldGVyIE5hbWU9IkZpbHRlck9ubHkiIFZhbHVlPSIxIiBSZWNvcmRlZFZhbHVlPSIxIiBDb3JyZWxhdGlvbkJpbmRpbmc9IiIgVXJsRW5jb2RlPSJGYWxzZSIgVXNlVG9Hcm91cFJlc3VsdHM9IkZhbHNlIiAvPg0KICAgICAgICA8UXVlcnlTdHJpbmdQYXJhbWV0ZXIgTmFtZT0iRmlsdGVyIiBWYWx1ZT0iMSIgUmVjb3JkZWRWYWx1ZT0iMSIgQ29ycmVsYXRpb25CaW5kaW5nPSIiIFVybEVuY29kZT0iRmFsc2UiIFVzZVRvR3JvdXBSZXN1bHRzPSJGYWxzZSIgLz4NCiAgICAgIDwvUXVlcnlTdHJpbmdQYXJhbWV0ZXJzPg0KICAgIDwvUmVxdWVzdD4NCiAgICA8UmVxdWVzdCBNZXRob2Q9IkdFVCIgR3VpZD0iMGY2ZmY3MDEtMmNkYi00MmFlLTk4NDMtZmYzN2EwMGE0OTBjIiBWZXJzaW9uPSIxLjEiIFVybD0iaHR0cHM6Ly9zcC5jb3JkaXNzb2x1dGlvbnMuY29tL19sYXlvdXRzL2JsYW5rLmh0bSIgVGhpbmtUaW1lPSIxIiBUaW1lb3V0PSIzMDAiIFBhcnNlRGVwZW5kZW50UmVxdWVzdHM9IlRydWUiIEZvbGxvd1JlZGlyZWN0cz0iVHJ1ZSIgUmVjb3JkUmVzdWx0PSJUcnVlIiBDYWNoZT0iRmFsc2UiIFJlc3BvbnNlVGltZUdvYWw9IjAiIEVuY29kaW5nPSJ1dGYtOCIgRXhwZWN0ZWRIdHRwU3RhdHVzQ29kZT0iMCIgRXhwZWN0ZWRSZXNwb25zZVVybD0iIiBSZXBvcnRpbmdOYW1lPSIiIElnbm9yZUh0dHBTdGF0dXNDb2RlPSJGYWxzZSI+DQogICAgICA8SGVhZGVycz4NCiAgICAgICAgPEhlYWRlciBOYW1lPSJSZWZlcmVyIiBWYWx1ZT0iaHR0cHM6Ly9zcC5jb3JkaXNzb2x1dGlvbnMuY29tL0FwcHMwMC9TaGFyZWQlMjBEb2N1bWVudHMvRm9ybXMvZGV0YWlsJTIwbGlzdCUyMHdvJTIwZm9sZGVycyUyMDAxLmFzcHgiIC8+DQogICAgICA8L0hlYWRlcnM+DQogICAgPC9SZXF1ZXN0Pg0KICAgIDxSZXF1ZXN0IE1ldGhvZD0iUE9TVCIgR3VpZD0iODk4ZGQxOGYtZjc3My00NTBkLTg3MTMtMTU1ZWMxMThjNjU2IiBWZXJzaW9uPSIxLjEiIFVybD0iaHR0cHM6Ly9zcC5jb3JkaXNzb2x1dGlvbnMuY29tL0FwcHMwMC9fbGF5b3V0cy8xNS9pbnBsdmlldy5hc3B4IiBUaGlua1RpbWU9IjAiIFRpbWVvdXQ9IjMwMCIgUGFyc2VEZXBlbmRlbnRSZXF1ZXN0cz0iVHJ1ZSIgRm9sbG93UmVkaXJlY3RzPSJUcnVlIiBSZWNvcmRSZXN1bHQ9IlRydWUiIENhY2hlPSJGYWxzZSIgUmVzcG9uc2VUaW1lR29hbD0iMCIgRW5jb2Rpbmc9InV0Zi04IiBFeHBlY3RlZEh0dHBTdGF0dXNDb2RlPSIwIiBFeHBlY3RlZFJlc3BvbnNlVXJsPSIiIFJlcG9ydGluZ05hbWU9IiIgSWdub3JlSHR0cFN0YXR1c0NvZGU9IkZhbHNlIj4NCiAgICAgIDxIZWFkZXJzPg0KICAgICAgICA8SGVhZGVyIE5hbWU9IlJlZmVyZXIiIFZhbHVlPSJodHRwczovL3NwLmNvcmRpc3NvbHV0aW9ucy5jb20vQXBwczAwL1NoYXJlZCUyMERvY3VtZW50cy9Gb3Jtcy9kZXRhaWwlMjBsaXN0JTIwd28lMjBmb2xkZXJzJTIwMDEuYXNweCIgLz4NCiAgICAgIDwvSGVhZGVycz4NCiAgICAgIDxRdWVyeVN0cmluZ1BhcmFtZXRlcnM+DQogICAgICAgIDxRdWVyeVN0cmluZ1BhcmFtZXRlciBOYW1lPSJMaXN0IiBWYWx1ZT0iJTdCRUQyODE5MkEtM0I2Ny00M0Q4LUJBOEEtRENDQTNBQ0U3RDBCJTdEIiBSZWNvcmRlZFZhbHVlPSIlN0JFRDI4MTkyQS0zQjY3LTQzRDgtQkE4QS1EQ0NBM0FDRTdEMEIlN0QiIENvcnJlbGF0aW9uQmluZGluZz0iIiBVcmxFbmNvZGU9IkZhbHNlIiBVc2VUb0dyb3VwUmVzdWx0cz0iRmFsc2UiIC8+DQogICAgICAgIDxRdWVyeVN0cmluZ1BhcmFtZXRlciBOYW1lPSJWaWV3IiBWYWx1ZT0iJTdCQkZBQ0E5MUYtOTNGMi00NjMyLUFCMzktRUVFOTJBNUQwNkEyJTdEIiBSZWNvcmRlZFZhbHVlPSIlN0JCRkFDQTkxRi05M0YyLTQ2MzItQUIzOS1FRUU5MkE1RDA2QTIlN0QiIENvcnJlbGF0aW9uQmluZGluZz0iIiBVcmxFbmNvZGU9IkZhbHNlIiBVc2VUb0dyb3VwUmVzdWx0cz0iRmFsc2UiIC8+DQogICAgICAgIDxRdWVyeVN0cmluZ1BhcmFtZXRlciBOYW1lPSJWaWV3Q291bnQiIFZhbHVlPSIwIiBSZWNvcmRlZFZhbHVlPSIwIiBDb3JyZWxhdGlvbkJpbmRpbmc9IiIgVXJsRW5jb2RlPSJGYWxzZSIgVXNlVG9Hcm91cFJlc3VsdHM9IkZhbHNlIiAvPg0KICAgICAgICA8UXVlcnlTdHJpbmdQYXJhbWV0ZXIgTmFtZT0iSXNYc2xWaWV3IiBWYWx1ZT0iVFJVRSIgUmVjb3JkZWRWYWx1ZT0iVFJVRSIgQ29ycmVsYXRpb25CaW5kaW5nPSIiIFVybEVuY29kZT0iRmFsc2UiIFVzZVRvR3JvdXBSZXN1bHRzPSJGYWxzZSIgLz4NCiAgICAgICAgPFF1ZXJ5U3RyaW5nUGFyYW1ldGVyIE5hbWU9IklzQ1NSIiBWYWx1ZT0iVFJVRSIgUmVjb3JkZWRWYWx1ZT0iVFJVRSIgQ29ycmVsYXRpb25CaW5kaW5nPSIiIFVybEVuY29kZT0iRmFsc2UiIFVzZVRvR3JvdXBSZXN1bHRzPSJGYWxzZSIgLz4NCiAgICAgICAgPFF1ZXJ5U3RyaW5nUGFyYW1ldGVyIE5hbWU9Ikxpc3RWaWV3UGFnZVVybCIgVmFsdWU9Imh0dHBzJTNBJTJGJTJGc3AuY29yZGlzc29sdXRpb25zLmNvbSUyRkFwcHMwMCUyRlNoYXJlZCUyNTIwRG9jdW1lbnRzJTJGRm9ybXMlMkZkZXRhaWwlMjUyMGxpc3QlMjUyMHdvJTI1MjBmb2xkZXJzJTI1MjAwMS5hc3B4IiBSZWNvcmRlZFZhbHVlPSJodHRwcyUzQSUyRiUyRnNwLmNvcmRpc3NvbHV0aW9ucy5jb20lMkZBcHBzMDAlMkZTaGFyZWQlMjUyMERvY3VtZW50cyUyRkZvcm1zJTJGZGV0YWlsJTI1MjBsaXN0JTI1MjB3byUyNTIwZm9sZGVycyUyNTIwMDEuYXNweCIgQ29ycmVsYXRpb25CaW5kaW5nPSIiIFVybEVuY29kZT0iRmFsc2UiIFVzZVRvR3JvdXBSZXN1bHRzPSJGYWxzZSIgLz4NCiAgICAgICAgPFF1ZXJ5U3RyaW5nUGFyYW1ldGVyIE5hbWU9IlNvcnRGaWVsZCIgVmFsdWU9Ik1vZGlmaWVkIiBSZWNvcmRlZFZhbHVlPSJNb2RpZmllZCIgQ29ycmVsYXRpb25CaW5kaW5nPSIiIFVybEVuY29kZT0iRmFsc2UiIFVzZVRvR3JvdXBSZXN1bHRzPSJGYWxzZSIgLz4NCiAgICAgICAgPFF1ZXJ5U3RyaW5nUGFyYW1ldGVyIE5hbWU9IlNvcnREaXIiIFZhbHVlPSJEZXNjIiBSZWNvcmRlZFZhbHVlPSJEZXNjIiBDb3JyZWxhdGlvbkJpbmRpbmc9IiIgVXJsRW5jb2RlPSJGYWxzZSIgVXNlVG9Hcm91cFJlc3VsdHM9IkZhbHNlIiAvPg0KICAgICAgPC9RdWVyeVN0cmluZ1BhcmFtZXRlcnM+DQogICAgICA8Rm9ybVBvc3RIdHRwQm9keSAvPg0KICAgIDwvUmVxdWVzdD4NCiAgICA8UmVxdWVzdCBNZXRob2Q9IkdFVCIgR3VpZD0iMDAxOGEzZTItM2Q5Zi00ZmMyLTkxODgtMTRhNjJkYjdmZTRkIiBWZXJzaW9uPSIxLjEiIFVybD0iaHR0cHM6Ly9zcC5jb3JkaXNzb2x1dGlvbnMuY29tL0FwcHMwMC9TaGFyZWQlMjBEb2N1bWVudHMvRm9ybXMvZGV0YWlsJTIwbGlzdCUyMHdvJTIwZm9sZGVycyUyMDAxLmFzcHgiIFRoaW5rVGltZT0iMyIgVGltZW91dD0iMzAwIiBQYXJzZURlcGVuZGVudFJlcXVlc3RzPSJUcnVlIiBGb2xsb3dSZWRpcmVjdHM9IlRydWUiIFJlY29yZFJlc3VsdD0iVHJ1ZSIgQ2FjaGU9IkZhbHNlIiBSZXNwb25zZVRpbWVHb2FsPSIwIiBFbmNvZGluZz0idXRmLTgiIEV4cGVjdGVkSHR0cFN0YXR1c0NvZGU9IjAiIEV4cGVjdGVkUmVzcG9uc2VVcmw9Imh0dHBzOi8vc3AuY29yZGlzc29sdXRpb25zLmNvbS9BcHBzMDAvU2hhcmVkJTIwRG9jdW1lbnRzL0Zvcm1zL2RldGFpbCUyMGxpc3QlMjB3byUyMGZvbGRlcnMlMjAwMS5hc3B4I0lucGx2aWV3SGFzaGJmYWNhOTFmLTkzZjItNDYzMi1hYjM5LWVlZTkyYTVkMDZhMj1Tb3J0RmllbGQlM0RNb2RpZmllZC1Tb3J0RGlyJTNERGVzYyIgUmVwb3J0aW5nTmFtZT0iIiBJZ25vcmVIdHRwU3RhdHVzQ29kZT0iRmFsc2UiIC8+DQogICAgPFJlcXVlc3QgTWV0aG9kPSJQT1NUIiBHdWlkPSJkZmFjMWFiMS0yZjVlLTRkMDktYWQxNS1hMTk0NjMyOGU3MTgiIFZlcnNpb249IjEuMSIgVXJsPSJodHRwczovL3NwLmNvcmRpc3NvbHV0aW9ucy5jb20vQXBwczAwL19sYXlvdXRzLzE1L2lucGx2aWV3LmFzcHgiIFRoaW5rVGltZT0iMCIgVGltZW91dD0iMzAwIiBQYXJzZURlcGVuZGVudFJlcXVlc3RzPSJUcnVlIiBGb2xsb3dSZWRpcmVjdHM9IlRydWUiIFJlY29yZFJlc3VsdD0iVHJ1ZSIgQ2FjaGU9IkZhbHNlIiBSZXNwb25zZVRpbWVHb2FsPSIwIiBFbmNvZGluZz0idXRmLTgiIEV4cGVjdGVkSHR0cFN0YXR1c0NvZGU9IjAiIEV4cGVjdGVkUmVzcG9uc2VVcmw9IiIgUmVwb3J0aW5nTmFtZT0iIiBJZ25vcmVIdHRwU3RhdHVzQ29kZT0iRmFsc2UiPg0KICAgICAgPEhlYWRlcnM+DQogICAgICAgIDxIZWFkZXIgTmFtZT0iUmVmZXJlciIgVmFsdWU9Imh0dHBzOi8vc3AuY29yZGlzc29sdXRpb25zLmNvbS9BcHBzMDAvU2hhcmVkJTIwRG9jdW1lbnRzL0Zvcm1zL2RldGFpbCUyMGxpc3QlMjB3byUyMGZvbGRlcnMlMjAwMS5hc3B4IiAvPg0KICAgICAgPC9IZWFkZXJzPg0KICAgICAgPENvcnJlbGF0aW9uRXh0cmFjdGlvblJ1bGVzPg0KICAgICAgICA8RXh0cmFjdGlvblJ1bGUgQ2xhc3NuYW1lPSJNaWNyb3NvZnQuVmlzdWFsU3R1ZGlvLlRlc3RUb29scy5XZWJUZXN0aW5nLlJ1bGVzLkV4dHJhY3RUZXh0LCBNaWNyb3NvZnQuVmlzdWFsU3R1ZGlvLlF1YWxpdHlUb29scy5XZWJUZXN0RnJhbWV3b3JrLCBWZXJzaW9uPTEwLjAuMC4wLCBDdWx0dXJlPW5ldXRyYWwsIFB1YmxpY0tleVRva2VuPWIwM2Y1ZjdmMTFkNTBhM2EiIFZhcmlhYmxlTmFtZT0iRm9ybVBvc3RQYXJhbTM4Lk1TT1RsUG5fVmlldyIgRGlzcGxheU5hbWU9IiIgRGVzY3JpcHRpb249IiI+DQogICAgICAgICAgPFJ1bGVQYXJhbWV0ZXJzPg0KICAgICAgICAgICAgPFJ1bGVQYXJhbWV0ZXIgTmFtZT0iU3RhcnRzV2l0aCIgVmFsdWU9ImluZz0mcXVvdDsiIC8+DQogICAgICAgICAgICA8UnVsZVBhcmFtZXRlciBOYW1lPSJFbmRzV2l0aCIgVmFsdWU9IiZxdW90OyBjZWwiIC8+DQogICAgICAgICAgICA8UnVsZVBhcmFtZXRlciBOYW1lPSJJbmRleCIgVmFsdWU9IjAiIC8+DQogICAgICAgICAgICA8UnVsZVBhcmFtZXRlciBOYW1lPSJJZ25vcmVDYXNlIiBWYWx1ZT0iRmFsc2UiIC8+DQogICAgICAgICAgICA8UnVsZVBhcmFtZXRlciBOYW1lPSJVc2VSZWd1bGFyRXhwcmVzc2lvbiIgVmFsdWU9IkZhbHNlIiAvPg0KICAgICAgICAgICAgPFJ1bGVQYXJhbWV0ZXIgTmFtZT0iSHRtbERlY29kZSIgVmFsdWU9IlRydWUiIC8+DQogICAgICAgICAgICA8UnVsZVBhcmFtZXRlciBOYW1lPSJSZXF1aXJlZCIgVmFsdWU9IkZhbHNlIiAvPg0KICAgICAgICAgIDwvUnVsZVBhcmFtZXRlcnM+DQogICAgICAgIDwvRXh0cmFjdGlvblJ1bGU+DQogICAgICAgIDxFeHRyYWN0aW9uUnVsZSBDbGFzc25hbWU9Ik1pY3Jvc29mdC5WaXN1YWxTdHVkaW8uVGVzdFRvb2xzLldlYlRlc3RpbmcuUnVsZXMuRXh0cmFjdFRleHQsIE1pY3Jvc29mdC5WaXN1YWxTdHVkaW8uUXVhbGl0eVRvb2xzLldlYlRlc3RGcmFtZXdvcmssIFZlcnNpb249MTAuMC4wLjAsIEN1bHR1cmU9bmV1dHJhbCwgUHVibGljS2V5VG9rZW49YjAzZjVmN2YxMWQ1MGEzYSIgVmFyaWFibGVOYW1lPSJGb3JtUG9zdFBhcmFtMzkuTVNPVGxQbl9CdXR0b24iIERpc3BsYXlOYW1lPSIiIERlc2NyaXB0aW9uPSIiPg0KICAgICAgICAgIDxSdWxlUGFyYW1ldGVycz4NCiAgICAgICAgICAgIDxSdWxlUGFyYW1ldGVyIE5hbWU9IlN0YXJ0c1dpdGgiIFZhbHVlPSJkaXI9JnF1b3Q7IiAvPg0KICAgICAgICAgICAgPFJ1bGVQYXJhbWV0ZXIgTmFtZT0iRW5kc1dpdGgiIFZhbHVlPSImcXVvdDsgb25tIiAvPg0KICAgICAgICAgICAgPFJ1bGVQYXJhbWV0ZXIgTmFtZT0iSW5kZXgiIFZhbHVlPSIwIiAvPg0KICAgICAgICAgICAgPFJ1bGVQYXJhbWV0ZXIgTmFtZT0iSWdub3JlQ2FzZSIgVmFsdWU9IkZhbHNlIiAvPg0KICAgICAgICAgICAgPFJ1bGVQYXJhbWV0ZXIgTmFtZT0iVXNlUmVndWxhckV4cHJlc3Npb24iIFZhbHVlPSJGYWxzZSIgLz4NCiAgICAgICAgICAgIDxSdWxlUGFyYW1ldGVyIE5hbWU9Ikh0bWxEZWNvZGUiIFZhbHVlPSJUcnVlIiAvPg0KICAgICAgICAgICAgPFJ1bGVQYXJhbWV0ZXIgTmFtZT0iUmVxdWlyZWQiIFZhbHVlPSJGYWxzZSIgLz4NCiAgICAgICAgICA8L1J1bGVQYXJhbWV0ZXJzPg0KICAgICAgICA8L0V4dHJhY3Rpb25SdWxlPg0KICAgICAgICA8RXh0cmFjdGlvblJ1bGUgQ2xhc3NuYW1lPSJNaWNyb3NvZnQuVmlzdWFsU3R1ZGlvLlRlc3RUb29scy5XZWJUZXN0aW5nLlJ1bGVzLkV4dHJhY3RUZXh0LCBNaWNyb3NvZnQuVmlzdWFsU3R1ZGlvLlF1YWxpdHlUb29scy5XZWJUZXN0RnJhbWV3b3JrLCBWZXJzaW9uPTEwLjAuMC4wLCBDdWx0dXJlPW5ldXRyYWwsIFB1YmxpY0tleVRva2VuPWIwM2Y1ZjdmMTFkNTBhM2EiIFZhcmlhYmxlTmFtZT0iRm9ybVBvc3RQYXJhbTQwLl9tYWludGFpbldvcmtzcGFjZVNjcm9sbFBvc2l0aW9uIiBEaXNwbGF5TmFtZT0iIiBEZXNjcmlwdGlvbj0iIj4NCiAgICAgICAgICA8UnVsZVBhcmFtZXRlcnM+DQogICAgICAgICAgICA8UnVsZVBhcmFtZXRlciBOYW1lPSJTdGFydHNXaXRoIiBWYWx1ZT0iaW5nPSZxdW90OyIgLz4NCiAgICAgICAgICAgIDxSdWxlUGFyYW1ldGVyIE5hbWU9IkVuZHNXaXRoIiBWYWx1ZT0iJnF1b3Q7IGNlbCIgLz4NCiAgICAgICAgICAgIDxSdWxlUGFyYW1ldGVyIE5hbWU9IkluZGV4IiBWYWx1ZT0iMCIgLz4NCiAgICAgICAgICAgIDxSdWxlUGFyYW1ldGVyIE5hbWU9Iklnbm9yZUNhc2UiIFZhbHVlPSJGYWxzZSIgLz4NCiAgICAgICAgICAgIDxSdWxlUGFyYW1ldGVyIE5hbWU9IlVzZVJlZ3VsYXJFeHByZXNzaW9uIiBWYWx1ZT0iRmFsc2UiIC8+DQogICAgICAgICAgICA8UnVsZVBhcmFtZXRlciBOYW1lPSJIdG1sRGVjb2RlIiBWYWx1ZT0iVHJ1ZSIgLz4NCiAgICAgICAgICAgIDxSdWxlUGFyYW1ldGVyIE5hbWU9IlJlcXVpcmVkIiBWYWx1ZT0iRmFsc2UiIC8+DQogICAgICAgICAgPC9SdWxlUGFyYW1ldGVycz4NCiAgICAgICAgPC9FeHRyYWN0aW9uUnVsZT4NCiAgICAgICAgPEV4dHJhY3Rpb25SdWxlIENsYXNzbmFtZT0iTWljcm9zb2Z0LlZpc3VhbFN0dWRpby5UZXN0VG9vbHMuV2ViVGVzdGluZy5SdWxlcy5FeHRyYWN0VGV4dCwgTWljcm9zb2Z0LlZpc3VhbFN0dWRpby5RdWFsaXR5VG9vbHMuV2ViVGVzdEZyYW1ld29yaywgVmVyc2lvbj0xMC4wLjAuMCwgQ3VsdHVyZT1uZXV0cmFsLCBQdWJsaWNLZXlUb2tlbj1iMDNmNWY3ZjExZDUwYTNhIiBWYXJpYWJsZU5hbWU9IkZvcm1Qb3N0UGFyYW00MS5fX1NDUk9MTFBPU0lUSU9OWCIgRGlzcGxheU5hbWU9IiIgRGVzY3JpcHRpb249IiI+DQogICAgICAgICAgPFJ1bGVQYXJhbWV0ZXJzPg0KICAgICAgICAgICAgPFJ1bGVQYXJhbWV0ZXIgTmFtZT0iU3RhcnRzV2l0aCIgVmFsdWU9ImluZz0mcXVvdDsiIC8+DQogICAgICAgICAgICA8UnVsZVBhcmFtZXRlciBOYW1lPSJFbmRzV2l0aCIgVmFsdWU9IiZxdW90OyBjZWwiIC8+DQogICAgICAgICAgICA8UnVsZVBhcmFtZXRlciBOYW1lPSJJbmRleCIgVmFsdWU9IjAiIC8+DQogICAgICAgICAgICA8UnVsZVBhcmFtZXRlciBOYW1lPSJJZ25vcmVDYXNlIiBWYWx1ZT0iRmFsc2UiIC8+DQogICAgICAgICAgICA8UnVsZVBhcmFtZXRlciBOYW1lPSJVc2VSZWd1bGFyRXhwcmVzc2lvbiIgVmFsdWU9IkZhbHNlIiAvPg0KICAgICAgICAgICAgPFJ1bGVQYXJhbWV0ZXIgTmFtZT0iSHRtbERlY29kZSIgVmFsdWU9IlRydWUiIC8+DQogICAgICAgICAgICA8UnVsZVBhcmFtZXRlciBOYW1lPSJSZXF1aXJlZCIgVmFsdWU9IkZhbHNlIiAvPg0KICAgICAgICAgIDwvUnVsZVBhcmFtZXRlcnM+DQogICAgICAgIDwvRXh0cmFjdGlvblJ1bGU+DQogICAgICAgIDxFeHRyYWN0aW9uUnVsZSBDbGFzc25hbWU9Ik1pY3Jvc29mdC5WaXN1YWxTdHVkaW8uVGVzdFRvb2xzLldlYlRlc3RpbmcuUnVsZXMuRXh0cmFjdFRleHQsIE1pY3Jvc29mdC5WaXN1YWxTdHVkaW8uUXVhbGl0eVRvb2xzLldlYlRlc3RGcmFtZXdvcmssIFZlcnNpb249MTAuMC4wLjAsIEN1bHR1cmU9bmV1dHJhbCwgUHVibGljS2V5VG9rZW49YjAzZjVmN2YxMWQ1MGEzYSIgVmFyaWFibGVOYW1lPSJGb3JtUG9zdFBhcmFtNDIuX19TQ1JPTExQT1NJVElPTlkiIERpc3BsYXlOYW1lPSIiIERlc2NyaXB0aW9uPSIiPg0KICAgICAgICAgIDxSdWxlUGFyYW1ldGVycz4NCiAgICAgICAgICAgIDxSdWxlUGFyYW1ldGVyIE5hbWU9IlN0YXJ0c1dpdGgiIFZhbHVlPSJpbmc9JnF1b3Q7IiAvPg0KICAgICAgICAgICAgPFJ1bGVQYXJhbWV0ZXIgTmFtZT0iRW5kc1dpdGgiIFZhbHVlPSImcXVvdDsgY2VsIiAvPg0KICAgICAgICAgICAgPFJ1bGVQYXJhbWV0ZXIgTmFtZT0iSW5kZXgiIFZhbHVlPSIwIiAvPg0KICAgICAgICAgICAgPFJ1bGVQYXJhbWV0ZXIgTmFtZT0iSWdub3JlQ2FzZSIgVmFsdWU9IkZhbHNlIiAvPg0KICAgICAgICAgICAgPFJ1bGVQYXJhbWV0ZXIgTmFtZT0iVXNlUmVndWxhckV4cHJlc3Npb24iIFZhbHVlPSJGYWxzZSIgLz4NCiAgICAgICAgICAgIDxSdWxlUGFyYW1ldGVyIE5hbWU9Ikh0bWxEZWNvZGUiIFZhbHVlPSJUcnVlIiAvPg0KICAgICAgICAgICAgPFJ1bGVQYXJhbWV0ZXIgTmFtZT0iUmVxdWlyZWQiIFZhbHVlPSJGYWxzZSIgLz4NCiAgICAgICAgICA8L1J1bGVQYXJhbWV0ZXJzPg0KICAgICAgICA8L0V4dHJhY3Rpb25SdWxlPg0KICAgICAgICA8RXh0cmFjdGlvblJ1bGUgQ2xhc3NuYW1lPSJNaWNyb3NvZnQuVmlzdWFsU3R1ZGlvLlRlc3RUb29scy5XZWJUZXN0aW5nLlJ1bGVzLkV4dHJhY3RUZXh0LCBNaWNyb3NvZnQuVmlzdWFsU3R1ZGlvLlF1YWxpdHlUb29scy5XZWJUZXN0RnJhbWV3b3JrLCBWZXJzaW9uPTEwLjAuMC4wLCBDdWx0dXJlPW5ldXRyYWwsIFB1YmxpY0tleVRva2VuPWIwM2Y1ZjdmMTFkNTBhM2EiIFZhcmlhYmxlTmFtZT0iUXVlcnlTdHJpbmdQYXJhbTc3OS5Tb3J0RmllbGQiIERpc3BsYXlOYW1lPSIiIERlc2NyaXB0aW9uPSIiPg0KICAgICAgICAgIDxSdWxlUGFyYW1ldGVycz4NCiAgICAgICAgICAgIDxSdWxlUGFyYW1ldGVyIE5hbWU9IlN0YXJ0c1dpdGgiIFZhbHVlPSI/U29ydEZpZWxkPSIgLz4NCiAgICAgICAgICAgIDxSdWxlUGFyYW1ldGVyIE5hbWU9IkVuZHNXaXRoIiBWYWx1ZT0iJmFtcDsiIC8+DQogICAgICAgICAgICA8UnVsZVBhcmFtZXRlciBOYW1lPSJJbmRleCIgVmFsdWU9IjAiIC8+DQogICAgICAgICAgICA8UnVsZVBhcmFtZXRlciBOYW1lPSJJZ25vcmVDYXNlIiBWYWx1ZT0iRmFsc2UiIC8+DQogICAgICAgICAgICA8UnVsZVBhcmFtZXRlciBOYW1lPSJVc2VSZWd1bGFyRXhwcmVzc2lvbiIgVmFsdWU9IkZhbHNlIiAvPg0KICAgICAgICAgICAgPFJ1bGVQYXJhbWV0ZXIgTmFtZT0iSHRtbERlY29kZSIgVmFsdWU9IlRydWUiIC8+DQogICAgICAgICAgICA8UnVsZVBhcmFtZXRlciBOYW1lPSJSZXF1aXJlZCIgVmFsdWU9IkZhbHNlIiAvPg0KICAgICAgICAgIDwvUnVsZVBhcmFtZXRlcnM+DQogICAgICAgIDwvRXh0cmFjdGlvblJ1bGU+DQogICAgICAgIDxFeHRyYWN0aW9uUnVsZSBDbGFzc25hbWU9Ik1pY3Jvc29mdC5WaXN1YWxTdHVkaW8uVGVzdFRvb2xzLldlYlRlc3RpbmcuUnVsZXMuRXh0cmFjdFRleHQsIE1pY3Jvc29mdC5WaXN1YWxTdHVkaW8uUXVhbGl0eVRvb2xzLldlYlRlc3RGcmFtZXdvcmssIFZlcnNpb249MTAuMC4wLjAsIEN1bHR1cmU9bmV1dHJhbCwgUHVibGljS2V5VG9rZW49YjAzZjVmN2YxMWQ1MGEzYSIgVmFyaWFibGVOYW1lPSJRdWVyeVN0cmluZ1BhcmFtNzgwLlNvcnREaXIiIERpc3BsYXlOYW1lPSIiIERlc2NyaXB0aW9uPSIiPg0KICAgICAgICAgIDxSdWxlUGFyYW1ldGVycz4NCiAgICAgICAgICAgIDxSdWxlUGFyYW1ldGVyIE5hbWU9IlN0YXJ0c1dpdGgiIFZhbHVlPSImYW1wO2FtcDtTb3J0RGlyPSIgLz4NCiAgICAgICAgICAgIDxSdWxlUGFyYW1ldGVyIE5hbWU9IkVuZHNXaXRoIiBWYWx1ZT0iJmFtcDsiIC8+DQogICAgICAgICAgICA8UnVsZVBhcmFtZXRlciBOYW1lPSJJbmRleCIgVmFsdWU9IjAiIC8+DQogICAgICAgICAgICA8UnVsZVBhcmFtZXRlciBOYW1lPSJJZ25vcmVDYXNlIiBWYWx1ZT0iRmFsc2UiIC8+DQogICAgICAgICAgICA8UnVsZVBhcmFtZXRlciBOYW1lPSJVc2VSZWd1bGFyRXhwcmVzc2lvbiIgVmFsdWU9IkZhbHNlIiAvPg0KICAgICAgICAgICAgPFJ1bGVQYXJhbWV0ZXIgTmFtZT0iSHRtbERlY29kZSIgVmFsdWU9IlRydWUiIC8+DQogICAgICAgICAgICA8UnVsZVBhcmFtZXRlciBOYW1lPSJSZXF1aXJlZCIgVmFsdWU9IkZhbHNlIiAvPg0KICAgICAgICAgIDwvUnVsZVBhcmFtZXRlcnM+DQogICAgICAgIDwvRXh0cmFjdGlvblJ1bGU+DQogICAgICA8L0NvcnJlbGF0aW9uRXh0cmFjdGlvblJ1bGVzPg0KICAgICAgPFF1ZXJ5U3RyaW5nUGFyYW1ldGVycz4NCiAgICAgICAgPFF1ZXJ5U3RyaW5nUGFyYW1ldGVyIE5hbWU9Ikxpc3QiIFZhbHVlPSIlN0JFRDI4MTkyQS0zQjY3LTQzRDgtQkE4QS1EQ0NBM0FDRTdEMEIlN0QiIFJlY29yZGVkVmFsdWU9IiU3QkVEMjgxOTJBLTNCNjctNDNEOC1CQThBLURDQ0EzQUNFN0QwQiU3RCIgQ29ycmVsYXRpb25CaW5kaW5nPSIiIFVybEVuY29kZT0iRmFsc2UiIFVzZVRvR3JvdXBSZXN1bHRzPSJGYWxzZSIgLz4NCiAgICAgICAgPFF1ZXJ5U3RyaW5nUGFyYW1ldGVyIE5hbWU9IlZpZXciIFZhbHVlPSIlN0JCRkFDQTkxRi05M0YyLTQ2MzItQUIzOS1FRUU5MkE1RDA2QTIlN0QiIFJlY29yZGVkVmFsdWU9IiU3QkJGQUNBOTFGLTkzRjItNDYzMi1BQjM5LUVFRTkyQTVEMDZBMiU3RCIgQ29ycmVsYXRpb25CaW5kaW5nPSIiIFVybEVuY29kZT0iRmFsc2UiIFVzZVRvR3JvdXBSZXN1bHRzPSJGYWxzZSIgLz4NCiAgICAgICAgPFF1ZXJ5U3RyaW5nUGFyYW1ldGVyIE5hbWU9IlZpZXdDb3VudCIgVmFsdWU9IjAiIFJlY29yZGVkVmFsdWU9IjAiIENvcnJlbGF0aW9uQmluZGluZz0iIiBVcmxFbmNvZGU9IkZhbHNlIiBVc2VUb0dyb3VwUmVzdWx0cz0iRmFsc2UiIC8+DQogICAgICAgIDxRdWVyeVN0cmluZ1BhcmFtZXRlciBOYW1lPSJJc1hzbFZpZXciIFZhbHVlPSJUUlVFIiBSZWNvcmRlZFZhbHVlPSJUUlVFIiBDb3JyZWxhdGlvbkJpbmRpbmc9IiIgVXJsRW5jb2RlPSJGYWxzZSIgVXNlVG9Hcm91cFJlc3VsdHM9IkZhbHNlIiAvPg0KICAgICAgICA8UXVlcnlTdHJpbmdQYXJhbWV0ZXIgTmFtZT0iSXNDU1IiIFZhbHVlPSJUUlVFIiBSZWNvcmRlZFZhbHVlPSJUUlVFIiBDb3JyZWxhdGlvbkJpbmRpbmc9IiIgVXJsRW5jb2RlPSJGYWxzZSIgVXNlVG9Hcm91cFJlc3VsdHM9IkZhbHNlIiAvPg0KICAgICAgICA8UXVlcnlTdHJpbmdQYXJhbWV0ZXIgTmFtZT0iTGlzdFZpZXdQYWdlVXJsIiBWYWx1ZT0iaHR0cHMlM0ElMkYlMkZzcC5jb3JkaXNzb2x1dGlvbnMuY29tJTJGQXBwczAwJTJGU2hhcmVkJTI1MjBEb2N1bWVudHMlMkZGb3JtcyUyRmRldGFpbCUyNTIwbGlzdCUyNTIwd28lMjUyMGZvbGRlcnMlMjUyMDAxLmFzcHgiIFJlY29yZGVkVmFsdWU9Imh0dHBzJTNBJTJGJTJGc3AuY29yZGlzc29sdXRpb25zLmNvbSUyRkFwcHMwMCUyRlNoYXJlZCUyNTIwRG9jdW1lbnRzJTJGRm9ybXMlMkZkZXRhaWwlMjUyMGxpc3QlMjUyMHdvJTI1MjBmb2xkZXJzJTI1MjAwMS5hc3B4IiBDb3JyZWxhdGlvbkJpbmRpbmc9IiIgVXJsRW5jb2RlPSJGYWxzZSIgVXNlVG9Hcm91cFJlc3VsdHM9IkZhbHNlIiAvPg0KICAgICAgICA8UXVlcnlTdHJpbmdQYXJhbWV0ZXIgTmFtZT0iSXNSaWJib24iIFZhbHVlPSJUUlVFIiBSZWNvcmRlZFZhbHVlPSJUUlVFIiBDb3JyZWxhdGlvbkJpbmRpbmc9IiIgVXJsRW5jb2RlPSJGYWxzZSIgVXNlVG9Hcm91cFJlc3VsdHM9IkZhbHNlIiAvPg0KICAgICAgICA8UXVlcnlTdHJpbmdQYXJhbWV0ZXIgTmFtZT0iQ21kIiBWYWx1ZT0iRWNiVmlldyIgUmVjb3JkZWRWYWx1ZT0iRWNiVmlldyIgQ29ycmVsYXRpb25CaW5kaW5nPSIiIFVybEVuY29kZT0iRmFsc2UiIFVzZVRvR3JvdXBSZXN1bHRzPSJGYWxzZSIgLz4NCiAgICAgICAgPFF1ZXJ5U3RyaW5nUGFyYW1ldGVyIE5hbWU9IlNvcnRGaWVsZCIgVmFsdWU9Ik1vZGlmaWVkIiBSZWNvcmRlZFZhbHVlPSJNb2RpZmllZCIgQ29ycmVsYXRpb25CaW5kaW5nPSIiIFVybEVuY29kZT0iRmFsc2UiIFVzZVRvR3JvdXBSZXN1bHRzPSJGYWxzZSIgLz4NCiAgICAgICAgPFF1ZXJ5U3RyaW5nUGFyYW1ldGVyIE5hbWU9IlNvcnREaXIiIFZhbHVlPSJEZXNjIiBSZWNvcmRlZFZhbHVlPSJEZXNjIiBDb3JyZWxhdGlvbkJpbmRpbmc9IiIgVXJsRW5jb2RlPSJGYWxzZSIgVXNlVG9Hcm91cFJlc3VsdHM9IkZhbHNlIiAvPg0KICAgICAgPC9RdWVyeVN0cmluZ1BhcmFtZXRlcnM+DQogICAgICA8Rm9ybVBvc3RIdHRwQm9keSAvPg0KICAgIDwvUmVxdWVzdD4NCiAgICA8UmVxdWVzdCBNZXRob2Q9IkdFVCIgR3VpZD0iNjQzOTg2YmEtYzU2Yy00NTBkLWJkYzAtNWZhNDI0MGUwZmMwIiBWZXJzaW9uPSIxLjEiIFVybD0iaHR0cHM6Ly9zcC5jb3JkaXNzb2x1dGlvbnMuY29tL0FwcHMwMC9fbGF5b3V0cy8xNS9jb21tYW5kdWkuYXNoeCIgVGhpbmtUaW1lPSIwIiBUaW1lb3V0PSIzMDAiIFBhcnNlRGVwZW5kZW50UmVxdWVzdHM9IlRydWUiIEZvbGxvd1JlZGlyZWN0cz0iVHJ1ZSIgUmVjb3JkUmVzdWx0PSJUcnVlIiBDYWNoZT0iRmFsc2UiIFJlc3BvbnNlVGltZUdvYWw9IjAiIEVuY29kaW5nPSJ1dGYtOCIgRXhwZWN0ZWRIdHRwU3RhdHVzQ29kZT0iMCIgRXhwZWN0ZWRSZXNwb25zZVVybD0iIiBSZXBvcnRpbmdOYW1lPSIiIElnbm9yZUh0dHBTdGF0dXNDb2RlPSJGYWxzZSI+DQogICAgICA8SGVhZGVycz4NCiAgICAgICAgPEhlYWRlciBOYW1lPSJYLVJlcXVlc3RlZC1XaXRoIiBWYWx1ZT0iWE1MSHR0cFJlcXVlc3QiIC8+DQogICAgICAgIDxIZWFkZXIgTmFtZT0iUmVmZXJlciIgVmFsdWU9Imh0dHBzOi8vc3AuY29yZGlzc29sdXRpb25zLmNvbS9BcHBzMDAvU2hhcmVkJTIwRG9jdW1lbnRzL0Zvcm1zL2RldGFpbCUyMGxpc3QlMjB3byUyMGZvbGRlcnMlMjAwMS5hc3B4IiAvPg0KICAgICAgPC9IZWFkZXJzPg0KICAgICAgPFF1ZXJ5U3RyaW5nUGFyYW1ldGVycz4NCiAgICAgICAgPFF1ZXJ5U3RyaW5nUGFyYW1ldGVyIE5hbWU9InZlciIgVmFsdWU9IjgyMzE1MzU1NiIgUmVjb3JkZWRWYWx1ZT0iODIzMTUzNTU2IiBDb3JyZWxhdGlvbkJpbmRpbmc9IiIgVXJsRW5jb2RlPSJGYWxzZSIgVXNlVG9Hcm91cFJlc3VsdHM9IkZhbHNlIiAvPg0KICAgICAgICA8UXVlcnlTdHJpbmdQYXJhbWV0ZXIgTmFtZT0ibGNpZCIgVmFsdWU9IjEwMzMiIFJlY29yZGVkVmFsdWU9IjEwMzMiIENvcnJlbGF0aW9uQmluZGluZz0iIiBVcmxFbmNvZGU9IkZhbHNlIiBVc2VUb0dyb3VwUmVzdWx0cz0iRmFsc2UiIC8+DQogICAgICAgIDxRdWVyeVN0cmluZ1BhcmFtZXRlciBOYW1lPSJxdCIgVmFsdWU9ImNvbW1hbmRoYW5kbGVycyIgUmVjb3JkZWRWYWx1ZT0iY29tbWFuZGhhbmRsZXJzIiBDb3JyZWxhdGlvbkJpbmRpbmc9IiIgVXJsRW5jb2RlPSJGYWxzZSIgVXNlVG9Hcm91cFJlc3VsdHM9IkZhbHNlIiAvPg0KICAgICAgPC9RdWVyeVN0cmluZ1BhcmFtZXRlcnM+DQogICAgPC9SZXF1ZXN0Pg0KICAgIDxSZXF1ZXN0IE1ldGhvZD0iUE9TVCIgR3VpZD0iMDliNzkxMTMtOWEzYy00ZjY2LWFhODYtMWJjOWQ0MTMwZDM5IiBWZXJzaW9uPSIxLjEiIFVybD0iaHR0cHM6Ly9zcC5jb3JkaXNzb2x1dGlvbnMuY29tL0FwcHMwMC9fbGF5b3V0cy8xNS9jb21tYW5kdWkuYXNoeCIgVGhpbmtUaW1lPSIwIiBUaW1lb3V0PSIzMDAiIFBhcnNlRGVwZW5kZW50UmVxdWVzdHM9IlRydWUiIEZvbGxvd1JlZGlyZWN0cz0iVHJ1ZSIgUmVjb3JkUmVzdWx0PSJUcnVlIiBDYWNoZT0iRmFsc2UiIFJlc3BvbnNlVGltZUdvYWw9IjAiIEVuY29kaW5nPSJ1dGYtOCIgRXhwZWN0ZWRIdHRwU3RhdHVzQ29kZT0iMCIgRXhwZWN0ZWRSZXNwb25zZVVybD0iIiBSZXBvcnRpbmdOYW1lPSIiIElnbm9yZUh0dHBTdGF0dXNDb2RlPSJGYWxzZSI+DQogICAgICA8SGVhZGVycz4NCiAgICAgICAgPEhlYWRlciBOYW1lPSJYLVJlcXVlc3RlZC1XaXRoIiBWYWx1ZT0iWE1MSHR0cFJlcXVlc3QiIC8+DQogICAgICAgIDxIZWFkZXIgTmFtZT0iUmVmZXJlciIgVmFsdWU9Imh0dHBzOi8vc3AuY29yZGlzc29sdXRpb25zLmNvbS9BcHBzMDAvU2hhcmVkJTIwRG9jdW1lbnRzL0Zvcm1zL2RldGFpbCUyMGxpc3QlMjB3byUyMGZvbGRlcnMlMjAwMS5hc3B4IiAvPg0KICAgICAgPC9IZWFkZXJzPg0KICAgICAgPFF1ZXJ5U3RyaW5nUGFyYW1ldGVycz4NCiAgICAgICAgPFF1ZXJ5U3RyaW5nUGFyYW1ldGVyIE5hbWU9InZlciIgVmFsdWU9IjgyMzE1MzU1NiIgUmVjb3JkZWRWYWx1ZT0iODIzMTUzNTU2IiBDb3JyZWxhdGlvbkJpbmRpbmc9IiIgVXJsRW5jb2RlPSJGYWxzZSIgVXNlVG9Hcm91cFJlc3VsdHM9IkZhbHNlIiAvPg0KICAgICAgICA8UXVlcnlTdHJpbmdQYXJhbWV0ZXIgTmFtZT0iaWQiIFZhbHVlPSJSaWJib24uUmVhZCIgUmVjb3JkZWRWYWx1ZT0iUmliYm9uLlJlYWQiIENvcnJlbGF0aW9uQmluZGluZz0iIiBVcmxFbmNvZGU9IkZhbHNlIiBVc2VUb0dyb3VwUmVzdWx0cz0iRmFsc2UiIC8+DQogICAgICAgIDxRdWVyeVN0cmluZ1BhcmFtZXRlciBOYW1lPSJsY2lkIiBWYWx1ZT0iMTAzMyIgUmVjb3JkZWRWYWx1ZT0iMTAzMyIgQ29ycmVsYXRpb25CaW5kaW5nPSIiIFVybEVuY29kZT0iRmFsc2UiIFVzZVRvR3JvdXBSZXN1bHRzPSJGYWxzZSIgLz4NCiAgICAgICAgPFF1ZXJ5U3RyaW5nUGFyYW1ldGVyIE5hbWU9InF0IiBWYWx1ZT0icmliYm9udmlzaWJsZXRhYmRlZXAiIFJlY29yZGVkVmFsdWU9InJpYmJvbnZpc2libGV0YWJkZWVwIiBDb3JyZWxhdGlvbkJpbmRpbmc9IiIgVXJsRW5jb2RlPSJGYWxzZSIgVXNlVG9Hcm91cFJlc3VsdHM9IkZhbHNlIiAvPg0KICAgICAgPC9RdWVyeVN0cmluZ1BhcmFtZXRlcnM+DQogICAgICA8Rm9ybVBvc3RIdHRwQm9keSAvPg0KICAgIDwvUmVxdWVzdD4NCiAgICA8UmVxdWVzdCBNZXRob2Q9IkdFVCIgR3VpZD0iMjQxMzRjYmMtYTg1NC00NTI5LThmMTYtMzYxZjQ0ZjBlOThlIiBWZXJzaW9uPSIxLjEiIFVybD0iaHR0cHM6Ly9zcC5jb3JkaXNzb2x1dGlvbnMuY29tL0FwcHMwMC9fbGF5b3V0cy8xNS90ZW5hbnRhcHBpbmZvLmFzaHgiIFRoaW5rVGltZT0iNSIgVGltZW91dD0iMzAwIiBQYXJzZURlcGVuZGVudFJlcXVlc3RzPSJUcnVlIiBGb2xsb3dSZWRpcmVjdHM9IlRydWUiIFJlY29yZFJlc3VsdD0iVHJ1ZSIgQ2FjaGU9IkZhbHNlIiBSZXNwb25zZVRpbWVHb2FsPSIwIiBFbmNvZGluZz0idXRmLTgiIEV4cGVjdGVkSHR0cFN0YXR1c0NvZGU9IjAiIEV4cGVjdGVkUmVzcG9uc2VVcmw9IiIgUmVwb3J0aW5nTmFtZT0iIiBJZ25vcmVIdHRwU3RhdHVzQ29kZT0iRmFsc2UiPg0KICAgICAgPEhlYWRlcnM+DQogICAgICAgIDxIZWFkZXIgTmFtZT0iUmVmZXJlciIgVmFsdWU9Imh0dHBzOi8vc3AuY29yZGlzc29sdXRpb25zLmNvbS9BcHBzMDAvU2hhcmVkJTIwRG9jdW1lbnRzL0Zvcm1zL2RldGFpbCUyMGxpc3QlMjB3byUyMGZvbGRlcnMlMjAwMS5hc3B4IiAvPg0KICAgICAgPC9IZWFkZXJzPg0KICAgICAgPFF1ZXJ5U3RyaW5nUGFyYW1ldGVycz4NCiAgICAgICAgPFF1ZXJ5U3RyaW5nUGFyYW1ldGVyIE5hbWU9ImV0YWciIFZhbHVlPSIwIiBSZWNvcmRlZFZhbHVlPSIwIiBDb3JyZWxhdGlvbkJpbmRpbmc9IiIgVXJsRW5jb2RlPSJGYWxzZSIgVXNlVG9Hcm91cFJlc3VsdHM9IkZhbHNlIiAvPg0KICAgICAgICA8UXVlcnlTdHJpbmdQYXJhbWV0ZXIgTmFtZT0ibGNpZCIgVmFsdWU9IjEwMzMiIFJlY29yZGVkVmFsdWU9IjEwMzMiIENvcnJlbGF0aW9uQmluZGluZz0iIiBVcmxFbmNvZGU9IkZhbHNlIiBVc2VUb0dyb3VwUmVzdWx0cz0iRmFsc2UiIC8+DQogICAgICA8L1F1ZXJ5U3RyaW5nUGFyYW1ldGVycz4NCiAgICA8L1JlcXVlc3Q+DQogICAgPFJlcXVlc3QgTWV0aG9kPSJQT1NUIiBHdWlkPSI0OWUyOWM0YS0yZWM5LTRjYWItYmMyYy1jZWE0Nzg3NDRjNzQiIFZlcnNpb249IjEuMSIgVXJsPSJodHRwczovL3NwLmNvcmRpc3NvbHV0aW9ucy5jb20vQXBwczAwL192dGlfYmluL2NsaWVudC5zdmMvUHJvY2Vzc1F1ZXJ5IiBUaGlua1RpbWU9IjAiIFRpbWVvdXQ9IjMwMCIgUGFyc2VEZXBlbmRlbnRSZXF1ZXN0cz0iVHJ1ZSIgRm9sbG93UmVkaXJlY3RzPSJUcnVlIiBSZWNvcmRSZXN1bHQ9IlRydWUiIENhY2hlPSJGYWxzZSIgUmVzcG9uc2VUaW1lR29hbD0iMCIgRW5jb2Rpbmc9InV0Zi04IiBFeHBlY3RlZEh0dHBTdGF0dXNDb2RlPSIwIiBFeHBlY3RlZFJlc3BvbnNlVXJsPSIiIFJlcG9ydGluZ05hbWU9IiIgSWdub3JlSHR0cFN0YXR1c0NvZGU9IkZhbHNlIj4NCiAgICAgIDxIZWFkZXJzPg0KICAgICAgICA8SGVhZGVyIE5hbWU9IlgtUmVxdWVzdGVkLVdpdGgiIFZhbHVlPSJYTUxIdHRwUmVxdWVzdCIgLz4NCiAgICAgICAgPEhlYWRlciBOYW1lPSJYLVJlcXVlc3REaWdlc3QiIFZhbHVlPSIweEI5MUFEREZDQjVFODZEMzY2NUUxMDc1MUJEOTRFRTIzNENEQ0MzOUNBQTNGNUY4NzFENTZFMjU5QTFGREM2MDVGMUU4RkYzQ0EzNjNCQTdCMTY3NUMzRDA1MjgzRTYwM0IyQkI3RDVFNjlDMENBQ0JGMzk2OUU5OEEzMzBFQUI3LDEzIEp1biAyMDE4IDExOjQxOjQ4IC0wMDAwIiAvPg0KICAgICAgICA8SGVhZGVyIE5hbWU9IlJlZmVyZXIiIFZhbHVlPSJodHRwczovL3NwLmNvcmRpc3NvbHV0aW9ucy5jb20vQXBwczAwL1NoYXJlZCUyMERvY3VtZW50cy9Gb3Jtcy9kZXRhaWwlMjBsaXN0JTIwd28lMjBmb2xkZXJzJTIwMDEuYXNweCIgLz4NCiAgICAgIDwvSGVhZGVycz4NCiAgICAgIDxTdHJpbmdIdHRwQm9keSBDb250ZW50VHlwZT0idGV4dC94bWwiIEluc2VydEJ5dGVPcmRlck1hcms9IkZhbHNlIj5QQUJTQUdVQWNRQjFBR1VBY3dCMEFDQUFlQUJ0QUd3QWJnQnpBRDBBSWdCb0FIUUFkQUJ3QURvQUx3QXZBSE1BWXdCb0FHVUFiUUJoQUhNQUxnQnRBR2tBWXdCeUFHOEFjd0J2QUdZQWRBQXVBR01BYndCdEFDOEFjd0JvQUdFQWNnQmxBSEFBYndCcEFHNEFkQUF2QUdNQWJBQnBBR1VBYmdCMEFIRUFkUUJsQUhJQWVRQXZBRElBTUFBd0FEa0FJZ0FnQUZNQVl3Qm9BR1VBYlFCaEFGWUFaUUJ5QUhNQWFRQnZBRzRBUFFBaUFERUFOUUF1QURBQUxnQXdBQzRBTUFBaUFDQUFUQUJwQUdJQWNnQmhBSElBZVFCV0FHVUFjZ0J6QUdrQWJ3QnVBRDBBSWdBeEFEWUFMZ0F3QUM0QU1BQXVBREFBSWdBZ0FFRUFjQUJ3QUd3QWFRQmpBR0VBZEFCcEFHOEFiZ0JPQUdFQWJRQmxBRDBBSWdCS0FHRUFkZ0JoQUhNQVl3QnlBR2tBY0FCMEFDQUFUQUJwQUdJQWNnQmhBSElBZVFBaUFENEFQQUJCQUdNQWRBQnBBRzhBYmdCekFENEFQQUJGQUhnQVl3QmxBSEFBZEFCcEFHOEFiZ0JJQUdFQWJnQmtBR3dBYVFCdUFHY0FVd0JqQUc4QWNBQmxBRk1BYVFCdEFIQUFiQUJsQUNBQVNRQmtBRDBBSWdBd0FDSUFQZ0E4QUU4QVlnQnFBR1VBWXdCMEFGQUFZUUIwQUdnQUlBQkpBR1FBUFFBaUFETUFJZ0FnQUU4QVlnQnFBR1VBWXdCMEFGQUFZUUIwQUdnQVNRQmtBRDBBSWdBeUFDSUFJQUF2QUQ0QVBBQlBBR0lBYWdCbEFHTUFkQUJRQUdFQWRBQm9BQ0FBU1FCa0FEMEFJZ0ExQUNJQUlBQlBBR0lBYWdCbEFHTUFkQUJRQUdFQWRBQm9BRWtBWkFBOUFDSUFOQUFpQUNBQUx3QStBRHdBVHdCaUFHb0FaUUJqQUhRQVVBQmhBSFFBYUFBZ0FFa0FaQUE5QUNJQU53QWlBQ0FBVHdCaUFHb0FaUUJqQUhRQVVBQmhBSFFBYUFCSkFHUUFQUUFpQURZQUlnQWdBQzhBUGdBOEFFOEFZZ0JxQUdVQVl3QjBBRkFBWVFCMEFHZ0FJQUJKQUdRQVBRQWlBRGtBSWdBZ0FFOEFZZ0JxQUdVQVl3QjBBRkFBWVFCMEFHZ0FTUUJrQUQwQUlnQTRBQ0lBSUFBdkFENEFQQUJQQUdJQWFnQmxBR01BZEFCUUFHRUFkQUJvQUNBQVNRQmtBRDBBSWdBeEFERUFJZ0FnQUU4QVlnQnFBR1VBWXdCMEFGQUFZUUIwQUdnQVNRQmtBRDBBSWdBeEFEQUFJZ0FnQUM4QVBnQThBRkVBZFFCbEFISUFlUUFnQUVrQVpBQTlBQ0lBTVFBeUFDSUFJQUJQQUdJQWFnQmxBR01BZEFCUUFHRUFkQUJvQUVrQVpBQTlBQ0lBTVFBd0FDSUFQZ0E4QUZFQWRRQmxBSElBZVFBZ0FGTUFaUUJzQUdVQVl3QjBBRUVBYkFCc0FGQUFjZ0J2QUhBQVpRQnlBSFFBYVFCbEFITUFQUUFpQUdZQVlRQnNBSE1BWlFBaUFENEFQQUJRQUhJQWJ3QndBR1VBY2dCMEFHa0FaUUJ6QUQ0QVBBQlFBSElBYndCd0FHVUFjZ0IwQUhrQUlBQk9BR0VBYlFCbEFEMEFJZ0JHQUdrQWJBQmxBRXdBWlFCaEFHWUFVZ0JsQUdZQUlnQWdBRk1BWXdCaEFHd0FZUUJ5QUZBQWNnQnZBSEFBWlFCeUFIUUFlUUE5QUNJQWRBQnlBSFVBWlFBaUFDQUFMd0ErQUR3QUx3QlFBSElBYndCd0FHVUFjZ0IwQUdrQVpRQnpBRDRBUEFBdkFGRUFkUUJsQUhJQWVRQStBRHdBTHdCUkFIVUFaUUJ5QUhrQVBnQThBRTBBWlFCMEFHZ0Fid0JrQUNBQVRnQmhBRzBBWlFBOUFDSUFVZ0JsQUdNQWVRQmpBR3dBWlFBaUFDQUFTUUJrQUQwQUlnQXhBRE1BSWdBZ0FFOEFZZ0JxQUdVQVl3QjBBRkFBWVFCMEFHZ0FTUUJrQUQwQUlnQXhBREFBSWdBZ0FDOEFQZ0E4QUM4QVJRQjRBR01BWlFCd0FIUUFhUUJ2QUc0QVNBQmhBRzRBWkFCc0FHa0FiZ0JuQUZNQVl3QnZBSEFBWlFCVEFHa0FiUUJ3QUd3QVpRQStBRHdBTHdCQkFHTUFkQUJwQUc4QWJnQnpBRDRBUEFCUEFHSUFhZ0JsQUdNQWRBQlFBR0VBZEFCb0FITUFQZ0E4QUZNQWRBQmhBSFFBYVFCakFGQUFjZ0J2QUhBQVpRQnlBSFFBZVFBZ0FFa0FaQUE5QUNJQU1nQWlBQ0FBVkFCNUFIQUFaUUJKQUdRQVBRQWlBSHNBTXdBM0FEUUFOd0JoQUdRQVl3QmtBQzBBWVFBekFHTUFNd0F0QURRQU1RQmlBRGtBTFFCaUFHWUFZUUJpQUMwQU5BQmhBRFlBTkFCa0FHUUFNZ0JtQURFQVpRQXdBR0VBZlFBaUFDQUFUZ0JoQUcwQVpRQTlBQ0lBUXdCMUFISUFjZ0JsQUc0QWRBQWlBQ0FBTHdBK0FEd0FVQUJ5QUc4QWNBQmxBSElBZEFCNUFDQUFTUUJrQUQwQUlnQTBBQ0lBSUFCUUFHRUFjZ0JsQUc0QWRBQkpBR1FBUFFBaUFESUFJZ0FnQUU0QVlRQnRBR1VBUFFBaUFGY0FaUUJpQUNJQUlBQXZBRDRBUEFCUUFISUFid0J3QUdVQWNnQjBBSGtBSUFCSkFHUUFQUUFpQURZQUlnQWdBRkFBWVFCeUFHVUFiZ0IwQUVrQVpBQTlBQ0lBTkFBaUFDQUFUZ0JoQUcwQVpRQTlBQ0lBVEFCcEFITUFkQUJ6QUNJQUlBQXZBRDRBUEFCTkFHVUFkQUJvQUc4QVpBQWdBRWtBWkFBOUFDSUFPQUFpQUNBQVVBQmhBSElBWlFCdUFIUUFTUUJrQUQwQUlnQTJBQ0lBSUFCT0FHRUFiUUJsQUQwQUlnQkhBR1VBZEFCQ0FIa0FTUUJrQUNJQVBnQThBRkFBWVFCeUFHRUFiUUJsQUhRQVpRQnlBSE1BUGdBOEFGQUFZUUJ5QUdFQWJRQmxBSFFBWlFCeUFDQUFWQUI1QUhBQVpRQTlBQ0lBVXdCMEFISUFhUUJ1QUdjQUlnQStBSHNBUlFCRUFESUFPQUF4QURrQU1nQkJBQzBBTXdCQ0FEWUFOd0F0QURRQU13QkVBRGdBTFFCQ0FFRUFPQUJCQUMwQVJBQkRBRU1BUVFBekFFRUFRd0JGQURjQVJBQXdBRUlBZlFBOEFDOEFVQUJoQUhJQVlRQnRBR1VBZEFCbEFISUFQZ0E4QUM4QVVBQmhBSElBWVFCdEFHVUFkQUJsQUhJQWN3QStBRHdBTHdCTkFHVUFkQUJvQUc4QVpBQStBRHdBVFFCbEFIUUFhQUJ2QUdRQUlBQkpBR1FBUFFBaUFERUFNQUFpQUNBQVVBQmhBSElBWlFCdUFIUUFTUUJrQUQwQUlnQTRBQ0lBSUFCT0FHRUFiUUJsQUQwQUlnQkhBR1VBZEFCSkFIUUFaUUJ0QUVJQWVRQkpBR1FBSWdBK0FEd0FVQUJoQUhJQVlRQnRBR1VBZEFCbEFISUFjd0ErQUR3QVVBQmhBSElBWVFCdEFHVUFkQUJsQUhJQUlBQlVBSGtBY0FCbEFEMEFJZ0JPQUhVQWJRQmlBR1VBY2dBaUFENEFNd0EwQURVQU53QThBQzhBVUFCaEFISUFZUUJ0QUdVQWRBQmxBSElBUGdBOEFDOEFVQUJoQUhJQVlRQnRBR1VBZEFCbEFISUFjd0ErQUR3QUx3Qk5BR1VBZEFCb0FHOEFaQUErQUR3QUx3QlBBR0lBYWdCbEFHTUFkQUJRQUdFQWRBQm9BSE1BUGdBOEFDOEFVZ0JsQUhFQWRRQmxBSE1BZEFBK0FBPT08L1N0cmluZ0h0dHBCb2R5Pg0KICAgIDwvUmVxdWVzdD4NCiAgICA8UmVxdWVzdCBNZXRob2Q9IkdFVCIgR3VpZD0iNTA1N2U1YzktYzliMi00MzFkLTkyMzItNDgzYWM2ZGZhZWFlIiBWZXJzaW9uPSIxLjEiIFVybD0iaHR0cHM6Ly9zcC5jb3JkaXNzb2x1dGlvbnMuY29tL0FwcHMwMC9TaGFyZWQlMjBEb2N1bWVudHMvRm9ybXMvZGV0YWlsJTIwbGlzdCUyMHdvJTIwZm9sZGVycyUyMDAxLmFzcHgiIFRoaW5rVGltZT0iMCIgVGltZW91dD0iMzAwIiBQYXJzZURlcGVuZGVudFJlcXVlc3RzPSJUcnVlIiBGb2xsb3dSZWRpcmVjdHM9IlRydWUiIFJlY29yZFJlc3VsdD0iVHJ1ZSIgQ2FjaGU9IkZhbHNlIiBSZXNwb25zZVRpbWVHb2FsPSIwIiBFbmNvZGluZz0idXRmLTgiIEV4cGVjdGVkSHR0cFN0YXR1c0NvZGU9IjAiIEV4cGVjdGVkUmVzcG9uc2VVcmw9Imh0dHBzOi8vc3AuY29yZGlzc29sdXRpb25zLmNvbS9BcHBzMDAvU2hhcmVkJTIwRG9jdW1lbnRzL0Zvcm1zL2RldGFpbCUyMGxpc3QlMjB3byUyMGZvbGRlcnMlMjAwMS5hc3B4P0luaXRpYWxUYWJJZD1SaWJib24lMkVSZWFkJmFtcDtWaXNpYmlsaXR5Q29udGV4dD1XU1NUYWJQZXJzaXN0ZW5jZSNJbnBsdmlld0hhc2hiZmFjYTkxZi05M2YyLTQ2MzItYWIzOS1lZWU5MmE1ZDA2YTI9U29ydEZpZWxkJTNETW9kaWZpZWQtU29ydERpciUzRERlc2MiIFJlcG9ydGluZ05hbWU9IiIgSWdub3JlSHR0cFN0YXR1c0NvZGU9IkZhbHNlIj4NCiAgICAgIDxRdWVyeVN0cmluZ1BhcmFtZXRlcnM+DQogICAgICAgIDxRdWVyeVN0cmluZ1BhcmFtZXRlciBOYW1lPSJJbml0aWFsVGFiSWQiIFZhbHVlPSJSaWJib24lMkVSZWFkIiBSZWNvcmRlZFZhbHVlPSJSaWJib24lMkVSZWFkIiBDb3JyZWxhdGlvbkJpbmRpbmc9Int7UXVlcnlTdHJpbmdQYXJhbTY3Ny5Jbml0aWFsVGFiSWR9fSIgVXJsRW5jb2RlPSJGYWxzZSIgVXNlVG9Hcm91cFJlc3VsdHM9IkZhbHNlIiAvPg0KICAgICAgICA8UXVlcnlTdHJpbmdQYXJhbWV0ZXIgTmFtZT0iVmlzaWJpbGl0eUNvbnRleHQiIFZhbHVlPSJXU1NUYWJQZXJzaXN0ZW5jZSIgUmVjb3JkZWRWYWx1ZT0iV1NTVGFiUGVyc2lzdGVuY2UiIENvcnJlbGF0aW9uQmluZGluZz0ie3tRdWVyeVN0cmluZ1BhcmFtNjc4LlZpc2liaWxpdHlDb250ZXh0fX0iIFVybEVuY29kZT0iRmFsc2UiIFVzZVRvR3JvdXBSZXN1bHRzPSJGYWxzZSIgLz4NCiAgICAgIDwvUXVlcnlTdHJpbmdQYXJhbWV0ZXJzPg0KICAgICAgPEZvcm1Qb3N0SHR0cEJvZHk+DQogICAgICAgIDxGb3JtUG9zdFBhcmFtZXRlciBOYW1lPSJfd3BjbVdwaWQiIFZhbHVlPSIiIFJlY29yZGVkVmFsdWU9IiIgQ29ycmVsYXRpb25CaW5kaW5nPSIiIFVybEVuY29kZT0iVHJ1ZSIgLz4NCiAgICAgICAgPEZvcm1Qb3N0UGFyYW1ldGVyIE5hbWU9IndwY21WYWwiIFZhbHVlPSIiIFJlY29yZGVkVmFsdWU9IiIgQ29ycmVsYXRpb25CaW5kaW5nPSIiIFVybEVuY29kZT0iVHJ1ZSIgLz4NCiAgICAgICAgPEZvcm1Qb3N0UGFyYW1ldGVyIE5hbWU9Ik1TT1dlYlBhcnRQYWdlX1Bvc3RiYWNrU291cmNlIiBWYWx1ZT0iIiBSZWNvcmRlZFZhbHVlPSIiIENvcnJlbGF0aW9uQmluZGluZz0iIiBVcmxFbmNvZGU9IlRydWUiIC8+DQogICAgICAgIDxGb3JtUG9zdFBhcmFtZXRlciBOYW1lPSJNU09UbFBuX1NlbGVjdGVkV3BJZCIgVmFsdWU9IiIgUmVjb3JkZWRWYWx1ZT0iIiBDb3JyZWxhdGlvbkJpbmRpbmc9IiIgVXJsRW5jb2RlPSJUcnVlIiAvPg0KICAgICAgICA8Rm9ybVBvc3RQYXJhbWV0ZXIgTmFtZT0iTVNPVGxQbl9WaWV3IiBWYWx1ZT0iMCIgUmVjb3JkZWRWYWx1ZT0iMCIgQ29ycmVsYXRpb25CaW5kaW5nPSJ7e0Zvcm1Qb3N0UGFyYW0zOC5NU09UbFBuX1ZpZXd9fSIgVXJsRW5jb2RlPSJUcnVlIiAvPg0KICAgICAgICA8Rm9ybVBvc3RQYXJhbWV0ZXIgTmFtZT0iTVNPVGxQbl9TaG93U2V0dGluZ3MiIFZhbHVlPSJGYWxzZSIgUmVjb3JkZWRWYWx1ZT0iRmFsc2UiIENvcnJlbGF0aW9uQmluZGluZz0ie3tGb3JtUG9zdFBhcmFtNDMuTVNPVGxQbl9TaG93U2V0dGluZ3N9fSIgVXJsRW5jb2RlPSJUcnVlIiAvPg0KICAgICAgICA8Rm9ybVBvc3RQYXJhbWV0ZXIgTmFtZT0iTVNPR2FsbGVyeV9TZWxlY3RlZExpYnJhcnkiIFZhbHVlPSIiIFJlY29yZGVkVmFsdWU9IiIgQ29ycmVsYXRpb25CaW5kaW5nPSIiIFVybEVuY29kZT0iVHJ1ZSIgLz4NCiAgICAgICAgPEZvcm1Qb3N0UGFyYW1ldGVyIE5hbWU9Ik1TT0dhbGxlcnlfRmlsdGVyU3RyaW5nIiBWYWx1ZT0iIiBSZWNvcmRlZFZhbHVlPSIiIENvcnJlbGF0aW9uQmluZGluZz0iIiBVcmxFbmNvZGU9IlRydWUiIC8+DQogICAgICAgIDxGb3JtUG9zdFBhcmFtZXRlciBOYW1lPSJNU09UbFBuX0J1dHRvbiIgVmFsdWU9Im5vbmUiIFJlY29yZGVkVmFsdWU9Im5vbmUiIENvcnJlbGF0aW9uQmluZGluZz0ie3tGb3JtUG9zdFBhcmFtMzkuTVNPVGxQbl9CdXR0b259fSIgVXJsRW5jb2RlPSJUcnVlIiAvPg0KICAgICAgICA8Rm9ybVBvc3RQYXJhbWV0ZXIgTmFtZT0iX19FVkVOVFRBUkdFVCIgVmFsdWU9IiIgUmVjb3JkZWRWYWx1ZT0iIiBDb3JyZWxhdGlvbkJpbmRpbmc9IiIgVXJsRW5jb2RlPSJUcnVlIiAvPg0KICAgICAgICA8Rm9ybVBvc3RQYXJhbWV0ZXIgTmFtZT0iX19FVkVOVEFSR1VNRU5UIiBWYWx1ZT0iIiBSZWNvcmRlZFZhbHVlPSIiIENvcnJlbGF0aW9uQmluZGluZz0iIiBVcmxFbmNvZGU9IlRydWUiIC8+DQogICAgICAgIDxGb3JtUG9zdFBhcmFtZXRlciBOYW1lPSJfX1JFUVVFU1RESUdFU1QiIFZhbHVlPSJ7e0Zvcm1Qb3N0UGFyYW00NC5fX1JFUVVFU1RESUdFU1R9fSIgUmVjb3JkZWRWYWx1ZT0iMHhCOTFBRERGQ0I1RTg2RDM2NjVFMTA3NTFCRDk0RUUyMzRDRENDMzlDQUEzRjVGODcxRDU2RTI1OUExRkRDNjA1RjFFOEZGM0NBMzYzQkE3QjE2NzVDM0QwNTI4M0U2MDNCMkJCN0Q1RTY5QzBDQUNCRjM5NjlFOThBMzMwRUFCNywxMyBKdW4gMjAxOCAxMTo0MTo0OCAtMDAwMCIgQ29ycmVsYXRpb25CaW5kaW5nPSJ7e0Zvcm1Qb3N0UGFyYW00NC5fX1JFUVVFU1RESUdFU1R9fSIgVXJsRW5jb2RlPSJUcnVlIiAvPg0KICAgICAgICA8Rm9ybVBvc3RQYXJhbWV0ZXIgTmFtZT0iTVNPU1BXZWJQYXJ0TWFuYWdlcl9EaXNwbGF5TW9kZU5hbWUiIFZhbHVlPSJCcm93c2UiIFJlY29yZGVkVmFsdWU9IkJyb3dzZSIgQ29ycmVsYXRpb25CaW5kaW5nPSJ7e0Zvcm1Qb3N0UGFyYW00NS5NU09TUFdlYlBhcnRNYW5hZ2VyX0Rpc3BsYXlNb2RlTmFtZX19IiBVcmxFbmNvZGU9IlRydWUiIC8+DQogICAgICAgIDxGb3JtUG9zdFBhcmFtZXRlciBOYW1lPSJNU09TUFdlYlBhcnRNYW5hZ2VyX0V4aXRpbmdEZXNpZ25Nb2RlIiBWYWx1ZT0iZmFsc2UiIFJlY29yZGVkVmFsdWU9ImZhbHNlIiBDb3JyZWxhdGlvbkJpbmRpbmc9Int7Rm9ybVBvc3RQYXJhbTQ2Lk1TT1NQV2ViUGFydE1hbmFnZXJfRXhpdGluZ0Rlc2lnbk1vZGV9fSIgVXJsRW5jb2RlPSJUcnVlIiAvPg0KICAgICAgICA8Rm9ybVBvc3RQYXJhbWV0ZXIgTmFtZT0iTVNPV2ViUGFydFBhZ2VfU2hhcmVkIiBWYWx1ZT0iIiBSZWNvcmRlZFZhbHVlPSIiIENvcnJlbGF0aW9uQmluZGluZz0iIiBVcmxFbmNvZGU9IlRydWUiIC8+DQogICAgICAgIDxGb3JtUG9zdFBhcmFtZXRlciBOYW1lPSJNU09MYXlvdXRfTGF5b3V0Q2hhbmdlcyIgVmFsdWU9IiIgUmVjb3JkZWRWYWx1ZT0iIiBDb3JyZWxhdGlvbkJpbmRpbmc9IiIgVXJsRW5jb2RlPSJUcnVlIiAvPg0KICAgICAgICA8Rm9ybVBvc3RQYXJhbWV0ZXIgTmFtZT0iTVNPTGF5b3V0X0luRGVzaWduTW9kZSIgVmFsdWU9IiIgUmVjb3JkZWRWYWx1ZT0iIiBDb3JyZWxhdGlvbkJpbmRpbmc9IiIgVXJsRW5jb2RlPSJUcnVlIiAvPg0KICAgICAgICA8Rm9ybVBvc3RQYXJhbWV0ZXIgTmFtZT0iX3dwU2VsZWN0ZWQiIFZhbHVlPSJNU09ab25lQ2VsbF9XZWJQYXJ0V1BRMiIgUmVjb3JkZWRWYWx1ZT0iTVNPWm9uZUNlbGxfV2ViUGFydFdQUTIiIENvcnJlbGF0aW9uQmluZGluZz0ie3tGb3JtUG9zdFBhcmFtNDcuX3dwU2VsZWN0ZWR9fSIgVXJsRW5jb2RlPSJUcnVlIiAvPg0KICAgICAgICA8Rm9ybVBvc3RQYXJhbWV0ZXIgTmFtZT0iX3d6U2VsZWN0ZWQiIFZhbHVlPSIiIFJlY29yZGVkVmFsdWU9IiIgQ29ycmVsYXRpb25CaW5kaW5nPSIiIFVybEVuY29kZT0iVHJ1ZSIgLz4NCiAgICAgICAgPEZvcm1Qb3N0UGFyYW1ldGVyIE5hbWU9Ik1TT1NQV2ViUGFydE1hbmFnZXJfT2xkRGlzcGxheU1vZGVOYW1lIiBWYWx1ZT0iQnJvd3NlIiBSZWNvcmRlZFZhbHVlPSJCcm93c2UiIENvcnJlbGF0aW9uQmluZGluZz0ie3tGb3JtUG9zdFBhcmFtNDguTVNPU1BXZWJQYXJ0TWFuYWdlcl9PbGREaXNwbGF5TW9kZU5hbWV9fSIgVXJsRW5jb2RlPSJUcnVlIiAvPg0KICAgICAgICA8Rm9ybVBvc3RQYXJhbWV0ZXIgTmFtZT0iTVNPU1BXZWJQYXJ0TWFuYWdlcl9TdGFydFdlYlBhcnRFZGl0aW5nTmFtZSIgVmFsdWU9ImZhbHNlIiBSZWNvcmRlZFZhbHVlPSJmYWxzZSIgQ29ycmVsYXRpb25CaW5kaW5nPSJ7e0Zvcm1Qb3N0UGFyYW00OS5NU09TUFdlYlBhcnRNYW5hZ2VyX1N0YXJ0V2ViUGFydEVkaXRpbmdOYW1lfX0iIFVybEVuY29kZT0iVHJ1ZSIgLz4NCiAgICAgICAgPEZvcm1Qb3N0UGFyYW1ldGVyIE5hbWU9Ik1TT1NQV2ViUGFydE1hbmFnZXJfRW5kV2ViUGFydEVkaXRpbmciIFZhbHVlPSJmYWxzZSIgUmVjb3JkZWRWYWx1ZT0iZmFsc2UiIENvcnJlbGF0aW9uQmluZGluZz0ie3tGb3JtUG9zdFBhcmFtNTAuTVNPU1BXZWJQYXJ0TWFuYWdlcl9FbmRXZWJQYXJ0RWRpdGluZ319IiBVcmxFbmNvZGU9IlRydWUiIC8+DQogICAgICAgIDxGb3JtUG9zdFBhcmFtZXRlciBOYW1lPSJfbWFpbnRhaW5Xb3Jrc3BhY2VTY3JvbGxQb3NpdGlvbiIgVmFsdWU9IjAiIFJlY29yZGVkVmFsdWU9IjAiIENvcnJlbGF0aW9uQmluZGluZz0ie3tGb3JtUG9zdFBhcmFtNDAuX21haW50YWluV29ya3NwYWNlU2Nyb2xsUG9zaXRpb259fSIgVXJsRW5jb2RlPSJUcnVlIiAvPg0KICAgICAgICA8Rm9ybVBvc3RQYXJhbWV0ZXIgTmFtZT0iX19WSUVXU1RBVEUiIFZhbHVlPSJ7e0Zvcm1Qb3N0UGFyYW01MS5fX1ZJRVdTVEFURX19IiBSZWNvcmRlZFZhbHVlPSIvd0VQRHdVSk1qSTRNelExT0RjMUQyUVdBbVlQWkJZQ0FnRVBaQllFQWdFUFpCWUNBaGtQWkJZQ0FnTVBaQllDQWdFUFpCWUNaZzhVS3dBR1pBVXVhSFIwY0hNNkx5OXpjQzVsZUdObGJITjFjSEJ2Y25RdWIzSm5PalEwTXk5dGVTOVFaWEp6YjI0dVlYTndlQVVqYUhSMGNITTZMeTl6Y0M1bGVHTmxiSE4xY0hCdmNuUXViM0puT2pRME15OXRlUzhGSHk5QmNIQnpNREF2WDJ4aGVXOTFkSE12TVRVdmJYbHpkV0p6TG1GemNIZ0ZzUUV2UVhCd2N6QXdMMTlzWVhsdmRYUnpMekUxTDNKbFoybHZibUZzYzJWMGJtY3VZWE53ZUQ5MGVYQmxQWFZ6WlhJbWMyOTFjbU5sUFdoMGRIQnpKVE5CSlRKR0pUSkdjM0FsTWtWamIzSmthWE56YjJ4MWRHbHZibk1sTWtWamIyMGxNa1pCY0hCek1EQWxNa1pUYUdGeVpXUWxNakJFYjJOMWJXVnVkSE1sTWtaR2IzSnRjeVV5Um1SbGRHRnBiQ1V5TUd4cGMzUWxNakIzYnlVeU1HWnZiR1JsY25NbE1qQXdNU1V5UldGemNIZ0ZoUUpvZEhSd2N6b3ZMM053TG1WNFkyVnNjM1Z3Y0c5eWRDNXZjbWM2TkRRekwyMTVMMTlzWVhsdmRYUnpMekUxTDBWa2FYUlFjbTltYVd4bExtRnpjSGcvVlhObGNsTmxkSFJwYm1kelVISnZkbWxrWlhJOU1qTTBZbVl3WldRbE1rUTNNR1JpSlRKRU5ERTFPQ1V5UkdFek16SWxNa1EwWkdaa05qZ3pZalF4TkRnbVVtVjBkWEp1VlhKc1BXaDBkSEJ6SlROQkpUSkdKVEpHYzNBbE1rVmpiM0prYVhOemIyeDFkR2x2Ym5NbE1rVmpiMjBsTWtaQmNIQnpNREFsTWtaVGFHRnlaV1FsTWpCRWIyTjFiV1Z1ZEhNbE1rWkdiM0p0Y3lVeVJtUmxkR0ZwYkNVeU1HeHBjM1FsTWpCM2J5VXlNR1p2YkdSbGNuTWxNakF3TVNVeVJXRnpjSGhrQWdjUFpCWUlBZ0VQWkJZQ0FnRVBaQllDQlNablgySm1ZV05oT1RGbVh6a3paakpmTkRZek1sOWhZak01WDJWbFpUa3lZVFZrTURaaE1oQVBGZ1llQzFCaGNtRnRWbUZzZFdWek12UUlBQUVBQUFELy8vLy9BUUFBQUFBQUFBQU1BZ0FBQUZoTmFXTnliM052Wm5RdVUyaGhjbVZRYjJsdWRDd2dWbVZ5YzJsdmJqMHhOaTR3TGpBdU1Dd2dRM1ZzZEhWeVpUMXVaWFYwY21Gc0xDQlFkV0pzYVdOTFpYbFViMnRsYmowM01XVTVZbU5sTVRFeFpUazBNamxqQlFFQUFBQTlUV2xqY205emIyWjBMbE5vWVhKbFVHOXBiblF1VjJWaVVHRnlkRkJoWjJWekxsQmhjbUZ0WlhSbGNrNWhiV1ZXWVd4MVpVaGhjMmgwWVdKc1pRRUFBQUFGWDJOdmJHd0RIRk41YzNSbGJTNURiMnhzWldOMGFXOXVjeTVJWVhOb2RHRmliR1VDQUFBQUNRTUFBQUFFQXdBQUFCeFRlWE4wWlcwdVEyOXNiR1ZqZEdsdmJuTXVTR0Z6YUhSaFlteGxCd0FBQUFwTWIyRmtSbUZqZEc5eUIxWmxjbk5wYjI0SVEyOXRjR0Z5WlhJUVNHRnphRU52WkdWUWNtOTJhV1JsY2doSVlYTm9VMmw2WlFSTFpYbHpCbFpoYkhWbGN3QUFBd01BQlFVTENCeFRlWE4wWlcwdVEyOXNiR1ZqZEdsdmJuTXVTVU52YlhCaGNtVnlKRk41YzNSbGJTNURiMnhzWldOMGFXOXVjeTVKU0dGemFFTnZaR1ZRY205MmFXUmxjZ2pzVVRnL0RRQUFBQW9LRVFBQUFBa0VBQUFBQ1FVQUFBQVFCQUFBQUFzQUFBQUdCZ0FBQUE5T2IwRnVibTkxYm1ObGJXVnVkSE1HQndBQUFBcEdhV3gwWlhKTWFXNXJCZ2dBQUFBTmFXUlFjbVZ6Ulc1aFlteGxaQVlKQUFBQUNXOXdaVzVmYldWdWRRWUtBQUFBQ2xObGJHVmpkR1ZrU1VRR0N3QUFBQkJrZG5SZmNISmxkbkJoWjJWa1lYUmhCZ3dBQUFBUlpIWjBYM04wWVhKMGNHOXphWFJwYjI0R0RRQUFBQlZQY0dWdVRXVnVkVXRsZVVGalkyVnpjMmxpYkdVR0RnQUFBQkJrZG5SZmJtVjRkSEJoWjJWa1lYUmhCZzhBQUFBVGMyVnNaV04wWDJSbGMyVnNaV04wWDJGc2JBWVFBQUFBRkU1dlFXNXViM1Z1WTJWdFpXNTBjMGh2ZDFSdkVBVUFBQUFMQUFBQUJoRUFBQUJUVkdobGNtVWdZWEpsSUc1dklHbDBaVzF6SUhSdklITm9iM2NnYVc0Z2RHaHBjeUIyYVdWM0lHOW1JSFJvWlNBaVUyaGhjbVZrSUVSdlkzVnRaVzUwY3lJZ1pHOWpkVzFsYm5RZ2JHbGljbUZ5ZVM0R0VnQUFBQUUvQmhNQUFBQWdVSEpsYzJWdVkyVWdaVzVoWW14bFpDQm1iM0lnZEdocGN5QmpiMngxYlc0R0ZBQUFBQWxQY0dWdUlFMWxiblVHRlFBQUFBSXRNUVlXQUFBQVVWQmhaMlZrUFZSU1ZVVW1VR0ZuWldSUWNtVjJQVlJTVlVVbWNGOUJjSEJzYVdOaGRHbHZiajBtY0Y5QmNIQnpYM2d3TURJd1gwTnZiblJsYm5SZmVEQXdNakJmVkhsd1pUMG1jRjlKUkQweU1RWVhBQUFBQUFZWUFBQUFMbFZ6WlNCVFNFbEdWQ3RGVGxSRlVpQjBieUJ2Y0dWdUlIUm9aU0J0Wlc1MUlDaHVaWGNnZDJsdVpHOTNLUzRHR1FBQUFFTlFZV2RsWkQxVVVsVkZKbkJmUVhCd2JHbGpZWFJwYjI0OUpuQmZRWEJ3YzE5NE1EQXlNRjlEYjI1MFpXNTBYM2d3TURJd1gxUjVjR1U5Sm5CZlNVUTlORFkyQmhvQUFBQWNVMlZzWldOMElHOXlJR1JsYzJWc1pXTjBJR0ZzYkNCcGRHVnRjd1liQUFBQUsxUnZJR0ZrWkNCaElHNWxkeUJwZEdWdExDQmpiR2xqYXlBaVRtVjNJaUJ2Y2lBaVZYQnNiMkZrSWk0TEhoQkdhV3gwWlhKUGNHVnlZWFJwYjI1ek1vMEZBQUVBQUFELy8vLy9BUUFBQUFBQUFBQUVBUUFBQUpNQ1UzbHpkR1Z0TGtOdmJHeGxZM1JwYjI1ekxrZGxibVZ5YVdNdVJHbGpkR2x2Ym1GeWVXQXlXMXRUZVhOMFpXMHVVM1J5YVc1bkxDQnRjMk52Y214cFlpd2dWbVZ5YzJsdmJqMDBMakF1TUM0d0xDQkRkV3gwZFhKbFBXNWxkWFJ5WVd3c0lGQjFZbXhwWTB0bGVWUnZhMlZ1UFdJM04yRTFZelUyTVRrek5HVXdPRGxkTEZ0TmFXTnliM052Wm5RdVUyaGhjbVZRYjJsdWRDNVhaV0pRWVhKMFVHRm5aWE11Um1sc2RHVnlUM0JsY21GMGFXOXVMQ0JOYVdOeWIzTnZablF1VTJoaGNtVlFiMmx1ZEN3Z1ZtVnljMmx2YmoweE5pNHdMakF1TUN3Z1EzVnNkSFZ5WlQxdVpYVjBjbUZzTENCUWRXSnNhV05MWlhsVWIydGxiajAzTVdVNVltTmxNVEV4WlRrME1qbGpYVjBEQUFBQUIxWmxjbk5wYjI0SVEyOXRjR0Z5WlhJSVNHRnphRk5wZW1VQUF3QUlrZ0ZUZVhOMFpXMHVRMjlzYkdWamRHbHZibk11UjJWdVpYSnBZeTVIWlc1bGNtbGpSWEYxWVd4cGRIbERiMjF3WVhKbGNtQXhXMXRUZVhOMFpXMHVVM1J5YVc1bkxDQnRjMk52Y214cFlpd2dWbVZ5YzJsdmJqMDBMakF1TUM0d0xDQkRkV3gwZFhKbFBXNWxkWFJ5WVd3c0lGQjFZbXhwWTB0bGVWUnZhMlZ1UFdJM04yRTFZelUyTVRrek5HVXdPRGxkWFFnQUFBQUFDUUlBQUFBQUFBQUFCQUlBQUFDU0FWTjVjM1JsYlM1RGIyeHNaV04wYVc5dWN5NUhaVzVsY21sakxrZGxibVZ5YVdORmNYVmhiR2wwZVVOdmJYQmhjbVZ5WURGYlcxTjVjM1JsYlM1VGRISnBibWNzSUcxelkyOXliR2xpTENCV1pYSnphVzl1UFRRdU1DNHdMakFzSUVOMWJIUjFjbVU5Ym1WMWRISmhiQ3dnVUhWaWJHbGpTMlY1Vkc5clpXNDlZamMzWVRWak5UWXhPVE0wWlRBNE9WMWRBQUFBQUFzZURGOTJhV1YzUTI5MWJuUmxjbVprWkJZQ0FnRVBaQllDWmc5a0ZnUm1EeFlHSGd4R1pXRjBkWEpsVTJOdmNHVUZCRk5wZEdVZUNFeHZZMkYwYVc5dUJTRk5hV055YjNOdlpuUXVVMmhoY21WUWIybHVkQzVUZEdGdVpHRnlaRTFsYm5VZUIwZHliM1Z3U1dRRkVGWnBaWGRUWld4bFkzUnZjazFsYm5Wa0FnRVBEeFlDSGdsQlkyTmxjM05MWlhrRkFWZGtaQUlGRDJRV0FnSUNEMlFXQkFJQkQyUVdBZ0lERDJRV0FtWVBaQllFQWdNUFpCWUlBZ0VQRmdZZUUwTnNhV1Z1ZEU5dVEyeHBZMnRUWTNKcGNIUUZlVVZ1YzNWeVpWTmpjbWx3ZEVaMWJtTW9KM05vWVhKcGJtY3Vhbk1uTENBblJHbHpjR3hoZVZOb1lYSmxaRmRwZEdoRWFXRnNiMmNuTENCbWRXNWpkR2x2YmlBb0tTQjdJRVJwYzNCc1lYbFRhR0Z5WldSWGFYUm9SR2xoYkc5bktDZGNkVEF3TW1aQmNIQnpNREJjZFRBd01tWW5LVHNnZlNrZUtFTnNhV1Z1ZEU5dVEyeHBZMnRUWTNKcGNIUkRiMjUwWVdsdWFXNW5VSEpsWm1sNFpXUlZjbXdGZVVWdWMzVnlaVk5qY21sd2RFWjFibU1vSjNOb1lYSnBibWN1YW5NbkxDQW5SR2x6Y0d4aGVWTm9ZWEpsWkZkcGRHaEVhV0ZzYjJjbkxDQm1kVzVqZEdsdmJpQW9LU0I3SUVScGMzQnNZWGxUYUdGeVpXUlhhWFJvUkdsaGJHOW5LQ2RjZFRBd01tWkJjSEJ6TURCY2RUQXdNbVluS1RzZ2ZTa2VHRU5zYVdWdWRFOXVRMnhwWTJ0T1lYWnBaMkYwWlZWeWJHUmtBZ1VQRmdJZUIxWnBjMmxpYkdWb1pBSUxEeFlDSHdwb1pBSVNEMlFXQW1ZUER4WUdIaHhRY21WMmFXOTFjMEYxZEdodmNtbHVaMGwwWlcxV1pYSnphVzl1WlI0YVVISmxkbWx2ZFhOQmRYUm9iM0pwYm1kSmRHVnRUM2R1WlhKbEhoeFFjbVYyYVc5MWMwRjFkR2h2Y21sdVowTnZiblJ5YjJ4TmIyUmxDeW1JQVUxcFkzSnZjMjltZEM1VGFHRnlaVkJ2YVc1MExsZGxZa052Ym5SeWIyeHpMbE5RUTI5dWRISnZiRTF2WkdVc0lFMXBZM0p2YzI5bWRDNVRhR0Z5WlZCdmFXNTBMQ0JXWlhKemFXOXVQVEUyTGpBdU1DNHdMQ0JEZFd4MGRYSmxQVzVsZFhSeVlXd3NJRkIxWW14cFkwdGxlVlJ2YTJWdVBUY3haVGxpWTJVeE1URmxPVFF5T1dNQVpHUUNCQThQRmdJZkJnVUJMMlJrQWdNUFpCWUNBZ0VQWkJZQ0FnRVBaQllHQWdFUER4WUVIZ1JmSVZOQ0FnSWVDRU56YzBOc1lYTnpCUmR0Y3kxd2NtOXRiM1JsWkVGamRHbHZia0oxZEhSdmJtUmtBZ01QWkJZQ1pnOFBGZ1FmRGdJQ0h3OEZGMjF6TFhCeWIyMXZkR1ZrUVdOMGFXOXVRblYwZEc5dVpHUUNCUThQRmdZZkR3VVhiWE10Y0hKdmJXOTBaV1JCWTNScGIyNUNkWFIwYjI0ZkRnSUNId3BvWkdRQ0R3OWtGZ0lDQVE5a0ZnSUNBUTg4S3dBRkFRQVBGZ0llRlZCaGNtVnVkRXhsZG1Wc2MwUnBjM0JzWVhsbFpHWmtaQUlURDJRV0FnSUJEMlFXQmdJSEQyUVdBZ0lERHc4V0FoOEthR1JrQWdrUFpCWUNBZ0VQRmdJZkNtaGtBZzBQRHhZQ0h3cG9aQllDQWdFUFpCWUNaZzlrRmdJQ0F3OWtGZ0lDQlE5a0ZnSUNBUTg4S3dBSkFRQVBGZ1FlRFZCaGRHaFRaWEJoY21GMGIzSUVDQjROVG1WMlpYSkZlSEJoYm1SbFpHZGtaQmdCQlJkamRHd3dNQ1JVYjNCT1lYWnBaMkYwYVc5dVRXVnVkUThQWkFVVVNHOXRaVnhCY0hCeklDWWdVSEp2WkhWamRITms2L05XZVBSLzloYVNuRG5oNXhCc1FtcFNxTGJlUWJBT1g4RDJBSkZSUlB3PSIgQ29ycmVsYXRpb25CaW5kaW5nPSJ7e0Zvcm1Qb3N0UGFyYW01MS5fX1ZJRVdTVEFURX19IiBVcmxFbmNvZGU9IlRydWUiIC8+DQogICAgICAgIDxGb3JtUG9zdFBhcmFtZXRlciBOYW1lPSJfX1ZJRVdTVEFURUdFTkVSQVRPUiIgVmFsdWU9IjA2RTJBRjE2IiBSZWNvcmRlZFZhbHVlPSIwNkUyQUYxNiIgQ29ycmVsYXRpb25CaW5kaW5nPSJ7e0Zvcm1Qb3N0UGFyYW01Mi5fX1ZJRVdTVEFURUdFTkVSQVRPUn19IiBVcmxFbmNvZGU9IlRydWUiIC8+DQogICAgICAgIDxGb3JtUG9zdFBhcmFtZXRlciBOYW1lPSJfX1NDUk9MTFBPU0lUSU9OWCIgVmFsdWU9IjAiIFJlY29yZGVkVmFsdWU9IjAiIENvcnJlbGF0aW9uQmluZGluZz0ie3tGb3JtUG9zdFBhcmFtNDEuX19TQ1JPTExQT1NJVElPTlh9fSIgVXJsRW5jb2RlPSJUcnVlIiAvPg0KICAgICAgICA8Rm9ybVBvc3RQYXJhbWV0ZXIgTmFtZT0iX19TQ1JPTExQT1NJVElPTlkiIFZhbHVlPSIwIiBSZWNvcmRlZFZhbHVlPSIwIiBDb3JyZWxhdGlvbkJpbmRpbmc9Int7Rm9ybVBvc3RQYXJhbTQyLl9fU0NST0xMUE9TSVRJT05ZfX0iIFVybEVuY29kZT0iVHJ1ZSIgLz4NCiAgICAgICAgPEZvcm1Qb3N0UGFyYW1ldGVyIE5hbWU9Il9fRVZFTlRWQUxJREFUSU9OIiBWYWx1ZT0ie3tGb3JtUG9zdFBhcmFtNTMuX19FVkVOVFZBTElEQVRJT059fSIgUmVjb3JkZWRWYWx1ZT0iL3dFZEFBT25EdUxaY3lUU2NIQ1h0RnZRb0dqUExtWHlZd0ErT2ZGYUc1QTJsejhuQ0xVZ0ZMcG5LT2p2QkFVMnRYbndEMHpyaXlUTk83MjN4V3JwRkxONFlSMlRSZ0I0Q2pBaTBzMGo2QXpranpKVGZRPT0iIENvcnJlbGF0aW9uQmluZGluZz0ie3tGb3JtUG9zdFBhcmFtNTMuX19FVkVOVFZBTElEQVRJT059fSIgVXJsRW5jb2RlPSJUcnVlIiAvPg0KICAgICAgICA8Rm9ybVBvc3RQYXJhbWV0ZXIgTmFtZT0iY3RsMDAkY3RsNDQkY3RsMDQiIFZhbHVlPSJSaWJib24uUmVhZCIgUmVjb3JkZWRWYWx1ZT0iUmliYm9uLlJlYWQiIENvcnJlbGF0aW9uQmluZGluZz0ie3tGb3JtUG9zdFBhcmFtNTQuY3RsMDAkY3RsNDQkY3RsMDR9fSIgVXJsRW5jb2RlPSJUcnVlIiAvPg0KICAgICAgPC9Gb3JtUG9zdEh0dHBCb2R5Pg0KICAgIDwvUmVxdWVzdD4NCiAgICA8UmVxdWVzdCBNZXRob2Q9IlBPU1QiIEd1aWQ9ImZkODQxZWRiLWVjNjUtNDEzYy04MWZmLWE4MjkwMWU0NGJhOSIgVmVyc2lvbj0iMS4xIiBVcmw9Imh0dHBzOi8vc3AuY29yZGlzc29sdXRpb25zLmNvbS9BcHBzMDAvU2hhcmVkJTIwRG9jdW1lbnRzL0Zvcm1zL2RldGFpbCUyMGxpc3QlMjB3byUyMGZvbGRlcnMlMjAwMS5hc3B4IiBUaGlua1RpbWU9IjAiIFRpbWVvdXQ9IjMwMCIgUGFyc2VEZXBlbmRlbnRSZXF1ZXN0cz0iVHJ1ZSIgRm9sbG93UmVkaXJlY3RzPSJUcnVlIiBSZWNvcmRSZXN1bHQ9IlRydWUiIENhY2hlPSJGYWxzZSIgUmVzcG9uc2VUaW1lR29hbD0iMCIgRW5jb2Rpbmc9InV0Zi04IiBFeHBlY3RlZEh0dHBTdGF0dXNDb2RlPSIwIiBFeHBlY3RlZFJlc3BvbnNlVXJsPSIiIFJlcG9ydGluZ05hbWU9IiIgSWdub3JlSHR0cFN0YXR1c0NvZGU9IkZhbHNlIj4NCiAgICAgIDxIZWFkZXJzPg0KICAgICAgICA8SGVhZGVyIE5hbWU9IlJlZmVyZXIiIFZhbHVlPSJodHRwczovL3NwLmNvcmRpc3NvbHV0aW9ucy5jb20vQXBwczAwL1NoYXJlZCUyMERvY3VtZW50cy9Gb3Jtcy9kZXRhaWwlMjBsaXN0JTIwd28lMjBmb2xkZXJzJTIwMDEuYXNweCIgLz4NCiAgICAgIDwvSGVhZGVycz4NCiAgICAgIDxRdWVyeVN0cmluZ1BhcmFtZXRlcnM+DQogICAgICAgIDxRdWVyeVN0cmluZ1BhcmFtZXRlciBOYW1lPSJJbml0aWFsVGFiSWQiIFZhbHVlPSJSaWJib24lMkVSZWFkIiBSZWNvcmRlZFZhbHVlPSJSaWJib24lMkVSZWFkIiBDb3JyZWxhdGlvbkJpbmRpbmc9Int7UXVlcnlTdHJpbmdQYXJhbTY5MS5Jbml0aWFsVGFiSWR9fSIgVXJsRW5jb2RlPSJGYWxzZSIgVXNlVG9Hcm91cFJlc3VsdHM9IkZhbHNlIiAvPg0KICAgICAgICA8UXVlcnlTdHJpbmdQYXJhbWV0ZXIgTmFtZT0iVmlzaWJpbGl0eUNvbnRleHQiIFZhbHVlPSJXU1NUYWJQZXJzaXN0ZW5jZSIgUmVjb3JkZWRWYWx1ZT0iV1NTVGFiUGVyc2lzdGVuY2UiIENvcnJlbGF0aW9uQmluZGluZz0ie3tRdWVyeVN0cmluZ1BhcmFtNjkyLlZpc2liaWxpdHlDb250ZXh0fX0iIFVybEVuY29kZT0iRmFsc2UiIFVzZVRvR3JvdXBSZXN1bHRzPSJGYWxzZSIgLz4NCiAgICAgIDwvUXVlcnlTdHJpbmdQYXJhbWV0ZXJzPg0KICAgICAgPEZvcm1Qb3N0SHR0cEJvZHk+DQogICAgICAgIDxGb3JtUG9zdFBhcmFtZXRlciBOYW1lPSJfd3BjbVdwaWQiIFZhbHVlPSJ7eyRISURERU4xLl93cGNtV3BpZH19IiBSZWNvcmRlZFZhbHVlPSIiIENvcnJlbGF0aW9uQmluZGluZz0iIiBVcmxFbmNvZGU9IlRydWUiIC8+DQogICAgICAgIDxGb3JtUG9zdFBhcmFtZXRlciBOYW1lPSJ3cGNtVmFsIiBWYWx1ZT0ie3skSElEREVOMS53cGNtVmFsfX0iIFJlY29yZGVkVmFsdWU9IiIgQ29ycmVsYXRpb25CaW5kaW5nPSIiIFVybEVuY29kZT0iVHJ1ZSIgLz4NCiAgICAgICAgPEZvcm1Qb3N0UGFyYW1ldGVyIE5hbWU9Ik1TT1dlYlBhcnRQYWdlX1Bvc3RiYWNrU291cmNlIiBWYWx1ZT0ie3skSElEREVOMS5NU09XZWJQYXJ0UGFnZV9Qb3N0YmFja1NvdXJjZX19IiBSZWNvcmRlZFZhbHVlPSIiIENvcnJlbGF0aW9uQmluZGluZz0iIiBVcmxFbmNvZGU9IlRydWUiIC8+DQogICAgICAgIDxGb3JtUG9zdFBhcmFtZXRlciBOYW1lPSJNU09UbFBuX1NlbGVjdGVkV3BJZCIgVmFsdWU9Int7JEhJRERFTjEuTVNPVGxQbl9TZWxlY3RlZFdwSWR9fSIgUmVjb3JkZWRWYWx1ZT0iIiBDb3JyZWxhdGlvbkJpbmRpbmc9IiIgVXJsRW5jb2RlPSJUcnVlIiAvPg0KICAgICAgICA8Rm9ybVBvc3RQYXJhbWV0ZXIgTmFtZT0iTVNPVGxQbl9WaWV3IiBWYWx1ZT0ie3skSElEREVOMS5NU09UbFBuX1ZpZXd9fSIgUmVjb3JkZWRWYWx1ZT0iMCIgQ29ycmVsYXRpb25CaW5kaW5nPSIiIFVybEVuY29kZT0iVHJ1ZSIgLz4NCiAgICAgICAgPEZvcm1Qb3N0UGFyYW1ldGVyIE5hbWU9Ik1TT1RsUG5fU2hvd1NldHRpbmdzIiBWYWx1ZT0ie3skSElEREVOMS5NU09UbFBuX1Nob3dTZXR0aW5nc319IiBSZWNvcmRlZFZhbHVlPSJGYWxzZSIgQ29ycmVsYXRpb25CaW5kaW5nPSIiIFVybEVuY29kZT0iVHJ1ZSIgLz4NCiAgICAgICAgPEZvcm1Qb3N0UGFyYW1ldGVyIE5hbWU9Ik1TT0dhbGxlcnlfU2VsZWN0ZWRMaWJyYXJ5IiBWYWx1ZT0ie3skSElEREVOMS5NU09HYWxsZXJ5X1NlbGVjdGVkTGlicmFyeX19IiBSZWNvcmRlZFZhbHVlPSIiIENvcnJlbGF0aW9uQmluZGluZz0iIiBVcmxFbmNvZGU9IlRydWUiIC8+DQogICAgICAgIDxGb3JtUG9zdFBhcmFtZXRlciBOYW1lPSJNU09HYWxsZXJ5X0ZpbHRlclN0cmluZyIgVmFsdWU9Int7JEhJRERFTjEuTVNPR2FsbGVyeV9GaWx0ZXJTdHJpbmd9fSIgUmVjb3JkZWRWYWx1ZT0iIiBDb3JyZWxhdGlvbkJpbmRpbmc9IiIgVXJsRW5jb2RlPSJUcnVlIiAvPg0KICAgICAgICA8Rm9ybVBvc3RQYXJhbWV0ZXIgTmFtZT0iTVNPVGxQbl9CdXR0b24iIFZhbHVlPSJ7eyRISURERU4xLk1TT1RsUG5fQnV0dG9ufX0iIFJlY29yZGVkVmFsdWU9Im5vbmUiIENvcnJlbGF0aW9uQmluZGluZz0iIiBVcmxFbmNvZGU9IlRydWUiIC8+DQogICAgICAgIDxGb3JtUG9zdFBhcmFtZXRlciBOYW1lPSJfX0VWRU5UVEFSR0VUIiBWYWx1ZT0ie3skSElEREVOMS5fX0VWRU5UVEFSR0VUfX0iIFJlY29yZGVkVmFsdWU9IiIgQ29ycmVsYXRpb25CaW5kaW5nPSIiIFVybEVuY29kZT0iVHJ1ZSIgLz4NCiAgICAgICAgPEZvcm1Qb3N0UGFyYW1ldGVyIE5hbWU9Il9fRVZFTlRBUkdVTUVOVCIgVmFsdWU9Int7JEhJRERFTjEuX19FVkVOVEFSR1VNRU5UfX0iIFJlY29yZGVkVmFsdWU9IiIgQ29ycmVsYXRpb25CaW5kaW5nPSIiIFVybEVuY29kZT0iVHJ1ZSIgLz4NCiAgICAgICAgPEZvcm1Qb3N0UGFyYW1ldGVyIE5hbWU9Il9fUkVRVUVTVERJR0VTVCIgVmFsdWU9Int7JEhJRERFTjEuX19SRVFVRVNURElHRVNUfX0iIFJlY29yZGVkVmFsdWU9IjB4QjkxQURERkNCNUU4NkQzNjY1RTEwNzUxQkQ5NEVFMjM0Q0RDQzM5Q0FBM0Y1Rjg3MUQ1NkUyNTlBMUZEQzYwNUYxRThGRjNDQTM2M0JBN0IxNjc1QzNEMDUyODNFNjAzQjJCQjdENUU2OUMwQ0FDQkYzOTY5RTk4QTMzMEVBQjcsMTMgSnVuIDIwMTggMTE6NDE6NDggLTAwMDAiIENvcnJlbGF0aW9uQmluZGluZz0iIiBVcmxFbmNvZGU9IlRydWUiIC8+DQogICAgICAgIDxGb3JtUG9zdFBhcmFtZXRlciBOYW1lPSJNU09TUFdlYlBhcnRNYW5hZ2VyX0Rpc3BsYXlNb2RlTmFtZSIgVmFsdWU9Int7JEhJRERFTjEuTVNPU1BXZWJQYXJ0TWFuYWdlcl9EaXNwbGF5TW9kZU5hbWV9fSIgUmVjb3JkZWRWYWx1ZT0iQnJvd3NlIiBDb3JyZWxhdGlvbkJpbmRpbmc9IiIgVXJsRW5jb2RlPSJUcnVlIiAvPg0KICAgICAgICA8Rm9ybVBvc3RQYXJhbWV0ZXIgTmFtZT0iTVNPU1BXZWJQYXJ0TWFuYWdlcl9FeGl0aW5nRGVzaWduTW9kZSIgVmFsdWU9Int7JEhJRERFTjEuTVNPU1BXZWJQYXJ0TWFuYWdlcl9FeGl0aW5nRGVzaWduTW9kZX19IiBSZWNvcmRlZFZhbHVlPSJmYWxzZSIgQ29ycmVsYXRpb25CaW5kaW5nPSIiIFVybEVuY29kZT0iVHJ1ZSIgLz4NCiAgICAgICAgPEZvcm1Qb3N0UGFyYW1ldGVyIE5hbWU9Ik1TT1dlYlBhcnRQYWdlX1NoYXJlZCIgVmFsdWU9Int7JEhJRERFTjEuTVNPV2ViUGFydFBhZ2VfU2hhcmVkfX0iIFJlY29yZGVkVmFsdWU9IiIgQ29ycmVsYXRpb25CaW5kaW5nPSIiIFVybEVuY29kZT0iVHJ1ZSIgLz4NCiAgICAgICAgPEZvcm1Qb3N0UGFyYW1ldGVyIE5hbWU9Ik1TT0xheW91dF9MYXlvdXRDaGFuZ2VzIiBWYWx1ZT0ie3skSElEREVOMS5NU09MYXlvdXRfTGF5b3V0Q2hhbmdlc319IiBSZWNvcmRlZFZhbHVlPSIiIENvcnJlbGF0aW9uQmluZGluZz0iIiBVcmxFbmNvZGU9IlRydWUiIC8+DQogICAgICAgIDxGb3JtUG9zdFBhcmFtZXRlciBOYW1lPSJNU09MYXlvdXRfSW5EZXNpZ25Nb2RlIiBWYWx1ZT0ie3skSElEREVOMS5NU09MYXlvdXRfSW5EZXNpZ25Nb2RlfX0iIFJlY29yZGVkVmFsdWU9IiIgQ29ycmVsYXRpb25CaW5kaW5nPSIiIFVybEVuY29kZT0iVHJ1ZSIgLz4NCiAgICAgICAgPEZvcm1Qb3N0UGFyYW1ldGVyIE5hbWU9Il93cFNlbGVjdGVkIiBWYWx1ZT0ie3skSElEREVOMS5fd3BTZWxlY3RlZH19IiBSZWNvcmRlZFZhbHVlPSJNU09ab25lQ2VsbF9XZWJQYXJ0V1BRMiIgQ29ycmVsYXRpb25CaW5kaW5nPSIiIFVybEVuY29kZT0iVHJ1ZSIgLz4NCiAgICAgICAgPEZvcm1Qb3N0UGFyYW1ldGVyIE5hbWU9Il93elNlbGVjdGVkIiBWYWx1ZT0ie3skSElEREVOMS5fd3pTZWxlY3RlZH19IiBSZWNvcmRlZFZhbHVlPSIiIENvcnJlbGF0aW9uQmluZGluZz0iIiBVcmxFbmNvZGU9IlRydWUiIC8+DQogICAgICAgIDxGb3JtUG9zdFBhcmFtZXRlciBOYW1lPSJNU09TUFdlYlBhcnRNYW5hZ2VyX09sZERpc3BsYXlNb2RlTmFtZSIgVmFsdWU9Int7JEhJRERFTjEuTVNPU1BXZWJQYXJ0TWFuYWdlcl9PbGREaXNwbGF5TW9kZU5hbWV9fSIgUmVjb3JkZWRWYWx1ZT0iQnJvd3NlIiBDb3JyZWxhdGlvbkJpbmRpbmc9IiIgVXJsRW5jb2RlPSJUcnVlIiAvPg0KICAgICAgICA8Rm9ybVBvc3RQYXJhbWV0ZXIgTmFtZT0iTVNPU1BXZWJQYXJ0TWFuYWdlcl9TdGFydFdlYlBhcnRFZGl0aW5nTmFtZSIgVmFsdWU9Int7JEhJRERFTjEuTVNPU1BXZWJQYXJ0TWFuYWdlcl9TdGFydFdlYlBhcnRFZGl0aW5nTmFtZX19IiBSZWNvcmRlZFZhbHVlPSJmYWxzZSIgQ29ycmVsYXRpb25CaW5kaW5nPSIiIFVybEVuY29kZT0iVHJ1ZSIgLz4NCiAgICAgICAgPEZvcm1Qb3N0UGFyYW1ldGVyIE5hbWU9Ik1TT1NQV2ViUGFydE1hbmFnZXJfRW5kV2ViUGFydEVkaXRpbmciIFZhbHVlPSJ7eyRISURERU4xLk1TT1NQV2ViUGFydE1hbmFnZXJfRW5kV2ViUGFydEVkaXRpbmd9fSIgUmVjb3JkZWRWYWx1ZT0iZmFsc2UiIENvcnJlbGF0aW9uQmluZGluZz0iIiBVcmxFbmNvZGU9IlRydWUiIC8+DQogICAgICAgIDxGb3JtUG9zdFBhcmFtZXRlciBOYW1lPSJfbWFpbnRhaW5Xb3Jrc3BhY2VTY3JvbGxQb3NpdGlvbiIgVmFsdWU9Int7JEhJRERFTjEuX21haW50YWluV29ya3NwYWNlU2Nyb2xsUG9zaXRpb259fSIgUmVjb3JkZWRWYWx1ZT0iMCIgQ29ycmVsYXRpb25CaW5kaW5nPSIiIFVybEVuY29kZT0iVHJ1ZSIgLz4NCiAgICAgICAgPEZvcm1Qb3N0UGFyYW1ldGVyIE5hbWU9Il9fVklFV1NUQVRFIiBWYWx1ZT0ie3skSElEREVOMS5fX1ZJRVdTVEFURX19IiBSZWNvcmRlZFZhbHVlPSIvd0VQRHdVSk1qSTRNelExT0RjMUQyUVdBbVlQWkJZQ0FnRVBaQllFQWdFUFpCWUNBaGtQWkJZQ0FnTVBaQllDQWdFUFpCWUNaZzhVS3dBR1pBVXVhSFIwY0hNNkx5OXpjQzVsZUdObGJITjFjSEJ2Y25RdWIzSm5PalEwTXk5dGVTOVFaWEp6YjI0dVlYTndlQVVqYUhSMGNITTZMeTl6Y0M1bGVHTmxiSE4xY0hCdmNuUXViM0puT2pRME15OXRlUzhGSHk5QmNIQnpNREF2WDJ4aGVXOTFkSE12TVRVdmJYbHpkV0p6TG1GemNIZ0ZzUUV2UVhCd2N6QXdMMTlzWVhsdmRYUnpMekUxTDNKbFoybHZibUZzYzJWMGJtY3VZWE53ZUQ5MGVYQmxQWFZ6WlhJbWMyOTFjbU5sUFdoMGRIQnpKVE5CSlRKR0pUSkdjM0FsTWtWamIzSmthWE56YjJ4MWRHbHZibk1sTWtWamIyMGxNa1pCY0hCek1EQWxNa1pUYUdGeVpXUWxNakJFYjJOMWJXVnVkSE1sTWtaR2IzSnRjeVV5Um1SbGRHRnBiQ1V5TUd4cGMzUWxNakIzYnlVeU1HWnZiR1JsY25NbE1qQXdNU1V5UldGemNIZ0ZoUUpvZEhSd2N6b3ZMM053TG1WNFkyVnNjM1Z3Y0c5eWRDNXZjbWM2TkRRekwyMTVMMTlzWVhsdmRYUnpMekUxTDBWa2FYUlFjbTltYVd4bExtRnpjSGcvVlhObGNsTmxkSFJwYm1kelVISnZkbWxrWlhJOU1qTTBZbVl3WldRbE1rUTNNR1JpSlRKRU5ERTFPQ1V5UkdFek16SWxNa1EwWkdaa05qZ3pZalF4TkRnbVVtVjBkWEp1VlhKc1BXaDBkSEJ6SlROQkpUSkdKVEpHYzNBbE1rVmpiM0prYVhOemIyeDFkR2x2Ym5NbE1rVmpiMjBsTWtaQmNIQnpNREFsTWtaVGFHRnlaV1FsTWpCRWIyTjFiV1Z1ZEhNbE1rWkdiM0p0Y3lVeVJtUmxkR0ZwYkNVeU1HeHBjM1FsTWpCM2J5VXlNR1p2YkdSbGNuTWxNakF3TVNVeVJXRnpjSGhrQWdjUFpCWUlBZ0VQWkJZQ0FnRVBaQllDQlNablgySm1ZV05oT1RGbVh6a3paakpmTkRZek1sOWhZak01WDJWbFpUa3lZVFZrTURaaE1oQVBGZ1llQzFCaGNtRnRWbUZzZFdWek12UUlBQUVBQUFELy8vLy9BUUFBQUFBQUFBQU1BZ0FBQUZoTmFXTnliM052Wm5RdVUyaGhjbVZRYjJsdWRDd2dWbVZ5YzJsdmJqMHhOaTR3TGpBdU1Dd2dRM1ZzZEhWeVpUMXVaWFYwY21Gc0xDQlFkV0pzYVdOTFpYbFViMnRsYmowM01XVTVZbU5sTVRFeFpUazBNamxqQlFFQUFBQTlUV2xqY205emIyWjBMbE5vWVhKbFVHOXBiblF1VjJWaVVHRnlkRkJoWjJWekxsQmhjbUZ0WlhSbGNrNWhiV1ZXWVd4MVpVaGhjMmgwWVdKc1pRRUFBQUFGWDJOdmJHd0RIRk41YzNSbGJTNURiMnhzWldOMGFXOXVjeTVJWVhOb2RHRmliR1VDQUFBQUNRTUFBQUFFQXdBQUFCeFRlWE4wWlcwdVEyOXNiR1ZqZEdsdmJuTXVTR0Z6YUhSaFlteGxCd0FBQUFwTWIyRmtSbUZqZEc5eUIxWmxjbk5wYjI0SVEyOXRjR0Z5WlhJUVNHRnphRU52WkdWUWNtOTJhV1JsY2doSVlYTm9VMmw2WlFSTFpYbHpCbFpoYkhWbGN3QUFBd01BQlFVTENCeFRlWE4wWlcwdVEyOXNiR1ZqZEdsdmJuTXVTVU52YlhCaGNtVnlKRk41YzNSbGJTNURiMnhzWldOMGFXOXVjeTVKU0dGemFFTnZaR1ZRY205MmFXUmxjZ2pzVVRnL0RRQUFBQW9LRVFBQUFBa0VBQUFBQ1FVQUFBQVFCQUFBQUFzQUFBQUdCZ0FBQUE5T2IwRnVibTkxYm1ObGJXVnVkSE1HQndBQUFBcEdhV3gwWlhKTWFXNXJCZ2dBQUFBTmFXUlFjbVZ6Ulc1aFlteGxaQVlKQUFBQUNXOXdaVzVmYldWdWRRWUtBQUFBQ2xObGJHVmpkR1ZrU1VRR0N3QUFBQkJrZG5SZmNISmxkbkJoWjJWa1lYUmhCZ3dBQUFBUlpIWjBYM04wWVhKMGNHOXphWFJwYjI0R0RRQUFBQlZQY0dWdVRXVnVkVXRsZVVGalkyVnpjMmxpYkdVR0RnQUFBQkJrZG5SZmJtVjRkSEJoWjJWa1lYUmhCZzhBQUFBVGMyVnNaV04wWDJSbGMyVnNaV04wWDJGc2JBWVFBQUFBRkU1dlFXNXViM1Z1WTJWdFpXNTBjMGh2ZDFSdkVBVUFBQUFMQUFBQUJoRUFBQUJUVkdobGNtVWdZWEpsSUc1dklHbDBaVzF6SUhSdklITm9iM2NnYVc0Z2RHaHBjeUIyYVdWM0lHOW1JSFJvWlNBaVUyaGhjbVZrSUVSdlkzVnRaVzUwY3lJZ1pHOWpkVzFsYm5RZ2JHbGljbUZ5ZVM0R0VnQUFBQUUvQmhNQUFBQWdVSEpsYzJWdVkyVWdaVzVoWW14bFpDQm1iM0lnZEdocGN5QmpiMngxYlc0R0ZBQUFBQWxQY0dWdUlFMWxiblVHRlFBQUFBSXRNUVlXQUFBQVVWQmhaMlZrUFZSU1ZVVW1VR0ZuWldSUWNtVjJQVlJTVlVVbWNGOUJjSEJzYVdOaGRHbHZiajBtY0Y5QmNIQnpYM2d3TURJd1gwTnZiblJsYm5SZmVEQXdNakJmVkhsd1pUMG1jRjlKUkQweU1RWVhBQUFBQUFZWUFBQUFMbFZ6WlNCVFNFbEdWQ3RGVGxSRlVpQjBieUJ2Y0dWdUlIUm9aU0J0Wlc1MUlDaHVaWGNnZDJsdVpHOTNLUzRHR1FBQUFFTlFZV2RsWkQxVVVsVkZKbkJmUVhCd2JHbGpZWFJwYjI0OUpuQmZRWEJ3YzE5NE1EQXlNRjlEYjI1MFpXNTBYM2d3TURJd1gxUjVjR1U5Sm5CZlNVUTlORFkyQmhvQUFBQWNVMlZzWldOMElHOXlJR1JsYzJWc1pXTjBJR0ZzYkNCcGRHVnRjd1liQUFBQUsxUnZJR0ZrWkNCaElHNWxkeUJwZEdWdExDQmpiR2xqYXlBaVRtVjNJaUJ2Y2lBaVZYQnNiMkZrSWk0TEhoQkdhV3gwWlhKUGNHVnlZWFJwYjI1ek1vMEZBQUVBQUFELy8vLy9BUUFBQUFBQUFBQUVBUUFBQUpNQ1UzbHpkR1Z0TGtOdmJHeGxZM1JwYjI1ekxrZGxibVZ5YVdNdVJHbGpkR2x2Ym1GeWVXQXlXMXRUZVhOMFpXMHVVM1J5YVc1bkxDQnRjMk52Y214cFlpd2dWbVZ5YzJsdmJqMDBMakF1TUM0d0xDQkRkV3gwZFhKbFBXNWxkWFJ5WVd3c0lGQjFZbXhwWTB0bGVWUnZhMlZ1UFdJM04yRTFZelUyTVRrek5HVXdPRGxkTEZ0TmFXTnliM052Wm5RdVUyaGhjbVZRYjJsdWRDNVhaV0pRWVhKMFVHRm5aWE11Um1sc2RHVnlUM0JsY21GMGFXOXVMQ0JOYVdOeWIzTnZablF1VTJoaGNtVlFiMmx1ZEN3Z1ZtVnljMmx2YmoweE5pNHdMakF1TUN3Z1EzVnNkSFZ5WlQxdVpYVjBjbUZzTENCUWRXSnNhV05MWlhsVWIydGxiajAzTVdVNVltTmxNVEV4WlRrME1qbGpYVjBEQUFBQUIxWmxjbk5wYjI0SVEyOXRjR0Z5WlhJSVNHRnphRk5wZW1VQUF3QUlrZ0ZUZVhOMFpXMHVRMjlzYkdWamRHbHZibk11UjJWdVpYSnBZeTVIWlc1bGNtbGpSWEYxWVd4cGRIbERiMjF3WVhKbGNtQXhXMXRUZVhOMFpXMHVVM1J5YVc1bkxDQnRjMk52Y214cFlpd2dWbVZ5YzJsdmJqMDBMakF1TUM0d0xDQkRkV3gwZFhKbFBXNWxkWFJ5WVd3c0lGQjFZbXhwWTB0bGVWUnZhMlZ1UFdJM04yRTFZelUyTVRrek5HVXdPRGxkWFFnQUFBQUFDUUlBQUFBQUFBQUFCQUlBQUFDU0FWTjVjM1JsYlM1RGIyeHNaV04wYVc5dWN5NUhaVzVsY21sakxrZGxibVZ5YVdORmNYVmhiR2wwZVVOdmJYQmhjbVZ5WURGYlcxTjVjM1JsYlM1VGRISnBibWNzSUcxelkyOXliR2xpTENCV1pYSnphVzl1UFRRdU1DNHdMakFzSUVOMWJIUjFjbVU5Ym1WMWRISmhiQ3dnVUhWaWJHbGpTMlY1Vkc5clpXNDlZamMzWVRWak5UWXhPVE0wWlRBNE9WMWRBQUFBQUFzZURGOTJhV1YzUTI5MWJuUmxjbVprWkJZQ0FnRVBaQllDWmc5a0ZnUm1EeFlHSGd4R1pXRjBkWEpsVTJOdmNHVUZCRk5wZEdVZUNFeHZZMkYwYVc5dUJTRk5hV055YjNOdlpuUXVVMmhoY21WUWIybHVkQzVUZEdGdVpHRnlaRTFsYm5VZUIwZHliM1Z3U1dRRkVGWnBaWGRUWld4bFkzUnZjazFsYm5Wa0FnRVBEeFlDSGdsQlkyTmxjM05MWlhrRkFWZGtaQUlGRDJRV0FnSUNEMlFXQkFJQkQyUVdBZ0lERDJRV0FtWVBaQllFQWdNUFpCWUlBZ0VQRmdZZUUwTnNhV1Z1ZEU5dVEyeHBZMnRUWTNKcGNIUUZlVVZ1YzNWeVpWTmpjbWx3ZEVaMWJtTW9KM05vWVhKcGJtY3Vhbk1uTENBblJHbHpjR3hoZVZOb1lYSmxaRmRwZEdoRWFXRnNiMmNuTENCbWRXNWpkR2x2YmlBb0tTQjdJRVJwYzNCc1lYbFRhR0Z5WldSWGFYUm9SR2xoYkc5bktDZGNkVEF3TW1aQmNIQnpNREJjZFRBd01tWW5LVHNnZlNrZUtFTnNhV1Z1ZEU5dVEyeHBZMnRUWTNKcGNIUkRiMjUwWVdsdWFXNW5VSEpsWm1sNFpXUlZjbXdGZVVWdWMzVnlaVk5qY21sd2RFWjFibU1vSjNOb1lYSnBibWN1YW5NbkxDQW5SR2x6Y0d4aGVWTm9ZWEpsWkZkcGRHaEVhV0ZzYjJjbkxDQm1kVzVqZEdsdmJpQW9LU0I3SUVScGMzQnNZWGxUYUdGeVpXUlhhWFJvUkdsaGJHOW5LQ2RjZFRBd01tWkJjSEJ6TURCY2RUQXdNbVluS1RzZ2ZTa2VHRU5zYVdWdWRFOXVRMnhwWTJ0T1lYWnBaMkYwWlZWeWJHUmtBZ1VQRmdJZUIxWnBjMmxpYkdWb1pBSUxEeFlDSHdwb1pBSVNEMlFXQW1ZUER4WUdIaHhRY21WMmFXOTFjMEYxZEdodmNtbHVaMGwwWlcxV1pYSnphVzl1WlI0YVVISmxkbWx2ZFhOQmRYUm9iM0pwYm1kSmRHVnRUM2R1WlhKbEhoeFFjbVYyYVc5MWMwRjFkR2h2Y21sdVowTnZiblJ5YjJ4TmIyUmxDeW1JQVUxcFkzSnZjMjltZEM1VGFHRnlaVkJ2YVc1MExsZGxZa052Ym5SeWIyeHpMbE5RUTI5dWRISnZiRTF2WkdVc0lFMXBZM0p2YzI5bWRDNVRhR0Z5WlZCdmFXNTBMQ0JXWlhKemFXOXVQVEUyTGpBdU1DNHdMQ0JEZFd4MGRYSmxQVzVsZFhSeVlXd3NJRkIxWW14cFkwdGxlVlJ2YTJWdVBUY3haVGxpWTJVeE1URmxPVFF5T1dNQVpHUUNCQThQRmdJZkJnVUJMMlJrQWdNUFpCWUNBZ0VQWkJZQ0FnRVBaQllHQWdFUER4WUVIZ1JmSVZOQ0FnSWVDRU56YzBOc1lYTnpCUmR0Y3kxd2NtOXRiM1JsWkVGamRHbHZia0oxZEhSdmJtUmtBZ01QWkJZQ1pnOFBGZ1FmRGdJQ0h3OEZGMjF6TFhCeWIyMXZkR1ZrUVdOMGFXOXVRblYwZEc5dVpHUUNCUThQRmdZZkR3VVhiWE10Y0hKdmJXOTBaV1JCWTNScGIyNUNkWFIwYjI0ZkRnSUNId3BvWkdRQ0R3OWtGZ0lDQVE5a0ZnSUNBUTg4S3dBRkFRQVBGZ0llRlZCaGNtVnVkRXhsZG1Wc2MwUnBjM0JzWVhsbFpHWmtaQUlURDJRV0FnSUJEMlFXQmdJSEQyUVdBZ0lERHc4V0FoOEthR1JrQWdrUFpCWUNBZ0VQRmdJZkNtaGtBZzBQRHhZQ0h3cG9aQllDQWdFUFpCWUNaZzlrRmdJQ0F3OWtGZ0lDQlE5a0ZnSUNBUTg4S3dBSkFRQVBGZ1FlRFZCaGRHaFRaWEJoY21GMGIzSUVDQjROVG1WMlpYSkZlSEJoYm1SbFpHZGtaQmdCQlJkamRHd3dNQ1JVYjNCT1lYWnBaMkYwYVc5dVRXVnVkUThQWkFVVVNHOXRaVnhCY0hCeklDWWdVSEp2WkhWamRITms2L05XZVBSLzloYVNuRG5oNXhCc1FtcFNxTGJlUWJBT1g4RDJBSkZSUlB3PSIgQ29ycmVsYXRpb25CaW5kaW5nPSIiIFVybEVuY29kZT0iVHJ1ZSIgLz4NCiAgICAgICAgPEZvcm1Qb3N0UGFyYW1ldGVyIE5hbWU9Il9fVklFV1NUQVRFR0VORVJBVE9SIiBWYWx1ZT0ie3skSElEREVOMS5fX1ZJRVdTVEFURUdFTkVSQVRPUn19IiBSZWNvcmRlZFZhbHVlPSIwNkUyQUYxNiIgQ29ycmVsYXRpb25CaW5kaW5nPSIiIFVybEVuY29kZT0iVHJ1ZSIgLz4NCiAgICAgICAgPEZvcm1Qb3N0UGFyYW1ldGVyIE5hbWU9Il9fU0NST0xMUE9TSVRJT05YIiBWYWx1ZT0ie3skSElEREVOMS5fX1NDUk9MTFBPU0lUSU9OWH19IiBSZWNvcmRlZFZhbHVlPSIwIiBDb3JyZWxhdGlvbkJpbmRpbmc9IiIgVXJsRW5jb2RlPSJUcnVlIiAvPg0KICAgICAgICA8Rm9ybVBvc3RQYXJhbWV0ZXIgTmFtZT0iX19TQ1JPTExQT1NJVElPTlkiIFZhbHVlPSJ7eyRISURERU4xLl9fU0NST0xMUE9TSVRJT05ZfX0iIFJlY29yZGVkVmFsdWU9IjAiIENvcnJlbGF0aW9uQmluZGluZz0iIiBVcmxFbmNvZGU9IlRydWUiIC8+DQogICAgICAgIDxGb3JtUG9zdFBhcmFtZXRlciBOYW1lPSJfX0VWRU5UVkFMSURBVElPTiIgVmFsdWU9Int7JEhJRERFTjEuX19FVkVOVFZBTElEQVRJT059fSIgUmVjb3JkZWRWYWx1ZT0iL3dFZEFBT25EdUxaY3lUU2NIQ1h0RnZRb0dqUExtWHlZd0ErT2ZGYUc1QTJsejhuQ0xVZ0ZMcG5LT2p2QkFVMnRYbndEMHpyaXlUTk83MjN4V3JwRkxONFlSMlRSZ0I0Q2pBaTBzMGo2QXpranpKVGZRPT0iIENvcnJlbGF0aW9uQmluZGluZz0iIiBVcmxFbmNvZGU9IlRydWUiIC8+DQogICAgICAgIDxGb3JtUG9zdFBhcmFtZXRlciBOYW1lPSJjdGwwMCRjdGw0NCRjdGwwNCIgVmFsdWU9IlJpYmJvbi5SZWFkIiBSZWNvcmRlZFZhbHVlPSJSaWJib24uUmVhZCIgQ29ycmVsYXRpb25CaW5kaW5nPSJ7e0Zvcm1Qb3N0UGFyYW01NS5jdGwwMCRjdGw0NCRjdGwwNH19IiBVcmxFbmNvZGU9IlRydWUiIC8+DQogICAgICA8L0Zvcm1Qb3N0SHR0cEJvZHk+DQogICAgPC9SZXF1ZXN0Pg0KICAgIDxSZXF1ZXN0IE1ldGhvZD0iR0VUIiBHdWlkPSI5ZjkzZmEzZi05ZjI2LTRhOGEtYTZlMi1hYTI2NGYyY2JlZGEiIFZlcnNpb249IjEuMSIgVXJsPSJodHRwczovL3NwLmNvcmRpc3NvbHV0aW9ucy5jb20vX2xheW91dHMvMTUvZm9udHMvc2hlbGxpY29ucy5lb3QiIFRoaW5rVGltZT0iMSIgVGltZW91dD0iMzAwIiBQYXJzZURlcGVuZGVudFJlcXVlc3RzPSJUcnVlIiBGb2xsb3dSZWRpcmVjdHM9IlRydWUiIFJlY29yZFJlc3VsdD0iVHJ1ZSIgQ2FjaGU9IkZhbHNlIiBSZXNwb25zZVRpbWVHb2FsPSIwIiBFbmNvZGluZz0idXRmLTgiIEV4cGVjdGVkSHR0cFN0YXR1c0NvZGU9IjAiIEV4cGVjdGVkUmVzcG9uc2VVcmw9IiIgUmVwb3J0aW5nTmFtZT0iIiBJZ25vcmVIdHRwU3RhdHVzQ29kZT0iRmFsc2UiPg0KICAgICAgPEhlYWRlcnM+DQogICAgICAgIDxIZWFkZXIgTmFtZT0iUmVmZXJlciIgVmFsdWU9Imh0dHBzOi8vc3AuY29yZGlzc29sdXRpb25zLmNvbS9BcHBzMDAvU2hhcmVkJTIwRG9jdW1lbnRzL0Zvcm1zL2RldGFpbCUyMGxpc3QlMjB3byUyMGZvbGRlcnMlMjAwMS5hc3B4P0luaXRpYWxUYWJJZD1SaWJib24uUmVhZCZhbXA7VmlzaWJpbGl0eUNvbnRleHQ9V1NTVGFiUGVyc2lzdGVuY2UiIC8+DQogICAgICA8L0hlYWRlcnM+DQogICAgICA8UXVlcnlTdHJpbmdQYXJhbWV0ZXJzPg0KICAgICAgICA8UXVlcnlTdHJpbmdQYXJhbWV0ZXIgTmFtZT0iIiBWYWx1ZT0iIiBSZWNvcmRlZFZhbHVlPSIiIENvcnJlbGF0aW9uQmluZGluZz0iIiBVcmxFbmNvZGU9IkZhbHNlIiBVc2VUb0dyb3VwUmVzdWx0cz0iRmFsc2UiIC8+DQogICAgICA8L1F1ZXJ5U3RyaW5nUGFyYW1ldGVycz4NCiAgICA8L1JlcXVlc3Q+DQogICAgPFJlcXVlc3QgTWV0aG9kPSJHRVQiIEd1aWQ9IjFiZmNjM2VhLWYwYzYtNGI5ZC04NjM5LTAyYjZmNDFmMzBmNiIgVmVyc2lvbj0iMS4xIiBVcmw9Imh0dHBzOi8vc3AuY29yZGlzc29sdXRpb25zLmNvbS9BcHBzMDAvX2FwaS9zZWFyY2gvc2VhcmNoY2VudGVydXJsIiBUaGlua1RpbWU9IjAiIFRpbWVvdXQ9IjMwMCIgUGFyc2VEZXBlbmRlbnRSZXF1ZXN0cz0iVHJ1ZSIgRm9sbG93UmVkaXJlY3RzPSJUcnVlIiBSZWNvcmRSZXN1bHQ9IlRydWUiIENhY2hlPSJGYWxzZSIgUmVzcG9uc2VUaW1lR29hbD0iMCIgRW5jb2Rpbmc9InV0Zi04IiBFeHBlY3RlZEh0dHBTdGF0dXNDb2RlPSIwIiBFeHBlY3RlZFJlc3BvbnNlVXJsPSIiIFJlcG9ydGluZ05hbWU9IiIgSWdub3JlSHR0cFN0YXR1c0NvZGU9IkZhbHNlIj4NCiAgICAgIDxIZWFkZXJzPg0KICAgICAgICA8SGVhZGVyIE5hbWU9IkFjY2VwdCIgVmFsdWU9ImFwcGxpY2F0aW9uL2pzb247b2RhdGE9dmVyYm9zZSIgLz4NCiAgICAgICAgPEhlYWRlciBOYW1lPSJSZWZlcmVyIiBWYWx1ZT0iaHR0cHM6Ly9zcC5jb3JkaXNzb2x1dGlvbnMuY29tL0FwcHMwMC9TaGFyZWQlMjBEb2N1bWVudHMvRm9ybXMvZGV0YWlsJTIwbGlzdCUyMHdvJTIwZm9sZGVycyUyMDAxLmFzcHg/SW5pdGlhbFRhYklkPVJpYmJvbi5SZWFkJmFtcDtWaXNpYmlsaXR5Q29udGV4dD1XU1NUYWJQZXJzaXN0ZW5jZSIgLz4NCiAgICAgIDwvSGVhZGVycz4NCiAgICA8L1JlcXVlc3Q+DQogICAgPFJlcXVlc3QgTWV0aG9kPSJHRVQiIEd1aWQ9ImE5YTlhZWJkLTRlMDktNGM0MC05ZmQwLTkxN2ExMmE5NDk4YyIgVmVyc2lvbj0iMS4xIiBVcmw9Imh0dHBzOi8vc3AuY29yZGlzc29sdXRpb25zLmNvbS9fbGF5b3V0cy8xNS9TY3JpcHRSZXN4LmFzaHgiIFRoaW5rVGltZT0iMCIgVGltZW91dD0iMzAwIiBQYXJzZURlcGVuZGVudFJlcXVlc3RzPSJUcnVlIiBGb2xsb3dSZWRpcmVjdHM9IlRydWUiIFJlY29yZFJlc3VsdD0iVHJ1ZSIgQ2FjaGU9IkZhbHNlIiBSZXNwb25zZVRpbWVHb2FsPSIwIiBFbmNvZGluZz0idXRmLTgiIEV4cGVjdGVkSHR0cFN0YXR1c0NvZGU9IjAiIEV4cGVjdGVkUmVzcG9uc2VVcmw9IiIgUmVwb3J0aW5nTmFtZT0iIiBJZ25vcmVIdHRwU3RhdHVzQ29kZT0iRmFsc2UiPg0KICAgICAgPEhlYWRlcnM+DQogICAgICAgIDxIZWFkZXIgTmFtZT0iUmVmZXJlciIgVmFsdWU9Imh0dHBzOi8vc3AuY29yZGlzc29sdXRpb25zLmNvbS9BcHBzMDAvU2hhcmVkJTIwRG9jdW1lbnRzL0Zvcm1zL2RldGFpbCUyMGxpc3QlMjB3byUyMGZvbGRlcnMlMjAwMS5hc3B4P0luaXRpYWxUYWJJZD1SaWJib24uUmVhZCZhbXA7VmlzaWJpbGl0eUNvbnRleHQ9V1NTVGFiUGVyc2lzdGVuY2UiIC8+DQogICAgICA8L0hlYWRlcnM+DQogICAgICA8UXVlcnlTdHJpbmdQYXJhbWV0ZXJzPg0KICAgICAgICA8UXVlcnlTdHJpbmdQYXJhbWV0ZXIgTmFtZT0iY3VsdHVyZSIgVmFsdWU9ImVuJTJEdXMiIFJlY29yZGVkVmFsdWU9ImVuJTJEdXMiIENvcnJlbGF0aW9uQmluZGluZz0iIiBVcmxFbmNvZGU9IkZhbHNlIiBVc2VUb0dyb3VwUmVzdWx0cz0iRmFsc2UiIC8+DQogICAgICAgIDxRdWVyeVN0cmluZ1BhcmFtZXRlciBOYW1lPSJuYW1lIiBWYWx1ZT0iU1AlMkVVSSUyRVBvbGljeSUyRVJlc291cmNlcyIgUmVjb3JkZWRWYWx1ZT0iU1AlMkVVSSUyRVBvbGljeSUyRVJlc291cmNlcyIgQ29ycmVsYXRpb25CaW5kaW5nPSIiIFVybEVuY29kZT0iRmFsc2UiIFVzZVRvR3JvdXBSZXN1bHRzPSJGYWxzZSIgLz4NCiAgICAgICAgPFF1ZXJ5U3RyaW5nUGFyYW1ldGVyIE5hbWU9InJldiIgVmFsdWU9Im0yTnZ0bTEzRFJnb2RDVmklMkJzUnVrdyUzRCUzRCIgUmVjb3JkZWRWYWx1ZT0ibTJOdnRtMTNEUmdvZENWaSUyQnNSdWt3JTNEJTNEIiBDb3JyZWxhdGlvbkJpbmRpbmc9IiIgVXJsRW5jb2RlPSJGYWxzZSIgVXNlVG9Hcm91cFJlc3VsdHM9IkZhbHNlIiAvPg0KICAgICAgPC9RdWVyeVN0cmluZ1BhcmFtZXRlcnM+DQogICAgPC9SZXF1ZXN0Pg0KICAgIDxSZXF1ZXN0IE1ldGhvZD0iR0VUIiBHdWlkPSI3MDE1NjAzYy1kYjk2LTRhMWUtODFiYy0wNzhkNjgzNzAyOTQiIFZlcnNpb249IjEuMSIgVXJsPSJodHRwczovL3NwLmNvcmRpc3NvbHV0aW9ucy5jb20vX2xheW91dHMvMTUvU2NyaXB0UmVzeC5hc2h4IiBUaGlua1RpbWU9IjAiIFRpbWVvdXQ9IjMwMCIgUGFyc2VEZXBlbmRlbnRSZXF1ZXN0cz0iVHJ1ZSIgRm9sbG93UmVkaXJlY3RzPSJUcnVlIiBSZWNvcmRSZXN1bHQ9IlRydWUiIENhY2hlPSJGYWxzZSIgUmVzcG9uc2VUaW1lR29hbD0iMCIgRW5jb2Rpbmc9InV0Zi04IiBFeHBlY3RlZEh0dHBTdGF0dXNDb2RlPSIwIiBFeHBlY3RlZFJlc3BvbnNlVXJsPSIiIFJlcG9ydGluZ05hbWU9IiIgSWdub3JlSHR0cFN0YXR1c0NvZGU9IkZhbHNlIj4NCiAgICAgIDxIZWFkZXJzPg0KICAgICAgICA8SGVhZGVyIE5hbWU9IlJlZmVyZXIiIFZhbHVlPSJodHRwczovL3NwLmNvcmRpc3NvbHV0aW9ucy5jb20vQXBwczAwL1NoYXJlZCUyMERvY3VtZW50cy9Gb3Jtcy9kZXRhaWwlMjBsaXN0JTIwd28lMjBmb2xkZXJzJTIwMDEuYXNweD9Jbml0aWFsVGFiSWQ9UmliYm9uLlJlYWQmYW1wO1Zpc2liaWxpdHlDb250ZXh0PVdTU1RhYlBlcnNpc3RlbmNlIiAvPg0KICAgICAgPC9IZWFkZXJzPg0KICAgICAgPFF1ZXJ5U3RyaW5nUGFyYW1ldGVycz4NCiAgICAgICAgPFF1ZXJ5U3RyaW5nUGFyYW1ldGVyIE5hbWU9ImN1bHR1cmUiIFZhbHVlPSJlbiUyRHVzIiBSZWNvcmRlZFZhbHVlPSJlbiUyRHVzIiBDb3JyZWxhdGlvbkJpbmRpbmc9IiIgVXJsRW5jb2RlPSJGYWxzZSIgVXNlVG9Hcm91cFJlc3VsdHM9IkZhbHNlIiAvPg0KICAgICAgICA8UXVlcnlTdHJpbmdQYXJhbWV0ZXIgTmFtZT0ibmFtZSIgVmFsdWU9IlNQJTJFVUklMkVQb2xpY3klMkVSZXNvdXJjZXMiIFJlY29yZGVkVmFsdWU9IlNQJTJFVUklMkVQb2xpY3klMkVSZXNvdXJjZXMiIENvcnJlbGF0aW9uQmluZGluZz0iIiBVcmxFbmNvZGU9IkZhbHNlIiBVc2VUb0dyb3VwUmVzdWx0cz0iRmFsc2UiIC8+DQogICAgICAgIDxRdWVyeVN0cmluZ1BhcmFtZXRlciBOYW1lPSJyZXYiIFZhbHVlPSJtMk52dG0xM0RSZ29kQ1ZpJTJCc1J1a3clM0QlM0QiIFJlY29yZGVkVmFsdWU9Im0yTnZ0bTEzRFJnb2RDVmklMkJzUnVrdyUzRCUzRCIgQ29ycmVsYXRpb25CaW5kaW5nPSIiIFVybEVuY29kZT0iRmFsc2UiIFVzZVRvR3JvdXBSZXN1bHRzPSJGYWxzZSIgLz4NCiAgICAgIDwvUXVlcnlTdHJpbmdQYXJhbWV0ZXJzPg0KICAgIDwvUmVxdWVzdD4NCiAgICA8UmVxdWVzdCBNZXRob2Q9IlBPU1QiIEd1aWQ9IjlhMGZkM2RjLTJjZjYtNDI3Ny05Njc2LTVkOWM5MjgxZTFjNSIgVmVyc2lvbj0iMS4xIiBVcmw9Imh0dHBzOi8vc3AuY29yZGlzc29sdXRpb25zLmNvbS9BcHBzMDAvX2xheW91dHMvMTUvaW5wbHZpZXcuYXNweCIgVGhpbmtUaW1lPSIwIiBUaW1lb3V0PSIzMDAiIFBhcnNlRGVwZW5kZW50UmVxdWVzdHM9IlRydWUiIEZvbGxvd1JlZGlyZWN0cz0iVHJ1ZSIgUmVjb3JkUmVzdWx0PSJUcnVlIiBDYWNoZT0iRmFsc2UiIFJlc3BvbnNlVGltZUdvYWw9IjAiIEVuY29kaW5nPSJ1dGYtOCIgRXhwZWN0ZWRIdHRwU3RhdHVzQ29kZT0iMCIgRXhwZWN0ZWRSZXNwb25zZVVybD0iIiBSZXBvcnRpbmdOYW1lPSIiIElnbm9yZUh0dHBTdGF0dXNDb2RlPSJGYWxzZSI+DQogICAgICA8SGVhZGVycz4NCiAgICAgICAgPEhlYWRlciBOYW1lPSJSZWZlcmVyIiBWYWx1ZT0iaHR0cHM6Ly9zcC5jb3JkaXNzb2x1dGlvbnMuY29tL0FwcHMwMC9TaGFyZWQlMjBEb2N1bWVudHMvRm9ybXMvZGV0YWlsJTIwbGlzdCUyMHdvJTIwZm9sZGVycyUyMDAxLmFzcHg/SW5pdGlhbFRhYklkPVJpYmJvbi5SZWFkJmFtcDtWaXNpYmlsaXR5Q29udGV4dD1XU1NUYWJQZXJzaXN0ZW5jZSIgLz4NCiAgICAgIDwvSGVhZGVycz4NCiAgICAgIDxRdWVyeVN0cmluZ1BhcmFtZXRlcnM+DQogICAgICAgIDxRdWVyeVN0cmluZ1BhcmFtZXRlciBOYW1lPSJMaXN0IiBWYWx1ZT0iJTdCRUQyODE5MkEtM0I2Ny00M0Q4LUJBOEEtRENDQTNBQ0U3RDBCJTdEIiBSZWNvcmRlZFZhbHVlPSIlN0JFRDI4MTkyQS0zQjY3LTQzRDgtQkE4QS1EQ0NBM0FDRTdEMEIlN0QiIENvcnJlbGF0aW9uQmluZGluZz0iIiBVcmxFbmNvZGU9IkZhbHNlIiBVc2VUb0dyb3VwUmVzdWx0cz0iRmFsc2UiIC8+DQogICAgICAgIDxRdWVyeVN0cmluZ1BhcmFtZXRlciBOYW1lPSJWaWV3IiBWYWx1ZT0iJTdCQkZBQ0E5MUYtOTNGMi00NjMyLUFCMzktRUVFOTJBNUQwNkEyJTdEIiBSZWNvcmRlZFZhbHVlPSIlN0JCRkFDQTkxRi05M0YyLTQ2MzItQUIzOS1FRUU5MkE1RDA2QTIlN0QiIENvcnJlbGF0aW9uQmluZGluZz0iIiBVcmxFbmNvZGU9IkZhbHNlIiBVc2VUb0dyb3VwUmVzdWx0cz0iRmFsc2UiIC8+DQogICAgICAgIDxRdWVyeVN0cmluZ1BhcmFtZXRlciBOYW1lPSJWaWV3Q291bnQiIFZhbHVlPSIwIiBSZWNvcmRlZFZhbHVlPSIwIiBDb3JyZWxhdGlvbkJpbmRpbmc9IiIgVXJsRW5jb2RlPSJGYWxzZSIgVXNlVG9Hcm91cFJlc3VsdHM9IkZhbHNlIiAvPg0KICAgICAgICA8UXVlcnlTdHJpbmdQYXJhbWV0ZXIgTmFtZT0iSXNYc2xWaWV3IiBWYWx1ZT0iVFJVRSIgUmVjb3JkZWRWYWx1ZT0iVFJVRSIgQ29ycmVsYXRpb25CaW5kaW5nPSIiIFVybEVuY29kZT0iRmFsc2UiIFVzZVRvR3JvdXBSZXN1bHRzPSJGYWxzZSIgLz4NCiAgICAgICAgPFF1ZXJ5U3RyaW5nUGFyYW1ldGVyIE5hbWU9IklzQ1NSIiBWYWx1ZT0iVFJVRSIgUmVjb3JkZWRWYWx1ZT0iVFJVRSIgQ29ycmVsYXRpb25CaW5kaW5nPSIiIFVybEVuY29kZT0iRmFsc2UiIFVzZVRvR3JvdXBSZXN1bHRzPSJGYWxzZSIgLz4NCiAgICAgICAgPFF1ZXJ5U3RyaW5nUGFyYW1ldGVyIE5hbWU9Ikxpc3RWaWV3UGFnZVVybCIgVmFsdWU9Imh0dHBzJTNBJTJGJTJGc3AuY29yZGlzc29sdXRpb25zLmNvbSUyRkFwcHMwMCUyRlNoYXJlZCUyNTIwRG9jdW1lbnRzJTJGRm9ybXMlMkZkZXRhaWwlMjUyMGxpc3QlMjUyMHdvJTI1MjBmb2xkZXJzJTI1MjAwMS5hc3B4IiBSZWNvcmRlZFZhbHVlPSJodHRwcyUzQSUyRiUyRnNwLmNvcmRpc3NvbHV0aW9ucy5jb20lMkZBcHBzMDAlMkZTaGFyZWQlMjUyMERvY3VtZW50cyUyRkZvcm1zJTJGZGV0YWlsJTI1MjBsaXN0JTI1MjB3byUyNTIwZm9sZGVycyUyNTIwMDEuYXNweCIgQ29ycmVsYXRpb25CaW5kaW5nPSIiIFVybEVuY29kZT0iRmFsc2UiIFVzZVRvR3JvdXBSZXN1bHRzPSJGYWxzZSIgLz4NCiAgICAgICAgPFF1ZXJ5U3RyaW5nUGFyYW1ldGVyIE5hbWU9IlNvcnRGaWVsZCIgVmFsdWU9Ik1vZGlmaWVkIiBSZWNvcmRlZFZhbHVlPSJNb2RpZmllZCIgQ29ycmVsYXRpb25CaW5kaW5nPSJ7e1F1ZXJ5U3RyaW5nUGFyYW03NzkuU29ydEZpZWxkfX0iIFVybEVuY29kZT0iRmFsc2UiIFVzZVRvR3JvdXBSZXN1bHRzPSJGYWxzZSIgLz4NCiAgICAgICAgPFF1ZXJ5U3RyaW5nUGFyYW1ldGVyIE5hbWU9IlNvcnREaXIiIFZhbHVlPSJEZXNjIiBSZWNvcmRlZFZhbHVlPSJEZXNjIiBDb3JyZWxhdGlvbkJpbmRpbmc9Int7UXVlcnlTdHJpbmdQYXJhbTc4MC5Tb3J0RGlyfX0iIFVybEVuY29kZT0iRmFsc2UiIFVzZVRvR3JvdXBSZXN1bHRzPSJGYWxzZSIgLz4NCiAgICAgIDwvUXVlcnlTdHJpbmdQYXJhbWV0ZXJzPg0KICAgICAgPEZvcm1Qb3N0SHR0cEJvZHkgLz4NCiAgICA8L1JlcXVlc3Q+DQogICAgPFJlcXVlc3QgTWV0aG9kPSJHRVQiIEd1aWQ9IjQ0YWI4YzM1LTVkMTItNDgyNS1hOWY2LWU3NWQwNzIwYzc1NyIgVmVyc2lvbj0iMS4xIiBVcmw9Imh0dHBzOi8vc3AuY29yZGlzc29sdXRpb25zLmNvbS9BcHBzMDAvX2FwaS9zZWFyY2gvc2VhcmNoY2VudGVydXJsIiBUaGlua1RpbWU9IjAiIFRpbWVvdXQ9IjMwMCIgUGFyc2VEZXBlbmRlbnRSZXF1ZXN0cz0iVHJ1ZSIgRm9sbG93UmVkaXJlY3RzPSJUcnVlIiBSZWNvcmRSZXN1bHQ9IlRydWUiIENhY2hlPSJGYWxzZSIgUmVzcG9uc2VUaW1lR29hbD0iMCIgRW5jb2Rpbmc9InV0Zi04IiBFeHBlY3RlZEh0dHBTdGF0dXNDb2RlPSIwIiBFeHBlY3RlZFJlc3BvbnNlVXJsPSIiIFJlcG9ydGluZ05hbWU9IiIgSWdub3JlSHR0cFN0YXR1c0NvZGU9IkZhbHNlIj4NCiAgICAgIDxIZWFkZXJzPg0KICAgICAgICA8SGVhZGVyIE5hbWU9IkFjY2VwdCIgVmFsdWU9ImFwcGxpY2F0aW9uL2pzb247b2RhdGE9dmVyYm9zZSIgLz4NCiAgICAgICAgPEhlYWRlciBOYW1lPSJSZWZlcmVyIiBWYWx1ZT0iaHR0cHM6Ly9zcC5jb3JkaXNzb2x1dGlvbnMuY29tL0FwcHMwMC9TaGFyZWQlMjBEb2N1bWVudHMvRm9ybXMvZGV0YWlsJTIwbGlzdCUyMHdvJTIwZm9sZGVycyUyMDAxLmFzcHg/SW5pdGlhbFRhYklkPVJpYmJvbi5SZWFkJmFtcDtWaXNpYmlsaXR5Q29udGV4dD1XU1NUYWJQZXJzaXN0ZW5jZSIgLz4NCiAgICAgIDwvSGVhZGVycz4NCiAgICA8L1JlcXVlc3Q+DQogIDwvSXRlbXM+DQogIDxWYWxpZGF0aW9uUnVsZXM+DQogICAgPFZhbGlkYXRpb25SdWxlIENsYXNzbmFtZT0iTWljcm9zb2Z0LlZpc3VhbFN0dWRpby5UZXN0VG9vbHMuV2ViVGVzdGluZy5SdWxlcy5WYWxpZGF0ZVJlc3BvbnNlVXJsLCBNaWNyb3NvZnQuVmlzdWFsU3R1ZGlvLlF1YWxpdHlUb29scy5XZWJUZXN0RnJhbWV3b3JrLCBWZXJzaW9uPTEwLjAuMC4wLCBDdWx0dXJlPW5ldXRyYWwsIFB1YmxpY0tleVRva2VuPWIwM2Y1ZjdmMTFkNTBhM2EiIERpc3BsYXlOYW1lPSJSZXNwb25zZSBVUkwiIERlc2NyaXB0aW9uPSJWYWxpZGF0ZXMgdGhhdCB0aGUgcmVzcG9uc2UgVVJMIGFmdGVyIHJlZGlyZWN0cyBhcmUgZm9sbG93ZWQgaXMgdGhlIHNhbWUgYXMgdGhlIHJlY29yZGVkIHJlc3BvbnNlIFVSTC4gIFF1ZXJ5U3RyaW5nIHBhcmFtZXRlcnMgYXJlIGlnbm9yZWQuIiBMZXZlbD0iTG93IiBFeGVjdHVpb25PcmRlcj0iQmVmb3JlRGVwZW5kZW50cyIgLz4NCiAgICA8VmFsaWRhdGlvblJ1bGUgQ2xhc3NuYW1lPSJNaWNyb3NvZnQuVmlzdWFsU3R1ZGlvLlRlc3RUb29scy5XZWJUZXN0aW5nLlJ1bGVzLlZhbGlkYXRpb25SdWxlUmVzcG9uc2VUaW1lR29hbCwgTWljcm9zb2Z0LlZpc3VhbFN0dWRpby5RdWFsaXR5VG9vbHMuV2ViVGVzdEZyYW1ld29yaywgVmVyc2lvbj0xMC4wLjAuMCwgQ3VsdHVyZT1uZXV0cmFsLCBQdWJsaWNLZXlUb2tlbj1iMDNmNWY3ZjExZDUwYTNhIiBEaXNwbGF5TmFtZT0iUmVzcG9uc2UgVGltZSBHb2FsIiBEZXNjcmlwdGlvbj0iVmFsaWRhdGVzIHRoYXQgdGhlIHJlc3BvbnNlIHRpbWUgZm9yIHRoZSByZXF1ZXN0IGlzIGxlc3MgdGhhbiBvciBlcXVhbCB0byB0aGUgcmVzcG9uc2UgdGltZSBnb2FsIGFzIHNwZWNpZmllZCBvbiB0aGUgcmVxdWVzdC4gIFJlc3BvbnNlIHRpbWUgZ29hbHMgb2YgemVybyB3aWxsIGJlIGlnbm9yZWQuIiBMZXZlbD0iTG93IiBFeGVjdHVpb25PcmRlcj0iQWZ0ZXJEZXBlbmRlbnRzIj4NCiAgICAgIDxSdWxlUGFyYW1ldGVycz4NCiAgICAgICAgPFJ1bGVQYXJhbWV0ZXIgTmFtZT0iVG9sZXJhbmNlIiBWYWx1ZT0iMCIgLz4NCiAgICAgIDwvUnVsZVBhcmFtZXRlcnM+DQogICAgPC9WYWxpZGF0aW9uUnVsZT4NCiAgPC9WYWxpZGF0aW9uUnVsZXM+DQo8L1dlYlRlc3Q+">
      <Execution id="5c692227-4b52-42d8-b91e-7870583e8204" />
    </WebTest>
  </TestDefinitions>
  <TestLists>
    <TestList name="Results Not in a List" id="8c84fa94-04c1-424b-9868-57a2d4851a1d" />
    <TestList name="All Loaded Results" id="19431567-8539-422a-85d7-44ee4e166bda" />
  </TestLists>
  <TestEntries>
    <TestEntry isTransparent="false" testId="602c7c08-f877-4c7e-a8db-a05baef9fe3f" executionId="5c692227-4b52-42d8-b91e-7870583e8204" testListId="8c84fa94-04c1-424b-9868-57a2d4851a1d" />
  </TestEntries>
  <Results>
    <WebTestResult executionId="5c692227-4b52-42d8-b91e-7870583e8204" testId="602c7c08-f877-4c7e-a8db-a05baef9fe3f" testName="WebTest2" computerName="CS02" duration="00:00:08.3791868" startTime="2018-06-13T12:43:57.1901316+01:00" endTime="2018-06-13T12:44:16.2226393+01:00" testType="4e7599fa-5ecb-43e9-a887-cd63cf72d207" outcome="Failed" testListId="8c84fa94-04c1-424b-9868-57a2d4851a1d" relativeResultsDirectory="5c692227-4b52-42d8-b91e-7870583e8204">
      <Output>
        <ErrorInfo>
          <Message>5 primary requests, 1 dependant requests and 0 conditional rules failed</Message>
        </ErrorInfo>
      </Output>
      <ResultFiles>
        <ResultFile path="WebTest2.webtestResult" />
      </ResultFiles>
      <TestSettings name="Local" id="879f9405-1edd-43f5-90cf-576a7ef84ea2">
        <Description>These are default test settings for a local test run.</Description>
        <Execution hostProcessPlatform="MSIL">
          <TestTypeSpecific>
            <WebTestRunConfiguration testTypeId="4e7599fa-5ecb-43e9-a887-cd63cf72d207">
              <Browser name="Internet Explorer 9.0" MaxConnections="6">
                <Headers>
                  <Header name="User-Agent" value="Mozilla/5.0 (compatible; MSIE 9.0; Windows NT 6.1; Trident/5.0)" />
                  <Header name="Accept" value="*/*" />
                  <Header name="Accept-Language" value="{{$IEAcceptLanguage}}" />
                  <Header name="Accept-Encoding" value="GZIP" />
                </Headers>
              </Browser>
            </WebTestRunConfiguration>
          </TestTypeSpecific>
          <AgentRule name="Execution Agents">
          </AgentRule>
        </Execution>
        <Deployment runDeploymentRoot="SPAdmin_CS02 2018-06-13 12_43_56" />
        <Properties>
          <Property name="TestSettingsUIType" value="LoadTest" />
        </Properties>
      </TestSettings>
      <WebTestResultFilePath>SPAdmin_CS02 2018-06-13 12_43_56\In\5c692227-4b52-42d8-b91e-7870583e8204\WebTest2.webtestResult</WebTestResultFilePath>
    </WebTestResult>
  </Results>
</TestRun>