<?xml version="1.0" encoding="UTF-8"?>
<TestRun id="261224bd-3e13-47e3-9541-f076addf6e79" name="SPAdmin@CS02 2018-06-13 15:33:31" runUser="CS\SPAdmin" xmlns="http://microsoft.com/schemas/VisualStudio/TeamTest/2010">
  <TestSettings name="Local" id="879f9405-1edd-43f5-90cf-576a7ef84ea2">
    <Description>These are default test settings for a local test run.</Description>
    <Deployment runDeploymentRoot="SPAdmin_CS02 2018-06-13 15_33_31">
      <DeploymentItem filename="SPLoadTesting\File for the version 3.xlsx" />
      <DeploymentItem filename="SPLoadTesting\File for the version 1.xlsx" />
      <DeploymentItem filename="SPLoadTesting\File for the version 2.xlsx" />
    </Deployment>
    <Execution hostProcessPlatform="MSIL">
      <TestTypeSpecific>
        <UnitTestRunConfig testTypeId="13cdc9d9-ddb5-4fa4-a97d-d965ccfc6d4b">
          <AssemblyResolution>
            <TestDirectory useLoadContext="true" />
          </AssemblyResolution>
        </UnitTestRunConfig>
        <WebTestRunConfiguration testTypeId="4e7599fa-5ecb-43e9-a887-cd63cf72d207">
          <Browser name="Internet Explorer 9.0" MaxConnections="6">
            <Headers>
              <Header name="User-Agent" value="Mozilla/5.0 (compatible; MSIE 9.0; Windows NT 6.1; Trident/5.0)" />
              <Header name="Accept" value="*/*" />
              <Header name="Accept-Language" value="{{$IEAcceptLanguage}}" />
              <Header name="Accept-Encoding" value="GZIP" />
            </Headers>
          </Browser>
        </WebTestRunConfiguration>
      </TestTypeSpecific>
      <AgentRule name="LocalMachineDefaultRole">
      </AgentRule>
    </Execution>
    <Properties>
      <Property name="TestSettingsUIType" value="LoadTest" />
    </Properties>
  </TestSettings>
  <Times creation="2018-06-13T15:33:31.1645153+01:00" queuing="2018-06-13T15:33:31.5745466+01:00" start="2018-06-13T15:33:31.7085644+01:00" finish="2018-06-13T15:33:46.7941081+01:00" />
  <ResultSummary outcome="Completed">
    <Counters total="1" executed="1" passed="1" error="0" failed="0" timeout="0" aborted="0" inconclusive="0" passedButRunAborted="0" notRunnable="0" notExecuted="0" disconnected="0" warning="0" completed="0" inProgress="0" pending="0" />
  </ResultSummary>
  <TestDefinitions>
    <WebTest name="UploadFile" storage="c:\users\spadmin\source\repos\sploadtesting\sploadtesting\uploadfile.webtest" id="d2d8123a-ec8e-4a09-8e27-68c936a58d70" persistedWebTest="77u/PD94bWwgdmVyc2lvbj0iMS4wIiBlbmNvZGluZz0iVVRGLTgiIHN0YW5kYWxvbmU9InllcyI/Pg0KPFdlYlRlc3QgTmFtZT0iVXBsb2FkRmlsZSIgSWQ9ImQyZDgxMjNhLWVjOGUtNGEwOS04ZTI3LTY4YzkzNmE1OGQ3MCIgT3duZXI9IiIgUHJpb3JpdHk9IjIxNDc0ODM2NDciIEVuYWJsZWQ9IlRydWUiIENzc1Byb2plY3RTdHJ1Y3R1cmU9IiIgQ3NzSXRlcmF0aW9uPSIiIFRpbWVvdXQ9IjAiIFdvcmtJdGVtSWRzPSIiIHhtbG5zPSJodHRwOi8vbWljcm9zb2Z0LmNvbS9zY2hlbWFzL1Zpc3VhbFN0dWRpby9UZWFtVGVzdC8yMDEwIiBEZXNjcmlwdGlvbj0iIiBDcmVkZW50aWFsVXNlck5hbWU9IiIgQ3JlZGVudGlhbFBhc3N3b3JkPSIiIFByZUF1dGhlbnRpY2F0ZT0iVHJ1ZSIgUHJveHk9ImRlZmF1bHQiIFN0b3BPbkVycm9yPSJGYWxzZSIgUmVjb3JkZWRSZXN1bHRGaWxlPSJXZWJUZXN0My41NGNlYTE4Mi1lMWQ5LTRlNjYtYjI3ZC1iYTIzMTFhNGQwNTYucmVjLndlYnRlc3RyZXN1bHQiIFJlc3VsdHNMb2NhbGU9IiI+DQogIDxJdGVtcz4NCiAgICA8UmVxdWVzdCBNZXRob2Q9IkdFVCIgR3VpZD0iYWRlYjY3ZmYtYTc3NS00NTE5LThkZmEtOTgyY2JlYzBlMjA4IiBWZXJzaW9uPSIxLjEiIFVybD0iaHR0cHM6Ly9zcC5jb3JkaXNzb2x1dGlvbnMuY29tL0FwcHMwMC9fbGF5b3V0cy8xNS9VcGxvYWQuYXNweCIgVGhpbmtUaW1lPSIwIiBUaW1lb3V0PSIzMDAiIFBhcnNlRGVwZW5kZW50UmVxdWVzdHM9IlRydWUiIEZvbGxvd1JlZGlyZWN0cz0iVHJ1ZSIgUmVjb3JkUmVzdWx0PSJUcnVlIiBDYWNoZT0iRmFsc2UiIFJlc3BvbnNlVGltZUdvYWw9IjAiIEVuY29kaW5nPSJ1dGYtOCIgRXhwZWN0ZWRIdHRwU3RhdHVzQ29kZT0iMCIgRXhwZWN0ZWRSZXNwb25zZVVybD0iIiBSZXBvcnRpbmdOYW1lPSIiIElnbm9yZUh0dHBTdGF0dXNDb2RlPSJGYWxzZSI+DQogICAgICA8SGVhZGVycz4NCiAgICAgICAgPEhlYWRlciBOYW1lPSJSZWZlcmVyIiBWYWx1ZT0iaHR0cHM6Ly9zcC5jb3JkaXNzb2x1dGlvbnMuY29tL0FwcHMwMC9TaGFyZWQlMjBEb2N1bWVudHMvRm9ybXMvZGV0YWlsJTIwbGlzdCUyMHdvJTIwZm9sZGVycyUyMDAxLmFzcHg/SW5pdGlhbFRhYklkPVJpYmJvbi5SZWFkJmFtcDtWaXNpYmlsaXR5Q29udGV4dD1XU1NUYWJQZXJzaXN0ZW5jZSIgLz4NCiAgICAgIDwvSGVhZGVycz4NCiAgICAgIDxFeHRyYWN0aW9uUnVsZXM+DQogICAgICAgIDxFeHRyYWN0aW9uUnVsZSBDbGFzc25hbWU9Ik1pY3Jvc29mdC5WaXN1YWxTdHVkaW8uVGVzdFRvb2xzLldlYlRlc3RpbmcuUnVsZXMuRXh0cmFjdFRleHQsIE1pY3Jvc29mdC5WaXN1YWxTdHVkaW8uUXVhbGl0eVRvb2xzLldlYlRlc3RGcmFtZXdvcmssIFZlcnNpb249MTAuMC4wLjAsIEN1bHR1cmU9bmV1dHJhbCwgUHVibGljS2V5VG9rZW49YjAzZjVmN2YxMWQ1MGEzYSIgVmFyaWFibGVOYW1lPSJGb3JtUG9zdFBhcmFtMTEuX19SRVFVRVNURElHRVNUIiBEaXNwbGF5TmFtZT0iRXh0cmFjdCBUZXh0IiBEZXNjcmlwdGlvbj0iRXh0cmFjdCB0ZXh0IGZyb20gdGhlIHJlc3BvbnNlIGFuZCBwbGFjZSBpdCBpbnRvIHRoZSB0ZXN0IGNvbnRleHQuIj4NCiAgICAgICAgICA8UnVsZVBhcmFtZXRlcnM+DQogICAgICAgICAgICA8UnVsZVBhcmFtZXRlciBOYW1lPSJTdGFydHNXaXRoIiBWYWx1ZT0ibHVlPSZxdW90OyIgLz4NCiAgICAgICAgICAgIDxSdWxlUGFyYW1ldGVyIE5hbWU9IkVuZHNXaXRoIiBWYWx1ZT0iJnF1b3Q7IC8mZ3Q7JiN4RDsiIC8+DQogICAgICAgICAgICA8UnVsZVBhcmFtZXRlciBOYW1lPSJJbmRleCIgVmFsdWU9IjE4IiAvPg0KICAgICAgICAgICAgPFJ1bGVQYXJhbWV0ZXIgTmFtZT0iSWdub3JlQ2FzZSIgVmFsdWU9IkZhbHNlIiAvPg0KICAgICAgICAgICAgPFJ1bGVQYXJhbWV0ZXIgTmFtZT0iVXNlUmVndWxhckV4cHJlc3Npb24iIFZhbHVlPSJGYWxzZSIgLz4NCiAgICAgICAgICAgIDxSdWxlUGFyYW1ldGVyIE5hbWU9Ikh0bWxEZWNvZGUiIFZhbHVlPSJUcnVlIiAvPg0KICAgICAgICAgICAgPFJ1bGVQYXJhbWV0ZXIgTmFtZT0iUmVxdWlyZWQiIFZhbHVlPSJGYWxzZSIgLz4NCiAgICAgICAgICA8L1J1bGVQYXJhbWV0ZXJzPg0KICAgICAgICA8L0V4dHJhY3Rpb25SdWxlPg0KICAgICAgPC9FeHRyYWN0aW9uUnVsZXM+DQogICAgICA8Q29ycmVsYXRpb25FeHRyYWN0aW9uUnVsZXM+DQogICAgICAgIDxFeHRyYWN0aW9uUnVsZSBDbGFzc25hbWU9Ik1pY3Jvc29mdC5WaXN1YWxTdHVkaW8uVGVzdFRvb2xzLldlYlRlc3RpbmcuUnVsZXMuRXh0cmFjdFRleHQsIE1pY3Jvc29mdC5WaXN1YWxTdHVkaW8uUXVhbGl0eVRvb2xzLldlYlRlc3RGcmFtZXdvcmssIFZlcnNpb249MTAuMC4wLjAsIEN1bHR1cmU9bmV1dHJhbCwgUHVibGljS2V5VG9rZW49YjAzZjVmN2YxMWQ1MGEzYSIgVmFyaWFibGVOYW1lPSJRdWVyeVN0cmluZ1BhcmFtNC5Jc0RsZyIgRGlzcGxheU5hbWU9IiIgRGVzY3JpcHRpb249IiI+DQogICAgICAgICAgPFJ1bGVQYXJhbWV0ZXJzPg0KICAgICAgICAgICAgPFJ1bGVQYXJhbWV0ZXIgTmFtZT0iU3RhcnRzV2l0aCIgVmFsdWU9IiZhbXA7YW1wO0lzRGxnPSIgLz4NCiAgICAgICAgICAgIDxSdWxlUGFyYW1ldGVyIE5hbWU9IkVuZHNXaXRoIiBWYWx1ZT0iJnF1b3Q7IiAvPg0KICAgICAgICAgICAgPFJ1bGVQYXJhbWV0ZXIgTmFtZT0iSW5kZXgiIFZhbHVlPSIwIiAvPg0KICAgICAgICAgICAgPFJ1bGVQYXJhbWV0ZXIgTmFtZT0iSWdub3JlQ2FzZSIgVmFsdWU9IkZhbHNlIiAvPg0KICAgICAgICAgICAgPFJ1bGVQYXJhbWV0ZXIgTmFtZT0iVXNlUmVndWxhckV4cHJlc3Npb24iIFZhbHVlPSJGYWxzZSIgLz4NCiAgICAgICAgICAgIDxSdWxlUGFyYW1ldGVyIE5hbWU9Ikh0bWxEZWNvZGUiIFZhbHVlPSJUcnVlIiAvPg0KICAgICAgICAgICAgPFJ1bGVQYXJhbWV0ZXIgTmFtZT0iUmVxdWlyZWQiIFZhbHVlPSJGYWxzZSIgLz4NCiAgICAgICAgICA8L1J1bGVQYXJhbWV0ZXJzPg0KICAgICAgICA8L0V4dHJhY3Rpb25SdWxlPg0KICAgICAgICA8RXh0cmFjdGlvblJ1bGUgQ2xhc3NuYW1lPSJNaWNyb3NvZnQuVmlzdWFsU3R1ZGlvLlRlc3RUb29scy5XZWJUZXN0aW5nLlJ1bGVzLkV4dHJhY3RUZXh0LCBNaWNyb3NvZnQuVmlzdWFsU3R1ZGlvLlF1YWxpdHlUb29scy5XZWJUZXN0RnJhbWV3b3JrLCBWZXJzaW9uPTEwLjAuMC4wLCBDdWx0dXJlPW5ldXRyYWwsIFB1YmxpY0tleVRva2VuPWIwM2Y1ZjdmMTFkNTBhM2EiIFZhcmlhYmxlTmFtZT0iUXVlcnlTdHJpbmdQYXJhbTE1Lkxpc3QiIERpc3BsYXlOYW1lPSIiIERlc2NyaXB0aW9uPSIiPg0KICAgICAgICAgIDxSdWxlUGFyYW1ldGVycz4NCiAgICAgICAgICAgIDxSdWxlUGFyYW1ldGVyIE5hbWU9IlN0YXJ0c1dpdGgiIFZhbHVlPSI/TGlzdD0iIC8+DQogICAgICAgICAgICA8UnVsZVBhcmFtZXRlciBOYW1lPSJFbmRzV2l0aCIgVmFsdWU9IiZhbXA7IiAvPg0KICAgICAgICAgICAgPFJ1bGVQYXJhbWV0ZXIgTmFtZT0iSW5kZXgiIFZhbHVlPSIwIiAvPg0KICAgICAgICAgICAgPFJ1bGVQYXJhbWV0ZXIgTmFtZT0iSWdub3JlQ2FzZSIgVmFsdWU9IkZhbHNlIiAvPg0KICAgICAgICAgICAgPFJ1bGVQYXJhbWV0ZXIgTmFtZT0iVXNlUmVndWxhckV4cHJlc3Npb24iIFZhbHVlPSJGYWxzZSIgLz4NCiAgICAgICAgICAgIDxSdWxlUGFyYW1ldGVyIE5hbWU9Ikh0bWxEZWNvZGUiIFZhbHVlPSJUcnVlIiAvPg0KICAgICAgICAgICAgPFJ1bGVQYXJhbWV0ZXIgTmFtZT0iUmVxdWlyZWQiIFZhbHVlPSJGYWxzZSIgLz4NCiAgICAgICAgICA8L1J1bGVQYXJhbWV0ZXJzPg0KICAgICAgICA8L0V4dHJhY3Rpb25SdWxlPg0KICAgICAgICA8RXh0cmFjdGlvblJ1bGUgQ2xhc3NuYW1lPSJNaWNyb3NvZnQuVmlzdWFsU3R1ZGlvLlRlc3RUb29scy5XZWJUZXN0aW5nLlJ1bGVzLkV4dHJhY3RUZXh0LCBNaWNyb3NvZnQuVmlzdWFsU3R1ZGlvLlF1YWxpdHlUb29scy5XZWJUZXN0RnJhbWV3b3JrLCBWZXJzaW9uPTEwLjAuMC4wLCBDdWx0dXJlPW5ldXRyYWwsIFB1YmxpY0tleVRva2VuPWIwM2Y1ZjdmMTFkNTBhM2EiIFZhcmlhYmxlTmFtZT0iUXVlcnlTdHJpbmdQYXJhbTE2LklzRGxnIiBEaXNwbGF5TmFtZT0iIiBEZXNjcmlwdGlvbj0iIj4NCiAgICAgICAgICA8UnVsZVBhcmFtZXRlcnM+DQogICAgICAgICAgICA8UnVsZVBhcmFtZXRlciBOYW1lPSJTdGFydHNXaXRoIiBWYWx1ZT0iJmFtcDthbXA7SXNEbGc9IiAvPg0KICAgICAgICAgICAgPFJ1bGVQYXJhbWV0ZXIgTmFtZT0iRW5kc1dpdGgiIFZhbHVlPSImcXVvdDsiIC8+DQogICAgICAgICAgICA8UnVsZVBhcmFtZXRlciBOYW1lPSJJbmRleCIgVmFsdWU9IjAiIC8+DQogICAgICAgICAgICA8UnVsZVBhcmFtZXRlciBOYW1lPSJJZ25vcmVDYXNlIiBWYWx1ZT0iRmFsc2UiIC8+DQogICAgICAgICAgICA8UnVsZVBhcmFtZXRlciBOYW1lPSJVc2VSZWd1bGFyRXhwcmVzc2lvbiIgVmFsdWU9IkZhbHNlIiAvPg0KICAgICAgICAgICAgPFJ1bGVQYXJhbWV0ZXIgTmFtZT0iSHRtbERlY29kZSIgVmFsdWU9IlRydWUiIC8+DQogICAgICAgICAgICA8UnVsZVBhcmFtZXRlciBOYW1lPSJSZXF1aXJlZCIgVmFsdWU9IkZhbHNlIiAvPg0KICAgICAgICAgIDwvUnVsZVBhcmFtZXRlcnM+DQogICAgICAgIDwvRXh0cmFjdGlvblJ1bGU+DQogICAgICAgIDxFeHRyYWN0aW9uUnVsZSBDbGFzc25hbWU9Ik1pY3Jvc29mdC5WaXN1YWxTdHVkaW8uVGVzdFRvb2xzLldlYlRlc3RpbmcuUnVsZXMuRXh0cmFjdFRleHQsIE1pY3Jvc29mdC5WaXN1YWxTdHVkaW8uUXVhbGl0eVRvb2xzLldlYlRlc3RGcmFtZXdvcmssIFZlcnNpb249MTAuMC4wLjAsIEN1bHR1cmU9bmV1dHJhbCwgUHVibGljS2V5VG9rZW49YjAzZjVmN2YxMWQ1MGEzYSIgVmFyaWFibGVOYW1lPSJGb3JtUG9zdFBhcmFtMS5NU09UbFBuX1ZpZXciIERpc3BsYXlOYW1lPSIiIERlc2NyaXB0aW9uPSIiPg0KICAgICAgICAgIDxSdWxlUGFyYW1ldGVycz4NCiAgICAgICAgICAgIDxSdWxlUGFyYW1ldGVyIE5hbWU9IlN0YXJ0c1dpdGgiIFZhbHVlPSJlbnQ9JnF1b3Q7IiAvPg0KICAgICAgICAgICAgPFJ1bGVQYXJhbWV0ZXIgTmFtZT0iRW5kc1dpdGgiIFZhbHVlPSImcXVvdDsgLyZndDsmI3hEOyIgLz4NCiAgICAgICAgICAgIDxSdWxlUGFyYW1ldGVyIE5hbWU9IkluZGV4IiBWYWx1ZT0iMyIgLz4NCiAgICAgICAgICAgIDxSdWxlUGFyYW1ldGVyIE5hbWU9Iklnbm9yZUNhc2UiIFZhbHVlPSJGYWxzZSIgLz4NCiAgICAgICAgICAgIDxSdWxlUGFyYW1ldGVyIE5hbWU9IlVzZVJlZ3VsYXJFeHByZXNzaW9uIiBWYWx1ZT0iRmFsc2UiIC8+DQogICAgICAgICAgICA8UnVsZVBhcmFtZXRlciBOYW1lPSJIdG1sRGVjb2RlIiBWYWx1ZT0iVHJ1ZSIgLz4NCiAgICAgICAgICAgIDxSdWxlUGFyYW1ldGVyIE5hbWU9IlJlcXVpcmVkIiBWYWx1ZT0iRmFsc2UiIC8+DQogICAgICAgICAgPC9SdWxlUGFyYW1ldGVycz4NCiAgICAgICAgPC9FeHRyYWN0aW9uUnVsZT4NCiAgICAgICAgPEV4dHJhY3Rpb25SdWxlIENsYXNzbmFtZT0iTWljcm9zb2Z0LlZpc3VhbFN0dWRpby5UZXN0VG9vbHMuV2ViVGVzdGluZy5SdWxlcy5FeHRyYWN0VGV4dCwgTWljcm9zb2Z0LlZpc3VhbFN0dWRpby5RdWFsaXR5VG9vbHMuV2ViVGVzdEZyYW1ld29yaywgVmVyc2lvbj0xMC4wLjAuMCwgQ3VsdHVyZT1uZXV0cmFsLCBQdWJsaWNLZXlUb2tlbj1iMDNmNWY3ZjExZDUwYTNhIiBWYXJpYWJsZU5hbWU9IkZvcm1Qb3N0UGFyYW0yLk1TT1RsUG5fU2hvd1NldHRpbmdzIiBEaXNwbGF5TmFtZT0iIiBEZXNjcmlwdGlvbj0iIj4NCiAgICAgICAgICA8UnVsZVBhcmFtZXRlcnM+DQogICAgICAgICAgICA8UnVsZVBhcmFtZXRlciBOYW1lPSJTdGFydHNXaXRoIiBWYWx1ZT0iID0gKCZxdW90OyIgLz4NCiAgICAgICAgICAgIDxSdWxlUGFyYW1ldGVyIE5hbWU9IkVuZHNXaXRoIiBWYWx1ZT0iJnF1b3Q7ID09ICIgLz4NCiAgICAgICAgICAgIDxSdWxlUGFyYW1ldGVyIE5hbWU9IkluZGV4IiBWYWx1ZT0iMCIgLz4NCiAgICAgICAgICAgIDxSdWxlUGFyYW1ldGVyIE5hbWU9Iklnbm9yZUNhc2UiIFZhbHVlPSJGYWxzZSIgLz4NCiAgICAgICAgICAgIDxSdWxlUGFyYW1ldGVyIE5hbWU9IlVzZVJlZ3VsYXJFeHByZXNzaW9uIiBWYWx1ZT0iRmFsc2UiIC8+DQogICAgICAgICAgICA8UnVsZVBhcmFtZXRlciBOYW1lPSJIdG1sRGVjb2RlIiBWYWx1ZT0iVHJ1ZSIgLz4NCiAgICAgICAgICAgIDxSdWxlUGFyYW1ldGVyIE5hbWU9IlJlcXVpcmVkIiBWYWx1ZT0iRmFsc2UiIC8+DQogICAgICAgICAgPC9SdWxlUGFyYW1ldGVycz4NCiAgICAgICAgPC9FeHRyYWN0aW9uUnVsZT4NCiAgICAgICAgPEV4dHJhY3Rpb25SdWxlIENsYXNzbmFtZT0iTWljcm9zb2Z0LlZpc3VhbFN0dWRpby5UZXN0VG9vbHMuV2ViVGVzdGluZy5SdWxlcy5FeHRyYWN0VGV4dCwgTWljcm9zb2Z0LlZpc3VhbFN0dWRpby5RdWFsaXR5VG9vbHMuV2ViVGVzdEZyYW1ld29yaywgVmVyc2lvbj0xMC4wLjAuMCwgQ3VsdHVyZT1uZXV0cmFsLCBQdWJsaWNLZXlUb2tlbj1iMDNmNWY3ZjExZDUwYTNhIiBWYXJpYWJsZU5hbWU9IkZvcm1Qb3N0UGFyYW0zLk1TT1RsUG5fQnV0dG9uIiBEaXNwbGF5TmFtZT0iIiBEZXNjcmlwdGlvbj0iIj4NCiAgICAgICAgICA8UnVsZVBhcmFtZXRlcnM+DQogICAgICAgICAgICA8UnVsZVBhcmFtZXRlciBOYW1lPSJTdGFydHNXaXRoIiBWYWx1ZT0ieSA9ICZxdW90OyIgLz4NCiAgICAgICAgICAgIDxSdWxlUGFyYW1ldGVyIE5hbWU9IkVuZHNXaXRoIiBWYWx1ZT0iJnF1b3Q7OyYjeEQ7JiN4QTsJIiAvPg0KICAgICAgICAgICAgPFJ1bGVQYXJhbWV0ZXIgTmFtZT0iSW5kZXgiIFZhbHVlPSIwIiAvPg0KICAgICAgICAgICAgPFJ1bGVQYXJhbWV0ZXIgTmFtZT0iSWdub3JlQ2FzZSIgVmFsdWU9IkZhbHNlIiAvPg0KICAgICAgICAgICAgPFJ1bGVQYXJhbWV0ZXIgTmFtZT0iVXNlUmVndWxhckV4cHJlc3Npb24iIFZhbHVlPSJGYWxzZSIgLz4NCiAgICAgICAgICAgIDxSdWxlUGFyYW1ldGVyIE5hbWU9Ikh0bWxEZWNvZGUiIFZhbHVlPSJUcnVlIiAvPg0KICAgICAgICAgICAgPFJ1bGVQYXJhbWV0ZXIgTmFtZT0iUmVxdWlyZWQiIFZhbHVlPSJGYWxzZSIgLz4NCiAgICAgICAgICA8L1J1bGVQYXJhbWV0ZXJzPg0KICAgICAgICA8L0V4dHJhY3Rpb25SdWxlPg0KICAgICAgICA8RXh0cmFjdGlvblJ1bGUgQ2xhc3NuYW1lPSJNaWNyb3NvZnQuVmlzdWFsU3R1ZGlvLlRlc3RUb29scy5XZWJUZXN0aW5nLlJ1bGVzLkV4dHJhY3RUZXh0LCBNaWNyb3NvZnQuVmlzdWFsU3R1ZGlvLlF1YWxpdHlUb29scy5XZWJUZXN0RnJhbWV3b3JrLCBWZXJzaW9uPTEwLjAuMC4wLCBDdWx0dXJlPW5ldXRyYWwsIFB1YmxpY0tleVRva2VuPWIwM2Y1ZjdmMTFkNTBhM2EiIFZhcmlhYmxlTmFtZT0iRm9ybVBvc3RQYXJhbTQuX19FVkVOVFRBUkdFVCIgRGlzcGxheU5hbWU9IiIgRGVzY3JpcHRpb249IiI+DQogICAgICAgICAgPFJ1bGVQYXJhbWV0ZXJzPg0KICAgICAgICAgICAgPFJ1bGVQYXJhbWV0ZXIgTmFtZT0iU3RhcnRzV2l0aCIgVmFsdWU9ImFtZT0mcXVvdDsiIC8+DQogICAgICAgICAgICA8UnVsZVBhcmFtZXRlciBOYW1lPSJFbmRzV2l0aCIgVmFsdWU9IiZxdW90OyB0eXAiIC8+DQogICAgICAgICAgICA8UnVsZVBhcmFtZXRlciBOYW1lPSJJbmRleCIgVmFsdWU9IjM1IiAvPg0KICAgICAgICAgICAgPFJ1bGVQYXJhbWV0ZXIgTmFtZT0iSWdub3JlQ2FzZSIgVmFsdWU9IkZhbHNlIiAvPg0KICAgICAgICAgICAgPFJ1bGVQYXJhbWV0ZXIgTmFtZT0iVXNlUmVndWxhckV4cHJlc3Npb24iIFZhbHVlPSJGYWxzZSIgLz4NCiAgICAgICAgICAgIDxSdWxlUGFyYW1ldGVyIE5hbWU9Ikh0bWxEZWNvZGUiIFZhbHVlPSJUcnVlIiAvPg0KICAgICAgICAgICAgPFJ1bGVQYXJhbWV0ZXIgTmFtZT0iUmVxdWlyZWQiIFZhbHVlPSJGYWxzZSIgLz4NCiAgICAgICAgICA8L1J1bGVQYXJhbWV0ZXJzPg0KICAgICAgICA8L0V4dHJhY3Rpb25SdWxlPg0KICAgICAgICA8RXh0cmFjdGlvblJ1bGUgQ2xhc3NuYW1lPSJNaWNyb3NvZnQuVmlzdWFsU3R1ZGlvLlRlc3RUb29scy5XZWJUZXN0aW5nLlJ1bGVzLkV4dHJhY3RUZXh0LCBNaWNyb3NvZnQuVmlzdWFsU3R1ZGlvLlF1YWxpdHlUb29scy5XZWJUZXN0RnJhbWV3b3JrLCBWZXJzaW9uPTEwLjAuMC4wLCBDdWx0dXJlPW5ldXRyYWwsIFB1YmxpY0tleVRva2VuPWIwM2Y1ZjdmMTFkNTBhM2EiIFZhcmlhYmxlTmFtZT0iRm9ybVBvc3RQYXJhbTUuTVNPU1BXZWJQYXJ0TWFuYWdlcl9EaXNwbGF5TW9kZU5hbWUiIERpc3BsYXlOYW1lPSIiIERlc2NyaXB0aW9uPSIiPg0KICAgICAgICAgIDxSdWxlUGFyYW1ldGVycz4NCiAgICAgICAgICAgIDxSdWxlUGFyYW1ldGVyIE5hbWU9IlN0YXJ0c1dpdGgiIFZhbHVlPSJsdWU9JnF1b3Q7IiAvPg0KICAgICAgICAgICAgPFJ1bGVQYXJhbWV0ZXIgTmFtZT0iRW5kc1dpdGgiIFZhbHVlPSImcXVvdDsgLyZndDsmI3hEOyIgLz4NCiAgICAgICAgICAgIDxSdWxlUGFyYW1ldGVyIE5hbWU9IkluZGV4IiBWYWx1ZT0iOSIgLz4NCiAgICAgICAgICAgIDxSdWxlUGFyYW1ldGVyIE5hbWU9Iklnbm9yZUNhc2UiIFZhbHVlPSJGYWxzZSIgLz4NCiAgICAgICAgICAgIDxSdWxlUGFyYW1ldGVyIE5hbWU9IlVzZVJlZ3VsYXJFeHByZXNzaW9uIiBWYWx1ZT0iRmFsc2UiIC8+DQogICAgICAgICAgICA8UnVsZVBhcmFtZXRlciBOYW1lPSJIdG1sRGVjb2RlIiBWYWx1ZT0iVHJ1ZSIgLz4NCiAgICAgICAgICAgIDxSdWxlUGFyYW1ldGVyIE5hbWU9IlJlcXVpcmVkIiBWYWx1ZT0iRmFsc2UiIC8+DQogICAgICAgICAgPC9SdWxlUGFyYW1ldGVycz4NCiAgICAgICAgPC9FeHRyYWN0aW9uUnVsZT4NCiAgICAgICAgPEV4dHJhY3Rpb25SdWxlIENsYXNzbmFtZT0iTWljcm9zb2Z0LlZpc3VhbFN0dWRpby5UZXN0VG9vbHMuV2ViVGVzdGluZy5SdWxlcy5FeHRyYWN0VGV4dCwgTWljcm9zb2Z0LlZpc3VhbFN0dWRpby5RdWFsaXR5VG9vbHMuV2ViVGVzdEZyYW1ld29yaywgVmVyc2lvbj0xMC4wLjAuMCwgQ3VsdHVyZT1uZXV0cmFsLCBQdWJsaWNLZXlUb2tlbj1iMDNmNWY3ZjExZDUwYTNhIiBWYXJpYWJsZU5hbWU9IkZvcm1Qb3N0UGFyYW02Lk1TT1NQV2ViUGFydE1hbmFnZXJfRXhpdGluZ0Rlc2lnbk1vZGUiIERpc3BsYXlOYW1lPSIiIERlc2NyaXB0aW9uPSIiPg0KICAgICAgICAgIDxSdWxlUGFyYW1ldGVycz4NCiAgICAgICAgICAgIDxSdWxlUGFyYW1ldGVyIE5hbWU9IlN0YXJ0c1dpdGgiIFZhbHVlPSJsdWU9JnF1b3Q7IiAvPg0KICAgICAgICAgICAgPFJ1bGVQYXJhbWV0ZXIgTmFtZT0iRW5kc1dpdGgiIFZhbHVlPSImcXVvdDsgLyZndDsmI3hEOyIgLz4NCiAgICAgICAgICAgIDxSdWxlUGFyYW1ldGVyIE5hbWU9IkluZGV4IiBWYWx1ZT0iMTAiIC8+DQogICAgICAgICAgICA8UnVsZVBhcmFtZXRlciBOYW1lPSJJZ25vcmVDYXNlIiBWYWx1ZT0iRmFsc2UiIC8+DQogICAgICAgICAgICA8UnVsZVBhcmFtZXRlciBOYW1lPSJVc2VSZWd1bGFyRXhwcmVzc2lvbiIgVmFsdWU9IkZhbHNlIiAvPg0KICAgICAgICAgICAgPFJ1bGVQYXJhbWV0ZXIgTmFtZT0iSHRtbERlY29kZSIgVmFsdWU9IlRydWUiIC8+DQogICAgICAgICAgICA8UnVsZVBhcmFtZXRlciBOYW1lPSJSZXF1aXJlZCIgVmFsdWU9IkZhbHNlIiAvPg0KICAgICAgICAgIDwvUnVsZVBhcmFtZXRlcnM+DQogICAgICAgIDwvRXh0cmFjdGlvblJ1bGU+DQogICAgICAgIDxFeHRyYWN0aW9uUnVsZSBDbGFzc25hbWU9Ik1pY3Jvc29mdC5WaXN1YWxTdHVkaW8uVGVzdFRvb2xzLldlYlRlc3RpbmcuUnVsZXMuRXh0cmFjdFRleHQsIE1pY3Jvc29mdC5WaXN1YWxTdHVkaW8uUXVhbGl0eVRvb2xzLldlYlRlc3RGcmFtZXdvcmssIFZlcnNpb249MTAuMC4wLjAsIEN1bHR1cmU9bmV1dHJhbCwgUHVibGljS2V5VG9rZW49YjAzZjVmN2YxMWQ1MGEzYSIgVmFyaWFibGVOYW1lPSJGb3JtUG9zdFBhcmFtNy5NU09TUFdlYlBhcnRNYW5hZ2VyX09sZERpc3BsYXlNb2RlTmFtZSIgRGlzcGxheU5hbWU9IiIgRGVzY3JpcHRpb249IiI+DQogICAgICAgICAgPFJ1bGVQYXJhbWV0ZXJzPg0KICAgICAgICAgICAgPFJ1bGVQYXJhbWV0ZXIgTmFtZT0iU3RhcnRzV2l0aCIgVmFsdWU9Imx1ZT0mcXVvdDsiIC8+DQogICAgICAgICAgICA8UnVsZVBhcmFtZXRlciBOYW1lPSJFbmRzV2l0aCIgVmFsdWU9IiZxdW90OyAvJmd0OyYjeEQ7IiAvPg0KICAgICAgICAgICAgPFJ1bGVQYXJhbWV0ZXIgTmFtZT0iSW5kZXgiIFZhbHVlPSI5IiAvPg0KICAgICAgICAgICAgPFJ1bGVQYXJhbWV0ZXIgTmFtZT0iSWdub3JlQ2FzZSIgVmFsdWU9IkZhbHNlIiAvPg0KICAgICAgICAgICAgPFJ1bGVQYXJhbWV0ZXIgTmFtZT0iVXNlUmVndWxhckV4cHJlc3Npb24iIFZhbHVlPSJGYWxzZSIgLz4NCiAgICAgICAgICAgIDxSdWxlUGFyYW1ldGVyIE5hbWU9Ikh0bWxEZWNvZGUiIFZhbHVlPSJUcnVlIiAvPg0KICAgICAgICAgICAgPFJ1bGVQYXJhbWV0ZXIgTmFtZT0iUmVxdWlyZWQiIFZhbHVlPSJGYWxzZSIgLz4NCiAgICAgICAgICA8L1J1bGVQYXJhbWV0ZXJzPg0KICAgICAgICA8L0V4dHJhY3Rpb25SdWxlPg0KICAgICAgICA8RXh0cmFjdGlvblJ1bGUgQ2xhc3NuYW1lPSJNaWNyb3NvZnQuVmlzdWFsU3R1ZGlvLlRlc3RUb29scy5XZWJUZXN0aW5nLlJ1bGVzLkV4dHJhY3RUZXh0LCBNaWNyb3NvZnQuVmlzdWFsU3R1ZGlvLlF1YWxpdHlUb29scy5XZWJUZXN0RnJhbWV3b3JrLCBWZXJzaW9uPTEwLjAuMC4wLCBDdWx0dXJlPW5ldXRyYWwsIFB1YmxpY0tleVRva2VuPWIwM2Y1ZjdmMTFkNTBhM2EiIFZhcmlhYmxlTmFtZT0iRm9ybVBvc3RQYXJhbTguTVNPU1BXZWJQYXJ0TWFuYWdlcl9TdGFydFdlYlBhcnRFZGl0aW5nTmFtZSIgRGlzcGxheU5hbWU9IiIgRGVzY3JpcHRpb249IiI+DQogICAgICAgICAgPFJ1bGVQYXJhbWV0ZXJzPg0KICAgICAgICAgICAgPFJ1bGVQYXJhbWV0ZXIgTmFtZT0iU3RhcnRzV2l0aCIgVmFsdWU9Imx1ZT0mcXVvdDsiIC8+DQogICAgICAgICAgICA8UnVsZVBhcmFtZXRlciBOYW1lPSJFbmRzV2l0aCIgVmFsdWU9IiZxdW90OyAvJmd0OyYjeEQ7IiAvPg0KICAgICAgICAgICAgPFJ1bGVQYXJhbWV0ZXIgTmFtZT0iSW5kZXgiIFZhbHVlPSIxMCIgLz4NCiAgICAgICAgICAgIDxSdWxlUGFyYW1ldGVyIE5hbWU9Iklnbm9yZUNhc2UiIFZhbHVlPSJGYWxzZSIgLz4NCiAgICAgICAgICAgIDxSdWxlUGFyYW1ldGVyIE5hbWU9IlVzZVJlZ3VsYXJFeHByZXNzaW9uIiBWYWx1ZT0iRmFsc2UiIC8+DQogICAgICAgICAgICA8UnVsZVBhcmFtZXRlciBOYW1lPSJIdG1sRGVjb2RlIiBWYWx1ZT0iVHJ1ZSIgLz4NCiAgICAgICAgICAgIDxSdWxlUGFyYW1ldGVyIE5hbWU9IlJlcXVpcmVkIiBWYWx1ZT0iRmFsc2UiIC8+DQogICAgICAgICAgPC9SdWxlUGFyYW1ldGVycz4NCiAgICAgICAgPC9FeHRyYWN0aW9uUnVsZT4NCiAgICAgICAgPEV4dHJhY3Rpb25SdWxlIENsYXNzbmFtZT0iTWljcm9zb2Z0LlZpc3VhbFN0dWRpby5UZXN0VG9vbHMuV2ViVGVzdGluZy5SdWxlcy5FeHRyYWN0VGV4dCwgTWljcm9zb2Z0LlZpc3VhbFN0dWRpby5RdWFsaXR5VG9vbHMuV2ViVGVzdEZyYW1ld29yaywgVmVyc2lvbj0xMC4wLjAuMCwgQ3VsdHVyZT1uZXV0cmFsLCBQdWJsaWNLZXlUb2tlbj1iMDNmNWY3ZjExZDUwYTNhIiBWYXJpYWJsZU5hbWU9IkZvcm1Qb3N0UGFyYW05Lk1TT1NQV2ViUGFydE1hbmFnZXJfRW5kV2ViUGFydEVkaXRpbmciIERpc3BsYXlOYW1lPSIiIERlc2NyaXB0aW9uPSIiPg0KICAgICAgICAgIDxSdWxlUGFyYW1ldGVycz4NCiAgICAgICAgICAgIDxSdWxlUGFyYW1ldGVyIE5hbWU9IlN0YXJ0c1dpdGgiIFZhbHVlPSJsdWU9JnF1b3Q7IiAvPg0KICAgICAgICAgICAgPFJ1bGVQYXJhbWV0ZXIgTmFtZT0iRW5kc1dpdGgiIFZhbHVlPSImcXVvdDsgLyZndDsmI3hEOyIgLz4NCiAgICAgICAgICAgIDxSdWxlUGFyYW1ldGVyIE5hbWU9IkluZGV4IiBWYWx1ZT0iMTAiIC8+DQogICAgICAgICAgICA8UnVsZVBhcmFtZXRlciBOYW1lPSJJZ25vcmVDYXNlIiBWYWx1ZT0iRmFsc2UiIC8+DQogICAgICAgICAgICA8UnVsZVBhcmFtZXRlciBOYW1lPSJVc2VSZWd1bGFyRXhwcmVzc2lvbiIgVmFsdWU9IkZhbHNlIiAvPg0KICAgICAgICAgICAgPFJ1bGVQYXJhbWV0ZXIgTmFtZT0iSHRtbERlY29kZSIgVmFsdWU9IlRydWUiIC8+DQogICAgICAgICAgICA8UnVsZVBhcmFtZXRlciBOYW1lPSJSZXF1aXJlZCIgVmFsdWU9IkZhbHNlIiAvPg0KICAgICAgICAgIDwvUnVsZVBhcmFtZXRlcnM+DQogICAgICAgIDwvRXh0cmFjdGlvblJ1bGU+DQogICAgICAgIDxFeHRyYWN0aW9uUnVsZSBDbGFzc25hbWU9Ik1pY3Jvc29mdC5WaXN1YWxTdHVkaW8uVGVzdFRvb2xzLldlYlRlc3RpbmcuUnVsZXMuRXh0cmFjdFRleHQsIE1pY3Jvc29mdC5WaXN1YWxTdHVkaW8uUXVhbGl0eVRvb2xzLldlYlRlc3RGcmFtZXdvcmssIFZlcnNpb249MTAuMC4wLjAsIEN1bHR1cmU9bmV1dHJhbCwgUHVibGljS2V5VG9rZW49YjAzZjVmN2YxMWQ1MGEzYSIgVmFyaWFibGVOYW1lPSJGb3JtUG9zdFBhcmFtMTAuX21haW50YWluV29ya3NwYWNlU2Nyb2xsUG9zaXRpb24iIERpc3BsYXlOYW1lPSIiIERlc2NyaXB0aW9uPSIiPg0KICAgICAgICAgIDxSdWxlUGFyYW1ldGVycz4NCiAgICAgICAgICAgIDxSdWxlUGFyYW1ldGVyIE5hbWU9IlN0YXJ0c1dpdGgiIFZhbHVlPSJlbnQ9JnF1b3Q7IiAvPg0KICAgICAgICAgICAgPFJ1bGVQYXJhbWV0ZXIgTmFtZT0iRW5kc1dpdGgiIFZhbHVlPSImcXVvdDsgLyZndDsmI3hEOyIgLz4NCiAgICAgICAgICAgIDxSdWxlUGFyYW1ldGVyIE5hbWU9IkluZGV4IiBWYWx1ZT0iMyIgLz4NCiAgICAgICAgICAgIDxSdWxlUGFyYW1ldGVyIE5hbWU9Iklnbm9yZUNhc2UiIFZhbHVlPSJGYWxzZSIgLz4NCiAgICAgICAgICAgIDxSdWxlUGFyYW1ldGVyIE5hbWU9IlVzZVJlZ3VsYXJFeHByZXNzaW9uIiBWYWx1ZT0iRmFsc2UiIC8+DQogICAgICAgICAgICA8UnVsZVBhcmFtZXRlciBOYW1lPSJIdG1sRGVjb2RlIiBWYWx1ZT0iVHJ1ZSIgLz4NCiAgICAgICAgICAgIDxSdWxlUGFyYW1ldGVyIE5hbWU9IlJlcXVpcmVkIiBWYWx1ZT0iRmFsc2UiIC8+DQogICAgICAgICAgPC9SdWxlUGFyYW1ldGVycz4NCiAgICAgICAgPC9FeHRyYWN0aW9uUnVsZT4NCiAgICAgICAgPEV4dHJhY3Rpb25SdWxlIENsYXNzbmFtZT0iTWljcm9zb2Z0LlZpc3VhbFN0dWRpby5UZXN0VG9vbHMuV2ViVGVzdGluZy5SdWxlcy5FeHRyYWN0VGV4dCwgTWljcm9zb2Z0LlZpc3VhbFN0dWRpby5RdWFsaXR5VG9vbHMuV2ViVGVzdEZyYW1ld29yaywgVmVyc2lvbj0xMC4wLjAuMCwgQ3VsdHVyZT1uZXV0cmFsLCBQdWJsaWNLZXlUb2tlbj1iMDNmNWY3ZjExZDUwYTNhIiBWYXJpYWJsZU5hbWU9IkZvcm1Qb3N0UGFyYW0xMi5fX1ZJRVdTVEFURSIgRGlzcGxheU5hbWU9IiIgRGVzY3JpcHRpb249IiI+DQogICAgICAgICAgPFJ1bGVQYXJhbWV0ZXJzPg0KICAgICAgICAgICAgPFJ1bGVQYXJhbWV0ZXIgTmFtZT0iU3RhcnRzV2l0aCIgVmFsdWU9Imx1ZT0mcXVvdDsiIC8+DQogICAgICAgICAgICA8UnVsZVBhcmFtZXRlciBOYW1lPSJFbmRzV2l0aCIgVmFsdWU9IiZxdW90OyAvJmd0OyYjeEQ7IiAvPg0KICAgICAgICAgICAgPFJ1bGVQYXJhbWV0ZXIgTmFtZT0iSW5kZXgiIFZhbHVlPSIxOSIgLz4NCiAgICAgICAgICAgIDxSdWxlUGFyYW1ldGVyIE5hbWU9Iklnbm9yZUNhc2UiIFZhbHVlPSJGYWxzZSIgLz4NCiAgICAgICAgICAgIDxSdWxlUGFyYW1ldGVyIE5hbWU9IlVzZVJlZ3VsYXJFeHByZXNzaW9uIiBWYWx1ZT0iRmFsc2UiIC8+DQogICAgICAgICAgICA8UnVsZVBhcmFtZXRlciBOYW1lPSJIdG1sRGVjb2RlIiBWYWx1ZT0iVHJ1ZSIgLz4NCiAgICAgICAgICAgIDxSdWxlUGFyYW1ldGVyIE5hbWU9IlJlcXVpcmVkIiBWYWx1ZT0iRmFsc2UiIC8+DQogICAgICAgICAgPC9SdWxlUGFyYW1ldGVycz4NCiAgICAgICAgPC9FeHRyYWN0aW9uUnVsZT4NCiAgICAgICAgPEV4dHJhY3Rpb25SdWxlIENsYXNzbmFtZT0iTWljcm9zb2Z0LlZpc3VhbFN0dWRpby5UZXN0VG9vbHMuV2ViVGVzdGluZy5SdWxlcy5FeHRyYWN0VGV4dCwgTWljcm9zb2Z0LlZpc3VhbFN0dWRpby5RdWFsaXR5VG9vbHMuV2ViVGVzdEZyYW1ld29yaywgVmVyc2lvbj0xMC4wLjAuMCwgQ3VsdHVyZT1uZXV0cmFsLCBQdWJsaWNLZXlUb2tlbj1iMDNmNWY3ZjExZDUwYTNhIiBWYXJpYWJsZU5hbWU9IkZvcm1Qb3N0UGFyYW0xMy5fX1ZJRVdTVEFURUdFTkVSQVRPUiIgRGlzcGxheU5hbWU9IiIgRGVzY3JpcHRpb249IiI+DQogICAgICAgICAgPFJ1bGVQYXJhbWV0ZXJzPg0KICAgICAgICAgICAgPFJ1bGVQYXJhbWV0ZXIgTmFtZT0iU3RhcnRzV2l0aCIgVmFsdWU9Imx1ZT0mcXVvdDsiIC8+DQogICAgICAgICAgICA8UnVsZVBhcmFtZXRlciBOYW1lPSJFbmRzV2l0aCIgVmFsdWU9IiZxdW90OyAvJmd0OyYjeEQ7IiAvPg0KICAgICAgICAgICAgPFJ1bGVQYXJhbWV0ZXIgTmFtZT0iSW5kZXgiIFZhbHVlPSIyMCIgLz4NCiAgICAgICAgICAgIDxSdWxlUGFyYW1ldGVyIE5hbWU9Iklnbm9yZUNhc2UiIFZhbHVlPSJGYWxzZSIgLz4NCiAgICAgICAgICAgIDxSdWxlUGFyYW1ldGVyIE5hbWU9IlVzZVJlZ3VsYXJFeHByZXNzaW9uIiBWYWx1ZT0iRmFsc2UiIC8+DQogICAgICAgICAgICA8UnVsZVBhcmFtZXRlciBOYW1lPSJIdG1sRGVjb2RlIiBWYWx1ZT0iVHJ1ZSIgLz4NCiAgICAgICAgICAgIDxSdWxlUGFyYW1ldGVyIE5hbWU9IlJlcXVpcmVkIiBWYWx1ZT0iRmFsc2UiIC8+DQogICAgICAgICAgPC9SdWxlUGFyYW1ldGVycz4NCiAgICAgICAgPC9FeHRyYWN0aW9uUnVsZT4NCiAgICAgICAgPEV4dHJhY3Rpb25SdWxlIENsYXNzbmFtZT0iTWljcm9zb2Z0LlZpc3VhbFN0dWRpby5UZXN0VG9vbHMuV2ViVGVzdGluZy5SdWxlcy5FeHRyYWN0VGV4dCwgTWljcm9zb2Z0LlZpc3VhbFN0dWRpby5RdWFsaXR5VG9vbHMuV2ViVGVzdEZyYW1ld29yaywgVmVyc2lvbj0xMC4wLjAuMCwgQ3VsdHVyZT1uZXV0cmFsLCBQdWJsaWNLZXlUb2tlbj1iMDNmNWY3ZjExZDUwYTNhIiBWYXJpYWJsZU5hbWU9IkZvcm1Qb3N0UGFyYW0xNC5fX1NDUk9MTFBPU0lUSU9OWCIgRGlzcGxheU5hbWU9IiIgRGVzY3JpcHRpb249IiI+DQogICAgICAgICAgPFJ1bGVQYXJhbWV0ZXJzPg0KICAgICAgICAgICAgPFJ1bGVQYXJhbWV0ZXIgTmFtZT0iU3RhcnRzV2l0aCIgVmFsdWU9ImVudD0mcXVvdDsiIC8+DQogICAgICAgICAgICA8UnVsZVBhcmFtZXRlciBOYW1lPSJFbmRzV2l0aCIgVmFsdWU9IiZxdW90OyAvJmd0OyYjeEQ7IiAvPg0KICAgICAgICAgICAgPFJ1bGVQYXJhbWV0ZXIgTmFtZT0iSW5kZXgiIFZhbHVlPSIzIiAvPg0KICAgICAgICAgICAgPFJ1bGVQYXJhbWV0ZXIgTmFtZT0iSWdub3JlQ2FzZSIgVmFsdWU9IkZhbHNlIiAvPg0KICAgICAgICAgICAgPFJ1bGVQYXJhbWV0ZXIgTmFtZT0iVXNlUmVndWxhckV4cHJlc3Npb24iIFZhbHVlPSJGYWxzZSIgLz4NCiAgICAgICAgICAgIDxSdWxlUGFyYW1ldGVyIE5hbWU9Ikh0bWxEZWNvZGUiIFZhbHVlPSJUcnVlIiAvPg0KICAgICAgICAgICAgPFJ1bGVQYXJhbWV0ZXIgTmFtZT0iUmVxdWlyZWQiIFZhbHVlPSJGYWxzZSIgLz4NCiAgICAgICAgICA8L1J1bGVQYXJhbWV0ZXJzPg0KICAgICAgICA8L0V4dHJhY3Rpb25SdWxlPg0KICAgICAgICA8RXh0cmFjdGlvblJ1bGUgQ2xhc3NuYW1lPSJNaWNyb3NvZnQuVmlzdWFsU3R1ZGlvLlRlc3RUb29scy5XZWJUZXN0aW5nLlJ1bGVzLkV4dHJhY3RUZXh0LCBNaWNyb3NvZnQuVmlzdWFsU3R1ZGlvLlF1YWxpdHlUb29scy5XZWJUZXN0RnJhbWV3b3JrLCBWZXJzaW9uPTEwLjAuMC4wLCBDdWx0dXJlPW5ldXRyYWwsIFB1YmxpY0tleVRva2VuPWIwM2Y1ZjdmMTFkNTBhM2EiIFZhcmlhYmxlTmFtZT0iRm9ybVBvc3RQYXJhbTE1Ll9fU0NST0xMUE9TSVRJT05ZIiBEaXNwbGF5TmFtZT0iIiBEZXNjcmlwdGlvbj0iIj4NCiAgICAgICAgICA8UnVsZVBhcmFtZXRlcnM+DQogICAgICAgICAgICA8UnVsZVBhcmFtZXRlciBOYW1lPSJTdGFydHNXaXRoIiBWYWx1ZT0iZW50PSZxdW90OyIgLz4NCiAgICAgICAgICAgIDxSdWxlUGFyYW1ldGVyIE5hbWU9IkVuZHNXaXRoIiBWYWx1ZT0iJnF1b3Q7IC8mZ3Q7JiN4RDsiIC8+DQogICAgICAgICAgICA8UnVsZVBhcmFtZXRlciBOYW1lPSJJbmRleCIgVmFsdWU9IjMiIC8+DQogICAgICAgICAgICA8UnVsZVBhcmFtZXRlciBOYW1lPSJJZ25vcmVDYXNlIiBWYWx1ZT0iRmFsc2UiIC8+DQogICAgICAgICAgICA8UnVsZVBhcmFtZXRlciBOYW1lPSJVc2VSZWd1bGFyRXhwcmVzc2lvbiIgVmFsdWU9IkZhbHNlIiAvPg0KICAgICAgICAgICAgPFJ1bGVQYXJhbWV0ZXIgTmFtZT0iSHRtbERlY29kZSIgVmFsdWU9IlRydWUiIC8+DQogICAgICAgICAgICA8UnVsZVBhcmFtZXRlciBOYW1lPSJSZXF1aXJlZCIgVmFsdWU9IkZhbHNlIiAvPg0KICAgICAgICAgIDwvUnVsZVBhcmFtZXRlcnM+DQogICAgICAgIDwvRXh0cmFjdGlvblJ1bGU+DQogICAgICAgIDxFeHRyYWN0aW9uUnVsZSBDbGFzc25hbWU9Ik1pY3Jvc29mdC5WaXN1YWxTdHVkaW8uVGVzdFRvb2xzLldlYlRlc3RpbmcuUnVsZXMuRXh0cmFjdFRleHQsIE1pY3Jvc29mdC5WaXN1YWxTdHVkaW8uUXVhbGl0eVRvb2xzLldlYlRlc3RGcmFtZXdvcmssIFZlcnNpb249MTAuMC4wLjAsIEN1bHR1cmU9bmV1dHJhbCwgUHVibGljS2V5VG9rZW49YjAzZjVmN2YxMWQ1MGEzYSIgVmFyaWFibGVOYW1lPSJGb3JtUG9zdFBhcmFtMTYuX19FVkVOVFZBTElEQVRJT04iIERpc3BsYXlOYW1lPSIiIERlc2NyaXB0aW9uPSIiPg0KICAgICAgICAgIDxSdWxlUGFyYW1ldGVycz4NCiAgICAgICAgICAgIDxSdWxlUGFyYW1ldGVyIE5hbWU9IlN0YXJ0c1dpdGgiIFZhbHVlPSJsdWU9JnF1b3Q7IiAvPg0KICAgICAgICAgICAgPFJ1bGVQYXJhbWV0ZXIgTmFtZT0iRW5kc1dpdGgiIFZhbHVlPSImcXVvdDsgLyZndDsmI3hEOyIgLz4NCiAgICAgICAgICAgIDxSdWxlUGFyYW1ldGVyIE5hbWU9IkluZGV4IiBWYWx1ZT0iMjMiIC8+DQogICAgICAgICAgICA8UnVsZVBhcmFtZXRlciBOYW1lPSJJZ25vcmVDYXNlIiBWYWx1ZT0iRmFsc2UiIC8+DQogICAgICAgICAgICA8UnVsZVBhcmFtZXRlciBOYW1lPSJVc2VSZWd1bGFyRXhwcmVzc2lvbiIgVmFsdWU9IkZhbHNlIiAvPg0KICAgICAgICAgICAgPFJ1bGVQYXJhbWV0ZXIgTmFtZT0iSHRtbERlY29kZSIgVmFsdWU9IlRydWUiIC8+DQogICAgICAgICAgICA8UnVsZVBhcmFtZXRlciBOYW1lPSJSZXF1aXJlZCIgVmFsdWU9IkZhbHNlIiAvPg0KICAgICAgICAgIDwvUnVsZVBhcmFtZXRlcnM+DQogICAgICAgIDwvRXh0cmFjdGlvblJ1bGU+DQogICAgICAgIDxFeHRyYWN0aW9uUnVsZSBDbGFzc25hbWU9Ik1pY3Jvc29mdC5WaXN1YWxTdHVkaW8uVGVzdFRvb2xzLldlYlRlc3RpbmcuUnVsZXMuRXh0cmFjdFRleHQsIE1pY3Jvc29mdC5WaXN1YWxTdHVkaW8uUXVhbGl0eVRvb2xzLldlYlRlc3RGcmFtZXdvcmssIFZlcnNpb249MTAuMC4wLjAsIEN1bHR1cmU9bmV1dHJhbCwgUHVibGljS2V5VG9rZW49YjAzZjVmN2YxMWQ1MGEzYSIgVmFyaWFibGVOYW1lPSJGb3JtUG9zdFBhcmFtMTcuZGVzdGluYXRpb24iIERpc3BsYXlOYW1lPSIiIERlc2NyaXB0aW9uPSIiPg0KICAgICAgICAgIDxSdWxlUGFyYW1ldGVycz4NCiAgICAgICAgICAgIDxSdWxlUGFyYW1ldGVyIE5hbWU9IlN0YXJ0c1dpdGgiIFZhbHVlPSJsdWU9JnF1b3Q7IiAvPg0KICAgICAgICAgICAgPFJ1bGVQYXJhbWV0ZXIgTmFtZT0iRW5kc1dpdGgiIFZhbHVlPSImcXVvdDsgLyZndDsmI3hEOyIgLz4NCiAgICAgICAgICAgIDxSdWxlUGFyYW1ldGVyIE5hbWU9IkluZGV4IiBWYWx1ZT0iMjUiIC8+DQogICAgICAgICAgICA8UnVsZVBhcmFtZXRlciBOYW1lPSJJZ25vcmVDYXNlIiBWYWx1ZT0iRmFsc2UiIC8+DQogICAgICAgICAgICA8UnVsZVBhcmFtZXRlciBOYW1lPSJVc2VSZWd1bGFyRXhwcmVzc2lvbiIgVmFsdWU9IkZhbHNlIiAvPg0KICAgICAgICAgICAgPFJ1bGVQYXJhbWV0ZXIgTmFtZT0iSHRtbERlY29kZSIgVmFsdWU9IlRydWUiIC8+DQogICAgICAgICAgICA8UnVsZVBhcmFtZXRlciBOYW1lPSJSZXF1aXJlZCIgVmFsdWU9IkZhbHNlIiAvPg0KICAgICAgICAgIDwvUnVsZVBhcmFtZXRlcnM+DQogICAgICAgIDwvRXh0cmFjdGlvblJ1bGU+DQogICAgICAgIDxFeHRyYWN0aW9uUnVsZSBDbGFzc25hbWU9Ik1pY3Jvc29mdC5WaXN1YWxTdHVkaW8uVGVzdFRvb2xzLldlYlRlc3RpbmcuUnVsZXMuRXh0cmFjdFRleHQsIE1pY3Jvc29mdC5WaXN1YWxTdHVkaW8uUXVhbGl0eVRvb2xzLldlYlRlc3RGcmFtZXdvcmssIFZlcnNpb249MTAuMC4wLjAsIEN1bHR1cmU9bmV1dHJhbCwgUHVibGljS2V5VG9rZW49YjAzZjVmN2YxMWQ1MGEzYSIgVmFyaWFibGVOYW1lPSJGb3JtUG9zdFBhcmFtMTguY3RsMDAkUGxhY2VIb2xkZXJNYWluJGN0bDA1JGN0bDAxJHVwbG9hZExvY2F0aW9uIiBEaXNwbGF5TmFtZT0iIiBEZXNjcmlwdGlvbj0iIj4NCiAgICAgICAgICA8UnVsZVBhcmFtZXRlcnM+DQogICAgICAgICAgICA8UnVsZVBhcmFtZXRlciBOYW1lPSJTdGFydHNXaXRoIiBWYWx1ZT0iID09ICZxdW90OyIgLz4NCiAgICAgICAgICAgIDxSdWxlUGFyYW1ldGVyIE5hbWU9IkVuZHNXaXRoIiBWYWx1ZT0iJnF1b3Q7KSYjeEQ7JiN4QTsJIiAvPg0KICAgICAgICAgICAgPFJ1bGVQYXJhbWV0ZXIgTmFtZT0iSW5kZXgiIFZhbHVlPSIzIiAvPg0KICAgICAgICAgICAgPFJ1bGVQYXJhbWV0ZXIgTmFtZT0iSWdub3JlQ2FzZSIgVmFsdWU9IkZhbHNlIiAvPg0KICAgICAgICAgICAgPFJ1bGVQYXJhbWV0ZXIgTmFtZT0iVXNlUmVndWxhckV4cHJlc3Npb24iIFZhbHVlPSJGYWxzZSIgLz4NCiAgICAgICAgICAgIDxSdWxlUGFyYW1ldGVyIE5hbWU9Ikh0bWxEZWNvZGUiIFZhbHVlPSJUcnVlIiAvPg0KICAgICAgICAgICAgPFJ1bGVQYXJhbWV0ZXIgTmFtZT0iUmVxdWlyZWQiIFZhbHVlPSJGYWxzZSIgLz4NCiAgICAgICAgICA8L1J1bGVQYXJhbWV0ZXJzPg0KICAgICAgICA8L0V4dHJhY3Rpb25SdWxlPg0KICAgICAgPC9Db3JyZWxhdGlvbkV4dHJhY3Rpb25SdWxlcz4NCiAgICAgIDxRdWVyeVN0cmluZ1BhcmFtZXRlcnM+DQogICAgICAgIDxRdWVyeVN0cmluZ1BhcmFtZXRlciBOYW1lPSJMaXN0IiBWYWx1ZT0ie0VEMjgxOTJBLTNCNjctNDNEOC1CQThBLURDQ0EzQUNFN0QwQn0iIFJlY29yZGVkVmFsdWU9IntFRDI4MTkyQS0zQjY3LTQzRDgtQkE4QS1EQ0NBM0FDRTdEMEJ9IiBDb3JyZWxhdGlvbkJpbmRpbmc9IiIgVXJsRW5jb2RlPSJGYWxzZSIgVXNlVG9Hcm91cFJlc3VsdHM9IkZhbHNlIiAvPg0KICAgICAgICA8UXVlcnlTdHJpbmdQYXJhbWV0ZXIgTmFtZT0iUm9vdEZvbGRlciIgVmFsdWU9IiIgUmVjb3JkZWRWYWx1ZT0iIiBDb3JyZWxhdGlvbkJpbmRpbmc9IiIgVXJsRW5jb2RlPSJGYWxzZSIgVXNlVG9Hcm91cFJlc3VsdHM9IkZhbHNlIiAvPg0KICAgICAgICA8UXVlcnlTdHJpbmdQYXJhbWV0ZXIgTmFtZT0iSXNEbGciIFZhbHVlPSIxIiBSZWNvcmRlZFZhbHVlPSIxIiBDb3JyZWxhdGlvbkJpbmRpbmc9IiIgVXJsRW5jb2RlPSJGYWxzZSIgVXNlVG9Hcm91cFJlc3VsdHM9IkZhbHNlIiAvPg0KICAgICAgPC9RdWVyeVN0cmluZ1BhcmFtZXRlcnM+DQogICAgPC9SZXF1ZXN0Pg0KICAgIDxSZXF1ZXN0IE1ldGhvZD0iR0VUIiBHdWlkPSIyNTk2MDE4ZS0zOThmLTQ1NmQtYjdlYi1lZmEwNTQzZDlkZDgiIFZlcnNpb249IjEuMSIgVXJsPSJodHRwczovL3NwLmNvcmRpc3NvbHV0aW9ucy5jb20vQXBwczAwL19sYXlvdXRzLzE1L2NvbW1hbmR1aS5hc2h4IiBUaGlua1RpbWU9IjAiIFRpbWVvdXQ9IjMwMCIgUGFyc2VEZXBlbmRlbnRSZXF1ZXN0cz0iVHJ1ZSIgRm9sbG93UmVkaXJlY3RzPSJUcnVlIiBSZWNvcmRSZXN1bHQ9IlRydWUiIENhY2hlPSJGYWxzZSIgUmVzcG9uc2VUaW1lR29hbD0iMCIgRW5jb2Rpbmc9InV0Zi04IiBFeHBlY3RlZEh0dHBTdGF0dXNDb2RlPSIwIiBFeHBlY3RlZFJlc3BvbnNlVXJsPSIiIFJlcG9ydGluZ05hbWU9IiIgSWdub3JlSHR0cFN0YXR1c0NvZGU9IkZhbHNlIj4NCiAgICAgIDxIZWFkZXJzPg0KICAgICAgICA8SGVhZGVyIE5hbWU9IlgtUmVxdWVzdGVkLVdpdGgiIFZhbHVlPSJYTUxIdHRwUmVxdWVzdCIgLz4NCiAgICAgICAgPEhlYWRlciBOYW1lPSJSZWZlcmVyIiBWYWx1ZT0iaHR0cHM6Ly9zcC5jb3JkaXNzb2x1dGlvbnMuY29tL0FwcHMwMC9TaGFyZWQlMjBEb2N1bWVudHMvRm9ybXMvZGV0YWlsJTIwbGlzdCUyMHdvJTIwZm9sZGVycyUyMDAxLmFzcHg/SW5pdGlhbFRhYklkPVJpYmJvbi5SZWFkJmFtcDtWaXNpYmlsaXR5Q29udGV4dD1XU1NUYWJQZXJzaXN0ZW5jZSIgLz4NCiAgICAgIDwvSGVhZGVycz4NCiAgICAgIDxRdWVyeVN0cmluZ1BhcmFtZXRlcnM+DQogICAgICAgIDxRdWVyeVN0cmluZ1BhcmFtZXRlciBOYW1lPSJ2ZXIiIFZhbHVlPSI4MjMxNTM1NTYiIFJlY29yZGVkVmFsdWU9IjgyMzE1MzU1NiIgQ29ycmVsYXRpb25CaW5kaW5nPSIiIFVybEVuY29kZT0iRmFsc2UiIFVzZVRvR3JvdXBSZXN1bHRzPSJGYWxzZSIgLz4NCiAgICAgICAgPFF1ZXJ5U3RyaW5nUGFyYW1ldGVyIE5hbWU9ImxjaWQiIFZhbHVlPSIxMDMzIiBSZWNvcmRlZFZhbHVlPSIxMDMzIiBDb3JyZWxhdGlvbkJpbmRpbmc9IiIgVXJsRW5jb2RlPSJGYWxzZSIgVXNlVG9Hcm91cFJlc3VsdHM9IkZhbHNlIiAvPg0KICAgICAgICA8UXVlcnlTdHJpbmdQYXJhbWV0ZXIgTmFtZT0icXQiIFZhbHVlPSJjb21tYW5kaGFuZGxlcnMiIFJlY29yZGVkVmFsdWU9ImNvbW1hbmRoYW5kbGVycyIgQ29ycmVsYXRpb25CaW5kaW5nPSIiIFVybEVuY29kZT0iRmFsc2UiIFVzZVRvR3JvdXBSZXN1bHRzPSJGYWxzZSIgLz4NCiAgICAgIDwvUXVlcnlTdHJpbmdQYXJhbWV0ZXJzPg0KICAgIDwvUmVxdWVzdD4NCiAgICA8UmVxdWVzdCBNZXRob2Q9IlBPU1QiIEd1aWQ9ImRjOTc4NGZmLTYyZDItNDg5Ny1hYTAwLTQ3ZDc2NjA0NjU3YyIgVmVyc2lvbj0iMS4xIiBVcmw9Imh0dHBzOi8vc3AuY29yZGlzc29sdXRpb25zLmNvbS9BcHBzMDAvX2xheW91dHMvMTUvY29tbWFuZHVpLmFzaHgiIFRoaW5rVGltZT0iMCIgVGltZW91dD0iMzAwIiBQYXJzZURlcGVuZGVudFJlcXVlc3RzPSJUcnVlIiBGb2xsb3dSZWRpcmVjdHM9IlRydWUiIFJlY29yZFJlc3VsdD0iVHJ1ZSIgQ2FjaGU9IkZhbHNlIiBSZXNwb25zZVRpbWVHb2FsPSIwIiBFbmNvZGluZz0idXRmLTgiIEV4cGVjdGVkSHR0cFN0YXR1c0NvZGU9IjAiIEV4cGVjdGVkUmVzcG9uc2VVcmw9IiIgUmVwb3J0aW5nTmFtZT0iIiBJZ25vcmVIdHRwU3RhdHVzQ29kZT0iRmFsc2UiPg0KICAgICAgPEhlYWRlcnM+DQogICAgICAgIDxIZWFkZXIgTmFtZT0iWC1SZXF1ZXN0ZWQtV2l0aCIgVmFsdWU9IlhNTEh0dHBSZXF1ZXN0IiAvPg0KICAgICAgICA8SGVhZGVyIE5hbWU9IlJlZmVyZXIiIFZhbHVlPSJodHRwczovL3NwLmNvcmRpc3NvbHV0aW9ucy5jb20vQXBwczAwL1NoYXJlZCUyMERvY3VtZW50cy9Gb3Jtcy9kZXRhaWwlMjBsaXN0JTIwd28lMjBmb2xkZXJzJTIwMDEuYXNweD9Jbml0aWFsVGFiSWQ9UmliYm9uLlJlYWQmYW1wO1Zpc2liaWxpdHlDb250ZXh0PVdTU1RhYlBlcnNpc3RlbmNlIiAvPg0KICAgICAgPC9IZWFkZXJzPg0KICAgICAgPFF1ZXJ5U3RyaW5nUGFyYW1ldGVycz4NCiAgICAgICAgPFF1ZXJ5U3RyaW5nUGFyYW1ldGVyIE5hbWU9InZlciIgVmFsdWU9IjgyMzE1MzU1NiIgUmVjb3JkZWRWYWx1ZT0iODIzMTUzNTU2IiBDb3JyZWxhdGlvbkJpbmRpbmc9IiIgVXJsRW5jb2RlPSJGYWxzZSIgVXNlVG9Hcm91cFJlc3VsdHM9IkZhbHNlIiAvPg0KICAgICAgICA8UXVlcnlTdHJpbmdQYXJhbWV0ZXIgTmFtZT0iaWQiIFZhbHVlPSJSaWJib24uUmVhZCIgUmVjb3JkZWRWYWx1ZT0iUmliYm9uLlJlYWQiIENvcnJlbGF0aW9uQmluZGluZz0iIiBVcmxFbmNvZGU9IkZhbHNlIiBVc2VUb0dyb3VwUmVzdWx0cz0iRmFsc2UiIC8+DQogICAgICAgIDxRdWVyeVN0cmluZ1BhcmFtZXRlciBOYW1lPSJsY2lkIiBWYWx1ZT0iMTAzMyIgUmVjb3JkZWRWYWx1ZT0iMTAzMyIgQ29ycmVsYXRpb25CaW5kaW5nPSIiIFVybEVuY29kZT0iRmFsc2UiIFVzZVRvR3JvdXBSZXN1bHRzPSJGYWxzZSIgLz4NCiAgICAgICAgPFF1ZXJ5U3RyaW5nUGFyYW1ldGVyIE5hbWU9InF0IiBWYWx1ZT0icmliYm9udmlzaWJsZXRhYmRlZXAiIFJlY29yZGVkVmFsdWU9InJpYmJvbnZpc2libGV0YWJkZWVwIiBDb3JyZWxhdGlvbkJpbmRpbmc9IiIgVXJsRW5jb2RlPSJGYWxzZSIgVXNlVG9Hcm91cFJlc3VsdHM9IkZhbHNlIiAvPg0KICAgICAgPC9RdWVyeVN0cmluZ1BhcmFtZXRlcnM+DQogICAgICA8Rm9ybVBvc3RIdHRwQm9keSAvPg0KICAgIDwvUmVxdWVzdD4NCiAgICA8UmVxdWVzdCBNZXRob2Q9IkdFVCIgR3VpZD0iNjdiNzkzMTYtMGY5YS00OWM2LTgyMzItNDdhZTU1ODBkNTc2IiBWZXJzaW9uPSIxLjEiIFVybD0iaHR0cHM6Ly9zcC5jb3JkaXNzb2x1dGlvbnMuY29tL19sYXlvdXRzLzE1L2ltYWdlcy9ibGFuay5naWYiIFRoaW5rVGltZT0iMTQiIFRpbWVvdXQ9IjMwMCIgUGFyc2VEZXBlbmRlbnRSZXF1ZXN0cz0iVHJ1ZSIgRm9sbG93UmVkaXJlY3RzPSJUcnVlIiBSZWNvcmRSZXN1bHQ9IlRydWUiIENhY2hlPSJGYWxzZSIgUmVzcG9uc2VUaW1lR29hbD0iMCIgRW5jb2Rpbmc9InV0Zi04IiBFeHBlY3RlZEh0dHBTdGF0dXNDb2RlPSIwIiBFeHBlY3RlZFJlc3BvbnNlVXJsPSIiIFJlcG9ydGluZ05hbWU9IiIgSWdub3JlSHR0cFN0YXR1c0NvZGU9IkZhbHNlIj4NCiAgICAgIDxIZWFkZXJzPg0KICAgICAgICA8SGVhZGVyIE5hbWU9IlJlZmVyZXIiIFZhbHVlPSJodHRwczovL3NwLmNvcmRpc3NvbHV0aW9ucy5jb20vQXBwczAwL19sYXlvdXRzLzE1L1VwbG9hZC5hc3B4P0xpc3Q9JTdCRUQyODE5MkEtM0I2Ny00M0Q4LUJBOEEtRENDQTNBQ0U3RDBCJTdEJmFtcDtSb290Rm9sZGVyPSZhbXA7SXNEbGc9MSIgLz4NCiAgICAgIDwvSGVhZGVycz4NCiAgICA8L1JlcXVlc3Q+DQogICAgPFJlcXVlc3QgTWV0aG9kPSJQT1NUIiBHdWlkPSJhYmYyYzAzOS1kZDc3LTQ5MzUtYTE1Ny0zMDlkMjBmMzQ3MTQiIFZlcnNpb249IjEuMSIgVXJsPSJodHRwczovL3NwLmNvcmRpc3NvbHV0aW9ucy5jb20vQXBwczAwL19sYXlvdXRzLzE1L1VwbG9hZEV4LmFzcHgiIFRoaW5rVGltZT0iMiIgVGltZW91dD0iMzAwIiBQYXJzZURlcGVuZGVudFJlcXVlc3RzPSJUcnVlIiBGb2xsb3dSZWRpcmVjdHM9IlRydWUiIFJlY29yZFJlc3VsdD0iVHJ1ZSIgQ2FjaGU9IkZhbHNlIiBSZXNwb25zZVRpbWVHb2FsPSIwIiBFbmNvZGluZz0idXRmLTgiIEV4cGVjdGVkSHR0cFN0YXR1c0NvZGU9IjAiIEV4cGVjdGVkUmVzcG9uc2VVcmw9IiIgUmVwb3J0aW5nTmFtZT0iIiBJZ25vcmVIdHRwU3RhdHVzQ29kZT0iRmFsc2UiPg0KICAgICAgPEhlYWRlcnM+DQogICAgICAgIDxIZWFkZXIgTmFtZT0iUmVmZXJlciIgVmFsdWU9Imh0dHBzOi8vc3AuY29yZGlzc29sdXRpb25zLmNvbS9BcHBzMDAvX2xheW91dHMvMTUvVXBsb2FkLmFzcHg/TGlzdD0lN0JFRDI4MTkyQS0zQjY3LTQzRDgtQkE4QS1EQ0NBM0FDRTdEMEIlN0QmYW1wO1Jvb3RGb2xkZXI9JmFtcDtJc0RsZz0xIiAvPg0KICAgICAgPC9IZWFkZXJzPg0KICAgICAgPENvcnJlbGF0aW9uRXh0cmFjdGlvblJ1bGVzPg0KICAgICAgICA8RXh0cmFjdGlvblJ1bGUgQ2xhc3NuYW1lPSJNaWNyb3NvZnQuVmlzdWFsU3R1ZGlvLlRlc3RUb29scy5XZWJUZXN0aW5nLlJ1bGVzLkV4dHJhY3RUZXh0LCBNaWNyb3NvZnQuVmlzdWFsU3R1ZGlvLlF1YWxpdHlUb29scy5XZWJUZXN0RnJhbWV3b3JrLCBWZXJzaW9uPTEwLjAuMC4wLCBDdWx0dXJlPW5ldXRyYWwsIFB1YmxpY0tleVRva2VuPWIwM2Y1ZjdmMTFkNTBhM2EiIFZhcmlhYmxlTmFtZT0iUXVlcnlTdHJpbmdQYXJhbTE3Lk1vZGUiIERpc3BsYXlOYW1lPSIiIERlc2NyaXB0aW9uPSIiPg0KICAgICAgICAgIDxSdWxlUGFyYW1ldGVycz4NCiAgICAgICAgICAgIDxSdWxlUGFyYW1ldGVyIE5hbWU9IlN0YXJ0c1dpdGgiIFZhbHVlPSI/TW9kZT0iIC8+DQogICAgICAgICAgICA8UnVsZVBhcmFtZXRlciBOYW1lPSJFbmRzV2l0aCIgVmFsdWU9IlwiIC8+DQogICAgICAgICAgICA8UnVsZVBhcmFtZXRlciBOYW1lPSJJbmRleCIgVmFsdWU9IjAiIC8+DQogICAgICAgICAgICA8UnVsZVBhcmFtZXRlciBOYW1lPSJJZ25vcmVDYXNlIiBWYWx1ZT0iRmFsc2UiIC8+DQogICAgICAgICAgICA8UnVsZVBhcmFtZXRlciBOYW1lPSJVc2VSZWd1bGFyRXhwcmVzc2lvbiIgVmFsdWU9IkZhbHNlIiAvPg0KICAgICAgICAgICAgPFJ1bGVQYXJhbWV0ZXIgTmFtZT0iSHRtbERlY29kZSIgVmFsdWU9IlRydWUiIC8+DQogICAgICAgICAgICA8UnVsZVBhcmFtZXRlciBOYW1lPSJSZXF1aXJlZCIgVmFsdWU9IkZhbHNlIiAvPg0KICAgICAgICAgIDwvUnVsZVBhcmFtZXRlcnM+DQogICAgICAgIDwvRXh0cmFjdGlvblJ1bGU+DQogICAgICAgIDxFeHRyYWN0aW9uUnVsZSBDbGFzc25hbWU9Ik1pY3Jvc29mdC5WaXN1YWxTdHVkaW8uVGVzdFRvb2xzLldlYlRlc3RpbmcuUnVsZXMuRXh0cmFjdFRleHQsIE1pY3Jvc29mdC5WaXN1YWxTdHVkaW8uUXVhbGl0eVRvb2xzLldlYlRlc3RGcmFtZXdvcmssIFZlcnNpb249MTAuMC4wLjAsIEN1bHR1cmU9bmV1dHJhbCwgUHVibGljS2V5VG9rZW49YjAzZjVmN2YxMWQ1MGEzYSIgVmFyaWFibGVOYW1lPSJRdWVyeVN0cmluZ1BhcmFtMTguSUQiIERpc3BsYXlOYW1lPSIiIERlc2NyaXB0aW9uPSIiPg0KICAgICAgICAgIDxSdWxlUGFyYW1ldGVycz4NCiAgICAgICAgICAgIDxSdWxlUGFyYW1ldGVyIE5hbWU9IlN0YXJ0c1dpdGgiIFZhbHVlPSJcdTAwMjZJRD0iIC8+DQogICAgICAgICAgICA8UnVsZVBhcmFtZXRlciBOYW1lPSJFbmRzV2l0aCIgVmFsdWU9IlwiIC8+DQogICAgICAgICAgICA8UnVsZVBhcmFtZXRlciBOYW1lPSJJbmRleCIgVmFsdWU9IjAiIC8+DQogICAgICAgICAgICA8UnVsZVBhcmFtZXRlciBOYW1lPSJJZ25vcmVDYXNlIiBWYWx1ZT0iRmFsc2UiIC8+DQogICAgICAgICAgICA8UnVsZVBhcmFtZXRlciBOYW1lPSJVc2VSZWd1bGFyRXhwcmVzc2lvbiIgVmFsdWU9IkZhbHNlIiAvPg0KICAgICAgICAgICAgPFJ1bGVQYXJhbWV0ZXIgTmFtZT0iSHRtbERlY29kZSIgVmFsdWU9IlRydWUiIC8+DQogICAgICAgICAgICA8UnVsZVBhcmFtZXRlciBOYW1lPSJSZXF1aXJlZCIgVmFsdWU9IkZhbHNlIiAvPg0KICAgICAgICAgIDwvUnVsZVBhcmFtZXRlcnM+DQogICAgICAgIDwvRXh0cmFjdGlvblJ1bGU+DQogICAgICA8L0NvcnJlbGF0aW9uRXh0cmFjdGlvblJ1bGVzPg0KICAgICAgPFF1ZXJ5U3RyaW5nUGFyYW1ldGVycz4NCiAgICAgICAgPFF1ZXJ5U3RyaW5nUGFyYW1ldGVyIE5hbWU9Ikxpc3QiIFZhbHVlPSIlN2JFRDI4MTkyQS0zQjY3LTQzRDgtQkE4QS1EQ0NBM0FDRTdEMEIlN2QiIFJlY29yZGVkVmFsdWU9IiU3YkVEMjgxOTJBLTNCNjctNDNEOC1CQThBLURDQ0EzQUNFN0QwQiU3ZCIgQ29ycmVsYXRpb25CaW5kaW5nPSJ7e1F1ZXJ5U3RyaW5nUGFyYW0xNS5MaXN0fX0iIFVybEVuY29kZT0iRmFsc2UiIFVzZVRvR3JvdXBSZXN1bHRzPSJGYWxzZSIgLz4NCiAgICAgICAgPFF1ZXJ5U3RyaW5nUGFyYW1ldGVyIE5hbWU9IlJvb3RGb2xkZXIiIFZhbHVlPSIiIFJlY29yZGVkVmFsdWU9IiIgQ29ycmVsYXRpb25CaW5kaW5nPSIiIFVybEVuY29kZT0iRmFsc2UiIFVzZVRvR3JvdXBSZXN1bHRzPSJGYWxzZSIgLz4NCiAgICAgICAgPFF1ZXJ5U3RyaW5nUGFyYW1ldGVyIE5hbWU9IklzRGxnIiBWYWx1ZT0iMSIgUmVjb3JkZWRWYWx1ZT0iMSIgQ29ycmVsYXRpb25CaW5kaW5nPSJ7e1F1ZXJ5U3RyaW5nUGFyYW0xNi5Jc0RsZ319IiBVcmxFbmNvZGU9IkZhbHNlIiBVc2VUb0dyb3VwUmVzdWx0cz0iRmFsc2UiIC8+DQogICAgICA8L1F1ZXJ5U3RyaW5nUGFyYW1ldGVycz4NCiAgICAgIDxGb3JtUG9zdEh0dHBCb2R5Pg0KICAgICAgICA8Rm9ybVBvc3RQYXJhbWV0ZXIgTmFtZT0iTVNPV2ViUGFydFBhZ2VfUG9zdGJhY2tTb3VyY2UiIFZhbHVlPSIiIFJlY29yZGVkVmFsdWU9IiIgQ29ycmVsYXRpb25CaW5kaW5nPSIiIFVybEVuY29kZT0iVHJ1ZSIgLz4NCiAgICAgICAgPEZvcm1Qb3N0UGFyYW1ldGVyIE5hbWU9Ik1TT1RsUG5fU2VsZWN0ZWRXcElkIiBWYWx1ZT0iIiBSZWNvcmRlZFZhbHVlPSIiIENvcnJlbGF0aW9uQmluZGluZz0iIiBVcmxFbmNvZGU9IlRydWUiIC8+DQogICAgICAgIDxGb3JtUG9zdFBhcmFtZXRlciBOYW1lPSJNU09UbFBuX1ZpZXciIFZhbHVlPSIwIiBSZWNvcmRlZFZhbHVlPSIwIiBDb3JyZWxhdGlvbkJpbmRpbmc9Int7Rm9ybVBvc3RQYXJhbTEuTVNPVGxQbl9WaWV3fX0iIFVybEVuY29kZT0iVHJ1ZSIgLz4NCiAgICAgICAgPEZvcm1Qb3N0UGFyYW1ldGVyIE5hbWU9Ik1TT1RsUG5fU2hvd1NldHRpbmdzIiBWYWx1ZT0iRmFsc2UiIFJlY29yZGVkVmFsdWU9IkZhbHNlIiBDb3JyZWxhdGlvbkJpbmRpbmc9Int7Rm9ybVBvc3RQYXJhbTIuTVNPVGxQbl9TaG93U2V0dGluZ3N9fSIgVXJsRW5jb2RlPSJUcnVlIiAvPg0KICAgICAgICA8Rm9ybVBvc3RQYXJhbWV0ZXIgTmFtZT0iTVNPR2FsbGVyeV9TZWxlY3RlZExpYnJhcnkiIFZhbHVlPSIiIFJlY29yZGVkVmFsdWU9IiIgQ29ycmVsYXRpb25CaW5kaW5nPSIiIFVybEVuY29kZT0iVHJ1ZSIgLz4NCiAgICAgICAgPEZvcm1Qb3N0UGFyYW1ldGVyIE5hbWU9Ik1TT0dhbGxlcnlfRmlsdGVyU3RyaW5nIiBWYWx1ZT0iIiBSZWNvcmRlZFZhbHVlPSIiIENvcnJlbGF0aW9uQmluZGluZz0iIiBVcmxFbmNvZGU9IlRydWUiIC8+DQogICAgICAgIDxGb3JtUG9zdFBhcmFtZXRlciBOYW1lPSJNU09UbFBuX0J1dHRvbiIgVmFsdWU9Im5vbmUiIFJlY29yZGVkVmFsdWU9Im5vbmUiIENvcnJlbGF0aW9uQmluZGluZz0ie3tGb3JtUG9zdFBhcmFtMy5NU09UbFBuX0J1dHRvbn19IiBVcmxFbmNvZGU9IlRydWUiIC8+DQogICAgICAgIDxGb3JtUG9zdFBhcmFtZXRlciBOYW1lPSJfX0VWRU5UVEFSR0VUIiBWYWx1ZT0iY3RsMDAkUGxhY2VIb2xkZXJNYWluJGN0bDA0JFJwdENvbnRyb2xzJGJ0bk9LIiBSZWNvcmRlZFZhbHVlPSJjdGwwMCRQbGFjZUhvbGRlck1haW4kY3RsMDQkUnB0Q29udHJvbHMkYnRuT0siIENvcnJlbGF0aW9uQmluZGluZz0ie3tGb3JtUG9zdFBhcmFtNC5fX0VWRU5UVEFSR0VUfX0iIFVybEVuY29kZT0iVHJ1ZSIgLz4NCiAgICAgICAgPEZvcm1Qb3N0UGFyYW1ldGVyIE5hbWU9Il9fRVZFTlRBUkdVTUVOVCIgVmFsdWU9IiIgUmVjb3JkZWRWYWx1ZT0iIiBDb3JyZWxhdGlvbkJpbmRpbmc9IiIgVXJsRW5jb2RlPSJUcnVlIiAvPg0KICAgICAgICA8Rm9ybVBvc3RQYXJhbWV0ZXIgTmFtZT0iTVNPU1BXZWJQYXJ0TWFuYWdlcl9EaXNwbGF5TW9kZU5hbWUiIFZhbHVlPSJCcm93c2UiIFJlY29yZGVkVmFsdWU9IkJyb3dzZSIgQ29ycmVsYXRpb25CaW5kaW5nPSJ7e0Zvcm1Qb3N0UGFyYW01Lk1TT1NQV2ViUGFydE1hbmFnZXJfRGlzcGxheU1vZGVOYW1lfX0iIFVybEVuY29kZT0iVHJ1ZSIgLz4NCiAgICAgICAgPEZvcm1Qb3N0UGFyYW1ldGVyIE5hbWU9Ik1TT1NQV2ViUGFydE1hbmFnZXJfRXhpdGluZ0Rlc2lnbk1vZGUiIFZhbHVlPSJmYWxzZSIgUmVjb3JkZWRWYWx1ZT0iZmFsc2UiIENvcnJlbGF0aW9uQmluZGluZz0ie3tGb3JtUG9zdFBhcmFtNi5NU09TUFdlYlBhcnRNYW5hZ2VyX0V4aXRpbmdEZXNpZ25Nb2RlfX0iIFVybEVuY29kZT0iVHJ1ZSIgLz4NCiAgICAgICAgPEZvcm1Qb3N0UGFyYW1ldGVyIE5hbWU9Ik1TT1dlYlBhcnRQYWdlX1NoYXJlZCIgVmFsdWU9IiIgUmVjb3JkZWRWYWx1ZT0iIiBDb3JyZWxhdGlvbkJpbmRpbmc9IiIgVXJsRW5jb2RlPSJUcnVlIiAvPg0KICAgICAgICA8Rm9ybVBvc3RQYXJhbWV0ZXIgTmFtZT0iTVNPTGF5b3V0X0xheW91dENoYW5nZXMiIFZhbHVlPSIiIFJlY29yZGVkVmFsdWU9IiIgQ29ycmVsYXRpb25CaW5kaW5nPSIiIFVybEVuY29kZT0iVHJ1ZSIgLz4NCiAgICAgICAgPEZvcm1Qb3N0UGFyYW1ldGVyIE5hbWU9Ik1TT0xheW91dF9JbkRlc2lnbk1vZGUiIFZhbHVlPSIiIFJlY29yZGVkVmFsdWU9IiIgQ29ycmVsYXRpb25CaW5kaW5nPSIiIFVybEVuY29kZT0iVHJ1ZSIgLz4NCiAgICAgICAgPEZvcm1Qb3N0UGFyYW1ldGVyIE5hbWU9Ik1TT1NQV2ViUGFydE1hbmFnZXJfT2xkRGlzcGxheU1vZGVOYW1lIiBWYWx1ZT0iQnJvd3NlIiBSZWNvcmRlZFZhbHVlPSJCcm93c2UiIENvcnJlbGF0aW9uQmluZGluZz0ie3tGb3JtUG9zdFBhcmFtNy5NU09TUFdlYlBhcnRNYW5hZ2VyX09sZERpc3BsYXlNb2RlTmFtZX19IiBVcmxFbmNvZGU9IlRydWUiIC8+DQogICAgICAgIDxGb3JtUG9zdFBhcmFtZXRlciBOYW1lPSJNU09TUFdlYlBhcnRNYW5hZ2VyX1N0YXJ0V2ViUGFydEVkaXRpbmdOYW1lIiBWYWx1ZT0iZmFsc2UiIFJlY29yZGVkVmFsdWU9ImZhbHNlIiBDb3JyZWxhdGlvbkJpbmRpbmc9Int7Rm9ybVBvc3RQYXJhbTguTVNPU1BXZWJQYXJ0TWFuYWdlcl9TdGFydFdlYlBhcnRFZGl0aW5nTmFtZX19IiBVcmxFbmNvZGU9IlRydWUiIC8+DQogICAgICAgIDxGb3JtUG9zdFBhcmFtZXRlciBOYW1lPSJNU09TUFdlYlBhcnRNYW5hZ2VyX0VuZFdlYlBhcnRFZGl0aW5nIiBWYWx1ZT0iZmFsc2UiIFJlY29yZGVkVmFsdWU9ImZhbHNlIiBDb3JyZWxhdGlvbkJpbmRpbmc9Int7Rm9ybVBvc3RQYXJhbTkuTVNPU1BXZWJQYXJ0TWFuYWdlcl9FbmRXZWJQYXJ0RWRpdGluZ319IiBVcmxFbmNvZGU9IlRydWUiIC8+DQogICAgICAgIDxGb3JtUG9zdFBhcmFtZXRlciBOYW1lPSJfbWFpbnRhaW5Xb3Jrc3BhY2VTY3JvbGxQb3NpdGlvbiIgVmFsdWU9IjAiIFJlY29yZGVkVmFsdWU9IjAiIENvcnJlbGF0aW9uQmluZGluZz0ie3tGb3JtUG9zdFBhcmFtMTAuX21haW50YWluV29ya3NwYWNlU2Nyb2xsUG9zaXRpb259fSIgVXJsRW5jb2RlPSJUcnVlIiAvPg0KICAgICAgICA8Rm9ybVBvc3RQYXJhbWV0ZXIgTmFtZT0iX19SRVFVRVNURElHRVNUIiBWYWx1ZT0ie3tGb3JtUG9zdFBhcmFtMTEuX19SRVFVRVNURElHRVNUfX0iIFJlY29yZGVkVmFsdWU9IjB4QUQxRENFNURFN0Y0QjQyQjRENDc3QTdGQkEyNDBFNTEzMzNCODZFRkUxQ0JENDgwQTVFNEUyNUM4NDBEQjI4MDEzNzJBMEJCQUQ3Q0FEQkJDODA1MjU4MTJDQkRBODc3MzlDRDY1N0ZENTMyOENFRDNENDRGNUJBNEM2OUJGQzcsMTMgSnVuIDIwMTggMTE6NTU6MzYgLTAwMDAiIENvcnJlbGF0aW9uQmluZGluZz0ie3tGb3JtUG9zdFBhcmFtMTEuX19SRVFVRVNURElHRVNUfX0iIFVybEVuY29kZT0iVHJ1ZSIgLz4NCiAgICAgICAgPEZvcm1Qb3N0UGFyYW1ldGVyIE5hbWU9Il9fVklFV1NUQVRFIiBWYWx1ZT0iL3dFUER3VUxMVEUyTWpBM01EUXpOalVQWkJZQ1pnOWtGZ0lDQVE4V0FoNEZZMnhoYzNNRkZtMXpMV1JwWVd4dlp5QnRjeTFrYVdGc2IyY3RibklXQkFJQkQyUVdBZ0laRDJRV0FnSUREMlFXQWdJQkQyUVdBbVlQRkNzQUJtUUZMbWgwZEhCek9pOHZjM0F1WlhoalpXeHpkWEJ3YjNKMExtOXlaem8wTkRNdmJYa3ZVR1Z5YzI5dUxtRnpjSGdGSTJoMGRIQnpPaTh2YzNBdVpYaGpaV3h6ZFhCd2IzSjBMbTl5WnpvME5ETXZiWGt2QlI4dlFYQndjekF3TDE5c1lYbHZkWFJ6THpFMUwyMTVjM1ZpY3k1aGMzQjRCZnNCTDBGd2NITXdNQzlmYkdGNWIzVjBjeTh4TlM5eVpXZHBiMjVoYkhObGRHNW5MbUZ6Y0hnL2RIbHdaVDExYzJWeUpuTnZkWEpqWlQxb2RIUndjeVV6UVNVeVJpVXlSbk53SlRKRlkyOXlaR2x6YzI5c2RYUnBiMjV6SlRKRlkyOXRKVEpHUVhCd2N6QXdKVEpHSlRWR2JHRjViM1YwY3lVeVJqRTFKVEpHVlhCc2IyRmtKVEpGWVhOd2VDVXpSa3hwYzNRbE0wUWxNalUzUWtWRU1qZ3hPVEpCSlRJMU1rUXpRalkzSlRJMU1rUTBNMFE0SlRJMU1rUkNRVGhCSlRJMU1rUkVRME5CTTBGRFJUZEVNRUlsTWpVM1JDVXlObUZ0Y0NVelFsSnZiM1JHYjJ4a1pYSWxNMFFsTWpaaGJYQWxNMEpKYzBSc1p5VXpSREVGendKb2RIUndjem92TDNOd0xtVjRZMlZzYzNWd2NHOXlkQzV2Y21jNk5EUXpMMjE1TDE5c1lYbHZkWFJ6THpFMUwwVmthWFJRY205bWFXeGxMbUZ6Y0hnL1ZYTmxjbE5sZEhScGJtZHpVSEp2ZG1sa1pYSTlNak0wWW1Zd1pXUWxNa1EzTUdSaUpUSkVOREUxT0NVeVJHRXpNeklsTWtRMFpHWmtOamd6WWpReE5EZ21VbVYwZFhKdVZYSnNQV2gwZEhCekpUTkJKVEpHSlRKR2MzQWxNa1ZqYjNKa2FYTnpiMngxZEdsdmJuTWxNa1ZqYjIwbE1rWkJjSEJ6TURBbE1rWWxOVVpzWVhsdmRYUnpKVEpHTVRVbE1rWlZjR3h2WVdRbE1rVmhjM0I0SlROR1RHbHpkQ1V6UkNVeU5UZENSVVF5T0RFNU1rRWxNalV5UkROQ05qY2xNalV5UkRRelJEZ2xNalV5UkVKQk9FRWxNalV5UkVSRFEwRXpRVU5GTjBRd1FpVXlOVGRFSlRJMllXMXdKVE5DVW05dmRFWnZiR1JsY2lVelJDVXlObUZ0Y0NVelFrbHpSR3huSlRORU1XUUNCdzhXQWg0SFpXNWpkSGx3WlFVVGJYVnNkR2x3WVhKMEwyWnZjbTB0WkdGMFlSWUlBZ1VQWkJZQ0FnSVBaQllFQWdFUFpCWUNBZ01QWkJZQ1pnOWtGZ1FDQXc5a0Znb0NBUThXQmg0VFEyeHBaVzUwVDI1RGJHbGphMU5qY21sd2RBVjVSVzV6ZFhKbFUyTnlhWEIwUm5WdVl5Z25jMmhoY21sdVp5NXFjeWNzSUNkRWFYTndiR0Y1VTJoaGNtVmtWMmwwYUVScFlXeHZaeWNzSUdaMWJtTjBhVzl1SUNncElIc2dSR2x6Y0d4aGVWTm9ZWEpsWkZkcGRHaEVhV0ZzYjJjb0oxeDFNREF5WmtGd2NITXdNRngxTURBeVppY3BPeUI5S1I0b1EyeHBaVzUwVDI1RGJHbGphMU5qY21sd2RFTnZiblJoYVc1cGJtZFFjbVZtYVhobFpGVnliQVY1Ulc1emRYSmxVMk55YVhCMFJuVnVZeWduYzJoaGNtbHVaeTVxY3ljc0lDZEVhWE53YkdGNVUyaGhjbVZrVjJsMGFFUnBZV3h2Wnljc0lHWjFibU4wYVc5dUlDZ3BJSHNnUkdsemNHeGhlVk5vWVhKbFpGZHBkR2hFYVdGc2IyY29KMXgxTURBeVprRndjSE13TUZ4MU1EQXlaaWNwT3lCOUtSNFlRMnhwWlc1MFQyNURiR2xqYTA1aGRtbG5ZWFJsVlhKc1pHUUNBdzhXQWg0SFZtbHphV0pzWldoa0FnVVBGZ0lmQldoa0Fnc1BGZ0lmQldoa0FoSVBaQllDWmc4UEZnWWVIRkJ5WlhacGIzVnpRWFYwYUc5eWFXNW5TWFJsYlZabGNuTnBiMjVsSGhwUWNtVjJhVzkxYzBGMWRHaHZjbWx1WjBsMFpXMVBkMjVsY21VZUhGQnlaWFpwYjNWelFYVjBhRzl5YVc1blEyOXVkSEp2YkUxdlpHVUxLWWdCVFdsamNtOXpiMlowTGxOb1lYSmxVRzlwYm5RdVYyVmlRMjl1ZEhKdmJITXVVMUJEYjI1MGNtOXNUVzlrWlN3Z1RXbGpjbTl6YjJaMExsTm9ZWEpsVUc5cGJuUXNJRlpsY25OcGIyNDlNVFl1TUM0d0xqQXNJRU4xYkhSMWNtVTlibVYxZEhKaGJDd2dVSFZpYkdsalMyVjVWRzlyWlc0OU56RmxPV0pqWlRFeE1XVTVOREk1WXdCa1pBSUVEdzhXQWg0SlFXTmpaWE56UzJWNUJRRXZaR1FDQXc5a0ZnSUNBUTlrRmdJQ0FROWtGZ1lDQVE4UEZnUWVCRjhoVTBJQ0FoNElRM056UTJ4aGMzTUZGMjF6TFhCeWIyMXZkR1ZrUVdOMGFXOXVRblYwZEc5dVpHUUNBdzlrRmdKbUR3OFdCQjhLQWdJZkN3VVhiWE10Y0hKdmJXOTBaV1JCWTNScGIyNUNkWFIwYjI1a1pBSUZEdzhXQmg4TEJSZHRjeTF3Y205dGIzUmxaRUZqZEdsdmJrSjFkSFJ2Ymg4S0FnSWZCV2hrWkFJUEQyUVdBZ0lCRDJRV0FtWVBEeFlFSGdSVVpYaDBCUkJUYUdGeVpXUWdSRzlqZFcxbGJuUnpIZ3RPWVhacFoyRjBaVlZ5YkFVeEwwRndjSE13TUM5VGFHRnlaV1FnUkc5amRXMWxiblJ6TDBadmNtMXpMMkZzYkNCa2IyTjFiV1Z1ZEhNdVlYTndlR1JrQWhNUFpCWUNBZ0VQWkJZQ0FnMFBEeFlDSHdWb1pCWUNBZ0VQWkJZQ1pnOWtGZ0lDQXc5a0ZnSUNCUTlrRmdJQ0FRODhLd0FKQVFBUEZnUWVEVkJoZEdoVFpYQmhjbUYwYjNJRUNCNE5UbVYyWlhKRmVIQmhibVJsWkdka1pBSVZEMlFXQWdJQkQyUVdCbVlQRmdJZkRBVVlMMEZ3Y0hNd01DOVRhR0Z5WldRZ1JHOWpkVzFsYm5SelpBSUdEMlFXQ0dZUFpCWUNBZ1FQWkJZQ0FnRVBaQllHWmc5a0ZnSm1EdzhXQWg4TVpXUmtBZ0VQWkJZR0FnRVBEeFlFSGd4RmNuSnZjazFsYzNOaFoyVUZNRmx2ZFNCdGRYTjBJSE53WldOcFpua2dZU0IyWVd4MVpTQm1iM0lnZEdobElISmxjWFZwY21Wa0lHWnBaV3hrTGg0VVQzSnBaMmx1WVd4RmNuSnZjazFsYzNOaFoyVUZNRmx2ZFNCdGRYTjBJSE53WldOcFpua2dZU0IyWVd4MVpTQm1iM0lnZEdobElISmxjWFZwY21Wa0lHWnBaV3hrTG1Sa0FnTVBEeFlDSHdWblpHUUNCQThRRHhZQ0h3d0ZKa0ZrWkNCaGN5QmhJRzVsZHlCMlpYSnphVzl1SUhSdklHVjRhWE4wYVc1bklHWnBiR1Z6WkdSa1pBSUNEeFlDSHdWb1pBSUJEMlFXQmdJQkQyUVdBbVlQRmdJZkRBVVNSR1Z6ZEdsdVlYUnBiMjRnUm05c1pHVnlaQUlDRDJRV0FtWVBGZ0lmREdWa0FnUVBaQllDQWdFUFpCWUdaZzlrRmdKbUR3OFdBaDhNWldSa0FnRVBaQllDQWdFUER4WUNId3dGQVM5a1pBSUNEeFlDSHdWb1pBSUNEMlFXQmdJQkQyUVdBbVlQRmdJZkRBVVRSR1Z6ZEdsdVlYUnBiMjRnVEdsaWNtRnllV1FDQWc5a0ZnSm1EeFlDSHd4bFpBSUVEMlFXQWdJQkQyUVdCR1lQWkJZQ1pnOFBGZ0lmREdWa1pBSUNEeFlDSHdWb1pBSUREMlFXQmdJQkQyUVdBbVlQRmdJZkRBVVFWbVZ5YzJsdmJpQkRiMjF0Wlc1MGMyUUNBZzlrRmdKbUR4WUNId3hsWkFJRUQyUVdBZ0lCRDJRV0JHWVBaQllDWmc4UEZnSWZER1ZrWkFJQ0R4WUNId1ZvWkFJSEQyUVdDR1lQRmdRZUNXbHVibVZ5YUhSdGJBWHlBVXhoY21kbElHWnBiR1VnZFhCc2IyRmtjeUIzYjNKcklHSmxkSFJsY2lCcGJpQnplVzVqWldRZ1ptOXNaR1Z5Y3l3Z1BHRWdjM1I1YkdVOUozZG9hWFJsTFhOd1lXTmxPbTV2ZDNKaGNDY2diMjVqYkdsamF6MGlkMmx1Wkc5M0xtOXdaVzRvSjJoMGRIQTZMeTl2Wm1acFkyVXViV2xqY205emIyWjBMbU52YlM5bGJpMTFjeTl6ZFhCd2IzSjBMM041Ym1NdFlTMXNhV0p5WVhKNUxYUnZMWGx2ZFhJdFkyOXRjSFYwWlhJdFNFRXhNREk0TXpJME1ERXVZWE53ZUNjc0lDZGZZbXhoYm1zbktTSWdhSEpsWmowbkl5YytiR1ZoY200Z2JXOXlaVHd2WVQ0dUptNWljM0E3Sm01aWMzQTdIZ2hwYzBocFpHUmxiZ1ZOZEhsd1pXOW1JRzVoZG1sbllYUnZjaTV0YzFCeWIzUnZZMjlzY3lBOVBTQWliMkpxWldOMElpQW1KaUFoYm1GMmFXZGhkRzl5TG0xelVISnZkRzlqYjJ4eld5Sm5jblp2Y0dWdUlsMWtBZ0VQRmdJZUJYTjBlV3hsQlExa2FYTndiR0Y1T201dmJtVTdaQUlDRDJRV0FnSUJEeFlDSGdkdmJtTnNhV05yQldacFppZ2hjSEp2WTJWemMwbHVjSFYwS0NrcElISmxkSFZ5YmlCbVlXeHpaVHRUZFdKdGFYUkNkWFIwYjI1UGJrTnNhV05yS0NkamRHd3dNRjlRYkdGalpVaHZiR1JsY2sxaGFXNWZZM1JzTURSZlVuQjBRMjl1ZEhKdmJITmZZblJ1VDBzbktUdGtBZ01QWkJZQ1pnOFdCQjRKWVdOalpYTnphMlY1QlFGREh4VUZyd04wY25rZ2V5QU5DaUFnSUNBZ0lDQWdJQ0FnSUNBZ0lDQWdJQ0FnSUNBZ0lDQWdJQ0FnSUNBZ0lDQWdJQ0FnSUNCM2FXNWtiM2N1Wm5KaGJXVkZiR1Z0Wlc1MExtTmhibU5sYkZCdmNGVndLQ2s3SUEwS0lDQWdJQ0FnSUNBZ0lDQWdJQ0FnSUNBZ0lDQWdJQ0FnSUNBZ0lDQWdJQ0FnSUNBZ2ZRMEtJQ0FnSUNBZ0lDQWdJQ0FnSUNBZ0lDQWdJQ0FnSUNBZ0lDQWdJQ0FnSUNBZ0lDQWdZMkYwWTJnb1pTa2dldzBLSUNBZ0lDQWdJQ0FnSUNBZ0lDQWdJQ0FnSUNBZ0lDQWdJQ0FnSUNBZ0lDQWdJQ0FnSUNBZ0lHbG1JQ2hDYjI5c1pXRnVLSFJ2Y0NrZ0ppWWdRbTl2YkdWaGJpaDBiM0F1Y0c5emRFMWxjM05oWjJVcEtTQU5DaUFnSUNBZ0lDQWdJQ0FnSUNBZ0lDQWdJQ0FnSUNBZ0lDQWdJQ0FnSUNBZ0lDQWdJQ0FnSUNBZ0lDQWdkRzl3TG5CdmMzUk5aWE56WVdkbEtDZERiRzl6WlVScFlXeHZaeWNzSUNjcUp5azdEUW9nSUNBZ0lDQWdJQ0FnSUNBZ0lDQWdJQ0FnSUNBZ0lDQWdJQ0FnSUNBZ0lDQWdJQ0I5SUEwS0lDQWdJQ0FnSUNBZ0lDQWdJQ0FnSUNBZ0lDQWdJQ0FnSUNBZ0lDQWdJQ0FnSUNBZ2NtVjBkWEp1SUdaaGJITmxPMlFZQWdVZVgxOURiMjUwY205c2MxSmxjWFZwY21WUWIzTjBRbUZqYTB0bGVWOWZGZ0VGUVdOMGJEQXdKRkJzWVdObFNHOXNaR1Z5VFdGcGJpUlZjR3h2WVdSRWIyTjFiV1Z1ZEZObFkzUnBiMjRrWTNSc01EVWtUM1psY25keWFYUmxVMmx1WjJ4bEJSZGpkR3d3TUNSVWIzQk9ZWFpwWjJGMGFXOXVUV1Z1ZFE4UFpBVVVTRzl0WlZ4QmNIQnpJQ1lnVUhKdlpIVmpkSE5rU0lseG90NXQ5endST1dtYkxLcVZVMGlwSkU1WTNUblNacjRYTFNmYnFwbz0iIFJlY29yZGVkVmFsdWU9Ii93RVBEd1VMTFRFMk1qQTNNRFF6TmpVUFpCWUNaZzlrRmdJQ0FROFdBaDRGWTJ4aGMzTUZGbTF6TFdScFlXeHZaeUJ0Y3kxa2FXRnNiMmN0Ym5JV0JBSUJEMlFXQWdJWkQyUVdBZ0lERDJRV0FnSUJEMlFXQW1ZUEZDc0FCbVFGTG1oMGRIQnpPaTh2YzNBdVpYaGpaV3h6ZFhCd2IzSjBMbTl5WnpvME5ETXZiWGt2VUdWeWMyOXVMbUZ6Y0hnRkkyaDBkSEJ6T2k4dmMzQXVaWGhqWld4emRYQndiM0owTG05eVp6bzBORE12YlhrdkJSOHZRWEJ3Y3pBd0wxOXNZWGx2ZFhSekx6RTFMMjE1YzNWaWN5NWhjM0I0QmZzQkwwRndjSE13TUM5ZmJHRjViM1YwY3k4eE5TOXlaV2RwYjI1aGJITmxkRzVuTG1GemNIZy9kSGx3WlQxMWMyVnlKbk52ZFhKalpUMW9kSFJ3Y3lVelFTVXlSaVV5Um5Od0pUSkZZMjl5WkdsemMyOXNkWFJwYjI1ekpUSkZZMjl0SlRKR1FYQndjekF3SlRKR0pUVkdiR0Y1YjNWMGN5VXlSakUxSlRKR1ZYQnNiMkZrSlRKRllYTndlQ1V6Umt4cGMzUWxNMFFsTWpVM1FrVkVNamd4T1RKQkpUSTFNa1F6UWpZM0pUSTFNa1EwTTBRNEpUSTFNa1JDUVRoQkpUSTFNa1JFUTBOQk0wRkRSVGRFTUVJbE1qVTNSQ1V5Tm1GdGNDVXpRbEp2YjNSR2IyeGtaWElsTTBRbE1qWmhiWEFsTTBKSmMwUnNaeVV6UkRFRnp3Sm9kSFJ3Y3pvdkwzTndMbVY0WTJWc2MzVndjRzl5ZEM1dmNtYzZORFF6TDIxNUwxOXNZWGx2ZFhSekx6RTFMMFZrYVhSUWNtOW1hV3hsTG1GemNIZy9WWE5sY2xObGRIUnBibWR6VUhKdmRtbGtaWEk5TWpNMFltWXdaV1FsTWtRM01HUmlKVEpFTkRFMU9DVXlSR0V6TXpJbE1rUTBaR1prTmpnellqUXhORGdtVW1WMGRYSnVWWEpzUFdoMGRIQnpKVE5CSlRKR0pUSkdjM0FsTWtWamIzSmthWE56YjJ4MWRHbHZibk1sTWtWamIyMGxNa1pCY0hCek1EQWxNa1lsTlVac1lYbHZkWFJ6SlRKR01UVWxNa1pWY0d4dllXUWxNa1ZoYzNCNEpUTkdUR2x6ZENVelJDVXlOVGRDUlVReU9ERTVNa0VsTWpVeVJETkNOamNsTWpVeVJEUXpSRGdsTWpVeVJFSkJPRUVsTWpVeVJFUkRRMEV6UVVORk4wUXdRaVV5TlRkRUpUSTJZVzF3SlROQ1VtOXZkRVp2YkdSbGNpVXpSQ1V5Tm1GdGNDVXpRa2x6Ukd4bkpUTkVNV1FDQnc4V0FoNEhaVzVqZEhsd1pRVVRiWFZzZEdsd1lYSjBMMlp2Y20wdFpHRjBZUllJQWdVUFpCWUNBZ0lQWkJZRUFnRVBaQllDQWdNUFpCWUNaZzlrRmdRQ0F3OWtGZ29DQVE4V0JoNFRRMnhwWlc1MFQyNURiR2xqYTFOamNtbHdkQVY1Ulc1emRYSmxVMk55YVhCMFJuVnVZeWduYzJoaGNtbHVaeTVxY3ljc0lDZEVhWE53YkdGNVUyaGhjbVZrVjJsMGFFUnBZV3h2Wnljc0lHWjFibU4wYVc5dUlDZ3BJSHNnUkdsemNHeGhlVk5vWVhKbFpGZHBkR2hFYVdGc2IyY29KMXgxTURBeVprRndjSE13TUZ4MU1EQXlaaWNwT3lCOUtSNG9RMnhwWlc1MFQyNURiR2xqYTFOamNtbHdkRU52Ym5SaGFXNXBibWRRY21WbWFYaGxaRlZ5YkFWNVJXNXpkWEpsVTJOeWFYQjBSblZ1WXlnbmMyaGhjbWx1Wnk1cWN5Y3NJQ2RFYVhOd2JHRjVVMmhoY21Wa1YybDBhRVJwWVd4dlp5Y3NJR1oxYm1OMGFXOXVJQ2dwSUhzZ1JHbHpjR3hoZVZOb1lYSmxaRmRwZEdoRWFXRnNiMmNvSjF4MU1EQXlaa0Z3Y0hNd01GeDFNREF5WmljcE95QjlLUjRZUTJ4cFpXNTBUMjVEYkdsamEwNWhkbWxuWVhSbFZYSnNaR1FDQXc4V0FoNEhWbWx6YVdKc1pXaGtBZ1VQRmdJZkJXaGtBZ3NQRmdJZkJXaGtBaElQWkJZQ1pnOFBGZ1llSEZCeVpYWnBiM1Z6UVhWMGFHOXlhVzVuU1hSbGJWWmxjbk5wYjI1bEhocFFjbVYyYVc5MWMwRjFkR2h2Y21sdVowbDBaVzFQZDI1bGNtVWVIRkJ5WlhacGIzVnpRWFYwYUc5eWFXNW5RMjl1ZEhKdmJFMXZaR1VMS1lnQlRXbGpjbTl6YjJaMExsTm9ZWEpsVUc5cGJuUXVWMlZpUTI5dWRISnZiSE11VTFCRGIyNTBjbTlzVFc5a1pTd2dUV2xqY205emIyWjBMbE5vWVhKbFVHOXBiblFzSUZabGNuTnBiMjQ5TVRZdU1DNHdMakFzSUVOMWJIUjFjbVU5Ym1WMWRISmhiQ3dnVUhWaWJHbGpTMlY1Vkc5clpXNDlOekZsT1dKalpURXhNV1U1TkRJNVl3QmtaQUlFRHc4V0FoNEpRV05qWlhOelMyVjVCUUV2WkdRQ0F3OWtGZ0lDQVE5a0ZnSUNBUTlrRmdZQ0FROFBGZ1FlQkY4aFUwSUNBaDRJUTNOelEyeGhjM01GRjIxekxYQnliMjF2ZEdWa1FXTjBhVzl1UW5WMGRHOXVaR1FDQXc5a0ZnSm1EdzhXQkI4S0FnSWZDd1VYYlhNdGNISnZiVzkwWldSQlkzUnBiMjVDZFhSMGIyNWtaQUlGRHc4V0JoOExCUmR0Y3kxd2NtOXRiM1JsWkVGamRHbHZia0oxZEhSdmJoOEtBZ0lmQldoa1pBSVBEMlFXQWdJQkQyUVdBbVlQRHhZRUhnUlVaWGgwQlJCVGFHRnlaV1FnUkc5amRXMWxiblJ6SGd0T1lYWnBaMkYwWlZWeWJBVXhMMEZ3Y0hNd01DOVRhR0Z5WldRZ1JHOWpkVzFsYm5SekwwWnZjbTF6TDJGc2JDQmtiMk4xYldWdWRITXVZWE53ZUdSa0FoTVBaQllDQWdFUFpCWUNBZzBQRHhZQ0h3Vm9aQllDQWdFUFpCWUNaZzlrRmdJQ0F3OWtGZ0lDQlE5a0ZnSUNBUTg4S3dBSkFRQVBGZ1FlRFZCaGRHaFRaWEJoY21GMGIzSUVDQjROVG1WMlpYSkZlSEJoYm1SbFpHZGtaQUlWRDJRV0FnSUJEMlFXQm1ZUEZnSWZEQVVZTDBGd2NITXdNQzlUYUdGeVpXUWdSRzlqZFcxbGJuUnpaQUlHRDJRV0NHWVBaQllDQWdRUFpCWUNBZ0VQWkJZR1pnOWtGZ0ptRHc4V0FoOE1aV1JrQWdFUFpCWUdBZ0VQRHhZRUhneEZjbkp2Y2sxbGMzTmhaMlVGTUZsdmRTQnRkWE4wSUhOd1pXTnBabmtnWVNCMllXeDFaU0JtYjNJZ2RHaGxJSEpsY1hWcGNtVmtJR1pwWld4a0xoNFVUM0pwWjJsdVlXeEZjbkp2Y2sxbGMzTmhaMlVGTUZsdmRTQnRkWE4wSUhOd1pXTnBabmtnWVNCMllXeDFaU0JtYjNJZ2RHaGxJSEpsY1hWcGNtVmtJR1pwWld4a0xtUmtBZ01QRHhZQ0h3Vm5aR1FDQkE4UUR4WUNId3dGSmtGa1pDQmhjeUJoSUc1bGR5QjJaWEp6YVc5dUlIUnZJR1Y0YVhOMGFXNW5JR1pwYkdWelpHUmtaQUlDRHhZQ0h3Vm9aQUlCRDJRV0JnSUJEMlFXQW1ZUEZnSWZEQVVTUkdWemRHbHVZWFJwYjI0Z1JtOXNaR1Z5WkFJQ0QyUVdBbVlQRmdJZkRHVmtBZ1FQWkJZQ0FnRVBaQllHWmc5a0ZnSm1EdzhXQWg4TVpXUmtBZ0VQWkJZQ0FnRVBEeFlDSHd3RkFTOWtaQUlDRHhZQ0h3Vm9aQUlDRDJRV0JnSUJEMlFXQW1ZUEZnSWZEQVVUUkdWemRHbHVZWFJwYjI0Z1RHbGljbUZ5ZVdRQ0FnOWtGZ0ptRHhZQ0h3eGxaQUlFRDJRV0FnSUJEMlFXQkdZUFpCWUNaZzhQRmdJZkRHVmtaQUlDRHhZQ0h3Vm9aQUlERDJRV0JnSUJEMlFXQW1ZUEZnSWZEQVVRVm1WeWMybHZiaUJEYjIxdFpXNTBjMlFDQWc5a0ZnSm1EeFlDSHd4bFpBSUVEMlFXQWdJQkQyUVdCR1lQWkJZQ1pnOFBGZ0lmREdWa1pBSUNEeFlDSHdWb1pBSUhEMlFXQ0dZUEZnUWVDV2x1Ym1WeWFIUnRiQVh5QVV4aGNtZGxJR1pwYkdVZ2RYQnNiMkZrY3lCM2IzSnJJR0psZEhSbGNpQnBiaUJ6ZVc1alpXUWdabTlzWkdWeWN5d2dQR0VnYzNSNWJHVTlKM2RvYVhSbExYTndZV05sT201dmQzSmhjQ2NnYjI1amJHbGphejBpZDJsdVpHOTNMbTl3Wlc0b0oyaDBkSEE2THk5dlptWnBZMlV1YldsamNtOXpiMlowTG1OdmJTOWxiaTExY3k5emRYQndiM0owTDNONWJtTXRZUzFzYVdKeVlYSjVMWFJ2TFhsdmRYSXRZMjl0Y0hWMFpYSXRTRUV4TURJNE16STBNREV1WVhOd2VDY3NJQ2RmWW14aGJtc25LU0lnYUhKbFpqMG5JeWMrYkdWaGNtNGdiVzl5WlR3dllUNHVKbTVpYzNBN0ptNWljM0E3SGdocGMwaHBaR1JsYmdWTmRIbHdaVzltSUc1aGRtbG5ZWFJ2Y2k1dGMxQnliM1J2WTI5c2N5QTlQU0FpYjJKcVpXTjBJaUFtSmlBaGJtRjJhV2RoZEc5eUxtMXpVSEp2ZEc5amIyeHpXeUpuY25admNHVnVJbDFrQWdFUEZnSWVCWE4wZVd4bEJRMWthWE53YkdGNU9tNXZibVU3WkFJQ0QyUVdBZ0lCRHhZQ0hnZHZibU5zYVdOckJXWnBaaWdoY0hKdlkyVnpjMGx1Y0hWMEtDa3BJSEpsZEhWeWJpQm1ZV3h6WlR0VGRXSnRhWFJDZFhSMGIyNVBia05zYVdOcktDZGpkR3d3TUY5UWJHRmpaVWh2YkdSbGNrMWhhVzVmWTNSc01EUmZVbkIwUTI5dWRISnZiSE5mWW5SdVQwc25LVHRrQWdNUFpCWUNaZzhXQkI0SllXTmpaWE56YTJWNUJRRkRIeFVGcndOMGNua2dleUFOQ2lBZ0lDQWdJQ0FnSUNBZ0lDQWdJQ0FnSUNBZ0lDQWdJQ0FnSUNBZ0lDQWdJQ0FnSUNBZ0lDQjNhVzVrYjNjdVpuSmhiV1ZGYkdWdFpXNTBMbU5oYm1ObGJGQnZjRlZ3S0NrN0lBMEtJQ0FnSUNBZ0lDQWdJQ0FnSUNBZ0lDQWdJQ0FnSUNBZ0lDQWdJQ0FnSUNBZ0lDQWdmUTBLSUNBZ0lDQWdJQ0FnSUNBZ0lDQWdJQ0FnSUNBZ0lDQWdJQ0FnSUNBZ0lDQWdJQ0FnWTJGMFkyZ29aU2tnZXcwS0lDQWdJQ0FnSUNBZ0lDQWdJQ0FnSUNBZ0lDQWdJQ0FnSUNBZ0lDQWdJQ0FnSUNBZ0lDQWdJR2xtSUNoQ2IyOXNaV0Z1S0hSdmNDa2dKaVlnUW05dmJHVmhiaWgwYjNBdWNHOXpkRTFsYzNOaFoyVXBLU0FOQ2lBZ0lDQWdJQ0FnSUNBZ0lDQWdJQ0FnSUNBZ0lDQWdJQ0FnSUNBZ0lDQWdJQ0FnSUNBZ0lDQWdJQ0FnZEc5d0xuQnZjM1JOWlhOellXZGxLQ2REYkc5elpVUnBZV3h2Wnljc0lDY3FKeWs3RFFvZ0lDQWdJQ0FnSUNBZ0lDQWdJQ0FnSUNBZ0lDQWdJQ0FnSUNBZ0lDQWdJQ0FnSUNCOUlBMEtJQ0FnSUNBZ0lDQWdJQ0FnSUNBZ0lDQWdJQ0FnSUNBZ0lDQWdJQ0FnSUNBZ0lDQWdjbVYwZFhKdUlHWmhiSE5sTzJRWUFnVWVYMTlEYjI1MGNtOXNjMUpsY1hWcGNtVlFiM04wUW1GamEwdGxlVjlmRmdFRlFXTjBiREF3SkZCc1lXTmxTRzlzWkdWeVRXRnBiaVJWY0d4dllXUkViMk4xYldWdWRGTmxZM1JwYjI0a1kzUnNNRFVrVDNabGNuZHlhWFJsVTJsdVoyeGxCUmRqZEd3d01DUlViM0JPWVhacFoyRjBhVzl1VFdWdWRROFBaQVVVU0c5dFpWeEJjSEJ6SUNZZ1VISnZaSFZqZEhOa1NJbHhvdDV0OXp3Uk9XbWJMS3FWVTBpcEpFNVkzVG5TWnI0WExTZmJxcG89IiBDb3JyZWxhdGlvbkJpbmRpbmc9Int7Rm9ybVBvc3RQYXJhbTEyLl9fVklFV1NUQVRFfX0iIFVybEVuY29kZT0iVHJ1ZSIgLz4NCiAgICAgICAgPEZvcm1Qb3N0UGFyYW1ldGVyIE5hbWU9Il9fVklFV1NUQVRFR0VORVJBVE9SIiBWYWx1ZT0iMUQyNkFDQjQiIFJlY29yZGVkVmFsdWU9IjFEMjZBQ0I0IiBDb3JyZWxhdGlvbkJpbmRpbmc9Int7Rm9ybVBvc3RQYXJhbTEzLl9fVklFV1NUQVRFR0VORVJBVE9SfX0iIFVybEVuY29kZT0iVHJ1ZSIgLz4NCiAgICAgICAgPEZvcm1Qb3N0UGFyYW1ldGVyIE5hbWU9Il9fU0NST0xMUE9TSVRJT05YIiBWYWx1ZT0iMCIgUmVjb3JkZWRWYWx1ZT0iMCIgQ29ycmVsYXRpb25CaW5kaW5nPSJ7e0Zvcm1Qb3N0UGFyYW0xNC5fX1NDUk9MTFBPU0lUSU9OWH19IiBVcmxFbmNvZGU9IlRydWUiIC8+DQogICAgICAgIDxGb3JtUG9zdFBhcmFtZXRlciBOYW1lPSJfX1NDUk9MTFBPU0lUSU9OWSIgVmFsdWU9IjAiIFJlY29yZGVkVmFsdWU9IjAiIENvcnJlbGF0aW9uQmluZGluZz0ie3tGb3JtUG9zdFBhcmFtMTUuX19TQ1JPTExQT1NJVElPTll9fSIgVXJsRW5jb2RlPSJUcnVlIiAvPg0KICAgICAgICA8Rm9ybVBvc3RQYXJhbWV0ZXIgTmFtZT0iX19FVkVOVFZBTElEQVRJT04iIFZhbHVlPSIvd0VkQUFtV0RSWVBMSEU5YVFhT3FIU3YyTkNsTG1YeVl3QStPZkZhRzVBMmx6OG5DTFVnRkxwbktPanZCQVUydFhud0Qwd2J0NXhXaWxIa3BBWHJndXRkOXhzcmFyNklJM3QybXlIdEttOEpyejBrcXgvTGN4RDVrZ1liWS9pSlRSVG1wR1JMUUFDZFhxTWk0ZmFnbmo1cU9yMzBjMFlLa2N1clN5OHN4dEV2d0gxMHRjWWNTY2M3ZSs2SE9QYkRHSlJFMjd1Z3hGVUJvUmd3WnNRQ0NRMHplM2pYTGdIN3NORDBYaHFxN0YvZUlJS3Q2UT09IiBSZWNvcmRlZFZhbHVlPSIvd0VkQUFtV0RSWVBMSEU5YVFhT3FIU3YyTkNsTG1YeVl3QStPZkZhRzVBMmx6OG5DTFVnRkxwbktPanZCQVUydFhud0Qwd2J0NXhXaWxIa3BBWHJndXRkOXhzcmFyNklJM3QybXlIdEttOEpyejBrcXgvTGN4RDVrZ1liWS9pSlRSVG1wR1JMUUFDZFhxTWk0ZmFnbmo1cU9yMzBjMFlLa2N1clN5OHN4dEV2d0gxMHRjWWNTY2M3ZSs2SE9QYkRHSlJFMjd1Z3hGVUJvUmd3WnNRQ0NRMHplM2pYTGdIN3NORDBYaHFxN0YvZUlJS3Q2UT09IiBDb3JyZWxhdGlvbkJpbmRpbmc9Int7Rm9ybVBvc3RQYXJhbTE2Ll9fRVZFTlRWQUxJREFUSU9OfX0iIFVybEVuY29kZT0iVHJ1ZSIgLz4NCiAgICAgICAgPEZvcm1Qb3N0UGFyYW1ldGVyIE5hbWU9ImRlc3RpbmF0aW9uIiBWYWx1ZT0iL0FwcHMwMC9TaGFyZWQgRG9jdW1lbnRzIiBSZWNvcmRlZFZhbHVlPSIvQXBwczAwL1NoYXJlZCBEb2N1bWVudHMiIENvcnJlbGF0aW9uQmluZGluZz0ie3tGb3JtUG9zdFBhcmFtMTcuZGVzdGluYXRpb259fSIgVXJsRW5jb2RlPSJUcnVlIiAvPg0KICAgICAgICA8RmlsZVVwbG9hZFBhcmFtZXRlciBOYW1lPSJjdGwwMCRQbGFjZUhvbGRlck1haW4kVXBsb2FkRG9jdW1lbnRTZWN0aW9uJGN0bDA1JElucHV0RmlsZSIgRmlsZU5hbWU9IkZpbGUgZm9yIHRoZSB2ZXJzaW9uIDMueGxzeCIgQ29udGVudFR5cGU9ImFwcGxpY2F0aW9uL3ZuZC5vcGVueG1sZm9ybWF0cy1vZmZpY2Vkb2N1bWVudC5zcHJlYWRzaGVldG1sLnNoZWV0IiBHZW5lcmF0ZVVuaXF1ZU5hbWU9IlRydWUiIFVzZUd1aWRzPSJGYWxzZSIgRmlsZVVwbG9hZE5hbWU9IiIgSHRtbEVuY29kZUZpbGVOYW1lPSJUcnVlIiAvPg0KICAgICAgICA8Rm9ybVBvc3RQYXJhbWV0ZXIgTmFtZT0iY3RsMDAkUGxhY2VIb2xkZXJNYWluJFVwbG9hZERvY3VtZW50U2VjdGlvbiRjdGwwNSRPdmVyd3JpdGVTaW5nbGUiIFZhbHVlPSJvbiIgUmVjb3JkZWRWYWx1ZT0ib24iIENvcnJlbGF0aW9uQmluZGluZz0iIiBVcmxFbmNvZGU9IlRydWUiIC8+DQogICAgICAgIDxGb3JtUG9zdFBhcmFtZXRlciBOYW1lPSJjdGwwMCRQbGFjZUhvbGRlck1haW4kY3RsMDUkY3RsMDEkdXBsb2FkTG9jYXRpb24iIFZhbHVlPSIvIiBSZWNvcmRlZFZhbHVlPSIvIiBDb3JyZWxhdGlvbkJpbmRpbmc9Int7Rm9ybVBvc3RQYXJhbTE4LmN0bDAwJFBsYWNlSG9sZGVyTWFpbiRjdGwwNSRjdGwwMSR1cGxvYWRMb2NhdGlvbn19IiBVcmxFbmNvZGU9IlRydWUiIC8+DQogICAgICAgIDxGb3JtUG9zdFBhcmFtZXRlciBOYW1lPSJjdGwwMCRQbGFjZUhvbGRlck1haW4kVmVyc2lvbkNvbW1lbnRTZWN0aW9uJGN0bDAxJENoZWNrSW5Db21tZW50IiBWYWx1ZT0iIiBSZWNvcmRlZFZhbHVlPSIiIENvcnJlbGF0aW9uQmluZGluZz0iIiBVcmxFbmNvZGU9IlRydWUiIC8+DQogICAgICA8L0Zvcm1Qb3N0SHR0cEJvZHk+DQogICAgPC9SZXF1ZXN0Pg0KICAgIDxSZXF1ZXN0IE1ldGhvZD0iR0VUIiBHdWlkPSJkNWNmNDc4Yi0yMjM0LTRkNjMtOTI0NC1hYjFmMzRkZDAyNDQiIFZlcnNpb249IjEuMSIgVXJsPSJodHRwczovL3NwLmNvcmRpc3NvbHV0aW9ucy5jb20vQXBwczAwL1NoYXJlZCUyMERvY3VtZW50cy9Gb3Jtcy9FZGl0Rm9ybS5hc3B4IiBUaGlua1RpbWU9IjAiIFRpbWVvdXQ9IjMwMCIgUGFyc2VEZXBlbmRlbnRSZXF1ZXN0cz0iVHJ1ZSIgRm9sbG93UmVkaXJlY3RzPSJUcnVlIiBSZWNvcmRSZXN1bHQ9IlRydWUiIENhY2hlPSJGYWxzZSIgUmVzcG9uc2VUaW1lR29hbD0iMCIgRW5jb2Rpbmc9InV0Zi04IiBFeHBlY3RlZEh0dHBTdGF0dXNDb2RlPSIwIiBFeHBlY3RlZFJlc3BvbnNlVXJsPSIiIFJlcG9ydGluZ05hbWU9IiIgSWdub3JlSHR0cFN0YXR1c0NvZGU9IkZhbHNlIj4NCiAgICAgIDxEZXBlbmRlbnRSZXF1ZXN0cz4NCiAgICAgICAgPFJlcXVlc3QgTWV0aG9kPSJHRVQiIEd1aWQ9ImZiMGExMzAzLTk2OWMtNGVjNC1iODUwLWFiN2ExMzA3NzJhMyIgVmVyc2lvbj0iMS4xIiBVcmw9Imh0dHBzOi8vc3AuY29yZGlzc29sdXRpb25zLmNvbS9BcHBzMDAvX2xheW91dHMvMTUvY29tbWFuZHVpLmFzaHgiIFRoaW5rVGltZT0iMSIgVGltZW91dD0iMzAwIiBQYXJzZURlcGVuZGVudFJlcXVlc3RzPSJUcnVlIiBGb2xsb3dSZWRpcmVjdHM9IlRydWUiIFJlY29yZFJlc3VsdD0iVHJ1ZSIgQ2FjaGU9IkZhbHNlIiBSZXNwb25zZVRpbWVHb2FsPSIwIiBFbmNvZGluZz0idXRmLTgiIEV4cGVjdGVkSHR0cFN0YXR1c0NvZGU9IjAiIEV4cGVjdGVkUmVzcG9uc2VVcmw9IiIgUmVwb3J0aW5nTmFtZT0iIiBJZ25vcmVIdHRwU3RhdHVzQ29kZT0iRmFsc2UiPg0KICAgICAgICAgIDxIZWFkZXJzPg0KICAgICAgICAgICAgPEhlYWRlciBOYW1lPSJYLVJlcXVlc3RlZC1XaXRoIiBWYWx1ZT0iWE1MSHR0cFJlcXVlc3QiIC8+DQogICAgICAgICAgICA8SGVhZGVyIE5hbWU9IlJlZmVyZXIiIFZhbHVlPSJodHRwczovL3NwLmNvcmRpc3NvbHV0aW9ucy5jb20vQXBwczAwL1NoYXJlZCUyMERvY3VtZW50cy9Gb3Jtcy9FZGl0Rm9ybS5hc3B4P01vZGU9VXBsb2FkJmFtcDtDaGVja0luQ29tbWVudD0mYW1wO0lEPTM0NTgmYW1wO1Jvb3RGb2xkZXI9JTJGQXBwczAwJTJGU2hhcmVkJTIwRG9jdW1lbnRzJmFtcDtJc0RsZz0xIiAvPg0KICAgICAgICAgIDwvSGVhZGVycz4NCiAgICAgICAgICA8UXVlcnlTdHJpbmdQYXJhbWV0ZXJzPg0KICAgICAgICAgICAgPFF1ZXJ5U3RyaW5nUGFyYW1ldGVyIE5hbWU9InZlciIgVmFsdWU9IjgyMzE1MzU1NiIgUmVjb3JkZWRWYWx1ZT0iODIzMTUzNTU2IiBDb3JyZWxhdGlvbkJpbmRpbmc9IiIgVXJsRW5jb2RlPSJGYWxzZSIgVXNlVG9Hcm91cFJlc3VsdHM9IkZhbHNlIiAvPg0KICAgICAgICAgICAgPFF1ZXJ5U3RyaW5nUGFyYW1ldGVyIE5hbWU9ImxjaWQiIFZhbHVlPSIxMDMzIiBSZWNvcmRlZFZhbHVlPSIxMDMzIiBDb3JyZWxhdGlvbkJpbmRpbmc9IiIgVXJsRW5jb2RlPSJGYWxzZSIgVXNlVG9Hcm91cFJlc3VsdHM9IkZhbHNlIiAvPg0KICAgICAgICAgICAgPFF1ZXJ5U3RyaW5nUGFyYW1ldGVyIE5hbWU9InF0IiBWYWx1ZT0iY29tbWFuZGhhbmRsZXJzIiBSZWNvcmRlZFZhbHVlPSJjb21tYW5kaGFuZGxlcnMiIENvcnJlbGF0aW9uQmluZGluZz0iIiBVcmxFbmNvZGU9IkZhbHNlIiBVc2VUb0dyb3VwUmVzdWx0cz0iRmFsc2UiIC8+DQogICAgICAgICAgPC9RdWVyeVN0cmluZ1BhcmFtZXRlcnM+DQogICAgICAgIDwvUmVxdWVzdD4NCiAgICAgICAgPFJlcXVlc3QgTWV0aG9kPSJQT1NUIiBHdWlkPSIxYTAzYmIzNy1lMDRhLTRhZGUtODQ2Yi02NmQxZmRkYTVmZDIiIFZlcnNpb249IjEuMSIgVXJsPSJodHRwczovL3NwLmNvcmRpc3NvbHV0aW9ucy5jb20vQXBwczAwL19sYXlvdXRzLzE1L2NvbW1hbmR1aS5hc2h4IiBUaGlua1RpbWU9IjAiIFRpbWVvdXQ9IjMwMCIgUGFyc2VEZXBlbmRlbnRSZXF1ZXN0cz0iVHJ1ZSIgRm9sbG93UmVkaXJlY3RzPSJUcnVlIiBSZWNvcmRSZXN1bHQ9IlRydWUiIENhY2hlPSJGYWxzZSIgUmVzcG9uc2VUaW1lR29hbD0iMCIgRW5jb2Rpbmc9InV0Zi04IiBFeHBlY3RlZEh0dHBTdGF0dXNDb2RlPSIwIiBFeHBlY3RlZFJlc3BvbnNlVXJsPSIiIFJlcG9ydGluZ05hbWU9IiIgSWdub3JlSHR0cFN0YXR1c0NvZGU9IkZhbHNlIj4NCiAgICAgICAgICA8SGVhZGVycz4NCiAgICAgICAgICAgIDxIZWFkZXIgTmFtZT0iWC1SZXF1ZXN0ZWQtV2l0aCIgVmFsdWU9IlhNTEh0dHBSZXF1ZXN0IiAvPg0KICAgICAgICAgICAgPEhlYWRlciBOYW1lPSJSZWZlcmVyIiBWYWx1ZT0iaHR0cHM6Ly9zcC5jb3JkaXNzb2x1dGlvbnMuY29tL0FwcHMwMC9TaGFyZWQlMjBEb2N1bWVudHMvRm9ybXMvRWRpdEZvcm0uYXNweD9Nb2RlPVVwbG9hZCZhbXA7Q2hlY2tJbkNvbW1lbnQ9JmFtcDtJRD0zNDU4JmFtcDtSb290Rm9sZGVyPSUyRkFwcHMwMCUyRlNoYXJlZCUyMERvY3VtZW50cyZhbXA7SXNEbGc9MSIgLz4NCiAgICAgICAgICA8L0hlYWRlcnM+DQogICAgICAgICAgPFF1ZXJ5U3RyaW5nUGFyYW1ldGVycz4NCiAgICAgICAgICAgIDxRdWVyeVN0cmluZ1BhcmFtZXRlciBOYW1lPSJ2ZXIiIFZhbHVlPSI4MjMxNTM1NTYiIFJlY29yZGVkVmFsdWU9IjgyMzE1MzU1NiIgQ29ycmVsYXRpb25CaW5kaW5nPSIiIFVybEVuY29kZT0iRmFsc2UiIFVzZVRvR3JvdXBSZXN1bHRzPSJGYWxzZSIgLz4NCiAgICAgICAgICAgIDxRdWVyeVN0cmluZ1BhcmFtZXRlciBOYW1lPSJpZCIgVmFsdWU9IlJpYmJvbi5Eb2NMaWJMaXN0Rm9ybS5FZGl0IiBSZWNvcmRlZFZhbHVlPSJSaWJib24uRG9jTGliTGlzdEZvcm0uRWRpdCIgQ29ycmVsYXRpb25CaW5kaW5nPSIiIFVybEVuY29kZT0iRmFsc2UiIFVzZVRvR3JvdXBSZXN1bHRzPSJGYWxzZSIgLz4NCiAgICAgICAgICAgIDxRdWVyeVN0cmluZ1BhcmFtZXRlciBOYW1lPSJsY2lkIiBWYWx1ZT0iMTAzMyIgUmVjb3JkZWRWYWx1ZT0iMTAzMyIgQ29ycmVsYXRpb25CaW5kaW5nPSIiIFVybEVuY29kZT0iRmFsc2UiIFVzZVRvR3JvdXBSZXN1bHRzPSJGYWxzZSIgLz4NCiAgICAgICAgICAgIDxRdWVyeVN0cmluZ1BhcmFtZXRlciBOYW1lPSJxdCIgVmFsdWU9InJpYmJvbnZpc2libGV0YWJkZWVwIiBSZWNvcmRlZFZhbHVlPSJyaWJib252aXNpYmxldGFiZGVlcCIgQ29ycmVsYXRpb25CaW5kaW5nPSIiIFVybEVuY29kZT0iRmFsc2UiIFVzZVRvR3JvdXBSZXN1bHRzPSJGYWxzZSIgLz4NCiAgICAgICAgICA8L1F1ZXJ5U3RyaW5nUGFyYW1ldGVycz4NCiAgICAgICAgICA8Rm9ybVBvc3RIdHRwQm9keSAvPg0KICAgICAgICA8L1JlcXVlc3Q+DQogICAgICAgIDxSZXF1ZXN0IE1ldGhvZD0iR0VUIiBHdWlkPSJiYjc2OTc2Zi1iNTc5LTRmNjgtYWNkOC05MTZjODdjYTBmMjciIFZlcnNpb249IjEuMSIgVXJsPSJodHRwczovL3NwLmNvcmRpc3NvbHV0aW9ucy5jb20vX2xheW91dHMvMTUvU2NyaXB0UmVzeC5hc2h4IiBUaGlua1RpbWU9IjAiIFRpbWVvdXQ9IjMwMCIgUGFyc2VEZXBlbmRlbnRSZXF1ZXN0cz0iVHJ1ZSIgRm9sbG93UmVkaXJlY3RzPSJUcnVlIiBSZWNvcmRSZXN1bHQ9IlRydWUiIENhY2hlPSJGYWxzZSIgUmVzcG9uc2VUaW1lR29hbD0iMCIgRW5jb2Rpbmc9InV0Zi04IiBFeHBlY3RlZEh0dHBTdGF0dXNDb2RlPSIwIiBFeHBlY3RlZFJlc3BvbnNlVXJsPSIiIFJlcG9ydGluZ05hbWU9IiIgSWdub3JlSHR0cFN0YXR1c0NvZGU9IkZhbHNlIj4NCiAgICAgICAgICA8SGVhZGVycz4NCiAgICAgICAgICAgIDxIZWFkZXIgTmFtZT0iUmVmZXJlciIgVmFsdWU9Imh0dHBzOi8vc3AuY29yZGlzc29sdXRpb25zLmNvbS9BcHBzMDAvU2hhcmVkJTIwRG9jdW1lbnRzL0Zvcm1zL0VkaXRGb3JtLmFzcHg/TW9kZT1VcGxvYWQmYW1wO0NoZWNrSW5Db21tZW50PSZhbXA7SUQ9MzQ1OCZhbXA7Um9vdEZvbGRlcj0lMkZBcHBzMDAlMkZTaGFyZWQlMjBEb2N1bWVudHMmYW1wO0lzRGxnPTEiIC8+DQogICAgICAgICAgPC9IZWFkZXJzPg0KICAgICAgICAgIDxRdWVyeVN0cmluZ1BhcmFtZXRlcnM+DQogICAgICAgICAgICA8UXVlcnlTdHJpbmdQYXJhbWV0ZXIgTmFtZT0iY3VsdHVyZSIgVmFsdWU9ImVuJTJEdXMiIFJlY29yZGVkVmFsdWU9ImVuJTJEdXMiIENvcnJlbGF0aW9uQmluZGluZz0iIiBVcmxFbmNvZGU9IkZhbHNlIiBVc2VUb0dyb3VwUmVzdWx0cz0iRmFsc2UiIC8+DQogICAgICAgICAgICA8UXVlcnlTdHJpbmdQYXJhbWV0ZXIgTmFtZT0ibmFtZSIgVmFsdWU9IlNQJTJFVUklMkVQb2xpY3klMkVSZXNvdXJjZXMiIFJlY29yZGVkVmFsdWU9IlNQJTJFVUklMkVQb2xpY3klMkVSZXNvdXJjZXMiIENvcnJlbGF0aW9uQmluZGluZz0iIiBVcmxFbmNvZGU9IkZhbHNlIiBVc2VUb0dyb3VwUmVzdWx0cz0iRmFsc2UiIC8+DQogICAgICAgICAgICA8UXVlcnlTdHJpbmdQYXJhbWV0ZXIgTmFtZT0icmV2IiBWYWx1ZT0ibTJOdnRtMTNEUmdvZENWaSUyQnNSdWt3JTNEJTNEIiBSZWNvcmRlZFZhbHVlPSJtMk52dG0xM0RSZ29kQ1ZpJTJCc1J1a3clM0QlM0QiIENvcnJlbGF0aW9uQmluZGluZz0iIiBVcmxFbmNvZGU9IkZhbHNlIiBVc2VUb0dyb3VwUmVzdWx0cz0iRmFsc2UiIC8+DQogICAgICAgICAgPC9RdWVyeVN0cmluZ1BhcmFtZXRlcnM+DQogICAgICAgIDwvUmVxdWVzdD4NCiAgICAgICAgPFJlcXVlc3QgTWV0aG9kPSJHRVQiIEd1aWQ9IjE1NjI2NGE3LWMzNzYtNGM5MS1hNDJhLTVlYmZlYWZlNjgxMiIgVmVyc2lvbj0iMS4xIiBVcmw9Imh0dHBzOi8vc3AuY29yZGlzc29sdXRpb25zLmNvbS9fbGF5b3V0cy8xNS9TY3JpcHRSZXN4LmFzaHgiIFRoaW5rVGltZT0iMSIgVGltZW91dD0iMzAwIiBQYXJzZURlcGVuZGVudFJlcXVlc3RzPSJUcnVlIiBGb2xsb3dSZWRpcmVjdHM9IlRydWUiIFJlY29yZFJlc3VsdD0iVHJ1ZSIgQ2FjaGU9IkZhbHNlIiBSZXNwb25zZVRpbWVHb2FsPSIwIiBFbmNvZGluZz0idXRmLTgiIEV4cGVjdGVkSHR0cFN0YXR1c0NvZGU9IjAiIEV4cGVjdGVkUmVzcG9uc2VVcmw9IiIgUmVwb3J0aW5nTmFtZT0iIiBJZ25vcmVIdHRwU3RhdHVzQ29kZT0iRmFsc2UiPg0KICAgICAgICAgIDxIZWFkZXJzPg0KICAgICAgICAgICAgPEhlYWRlciBOYW1lPSJSZWZlcmVyIiBWYWx1ZT0iaHR0cHM6Ly9zcC5jb3JkaXNzb2x1dGlvbnMuY29tL0FwcHMwMC9TaGFyZWQlMjBEb2N1bWVudHMvRm9ybXMvRWRpdEZvcm0uYXNweD9Nb2RlPVVwbG9hZCZhbXA7Q2hlY2tJbkNvbW1lbnQ9JmFtcDtJRD0zNDU4JmFtcDtSb290Rm9sZGVyPSUyRkFwcHMwMCUyRlNoYXJlZCUyMERvY3VtZW50cyZhbXA7SXNEbGc9MSIgLz4NCiAgICAgICAgICA8L0hlYWRlcnM+DQogICAgICAgICAgPFF1ZXJ5U3RyaW5nUGFyYW1ldGVycz4NCiAgICAgICAgICAgIDxRdWVyeVN0cmluZ1BhcmFtZXRlciBOYW1lPSJjdWx0dXJlIiBWYWx1ZT0iZW4lMkR1cyIgUmVjb3JkZWRWYWx1ZT0iZW4lMkR1cyIgQ29ycmVsYXRpb25CaW5kaW5nPSIiIFVybEVuY29kZT0iRmFsc2UiIFVzZVRvR3JvdXBSZXN1bHRzPSJGYWxzZSIgLz4NCiAgICAgICAgICAgIDxRdWVyeVN0cmluZ1BhcmFtZXRlciBOYW1lPSJuYW1lIiBWYWx1ZT0iU1AlMkVVSSUyRVBvbGljeSUyRVJlc291cmNlcyIgUmVjb3JkZWRWYWx1ZT0iU1AlMkVVSSUyRVBvbGljeSUyRVJlc291cmNlcyIgQ29ycmVsYXRpb25CaW5kaW5nPSIiIFVybEVuY29kZT0iRmFsc2UiIFVzZVRvR3JvdXBSZXN1bHRzPSJGYWxzZSIgLz4NCiAgICAgICAgICAgIDxRdWVyeVN0cmluZ1BhcmFtZXRlciBOYW1lPSJyZXYiIFZhbHVlPSJtMk52dG0xM0RSZ29kQ1ZpJTJCc1J1a3clM0QlM0QiIFJlY29yZGVkVmFsdWU9Im0yTnZ0bTEzRFJnb2RDVmklMkJzUnVrdyUzRCUzRCIgQ29ycmVsYXRpb25CaW5kaW5nPSIiIFVybEVuY29kZT0iRmFsc2UiIFVzZVRvR3JvdXBSZXN1bHRzPSJGYWxzZSIgLz4NCiAgICAgICAgICA8L1F1ZXJ5U3RyaW5nUGFyYW1ldGVycz4NCiAgICAgICAgPC9SZXF1ZXN0Pg0KICAgICAgPC9EZXBlbmRlbnRSZXF1ZXN0cz4NCiAgICAgIDxIZWFkZXJzPg0KICAgICAgICA8SGVhZGVyIE5hbWU9IlJlZmVyZXIiIFZhbHVlPSJodHRwczovL3NwLmNvcmRpc3NvbHV0aW9ucy5jb20vQXBwczAwL19sYXlvdXRzLzE1L1VwbG9hZEV4LmFzcHg/TGlzdD0lN2JFRDI4MTkyQS0zQjY3LTQzRDgtQkE4QS1EQ0NBM0FDRTdEMEIlN2QmYW1wO1Jvb3RGb2xkZXI9JmFtcDtJc0RsZz0xIiAvPg0KICAgICAgPC9IZWFkZXJzPg0KICAgICAgPFF1ZXJ5U3RyaW5nUGFyYW1ldGVycz4NCiAgICAgICAgPFF1ZXJ5U3RyaW5nUGFyYW1ldGVyIE5hbWU9Ik1vZGUiIFZhbHVlPSJVcGxvYWQiIFJlY29yZGVkVmFsdWU9IlVwbG9hZCIgQ29ycmVsYXRpb25CaW5kaW5nPSJ7e1F1ZXJ5U3RyaW5nUGFyYW0xNy5Nb2RlfX0iIFVybEVuY29kZT0iRmFsc2UiIFVzZVRvR3JvdXBSZXN1bHRzPSJGYWxzZSIgLz4NCiAgICAgICAgPFF1ZXJ5U3RyaW5nUGFyYW1ldGVyIE5hbWU9IkNoZWNrSW5Db21tZW50IiBWYWx1ZT0iIiBSZWNvcmRlZFZhbHVlPSIiIENvcnJlbGF0aW9uQmluZGluZz0iIiBVcmxFbmNvZGU9IkZhbHNlIiBVc2VUb0dyb3VwUmVzdWx0cz0iRmFsc2UiIC8+DQogICAgICAgIDxRdWVyeVN0cmluZ1BhcmFtZXRlciBOYW1lPSJJRCIgVmFsdWU9IjM0NTgiIFJlY29yZGVkVmFsdWU9IjM0NTgiIENvcnJlbGF0aW9uQmluZGluZz0ie3tRdWVyeVN0cmluZ1BhcmFtMTguSUR9fSIgVXJsRW5jb2RlPSJGYWxzZSIgVXNlVG9Hcm91cFJlc3VsdHM9IkZhbHNlIiAvPg0KICAgICAgICA8UXVlcnlTdHJpbmdQYXJhbWV0ZXIgTmFtZT0iUm9vdEZvbGRlciIgVmFsdWU9IiUyRkFwcHMwMCUyRlNoYXJlZCUyMERvY3VtZW50cyIgUmVjb3JkZWRWYWx1ZT0iJTJGQXBwczAwJTJGU2hhcmVkJTIwRG9jdW1lbnRzIiBDb3JyZWxhdGlvbkJpbmRpbmc9IiIgVXJsRW5jb2RlPSJGYWxzZSIgVXNlVG9Hcm91cFJlc3VsdHM9IkZhbHNlIiAvPg0KICAgICAgICA8UXVlcnlTdHJpbmdQYXJhbWV0ZXIgTmFtZT0iSXNEbGciIFZhbHVlPSIxIiBSZWNvcmRlZFZhbHVlPSIxIiBDb3JyZWxhdGlvbkJpbmRpbmc9Int7UXVlcnlTdHJpbmdQYXJhbTQuSXNEbGd9fSIgVXJsRW5jb2RlPSJGYWxzZSIgVXNlVG9Hcm91cFJlc3VsdHM9IkZhbHNlIiAvPg0KICAgICAgPC9RdWVyeVN0cmluZ1BhcmFtZXRlcnM+DQogICAgPC9SZXF1ZXN0Pg0KICAgIDxSZXF1ZXN0IE1ldGhvZD0iR0VUIiBHdWlkPSJlMTA2ZTk1NS04M2EyLTRkYmYtOGZmNC03MjYzMTQ3YTg5NzciIFZlcnNpb249IjEuMSIgVXJsPSJodHRwczovL3NwLmNvcmRpc3NvbHV0aW9ucy5jb20vX2xheW91dHMvMTUvaW1hZ2VzL2JsYW5rLmdpZiIgVGhpbmtUaW1lPSIwIiBUaW1lb3V0PSIzMDAiIFBhcnNlRGVwZW5kZW50UmVxdWVzdHM9IlRydWUiIEZvbGxvd1JlZGlyZWN0cz0iVHJ1ZSIgUmVjb3JkUmVzdWx0PSJUcnVlIiBDYWNoZT0iRmFsc2UiIFJlc3BvbnNlVGltZUdvYWw9IjAiIEVuY29kaW5nPSJ1dGYtOCIgRXhwZWN0ZWRIdHRwU3RhdHVzQ29kZT0iMCIgRXhwZWN0ZWRSZXNwb25zZVVybD0iIiBSZXBvcnRpbmdOYW1lPSIiIElnbm9yZUh0dHBTdGF0dXNDb2RlPSJGYWxzZSI+DQogICAgICA8SGVhZGVycz4NCiAgICAgICAgPEhlYWRlciBOYW1lPSJSZWZlcmVyIiBWYWx1ZT0iaHR0cHM6Ly9zcC5jb3JkaXNzb2x1dGlvbnMuY29tL0FwcHMwMC9TaGFyZWQlMjBEb2N1bWVudHMvRm9ybXMvRWRpdEZvcm0uYXNweD9Nb2RlPVVwbG9hZCZhbXA7Q2hlY2tJbkNvbW1lbnQ9JmFtcDtJRD0zNDU4JmFtcDtSb290Rm9sZGVyPSUyRkFwcHMwMCUyRlNoYXJlZCUyMERvY3VtZW50cyZhbXA7SXNEbGc9MSIgLz4NCiAgICAgIDwvSGVhZGVycz4NCiAgICA8L1JlcXVlc3Q+DQogIDwvSXRlbXM+DQogIDxWYWxpZGF0aW9uUnVsZXM+DQogICAgPFZhbGlkYXRpb25SdWxlIENsYXNzbmFtZT0iTWljcm9zb2Z0LlZpc3VhbFN0dWRpby5UZXN0VG9vbHMuV2ViVGVzdGluZy5SdWxlcy5WYWxpZGF0ZVJlc3BvbnNlVXJsLCBNaWNyb3NvZnQuVmlzdWFsU3R1ZGlvLlF1YWxpdHlUb29scy5XZWJUZXN0RnJhbWV3b3JrLCBWZXJzaW9uPTEwLjAuMC4wLCBDdWx0dXJlPW5ldXRyYWwsIFB1YmxpY0tleVRva2VuPWIwM2Y1ZjdmMTFkNTBhM2EiIERpc3BsYXlOYW1lPSJSZXNwb25zZSBVUkwiIERlc2NyaXB0aW9uPSJWYWxpZGF0ZXMgdGhhdCB0aGUgcmVzcG9uc2UgVVJMIGFmdGVyIHJlZGlyZWN0cyBhcmUgZm9sbG93ZWQgaXMgdGhlIHNhbWUgYXMgdGhlIHJlY29yZGVkIHJlc3BvbnNlIFVSTC4gIFF1ZXJ5U3RyaW5nIHBhcmFtZXRlcnMgYXJlIGlnbm9yZWQuIiBMZXZlbD0iTG93IiBFeGVjdHVpb25PcmRlcj0iQmVmb3JlRGVwZW5kZW50cyIgLz4NCiAgICA8VmFsaWRhdGlvblJ1bGUgQ2xhc3NuYW1lPSJNaWNyb3NvZnQuVmlzdWFsU3R1ZGlvLlRlc3RUb29scy5XZWJUZXN0aW5nLlJ1bGVzLlZhbGlkYXRpb25SdWxlUmVzcG9uc2VUaW1lR29hbCwgTWljcm9zb2Z0LlZpc3VhbFN0dWRpby5RdWFsaXR5VG9vbHMuV2ViVGVzdEZyYW1ld29yaywgVmVyc2lvbj0xMC4wLjAuMCwgQ3VsdHVyZT1uZXV0cmFsLCBQdWJsaWNLZXlUb2tlbj1iMDNmNWY3ZjExZDUwYTNhIiBEaXNwbGF5TmFtZT0iUmVzcG9uc2UgVGltZSBHb2FsIiBEZXNjcmlwdGlvbj0iVmFsaWRhdGVzIHRoYXQgdGhlIHJlc3BvbnNlIHRpbWUgZm9yIHRoZSByZXF1ZXN0IGlzIGxlc3MgdGhhbiBvciBlcXVhbCB0byB0aGUgcmVzcG9uc2UgdGltZSBnb2FsIGFzIHNwZWNpZmllZCBvbiB0aGUgcmVxdWVzdC4gIFJlc3BvbnNlIHRpbWUgZ29hbHMgb2YgemVybyB3aWxsIGJlIGlnbm9yZWQuIiBMZXZlbD0iTG93IiBFeGVjdHVpb25PcmRlcj0iQWZ0ZXJEZXBlbmRlbnRzIj4NCiAgICAgIDxSdWxlUGFyYW1ldGVycz4NCiAgICAgICAgPFJ1bGVQYXJhbWV0ZXIgTmFtZT0iVG9sZXJhbmNlIiBWYWx1ZT0iMCIgLz4NCiAgICAgIDwvUnVsZVBhcmFtZXRlcnM+DQogICAgPC9WYWxpZGF0aW9uUnVsZT4NCiAgPC9WYWxpZGF0aW9uUnVsZXM+DQo8L1dlYlRlc3Q+">
      <Execution id="9344b0ba-f37b-41ca-8edc-df927ebda0d6" />
    </WebTest>
  </TestDefinitions>
  <TestLists>
    <TestList name="Results Not in a List" id="8c84fa94-04c1-424b-9868-57a2d4851a1d" />
    <TestList name="All Loaded Results" id="19431567-8539-422a-85d7-44ee4e166bda" />
  </TestLists>
  <TestEntries>
    <TestEntry isTransparent="false" testId="d2d8123a-ec8e-4a09-8e27-68c936a58d70" executionId="9344b0ba-f37b-41ca-8edc-df927ebda0d6" testListId="8c84fa94-04c1-424b-9868-57a2d4851a1d" />
  </TestEntries>
  <Results>
    <WebTestResult executionId="9344b0ba-f37b-41ca-8edc-df927ebda0d6" testId="d2d8123a-ec8e-4a09-8e27-68c936a58d70" testName="UploadFile" computerName="CS02" duration="00:00:04.2111395" startTime="2018-06-13T15:33:31.9057112+01:00" endTime="2018-06-13T15:33:46.7471190+01:00" testType="4e7599fa-5ecb-43e9-a887-cd63cf72d207" outcome="Passed" testListId="8c84fa94-04c1-424b-9868-57a2d4851a1d" relativeResultsDirectory="9344b0ba-f37b-41ca-8edc-df927ebda0d6">
      <ResultFiles>
        <ResultFile path="UploadFile.webtestResult" />
      </ResultFiles>
      <TestSettings name="Local" id="879f9405-1edd-43f5-90cf-576a7ef84ea2">
        <Description>These are default test settings for a local test run.</Description>
        <Deployment runDeploymentRoot="SPAdmin_CS02 2018-06-13 15_33_31">
          <DeploymentItem filename="SPLoadTesting\File for the version 3.xlsx" />
          <DeploymentItem filename="SPLoadTesting\File for the version 1.xlsx" />
          <DeploymentItem filename="SPLoadTesting\File for the version 2.xlsx" />
        </Deployment>
        <Execution hostProcessPlatform="MSIL">
          <TestTypeSpecific>
            <UnitTestRunConfig testTypeId="13cdc9d9-ddb5-4fa4-a97d-d965ccfc6d4b">
              <AssemblyResolution>
                <TestDirectory useLoadContext="true" />
              </AssemblyResolution>
            </UnitTestRunConfig>
            <WebTestRunConfiguration testTypeId="4e7599fa-5ecb-43e9-a887-cd63cf72d207">
              <Browser name="Internet Explorer 9.0" MaxConnections="6">
                <Headers>
                  <Header name="User-Agent" value="Mozilla/5.0 (compatible; MSIE 9.0; Windows NT 6.1; Trident/5.0)" />
                  <Header name="Accept" value="*/*" />
                  <Header name="Accept-Language" value="{{$IEAcceptLanguage}}" />
                  <Header name="Accept-Encoding" value="GZIP" />
                </Headers>
              </Browser>
            </WebTestRunConfiguration>
          </TestTypeSpecific>
          <AgentRule name="LocalMachineDefaultRole">
          </AgentRule>
        </Execution>
        <Properties>
          <Property name="TestSettingsUIType" value="LoadTest" />
        </Properties>
      </TestSettings>
      <WebTestResultFilePath>SPAdmin_CS02 2018-06-13 15_33_31\In\9344b0ba-f37b-41ca-8edc-df927ebda0d6\UploadFile.webtestResult</WebTestResultFilePath>
    </WebTestResult>
  </Results>
</TestRun>