<?xml version="1.0" encoding="UTF-8"?>
<TestRun id="03dce50d-2d27-4543-a78a-20a726cec92a" name="SPAdmin@CS02 2018-06-13 12:58:35" runUser="CS\SPAdmin" xmlns="http://microsoft.com/schemas/VisualStudio/TeamTest/2010">
  <TestSettings name="Local" id="879f9405-1edd-43f5-90cf-576a7ef84ea2">
    <Description>These are default test settings for a local test run.</Description>
    <Execution hostProcessPlatform="MSIL">
      <TestTypeSpecific />
      <AgentRule name="Execution Agents">
      </AgentRule>
    </Execution>
    <Deployment runDeploymentRoot="SPAdmin_CS02 2018-06-13 12_58_35" />
    <Properties>
      <Property name="TestSettingsUIType" value="LoadTest" />
    </Properties>
  </TestSettings>
  <Times creation="2018-06-13T12:58:35.3942652+01:00" queuing="2018-06-13T12:58:35.8202793+01:00" start="2018-06-13T12:58:36.0442717+01:00" finish="2018-06-13T12:58:48.7950404+01:00" />
  <ResultSummary outcome="Failed">
    <Counters total="1" executed="1" error="0" failed="1" timeout="0" aborted="0" inconclusive="0" passedButRunAborted="0" notRunnable="0" notExecuted="0" disconnected="0" warning="0" passed="0" completed="0" inProgress="0" pending="0" />
  </ResultSummary>
  <TestDefinitions>
    <WebTest name="WebTest3" storage="c:\users\spadmin\source\repos\sploadtesting\sploadtesting\webtest3.webtest" id="d2d8123a-ec8e-4a09-8e27-68c936a58d70" persistedWebTest="77u/PD94bWwgdmVyc2lvbj0iMS4wIiBlbmNvZGluZz0iVVRGLTgiIHN0YW5kYWxvbmU9InllcyI/Pg0KPFdlYlRlc3QgTmFtZT0iV2ViVGVzdDMiIElkPSJkMmQ4MTIzYS1lYzhlLTRhMDktOGUyNy02OGM5MzZhNThkNzAiIE93bmVyPSIiIFByaW9yaXR5PSIyMTQ3NDgzNjQ3IiBFbmFibGVkPSJUcnVlIiBDc3NQcm9qZWN0U3RydWN0dXJlPSIiIENzc0l0ZXJhdGlvbj0iIiBUaW1lb3V0PSIwIiBXb3JrSXRlbUlkcz0iIiB4bWxucz0iaHR0cDovL21pY3Jvc29mdC5jb20vc2NoZW1hcy9WaXN1YWxTdHVkaW8vVGVhbVRlc3QvMjAxMCIgRGVzY3JpcHRpb249IiIgQ3JlZGVudGlhbFVzZXJOYW1lPSIiIENyZWRlbnRpYWxQYXNzd29yZD0iIiBQcmVBdXRoZW50aWNhdGU9IlRydWUiIFByb3h5PSJkZWZhdWx0IiBTdG9wT25FcnJvcj0iRmFsc2UiIFJlY29yZGVkUmVzdWx0RmlsZT0iV2ViVGVzdDMuNTRjZWExODItZTFkOS00ZTY2LWIyN2QtYmEyMzExYTRkMDU2LnJlYy53ZWJ0ZXN0cmVzdWx0IiBSZXN1bHRzTG9jYWxlPSIiPg0KICA8SXRlbXM+DQogICAgPFJlcXVlc3QgTWV0aG9kPSJHRVQiIEd1aWQ9ImFkZWI2N2ZmLWE3NzUtNDUxOS04ZGZhLTk4MmNiZWMwZTIwOCIgVmVyc2lvbj0iMS4xIiBVcmw9Imh0dHBzOi8vc3AuY29yZGlzc29sdXRpb25zLmNvbS9BcHBzMDAvX2xheW91dHMvMTUvVXBsb2FkLmFzcHgiIFRoaW5rVGltZT0iMCIgVGltZW91dD0iMzAwIiBQYXJzZURlcGVuZGVudFJlcXVlc3RzPSJUcnVlIiBGb2xsb3dSZWRpcmVjdHM9IlRydWUiIFJlY29yZFJlc3VsdD0iVHJ1ZSIgQ2FjaGU9IkZhbHNlIiBSZXNwb25zZVRpbWVHb2FsPSIwIiBFbmNvZGluZz0idXRmLTgiIEV4cGVjdGVkSHR0cFN0YXR1c0NvZGU9IjAiIEV4cGVjdGVkUmVzcG9uc2VVcmw9IiIgUmVwb3J0aW5nTmFtZT0iIiBJZ25vcmVIdHRwU3RhdHVzQ29kZT0iRmFsc2UiPg0KICAgICAgPEhlYWRlcnM+DQogICAgICAgIDxIZWFkZXIgTmFtZT0iUmVmZXJlciIgVmFsdWU9Imh0dHBzOi8vc3AuY29yZGlzc29sdXRpb25zLmNvbS9BcHBzMDAvU2hhcmVkJTIwRG9jdW1lbnRzL0Zvcm1zL2RldGFpbCUyMGxpc3QlMjB3byUyMGZvbGRlcnMlMjAwMS5hc3B4P0luaXRpYWxUYWJJZD1SaWJib24uUmVhZCZhbXA7VmlzaWJpbGl0eUNvbnRleHQ9V1NTVGFiUGVyc2lzdGVuY2UiIC8+DQogICAgICA8L0hlYWRlcnM+DQogICAgICA8RXh0cmFjdGlvblJ1bGVzPg0KICAgICAgICA8RXh0cmFjdGlvblJ1bGUgQ2xhc3NuYW1lPSJNaWNyb3NvZnQuVmlzdWFsU3R1ZGlvLlRlc3RUb29scy5XZWJUZXN0aW5nLlJ1bGVzLkV4dHJhY3RUZXh0LCBNaWNyb3NvZnQuVmlzdWFsU3R1ZGlvLlF1YWxpdHlUb29scy5XZWJUZXN0RnJhbWV3b3JrLCBWZXJzaW9uPTEwLjAuMC4wLCBDdWx0dXJlPW5ldXRyYWwsIFB1YmxpY0tleVRva2VuPWIwM2Y1ZjdmMTFkNTBhM2EiIFZhcmlhYmxlTmFtZT0iRm9ybVBvc3RQYXJhbTExLl9fUkVRVUVTVERJR0VTVCIgRGlzcGxheU5hbWU9IkV4dHJhY3QgVGV4dCIgRGVzY3JpcHRpb249IkV4dHJhY3QgdGV4dCBmcm9tIHRoZSByZXNwb25zZSBhbmQgcGxhY2UgaXQgaW50byB0aGUgdGVzdCBjb250ZXh0LiI+DQogICAgICAgICAgPFJ1bGVQYXJhbWV0ZXJzPg0KICAgICAgICAgICAgPFJ1bGVQYXJhbWV0ZXIgTmFtZT0iU3RhcnRzV2l0aCIgVmFsdWU9Imx1ZT0mcXVvdDsiIC8+DQogICAgICAgICAgICA8UnVsZVBhcmFtZXRlciBOYW1lPSJFbmRzV2l0aCIgVmFsdWU9IiZxdW90OyAvJmd0OyYjeEQ7IiAvPg0KICAgICAgICAgICAgPFJ1bGVQYXJhbWV0ZXIgTmFtZT0iSW5kZXgiIFZhbHVlPSIxOCIgLz4NCiAgICAgICAgICAgIDxSdWxlUGFyYW1ldGVyIE5hbWU9Iklnbm9yZUNhc2UiIFZhbHVlPSJGYWxzZSIgLz4NCiAgICAgICAgICAgIDxSdWxlUGFyYW1ldGVyIE5hbWU9IlVzZVJlZ3VsYXJFeHByZXNzaW9uIiBWYWx1ZT0iRmFsc2UiIC8+DQogICAgICAgICAgICA8UnVsZVBhcmFtZXRlciBOYW1lPSJIdG1sRGVjb2RlIiBWYWx1ZT0iVHJ1ZSIgLz4NCiAgICAgICAgICAgIDxSdWxlUGFyYW1ldGVyIE5hbWU9IlJlcXVpcmVkIiBWYWx1ZT0iRmFsc2UiIC8+DQogICAgICAgICAgPC9SdWxlUGFyYW1ldGVycz4NCiAgICAgICAgPC9FeHRyYWN0aW9uUnVsZT4NCiAgICAgIDwvRXh0cmFjdGlvblJ1bGVzPg0KICAgICAgPENvcnJlbGF0aW9uRXh0cmFjdGlvblJ1bGVzPg0KICAgICAgICA8RXh0cmFjdGlvblJ1bGUgQ2xhc3NuYW1lPSJNaWNyb3NvZnQuVmlzdWFsU3R1ZGlvLlRlc3RUb29scy5XZWJUZXN0aW5nLlJ1bGVzLkV4dHJhY3RUZXh0LCBNaWNyb3NvZnQuVmlzdWFsU3R1ZGlvLlF1YWxpdHlUb29scy5XZWJUZXN0RnJhbWV3b3JrLCBWZXJzaW9uPTEwLjAuMC4wLCBDdWx0dXJlPW5ldXRyYWwsIFB1YmxpY0tleVRva2VuPWIwM2Y1ZjdmMTFkNTBhM2EiIFZhcmlhYmxlTmFtZT0iUXVlcnlTdHJpbmdQYXJhbTQuSXNEbGciIERpc3BsYXlOYW1lPSIiIERlc2NyaXB0aW9uPSIiPg0KICAgICAgICAgIDxSdWxlUGFyYW1ldGVycz4NCiAgICAgICAgICAgIDxSdWxlUGFyYW1ldGVyIE5hbWU9IlN0YXJ0c1dpdGgiIFZhbHVlPSImYW1wO2FtcDtJc0RsZz0iIC8+DQogICAgICAgICAgICA8UnVsZVBhcmFtZXRlciBOYW1lPSJFbmRzV2l0aCIgVmFsdWU9IiZxdW90OyIgLz4NCiAgICAgICAgICAgIDxSdWxlUGFyYW1ldGVyIE5hbWU9IkluZGV4IiBWYWx1ZT0iMCIgLz4NCiAgICAgICAgICAgIDxSdWxlUGFyYW1ldGVyIE5hbWU9Iklnbm9yZUNhc2UiIFZhbHVlPSJGYWxzZSIgLz4NCiAgICAgICAgICAgIDxSdWxlUGFyYW1ldGVyIE5hbWU9IlVzZVJlZ3VsYXJFeHByZXNzaW9uIiBWYWx1ZT0iRmFsc2UiIC8+DQogICAgICAgICAgICA8UnVsZVBhcmFtZXRlciBOYW1lPSJIdG1sRGVjb2RlIiBWYWx1ZT0iVHJ1ZSIgLz4NCiAgICAgICAgICAgIDxSdWxlUGFyYW1ldGVyIE5hbWU9IlJlcXVpcmVkIiBWYWx1ZT0iRmFsc2UiIC8+DQogICAgICAgICAgPC9SdWxlUGFyYW1ldGVycz4NCiAgICAgICAgPC9FeHRyYWN0aW9uUnVsZT4NCiAgICAgICAgPEV4dHJhY3Rpb25SdWxlIENsYXNzbmFtZT0iTWljcm9zb2Z0LlZpc3VhbFN0dWRpby5UZXN0VG9vbHMuV2ViVGVzdGluZy5SdWxlcy5FeHRyYWN0VGV4dCwgTWljcm9zb2Z0LlZpc3VhbFN0dWRpby5RdWFsaXR5VG9vbHMuV2ViVGVzdEZyYW1ld29yaywgVmVyc2lvbj0xMC4wLjAuMCwgQ3VsdHVyZT1uZXV0cmFsLCBQdWJsaWNLZXlUb2tlbj1iMDNmNWY3ZjExZDUwYTNhIiBWYXJpYWJsZU5hbWU9IlF1ZXJ5U3RyaW5nUGFyYW0xNS5MaXN0IiBEaXNwbGF5TmFtZT0iIiBEZXNjcmlwdGlvbj0iIj4NCiAgICAgICAgICA8UnVsZVBhcmFtZXRlcnM+DQogICAgICAgICAgICA8UnVsZVBhcmFtZXRlciBOYW1lPSJTdGFydHNXaXRoIiBWYWx1ZT0iP0xpc3Q9IiAvPg0KICAgICAgICAgICAgPFJ1bGVQYXJhbWV0ZXIgTmFtZT0iRW5kc1dpdGgiIFZhbHVlPSImYW1wOyIgLz4NCiAgICAgICAgICAgIDxSdWxlUGFyYW1ldGVyIE5hbWU9IkluZGV4IiBWYWx1ZT0iMCIgLz4NCiAgICAgICAgICAgIDxSdWxlUGFyYW1ldGVyIE5hbWU9Iklnbm9yZUNhc2UiIFZhbHVlPSJGYWxzZSIgLz4NCiAgICAgICAgICAgIDxSdWxlUGFyYW1ldGVyIE5hbWU9IlVzZVJlZ3VsYXJFeHByZXNzaW9uIiBWYWx1ZT0iRmFsc2UiIC8+DQogICAgICAgICAgICA8UnVsZVBhcmFtZXRlciBOYW1lPSJIdG1sRGVjb2RlIiBWYWx1ZT0iVHJ1ZSIgLz4NCiAgICAgICAgICAgIDxSdWxlUGFyYW1ldGVyIE5hbWU9IlJlcXVpcmVkIiBWYWx1ZT0iRmFsc2UiIC8+DQogICAgICAgICAgPC9SdWxlUGFyYW1ldGVycz4NCiAgICAgICAgPC9FeHRyYWN0aW9uUnVsZT4NCiAgICAgICAgPEV4dHJhY3Rpb25SdWxlIENsYXNzbmFtZT0iTWljcm9zb2Z0LlZpc3VhbFN0dWRpby5UZXN0VG9vbHMuV2ViVGVzdGluZy5SdWxlcy5FeHRyYWN0VGV4dCwgTWljcm9zb2Z0LlZpc3VhbFN0dWRpby5RdWFsaXR5VG9vbHMuV2ViVGVzdEZyYW1ld29yaywgVmVyc2lvbj0xMC4wLjAuMCwgQ3VsdHVyZT1uZXV0cmFsLCBQdWJsaWNLZXlUb2tlbj1iMDNmNWY3ZjExZDUwYTNhIiBWYXJpYWJsZU5hbWU9IlF1ZXJ5U3RyaW5nUGFyYW0xNi5Jc0RsZyIgRGlzcGxheU5hbWU9IiIgRGVzY3JpcHRpb249IiI+DQogICAgICAgICAgPFJ1bGVQYXJhbWV0ZXJzPg0KICAgICAgICAgICAgPFJ1bGVQYXJhbWV0ZXIgTmFtZT0iU3RhcnRzV2l0aCIgVmFsdWU9IiZhbXA7YW1wO0lzRGxnPSIgLz4NCiAgICAgICAgICAgIDxSdWxlUGFyYW1ldGVyIE5hbWU9IkVuZHNXaXRoIiBWYWx1ZT0iJnF1b3Q7IiAvPg0KICAgICAgICAgICAgPFJ1bGVQYXJhbWV0ZXIgTmFtZT0iSW5kZXgiIFZhbHVlPSIwIiAvPg0KICAgICAgICAgICAgPFJ1bGVQYXJhbWV0ZXIgTmFtZT0iSWdub3JlQ2FzZSIgVmFsdWU9IkZhbHNlIiAvPg0KICAgICAgICAgICAgPFJ1bGVQYXJhbWV0ZXIgTmFtZT0iVXNlUmVndWxhckV4cHJlc3Npb24iIFZhbHVlPSJGYWxzZSIgLz4NCiAgICAgICAgICAgIDxSdWxlUGFyYW1ldGVyIE5hbWU9Ikh0bWxEZWNvZGUiIFZhbHVlPSJUcnVlIiAvPg0KICAgICAgICAgICAgPFJ1bGVQYXJhbWV0ZXIgTmFtZT0iUmVxdWlyZWQiIFZhbHVlPSJGYWxzZSIgLz4NCiAgICAgICAgICA8L1J1bGVQYXJhbWV0ZXJzPg0KICAgICAgICA8L0V4dHJhY3Rpb25SdWxlPg0KICAgICAgICA8RXh0cmFjdGlvblJ1bGUgQ2xhc3NuYW1lPSJNaWNyb3NvZnQuVmlzdWFsU3R1ZGlvLlRlc3RUb29scy5XZWJUZXN0aW5nLlJ1bGVzLkV4dHJhY3RUZXh0LCBNaWNyb3NvZnQuVmlzdWFsU3R1ZGlvLlF1YWxpdHlUb29scy5XZWJUZXN0RnJhbWV3b3JrLCBWZXJzaW9uPTEwLjAuMC4wLCBDdWx0dXJlPW5ldXRyYWwsIFB1YmxpY0tleVRva2VuPWIwM2Y1ZjdmMTFkNTBhM2EiIFZhcmlhYmxlTmFtZT0iRm9ybVBvc3RQYXJhbTEuTVNPVGxQbl9WaWV3IiBEaXNwbGF5TmFtZT0iIiBEZXNjcmlwdGlvbj0iIj4NCiAgICAgICAgICA8UnVsZVBhcmFtZXRlcnM+DQogICAgICAgICAgICA8UnVsZVBhcmFtZXRlciBOYW1lPSJTdGFydHNXaXRoIiBWYWx1ZT0iZW50PSZxdW90OyIgLz4NCiAgICAgICAgICAgIDxSdWxlUGFyYW1ldGVyIE5hbWU9IkVuZHNXaXRoIiBWYWx1ZT0iJnF1b3Q7IC8mZ3Q7JiN4RDsiIC8+DQogICAgICAgICAgICA8UnVsZVBhcmFtZXRlciBOYW1lPSJJbmRleCIgVmFsdWU9IjMiIC8+DQogICAgICAgICAgICA8UnVsZVBhcmFtZXRlciBOYW1lPSJJZ25vcmVDYXNlIiBWYWx1ZT0iRmFsc2UiIC8+DQogICAgICAgICAgICA8UnVsZVBhcmFtZXRlciBOYW1lPSJVc2VSZWd1bGFyRXhwcmVzc2lvbiIgVmFsdWU9IkZhbHNlIiAvPg0KICAgICAgICAgICAgPFJ1bGVQYXJhbWV0ZXIgTmFtZT0iSHRtbERlY29kZSIgVmFsdWU9IlRydWUiIC8+DQogICAgICAgICAgICA8UnVsZVBhcmFtZXRlciBOYW1lPSJSZXF1aXJlZCIgVmFsdWU9IkZhbHNlIiAvPg0KICAgICAgICAgIDwvUnVsZVBhcmFtZXRlcnM+DQogICAgICAgIDwvRXh0cmFjdGlvblJ1bGU+DQogICAgICAgIDxFeHRyYWN0aW9uUnVsZSBDbGFzc25hbWU9Ik1pY3Jvc29mdC5WaXN1YWxTdHVkaW8uVGVzdFRvb2xzLldlYlRlc3RpbmcuUnVsZXMuRXh0cmFjdFRleHQsIE1pY3Jvc29mdC5WaXN1YWxTdHVkaW8uUXVhbGl0eVRvb2xzLldlYlRlc3RGcmFtZXdvcmssIFZlcnNpb249MTAuMC4wLjAsIEN1bHR1cmU9bmV1dHJhbCwgUHVibGljS2V5VG9rZW49YjAzZjVmN2YxMWQ1MGEzYSIgVmFyaWFibGVOYW1lPSJGb3JtUG9zdFBhcmFtMi5NU09UbFBuX1Nob3dTZXR0aW5ncyIgRGlzcGxheU5hbWU9IiIgRGVzY3JpcHRpb249IiI+DQogICAgICAgICAgPFJ1bGVQYXJhbWV0ZXJzPg0KICAgICAgICAgICAgPFJ1bGVQYXJhbWV0ZXIgTmFtZT0iU3RhcnRzV2l0aCIgVmFsdWU9IiA9ICgmcXVvdDsiIC8+DQogICAgICAgICAgICA8UnVsZVBhcmFtZXRlciBOYW1lPSJFbmRzV2l0aCIgVmFsdWU9IiZxdW90OyA9PSAiIC8+DQogICAgICAgICAgICA8UnVsZVBhcmFtZXRlciBOYW1lPSJJbmRleCIgVmFsdWU9IjAiIC8+DQogICAgICAgICAgICA8UnVsZVBhcmFtZXRlciBOYW1lPSJJZ25vcmVDYXNlIiBWYWx1ZT0iRmFsc2UiIC8+DQogICAgICAgICAgICA8UnVsZVBhcmFtZXRlciBOYW1lPSJVc2VSZWd1bGFyRXhwcmVzc2lvbiIgVmFsdWU9IkZhbHNlIiAvPg0KICAgICAgICAgICAgPFJ1bGVQYXJhbWV0ZXIgTmFtZT0iSHRtbERlY29kZSIgVmFsdWU9IlRydWUiIC8+DQogICAgICAgICAgICA8UnVsZVBhcmFtZXRlciBOYW1lPSJSZXF1aXJlZCIgVmFsdWU9IkZhbHNlIiAvPg0KICAgICAgICAgIDwvUnVsZVBhcmFtZXRlcnM+DQogICAgICAgIDwvRXh0cmFjdGlvblJ1bGU+DQogICAgICAgIDxFeHRyYWN0aW9uUnVsZSBDbGFzc25hbWU9Ik1pY3Jvc29mdC5WaXN1YWxTdHVkaW8uVGVzdFRvb2xzLldlYlRlc3RpbmcuUnVsZXMuRXh0cmFjdFRleHQsIE1pY3Jvc29mdC5WaXN1YWxTdHVkaW8uUXVhbGl0eVRvb2xzLldlYlRlc3RGcmFtZXdvcmssIFZlcnNpb249MTAuMC4wLjAsIEN1bHR1cmU9bmV1dHJhbCwgUHVibGljS2V5VG9rZW49YjAzZjVmN2YxMWQ1MGEzYSIgVmFyaWFibGVOYW1lPSJGb3JtUG9zdFBhcmFtMy5NU09UbFBuX0J1dHRvbiIgRGlzcGxheU5hbWU9IiIgRGVzY3JpcHRpb249IiI+DQogICAgICAgICAgPFJ1bGVQYXJhbWV0ZXJzPg0KICAgICAgICAgICAgPFJ1bGVQYXJhbWV0ZXIgTmFtZT0iU3RhcnRzV2l0aCIgVmFsdWU9InkgPSAmcXVvdDsiIC8+DQogICAgICAgICAgICA8UnVsZVBhcmFtZXRlciBOYW1lPSJFbmRzV2l0aCIgVmFsdWU9IiZxdW90OzsmI3hEOyYjeEE7CSIgLz4NCiAgICAgICAgICAgIDxSdWxlUGFyYW1ldGVyIE5hbWU9IkluZGV4IiBWYWx1ZT0iMCIgLz4NCiAgICAgICAgICAgIDxSdWxlUGFyYW1ldGVyIE5hbWU9Iklnbm9yZUNhc2UiIFZhbHVlPSJGYWxzZSIgLz4NCiAgICAgICAgICAgIDxSdWxlUGFyYW1ldGVyIE5hbWU9IlVzZVJlZ3VsYXJFeHByZXNzaW9uIiBWYWx1ZT0iRmFsc2UiIC8+DQogICAgICAgICAgICA8UnVsZVBhcmFtZXRlciBOYW1lPSJIdG1sRGVjb2RlIiBWYWx1ZT0iVHJ1ZSIgLz4NCiAgICAgICAgICAgIDxSdWxlUGFyYW1ldGVyIE5hbWU9IlJlcXVpcmVkIiBWYWx1ZT0iRmFsc2UiIC8+DQogICAgICAgICAgPC9SdWxlUGFyYW1ldGVycz4NCiAgICAgICAgPC9FeHRyYWN0aW9uUnVsZT4NCiAgICAgICAgPEV4dHJhY3Rpb25SdWxlIENsYXNzbmFtZT0iTWljcm9zb2Z0LlZpc3VhbFN0dWRpby5UZXN0VG9vbHMuV2ViVGVzdGluZy5SdWxlcy5FeHRyYWN0VGV4dCwgTWljcm9zb2Z0LlZpc3VhbFN0dWRpby5RdWFsaXR5VG9vbHMuV2ViVGVzdEZyYW1ld29yaywgVmVyc2lvbj0xMC4wLjAuMCwgQ3VsdHVyZT1uZXV0cmFsLCBQdWJsaWNLZXlUb2tlbj1iMDNmNWY3ZjExZDUwYTNhIiBWYXJpYWJsZU5hbWU9IkZvcm1Qb3N0UGFyYW00Ll9fRVZFTlRUQVJHRVQiIERpc3BsYXlOYW1lPSIiIERlc2NyaXB0aW9uPSIiPg0KICAgICAgICAgIDxSdWxlUGFyYW1ldGVycz4NCiAgICAgICAgICAgIDxSdWxlUGFyYW1ldGVyIE5hbWU9IlN0YXJ0c1dpdGgiIFZhbHVlPSJhbWU9JnF1b3Q7IiAvPg0KICAgICAgICAgICAgPFJ1bGVQYXJhbWV0ZXIgTmFtZT0iRW5kc1dpdGgiIFZhbHVlPSImcXVvdDsgdHlwIiAvPg0KICAgICAgICAgICAgPFJ1bGVQYXJhbWV0ZXIgTmFtZT0iSW5kZXgiIFZhbHVlPSIzNSIgLz4NCiAgICAgICAgICAgIDxSdWxlUGFyYW1ldGVyIE5hbWU9Iklnbm9yZUNhc2UiIFZhbHVlPSJGYWxzZSIgLz4NCiAgICAgICAgICAgIDxSdWxlUGFyYW1ldGVyIE5hbWU9IlVzZVJlZ3VsYXJFeHByZXNzaW9uIiBWYWx1ZT0iRmFsc2UiIC8+DQogICAgICAgICAgICA8UnVsZVBhcmFtZXRlciBOYW1lPSJIdG1sRGVjb2RlIiBWYWx1ZT0iVHJ1ZSIgLz4NCiAgICAgICAgICAgIDxSdWxlUGFyYW1ldGVyIE5hbWU9IlJlcXVpcmVkIiBWYWx1ZT0iRmFsc2UiIC8+DQogICAgICAgICAgPC9SdWxlUGFyYW1ldGVycz4NCiAgICAgICAgPC9FeHRyYWN0aW9uUnVsZT4NCiAgICAgICAgPEV4dHJhY3Rpb25SdWxlIENsYXNzbmFtZT0iTWljcm9zb2Z0LlZpc3VhbFN0dWRpby5UZXN0VG9vbHMuV2ViVGVzdGluZy5SdWxlcy5FeHRyYWN0VGV4dCwgTWljcm9zb2Z0LlZpc3VhbFN0dWRpby5RdWFsaXR5VG9vbHMuV2ViVGVzdEZyYW1ld29yaywgVmVyc2lvbj0xMC4wLjAuMCwgQ3VsdHVyZT1uZXV0cmFsLCBQdWJsaWNLZXlUb2tlbj1iMDNmNWY3ZjExZDUwYTNhIiBWYXJpYWJsZU5hbWU9IkZvcm1Qb3N0UGFyYW01Lk1TT1NQV2ViUGFydE1hbmFnZXJfRGlzcGxheU1vZGVOYW1lIiBEaXNwbGF5TmFtZT0iIiBEZXNjcmlwdGlvbj0iIj4NCiAgICAgICAgICA8UnVsZVBhcmFtZXRlcnM+DQogICAgICAgICAgICA8UnVsZVBhcmFtZXRlciBOYW1lPSJTdGFydHNXaXRoIiBWYWx1ZT0ibHVlPSZxdW90OyIgLz4NCiAgICAgICAgICAgIDxSdWxlUGFyYW1ldGVyIE5hbWU9IkVuZHNXaXRoIiBWYWx1ZT0iJnF1b3Q7IC8mZ3Q7JiN4RDsiIC8+DQogICAgICAgICAgICA8UnVsZVBhcmFtZXRlciBOYW1lPSJJbmRleCIgVmFsdWU9IjkiIC8+DQogICAgICAgICAgICA8UnVsZVBhcmFtZXRlciBOYW1lPSJJZ25vcmVDYXNlIiBWYWx1ZT0iRmFsc2UiIC8+DQogICAgICAgICAgICA8UnVsZVBhcmFtZXRlciBOYW1lPSJVc2VSZWd1bGFyRXhwcmVzc2lvbiIgVmFsdWU9IkZhbHNlIiAvPg0KICAgICAgICAgICAgPFJ1bGVQYXJhbWV0ZXIgTmFtZT0iSHRtbERlY29kZSIgVmFsdWU9IlRydWUiIC8+DQogICAgICAgICAgICA8UnVsZVBhcmFtZXRlciBOYW1lPSJSZXF1aXJlZCIgVmFsdWU9IkZhbHNlIiAvPg0KICAgICAgICAgIDwvUnVsZVBhcmFtZXRlcnM+DQogICAgICAgIDwvRXh0cmFjdGlvblJ1bGU+DQogICAgICAgIDxFeHRyYWN0aW9uUnVsZSBDbGFzc25hbWU9Ik1pY3Jvc29mdC5WaXN1YWxTdHVkaW8uVGVzdFRvb2xzLldlYlRlc3RpbmcuUnVsZXMuRXh0cmFjdFRleHQsIE1pY3Jvc29mdC5WaXN1YWxTdHVkaW8uUXVhbGl0eVRvb2xzLldlYlRlc3RGcmFtZXdvcmssIFZlcnNpb249MTAuMC4wLjAsIEN1bHR1cmU9bmV1dHJhbCwgUHVibGljS2V5VG9rZW49YjAzZjVmN2YxMWQ1MGEzYSIgVmFyaWFibGVOYW1lPSJGb3JtUG9zdFBhcmFtNi5NU09TUFdlYlBhcnRNYW5hZ2VyX0V4aXRpbmdEZXNpZ25Nb2RlIiBEaXNwbGF5TmFtZT0iIiBEZXNjcmlwdGlvbj0iIj4NCiAgICAgICAgICA8UnVsZVBhcmFtZXRlcnM+DQogICAgICAgICAgICA8UnVsZVBhcmFtZXRlciBOYW1lPSJTdGFydHNXaXRoIiBWYWx1ZT0ibHVlPSZxdW90OyIgLz4NCiAgICAgICAgICAgIDxSdWxlUGFyYW1ldGVyIE5hbWU9IkVuZHNXaXRoIiBWYWx1ZT0iJnF1b3Q7IC8mZ3Q7JiN4RDsiIC8+DQogICAgICAgICAgICA8UnVsZVBhcmFtZXRlciBOYW1lPSJJbmRleCIgVmFsdWU9IjEwIiAvPg0KICAgICAgICAgICAgPFJ1bGVQYXJhbWV0ZXIgTmFtZT0iSWdub3JlQ2FzZSIgVmFsdWU9IkZhbHNlIiAvPg0KICAgICAgICAgICAgPFJ1bGVQYXJhbWV0ZXIgTmFtZT0iVXNlUmVndWxhckV4cHJlc3Npb24iIFZhbHVlPSJGYWxzZSIgLz4NCiAgICAgICAgICAgIDxSdWxlUGFyYW1ldGVyIE5hbWU9Ikh0bWxEZWNvZGUiIFZhbHVlPSJUcnVlIiAvPg0KICAgICAgICAgICAgPFJ1bGVQYXJhbWV0ZXIgTmFtZT0iUmVxdWlyZWQiIFZhbHVlPSJGYWxzZSIgLz4NCiAgICAgICAgICA8L1J1bGVQYXJhbWV0ZXJzPg0KICAgICAgICA8L0V4dHJhY3Rpb25SdWxlPg0KICAgICAgICA8RXh0cmFjdGlvblJ1bGUgQ2xhc3NuYW1lPSJNaWNyb3NvZnQuVmlzdWFsU3R1ZGlvLlRlc3RUb29scy5XZWJUZXN0aW5nLlJ1bGVzLkV4dHJhY3RUZXh0LCBNaWNyb3NvZnQuVmlzdWFsU3R1ZGlvLlF1YWxpdHlUb29scy5XZWJUZXN0RnJhbWV3b3JrLCBWZXJzaW9uPTEwLjAuMC4wLCBDdWx0dXJlPW5ldXRyYWwsIFB1YmxpY0tleVRva2VuPWIwM2Y1ZjdmMTFkNTBhM2EiIFZhcmlhYmxlTmFtZT0iRm9ybVBvc3RQYXJhbTcuTVNPU1BXZWJQYXJ0TWFuYWdlcl9PbGREaXNwbGF5TW9kZU5hbWUiIERpc3BsYXlOYW1lPSIiIERlc2NyaXB0aW9uPSIiPg0KICAgICAgICAgIDxSdWxlUGFyYW1ldGVycz4NCiAgICAgICAgICAgIDxSdWxlUGFyYW1ldGVyIE5hbWU9IlN0YXJ0c1dpdGgiIFZhbHVlPSJsdWU9JnF1b3Q7IiAvPg0KICAgICAgICAgICAgPFJ1bGVQYXJhbWV0ZXIgTmFtZT0iRW5kc1dpdGgiIFZhbHVlPSImcXVvdDsgLyZndDsmI3hEOyIgLz4NCiAgICAgICAgICAgIDxSdWxlUGFyYW1ldGVyIE5hbWU9IkluZGV4IiBWYWx1ZT0iOSIgLz4NCiAgICAgICAgICAgIDxSdWxlUGFyYW1ldGVyIE5hbWU9Iklnbm9yZUNhc2UiIFZhbHVlPSJGYWxzZSIgLz4NCiAgICAgICAgICAgIDxSdWxlUGFyYW1ldGVyIE5hbWU9IlVzZVJlZ3VsYXJFeHByZXNzaW9uIiBWYWx1ZT0iRmFsc2UiIC8+DQogICAgICAgICAgICA8UnVsZVBhcmFtZXRlciBOYW1lPSJIdG1sRGVjb2RlIiBWYWx1ZT0iVHJ1ZSIgLz4NCiAgICAgICAgICAgIDxSdWxlUGFyYW1ldGVyIE5hbWU9IlJlcXVpcmVkIiBWYWx1ZT0iRmFsc2UiIC8+DQogICAgICAgICAgPC9SdWxlUGFyYW1ldGVycz4NCiAgICAgICAgPC9FeHRyYWN0aW9uUnVsZT4NCiAgICAgICAgPEV4dHJhY3Rpb25SdWxlIENsYXNzbmFtZT0iTWljcm9zb2Z0LlZpc3VhbFN0dWRpby5UZXN0VG9vbHMuV2ViVGVzdGluZy5SdWxlcy5FeHRyYWN0VGV4dCwgTWljcm9zb2Z0LlZpc3VhbFN0dWRpby5RdWFsaXR5VG9vbHMuV2ViVGVzdEZyYW1ld29yaywgVmVyc2lvbj0xMC4wLjAuMCwgQ3VsdHVyZT1uZXV0cmFsLCBQdWJsaWNLZXlUb2tlbj1iMDNmNWY3ZjExZDUwYTNhIiBWYXJpYWJsZU5hbWU9IkZvcm1Qb3N0UGFyYW04Lk1TT1NQV2ViUGFydE1hbmFnZXJfU3RhcnRXZWJQYXJ0RWRpdGluZ05hbWUiIERpc3BsYXlOYW1lPSIiIERlc2NyaXB0aW9uPSIiPg0KICAgICAgICAgIDxSdWxlUGFyYW1ldGVycz4NCiAgICAgICAgICAgIDxSdWxlUGFyYW1ldGVyIE5hbWU9IlN0YXJ0c1dpdGgiIFZhbHVlPSJsdWU9JnF1b3Q7IiAvPg0KICAgICAgICAgICAgPFJ1bGVQYXJhbWV0ZXIgTmFtZT0iRW5kc1dpdGgiIFZhbHVlPSImcXVvdDsgLyZndDsmI3hEOyIgLz4NCiAgICAgICAgICAgIDxSdWxlUGFyYW1ldGVyIE5hbWU9IkluZGV4IiBWYWx1ZT0iMTAiIC8+DQogICAgICAgICAgICA8UnVsZVBhcmFtZXRlciBOYW1lPSJJZ25vcmVDYXNlIiBWYWx1ZT0iRmFsc2UiIC8+DQogICAgICAgICAgICA8UnVsZVBhcmFtZXRlciBOYW1lPSJVc2VSZWd1bGFyRXhwcmVzc2lvbiIgVmFsdWU9IkZhbHNlIiAvPg0KICAgICAgICAgICAgPFJ1bGVQYXJhbWV0ZXIgTmFtZT0iSHRtbERlY29kZSIgVmFsdWU9IlRydWUiIC8+DQogICAgICAgICAgICA8UnVsZVBhcmFtZXRlciBOYW1lPSJSZXF1aXJlZCIgVmFsdWU9IkZhbHNlIiAvPg0KICAgICAgICAgIDwvUnVsZVBhcmFtZXRlcnM+DQogICAgICAgIDwvRXh0cmFjdGlvblJ1bGU+DQogICAgICAgIDxFeHRyYWN0aW9uUnVsZSBDbGFzc25hbWU9Ik1pY3Jvc29mdC5WaXN1YWxTdHVkaW8uVGVzdFRvb2xzLldlYlRlc3RpbmcuUnVsZXMuRXh0cmFjdFRleHQsIE1pY3Jvc29mdC5WaXN1YWxTdHVkaW8uUXVhbGl0eVRvb2xzLldlYlRlc3RGcmFtZXdvcmssIFZlcnNpb249MTAuMC4wLjAsIEN1bHR1cmU9bmV1dHJhbCwgUHVibGljS2V5VG9rZW49YjAzZjVmN2YxMWQ1MGEzYSIgVmFyaWFibGVOYW1lPSJGb3JtUG9zdFBhcmFtOS5NU09TUFdlYlBhcnRNYW5hZ2VyX0VuZFdlYlBhcnRFZGl0aW5nIiBEaXNwbGF5TmFtZT0iIiBEZXNjcmlwdGlvbj0iIj4NCiAgICAgICAgICA8UnVsZVBhcmFtZXRlcnM+DQogICAgICAgICAgICA8UnVsZVBhcmFtZXRlciBOYW1lPSJTdGFydHNXaXRoIiBWYWx1ZT0ibHVlPSZxdW90OyIgLz4NCiAgICAgICAgICAgIDxSdWxlUGFyYW1ldGVyIE5hbWU9IkVuZHNXaXRoIiBWYWx1ZT0iJnF1b3Q7IC8mZ3Q7JiN4RDsiIC8+DQogICAgICAgICAgICA8UnVsZVBhcmFtZXRlciBOYW1lPSJJbmRleCIgVmFsdWU9IjEwIiAvPg0KICAgICAgICAgICAgPFJ1bGVQYXJhbWV0ZXIgTmFtZT0iSWdub3JlQ2FzZSIgVmFsdWU9IkZhbHNlIiAvPg0KICAgICAgICAgICAgPFJ1bGVQYXJhbWV0ZXIgTmFtZT0iVXNlUmVndWxhckV4cHJlc3Npb24iIFZhbHVlPSJGYWxzZSIgLz4NCiAgICAgICAgICAgIDxSdWxlUGFyYW1ldGVyIE5hbWU9Ikh0bWxEZWNvZGUiIFZhbHVlPSJUcnVlIiAvPg0KICAgICAgICAgICAgPFJ1bGVQYXJhbWV0ZXIgTmFtZT0iUmVxdWlyZWQiIFZhbHVlPSJGYWxzZSIgLz4NCiAgICAgICAgICA8L1J1bGVQYXJhbWV0ZXJzPg0KICAgICAgICA8L0V4dHJhY3Rpb25SdWxlPg0KICAgICAgICA8RXh0cmFjdGlvblJ1bGUgQ2xhc3NuYW1lPSJNaWNyb3NvZnQuVmlzdWFsU3R1ZGlvLlRlc3RUb29scy5XZWJUZXN0aW5nLlJ1bGVzLkV4dHJhY3RUZXh0LCBNaWNyb3NvZnQuVmlzdWFsU3R1ZGlvLlF1YWxpdHlUb29scy5XZWJUZXN0RnJhbWV3b3JrLCBWZXJzaW9uPTEwLjAuMC4wLCBDdWx0dXJlPW5ldXRyYWwsIFB1YmxpY0tleVRva2VuPWIwM2Y1ZjdmMTFkNTBhM2EiIFZhcmlhYmxlTmFtZT0iRm9ybVBvc3RQYXJhbTEwLl9tYWludGFpbldvcmtzcGFjZVNjcm9sbFBvc2l0aW9uIiBEaXNwbGF5TmFtZT0iIiBEZXNjcmlwdGlvbj0iIj4NCiAgICAgICAgICA8UnVsZVBhcmFtZXRlcnM+DQogICAgICAgICAgICA8UnVsZVBhcmFtZXRlciBOYW1lPSJTdGFydHNXaXRoIiBWYWx1ZT0iZW50PSZxdW90OyIgLz4NCiAgICAgICAgICAgIDxSdWxlUGFyYW1ldGVyIE5hbWU9IkVuZHNXaXRoIiBWYWx1ZT0iJnF1b3Q7IC8mZ3Q7JiN4RDsiIC8+DQogICAgICAgICAgICA8UnVsZVBhcmFtZXRlciBOYW1lPSJJbmRleCIgVmFsdWU9IjMiIC8+DQogICAgICAgICAgICA8UnVsZVBhcmFtZXRlciBOYW1lPSJJZ25vcmVDYXNlIiBWYWx1ZT0iRmFsc2UiIC8+DQogICAgICAgICAgICA8UnVsZVBhcmFtZXRlciBOYW1lPSJVc2VSZWd1bGFyRXhwcmVzc2lvbiIgVmFsdWU9IkZhbHNlIiAvPg0KICAgICAgICAgICAgPFJ1bGVQYXJhbWV0ZXIgTmFtZT0iSHRtbERlY29kZSIgVmFsdWU9IlRydWUiIC8+DQogICAgICAgICAgICA8UnVsZVBhcmFtZXRlciBOYW1lPSJSZXF1aXJlZCIgVmFsdWU9IkZhbHNlIiAvPg0KICAgICAgICAgIDwvUnVsZVBhcmFtZXRlcnM+DQogICAgICAgIDwvRXh0cmFjdGlvblJ1bGU+DQogICAgICAgIDxFeHRyYWN0aW9uUnVsZSBDbGFzc25hbWU9Ik1pY3Jvc29mdC5WaXN1YWxTdHVkaW8uVGVzdFRvb2xzLldlYlRlc3RpbmcuUnVsZXMuRXh0cmFjdFRleHQsIE1pY3Jvc29mdC5WaXN1YWxTdHVkaW8uUXVhbGl0eVRvb2xzLldlYlRlc3RGcmFtZXdvcmssIFZlcnNpb249MTAuMC4wLjAsIEN1bHR1cmU9bmV1dHJhbCwgUHVibGljS2V5VG9rZW49YjAzZjVmN2YxMWQ1MGEzYSIgVmFyaWFibGVOYW1lPSJGb3JtUG9zdFBhcmFtMTIuX19WSUVXU1RBVEUiIERpc3BsYXlOYW1lPSIiIERlc2NyaXB0aW9uPSIiPg0KICAgICAgICAgIDxSdWxlUGFyYW1ldGVycz4NCiAgICAgICAgICAgIDxSdWxlUGFyYW1ldGVyIE5hbWU9IlN0YXJ0c1dpdGgiIFZhbHVlPSJsdWU9JnF1b3Q7IiAvPg0KICAgICAgICAgICAgPFJ1bGVQYXJhbWV0ZXIgTmFtZT0iRW5kc1dpdGgiIFZhbHVlPSImcXVvdDsgLyZndDsmI3hEOyIgLz4NCiAgICAgICAgICAgIDxSdWxlUGFyYW1ldGVyIE5hbWU9IkluZGV4IiBWYWx1ZT0iMTkiIC8+DQogICAgICAgICAgICA8UnVsZVBhcmFtZXRlciBOYW1lPSJJZ25vcmVDYXNlIiBWYWx1ZT0iRmFsc2UiIC8+DQogICAgICAgICAgICA8UnVsZVBhcmFtZXRlciBOYW1lPSJVc2VSZWd1bGFyRXhwcmVzc2lvbiIgVmFsdWU9IkZhbHNlIiAvPg0KICAgICAgICAgICAgPFJ1bGVQYXJhbWV0ZXIgTmFtZT0iSHRtbERlY29kZSIgVmFsdWU9IlRydWUiIC8+DQogICAgICAgICAgICA8UnVsZVBhcmFtZXRlciBOYW1lPSJSZXF1aXJlZCIgVmFsdWU9IkZhbHNlIiAvPg0KICAgICAgICAgIDwvUnVsZVBhcmFtZXRlcnM+DQogICAgICAgIDwvRXh0cmFjdGlvblJ1bGU+DQogICAgICAgIDxFeHRyYWN0aW9uUnVsZSBDbGFzc25hbWU9Ik1pY3Jvc29mdC5WaXN1YWxTdHVkaW8uVGVzdFRvb2xzLldlYlRlc3RpbmcuUnVsZXMuRXh0cmFjdFRleHQsIE1pY3Jvc29mdC5WaXN1YWxTdHVkaW8uUXVhbGl0eVRvb2xzLldlYlRlc3RGcmFtZXdvcmssIFZlcnNpb249MTAuMC4wLjAsIEN1bHR1cmU9bmV1dHJhbCwgUHVibGljS2V5VG9rZW49YjAzZjVmN2YxMWQ1MGEzYSIgVmFyaWFibGVOYW1lPSJGb3JtUG9zdFBhcmFtMTMuX19WSUVXU1RBVEVHRU5FUkFUT1IiIERpc3BsYXlOYW1lPSIiIERlc2NyaXB0aW9uPSIiPg0KICAgICAgICAgIDxSdWxlUGFyYW1ldGVycz4NCiAgICAgICAgICAgIDxSdWxlUGFyYW1ldGVyIE5hbWU9IlN0YXJ0c1dpdGgiIFZhbHVlPSJsdWU9JnF1b3Q7IiAvPg0KICAgICAgICAgICAgPFJ1bGVQYXJhbWV0ZXIgTmFtZT0iRW5kc1dpdGgiIFZhbHVlPSImcXVvdDsgLyZndDsmI3hEOyIgLz4NCiAgICAgICAgICAgIDxSdWxlUGFyYW1ldGVyIE5hbWU9IkluZGV4IiBWYWx1ZT0iMjAiIC8+DQogICAgICAgICAgICA8UnVsZVBhcmFtZXRlciBOYW1lPSJJZ25vcmVDYXNlIiBWYWx1ZT0iRmFsc2UiIC8+DQogICAgICAgICAgICA8UnVsZVBhcmFtZXRlciBOYW1lPSJVc2VSZWd1bGFyRXhwcmVzc2lvbiIgVmFsdWU9IkZhbHNlIiAvPg0KICAgICAgICAgICAgPFJ1bGVQYXJhbWV0ZXIgTmFtZT0iSHRtbERlY29kZSIgVmFsdWU9IlRydWUiIC8+DQogICAgICAgICAgICA8UnVsZVBhcmFtZXRlciBOYW1lPSJSZXF1aXJlZCIgVmFsdWU9IkZhbHNlIiAvPg0KICAgICAgICAgIDwvUnVsZVBhcmFtZXRlcnM+DQogICAgICAgIDwvRXh0cmFjdGlvblJ1bGU+DQogICAgICAgIDxFeHRyYWN0aW9uUnVsZSBDbGFzc25hbWU9Ik1pY3Jvc29mdC5WaXN1YWxTdHVkaW8uVGVzdFRvb2xzLldlYlRlc3RpbmcuUnVsZXMuRXh0cmFjdFRleHQsIE1pY3Jvc29mdC5WaXN1YWxTdHVkaW8uUXVhbGl0eVRvb2xzLldlYlRlc3RGcmFtZXdvcmssIFZlcnNpb249MTAuMC4wLjAsIEN1bHR1cmU9bmV1dHJhbCwgUHVibGljS2V5VG9rZW49YjAzZjVmN2YxMWQ1MGEzYSIgVmFyaWFibGVOYW1lPSJGb3JtUG9zdFBhcmFtMTQuX19TQ1JPTExQT1NJVElPTlgiIERpc3BsYXlOYW1lPSIiIERlc2NyaXB0aW9uPSIiPg0KICAgICAgICAgIDxSdWxlUGFyYW1ldGVycz4NCiAgICAgICAgICAgIDxSdWxlUGFyYW1ldGVyIE5hbWU9IlN0YXJ0c1dpdGgiIFZhbHVlPSJlbnQ9JnF1b3Q7IiAvPg0KICAgICAgICAgICAgPFJ1bGVQYXJhbWV0ZXIgTmFtZT0iRW5kc1dpdGgiIFZhbHVlPSImcXVvdDsgLyZndDsmI3hEOyIgLz4NCiAgICAgICAgICAgIDxSdWxlUGFyYW1ldGVyIE5hbWU9IkluZGV4IiBWYWx1ZT0iMyIgLz4NCiAgICAgICAgICAgIDxSdWxlUGFyYW1ldGVyIE5hbWU9Iklnbm9yZUNhc2UiIFZhbHVlPSJGYWxzZSIgLz4NCiAgICAgICAgICAgIDxSdWxlUGFyYW1ldGVyIE5hbWU9IlVzZVJlZ3VsYXJFeHByZXNzaW9uIiBWYWx1ZT0iRmFsc2UiIC8+DQogICAgICAgICAgICA8UnVsZVBhcmFtZXRlciBOYW1lPSJIdG1sRGVjb2RlIiBWYWx1ZT0iVHJ1ZSIgLz4NCiAgICAgICAgICAgIDxSdWxlUGFyYW1ldGVyIE5hbWU9IlJlcXVpcmVkIiBWYWx1ZT0iRmFsc2UiIC8+DQogICAgICAgICAgPC9SdWxlUGFyYW1ldGVycz4NCiAgICAgICAgPC9FeHRyYWN0aW9uUnVsZT4NCiAgICAgICAgPEV4dHJhY3Rpb25SdWxlIENsYXNzbmFtZT0iTWljcm9zb2Z0LlZpc3VhbFN0dWRpby5UZXN0VG9vbHMuV2ViVGVzdGluZy5SdWxlcy5FeHRyYWN0VGV4dCwgTWljcm9zb2Z0LlZpc3VhbFN0dWRpby5RdWFsaXR5VG9vbHMuV2ViVGVzdEZyYW1ld29yaywgVmVyc2lvbj0xMC4wLjAuMCwgQ3VsdHVyZT1uZXV0cmFsLCBQdWJsaWNLZXlUb2tlbj1iMDNmNWY3ZjExZDUwYTNhIiBWYXJpYWJsZU5hbWU9IkZvcm1Qb3N0UGFyYW0xNS5fX1NDUk9MTFBPU0lUSU9OWSIgRGlzcGxheU5hbWU9IiIgRGVzY3JpcHRpb249IiI+DQogICAgICAgICAgPFJ1bGVQYXJhbWV0ZXJzPg0KICAgICAgICAgICAgPFJ1bGVQYXJhbWV0ZXIgTmFtZT0iU3RhcnRzV2l0aCIgVmFsdWU9ImVudD0mcXVvdDsiIC8+DQogICAgICAgICAgICA8UnVsZVBhcmFtZXRlciBOYW1lPSJFbmRzV2l0aCIgVmFsdWU9IiZxdW90OyAvJmd0OyYjeEQ7IiAvPg0KICAgICAgICAgICAgPFJ1bGVQYXJhbWV0ZXIgTmFtZT0iSW5kZXgiIFZhbHVlPSIzIiAvPg0KICAgICAgICAgICAgPFJ1bGVQYXJhbWV0ZXIgTmFtZT0iSWdub3JlQ2FzZSIgVmFsdWU9IkZhbHNlIiAvPg0KICAgICAgICAgICAgPFJ1bGVQYXJhbWV0ZXIgTmFtZT0iVXNlUmVndWxhckV4cHJlc3Npb24iIFZhbHVlPSJGYWxzZSIgLz4NCiAgICAgICAgICAgIDxSdWxlUGFyYW1ldGVyIE5hbWU9Ikh0bWxEZWNvZGUiIFZhbHVlPSJUcnVlIiAvPg0KICAgICAgICAgICAgPFJ1bGVQYXJhbWV0ZXIgTmFtZT0iUmVxdWlyZWQiIFZhbHVlPSJGYWxzZSIgLz4NCiAgICAgICAgICA8L1J1bGVQYXJhbWV0ZXJzPg0KICAgICAgICA8L0V4dHJhY3Rpb25SdWxlPg0KICAgICAgICA8RXh0cmFjdGlvblJ1bGUgQ2xhc3NuYW1lPSJNaWNyb3NvZnQuVmlzdWFsU3R1ZGlvLlRlc3RUb29scy5XZWJUZXN0aW5nLlJ1bGVzLkV4dHJhY3RUZXh0LCBNaWNyb3NvZnQuVmlzdWFsU3R1ZGlvLlF1YWxpdHlUb29scy5XZWJUZXN0RnJhbWV3b3JrLCBWZXJzaW9uPTEwLjAuMC4wLCBDdWx0dXJlPW5ldXRyYWwsIFB1YmxpY0tleVRva2VuPWIwM2Y1ZjdmMTFkNTBhM2EiIFZhcmlhYmxlTmFtZT0iRm9ybVBvc3RQYXJhbTE2Ll9fRVZFTlRWQUxJREFUSU9OIiBEaXNwbGF5TmFtZT0iIiBEZXNjcmlwdGlvbj0iIj4NCiAgICAgICAgICA8UnVsZVBhcmFtZXRlcnM+DQogICAgICAgICAgICA8UnVsZVBhcmFtZXRlciBOYW1lPSJTdGFydHNXaXRoIiBWYWx1ZT0ibHVlPSZxdW90OyIgLz4NCiAgICAgICAgICAgIDxSdWxlUGFyYW1ldGVyIE5hbWU9IkVuZHNXaXRoIiBWYWx1ZT0iJnF1b3Q7IC8mZ3Q7JiN4RDsiIC8+DQogICAgICAgICAgICA8UnVsZVBhcmFtZXRlciBOYW1lPSJJbmRleCIgVmFsdWU9IjIzIiAvPg0KICAgICAgICAgICAgPFJ1bGVQYXJhbWV0ZXIgTmFtZT0iSWdub3JlQ2FzZSIgVmFsdWU9IkZhbHNlIiAvPg0KICAgICAgICAgICAgPFJ1bGVQYXJhbWV0ZXIgTmFtZT0iVXNlUmVndWxhckV4cHJlc3Npb24iIFZhbHVlPSJGYWxzZSIgLz4NCiAgICAgICAgICAgIDxSdWxlUGFyYW1ldGVyIE5hbWU9Ikh0bWxEZWNvZGUiIFZhbHVlPSJUcnVlIiAvPg0KICAgICAgICAgICAgPFJ1bGVQYXJhbWV0ZXIgTmFtZT0iUmVxdWlyZWQiIFZhbHVlPSJGYWxzZSIgLz4NCiAgICAgICAgICA8L1J1bGVQYXJhbWV0ZXJzPg0KICAgICAgICA8L0V4dHJhY3Rpb25SdWxlPg0KICAgICAgICA8RXh0cmFjdGlvblJ1bGUgQ2xhc3NuYW1lPSJNaWNyb3NvZnQuVmlzdWFsU3R1ZGlvLlRlc3RUb29scy5XZWJUZXN0aW5nLlJ1bGVzLkV4dHJhY3RUZXh0LCBNaWNyb3NvZnQuVmlzdWFsU3R1ZGlvLlF1YWxpdHlUb29scy5XZWJUZXN0RnJhbWV3b3JrLCBWZXJzaW9uPTEwLjAuMC4wLCBDdWx0dXJlPW5ldXRyYWwsIFB1YmxpY0tleVRva2VuPWIwM2Y1ZjdmMTFkNTBhM2EiIFZhcmlhYmxlTmFtZT0iRm9ybVBvc3RQYXJhbTE3LmRlc3RpbmF0aW9uIiBEaXNwbGF5TmFtZT0iIiBEZXNjcmlwdGlvbj0iIj4NCiAgICAgICAgICA8UnVsZVBhcmFtZXRlcnM+DQogICAgICAgICAgICA8UnVsZVBhcmFtZXRlciBOYW1lPSJTdGFydHNXaXRoIiBWYWx1ZT0ibHVlPSZxdW90OyIgLz4NCiAgICAgICAgICAgIDxSdWxlUGFyYW1ldGVyIE5hbWU9IkVuZHNXaXRoIiBWYWx1ZT0iJnF1b3Q7IC8mZ3Q7JiN4RDsiIC8+DQogICAgICAgICAgICA8UnVsZVBhcmFtZXRlciBOYW1lPSJJbmRleCIgVmFsdWU9IjI1IiAvPg0KICAgICAgICAgICAgPFJ1bGVQYXJhbWV0ZXIgTmFtZT0iSWdub3JlQ2FzZSIgVmFsdWU9IkZhbHNlIiAvPg0KICAgICAgICAgICAgPFJ1bGVQYXJhbWV0ZXIgTmFtZT0iVXNlUmVndWxhckV4cHJlc3Npb24iIFZhbHVlPSJGYWxzZSIgLz4NCiAgICAgICAgICAgIDxSdWxlUGFyYW1ldGVyIE5hbWU9Ikh0bWxEZWNvZGUiIFZhbHVlPSJUcnVlIiAvPg0KICAgICAgICAgICAgPFJ1bGVQYXJhbWV0ZXIgTmFtZT0iUmVxdWlyZWQiIFZhbHVlPSJGYWxzZSIgLz4NCiAgICAgICAgICA8L1J1bGVQYXJhbWV0ZXJzPg0KICAgICAgICA8L0V4dHJhY3Rpb25SdWxlPg0KICAgICAgICA8RXh0cmFjdGlvblJ1bGUgQ2xhc3NuYW1lPSJNaWNyb3NvZnQuVmlzdWFsU3R1ZGlvLlRlc3RUb29scy5XZWJUZXN0aW5nLlJ1bGVzLkV4dHJhY3RUZXh0LCBNaWNyb3NvZnQuVmlzdWFsU3R1ZGlvLlF1YWxpdHlUb29scy5XZWJUZXN0RnJhbWV3b3JrLCBWZXJzaW9uPTEwLjAuMC4wLCBDdWx0dXJlPW5ldXRyYWwsIFB1YmxpY0tleVRva2VuPWIwM2Y1ZjdmMTFkNTBhM2EiIFZhcmlhYmxlTmFtZT0iRm9ybVBvc3RQYXJhbTE4LmN0bDAwJFBsYWNlSG9sZGVyTWFpbiRjdGwwNSRjdGwwMSR1cGxvYWRMb2NhdGlvbiIgRGlzcGxheU5hbWU9IiIgRGVzY3JpcHRpb249IiI+DQogICAgICAgICAgPFJ1bGVQYXJhbWV0ZXJzPg0KICAgICAgICAgICAgPFJ1bGVQYXJhbWV0ZXIgTmFtZT0iU3RhcnRzV2l0aCIgVmFsdWU9IiA9PSAmcXVvdDsiIC8+DQogICAgICAgICAgICA8UnVsZVBhcmFtZXRlciBOYW1lPSJFbmRzV2l0aCIgVmFsdWU9IiZxdW90OykmI3hEOyYjeEE7CSIgLz4NCiAgICAgICAgICAgIDxSdWxlUGFyYW1ldGVyIE5hbWU9IkluZGV4IiBWYWx1ZT0iMyIgLz4NCiAgICAgICAgICAgIDxSdWxlUGFyYW1ldGVyIE5hbWU9Iklnbm9yZUNhc2UiIFZhbHVlPSJGYWxzZSIgLz4NCiAgICAgICAgICAgIDxSdWxlUGFyYW1ldGVyIE5hbWU9IlVzZVJlZ3VsYXJFeHByZXNzaW9uIiBWYWx1ZT0iRmFsc2UiIC8+DQogICAgICAgICAgICA8UnVsZVBhcmFtZXRlciBOYW1lPSJIdG1sRGVjb2RlIiBWYWx1ZT0iVHJ1ZSIgLz4NCiAgICAgICAgICAgIDxSdWxlUGFyYW1ldGVyIE5hbWU9IlJlcXVpcmVkIiBWYWx1ZT0iRmFsc2UiIC8+DQogICAgICAgICAgPC9SdWxlUGFyYW1ldGVycz4NCiAgICAgICAgPC9FeHRyYWN0aW9uUnVsZT4NCiAgICAgIDwvQ29ycmVsYXRpb25FeHRyYWN0aW9uUnVsZXM+DQogICAgICA8UXVlcnlTdHJpbmdQYXJhbWV0ZXJzPg0KICAgICAgICA8UXVlcnlTdHJpbmdQYXJhbWV0ZXIgTmFtZT0iTGlzdCIgVmFsdWU9IntFRDI4MTkyQS0zQjY3LTQzRDgtQkE4QS1EQ0NBM0FDRTdEMEJ9IiBSZWNvcmRlZFZhbHVlPSJ7RUQyODE5MkEtM0I2Ny00M0Q4LUJBOEEtRENDQTNBQ0U3RDBCfSIgQ29ycmVsYXRpb25CaW5kaW5nPSIiIFVybEVuY29kZT0iRmFsc2UiIFVzZVRvR3JvdXBSZXN1bHRzPSJGYWxzZSIgLz4NCiAgICAgICAgPFF1ZXJ5U3RyaW5nUGFyYW1ldGVyIE5hbWU9IlJvb3RGb2xkZXIiIFZhbHVlPSIiIFJlY29yZGVkVmFsdWU9IiIgQ29ycmVsYXRpb25CaW5kaW5nPSIiIFVybEVuY29kZT0iRmFsc2UiIFVzZVRvR3JvdXBSZXN1bHRzPSJGYWxzZSIgLz4NCiAgICAgICAgPFF1ZXJ5U3RyaW5nUGFyYW1ldGVyIE5hbWU9IklzRGxnIiBWYWx1ZT0iMSIgUmVjb3JkZWRWYWx1ZT0iMSIgQ29ycmVsYXRpb25CaW5kaW5nPSIiIFVybEVuY29kZT0iRmFsc2UiIFVzZVRvR3JvdXBSZXN1bHRzPSJGYWxzZSIgLz4NCiAgICAgIDwvUXVlcnlTdHJpbmdQYXJhbWV0ZXJzPg0KICAgIDwvUmVxdWVzdD4NCiAgICA8UmVxdWVzdCBNZXRob2Q9IkdFVCIgR3VpZD0iMjU5NjAxOGUtMzk4Zi00NTZkLWI3ZWItZWZhMDU0M2Q5ZGQ4IiBWZXJzaW9uPSIxLjEiIFVybD0iaHR0cHM6Ly9zcC5jb3JkaXNzb2x1dGlvbnMuY29tL0FwcHMwMC9fbGF5b3V0cy8xNS9jb21tYW5kdWkuYXNoeCIgVGhpbmtUaW1lPSIwIiBUaW1lb3V0PSIzMDAiIFBhcnNlRGVwZW5kZW50UmVxdWVzdHM9IlRydWUiIEZvbGxvd1JlZGlyZWN0cz0iVHJ1ZSIgUmVjb3JkUmVzdWx0PSJUcnVlIiBDYWNoZT0iRmFsc2UiIFJlc3BvbnNlVGltZUdvYWw9IjAiIEVuY29kaW5nPSJ1dGYtOCIgRXhwZWN0ZWRIdHRwU3RhdHVzQ29kZT0iMCIgRXhwZWN0ZWRSZXNwb25zZVVybD0iIiBSZXBvcnRpbmdOYW1lPSIiIElnbm9yZUh0dHBTdGF0dXNDb2RlPSJGYWxzZSI+DQogICAgICA8SGVhZGVycz4NCiAgICAgICAgPEhlYWRlciBOYW1lPSJYLVJlcXVlc3RlZC1XaXRoIiBWYWx1ZT0iWE1MSHR0cFJlcXVlc3QiIC8+DQogICAgICAgIDxIZWFkZXIgTmFtZT0iUmVmZXJlciIgVmFsdWU9Imh0dHBzOi8vc3AuY29yZGlzc29sdXRpb25zLmNvbS9BcHBzMDAvU2hhcmVkJTIwRG9jdW1lbnRzL0Zvcm1zL2RldGFpbCUyMGxpc3QlMjB3byUyMGZvbGRlcnMlMjAwMS5hc3B4P0luaXRpYWxUYWJJZD1SaWJib24uUmVhZCZhbXA7VmlzaWJpbGl0eUNvbnRleHQ9V1NTVGFiUGVyc2lzdGVuY2UiIC8+DQogICAgICA8L0hlYWRlcnM+DQogICAgICA8UXVlcnlTdHJpbmdQYXJhbWV0ZXJzPg0KICAgICAgICA8UXVlcnlTdHJpbmdQYXJhbWV0ZXIgTmFtZT0idmVyIiBWYWx1ZT0iODIzMTUzNTU2IiBSZWNvcmRlZFZhbHVlPSI4MjMxNTM1NTYiIENvcnJlbGF0aW9uQmluZGluZz0iIiBVcmxFbmNvZGU9IkZhbHNlIiBVc2VUb0dyb3VwUmVzdWx0cz0iRmFsc2UiIC8+DQogICAgICAgIDxRdWVyeVN0cmluZ1BhcmFtZXRlciBOYW1lPSJsY2lkIiBWYWx1ZT0iMTAzMyIgUmVjb3JkZWRWYWx1ZT0iMTAzMyIgQ29ycmVsYXRpb25CaW5kaW5nPSIiIFVybEVuY29kZT0iRmFsc2UiIFVzZVRvR3JvdXBSZXN1bHRzPSJGYWxzZSIgLz4NCiAgICAgICAgPFF1ZXJ5U3RyaW5nUGFyYW1ldGVyIE5hbWU9InF0IiBWYWx1ZT0iY29tbWFuZGhhbmRsZXJzIiBSZWNvcmRlZFZhbHVlPSJjb21tYW5kaGFuZGxlcnMiIENvcnJlbGF0aW9uQmluZGluZz0iIiBVcmxFbmNvZGU9IkZhbHNlIiBVc2VUb0dyb3VwUmVzdWx0cz0iRmFsc2UiIC8+DQogICAgICA8L1F1ZXJ5U3RyaW5nUGFyYW1ldGVycz4NCiAgICA8L1JlcXVlc3Q+DQogICAgPFJlcXVlc3QgTWV0aG9kPSJQT1NUIiBHdWlkPSJkYzk3ODRmZi02MmQyLTQ4OTctYWEwMC00N2Q3NjYwNDY1N2MiIFZlcnNpb249IjEuMSIgVXJsPSJodHRwczovL3NwLmNvcmRpc3NvbHV0aW9ucy5jb20vQXBwczAwL19sYXlvdXRzLzE1L2NvbW1hbmR1aS5hc2h4IiBUaGlua1RpbWU9IjAiIFRpbWVvdXQ9IjMwMCIgUGFyc2VEZXBlbmRlbnRSZXF1ZXN0cz0iVHJ1ZSIgRm9sbG93UmVkaXJlY3RzPSJUcnVlIiBSZWNvcmRSZXN1bHQ9IlRydWUiIENhY2hlPSJGYWxzZSIgUmVzcG9uc2VUaW1lR29hbD0iMCIgRW5jb2Rpbmc9InV0Zi04IiBFeHBlY3RlZEh0dHBTdGF0dXNDb2RlPSIwIiBFeHBlY3RlZFJlc3BvbnNlVXJsPSIiIFJlcG9ydGluZ05hbWU9IiIgSWdub3JlSHR0cFN0YXR1c0NvZGU9IkZhbHNlIj4NCiAgICAgIDxIZWFkZXJzPg0KICAgICAgICA8SGVhZGVyIE5hbWU9IlgtUmVxdWVzdGVkLVdpdGgiIFZhbHVlPSJYTUxIdHRwUmVxdWVzdCIgLz4NCiAgICAgICAgPEhlYWRlciBOYW1lPSJSZWZlcmVyIiBWYWx1ZT0iaHR0cHM6Ly9zcC5jb3JkaXNzb2x1dGlvbnMuY29tL0FwcHMwMC9TaGFyZWQlMjBEb2N1bWVudHMvRm9ybXMvZGV0YWlsJTIwbGlzdCUyMHdvJTIwZm9sZGVycyUyMDAxLmFzcHg/SW5pdGlhbFRhYklkPVJpYmJvbi5SZWFkJmFtcDtWaXNpYmlsaXR5Q29udGV4dD1XU1NUYWJQZXJzaXN0ZW5jZSIgLz4NCiAgICAgIDwvSGVhZGVycz4NCiAgICAgIDxRdWVyeVN0cmluZ1BhcmFtZXRlcnM+DQogICAgICAgIDxRdWVyeVN0cmluZ1BhcmFtZXRlciBOYW1lPSJ2ZXIiIFZhbHVlPSI4MjMxNTM1NTYiIFJlY29yZGVkVmFsdWU9IjgyMzE1MzU1NiIgQ29ycmVsYXRpb25CaW5kaW5nPSIiIFVybEVuY29kZT0iRmFsc2UiIFVzZVRvR3JvdXBSZXN1bHRzPSJGYWxzZSIgLz4NCiAgICAgICAgPFF1ZXJ5U3RyaW5nUGFyYW1ldGVyIE5hbWU9ImlkIiBWYWx1ZT0iUmliYm9uLlJlYWQiIFJlY29yZGVkVmFsdWU9IlJpYmJvbi5SZWFkIiBDb3JyZWxhdGlvbkJpbmRpbmc9IiIgVXJsRW5jb2RlPSJGYWxzZSIgVXNlVG9Hcm91cFJlc3VsdHM9IkZhbHNlIiAvPg0KICAgICAgICA8UXVlcnlTdHJpbmdQYXJhbWV0ZXIgTmFtZT0ibGNpZCIgVmFsdWU9IjEwMzMiIFJlY29yZGVkVmFsdWU9IjEwMzMiIENvcnJlbGF0aW9uQmluZGluZz0iIiBVcmxFbmNvZGU9IkZhbHNlIiBVc2VUb0dyb3VwUmVzdWx0cz0iRmFsc2UiIC8+DQogICAgICAgIDxRdWVyeVN0cmluZ1BhcmFtZXRlciBOYW1lPSJxdCIgVmFsdWU9InJpYmJvbnZpc2libGV0YWJkZWVwIiBSZWNvcmRlZFZhbHVlPSJyaWJib252aXNpYmxldGFiZGVlcCIgQ29ycmVsYXRpb25CaW5kaW5nPSIiIFVybEVuY29kZT0iRmFsc2UiIFVzZVRvR3JvdXBSZXN1bHRzPSJGYWxzZSIgLz4NCiAgICAgIDwvUXVlcnlTdHJpbmdQYXJhbWV0ZXJzPg0KICAgICAgPEZvcm1Qb3N0SHR0cEJvZHkgLz4NCiAgICA8L1JlcXVlc3Q+DQogICAgPFJlcXVlc3QgTWV0aG9kPSJHRVQiIEd1aWQ9IjY3Yjc5MzE2LTBmOWEtNDljNi04MjMyLTQ3YWU1NTgwZDU3NiIgVmVyc2lvbj0iMS4xIiBVcmw9Imh0dHBzOi8vc3AuY29yZGlzc29sdXRpb25zLmNvbS9fbGF5b3V0cy8xNS9pbWFnZXMvYmxhbmsuZ2lmIiBUaGlua1RpbWU9IjE0IiBUaW1lb3V0PSIzMDAiIFBhcnNlRGVwZW5kZW50UmVxdWVzdHM9IlRydWUiIEZvbGxvd1JlZGlyZWN0cz0iVHJ1ZSIgUmVjb3JkUmVzdWx0PSJUcnVlIiBDYWNoZT0iRmFsc2UiIFJlc3BvbnNlVGltZUdvYWw9IjAiIEVuY29kaW5nPSJ1dGYtOCIgRXhwZWN0ZWRIdHRwU3RhdHVzQ29kZT0iMCIgRXhwZWN0ZWRSZXNwb25zZVVybD0iIiBSZXBvcnRpbmdOYW1lPSIiIElnbm9yZUh0dHBTdGF0dXNDb2RlPSJGYWxzZSI+DQogICAgICA8SGVhZGVycz4NCiAgICAgICAgPEhlYWRlciBOYW1lPSJSZWZlcmVyIiBWYWx1ZT0iaHR0cHM6Ly9zcC5jb3JkaXNzb2x1dGlvbnMuY29tL0FwcHMwMC9fbGF5b3V0cy8xNS9VcGxvYWQuYXNweD9MaXN0PSU3QkVEMjgxOTJBLTNCNjctNDNEOC1CQThBLURDQ0EzQUNFN0QwQiU3RCZhbXA7Um9vdEZvbGRlcj0mYW1wO0lzRGxnPTEiIC8+DQogICAgICA8L0hlYWRlcnM+DQogICAgPC9SZXF1ZXN0Pg0KICAgIDxSZXF1ZXN0IE1ldGhvZD0iUE9TVCIgR3VpZD0iYWJmMmMwMzktZGQ3Ny00OTM1LWExNTctMzA5ZDIwZjM0NzE0IiBWZXJzaW9uPSIxLjEiIFVybD0iaHR0cHM6Ly9zcC5jb3JkaXNzb2x1dGlvbnMuY29tL0FwcHMwMC9fbGF5b3V0cy8xNS9VcGxvYWRFeC5hc3B4IiBUaGlua1RpbWU9IjIiIFRpbWVvdXQ9IjMwMCIgUGFyc2VEZXBlbmRlbnRSZXF1ZXN0cz0iVHJ1ZSIgRm9sbG93UmVkaXJlY3RzPSJUcnVlIiBSZWNvcmRSZXN1bHQ9IlRydWUiIENhY2hlPSJGYWxzZSIgUmVzcG9uc2VUaW1lR29hbD0iMCIgRW5jb2Rpbmc9InV0Zi04IiBFeHBlY3RlZEh0dHBTdGF0dXNDb2RlPSIwIiBFeHBlY3RlZFJlc3BvbnNlVXJsPSIiIFJlcG9ydGluZ05hbWU9IiIgSWdub3JlSHR0cFN0YXR1c0NvZGU9IkZhbHNlIj4NCiAgICAgIDxIZWFkZXJzPg0KICAgICAgICA8SGVhZGVyIE5hbWU9IlJlZmVyZXIiIFZhbHVlPSJodHRwczovL3NwLmNvcmRpc3NvbHV0aW9ucy5jb20vQXBwczAwL19sYXlvdXRzLzE1L1VwbG9hZC5hc3B4P0xpc3Q9JTdCRUQyODE5MkEtM0I2Ny00M0Q4LUJBOEEtRENDQTNBQ0U3RDBCJTdEJmFtcDtSb290Rm9sZGVyPSZhbXA7SXNEbGc9MSIgLz4NCiAgICAgIDwvSGVhZGVycz4NCiAgICAgIDxDb3JyZWxhdGlvbkV4dHJhY3Rpb25SdWxlcz4NCiAgICAgICAgPEV4dHJhY3Rpb25SdWxlIENsYXNzbmFtZT0iTWljcm9zb2Z0LlZpc3VhbFN0dWRpby5UZXN0VG9vbHMuV2ViVGVzdGluZy5SdWxlcy5FeHRyYWN0VGV4dCwgTWljcm9zb2Z0LlZpc3VhbFN0dWRpby5RdWFsaXR5VG9vbHMuV2ViVGVzdEZyYW1ld29yaywgVmVyc2lvbj0xMC4wLjAuMCwgQ3VsdHVyZT1uZXV0cmFsLCBQdWJsaWNLZXlUb2tlbj1iMDNmNWY3ZjExZDUwYTNhIiBWYXJpYWJsZU5hbWU9IlF1ZXJ5U3RyaW5nUGFyYW0xNy5Nb2RlIiBEaXNwbGF5TmFtZT0iIiBEZXNjcmlwdGlvbj0iIj4NCiAgICAgICAgICA8UnVsZVBhcmFtZXRlcnM+DQogICAgICAgICAgICA8UnVsZVBhcmFtZXRlciBOYW1lPSJTdGFydHNXaXRoIiBWYWx1ZT0iP01vZGU9IiAvPg0KICAgICAgICAgICAgPFJ1bGVQYXJhbWV0ZXIgTmFtZT0iRW5kc1dpdGgiIFZhbHVlPSJcIiAvPg0KICAgICAgICAgICAgPFJ1bGVQYXJhbWV0ZXIgTmFtZT0iSW5kZXgiIFZhbHVlPSIwIiAvPg0KICAgICAgICAgICAgPFJ1bGVQYXJhbWV0ZXIgTmFtZT0iSWdub3JlQ2FzZSIgVmFsdWU9IkZhbHNlIiAvPg0KICAgICAgICAgICAgPFJ1bGVQYXJhbWV0ZXIgTmFtZT0iVXNlUmVndWxhckV4cHJlc3Npb24iIFZhbHVlPSJGYWxzZSIgLz4NCiAgICAgICAgICAgIDxSdWxlUGFyYW1ldGVyIE5hbWU9Ikh0bWxEZWNvZGUiIFZhbHVlPSJUcnVlIiAvPg0KICAgICAgICAgICAgPFJ1bGVQYXJhbWV0ZXIgTmFtZT0iUmVxdWlyZWQiIFZhbHVlPSJGYWxzZSIgLz4NCiAgICAgICAgICA8L1J1bGVQYXJhbWV0ZXJzPg0KICAgICAgICA8L0V4dHJhY3Rpb25SdWxlPg0KICAgICAgICA8RXh0cmFjdGlvblJ1bGUgQ2xhc3NuYW1lPSJNaWNyb3NvZnQuVmlzdWFsU3R1ZGlvLlRlc3RUb29scy5XZWJUZXN0aW5nLlJ1bGVzLkV4dHJhY3RUZXh0LCBNaWNyb3NvZnQuVmlzdWFsU3R1ZGlvLlF1YWxpdHlUb29scy5XZWJUZXN0RnJhbWV3b3JrLCBWZXJzaW9uPTEwLjAuMC4wLCBDdWx0dXJlPW5ldXRyYWwsIFB1YmxpY0tleVRva2VuPWIwM2Y1ZjdmMTFkNTBhM2EiIFZhcmlhYmxlTmFtZT0iUXVlcnlTdHJpbmdQYXJhbTE4LklEIiBEaXNwbGF5TmFtZT0iIiBEZXNjcmlwdGlvbj0iIj4NCiAgICAgICAgICA8UnVsZVBhcmFtZXRlcnM+DQogICAgICAgICAgICA8UnVsZVBhcmFtZXRlciBOYW1lPSJTdGFydHNXaXRoIiBWYWx1ZT0iXHUwMDI2SUQ9IiAvPg0KICAgICAgICAgICAgPFJ1bGVQYXJhbWV0ZXIgTmFtZT0iRW5kc1dpdGgiIFZhbHVlPSJcIiAvPg0KICAgICAgICAgICAgPFJ1bGVQYXJhbWV0ZXIgTmFtZT0iSW5kZXgiIFZhbHVlPSIwIiAvPg0KICAgICAgICAgICAgPFJ1bGVQYXJhbWV0ZXIgTmFtZT0iSWdub3JlQ2FzZSIgVmFsdWU9IkZhbHNlIiAvPg0KICAgICAgICAgICAgPFJ1bGVQYXJhbWV0ZXIgTmFtZT0iVXNlUmVndWxhckV4cHJlc3Npb24iIFZhbHVlPSJGYWxzZSIgLz4NCiAgICAgICAgICAgIDxSdWxlUGFyYW1ldGVyIE5hbWU9Ikh0bWxEZWNvZGUiIFZhbHVlPSJUcnVlIiAvPg0KICAgICAgICAgICAgPFJ1bGVQYXJhbWV0ZXIgTmFtZT0iUmVxdWlyZWQiIFZhbHVlPSJGYWxzZSIgLz4NCiAgICAgICAgICA8L1J1bGVQYXJhbWV0ZXJzPg0KICAgICAgICA8L0V4dHJhY3Rpb25SdWxlPg0KICAgICAgPC9Db3JyZWxhdGlvbkV4dHJhY3Rpb25SdWxlcz4NCiAgICAgIDxRdWVyeVN0cmluZ1BhcmFtZXRlcnM+DQogICAgICAgIDxRdWVyeVN0cmluZ1BhcmFtZXRlciBOYW1lPSJMaXN0IiBWYWx1ZT0iJTdiRUQyODE5MkEtM0I2Ny00M0Q4LUJBOEEtRENDQTNBQ0U3RDBCJTdkIiBSZWNvcmRlZFZhbHVlPSIlN2JFRDI4MTkyQS0zQjY3LTQzRDgtQkE4QS1EQ0NBM0FDRTdEMEIlN2QiIENvcnJlbGF0aW9uQmluZGluZz0ie3tRdWVyeVN0cmluZ1BhcmFtMTUuTGlzdH19IiBVcmxFbmNvZGU9IkZhbHNlIiBVc2VUb0dyb3VwUmVzdWx0cz0iRmFsc2UiIC8+DQogICAgICAgIDxRdWVyeVN0cmluZ1BhcmFtZXRlciBOYW1lPSJSb290Rm9sZGVyIiBWYWx1ZT0iIiBSZWNvcmRlZFZhbHVlPSIiIENvcnJlbGF0aW9uQmluZGluZz0iIiBVcmxFbmNvZGU9IkZhbHNlIiBVc2VUb0dyb3VwUmVzdWx0cz0iRmFsc2UiIC8+DQogICAgICAgIDxRdWVyeVN0cmluZ1BhcmFtZXRlciBOYW1lPSJJc0RsZyIgVmFsdWU9IjEiIFJlY29yZGVkVmFsdWU9IjEiIENvcnJlbGF0aW9uQmluZGluZz0ie3tRdWVyeVN0cmluZ1BhcmFtMTYuSXNEbGd9fSIgVXJsRW5jb2RlPSJGYWxzZSIgVXNlVG9Hcm91cFJlc3VsdHM9IkZhbHNlIiAvPg0KICAgICAgPC9RdWVyeVN0cmluZ1BhcmFtZXRlcnM+DQogICAgICA8Rm9ybVBvc3RIdHRwQm9keT4NCiAgICAgICAgPEZvcm1Qb3N0UGFyYW1ldGVyIE5hbWU9Ik1TT1dlYlBhcnRQYWdlX1Bvc3RiYWNrU291cmNlIiBWYWx1ZT0iIiBSZWNvcmRlZFZhbHVlPSIiIENvcnJlbGF0aW9uQmluZGluZz0iIiBVcmxFbmNvZGU9IlRydWUiIC8+DQogICAgICAgIDxGb3JtUG9zdFBhcmFtZXRlciBOYW1lPSJNU09UbFBuX1NlbGVjdGVkV3BJZCIgVmFsdWU9IiIgUmVjb3JkZWRWYWx1ZT0iIiBDb3JyZWxhdGlvbkJpbmRpbmc9IiIgVXJsRW5jb2RlPSJUcnVlIiAvPg0KICAgICAgICA8Rm9ybVBvc3RQYXJhbWV0ZXIgTmFtZT0iTVNPVGxQbl9WaWV3IiBWYWx1ZT0iMCIgUmVjb3JkZWRWYWx1ZT0iMCIgQ29ycmVsYXRpb25CaW5kaW5nPSJ7e0Zvcm1Qb3N0UGFyYW0xLk1TT1RsUG5fVmlld319IiBVcmxFbmNvZGU9IlRydWUiIC8+DQogICAgICAgIDxGb3JtUG9zdFBhcmFtZXRlciBOYW1lPSJNU09UbFBuX1Nob3dTZXR0aW5ncyIgVmFsdWU9IkZhbHNlIiBSZWNvcmRlZFZhbHVlPSJGYWxzZSIgQ29ycmVsYXRpb25CaW5kaW5nPSJ7e0Zvcm1Qb3N0UGFyYW0yLk1TT1RsUG5fU2hvd1NldHRpbmdzfX0iIFVybEVuY29kZT0iVHJ1ZSIgLz4NCiAgICAgICAgPEZvcm1Qb3N0UGFyYW1ldGVyIE5hbWU9Ik1TT0dhbGxlcnlfU2VsZWN0ZWRMaWJyYXJ5IiBWYWx1ZT0iIiBSZWNvcmRlZFZhbHVlPSIiIENvcnJlbGF0aW9uQmluZGluZz0iIiBVcmxFbmNvZGU9IlRydWUiIC8+DQogICAgICAgIDxGb3JtUG9zdFBhcmFtZXRlciBOYW1lPSJNU09HYWxsZXJ5X0ZpbHRlclN0cmluZyIgVmFsdWU9IiIgUmVjb3JkZWRWYWx1ZT0iIiBDb3JyZWxhdGlvbkJpbmRpbmc9IiIgVXJsRW5jb2RlPSJUcnVlIiAvPg0KICAgICAgICA8Rm9ybVBvc3RQYXJhbWV0ZXIgTmFtZT0iTVNPVGxQbl9CdXR0b24iIFZhbHVlPSJub25lIiBSZWNvcmRlZFZhbHVlPSJub25lIiBDb3JyZWxhdGlvbkJpbmRpbmc9Int7Rm9ybVBvc3RQYXJhbTMuTVNPVGxQbl9CdXR0b259fSIgVXJsRW5jb2RlPSJUcnVlIiAvPg0KICAgICAgICA8Rm9ybVBvc3RQYXJhbWV0ZXIgTmFtZT0iX19FVkVOVFRBUkdFVCIgVmFsdWU9ImN0bDAwJFBsYWNlSG9sZGVyTWFpbiRjdGwwNCRScHRDb250cm9scyRidG5PSyIgUmVjb3JkZWRWYWx1ZT0iY3RsMDAkUGxhY2VIb2xkZXJNYWluJGN0bDA0JFJwdENvbnRyb2xzJGJ0bk9LIiBDb3JyZWxhdGlvbkJpbmRpbmc9Int7Rm9ybVBvc3RQYXJhbTQuX19FVkVOVFRBUkdFVH19IiBVcmxFbmNvZGU9IlRydWUiIC8+DQogICAgICAgIDxGb3JtUG9zdFBhcmFtZXRlciBOYW1lPSJfX0VWRU5UQVJHVU1FTlQiIFZhbHVlPSIiIFJlY29yZGVkVmFsdWU9IiIgQ29ycmVsYXRpb25CaW5kaW5nPSIiIFVybEVuY29kZT0iVHJ1ZSIgLz4NCiAgICAgICAgPEZvcm1Qb3N0UGFyYW1ldGVyIE5hbWU9Ik1TT1NQV2ViUGFydE1hbmFnZXJfRGlzcGxheU1vZGVOYW1lIiBWYWx1ZT0iQnJvd3NlIiBSZWNvcmRlZFZhbHVlPSJCcm93c2UiIENvcnJlbGF0aW9uQmluZGluZz0ie3tGb3JtUG9zdFBhcmFtNS5NU09TUFdlYlBhcnRNYW5hZ2VyX0Rpc3BsYXlNb2RlTmFtZX19IiBVcmxFbmNvZGU9IlRydWUiIC8+DQogICAgICAgIDxGb3JtUG9zdFBhcmFtZXRlciBOYW1lPSJNU09TUFdlYlBhcnRNYW5hZ2VyX0V4aXRpbmdEZXNpZ25Nb2RlIiBWYWx1ZT0iZmFsc2UiIFJlY29yZGVkVmFsdWU9ImZhbHNlIiBDb3JyZWxhdGlvbkJpbmRpbmc9Int7Rm9ybVBvc3RQYXJhbTYuTVNPU1BXZWJQYXJ0TWFuYWdlcl9FeGl0aW5nRGVzaWduTW9kZX19IiBVcmxFbmNvZGU9IlRydWUiIC8+DQogICAgICAgIDxGb3JtUG9zdFBhcmFtZXRlciBOYW1lPSJNU09XZWJQYXJ0UGFnZV9TaGFyZWQiIFZhbHVlPSIiIFJlY29yZGVkVmFsdWU9IiIgQ29ycmVsYXRpb25CaW5kaW5nPSIiIFVybEVuY29kZT0iVHJ1ZSIgLz4NCiAgICAgICAgPEZvcm1Qb3N0UGFyYW1ldGVyIE5hbWU9Ik1TT0xheW91dF9MYXlvdXRDaGFuZ2VzIiBWYWx1ZT0iIiBSZWNvcmRlZFZhbHVlPSIiIENvcnJlbGF0aW9uQmluZGluZz0iIiBVcmxFbmNvZGU9IlRydWUiIC8+DQogICAgICAgIDxGb3JtUG9zdFBhcmFtZXRlciBOYW1lPSJNU09MYXlvdXRfSW5EZXNpZ25Nb2RlIiBWYWx1ZT0iIiBSZWNvcmRlZFZhbHVlPSIiIENvcnJlbGF0aW9uQmluZGluZz0iIiBVcmxFbmNvZGU9IlRydWUiIC8+DQogICAgICAgIDxGb3JtUG9zdFBhcmFtZXRlciBOYW1lPSJNU09TUFdlYlBhcnRNYW5hZ2VyX09sZERpc3BsYXlNb2RlTmFtZSIgVmFsdWU9IkJyb3dzZSIgUmVjb3JkZWRWYWx1ZT0iQnJvd3NlIiBDb3JyZWxhdGlvbkJpbmRpbmc9Int7Rm9ybVBvc3RQYXJhbTcuTVNPU1BXZWJQYXJ0TWFuYWdlcl9PbGREaXNwbGF5TW9kZU5hbWV9fSIgVXJsRW5jb2RlPSJUcnVlIiAvPg0KICAgICAgICA8Rm9ybVBvc3RQYXJhbWV0ZXIgTmFtZT0iTVNPU1BXZWJQYXJ0TWFuYWdlcl9TdGFydFdlYlBhcnRFZGl0aW5nTmFtZSIgVmFsdWU9ImZhbHNlIiBSZWNvcmRlZFZhbHVlPSJmYWxzZSIgQ29ycmVsYXRpb25CaW5kaW5nPSJ7e0Zvcm1Qb3N0UGFyYW04Lk1TT1NQV2ViUGFydE1hbmFnZXJfU3RhcnRXZWJQYXJ0RWRpdGluZ05hbWV9fSIgVXJsRW5jb2RlPSJUcnVlIiAvPg0KICAgICAgICA8Rm9ybVBvc3RQYXJhbWV0ZXIgTmFtZT0iTVNPU1BXZWJQYXJ0TWFuYWdlcl9FbmRXZWJQYXJ0RWRpdGluZyIgVmFsdWU9ImZhbHNlIiBSZWNvcmRlZFZhbHVlPSJmYWxzZSIgQ29ycmVsYXRpb25CaW5kaW5nPSJ7e0Zvcm1Qb3N0UGFyYW05Lk1TT1NQV2ViUGFydE1hbmFnZXJfRW5kV2ViUGFydEVkaXRpbmd9fSIgVXJsRW5jb2RlPSJUcnVlIiAvPg0KICAgICAgICA8Rm9ybVBvc3RQYXJhbWV0ZXIgTmFtZT0iX21haW50YWluV29ya3NwYWNlU2Nyb2xsUG9zaXRpb24iIFZhbHVlPSIwIiBSZWNvcmRlZFZhbHVlPSIwIiBDb3JyZWxhdGlvbkJpbmRpbmc9Int7Rm9ybVBvc3RQYXJhbTEwLl9tYWludGFpbldvcmtzcGFjZVNjcm9sbFBvc2l0aW9ufX0iIFVybEVuY29kZT0iVHJ1ZSIgLz4NCiAgICAgICAgPEZvcm1Qb3N0UGFyYW1ldGVyIE5hbWU9Il9fUkVRVUVTVERJR0VTVCIgVmFsdWU9Int7Rm9ybVBvc3RQYXJhbTExLl9fUkVRVUVTVERJR0VTVH19IiBSZWNvcmRlZFZhbHVlPSIweEFEMURDRTVERTdGNEI0MkI0RDQ3N0E3RkJBMjQwRTUxMzMzQjg2RUZFMUNCRDQ4MEE1RTRFMjVDODQwREIyODAxMzcyQTBCQkFEN0NBREJCQzgwNTI1ODEyQ0JEQTg3NzM5Q0Q2NTdGRDUzMjhDRUQzRDQ0RjVCQTRDNjlCRkM3LDEzIEp1biAyMDE4IDExOjU1OjM2IC0wMDAwIiBDb3JyZWxhdGlvbkJpbmRpbmc9Int7Rm9ybVBvc3RQYXJhbTExLl9fUkVRVUVTVERJR0VTVH19IiBVcmxFbmNvZGU9IlRydWUiIC8+DQogICAgICAgIDxGb3JtUG9zdFBhcmFtZXRlciBOYW1lPSJfX1ZJRVdTVEFURSIgVmFsdWU9Ii93RVBEd1VMTFRFMk1qQTNNRFF6TmpVUFpCWUNaZzlrRmdJQ0FROFdBaDRGWTJ4aGMzTUZGbTF6TFdScFlXeHZaeUJ0Y3kxa2FXRnNiMmN0Ym5JV0JBSUJEMlFXQWdJWkQyUVdBZ0lERDJRV0FnSUJEMlFXQW1ZUEZDc0FCbVFGTG1oMGRIQnpPaTh2YzNBdVpYaGpaV3h6ZFhCd2IzSjBMbTl5WnpvME5ETXZiWGt2VUdWeWMyOXVMbUZ6Y0hnRkkyaDBkSEJ6T2k4dmMzQXVaWGhqWld4emRYQndiM0owTG05eVp6bzBORE12YlhrdkJSOHZRWEJ3Y3pBd0wxOXNZWGx2ZFhSekx6RTFMMjE1YzNWaWN5NWhjM0I0QmZzQkwwRndjSE13TUM5ZmJHRjViM1YwY3k4eE5TOXlaV2RwYjI1aGJITmxkRzVuTG1GemNIZy9kSGx3WlQxMWMyVnlKbk52ZFhKalpUMW9kSFJ3Y3lVelFTVXlSaVV5Um5Od0pUSkZZMjl5WkdsemMyOXNkWFJwYjI1ekpUSkZZMjl0SlRKR1FYQndjekF3SlRKR0pUVkdiR0Y1YjNWMGN5VXlSakUxSlRKR1ZYQnNiMkZrSlRKRllYTndlQ1V6Umt4cGMzUWxNMFFsTWpVM1FrVkVNamd4T1RKQkpUSTFNa1F6UWpZM0pUSTFNa1EwTTBRNEpUSTFNa1JDUVRoQkpUSTFNa1JFUTBOQk0wRkRSVGRFTUVJbE1qVTNSQ1V5Tm1GdGNDVXpRbEp2YjNSR2IyeGtaWElsTTBRbE1qWmhiWEFsTTBKSmMwUnNaeVV6UkRFRnp3Sm9kSFJ3Y3pvdkwzTndMbVY0WTJWc2MzVndjRzl5ZEM1dmNtYzZORFF6TDIxNUwxOXNZWGx2ZFhSekx6RTFMMFZrYVhSUWNtOW1hV3hsTG1GemNIZy9WWE5sY2xObGRIUnBibWR6VUhKdmRtbGtaWEk5TWpNMFltWXdaV1FsTWtRM01HUmlKVEpFTkRFMU9DVXlSR0V6TXpJbE1rUTBaR1prTmpnellqUXhORGdtVW1WMGRYSnVWWEpzUFdoMGRIQnpKVE5CSlRKR0pUSkdjM0FsTWtWamIzSmthWE56YjJ4MWRHbHZibk1sTWtWamIyMGxNa1pCY0hCek1EQWxNa1lsTlVac1lYbHZkWFJ6SlRKR01UVWxNa1pWY0d4dllXUWxNa1ZoYzNCNEpUTkdUR2x6ZENVelJDVXlOVGRDUlVReU9ERTVNa0VsTWpVeVJETkNOamNsTWpVeVJEUXpSRGdsTWpVeVJFSkJPRUVsTWpVeVJFUkRRMEV6UVVORk4wUXdRaVV5TlRkRUpUSTJZVzF3SlROQ1VtOXZkRVp2YkdSbGNpVXpSQ1V5Tm1GdGNDVXpRa2x6Ukd4bkpUTkVNV1FDQnc4V0FoNEhaVzVqZEhsd1pRVVRiWFZzZEdsd1lYSjBMMlp2Y20wdFpHRjBZUllJQWdVUFpCWUNBZ0lQWkJZRUFnRVBaQllDQWdNUFpCWUNaZzlrRmdRQ0F3OWtGZ29DQVE4V0JoNFRRMnhwWlc1MFQyNURiR2xqYTFOamNtbHdkQVY1Ulc1emRYSmxVMk55YVhCMFJuVnVZeWduYzJoaGNtbHVaeTVxY3ljc0lDZEVhWE53YkdGNVUyaGhjbVZrVjJsMGFFUnBZV3h2Wnljc0lHWjFibU4wYVc5dUlDZ3BJSHNnUkdsemNHeGhlVk5vWVhKbFpGZHBkR2hFYVdGc2IyY29KMXgxTURBeVprRndjSE13TUZ4MU1EQXlaaWNwT3lCOUtSNG9RMnhwWlc1MFQyNURiR2xqYTFOamNtbHdkRU52Ym5SaGFXNXBibWRRY21WbWFYaGxaRlZ5YkFWNVJXNXpkWEpsVTJOeWFYQjBSblZ1WXlnbmMyaGhjbWx1Wnk1cWN5Y3NJQ2RFYVhOd2JHRjVVMmhoY21Wa1YybDBhRVJwWVd4dlp5Y3NJR1oxYm1OMGFXOXVJQ2dwSUhzZ1JHbHpjR3hoZVZOb1lYSmxaRmRwZEdoRWFXRnNiMmNvSjF4MU1EQXlaa0Z3Y0hNd01GeDFNREF5WmljcE95QjlLUjRZUTJ4cFpXNTBUMjVEYkdsamEwNWhkbWxuWVhSbFZYSnNaR1FDQXc4V0FoNEhWbWx6YVdKc1pXaGtBZ1VQRmdJZkJXaGtBZ3NQRmdJZkJXaGtBaElQWkJZQ1pnOFBGZ1llSEZCeVpYWnBiM1Z6UVhWMGFHOXlhVzVuU1hSbGJWWmxjbk5wYjI1bEhocFFjbVYyYVc5MWMwRjFkR2h2Y21sdVowbDBaVzFQZDI1bGNtVWVIRkJ5WlhacGIzVnpRWFYwYUc5eWFXNW5RMjl1ZEhKdmJFMXZaR1VMS1lnQlRXbGpjbTl6YjJaMExsTm9ZWEpsVUc5cGJuUXVWMlZpUTI5dWRISnZiSE11VTFCRGIyNTBjbTlzVFc5a1pTd2dUV2xqY205emIyWjBMbE5vWVhKbFVHOXBiblFzSUZabGNuTnBiMjQ5TVRZdU1DNHdMakFzSUVOMWJIUjFjbVU5Ym1WMWRISmhiQ3dnVUhWaWJHbGpTMlY1Vkc5clpXNDlOekZsT1dKalpURXhNV1U1TkRJNVl3QmtaQUlFRHc4V0FoNEpRV05qWlhOelMyVjVCUUV2WkdRQ0F3OWtGZ0lDQVE5a0ZnSUNBUTlrRmdZQ0FROFBGZ1FlQkY4aFUwSUNBaDRJUTNOelEyeGhjM01GRjIxekxYQnliMjF2ZEdWa1FXTjBhVzl1UW5WMGRHOXVaR1FDQXc5a0ZnSm1EdzhXQkI4S0FnSWZDd1VYYlhNdGNISnZiVzkwWldSQlkzUnBiMjVDZFhSMGIyNWtaQUlGRHc4V0JoOExCUmR0Y3kxd2NtOXRiM1JsWkVGamRHbHZia0oxZEhSdmJoOEtBZ0lmQldoa1pBSVBEMlFXQWdJQkQyUVdBbVlQRHhZRUhnUlVaWGgwQlJCVGFHRnlaV1FnUkc5amRXMWxiblJ6SGd0T1lYWnBaMkYwWlZWeWJBVXhMMEZ3Y0hNd01DOVRhR0Z5WldRZ1JHOWpkVzFsYm5SekwwWnZjbTF6TDJGc2JDQmtiMk4xYldWdWRITXVZWE53ZUdSa0FoTVBaQllDQWdFUFpCWUNBZzBQRHhZQ0h3Vm9aQllDQWdFUFpCWUNaZzlrRmdJQ0F3OWtGZ0lDQlE5a0ZnSUNBUTg4S3dBSkFRQVBGZ1FlRFZCaGRHaFRaWEJoY21GMGIzSUVDQjROVG1WMlpYSkZlSEJoYm1SbFpHZGtaQUlWRDJRV0FnSUJEMlFXQm1ZUEZnSWZEQVVZTDBGd2NITXdNQzlUYUdGeVpXUWdSRzlqZFcxbGJuUnpaQUlHRDJRV0NHWVBaQllDQWdRUFpCWUNBZ0VQWkJZR1pnOWtGZ0ptRHc4V0FoOE1aV1JrQWdFUFpCWUdBZ0VQRHhZRUhneEZjbkp2Y2sxbGMzTmhaMlVGTUZsdmRTQnRkWE4wSUhOd1pXTnBabmtnWVNCMllXeDFaU0JtYjNJZ2RHaGxJSEpsY1hWcGNtVmtJR1pwWld4a0xoNFVUM0pwWjJsdVlXeEZjbkp2Y2sxbGMzTmhaMlVGTUZsdmRTQnRkWE4wSUhOd1pXTnBabmtnWVNCMllXeDFaU0JtYjNJZ2RHaGxJSEpsY1hWcGNtVmtJR1pwWld4a0xtUmtBZ01QRHhZQ0h3Vm5aR1FDQkE4UUR4WUNId3dGSmtGa1pDQmhjeUJoSUc1bGR5QjJaWEp6YVc5dUlIUnZJR1Y0YVhOMGFXNW5JR1pwYkdWelpHUmtaQUlDRHhZQ0h3Vm9aQUlCRDJRV0JnSUJEMlFXQW1ZUEZnSWZEQVVTUkdWemRHbHVZWFJwYjI0Z1JtOXNaR1Z5WkFJQ0QyUVdBbVlQRmdJZkRHVmtBZ1FQWkJZQ0FnRVBaQllHWmc5a0ZnSm1EdzhXQWg4TVpXUmtBZ0VQWkJZQ0FnRVBEeFlDSHd3RkFTOWtaQUlDRHhZQ0h3Vm9aQUlDRDJRV0JnSUJEMlFXQW1ZUEZnSWZEQVVUUkdWemRHbHVZWFJwYjI0Z1RHbGljbUZ5ZVdRQ0FnOWtGZ0ptRHhZQ0h3eGxaQUlFRDJRV0FnSUJEMlFXQkdZUFpCWUNaZzhQRmdJZkRHVmtaQUlDRHhZQ0h3Vm9aQUlERDJRV0JnSUJEMlFXQW1ZUEZnSWZEQVVRVm1WeWMybHZiaUJEYjIxdFpXNTBjMlFDQWc5a0ZnSm1EeFlDSHd4bFpBSUVEMlFXQWdJQkQyUVdCR1lQWkJZQ1pnOFBGZ0lmREdWa1pBSUNEeFlDSHdWb1pBSUhEMlFXQ0dZUEZnUWVDV2x1Ym1WeWFIUnRiQVh5QVV4aGNtZGxJR1pwYkdVZ2RYQnNiMkZrY3lCM2IzSnJJR0psZEhSbGNpQnBiaUJ6ZVc1alpXUWdabTlzWkdWeWN5d2dQR0VnYzNSNWJHVTlKM2RvYVhSbExYTndZV05sT201dmQzSmhjQ2NnYjI1amJHbGphejBpZDJsdVpHOTNMbTl3Wlc0b0oyaDBkSEE2THk5dlptWnBZMlV1YldsamNtOXpiMlowTG1OdmJTOWxiaTExY3k5emRYQndiM0owTDNONWJtTXRZUzFzYVdKeVlYSjVMWFJ2TFhsdmRYSXRZMjl0Y0hWMFpYSXRTRUV4TURJNE16STBNREV1WVhOd2VDY3NJQ2RmWW14aGJtc25LU0lnYUhKbFpqMG5JeWMrYkdWaGNtNGdiVzl5WlR3dllUNHVKbTVpYzNBN0ptNWljM0E3SGdocGMwaHBaR1JsYmdWTmRIbHdaVzltSUc1aGRtbG5ZWFJ2Y2k1dGMxQnliM1J2WTI5c2N5QTlQU0FpYjJKcVpXTjBJaUFtSmlBaGJtRjJhV2RoZEc5eUxtMXpVSEp2ZEc5amIyeHpXeUpuY25admNHVnVJbDFrQWdFUEZnSWVCWE4wZVd4bEJRMWthWE53YkdGNU9tNXZibVU3WkFJQ0QyUVdBZ0lCRHhZQ0hnZHZibU5zYVdOckJXWnBaaWdoY0hKdlkyVnpjMGx1Y0hWMEtDa3BJSEpsZEhWeWJpQm1ZV3h6WlR0VGRXSnRhWFJDZFhSMGIyNVBia05zYVdOcktDZGpkR3d3TUY5UWJHRmpaVWh2YkdSbGNrMWhhVzVmWTNSc01EUmZVbkIwUTI5dWRISnZiSE5mWW5SdVQwc25LVHRrQWdNUFpCWUNaZzhXQkI0SllXTmpaWE56YTJWNUJRRkRIeFVGcndOMGNua2dleUFOQ2lBZ0lDQWdJQ0FnSUNBZ0lDQWdJQ0FnSUNBZ0lDQWdJQ0FnSUNBZ0lDQWdJQ0FnSUNBZ0lDQjNhVzVrYjNjdVpuSmhiV1ZGYkdWdFpXNTBMbU5oYm1ObGJGQnZjRlZ3S0NrN0lBMEtJQ0FnSUNBZ0lDQWdJQ0FnSUNBZ0lDQWdJQ0FnSUNBZ0lDQWdJQ0FnSUNBZ0lDQWdmUTBLSUNBZ0lDQWdJQ0FnSUNBZ0lDQWdJQ0FnSUNBZ0lDQWdJQ0FnSUNBZ0lDQWdJQ0FnWTJGMFkyZ29aU2tnZXcwS0lDQWdJQ0FnSUNBZ0lDQWdJQ0FnSUNBZ0lDQWdJQ0FnSUNBZ0lDQWdJQ0FnSUNBZ0lDQWdJR2xtSUNoQ2IyOXNaV0Z1S0hSdmNDa2dKaVlnUW05dmJHVmhiaWgwYjNBdWNHOXpkRTFsYzNOaFoyVXBLU0FOQ2lBZ0lDQWdJQ0FnSUNBZ0lDQWdJQ0FnSUNBZ0lDQWdJQ0FnSUNBZ0lDQWdJQ0FnSUNBZ0lDQWdJQ0FnZEc5d0xuQnZjM1JOWlhOellXZGxLQ2REYkc5elpVUnBZV3h2Wnljc0lDY3FKeWs3RFFvZ0lDQWdJQ0FnSUNBZ0lDQWdJQ0FnSUNBZ0lDQWdJQ0FnSUNBZ0lDQWdJQ0FnSUNCOUlBMEtJQ0FnSUNBZ0lDQWdJQ0FnSUNBZ0lDQWdJQ0FnSUNBZ0lDQWdJQ0FnSUNBZ0lDQWdjbVYwZFhKdUlHWmhiSE5sTzJRWUFnVWVYMTlEYjI1MGNtOXNjMUpsY1hWcGNtVlFiM04wUW1GamEwdGxlVjlmRmdFRlFXTjBiREF3SkZCc1lXTmxTRzlzWkdWeVRXRnBiaVJWY0d4dllXUkViMk4xYldWdWRGTmxZM1JwYjI0a1kzUnNNRFVrVDNabGNuZHlhWFJsVTJsdVoyeGxCUmRqZEd3d01DUlViM0JPWVhacFoyRjBhVzl1VFdWdWRROFBaQVVVU0c5dFpWeEJjSEJ6SUNZZ1VISnZaSFZqZEhOa1NJbHhvdDV0OXp3Uk9XbWJMS3FWVTBpcEpFNVkzVG5TWnI0WExTZmJxcG89IiBSZWNvcmRlZFZhbHVlPSIvd0VQRHdVTExURTJNakEzTURRek5qVVBaQllDWmc5a0ZnSUNBUThXQWg0RlkyeGhjM01GRm0xekxXUnBZV3h2WnlCdGN5MWthV0ZzYjJjdGJuSVdCQUlCRDJRV0FnSVpEMlFXQWdJREQyUVdBZ0lCRDJRV0FtWVBGQ3NBQm1RRkxtaDBkSEJ6T2k4dmMzQXVaWGhqWld4emRYQndiM0owTG05eVp6bzBORE12YlhrdlVHVnljMjl1TG1GemNIZ0ZJMmgwZEhCek9pOHZjM0F1WlhoalpXeHpkWEJ3YjNKMExtOXlaem8wTkRNdmJYa3ZCUjh2UVhCd2N6QXdMMTlzWVhsdmRYUnpMekUxTDIxNWMzVmljeTVoYzNCNEJmc0JMMEZ3Y0hNd01DOWZiR0Y1YjNWMGN5OHhOUzl5WldkcGIyNWhiSE5sZEc1bkxtRnpjSGcvZEhsd1pUMTFjMlZ5Sm5OdmRYSmpaVDFvZEhSd2N5VXpRU1V5UmlVeVJuTndKVEpGWTI5eVpHbHpjMjlzZFhScGIyNXpKVEpGWTI5dEpUSkdRWEJ3Y3pBd0pUSkdKVFZHYkdGNWIzVjBjeVV5UmpFMUpUSkdWWEJzYjJGa0pUSkZZWE53ZUNVelJreHBjM1FsTTBRbE1qVTNRa1ZFTWpneE9USkJKVEkxTWtRelFqWTNKVEkxTWtRME0wUTRKVEkxTWtSQ1FUaEJKVEkxTWtSRVEwTkJNMEZEUlRkRU1FSWxNalUzUkNVeU5tRnRjQ1V6UWxKdmIzUkdiMnhrWlhJbE0wUWxNalpoYlhBbE0wSkpjMFJzWnlVelJERUZ6d0pvZEhSd2N6b3ZMM053TG1WNFkyVnNjM1Z3Y0c5eWRDNXZjbWM2TkRRekwyMTVMMTlzWVhsdmRYUnpMekUxTDBWa2FYUlFjbTltYVd4bExtRnpjSGcvVlhObGNsTmxkSFJwYm1kelVISnZkbWxrWlhJOU1qTTBZbVl3WldRbE1rUTNNR1JpSlRKRU5ERTFPQ1V5UkdFek16SWxNa1EwWkdaa05qZ3pZalF4TkRnbVVtVjBkWEp1VlhKc1BXaDBkSEJ6SlROQkpUSkdKVEpHYzNBbE1rVmpiM0prYVhOemIyeDFkR2x2Ym5NbE1rVmpiMjBsTWtaQmNIQnpNREFsTWtZbE5VWnNZWGx2ZFhSekpUSkdNVFVsTWtaVmNHeHZZV1FsTWtWaGMzQjRKVE5HVEdsemRDVXpSQ1V5TlRkQ1JVUXlPREU1TWtFbE1qVXlSRE5DTmpjbE1qVXlSRFF6UkRnbE1qVXlSRUpCT0VFbE1qVXlSRVJEUTBFelFVTkZOMFF3UWlVeU5UZEVKVEkyWVcxd0pUTkNVbTl2ZEVadmJHUmxjaVV6UkNVeU5tRnRjQ1V6UWtselJHeG5KVE5FTVdRQ0J3OFdBaDRIWlc1amRIbHdaUVVUYlhWc2RHbHdZWEowTDJadmNtMHRaR0YwWVJZSUFnVVBaQllDQWdJUFpCWUVBZ0VQWkJZQ0FnTVBaQllDWmc5a0ZnUUNBdzlrRmdvQ0FROFdCaDRUUTJ4cFpXNTBUMjVEYkdsamExTmpjbWx3ZEFWNVJXNXpkWEpsVTJOeWFYQjBSblZ1WXlnbmMyaGhjbWx1Wnk1cWN5Y3NJQ2RFYVhOd2JHRjVVMmhoY21Wa1YybDBhRVJwWVd4dlp5Y3NJR1oxYm1OMGFXOXVJQ2dwSUhzZ1JHbHpjR3hoZVZOb1lYSmxaRmRwZEdoRWFXRnNiMmNvSjF4MU1EQXlaa0Z3Y0hNd01GeDFNREF5WmljcE95QjlLUjRvUTJ4cFpXNTBUMjVEYkdsamExTmpjbWx3ZEVOdmJuUmhhVzVwYm1kUWNtVm1hWGhsWkZWeWJBVjVSVzV6ZFhKbFUyTnlhWEIwUm5WdVl5Z25jMmhoY21sdVp5NXFjeWNzSUNkRWFYTndiR0Y1VTJoaGNtVmtWMmwwYUVScFlXeHZaeWNzSUdaMWJtTjBhVzl1SUNncElIc2dSR2x6Y0d4aGVWTm9ZWEpsWkZkcGRHaEVhV0ZzYjJjb0oxeDFNREF5WmtGd2NITXdNRngxTURBeVppY3BPeUI5S1I0WVEyeHBaVzUwVDI1RGJHbGphMDVoZG1sbllYUmxWWEpzWkdRQ0F3OFdBaDRIVm1semFXSnNaV2hrQWdVUEZnSWZCV2hrQWdzUEZnSWZCV2hrQWhJUFpCWUNaZzhQRmdZZUhGQnlaWFpwYjNWelFYVjBhRzl5YVc1blNYUmxiVlpsY25OcGIyNWxIaHBRY21WMmFXOTFjMEYxZEdodmNtbHVaMGwwWlcxUGQyNWxjbVVlSEZCeVpYWnBiM1Z6UVhWMGFHOXlhVzVuUTI5dWRISnZiRTF2WkdVTEtZZ0JUV2xqY205emIyWjBMbE5vWVhKbFVHOXBiblF1VjJWaVEyOXVkSEp2YkhNdVUxQkRiMjUwY205c1RXOWtaU3dnVFdsamNtOXpiMlowTGxOb1lYSmxVRzlwYm5Rc0lGWmxjbk5wYjI0OU1UWXVNQzR3TGpBc0lFTjFiSFIxY21VOWJtVjFkSEpoYkN3Z1VIVmliR2xqUzJWNVZHOXJaVzQ5TnpGbE9XSmpaVEV4TVdVNU5ESTVZd0JrWkFJRUR3OFdBaDRKUVdOalpYTnpTMlY1QlFFdlpHUUNBdzlrRmdJQ0FROWtGZ0lDQVE5a0ZnWUNBUThQRmdRZUJGOGhVMElDQWg0SVEzTnpRMnhoYzNNRkYyMXpMWEJ5YjIxdmRHVmtRV04wYVc5dVFuVjBkRzl1WkdRQ0F3OWtGZ0ptRHc4V0JCOEtBZ0lmQ3dVWGJYTXRjSEp2Ylc5MFpXUkJZM1JwYjI1Q2RYUjBiMjVrWkFJRkR3OFdCaDhMQlJkdGN5MXdjbTl0YjNSbFpFRmpkR2x2YmtKMWRIUnZiaDhLQWdJZkJXaGtaQUlQRDJRV0FnSUJEMlFXQW1ZUER4WUVIZ1JVWlhoMEJSQlRhR0Z5WldRZ1JHOWpkVzFsYm5SekhndE9ZWFpwWjJGMFpWVnliQVV4TDBGd2NITXdNQzlUYUdGeVpXUWdSRzlqZFcxbGJuUnpMMFp2Y20xekwyRnNiQ0JrYjJOMWJXVnVkSE11WVhOd2VHUmtBaE1QWkJZQ0FnRVBaQllDQWcwUER4WUNId1ZvWkJZQ0FnRVBaQllDWmc5a0ZnSUNBdzlrRmdJQ0JROWtGZ0lDQVE4OEt3QUpBUUFQRmdRZURWQmhkR2hUWlhCaGNtRjBiM0lFQ0I0TlRtVjJaWEpGZUhCaGJtUmxaR2RrWkFJVkQyUVdBZ0lCRDJRV0JtWVBGZ0lmREFVWUwwRndjSE13TUM5VGFHRnlaV1FnUkc5amRXMWxiblJ6WkFJR0QyUVdDR1lQWkJZQ0FnUVBaQllDQWdFUFpCWUdaZzlrRmdKbUR3OFdBaDhNWldSa0FnRVBaQllHQWdFUER4WUVIZ3hGY25KdmNrMWxjM05oWjJVRk1GbHZkU0J0ZFhOMElITndaV05wWm5rZ1lTQjJZV3gxWlNCbWIzSWdkR2hsSUhKbGNYVnBjbVZrSUdacFpXeGtMaDRVVDNKcFoybHVZV3hGY25KdmNrMWxjM05oWjJVRk1GbHZkU0J0ZFhOMElITndaV05wWm5rZ1lTQjJZV3gxWlNCbWIzSWdkR2hsSUhKbGNYVnBjbVZrSUdacFpXeGtMbVJrQWdNUER4WUNId1ZuWkdRQ0JBOFFEeFlDSHd3RkprRmtaQ0JoY3lCaElHNWxkeUIyWlhKemFXOXVJSFJ2SUdWNGFYTjBhVzVuSUdacGJHVnpaR1JrWkFJQ0R4WUNId1ZvWkFJQkQyUVdCZ0lCRDJRV0FtWVBGZ0lmREFVU1JHVnpkR2x1WVhScGIyNGdSbTlzWkdWeVpBSUNEMlFXQW1ZUEZnSWZER1ZrQWdRUFpCWUNBZ0VQWkJZR1pnOWtGZ0ptRHc4V0FoOE1aV1JrQWdFUFpCWUNBZ0VQRHhZQ0h3d0ZBUzlrWkFJQ0R4WUNId1ZvWkFJQ0QyUVdCZ0lCRDJRV0FtWVBGZ0lmREFVVFJHVnpkR2x1WVhScGIyNGdUR2xpY21GeWVXUUNBZzlrRmdKbUR4WUNId3hsWkFJRUQyUVdBZ0lCRDJRV0JHWVBaQllDWmc4UEZnSWZER1ZrWkFJQ0R4WUNId1ZvWkFJREQyUVdCZ0lCRDJRV0FtWVBGZ0lmREFVUVZtVnljMmx2YmlCRGIyMXRaVzUwYzJRQ0FnOWtGZ0ptRHhZQ0h3eGxaQUlFRDJRV0FnSUJEMlFXQkdZUFpCWUNaZzhQRmdJZkRHVmtaQUlDRHhZQ0h3Vm9aQUlIRDJRV0NHWVBGZ1FlQ1dsdWJtVnlhSFJ0YkFYeUFVeGhjbWRsSUdacGJHVWdkWEJzYjJGa2N5QjNiM0pySUdKbGRIUmxjaUJwYmlCemVXNWpaV1FnWm05c1pHVnljeXdnUEdFZ2MzUjViR1U5SjNkb2FYUmxMWE53WVdObE9tNXZkM0poY0NjZ2IyNWpiR2xqYXowaWQybHVaRzkzTG05d1pXNG9KMmgwZEhBNkx5OXZabVpwWTJVdWJXbGpjbTl6YjJaMExtTnZiUzlsYmkxMWN5OXpkWEJ3YjNKMEwzTjVibU10WVMxc2FXSnlZWEo1TFhSdkxYbHZkWEl0WTI5dGNIVjBaWEl0U0VFeE1ESTRNekkwTURFdVlYTndlQ2NzSUNkZllteGhibXNuS1NJZ2FISmxaajBuSXljK2JHVmhjbTRnYlc5eVpUd3ZZVDR1Sm01aWMzQTdKbTVpYzNBN0hnaHBjMGhwWkdSbGJnVk5kSGx3Wlc5bUlHNWhkbWxuWVhSdmNpNXRjMUJ5YjNSdlkyOXNjeUE5UFNBaWIySnFaV04wSWlBbUppQWhibUYyYVdkaGRHOXlMbTF6VUhKdmRHOWpiMnh6V3lKbmNuWnZjR1Z1SWwxa0FnRVBGZ0llQlhOMGVXeGxCUTFrYVhOd2JHRjVPbTV2Ym1VN1pBSUNEMlFXQWdJQkR4WUNIZ2R2Ym1Oc2FXTnJCV1pwWmlnaGNISnZZMlZ6YzBsdWNIVjBLQ2twSUhKbGRIVnliaUJtWVd4elpUdFRkV0p0YVhSQ2RYUjBiMjVQYmtOc2FXTnJLQ2RqZEd3d01GOVFiR0ZqWlVodmJHUmxjazFoYVc1ZlkzUnNNRFJmVW5CMFEyOXVkSEp2YkhOZlluUnVUMHNuS1R0a0FnTVBaQllDWmc4V0JCNEpZV05qWlhOemEyVjVCUUZESHhVRnJ3TjBjbmtnZXlBTkNpQWdJQ0FnSUNBZ0lDQWdJQ0FnSUNBZ0lDQWdJQ0FnSUNBZ0lDQWdJQ0FnSUNBZ0lDQWdJQ0IzYVc1a2IzY3VabkpoYldWRmJHVnRaVzUwTG1OaGJtTmxiRkJ2Y0ZWd0tDazdJQTBLSUNBZ0lDQWdJQ0FnSUNBZ0lDQWdJQ0FnSUNBZ0lDQWdJQ0FnSUNBZ0lDQWdJQ0FnZlEwS0lDQWdJQ0FnSUNBZ0lDQWdJQ0FnSUNBZ0lDQWdJQ0FnSUNBZ0lDQWdJQ0FnSUNBZ1kyRjBZMmdvWlNrZ2V3MEtJQ0FnSUNBZ0lDQWdJQ0FnSUNBZ0lDQWdJQ0FnSUNBZ0lDQWdJQ0FnSUNBZ0lDQWdJQ0FnSUdsbUlDaENiMjlzWldGdUtIUnZjQ2tnSmlZZ1FtOXZiR1ZoYmloMGIzQXVjRzl6ZEUxbGMzTmhaMlVwS1NBTkNpQWdJQ0FnSUNBZ0lDQWdJQ0FnSUNBZ0lDQWdJQ0FnSUNBZ0lDQWdJQ0FnSUNBZ0lDQWdJQ0FnSUNBZ2RHOXdMbkJ2YzNSTlpYTnpZV2RsS0NkRGJHOXpaVVJwWVd4dlp5Y3NJQ2NxSnlrN0RRb2dJQ0FnSUNBZ0lDQWdJQ0FnSUNBZ0lDQWdJQ0FnSUNBZ0lDQWdJQ0FnSUNBZ0lDQjlJQTBLSUNBZ0lDQWdJQ0FnSUNBZ0lDQWdJQ0FnSUNBZ0lDQWdJQ0FnSUNBZ0lDQWdJQ0FnY21WMGRYSnVJR1poYkhObE8yUVlBZ1VlWDE5RGIyNTBjbTlzYzFKbGNYVnBjbVZRYjNOMFFtRmphMHRsZVY5ZkZnRUZRV04wYkRBd0pGQnNZV05sU0c5c1pHVnlUV0ZwYmlSVmNHeHZZV1JFYjJOMWJXVnVkRk5sWTNScGIyNGtZM1JzTURVa1QzWmxjbmR5YVhSbFUybHVaMnhsQlJkamRHd3dNQ1JVYjNCT1lYWnBaMkYwYVc5dVRXVnVkUThQWkFVVVNHOXRaVnhCY0hCeklDWWdVSEp2WkhWamRITmtTSWx4b3Q1dDl6d1JPV21iTEtxVlUwaXBKRTVZM1RuU1pyNFhMU2ZicXBvPSIgQ29ycmVsYXRpb25CaW5kaW5nPSJ7e0Zvcm1Qb3N0UGFyYW0xMi5fX1ZJRVdTVEFURX19IiBVcmxFbmNvZGU9IlRydWUiIC8+DQogICAgICAgIDxGb3JtUG9zdFBhcmFtZXRlciBOYW1lPSJfX1ZJRVdTVEFURUdFTkVSQVRPUiIgVmFsdWU9IjFEMjZBQ0I0IiBSZWNvcmRlZFZhbHVlPSIxRDI2QUNCNCIgQ29ycmVsYXRpb25CaW5kaW5nPSJ7e0Zvcm1Qb3N0UGFyYW0xMy5fX1ZJRVdTVEFURUdFTkVSQVRPUn19IiBVcmxFbmNvZGU9IlRydWUiIC8+DQogICAgICAgIDxGb3JtUG9zdFBhcmFtZXRlciBOYW1lPSJfX1NDUk9MTFBPU0lUSU9OWCIgVmFsdWU9IjAiIFJlY29yZGVkVmFsdWU9IjAiIENvcnJlbGF0aW9uQmluZGluZz0ie3tGb3JtUG9zdFBhcmFtMTQuX19TQ1JPTExQT1NJVElPTlh9fSIgVXJsRW5jb2RlPSJUcnVlIiAvPg0KICAgICAgICA8Rm9ybVBvc3RQYXJhbWV0ZXIgTmFtZT0iX19TQ1JPTExQT1NJVElPTlkiIFZhbHVlPSIwIiBSZWNvcmRlZFZhbHVlPSIwIiBDb3JyZWxhdGlvbkJpbmRpbmc9Int7Rm9ybVBvc3RQYXJhbTE1Ll9fU0NST0xMUE9TSVRJT05ZfX0iIFVybEVuY29kZT0iVHJ1ZSIgLz4NCiAgICAgICAgPEZvcm1Qb3N0UGFyYW1ldGVyIE5hbWU9Il9fRVZFTlRWQUxJREFUSU9OIiBWYWx1ZT0iL3dFZEFBbVdEUllQTEhFOWFRYU9xSFN2Mk5DbExtWHlZd0ErT2ZGYUc1QTJsejhuQ0xVZ0ZMcG5LT2p2QkFVMnRYbndEMHdidDV4V2lsSGtwQVhyZ3V0ZDl4c3JhcjZJSTN0Mm15SHRLbThKcnowa3F4L0xjeEQ1a2dZYlkvaUpUUlRtcEdSTFFBQ2RYcU1pNGZhZ25qNXFPcjMwYzBZS2tjdXJTeThzeHRFdndIMTB0Y1ljU2NjN2UrNkhPUGJER0pSRTI3dWd4RlVCb1Jnd1pzUUNDUTB6ZTNqWExnSDdzTkQwWGhxcTdGL2VJSUt0NlE9PSIgUmVjb3JkZWRWYWx1ZT0iL3dFZEFBbVdEUllQTEhFOWFRYU9xSFN2Mk5DbExtWHlZd0ErT2ZGYUc1QTJsejhuQ0xVZ0ZMcG5LT2p2QkFVMnRYbndEMHdidDV4V2lsSGtwQVhyZ3V0ZDl4c3JhcjZJSTN0Mm15SHRLbThKcnowa3F4L0xjeEQ1a2dZYlkvaUpUUlRtcEdSTFFBQ2RYcU1pNGZhZ25qNXFPcjMwYzBZS2tjdXJTeThzeHRFdndIMTB0Y1ljU2NjN2UrNkhPUGJER0pSRTI3dWd4RlVCb1Jnd1pzUUNDUTB6ZTNqWExnSDdzTkQwWGhxcTdGL2VJSUt0NlE9PSIgQ29ycmVsYXRpb25CaW5kaW5nPSJ7e0Zvcm1Qb3N0UGFyYW0xNi5fX0VWRU5UVkFMSURBVElPTn19IiBVcmxFbmNvZGU9IlRydWUiIC8+DQogICAgICAgIDxGb3JtUG9zdFBhcmFtZXRlciBOYW1lPSJkZXN0aW5hdGlvbiIgVmFsdWU9Ii9BcHBzMDAvU2hhcmVkIERvY3VtZW50cyIgUmVjb3JkZWRWYWx1ZT0iL0FwcHMwMC9TaGFyZWQgRG9jdW1lbnRzIiBDb3JyZWxhdGlvbkJpbmRpbmc9Int7Rm9ybVBvc3RQYXJhbTE3LmRlc3RpbmF0aW9ufX0iIFVybEVuY29kZT0iVHJ1ZSIgLz4NCiAgICAgICAgPEZpbGVVcGxvYWRQYXJhbWV0ZXIgTmFtZT0iY3RsMDAkUGxhY2VIb2xkZXJNYWluJFVwbG9hZERvY3VtZW50U2VjdGlvbiRjdGwwNSRJbnB1dEZpbGUiIEZpbGVOYW1lPSJGaWxlIGZvciB0aGUgdmVyc2lvbiAzLnhsc3giIENvbnRlbnRUeXBlPSJhcHBsaWNhdGlvbi92bmQub3BlbnhtbGZvcm1hdHMtb2ZmaWNlZG9jdW1lbnQuc3ByZWFkc2hlZXRtbC5zaGVldCIgR2VuZXJhdGVVbmlxdWVOYW1lPSJUcnVlIiBVc2VHdWlkcz0iRmFsc2UiIEZpbGVVcGxvYWROYW1lPSIiIEh0bWxFbmNvZGVGaWxlTmFtZT0iVHJ1ZSIgLz4NCiAgICAgICAgPEZvcm1Qb3N0UGFyYW1ldGVyIE5hbWU9ImN0bDAwJFBsYWNlSG9sZGVyTWFpbiRVcGxvYWREb2N1bWVudFNlY3Rpb24kY3RsMDUkT3ZlcndyaXRlU2luZ2xlIiBWYWx1ZT0ib24iIFJlY29yZGVkVmFsdWU9Im9uIiBDb3JyZWxhdGlvbkJpbmRpbmc9IiIgVXJsRW5jb2RlPSJUcnVlIiAvPg0KICAgICAgICA8Rm9ybVBvc3RQYXJhbWV0ZXIgTmFtZT0iY3RsMDAkUGxhY2VIb2xkZXJNYWluJGN0bDA1JGN0bDAxJHVwbG9hZExvY2F0aW9uIiBWYWx1ZT0iLyIgUmVjb3JkZWRWYWx1ZT0iLyIgQ29ycmVsYXRpb25CaW5kaW5nPSJ7e0Zvcm1Qb3N0UGFyYW0xOC5jdGwwMCRQbGFjZUhvbGRlck1haW4kY3RsMDUkY3RsMDEkdXBsb2FkTG9jYXRpb259fSIgVXJsRW5jb2RlPSJUcnVlIiAvPg0KICAgICAgICA8Rm9ybVBvc3RQYXJhbWV0ZXIgTmFtZT0iY3RsMDAkUGxhY2VIb2xkZXJNYWluJFZlcnNpb25Db21tZW50U2VjdGlvbiRjdGwwMSRDaGVja0luQ29tbWVudCIgVmFsdWU9IiIgUmVjb3JkZWRWYWx1ZT0iIiBDb3JyZWxhdGlvbkJpbmRpbmc9IiIgVXJsRW5jb2RlPSJUcnVlIiAvPg0KICAgICAgPC9Gb3JtUG9zdEh0dHBCb2R5Pg0KICAgIDwvUmVxdWVzdD4NCiAgICA8UmVxdWVzdCBNZXRob2Q9IkdFVCIgR3VpZD0iZDVjZjQ3OGItMjIzNC00ZDYzLTkyNDQtYWIxZjM0ZGQwMjQ0IiBWZXJzaW9uPSIxLjEiIFVybD0iaHR0cHM6Ly9zcC5jb3JkaXNzb2x1dGlvbnMuY29tL0FwcHMwMC9TaGFyZWQlMjBEb2N1bWVudHMvRm9ybXMvRWRpdEZvcm0uYXNweCIgVGhpbmtUaW1lPSIwIiBUaW1lb3V0PSIzMDAiIFBhcnNlRGVwZW5kZW50UmVxdWVzdHM9IlRydWUiIEZvbGxvd1JlZGlyZWN0cz0iVHJ1ZSIgUmVjb3JkUmVzdWx0PSJUcnVlIiBDYWNoZT0iRmFsc2UiIFJlc3BvbnNlVGltZUdvYWw9IjAiIEVuY29kaW5nPSJ1dGYtOCIgRXhwZWN0ZWRIdHRwU3RhdHVzQ29kZT0iMCIgRXhwZWN0ZWRSZXNwb25zZVVybD0iIiBSZXBvcnRpbmdOYW1lPSIiIElnbm9yZUh0dHBTdGF0dXNDb2RlPSJGYWxzZSI+DQogICAgICA8RGVwZW5kZW50UmVxdWVzdHM+DQogICAgICAgIDxSZXF1ZXN0IE1ldGhvZD0iR0VUIiBHdWlkPSJmYjBhMTMwMy05NjljLTRlYzQtYjg1MC1hYjdhMTMwNzcyYTMiIFZlcnNpb249IjEuMSIgVXJsPSJodHRwczovL3NwLmNvcmRpc3NvbHV0aW9ucy5jb20vQXBwczAwL19sYXlvdXRzLzE1L2NvbW1hbmR1aS5hc2h4IiBUaGlua1RpbWU9IjEiIFRpbWVvdXQ9IjMwMCIgUGFyc2VEZXBlbmRlbnRSZXF1ZXN0cz0iVHJ1ZSIgRm9sbG93UmVkaXJlY3RzPSJUcnVlIiBSZWNvcmRSZXN1bHQ9IlRydWUiIENhY2hlPSJGYWxzZSIgUmVzcG9uc2VUaW1lR29hbD0iMCIgRW5jb2Rpbmc9InV0Zi04IiBFeHBlY3RlZEh0dHBTdGF0dXNDb2RlPSIwIiBFeHBlY3RlZFJlc3BvbnNlVXJsPSIiIFJlcG9ydGluZ05hbWU9IiIgSWdub3JlSHR0cFN0YXR1c0NvZGU9IkZhbHNlIj4NCiAgICAgICAgICA8SGVhZGVycz4NCiAgICAgICAgICAgIDxIZWFkZXIgTmFtZT0iWC1SZXF1ZXN0ZWQtV2l0aCIgVmFsdWU9IlhNTEh0dHBSZXF1ZXN0IiAvPg0KICAgICAgICAgICAgPEhlYWRlciBOYW1lPSJSZWZlcmVyIiBWYWx1ZT0iaHR0cHM6Ly9zcC5jb3JkaXNzb2x1dGlvbnMuY29tL0FwcHMwMC9TaGFyZWQlMjBEb2N1bWVudHMvRm9ybXMvRWRpdEZvcm0uYXNweD9Nb2RlPVVwbG9hZCZhbXA7Q2hlY2tJbkNvbW1lbnQ9JmFtcDtJRD0zNDU4JmFtcDtSb290Rm9sZGVyPSUyRkFwcHMwMCUyRlNoYXJlZCUyMERvY3VtZW50cyZhbXA7SXNEbGc9MSIgLz4NCiAgICAgICAgICA8L0hlYWRlcnM+DQogICAgICAgICAgPFF1ZXJ5U3RyaW5nUGFyYW1ldGVycz4NCiAgICAgICAgICAgIDxRdWVyeVN0cmluZ1BhcmFtZXRlciBOYW1lPSJ2ZXIiIFZhbHVlPSI4MjMxNTM1NTYiIFJlY29yZGVkVmFsdWU9IjgyMzE1MzU1NiIgQ29ycmVsYXRpb25CaW5kaW5nPSIiIFVybEVuY29kZT0iRmFsc2UiIFVzZVRvR3JvdXBSZXN1bHRzPSJGYWxzZSIgLz4NCiAgICAgICAgICAgIDxRdWVyeVN0cmluZ1BhcmFtZXRlciBOYW1lPSJsY2lkIiBWYWx1ZT0iMTAzMyIgUmVjb3JkZWRWYWx1ZT0iMTAzMyIgQ29ycmVsYXRpb25CaW5kaW5nPSIiIFVybEVuY29kZT0iRmFsc2UiIFVzZVRvR3JvdXBSZXN1bHRzPSJGYWxzZSIgLz4NCiAgICAgICAgICAgIDxRdWVyeVN0cmluZ1BhcmFtZXRlciBOYW1lPSJxdCIgVmFsdWU9ImNvbW1hbmRoYW5kbGVycyIgUmVjb3JkZWRWYWx1ZT0iY29tbWFuZGhhbmRsZXJzIiBDb3JyZWxhdGlvbkJpbmRpbmc9IiIgVXJsRW5jb2RlPSJGYWxzZSIgVXNlVG9Hcm91cFJlc3VsdHM9IkZhbHNlIiAvPg0KICAgICAgICAgIDwvUXVlcnlTdHJpbmdQYXJhbWV0ZXJzPg0KICAgICAgICA8L1JlcXVlc3Q+DQogICAgICAgIDxSZXF1ZXN0IE1ldGhvZD0iUE9TVCIgR3VpZD0iMWEwM2JiMzctZTA0YS00YWRlLTg0NmItNjZkMWZkZGE1ZmQyIiBWZXJzaW9uPSIxLjEiIFVybD0iaHR0cHM6Ly9zcC5jb3JkaXNzb2x1dGlvbnMuY29tL0FwcHMwMC9fbGF5b3V0cy8xNS9jb21tYW5kdWkuYXNoeCIgVGhpbmtUaW1lPSIwIiBUaW1lb3V0PSIzMDAiIFBhcnNlRGVwZW5kZW50UmVxdWVzdHM9IlRydWUiIEZvbGxvd1JlZGlyZWN0cz0iVHJ1ZSIgUmVjb3JkUmVzdWx0PSJUcnVlIiBDYWNoZT0iRmFsc2UiIFJlc3BvbnNlVGltZUdvYWw9IjAiIEVuY29kaW5nPSJ1dGYtOCIgRXhwZWN0ZWRIdHRwU3RhdHVzQ29kZT0iMCIgRXhwZWN0ZWRSZXNwb25zZVVybD0iIiBSZXBvcnRpbmdOYW1lPSIiIElnbm9yZUh0dHBTdGF0dXNDb2RlPSJGYWxzZSI+DQogICAgICAgICAgPEhlYWRlcnM+DQogICAgICAgICAgICA8SGVhZGVyIE5hbWU9IlgtUmVxdWVzdGVkLVdpdGgiIFZhbHVlPSJYTUxIdHRwUmVxdWVzdCIgLz4NCiAgICAgICAgICAgIDxIZWFkZXIgTmFtZT0iUmVmZXJlciIgVmFsdWU9Imh0dHBzOi8vc3AuY29yZGlzc29sdXRpb25zLmNvbS9BcHBzMDAvU2hhcmVkJTIwRG9jdW1lbnRzL0Zvcm1zL0VkaXRGb3JtLmFzcHg/TW9kZT1VcGxvYWQmYW1wO0NoZWNrSW5Db21tZW50PSZhbXA7SUQ9MzQ1OCZhbXA7Um9vdEZvbGRlcj0lMkZBcHBzMDAlMkZTaGFyZWQlMjBEb2N1bWVudHMmYW1wO0lzRGxnPTEiIC8+DQogICAgICAgICAgPC9IZWFkZXJzPg0KICAgICAgICAgIDxRdWVyeVN0cmluZ1BhcmFtZXRlcnM+DQogICAgICAgICAgICA8UXVlcnlTdHJpbmdQYXJhbWV0ZXIgTmFtZT0idmVyIiBWYWx1ZT0iODIzMTUzNTU2IiBSZWNvcmRlZFZhbHVlPSI4MjMxNTM1NTYiIENvcnJlbGF0aW9uQmluZGluZz0iIiBVcmxFbmNvZGU9IkZhbHNlIiBVc2VUb0dyb3VwUmVzdWx0cz0iRmFsc2UiIC8+DQogICAgICAgICAgICA8UXVlcnlTdHJpbmdQYXJhbWV0ZXIgTmFtZT0iaWQiIFZhbHVlPSJSaWJib24uRG9jTGliTGlzdEZvcm0uRWRpdCIgUmVjb3JkZWRWYWx1ZT0iUmliYm9uLkRvY0xpYkxpc3RGb3JtLkVkaXQiIENvcnJlbGF0aW9uQmluZGluZz0iIiBVcmxFbmNvZGU9IkZhbHNlIiBVc2VUb0dyb3VwUmVzdWx0cz0iRmFsc2UiIC8+DQogICAgICAgICAgICA8UXVlcnlTdHJpbmdQYXJhbWV0ZXIgTmFtZT0ibGNpZCIgVmFsdWU9IjEwMzMiIFJlY29yZGVkVmFsdWU9IjEwMzMiIENvcnJlbGF0aW9uQmluZGluZz0iIiBVcmxFbmNvZGU9IkZhbHNlIiBVc2VUb0dyb3VwUmVzdWx0cz0iRmFsc2UiIC8+DQogICAgICAgICAgICA8UXVlcnlTdHJpbmdQYXJhbWV0ZXIgTmFtZT0icXQiIFZhbHVlPSJyaWJib252aXNpYmxldGFiZGVlcCIgUmVjb3JkZWRWYWx1ZT0icmliYm9udmlzaWJsZXRhYmRlZXAiIENvcnJlbGF0aW9uQmluZGluZz0iIiBVcmxFbmNvZGU9IkZhbHNlIiBVc2VUb0dyb3VwUmVzdWx0cz0iRmFsc2UiIC8+DQogICAgICAgICAgPC9RdWVyeVN0cmluZ1BhcmFtZXRlcnM+DQogICAgICAgICAgPEZvcm1Qb3N0SHR0cEJvZHkgLz4NCiAgICAgICAgPC9SZXF1ZXN0Pg0KICAgICAgICA8UmVxdWVzdCBNZXRob2Q9IkdFVCIgR3VpZD0iYmI3Njk3NmYtYjU3OS00ZjY4LWFjZDgtOTE2Yzg3Y2EwZjI3IiBWZXJzaW9uPSIxLjEiIFVybD0iaHR0cHM6Ly9zcC5jb3JkaXNzb2x1dGlvbnMuY29tL19sYXlvdXRzLzE1L1NjcmlwdFJlc3guYXNoeCIgVGhpbmtUaW1lPSIwIiBUaW1lb3V0PSIzMDAiIFBhcnNlRGVwZW5kZW50UmVxdWVzdHM9IlRydWUiIEZvbGxvd1JlZGlyZWN0cz0iVHJ1ZSIgUmVjb3JkUmVzdWx0PSJUcnVlIiBDYWNoZT0iRmFsc2UiIFJlc3BvbnNlVGltZUdvYWw9IjAiIEVuY29kaW5nPSJ1dGYtOCIgRXhwZWN0ZWRIdHRwU3RhdHVzQ29kZT0iMCIgRXhwZWN0ZWRSZXNwb25zZVVybD0iIiBSZXBvcnRpbmdOYW1lPSIiIElnbm9yZUh0dHBTdGF0dXNDb2RlPSJGYWxzZSI+DQogICAgICAgICAgPEhlYWRlcnM+DQogICAgICAgICAgICA8SGVhZGVyIE5hbWU9IlJlZmVyZXIiIFZhbHVlPSJodHRwczovL3NwLmNvcmRpc3NvbHV0aW9ucy5jb20vQXBwczAwL1NoYXJlZCUyMERvY3VtZW50cy9Gb3Jtcy9FZGl0Rm9ybS5hc3B4P01vZGU9VXBsb2FkJmFtcDtDaGVja0luQ29tbWVudD0mYW1wO0lEPTM0NTgmYW1wO1Jvb3RGb2xkZXI9JTJGQXBwczAwJTJGU2hhcmVkJTIwRG9jdW1lbnRzJmFtcDtJc0RsZz0xIiAvPg0KICAgICAgICAgIDwvSGVhZGVycz4NCiAgICAgICAgICA8UXVlcnlTdHJpbmdQYXJhbWV0ZXJzPg0KICAgICAgICAgICAgPFF1ZXJ5U3RyaW5nUGFyYW1ldGVyIE5hbWU9ImN1bHR1cmUiIFZhbHVlPSJlbiUyRHVzIiBSZWNvcmRlZFZhbHVlPSJlbiUyRHVzIiBDb3JyZWxhdGlvbkJpbmRpbmc9IiIgVXJsRW5jb2RlPSJGYWxzZSIgVXNlVG9Hcm91cFJlc3VsdHM9IkZhbHNlIiAvPg0KICAgICAgICAgICAgPFF1ZXJ5U3RyaW5nUGFyYW1ldGVyIE5hbWU9Im5hbWUiIFZhbHVlPSJTUCUyRVVJJTJFUG9saWN5JTJFUmVzb3VyY2VzIiBSZWNvcmRlZFZhbHVlPSJTUCUyRVVJJTJFUG9saWN5JTJFUmVzb3VyY2VzIiBDb3JyZWxhdGlvbkJpbmRpbmc9IiIgVXJsRW5jb2RlPSJGYWxzZSIgVXNlVG9Hcm91cFJlc3VsdHM9IkZhbHNlIiAvPg0KICAgICAgICAgICAgPFF1ZXJ5U3RyaW5nUGFyYW1ldGVyIE5hbWU9InJldiIgVmFsdWU9Im0yTnZ0bTEzRFJnb2RDVmklMkJzUnVrdyUzRCUzRCIgUmVjb3JkZWRWYWx1ZT0ibTJOdnRtMTNEUmdvZENWaSUyQnNSdWt3JTNEJTNEIiBDb3JyZWxhdGlvbkJpbmRpbmc9IiIgVXJsRW5jb2RlPSJGYWxzZSIgVXNlVG9Hcm91cFJlc3VsdHM9IkZhbHNlIiAvPg0KICAgICAgICAgIDwvUXVlcnlTdHJpbmdQYXJhbWV0ZXJzPg0KICAgICAgICA8L1JlcXVlc3Q+DQogICAgICAgIDxSZXF1ZXN0IE1ldGhvZD0iR0VUIiBHdWlkPSIxNTYyNjRhNy1jMzc2LTRjOTEtYTQyYS01ZWJmZWFmZTY4MTIiIFZlcnNpb249IjEuMSIgVXJsPSJodHRwczovL3NwLmNvcmRpc3NvbHV0aW9ucy5jb20vX2xheW91dHMvMTUvU2NyaXB0UmVzeC5hc2h4IiBUaGlua1RpbWU9IjEiIFRpbWVvdXQ9IjMwMCIgUGFyc2VEZXBlbmRlbnRSZXF1ZXN0cz0iVHJ1ZSIgRm9sbG93UmVkaXJlY3RzPSJUcnVlIiBSZWNvcmRSZXN1bHQ9IlRydWUiIENhY2hlPSJGYWxzZSIgUmVzcG9uc2VUaW1lR29hbD0iMCIgRW5jb2Rpbmc9InV0Zi04IiBFeHBlY3RlZEh0dHBTdGF0dXNDb2RlPSIwIiBFeHBlY3RlZFJlc3BvbnNlVXJsPSIiIFJlcG9ydGluZ05hbWU9IiIgSWdub3JlSHR0cFN0YXR1c0NvZGU9IkZhbHNlIj4NCiAgICAgICAgICA8SGVhZGVycz4NCiAgICAgICAgICAgIDxIZWFkZXIgTmFtZT0iUmVmZXJlciIgVmFsdWU9Imh0dHBzOi8vc3AuY29yZGlzc29sdXRpb25zLmNvbS9BcHBzMDAvU2hhcmVkJTIwRG9jdW1lbnRzL0Zvcm1zL0VkaXRGb3JtLmFzcHg/TW9kZT1VcGxvYWQmYW1wO0NoZWNrSW5Db21tZW50PSZhbXA7SUQ9MzQ1OCZhbXA7Um9vdEZvbGRlcj0lMkZBcHBzMDAlMkZTaGFyZWQlMjBEb2N1bWVudHMmYW1wO0lzRGxnPTEiIC8+DQogICAgICAgICAgPC9IZWFkZXJzPg0KICAgICAgICAgIDxRdWVyeVN0cmluZ1BhcmFtZXRlcnM+DQogICAgICAgICAgICA8UXVlcnlTdHJpbmdQYXJhbWV0ZXIgTmFtZT0iY3VsdHVyZSIgVmFsdWU9ImVuJTJEdXMiIFJlY29yZGVkVmFsdWU9ImVuJTJEdXMiIENvcnJlbGF0aW9uQmluZGluZz0iIiBVcmxFbmNvZGU9IkZhbHNlIiBVc2VUb0dyb3VwUmVzdWx0cz0iRmFsc2UiIC8+DQogICAgICAgICAgICA8UXVlcnlTdHJpbmdQYXJhbWV0ZXIgTmFtZT0ibmFtZSIgVmFsdWU9IlNQJTJFVUklMkVQb2xpY3klMkVSZXNvdXJjZXMiIFJlY29yZGVkVmFsdWU9IlNQJTJFVUklMkVQb2xpY3klMkVSZXNvdXJjZXMiIENvcnJlbGF0aW9uQmluZGluZz0iIiBVcmxFbmNvZGU9IkZhbHNlIiBVc2VUb0dyb3VwUmVzdWx0cz0iRmFsc2UiIC8+DQogICAgICAgICAgICA8UXVlcnlTdHJpbmdQYXJhbWV0ZXIgTmFtZT0icmV2IiBWYWx1ZT0ibTJOdnRtMTNEUmdvZENWaSUyQnNSdWt3JTNEJTNEIiBSZWNvcmRlZFZhbHVlPSJtMk52dG0xM0RSZ29kQ1ZpJTJCc1J1a3clM0QlM0QiIENvcnJlbGF0aW9uQmluZGluZz0iIiBVcmxFbmNvZGU9IkZhbHNlIiBVc2VUb0dyb3VwUmVzdWx0cz0iRmFsc2UiIC8+DQogICAgICAgICAgPC9RdWVyeVN0cmluZ1BhcmFtZXRlcnM+DQogICAgICAgIDwvUmVxdWVzdD4NCiAgICAgIDwvRGVwZW5kZW50UmVxdWVzdHM+DQogICAgICA8SGVhZGVycz4NCiAgICAgICAgPEhlYWRlciBOYW1lPSJSZWZlcmVyIiBWYWx1ZT0iaHR0cHM6Ly9zcC5jb3JkaXNzb2x1dGlvbnMuY29tL0FwcHMwMC9fbGF5b3V0cy8xNS9VcGxvYWRFeC5hc3B4P0xpc3Q9JTdiRUQyODE5MkEtM0I2Ny00M0Q4LUJBOEEtRENDQTNBQ0U3RDBCJTdkJmFtcDtSb290Rm9sZGVyPSZhbXA7SXNEbGc9MSIgLz4NCiAgICAgIDwvSGVhZGVycz4NCiAgICAgIDxRdWVyeVN0cmluZ1BhcmFtZXRlcnM+DQogICAgICAgIDxRdWVyeVN0cmluZ1BhcmFtZXRlciBOYW1lPSJNb2RlIiBWYWx1ZT0iVXBsb2FkIiBSZWNvcmRlZFZhbHVlPSJVcGxvYWQiIENvcnJlbGF0aW9uQmluZGluZz0ie3tRdWVyeVN0cmluZ1BhcmFtMTcuTW9kZX19IiBVcmxFbmNvZGU9IkZhbHNlIiBVc2VUb0dyb3VwUmVzdWx0cz0iRmFsc2UiIC8+DQogICAgICAgIDxRdWVyeVN0cmluZ1BhcmFtZXRlciBOYW1lPSJDaGVja0luQ29tbWVudCIgVmFsdWU9IiIgUmVjb3JkZWRWYWx1ZT0iIiBDb3JyZWxhdGlvbkJpbmRpbmc9IiIgVXJsRW5jb2RlPSJGYWxzZSIgVXNlVG9Hcm91cFJlc3VsdHM9IkZhbHNlIiAvPg0KICAgICAgICA8UXVlcnlTdHJpbmdQYXJhbWV0ZXIgTmFtZT0iSUQiIFZhbHVlPSIzNDU4IiBSZWNvcmRlZFZhbHVlPSIzNDU4IiBDb3JyZWxhdGlvbkJpbmRpbmc9Int7UXVlcnlTdHJpbmdQYXJhbTE4LklEfX0iIFVybEVuY29kZT0iRmFsc2UiIFVzZVRvR3JvdXBSZXN1bHRzPSJGYWxzZSIgLz4NCiAgICAgICAgPFF1ZXJ5U3RyaW5nUGFyYW1ldGVyIE5hbWU9IlJvb3RGb2xkZXIiIFZhbHVlPSIlMkZBcHBzMDAlMkZTaGFyZWQlMjBEb2N1bWVudHMiIFJlY29yZGVkVmFsdWU9IiUyRkFwcHMwMCUyRlNoYXJlZCUyMERvY3VtZW50cyIgQ29ycmVsYXRpb25CaW5kaW5nPSIiIFVybEVuY29kZT0iRmFsc2UiIFVzZVRvR3JvdXBSZXN1bHRzPSJGYWxzZSIgLz4NCiAgICAgICAgPFF1ZXJ5U3RyaW5nUGFyYW1ldGVyIE5hbWU9IklzRGxnIiBWYWx1ZT0iMSIgUmVjb3JkZWRWYWx1ZT0iMSIgQ29ycmVsYXRpb25CaW5kaW5nPSJ7e1F1ZXJ5U3RyaW5nUGFyYW00LklzRGxnfX0iIFVybEVuY29kZT0iRmFsc2UiIFVzZVRvR3JvdXBSZXN1bHRzPSJGYWxzZSIgLz4NCiAgICAgIDwvUXVlcnlTdHJpbmdQYXJhbWV0ZXJzPg0KICAgIDwvUmVxdWVzdD4NCiAgICA8UmVxdWVzdCBNZXRob2Q9IkdFVCIgR3VpZD0iZTEwNmU5NTUtODNhMi00ZGJmLThmZjQtNzI2MzE0N2E4OTc3IiBWZXJzaW9uPSIxLjEiIFVybD0iaHR0cHM6Ly9zcC5jb3JkaXNzb2x1dGlvbnMuY29tL19sYXlvdXRzLzE1L2ltYWdlcy9ibGFuay5naWYiIFRoaW5rVGltZT0iMCIgVGltZW91dD0iMzAwIiBQYXJzZURlcGVuZGVudFJlcXVlc3RzPSJUcnVlIiBGb2xsb3dSZWRpcmVjdHM9IlRydWUiIFJlY29yZFJlc3VsdD0iVHJ1ZSIgQ2FjaGU9IkZhbHNlIiBSZXNwb25zZVRpbWVHb2FsPSIwIiBFbmNvZGluZz0idXRmLTgiIEV4cGVjdGVkSHR0cFN0YXR1c0NvZGU9IjAiIEV4cGVjdGVkUmVzcG9uc2VVcmw9IiIgUmVwb3J0aW5nTmFtZT0iIiBJZ25vcmVIdHRwU3RhdHVzQ29kZT0iRmFsc2UiPg0KICAgICAgPEhlYWRlcnM+DQogICAgICAgIDxIZWFkZXIgTmFtZT0iUmVmZXJlciIgVmFsdWU9Imh0dHBzOi8vc3AuY29yZGlzc29sdXRpb25zLmNvbS9BcHBzMDAvU2hhcmVkJTIwRG9jdW1lbnRzL0Zvcm1zL0VkaXRGb3JtLmFzcHg/TW9kZT1VcGxvYWQmYW1wO0NoZWNrSW5Db21tZW50PSZhbXA7SUQ9MzQ1OCZhbXA7Um9vdEZvbGRlcj0lMkZBcHBzMDAlMkZTaGFyZWQlMjBEb2N1bWVudHMmYW1wO0lzRGxnPTEiIC8+DQogICAgICA8L0hlYWRlcnM+DQogICAgPC9SZXF1ZXN0Pg0KICA8L0l0ZW1zPg0KICA8VmFsaWRhdGlvblJ1bGVzPg0KICAgIDxWYWxpZGF0aW9uUnVsZSBDbGFzc25hbWU9Ik1pY3Jvc29mdC5WaXN1YWxTdHVkaW8uVGVzdFRvb2xzLldlYlRlc3RpbmcuUnVsZXMuVmFsaWRhdGVSZXNwb25zZVVybCwgTWljcm9zb2Z0LlZpc3VhbFN0dWRpby5RdWFsaXR5VG9vbHMuV2ViVGVzdEZyYW1ld29yaywgVmVyc2lvbj0xMC4wLjAuMCwgQ3VsdHVyZT1uZXV0cmFsLCBQdWJsaWNLZXlUb2tlbj1iMDNmNWY3ZjExZDUwYTNhIiBEaXNwbGF5TmFtZT0iUmVzcG9uc2UgVVJMIiBEZXNjcmlwdGlvbj0iVmFsaWRhdGVzIHRoYXQgdGhlIHJlc3BvbnNlIFVSTCBhZnRlciByZWRpcmVjdHMgYXJlIGZvbGxvd2VkIGlzIHRoZSBzYW1lIGFzIHRoZSByZWNvcmRlZCByZXNwb25zZSBVUkwuICBRdWVyeVN0cmluZyBwYXJhbWV0ZXJzIGFyZSBpZ25vcmVkLiIgTGV2ZWw9IkxvdyIgRXhlY3R1aW9uT3JkZXI9IkJlZm9yZURlcGVuZGVudHMiIC8+DQogICAgPFZhbGlkYXRpb25SdWxlIENsYXNzbmFtZT0iTWljcm9zb2Z0LlZpc3VhbFN0dWRpby5UZXN0VG9vbHMuV2ViVGVzdGluZy5SdWxlcy5WYWxpZGF0aW9uUnVsZVJlc3BvbnNlVGltZUdvYWwsIE1pY3Jvc29mdC5WaXN1YWxTdHVkaW8uUXVhbGl0eVRvb2xzLldlYlRlc3RGcmFtZXdvcmssIFZlcnNpb249MTAuMC4wLjAsIEN1bHR1cmU9bmV1dHJhbCwgUHVibGljS2V5VG9rZW49YjAzZjVmN2YxMWQ1MGEzYSIgRGlzcGxheU5hbWU9IlJlc3BvbnNlIFRpbWUgR29hbCIgRGVzY3JpcHRpb249IlZhbGlkYXRlcyB0aGF0IHRoZSByZXNwb25zZSB0aW1lIGZvciB0aGUgcmVxdWVzdCBpcyBsZXNzIHRoYW4gb3IgZXF1YWwgdG8gdGhlIHJlc3BvbnNlIHRpbWUgZ29hbCBhcyBzcGVjaWZpZWQgb24gdGhlIHJlcXVlc3QuICBSZXNwb25zZSB0aW1lIGdvYWxzIG9mIHplcm8gd2lsbCBiZSBpZ25vcmVkLiIgTGV2ZWw9IkxvdyIgRXhlY3R1aW9uT3JkZXI9IkFmdGVyRGVwZW5kZW50cyI+DQogICAgICA8UnVsZVBhcmFtZXRlcnM+DQogICAgICAgIDxSdWxlUGFyYW1ldGVyIE5hbWU9IlRvbGVyYW5jZSIgVmFsdWU9IjAiIC8+DQogICAgICA8L1J1bGVQYXJhbWV0ZXJzPg0KICAgIDwvVmFsaWRhdGlvblJ1bGU+DQogIDwvVmFsaWRhdGlvblJ1bGVzPg0KPC9XZWJUZXN0Pg==">
      <Execution id="cafd83a0-9878-4759-8f13-d14d1b75ca5b" />
    </WebTest>
  </TestDefinitions>
  <TestLists>
    <TestList name="Results Not in a List" id="8c84fa94-04c1-424b-9868-57a2d4851a1d" />
    <TestList name="All Loaded Results" id="19431567-8539-422a-85d7-44ee4e166bda" />
  </TestLists>
  <TestEntries>
    <TestEntry isTransparent="false" testId="d2d8123a-ec8e-4a09-8e27-68c936a58d70" executionId="cafd83a0-9878-4759-8f13-d14d1b75ca5b" testListId="8c84fa94-04c1-424b-9868-57a2d4851a1d" />
  </TestEntries>
  <Results>
    <WebTestResult executionId="cafd83a0-9878-4759-8f13-d14d1b75ca5b" testId="d2d8123a-ec8e-4a09-8e27-68c936a58d70" testName="WebTest3" computerName="CS02" duration="00:00:01.7098995" startTime="2018-06-13T12:58:36.3372757+01:00" endTime="2018-06-13T12:58:48.7580216+01:00" testType="4e7599fa-5ecb-43e9-a887-cd63cf72d207" outcome="Failed" testListId="8c84fa94-04c1-424b-9868-57a2d4851a1d" relativeResultsDirectory="cafd83a0-9878-4759-8f13-d14d1b75ca5b">
      <Output>
        <ErrorInfo>
          <Message>1 primary requests, 0 dependant requests and 0 conditional rules failed</Message>
        </ErrorInfo>
      </Output>
      <ResultFiles>
        <ResultFile path="WebTest3.webtestResult" />
      </ResultFiles>
      <TestSettings name="Local" id="879f9405-1edd-43f5-90cf-576a7ef84ea2">
        <Description>These are default test settings for a local test run.</Description>
        <Execution hostProcessPlatform="MSIL">
          <TestTypeSpecific>
            <WebTestRunConfiguration testTypeId="4e7599fa-5ecb-43e9-a887-cd63cf72d207">
              <Browser name="Internet Explorer 9.0" MaxConnections="6">
                <Headers>
                  <Header name="User-Agent" value="Mozilla/5.0 (compatible; MSIE 9.0; Windows NT 6.1; Trident/5.0)" />
                  <Header name="Accept" value="*/*" />
                  <Header name="Accept-Language" value="{{$IEAcceptLanguage}}" />
                  <Header name="Accept-Encoding" value="GZIP" />
                </Headers>
              </Browser>
            </WebTestRunConfiguration>
          </TestTypeSpecific>
          <AgentRule name="Execution Agents">
          </AgentRule>
        </Execution>
        <Deployment runDeploymentRoot="SPAdmin_CS02 2018-06-13 12_58_35" />
        <Properties>
          <Property name="TestSettingsUIType" value="LoadTest" />
        </Properties>
      </TestSettings>
      <WebTestResultFilePath>SPAdmin_CS02 2018-06-13 12_58_35\In\cafd83a0-9878-4759-8f13-d14d1b75ca5b\WebTest3.webtestResult</WebTestResultFilePath>
    </WebTestResult>
  </Results>
</TestRun>