<?xml version="1.0" encoding="UTF-8"?>
<TestRun id="804a3f8c-f241-4fb4-bb59-6e3ba9f3c7be" name="SPAdmin@CS02 2018-06-13 13:25:46" runUser="CS\SPAdmin" xmlns="http://microsoft.com/schemas/VisualStudio/TeamTest/2010">
  <TestSettings name="Local" id="879f9405-1edd-43f5-90cf-576a7ef84ea2">
    <Description>These are default test settings for a local test run.</Description>
    <Deployment runDeploymentRoot="SPAdmin_CS02 2018-06-13 13_25_46">
      <DeploymentItem filename="SPLoadTesting\File for the version 3.xlsx" />
      <DeploymentItem filename="SPLoadTesting\File for the version 1.xlsx" />
      <DeploymentItem filename="SPLoadTesting\File for the version 2.xlsx" />
    </Deployment>
    <Execution hostProcessPlatform="MSIL">
      <TestTypeSpecific>
        <UnitTestRunConfig testTypeId="13cdc9d9-ddb5-4fa4-a97d-d965ccfc6d4b">
          <AssemblyResolution>
            <TestDirectory useLoadContext="true" />
          </AssemblyResolution>
        </UnitTestRunConfig>
        <WebTestRunConfiguration testTypeId="4e7599fa-5ecb-43e9-a887-cd63cf72d207">
          <Browser name="Internet Explorer 9.0" MaxConnections="6">
            <Headers>
              <Header name="User-Agent" value="Mozilla/5.0 (compatible; MSIE 9.0; Windows NT 6.1; Trident/5.0)" />
              <Header name="Accept" value="*/*" />
              <Header name="Accept-Language" value="{{$IEAcceptLanguage}}" />
              <Header name="Accept-Encoding" value="GZIP" />
            </Headers>
          </Browser>
        </WebTestRunConfiguration>
      </TestTypeSpecific>
      <AgentRule name="LocalMachineDefaultRole">
      </AgentRule>
    </Execution>
    <Properties>
      <Property name="TestSettingsUIType" value="LoadTest" />
    </Properties>
  </TestSettings>
  <Times creation="2018-06-13T13:25:46.3307139+01:00" queuing="2018-06-13T13:25:46.7826851+01:00" start="2018-06-13T13:25:47.0306859+01:00" finish="2018-06-13T13:26:22.3099916+01:00" />
  <ResultSummary outcome="Failed">
    <Counters total="1" executed="1" error="0" failed="1" timeout="0" aborted="0" inconclusive="0" passedButRunAborted="0" notRunnable="0" notExecuted="0" disconnected="0" warning="0" passed="0" completed="0" inProgress="0" pending="0" />
  </ResultSummary>
  <TestDefinitions>
    <WebTest name="WebTest1" storage="c:\users\spadmin\source\repos\sploadtesting\sploadtesting\webtest1.webtest" id="72e94015-d169-4fde-a50c-c971e427402e" persistedWebTest="77u/PD94bWwgdmVyc2lvbj0iMS4wIiBlbmNvZGluZz0iVVRGLTgiIHN0YW5kYWxvbmU9InllcyI/Pg0KPFdlYlRlc3QgTmFtZT0iV2ViVGVzdDEiIElkPSI3MmU5NDAxNS1kMTY5LTRmZGUtYTUwYy1jOTcxZTQyNzQwMmUiIE93bmVyPSIiIFByaW9yaXR5PSIyMTQ3NDgzNjQ3IiBFbmFibGVkPSJUcnVlIiBDc3NQcm9qZWN0U3RydWN0dXJlPSIiIENzc0l0ZXJhdGlvbj0iIiBUaW1lb3V0PSIwIiBXb3JrSXRlbUlkcz0iIiB4bWxucz0iaHR0cDovL21pY3Jvc29mdC5jb20vc2NoZW1hcy9WaXN1YWxTdHVkaW8vVGVhbVRlc3QvMjAxMCIgRGVzY3JpcHRpb249IiIgQ3JlZGVudGlhbFVzZXJOYW1lPSIiIENyZWRlbnRpYWxQYXNzd29yZD0iIiBQcmVBdXRoZW50aWNhdGU9IlRydWUiIFByb3h5PSJkZWZhdWx0IiBTdG9wT25FcnJvcj0iRmFsc2UiIFJlY29yZGVkUmVzdWx0RmlsZT0iV2ViVGVzdDEuNGZhZjBhNTYtZGJkYy00NTE4LThlOWEtNjVhMzFjY2EyNjRjLnJlYy53ZWJ0ZXN0cmVzdWx0IiBSZXN1bHRzTG9jYWxlPSIiPg0KICA8SXRlbXM+DQogICAgPFJlcXVlc3QgTWV0aG9kPSJHRVQiIEd1aWQ9ImRjYmY5NWJmLTljMmQtNDVhZi04YmM2LWQ4N2I2YTI2MjdlYSIgVmVyc2lvbj0iMS4xIiBVcmw9Imh0dHBzOi8vc3AuY29yZGlzc29sdXRpb25zLmNvbS8iIFRoaW5rVGltZT0iMCIgVGltZW91dD0iMzAwIiBQYXJzZURlcGVuZGVudFJlcXVlc3RzPSJUcnVlIiBGb2xsb3dSZWRpcmVjdHM9IlRydWUiIFJlY29yZFJlc3VsdD0iVHJ1ZSIgQ2FjaGU9IkZhbHNlIiBSZXNwb25zZVRpbWVHb2FsPSIwIiBFbmNvZGluZz0idXRmLTgiIEV4cGVjdGVkSHR0cFN0YXR1c0NvZGU9IjAiIEV4cGVjdGVkUmVzcG9uc2VVcmw9Imh0dHBzOi8vc3AuY29yZGlzc29sdXRpb25zLmNvbS9QYWdlcy9ob21lLmFzcHgiIFJlcG9ydGluZ05hbWU9IiIgSWdub3JlSHR0cFN0YXR1c0NvZGU9IkZhbHNlIj4NCiAgICAgIDxEZXBlbmRlbnRSZXF1ZXN0cz4NCiAgICAgICAgPFJlcXVlc3QgTWV0aG9kPSJHRVQiIEd1aWQ9IjkwODczMmIwLTQ0MzEtNGMxOS05YzhlLTZjZGFiYzM3NDAzOCIgVmVyc2lvbj0iMS4xIiBVcmw9Imh0dHBzOi8vc3AuY29yZGlzc29sdXRpb25zLmNvbS9fYXBpL01pY3Jvc29mdC5TaGFyZVBvaW50LlBvcnRhbC5TdWl0ZU5hdkRhdGEuR2V0U3VpdGVOYXZEYXRhIiBUaGlua1RpbWU9IjAiIFRpbWVvdXQ9IjMwMCIgUGFyc2VEZXBlbmRlbnRSZXF1ZXN0cz0iVHJ1ZSIgRm9sbG93UmVkaXJlY3RzPSJUcnVlIiBSZWNvcmRSZXN1bHQ9IlRydWUiIENhY2hlPSJGYWxzZSIgUmVzcG9uc2VUaW1lR29hbD0iMCIgRW5jb2Rpbmc9InV0Zi04IiBFeHBlY3RlZEh0dHBTdGF0dXNDb2RlPSIwIiBFeHBlY3RlZFJlc3BvbnNlVXJsPSIiIFJlcG9ydGluZ05hbWU9IiIgSWdub3JlSHR0cFN0YXR1c0NvZGU9IkZhbHNlIj4NCiAgICAgICAgICA8SGVhZGVycz4NCiAgICAgICAgICAgIDxIZWFkZXIgTmFtZT0iQ29udGVudC1UeXBlIiBWYWx1ZT0iYXBwbGljYXRpb24veC13d3ctZm9ybS11cmxlbmNvZGVkIiAvPg0KICAgICAgICAgICAgPEhlYWRlciBOYW1lPSJBQ0NFUFQiIFZhbHVlPSJhcHBsaWNhdGlvbi9qc29uOyBvZGF0YSA9IHZlcmJvc2UiIC8+DQogICAgICAgICAgICA8SGVhZGVyIE5hbWU9IlJlZmVyZXIiIFZhbHVlPSJodHRwczovL3NwLmNvcmRpc3NvbHV0aW9ucy5jb20vUGFnZXMvaG9tZS5hc3B4IiAvPg0KICAgICAgICAgIDwvSGVhZGVycz4NCiAgICAgICAgICA8UXVlcnlTdHJpbmdQYXJhbWV0ZXJzPg0KICAgICAgICAgICAgPFF1ZXJ5U3RyaW5nUGFyYW1ldGVyIE5hbWU9InYiIFZhbHVlPSIyIiBSZWNvcmRlZFZhbHVlPSIyIiBDb3JyZWxhdGlvbkJpbmRpbmc9IiIgVXJsRW5jb2RlPSJGYWxzZSIgVXNlVG9Hcm91cFJlc3VsdHM9IkZhbHNlIiAvPg0KICAgICAgICAgICAgPFF1ZXJ5U3RyaW5nUGFyYW1ldGVyIE5hbWU9IkxvY2FsZSIgVmFsdWU9ImVuLVVTIiBSZWNvcmRlZFZhbHVlPSJlbi1VUyIgQ29ycmVsYXRpb25CaW5kaW5nPSIiIFVybEVuY29kZT0iRmFsc2UiIFVzZVRvR3JvdXBSZXN1bHRzPSJGYWxzZSIgLz4NCiAgICAgICAgICA8L1F1ZXJ5U3RyaW5nUGFyYW1ldGVycz4NCiAgICAgICAgICA8Rm9ybVBvc3RIdHRwQm9keSAvPg0KICAgICAgICA8L1JlcXVlc3Q+DQogICAgICAgIDxSZXF1ZXN0IE1ldGhvZD0iR0VUIiBHdWlkPSI4MTIyYjgyOS0xZTMzLTQ1NWYtYWQ3Ny1kZWM5Yzc0Y2QyMDIiIFZlcnNpb249IjEuMSIgVXJsPSJodHRwczovL3NwLmNvcmRpc3NvbHV0aW9ucy5jb20vX2xheW91dHMvMTUvZm9udHMvc2hlbGxpY29ucy5lb3QiIFRoaW5rVGltZT0iNCIgVGltZW91dD0iMzAwIiBQYXJzZURlcGVuZGVudFJlcXVlc3RzPSJUcnVlIiBGb2xsb3dSZWRpcmVjdHM9IlRydWUiIFJlY29yZFJlc3VsdD0iVHJ1ZSIgQ2FjaGU9IkZhbHNlIiBSZXNwb25zZVRpbWVHb2FsPSIwIiBFbmNvZGluZz0idXRmLTgiIEV4cGVjdGVkSHR0cFN0YXR1c0NvZGU9IjAiIEV4cGVjdGVkUmVzcG9uc2VVcmw9IiIgUmVwb3J0aW5nTmFtZT0iIiBJZ25vcmVIdHRwU3RhdHVzQ29kZT0iRmFsc2UiPg0KICAgICAgICAgIDxIZWFkZXJzPg0KICAgICAgICAgICAgPEhlYWRlciBOYW1lPSJSZWZlcmVyIiBWYWx1ZT0iaHR0cHM6Ly9zcC5jb3JkaXNzb2x1dGlvbnMuY29tL1BhZ2VzL2hvbWUuYXNweCIgLz4NCiAgICAgICAgICA8L0hlYWRlcnM+DQogICAgICAgICAgPFF1ZXJ5U3RyaW5nUGFyYW1ldGVycz4NCiAgICAgICAgICAgIDxRdWVyeVN0cmluZ1BhcmFtZXRlciBOYW1lPSIiIFZhbHVlPSIiIFJlY29yZGVkVmFsdWU9IiIgQ29ycmVsYXRpb25CaW5kaW5nPSIiIFVybEVuY29kZT0iRmFsc2UiIFVzZVRvR3JvdXBSZXN1bHRzPSJGYWxzZSIgLz4NCiAgICAgICAgICA8L1F1ZXJ5U3RyaW5nUGFyYW1ldGVycz4NCiAgICAgICAgPC9SZXF1ZXN0Pg0KICAgICAgPC9EZXBlbmRlbnRSZXF1ZXN0cz4NCiAgICA8L1JlcXVlc3Q+DQogICAgPFJlcXVlc3QgTWV0aG9kPSJHRVQiIEd1aWQ9IjhkMjEzNTIwLTViZWQtNGIxMC1hMjI4LTdkZDdjODI4ZjM0NiIgVmVyc2lvbj0iMS4xIiBVcmw9Imh0dHBzOi8vc3AuY29yZGlzc29sdXRpb25zLmNvbS9saWJyYXJ5IiBUaGlua1RpbWU9IjAiIFRpbWVvdXQ9IjMwMCIgUGFyc2VEZXBlbmRlbnRSZXF1ZXN0cz0iVHJ1ZSIgRm9sbG93UmVkaXJlY3RzPSJUcnVlIiBSZWNvcmRSZXN1bHQ9IlRydWUiIENhY2hlPSJGYWxzZSIgUmVzcG9uc2VUaW1lR29hbD0iMCIgRW5jb2Rpbmc9InV0Zi04IiBFeHBlY3RlZEh0dHBTdGF0dXNDb2RlPSIwIiBFeHBlY3RlZFJlc3BvbnNlVXJsPSJodHRwczovL3NwLmNvcmRpc3NvbHV0aW9ucy5jb20vbGlicmFyeS9QYWdlcy9EZWZhdWx0LmFzcHgiIFJlcG9ydGluZ05hbWU9IiIgSWdub3JlSHR0cFN0YXR1c0NvZGU9IkZhbHNlIj4NCiAgICAgIDxEZXBlbmRlbnRSZXF1ZXN0cz4NCiAgICAgICAgPFJlcXVlc3QgTWV0aG9kPSJHRVQiIEd1aWQ9IjZhMmFhYjIxLTVhMGEtNDIxZS1iZDVlLTg0MjI2ZDM1MDU4OSIgVmVyc2lvbj0iMS4xIiBVcmw9Imh0dHBzOi8vc3AuY29yZGlzc29sdXRpb25zLmNvbS9fbGF5b3V0cy8xNS9mb250cy9zaGVsbGljb25zLmVvdCIgVGhpbmtUaW1lPSIxIiBUaW1lb3V0PSIzMDAiIFBhcnNlRGVwZW5kZW50UmVxdWVzdHM9IlRydWUiIEZvbGxvd1JlZGlyZWN0cz0iVHJ1ZSIgUmVjb3JkUmVzdWx0PSJUcnVlIiBDYWNoZT0iRmFsc2UiIFJlc3BvbnNlVGltZUdvYWw9IjAiIEVuY29kaW5nPSJ1dGYtOCIgRXhwZWN0ZWRIdHRwU3RhdHVzQ29kZT0iMCIgRXhwZWN0ZWRSZXNwb25zZVVybD0iIiBSZXBvcnRpbmdOYW1lPSIiIElnbm9yZUh0dHBTdGF0dXNDb2RlPSJGYWxzZSI+DQogICAgICAgICAgPEhlYWRlcnM+DQogICAgICAgICAgICA8SGVhZGVyIE5hbWU9IlJlZmVyZXIiIFZhbHVlPSJodHRwczovL3NwLmNvcmRpc3NvbHV0aW9ucy5jb20vbGlicmFyeS9QYWdlcy9EZWZhdWx0LmFzcHgiIC8+DQogICAgICAgICAgPC9IZWFkZXJzPg0KICAgICAgICAgIDxRdWVyeVN0cmluZ1BhcmFtZXRlcnM+DQogICAgICAgICAgICA8UXVlcnlTdHJpbmdQYXJhbWV0ZXIgTmFtZT0iIiBWYWx1ZT0iIiBSZWNvcmRlZFZhbHVlPSIiIENvcnJlbGF0aW9uQmluZGluZz0iIiBVcmxFbmNvZGU9IkZhbHNlIiBVc2VUb0dyb3VwUmVzdWx0cz0iRmFsc2UiIC8+DQogICAgICAgICAgPC9RdWVyeVN0cmluZ1BhcmFtZXRlcnM+DQogICAgICAgIDwvUmVxdWVzdD4NCiAgICAgIDwvRGVwZW5kZW50UmVxdWVzdHM+DQogICAgICA8SGVhZGVycz4NCiAgICAgICAgPEhlYWRlciBOYW1lPSJSZWZlcmVyIiBWYWx1ZT0iaHR0cHM6Ly9zcC5jb3JkaXNzb2x1dGlvbnMuY29tL1BhZ2VzL2hvbWUuYXNweCIgLz4NCiAgICAgIDwvSGVhZGVycz4NCiAgICA8L1JlcXVlc3Q+DQogICAgPFJlcXVlc3QgTWV0aG9kPSJHRVQiIEd1aWQ9ImRjMzFkYzg1LTQ4M2EtNDExZS1hN2YzLThiNDBmODg5YmM4MiIgVmVyc2lvbj0iMS4xIiBVcmw9Imh0dHBzOi8vc3AuY29yZGlzc29sdXRpb25zLmNvbS9IUiIgVGhpbmtUaW1lPSIwIiBUaW1lb3V0PSIzMDAiIFBhcnNlRGVwZW5kZW50UmVxdWVzdHM9IlRydWUiIEZvbGxvd1JlZGlyZWN0cz0iVHJ1ZSIgUmVjb3JkUmVzdWx0PSJUcnVlIiBDYWNoZT0iRmFsc2UiIFJlc3BvbnNlVGltZUdvYWw9IjAiIEVuY29kaW5nPSJ1dGYtOCIgRXhwZWN0ZWRIdHRwU3RhdHVzQ29kZT0iMCIgRXhwZWN0ZWRSZXNwb25zZVVybD0iaHR0cHM6Ly9zcC5jb3JkaXNzb2x1dGlvbnMuY29tL0hSL1BhZ2VzL2RlZmF1bHQuYXNweCIgUmVwb3J0aW5nTmFtZT0iIiBJZ25vcmVIdHRwU3RhdHVzQ29kZT0iRmFsc2UiPg0KICAgICAgPERlcGVuZGVudFJlcXVlc3RzPg0KICAgICAgICA8UmVxdWVzdCBNZXRob2Q9IkdFVCIgR3VpZD0iYzk4MjUyMmMtZmFhNC00OGFmLWEzM2UtNDE3ZGM3OWM1NjkwIiBWZXJzaW9uPSIxLjEiIFVybD0iaHR0cHM6Ly9zcC5jb3JkaXNzb2x1dGlvbnMuY29tL19sYXlvdXRzLzE1L2ZvbnRzL3NoZWxsaWNvbnMuZW90IiBUaGlua1RpbWU9IjEiIFRpbWVvdXQ9IjMwMCIgUGFyc2VEZXBlbmRlbnRSZXF1ZXN0cz0iVHJ1ZSIgRm9sbG93UmVkaXJlY3RzPSJUcnVlIiBSZWNvcmRSZXN1bHQ9IlRydWUiIENhY2hlPSJGYWxzZSIgUmVzcG9uc2VUaW1lR29hbD0iMCIgRW5jb2Rpbmc9InV0Zi04IiBFeHBlY3RlZEh0dHBTdGF0dXNDb2RlPSIwIiBFeHBlY3RlZFJlc3BvbnNlVXJsPSIiIFJlcG9ydGluZ05hbWU9IiIgSWdub3JlSHR0cFN0YXR1c0NvZGU9IkZhbHNlIj4NCiAgICAgICAgICA8SGVhZGVycz4NCiAgICAgICAgICAgIDxIZWFkZXIgTmFtZT0iUmVmZXJlciIgVmFsdWU9Imh0dHBzOi8vc3AuY29yZGlzc29sdXRpb25zLmNvbS9IUi9QYWdlcy9kZWZhdWx0LmFzcHgiIC8+DQogICAgICAgICAgPC9IZWFkZXJzPg0KICAgICAgICAgIDxRdWVyeVN0cmluZ1BhcmFtZXRlcnM+DQogICAgICAgICAgICA8UXVlcnlTdHJpbmdQYXJhbWV0ZXIgTmFtZT0iIiBWYWx1ZT0iIiBSZWNvcmRlZFZhbHVlPSIiIENvcnJlbGF0aW9uQmluZGluZz0iIiBVcmxFbmNvZGU9IkZhbHNlIiBVc2VUb0dyb3VwUmVzdWx0cz0iRmFsc2UiIC8+DQogICAgICAgICAgPC9RdWVyeVN0cmluZ1BhcmFtZXRlcnM+DQogICAgICAgIDwvUmVxdWVzdD4NCiAgICAgIDwvRGVwZW5kZW50UmVxdWVzdHM+DQogICAgICA8SGVhZGVycz4NCiAgICAgICAgPEhlYWRlciBOYW1lPSJSZWZlcmVyIiBWYWx1ZT0iaHR0cHM6Ly9zcC5jb3JkaXNzb2x1dGlvbnMuY29tL2xpYnJhcnkvUGFnZXMvRGVmYXVsdC5hc3B4IiAvPg0KICAgICAgPC9IZWFkZXJzPg0KICAgIDwvUmVxdWVzdD4NCiAgICA8UmVxdWVzdCBNZXRob2Q9IkdFVCIgR3VpZD0iN2Y5OTM0MGYtMmE3Zi00OTgzLThlZjUtYzNjMTE2YmY4MjdkIiBWZXJzaW9uPSIxLjEiIFVybD0iaHR0cHM6Ly9zcC5jb3JkaXNzb2x1dGlvbnMuY29tL0FwcHMwMCIgVGhpbmtUaW1lPSIwIiBUaW1lb3V0PSIzMDAiIFBhcnNlRGVwZW5kZW50UmVxdWVzdHM9IlRydWUiIEZvbGxvd1JlZGlyZWN0cz0iVHJ1ZSIgUmVjb3JkUmVzdWx0PSJUcnVlIiBDYWNoZT0iRmFsc2UiIFJlc3BvbnNlVGltZUdvYWw9IjAiIEVuY29kaW5nPSJ1dGYtOCIgRXhwZWN0ZWRIdHRwU3RhdHVzQ29kZT0iMCIgRXhwZWN0ZWRSZXNwb25zZVVybD0iaHR0cHM6Ly9zcC5jb3JkaXNzb2x1dGlvbnMuY29tL0FwcHMwMC9QYWdlcy9EZWZhdWx0LmFzcHgiIFJlcG9ydGluZ05hbWU9IiIgSWdub3JlSHR0cFN0YXR1c0NvZGU9IkZhbHNlIj4NCiAgICAgIDxEZXBlbmRlbnRSZXF1ZXN0cz4NCiAgICAgICAgPFJlcXVlc3QgTWV0aG9kPSJHRVQiIEd1aWQ9ImNmNDhmNDdmLWJjZTktNDhmMi04MTJkLTU4MmUxZWRiNTM4ZSIgVmVyc2lvbj0iMS4xIiBVcmw9Imh0dHBzOi8vc3AuY29yZGlzc29sdXRpb25zLmNvbS9fbGF5b3V0cy8xNS9mb250cy9zaGVsbGljb25zLmVvdCIgVGhpbmtUaW1lPSIyIiBUaW1lb3V0PSIzMDAiIFBhcnNlRGVwZW5kZW50UmVxdWVzdHM9IlRydWUiIEZvbGxvd1JlZGlyZWN0cz0iVHJ1ZSIgUmVjb3JkUmVzdWx0PSJUcnVlIiBDYWNoZT0iRmFsc2UiIFJlc3BvbnNlVGltZUdvYWw9IjAiIEVuY29kaW5nPSJ1dGYtOCIgRXhwZWN0ZWRIdHRwU3RhdHVzQ29kZT0iMCIgRXhwZWN0ZWRSZXNwb25zZVVybD0iIiBSZXBvcnRpbmdOYW1lPSIiIElnbm9yZUh0dHBTdGF0dXNDb2RlPSJGYWxzZSI+DQogICAgICAgICAgPEhlYWRlcnM+DQogICAgICAgICAgICA8SGVhZGVyIE5hbWU9IlJlZmVyZXIiIFZhbHVlPSJodHRwczovL3NwLmNvcmRpc3NvbHV0aW9ucy5jb20vQXBwczAwL1BhZ2VzL0RlZmF1bHQuYXNweCIgLz4NCiAgICAgICAgICA8L0hlYWRlcnM+DQogICAgICAgICAgPFF1ZXJ5U3RyaW5nUGFyYW1ldGVycz4NCiAgICAgICAgICAgIDxRdWVyeVN0cmluZ1BhcmFtZXRlciBOYW1lPSIiIFZhbHVlPSIiIFJlY29yZGVkVmFsdWU9IiIgQ29ycmVsYXRpb25CaW5kaW5nPSIiIFVybEVuY29kZT0iRmFsc2UiIFVzZVRvR3JvdXBSZXN1bHRzPSJGYWxzZSIgLz4NCiAgICAgICAgICA8L1F1ZXJ5U3RyaW5nUGFyYW1ldGVycz4NCiAgICAgICAgPC9SZXF1ZXN0Pg0KICAgICAgPC9EZXBlbmRlbnRSZXF1ZXN0cz4NCiAgICAgIDxIZWFkZXJzPg0KICAgICAgICA8SGVhZGVyIE5hbWU9IlJlZmVyZXIiIFZhbHVlPSJodHRwczovL3NwLmNvcmRpc3NvbHV0aW9ucy5jb20vSFIvUGFnZXMvZGVmYXVsdC5hc3B4IiAvPg0KICAgICAgPC9IZWFkZXJzPg0KICAgIDwvUmVxdWVzdD4NCiAgICA8UmVxdWVzdCBNZXRob2Q9IkdFVCIgR3VpZD0iZWVjNmM3MmQtMGEzZi00MjZhLWI2NzAtMGVkOWY3OWI5MDhlIiBWZXJzaW9uPSIxLjEiIFVybD0iaHR0cHM6Ly9zcC5jb3JkaXNzb2x1dGlvbnMuY29tL3Byb2RlbDAxIiBUaGlua1RpbWU9IjAiIFRpbWVvdXQ9IjMwMCIgUGFyc2VEZXBlbmRlbnRSZXF1ZXN0cz0iVHJ1ZSIgRm9sbG93UmVkaXJlY3RzPSJUcnVlIiBSZWNvcmRSZXN1bHQ9IlRydWUiIENhY2hlPSJGYWxzZSIgUmVzcG9uc2VUaW1lR29hbD0iMCIgRW5jb2Rpbmc9InV0Zi04IiBFeHBlY3RlZEh0dHBTdGF0dXNDb2RlPSIwIiBFeHBlY3RlZFJlc3BvbnNlVXJsPSJodHRwczovL3NwLmNvcmRpc3NvbHV0aW9ucy5jb20vcHJvZGVsMDEvUGFnZXMvRGVmYXVsdC5hc3B4IiBSZXBvcnRpbmdOYW1lPSIiIElnbm9yZUh0dHBTdGF0dXNDb2RlPSJGYWxzZSI+DQogICAgICA8RGVwZW5kZW50UmVxdWVzdHM+DQogICAgICAgIDxSZXF1ZXN0IE1ldGhvZD0iR0VUIiBHdWlkPSI1ZWJhNThiOC04YjI5LTQzNWEtYjc5NS1iYzQwMjBkMGI5N2MiIFZlcnNpb249IjEuMSIgVXJsPSJodHRwczovL3NwLmNvcmRpc3NvbHV0aW9ucy5jb20vX2xheW91dHMvMTUvZm9udHMvc2hlbGxpY29ucy5lb3QiIFRoaW5rVGltZT0iMSIgVGltZW91dD0iMzAwIiBQYXJzZURlcGVuZGVudFJlcXVlc3RzPSJUcnVlIiBGb2xsb3dSZWRpcmVjdHM9IlRydWUiIFJlY29yZFJlc3VsdD0iVHJ1ZSIgQ2FjaGU9IkZhbHNlIiBSZXNwb25zZVRpbWVHb2FsPSIwIiBFbmNvZGluZz0idXRmLTgiIEV4cGVjdGVkSHR0cFN0YXR1c0NvZGU9IjAiIEV4cGVjdGVkUmVzcG9uc2VVcmw9IiIgUmVwb3J0aW5nTmFtZT0iIiBJZ25vcmVIdHRwU3RhdHVzQ29kZT0iRmFsc2UiPg0KICAgICAgICAgIDxIZWFkZXJzPg0KICAgICAgICAgICAgPEhlYWRlciBOYW1lPSJSZWZlcmVyIiBWYWx1ZT0iaHR0cHM6Ly9zcC5jb3JkaXNzb2x1dGlvbnMuY29tL3Byb2RlbDAxL1BhZ2VzL0RlZmF1bHQuYXNweCIgLz4NCiAgICAgICAgICA8L0hlYWRlcnM+DQogICAgICAgICAgPFF1ZXJ5U3RyaW5nUGFyYW1ldGVycz4NCiAgICAgICAgICAgIDxRdWVyeVN0cmluZ1BhcmFtZXRlciBOYW1lPSIiIFZhbHVlPSIiIFJlY29yZGVkVmFsdWU9IiIgQ29ycmVsYXRpb25CaW5kaW5nPSIiIFVybEVuY29kZT0iRmFsc2UiIFVzZVRvR3JvdXBSZXN1bHRzPSJGYWxzZSIgLz4NCiAgICAgICAgICA8L1F1ZXJ5U3RyaW5nUGFyYW1ldGVycz4NCiAgICAgICAgPC9SZXF1ZXN0Pg0KICAgICAgPC9EZXBlbmRlbnRSZXF1ZXN0cz4NCiAgICAgIDxIZWFkZXJzPg0KICAgICAgICA8SGVhZGVyIE5hbWU9IlJlZmVyZXIiIFZhbHVlPSJodHRwczovL3NwLmNvcmRpc3NvbHV0aW9ucy5jb20vQXBwczAwL1BhZ2VzL0RlZmF1bHQuYXNweCIgLz4NCiAgICAgIDwvSGVhZGVycz4NCiAgICA8L1JlcXVlc3Q+DQogICAgPFJlcXVlc3QgTWV0aG9kPSJHRVQiIEd1aWQ9ImI1NWZjYWExLTk4MGUtNGJiYS04ZTIyLWExYjIxZmYyZDAxYyIgVmVyc2lvbj0iMS4xIiBVcmw9Imh0dHBzOi8vc3AuY29yZGlzc29sdXRpb25zLmNvbS9tYXJrZXRpbmcwMSIgVGhpbmtUaW1lPSIwIiBUaW1lb3V0PSIzMDAiIFBhcnNlRGVwZW5kZW50UmVxdWVzdHM9IlRydWUiIEZvbGxvd1JlZGlyZWN0cz0iVHJ1ZSIgUmVjb3JkUmVzdWx0PSJUcnVlIiBDYWNoZT0iRmFsc2UiIFJlc3BvbnNlVGltZUdvYWw9IjAiIEVuY29kaW5nPSJ1dGYtOCIgRXhwZWN0ZWRIdHRwU3RhdHVzQ29kZT0iMCIgRXhwZWN0ZWRSZXNwb25zZVVybD0iaHR0cHM6Ly9zcC5jb3JkaXNzb2x1dGlvbnMuY29tL21hcmtldGluZzAxL1BhZ2VzL0RlZmF1bHQuYXNweCIgUmVwb3J0aW5nTmFtZT0iIiBJZ25vcmVIdHRwU3RhdHVzQ29kZT0iRmFsc2UiPg0KICAgICAgPERlcGVuZGVudFJlcXVlc3RzPg0KICAgICAgICA8UmVxdWVzdCBNZXRob2Q9IkdFVCIgR3VpZD0iY2M2OTg5M2YtYzQ3MC00NTY3LTg3ZTUtMDE0MjYxMDk1MWYxIiBWZXJzaW9uPSIxLjEiIFVybD0iaHR0cHM6Ly9zcC5jb3JkaXNzb2x1dGlvbnMuY29tL19sYXlvdXRzLzE1L2ZvbnRzL3NoZWxsaWNvbnMuZW90IiBUaGlua1RpbWU9IjEiIFRpbWVvdXQ9IjMwMCIgUGFyc2VEZXBlbmRlbnRSZXF1ZXN0cz0iVHJ1ZSIgRm9sbG93UmVkaXJlY3RzPSJUcnVlIiBSZWNvcmRSZXN1bHQ9IlRydWUiIENhY2hlPSJGYWxzZSIgUmVzcG9uc2VUaW1lR29hbD0iMCIgRW5jb2Rpbmc9InV0Zi04IiBFeHBlY3RlZEh0dHBTdGF0dXNDb2RlPSIwIiBFeHBlY3RlZFJlc3BvbnNlVXJsPSIiIFJlcG9ydGluZ05hbWU9IiIgSWdub3JlSHR0cFN0YXR1c0NvZGU9IkZhbHNlIj4NCiAgICAgICAgICA8SGVhZGVycz4NCiAgICAgICAgICAgIDxIZWFkZXIgTmFtZT0iUmVmZXJlciIgVmFsdWU9Imh0dHBzOi8vc3AuY29yZGlzc29sdXRpb25zLmNvbS9tYXJrZXRpbmcwMS9QYWdlcy9EZWZhdWx0LmFzcHgiIC8+DQogICAgICAgICAgPC9IZWFkZXJzPg0KICAgICAgICAgIDxRdWVyeVN0cmluZ1BhcmFtZXRlcnM+DQogICAgICAgICAgICA8UXVlcnlTdHJpbmdQYXJhbWV0ZXIgTmFtZT0iIiBWYWx1ZT0iIiBSZWNvcmRlZFZhbHVlPSIiIENvcnJlbGF0aW9uQmluZGluZz0iIiBVcmxFbmNvZGU9IkZhbHNlIiBVc2VUb0dyb3VwUmVzdWx0cz0iRmFsc2UiIC8+DQogICAgICAgICAgPC9RdWVyeVN0cmluZ1BhcmFtZXRlcnM+DQogICAgICAgIDwvUmVxdWVzdD4NCiAgICAgIDwvRGVwZW5kZW50UmVxdWVzdHM+DQogICAgICA8SGVhZGVycz4NCiAgICAgICAgPEhlYWRlciBOYW1lPSJSZWZlcmVyIiBWYWx1ZT0iaHR0cHM6Ly9zcC5jb3JkaXNzb2x1dGlvbnMuY29tL3Byb2RlbDAxL1BhZ2VzL0RlZmF1bHQuYXNweCIgLz4NCiAgICAgIDwvSGVhZGVycz4NCiAgICA8L1JlcXVlc3Q+DQogICAgPFJlcXVlc3QgTWV0aG9kPSJHRVQiIEd1aWQ9IjBjODk5NjE5LTFlN2ItNDA2Yi04ZTA2LWQ4OGZjZWQ4ZTNiMCIgVmVyc2lvbj0iMS4xIiBVcmw9Imh0dHBzOi8vc3AuY29yZGlzc29sdXRpb25zLmNvbS9zdXBwb3J0IiBUaGlua1RpbWU9IjAiIFRpbWVvdXQ9IjMwMCIgUGFyc2VEZXBlbmRlbnRSZXF1ZXN0cz0iVHJ1ZSIgRm9sbG93UmVkaXJlY3RzPSJUcnVlIiBSZWNvcmRSZXN1bHQ9IlRydWUiIENhY2hlPSJGYWxzZSIgUmVzcG9uc2VUaW1lR29hbD0iMCIgRW5jb2Rpbmc9InV0Zi04IiBFeHBlY3RlZEh0dHBTdGF0dXNDb2RlPSIwIiBFeHBlY3RlZFJlc3BvbnNlVXJsPSJodHRwczovL3NwLmNvcmRpc3NvbHV0aW9ucy5jb20vc3VwcG9ydC9QYWdlcy9EZWZhdWx0LmFzcHgiIFJlcG9ydGluZ05hbWU9IiIgSWdub3JlSHR0cFN0YXR1c0NvZGU9IkZhbHNlIj4NCiAgICAgIDxIZWFkZXJzPg0KICAgICAgICA8SGVhZGVyIE5hbWU9IlJlZmVyZXIiIFZhbHVlPSJodHRwczovL3NwLmNvcmRpc3NvbHV0aW9ucy5jb20vbWFya2V0aW5nMDEvUGFnZXMvRGVmYXVsdC5hc3B4IiAvPg0KICAgICAgPC9IZWFkZXJzPg0KICAgIDwvUmVxdWVzdD4NCiAgICA8UmVxdWVzdCBNZXRob2Q9IkdFVCIgR3VpZD0iODlkOTg0MzItZjgwMC00ZDQwLWI0ZDktMTU4YjgwMDY0YTc3IiBWZXJzaW9uPSIxLjEiIFVybD0iaHR0cHM6Ly9zcC5jb3JkaXNzb2x1dGlvbnMuY29tL19sYXlvdXRzLzE1L2ZvbnRzL3NoZWxsaWNvbnMuZW90IiBUaGlua1RpbWU9IjEiIFRpbWVvdXQ9IjMwMCIgUGFyc2VEZXBlbmRlbnRSZXF1ZXN0cz0iVHJ1ZSIgRm9sbG93UmVkaXJlY3RzPSJUcnVlIiBSZWNvcmRSZXN1bHQ9IlRydWUiIENhY2hlPSJGYWxzZSIgUmVzcG9uc2VUaW1lR29hbD0iMCIgRW5jb2Rpbmc9InV0Zi04IiBFeHBlY3RlZEh0dHBTdGF0dXNDb2RlPSIwIiBFeHBlY3RlZFJlc3BvbnNlVXJsPSIiIFJlcG9ydGluZ05hbWU9IiIgSWdub3JlSHR0cFN0YXR1c0NvZGU9IkZhbHNlIj4NCiAgICAgIDxIZWFkZXJzPg0KICAgICAgICA8SGVhZGVyIE5hbWU9IlJlZmVyZXIiIFZhbHVlPSJodHRwczovL3NwLmNvcmRpc3NvbHV0aW9ucy5jb20vc3VwcG9ydC9QYWdlcy9EZWZhdWx0LmFzcHgiIC8+DQogICAgICA8L0hlYWRlcnM+DQogICAgICA8UXVlcnlTdHJpbmdQYXJhbWV0ZXJzPg0KICAgICAgICA8UXVlcnlTdHJpbmdQYXJhbWV0ZXIgTmFtZT0iIiBWYWx1ZT0iIiBSZWNvcmRlZFZhbHVlPSIiIENvcnJlbGF0aW9uQmluZGluZz0iIiBVcmxFbmNvZGU9IkZhbHNlIiBVc2VUb0dyb3VwUmVzdWx0cz0iRmFsc2UiIC8+DQogICAgICA8L1F1ZXJ5U3RyaW5nUGFyYW1ldGVycz4NCiAgICA8L1JlcXVlc3Q+DQogICAgPFJlcXVlc3QgTWV0aG9kPSJHRVQiIEd1aWQ9ImMzMTI5MmY5LTEwZjQtNGU2YS1iOWZiLWU4ZWE0NTBhNjJhMSIgVmVyc2lvbj0iMS4xIiBVcmw9Imh0dHBzOi8vc3AuY29yZGlzc29sdXRpb25zLmNvbS9hZG1maW4iIFRoaW5rVGltZT0iMCIgVGltZW91dD0iMzAwIiBQYXJzZURlcGVuZGVudFJlcXVlc3RzPSJUcnVlIiBGb2xsb3dSZWRpcmVjdHM9IlRydWUiIFJlY29yZFJlc3VsdD0iVHJ1ZSIgQ2FjaGU9IkZhbHNlIiBSZXNwb25zZVRpbWVHb2FsPSIwIiBFbmNvZGluZz0idXRmLTgiIEV4cGVjdGVkSHR0cFN0YXR1c0NvZGU9IjAiIEV4cGVjdGVkUmVzcG9uc2VVcmw9Imh0dHBzOi8vc3AuY29yZGlzc29sdXRpb25zLmNvbS9hZG1maW4vUGFnZXMvRGVmYXVsdC5hc3B4IiBSZXBvcnRpbmdOYW1lPSIiIElnbm9yZUh0dHBTdGF0dXNDb2RlPSJGYWxzZSI+DQogICAgICA8RGVwZW5kZW50UmVxdWVzdHM+DQogICAgICAgIDxSZXF1ZXN0IE1ldGhvZD0iR0VUIiBHdWlkPSI3ZWE5OTE5NC1lMmE5LTQwYTYtOGIwYy1kNmU0ZDBiNDNhNjEiIFZlcnNpb249IjEuMSIgVXJsPSJodHRwczovL3NwLmNvcmRpc3NvbHV0aW9ucy5jb20vX2xheW91dHMvMTUvZm9udHMvc2hlbGxpY29ucy5lb3QiIFRoaW5rVGltZT0iMiIgVGltZW91dD0iMzAwIiBQYXJzZURlcGVuZGVudFJlcXVlc3RzPSJUcnVlIiBGb2xsb3dSZWRpcmVjdHM9IlRydWUiIFJlY29yZFJlc3VsdD0iVHJ1ZSIgQ2FjaGU9IkZhbHNlIiBSZXNwb25zZVRpbWVHb2FsPSIwIiBFbmNvZGluZz0idXRmLTgiIEV4cGVjdGVkSHR0cFN0YXR1c0NvZGU9IjAiIEV4cGVjdGVkUmVzcG9uc2VVcmw9IiIgUmVwb3J0aW5nTmFtZT0iIiBJZ25vcmVIdHRwU3RhdHVzQ29kZT0iRmFsc2UiPg0KICAgICAgICAgIDxIZWFkZXJzPg0KICAgICAgICAgICAgPEhlYWRlciBOYW1lPSJSZWZlcmVyIiBWYWx1ZT0iaHR0cHM6Ly9zcC5jb3JkaXNzb2x1dGlvbnMuY29tL2FkbWZpbi9QYWdlcy9EZWZhdWx0LmFzcHgiIC8+DQogICAgICAgICAgPC9IZWFkZXJzPg0KICAgICAgICAgIDxRdWVyeVN0cmluZ1BhcmFtZXRlcnM+DQogICAgICAgICAgICA8UXVlcnlTdHJpbmdQYXJhbWV0ZXIgTmFtZT0iIiBWYWx1ZT0iIiBSZWNvcmRlZFZhbHVlPSIiIENvcnJlbGF0aW9uQmluZGluZz0iIiBVcmxFbmNvZGU9IkZhbHNlIiBVc2VUb0dyb3VwUmVzdWx0cz0iRmFsc2UiIC8+DQogICAgICAgICAgPC9RdWVyeVN0cmluZ1BhcmFtZXRlcnM+DQogICAgICAgIDwvUmVxdWVzdD4NCiAgICAgIDwvRGVwZW5kZW50UmVxdWVzdHM+DQogICAgICA8SGVhZGVycz4NCiAgICAgICAgPEhlYWRlciBOYW1lPSJSZWZlcmVyIiBWYWx1ZT0iaHR0cHM6Ly9zcC5jb3JkaXNzb2x1dGlvbnMuY29tL3N1cHBvcnQvUGFnZXMvRGVmYXVsdC5hc3B4IiAvPg0KICAgICAgPC9IZWFkZXJzPg0KICAgIDwvUmVxdWVzdD4NCiAgICA8UmVxdWVzdCBNZXRob2Q9IkdFVCIgR3VpZD0iMzczM2I4Y2QtYzcwNy00MjE3LWEyMTEtYjU1Yjg1ODMxOTU3IiBWZXJzaW9uPSIxLjEiIFVybD0iaHR0cHM6Ly9zcC5jb3JkaXNzb2x1dGlvbnMuY29tL19sYXlvdXRzLzE1L1NjcmlwdFJlc3guYXNoeCIgVGhpbmtUaW1lPSIwIiBUaW1lb3V0PSIzMDAiIFBhcnNlRGVwZW5kZW50UmVxdWVzdHM9IlRydWUiIEZvbGxvd1JlZGlyZWN0cz0iVHJ1ZSIgUmVjb3JkUmVzdWx0PSJUcnVlIiBDYWNoZT0iRmFsc2UiIFJlc3BvbnNlVGltZUdvYWw9IjAiIEVuY29kaW5nPSJ1dGYtOCIgRXhwZWN0ZWRIdHRwU3RhdHVzQ29kZT0iMCIgRXhwZWN0ZWRSZXNwb25zZVVybD0iIiBSZXBvcnRpbmdOYW1lPSIiIElnbm9yZUh0dHBTdGF0dXNDb2RlPSJGYWxzZSI+DQogICAgICA8SGVhZGVycz4NCiAgICAgICAgPEhlYWRlciBOYW1lPSJSZWZlcmVyIiBWYWx1ZT0iaHR0cHM6Ly9zcC5jb3JkaXNzb2x1dGlvbnMuY29tL3N1cHBvcnQvUGFnZXMvRGVmYXVsdC5hc3B4IiAvPg0KICAgICAgPC9IZWFkZXJzPg0KICAgICAgPFF1ZXJ5U3RyaW5nUGFyYW1ldGVycz4NCiAgICAgICAgPFF1ZXJ5U3RyaW5nUGFyYW1ldGVyIE5hbWU9ImN1bHR1cmUiIFZhbHVlPSJlbiUyRHVzIiBSZWNvcmRlZFZhbHVlPSJlbiUyRHVzIiBDb3JyZWxhdGlvbkJpbmRpbmc9IiIgVXJsRW5jb2RlPSJGYWxzZSIgVXNlVG9Hcm91cFJlc3VsdHM9IkZhbHNlIiAvPg0KICAgICAgICA8UXVlcnlTdHJpbmdQYXJhbWV0ZXIgTmFtZT0ibmFtZSIgVmFsdWU9IlNQJTJFVUklMkVQb2xpY3klMkVSZXNvdXJjZXMiIFJlY29yZGVkVmFsdWU9IlNQJTJFVUklMkVQb2xpY3klMkVSZXNvdXJjZXMiIENvcnJlbGF0aW9uQmluZGluZz0iIiBVcmxFbmNvZGU9IkZhbHNlIiBVc2VUb0dyb3VwUmVzdWx0cz0iRmFsc2UiIC8+DQogICAgICAgIDxRdWVyeVN0cmluZ1BhcmFtZXRlciBOYW1lPSJyZXYiIFZhbHVlPSJtMk52dG0xM0RSZ29kQ1ZpJTJCc1J1a3clM0QlM0QiIFJlY29yZGVkVmFsdWU9Im0yTnZ0bTEzRFJnb2RDVmklMkJzUnVrdyUzRCUzRCIgQ29ycmVsYXRpb25CaW5kaW5nPSIiIFVybEVuY29kZT0iRmFsc2UiIFVzZVRvR3JvdXBSZXN1bHRzPSJGYWxzZSIgLz4NCiAgICAgIDwvUXVlcnlTdHJpbmdQYXJhbWV0ZXJzPg0KICAgIDwvUmVxdWVzdD4NCiAgICA8UmVxdWVzdCBNZXRob2Q9IkdFVCIgR3VpZD0iODIzYjQyNjItNDA3ZC00YjIxLTg0NTEtMTcyZTFiYjBiNDE5IiBWZXJzaW9uPSIxLjEiIFVybD0iaHR0cHM6Ly9zcC5jb3JkaXNzb2x1dGlvbnMuY29tL0FwcHMwMCIgVGhpbmtUaW1lPSIwIiBUaW1lb3V0PSIzMDAiIFBhcnNlRGVwZW5kZW50UmVxdWVzdHM9IlRydWUiIEZvbGxvd1JlZGlyZWN0cz0iVHJ1ZSIgUmVjb3JkUmVzdWx0PSJUcnVlIiBDYWNoZT0iRmFsc2UiIFJlc3BvbnNlVGltZUdvYWw9IjAiIEVuY29kaW5nPSJ1dGYtOCIgRXhwZWN0ZWRIdHRwU3RhdHVzQ29kZT0iMCIgRXhwZWN0ZWRSZXNwb25zZVVybD0iaHR0cHM6Ly9zcC5jb3JkaXNzb2x1dGlvbnMuY29tL0FwcHMwMC9QYWdlcy9EZWZhdWx0LmFzcHgiIFJlcG9ydGluZ05hbWU9IiIgSWdub3JlSHR0cFN0YXR1c0NvZGU9IkZhbHNlIj4NCiAgICAgIDxEZXBlbmRlbnRSZXF1ZXN0cz4NCiAgICAgICAgPFJlcXVlc3QgTWV0aG9kPSJHRVQiIEd1aWQ9IjEyMTg5ZTZlLTIwNGYtNGExNi1iNzI1LTYzN2M1ZmM5ZTU1YSIgVmVyc2lvbj0iMS4xIiBVcmw9Imh0dHBzOi8vc3AuY29yZGlzc29sdXRpb25zLmNvbS9fbGF5b3V0cy8xNS9mb250cy9zaGVsbGljb25zLmVvdCIgVGhpbmtUaW1lPSIzIiBUaW1lb3V0PSIzMDAiIFBhcnNlRGVwZW5kZW50UmVxdWVzdHM9IlRydWUiIEZvbGxvd1JlZGlyZWN0cz0iVHJ1ZSIgUmVjb3JkUmVzdWx0PSJUcnVlIiBDYWNoZT0iRmFsc2UiIFJlc3BvbnNlVGltZUdvYWw9IjAiIEVuY29kaW5nPSJ1dGYtOCIgRXhwZWN0ZWRIdHRwU3RhdHVzQ29kZT0iMCIgRXhwZWN0ZWRSZXNwb25zZVVybD0iIiBSZXBvcnRpbmdOYW1lPSIiIElnbm9yZUh0dHBTdGF0dXNDb2RlPSJGYWxzZSI+DQogICAgICAgICAgPEhlYWRlcnM+DQogICAgICAgICAgICA8SGVhZGVyIE5hbWU9IlJlZmVyZXIiIFZhbHVlPSJodHRwczovL3NwLmNvcmRpc3NvbHV0aW9ucy5jb20vQXBwczAwL1BhZ2VzL0RlZmF1bHQuYXNweCIgLz4NCiAgICAgICAgICA8L0hlYWRlcnM+DQogICAgICAgICAgPFF1ZXJ5U3RyaW5nUGFyYW1ldGVycz4NCiAgICAgICAgICAgIDxRdWVyeVN0cmluZ1BhcmFtZXRlciBOYW1lPSIiIFZhbHVlPSIiIFJlY29yZGVkVmFsdWU9IiIgQ29ycmVsYXRpb25CaW5kaW5nPSIiIFVybEVuY29kZT0iRmFsc2UiIFVzZVRvR3JvdXBSZXN1bHRzPSJGYWxzZSIgLz4NCiAgICAgICAgICA8L1F1ZXJ5U3RyaW5nUGFyYW1ldGVycz4NCiAgICAgICAgPC9SZXF1ZXN0Pg0KICAgICAgPC9EZXBlbmRlbnRSZXF1ZXN0cz4NCiAgICAgIDxIZWFkZXJzPg0KICAgICAgICA8SGVhZGVyIE5hbWU9IlJlZmVyZXIiIFZhbHVlPSJodHRwczovL3NwLmNvcmRpc3NvbHV0aW9ucy5jb20vYWRtZmluL1BhZ2VzL0RlZmF1bHQuYXNweCIgLz4NCiAgICAgIDwvSGVhZGVycz4NCiAgICA8L1JlcXVlc3Q+DQogICAgPFJlcXVlc3QgTWV0aG9kPSJHRVQiIEd1aWQ9ImFmZTY3MjYwLWEwN2MtNDJjOC1hMTRiLWY4NGYxZjVjN2VhNSIgVmVyc2lvbj0iMS4xIiBVcmw9Imh0dHBzOi8vc3AuY29yZGlzc29sdXRpb25zLmNvbS9BcHBzMDAvU2hhcmVkJTIwRG9jdW1lbnRzL0Zvcm1zL2FsbCUyMGRvY3VtZW50cy5hc3B4IiBUaGlua1RpbWU9IjAiIFRpbWVvdXQ9IjMwMCIgUGFyc2VEZXBlbmRlbnRSZXF1ZXN0cz0iVHJ1ZSIgRm9sbG93UmVkaXJlY3RzPSJUcnVlIiBSZWNvcmRSZXN1bHQ9IlRydWUiIENhY2hlPSJGYWxzZSIgUmVzcG9uc2VUaW1lR29hbD0iMCIgRW5jb2Rpbmc9InV0Zi04IiBFeHBlY3RlZEh0dHBTdGF0dXNDb2RlPSIwIiBFeHBlY3RlZFJlc3BvbnNlVXJsPSJodHRwczovL3NwLmNvcmRpc3NvbHV0aW9ucy5jb20vQXBwczAwL1NoYXJlZCUyMERvY3VtZW50cy9Gb3Jtcy9hbGwlMjBkb2N1bWVudHMuYXNweCNJbnBsdmlld0hhc2gxMjY3MTViNy1iNWY4LTRhZGItOGEzYS1hOTRkMjA4YzIwYTU9RmlsdGVyRmllbGQxJTNEQXBwbGljYXRpb24tRmlsdGVyVmFsdWUxJTNEbXlNYXRlcmlhbCIgUmVwb3J0aW5nTmFtZT0iIiBJZ25vcmVIdHRwU3RhdHVzQ29kZT0iRmFsc2UiPg0KICAgICAgPEhlYWRlcnM+DQogICAgICAgIDxIZWFkZXIgTmFtZT0iUmVmZXJlciIgVmFsdWU9Imh0dHBzOi8vc3AuY29yZGlzc29sdXRpb25zLmNvbS9BcHBzMDAvUGFnZXMvRGVmYXVsdC5hc3B4IiAvPg0KICAgICAgPC9IZWFkZXJzPg0KICAgICAgPEV4dHJhY3Rpb25SdWxlcz4NCiAgICAgICAgPEV4dHJhY3Rpb25SdWxlIENsYXNzbmFtZT0iTWljcm9zb2Z0LlZpc3VhbFN0dWRpby5UZXN0VG9vbHMuV2ViVGVzdGluZy5SdWxlcy5FeHRyYWN0SGlkZGVuRmllbGRzLCBNaWNyb3NvZnQuVmlzdWFsU3R1ZGlvLlF1YWxpdHlUb29scy5XZWJUZXN0RnJhbWV3b3JrLCBWZXJzaW9uPTEwLjAuMC4wLCBDdWx0dXJlPW5ldXRyYWwsIFB1YmxpY0tleVRva2VuPWIwM2Y1ZjdmMTFkNTBhM2EiIFZhcmlhYmxlTmFtZT0iMSIgRGlzcGxheU5hbWU9IkV4dHJhY3QgSGlkZGVuIEZpZWxkcyIgRGVzY3JpcHRpb249IkV4dHJhY3QgYWxsIGhpZGRlbiBmaWVsZHMgZnJvbSB0aGUgcmVzcG9uc2UgYW5kIHBsYWNlIHRoZW0gaW50byB0aGUgdGVzdCBjb250ZXh0LiI+DQogICAgICAgICAgPFJ1bGVQYXJhbWV0ZXJzPg0KICAgICAgICAgICAgPFJ1bGVQYXJhbWV0ZXIgTmFtZT0iUmVxdWlyZWQiIFZhbHVlPSJUcnVlIiAvPg0KICAgICAgICAgICAgPFJ1bGVQYXJhbWV0ZXIgTmFtZT0iSHRtbERlY29kZSIgVmFsdWU9IlRydWUiIC8+DQogICAgICAgICAgPC9SdWxlUGFyYW1ldGVycz4NCiAgICAgICAgPC9FeHRyYWN0aW9uUnVsZT4NCiAgICAgICAgPEV4dHJhY3Rpb25SdWxlIENsYXNzbmFtZT0iTWljcm9zb2Z0LlZpc3VhbFN0dWRpby5UZXN0VG9vbHMuV2ViVGVzdGluZy5SdWxlcy5FeHRyYWN0VGV4dCwgTWljcm9zb2Z0LlZpc3VhbFN0dWRpby5RdWFsaXR5VG9vbHMuV2ViVGVzdEZyYW1ld29yaywgVmVyc2lvbj0xMC4wLjAuMCwgQ3VsdHVyZT1uZXV0cmFsLCBQdWJsaWNLZXlUb2tlbj1iMDNmNWY3ZjExZDUwYTNhIiBWYXJpYWJsZU5hbWU9IkZvcm1Qb3N0UGFyYW00OS5fX1JFUVVFU1RESUdFU1QiIERpc3BsYXlOYW1lPSJFeHRyYWN0IFRleHQiIERlc2NyaXB0aW9uPSJFeHRyYWN0IHRleHQgZnJvbSB0aGUgcmVzcG9uc2UgYW5kIHBsYWNlIGl0IGludG8gdGhlIHRlc3QgY29udGV4dC4iPg0KICAgICAgICAgIDxSdWxlUGFyYW1ldGVycz4NCiAgICAgICAgICAgIDxSdWxlUGFyYW1ldGVyIE5hbWU9IlN0YXJ0c1dpdGgiIFZhbHVlPSJsdWU9JnF1b3Q7IiAvPg0KICAgICAgICAgICAgPFJ1bGVQYXJhbWV0ZXIgTmFtZT0iRW5kc1dpdGgiIFZhbHVlPSImcXVvdDsgLyZndDsmI3hEOyIgLz4NCiAgICAgICAgICAgIDxSdWxlUGFyYW1ldGVyIE5hbWU9IkluZGV4IiBWYWx1ZT0iMTEiIC8+DQogICAgICAgICAgICA8UnVsZVBhcmFtZXRlciBOYW1lPSJJZ25vcmVDYXNlIiBWYWx1ZT0iRmFsc2UiIC8+DQogICAgICAgICAgICA8UnVsZVBhcmFtZXRlciBOYW1lPSJVc2VSZWd1bGFyRXhwcmVzc2lvbiIgVmFsdWU9IkZhbHNlIiAvPg0KICAgICAgICAgICAgPFJ1bGVQYXJhbWV0ZXIgTmFtZT0iSHRtbERlY29kZSIgVmFsdWU9IlRydWUiIC8+DQogICAgICAgICAgICA8UnVsZVBhcmFtZXRlciBOYW1lPSJSZXF1aXJlZCIgVmFsdWU9IkZhbHNlIiAvPg0KICAgICAgICAgIDwvUnVsZVBhcmFtZXRlcnM+DQogICAgICAgIDwvRXh0cmFjdGlvblJ1bGU+DQogICAgICAgIDxFeHRyYWN0aW9uUnVsZSBDbGFzc25hbWU9Ik1pY3Jvc29mdC5WaXN1YWxTdHVkaW8uVGVzdFRvb2xzLldlYlRlc3RpbmcuUnVsZXMuRXh0cmFjdFRleHQsIE1pY3Jvc29mdC5WaXN1YWxTdHVkaW8uUXVhbGl0eVRvb2xzLldlYlRlc3RGcmFtZXdvcmssIFZlcnNpb249MTAuMC4wLjAsIEN1bHR1cmU9bmV1dHJhbCwgUHVibGljS2V5VG9rZW49YjAzZjVmN2YxMWQ1MGEzYSIgVmFyaWFibGVOYW1lPSJGb3JtUG9zdFBhcmFtNTAuX19WSUVXU1RBVEUiIERpc3BsYXlOYW1lPSJFeHRyYWN0IFRleHQiIERlc2NyaXB0aW9uPSJFeHRyYWN0IHRleHQgZnJvbSB0aGUgcmVzcG9uc2UgYW5kIHBsYWNlIGl0IGludG8gdGhlIHRlc3QgY29udGV4dC4iPg0KICAgICAgICAgIDxSdWxlUGFyYW1ldGVycz4NCiAgICAgICAgICAgIDxSdWxlUGFyYW1ldGVyIE5hbWU9IlN0YXJ0c1dpdGgiIFZhbHVlPSJsdWU9JnF1b3Q7IiAvPg0KICAgICAgICAgICAgPFJ1bGVQYXJhbWV0ZXIgTmFtZT0iRW5kc1dpdGgiIFZhbHVlPSImcXVvdDsgLyZndDsmI3hEOyIgLz4NCiAgICAgICAgICAgIDxSdWxlUGFyYW1ldGVyIE5hbWU9IkluZGV4IiBWYWx1ZT0iMjMiIC8+DQogICAgICAgICAgICA8UnVsZVBhcmFtZXRlciBOYW1lPSJJZ25vcmVDYXNlIiBWYWx1ZT0iRmFsc2UiIC8+DQogICAgICAgICAgICA8UnVsZVBhcmFtZXRlciBOYW1lPSJVc2VSZWd1bGFyRXhwcmVzc2lvbiIgVmFsdWU9IkZhbHNlIiAvPg0KICAgICAgICAgICAgPFJ1bGVQYXJhbWV0ZXIgTmFtZT0iSHRtbERlY29kZSIgVmFsdWU9IlRydWUiIC8+DQogICAgICAgICAgICA8UnVsZVBhcmFtZXRlciBOYW1lPSJSZXF1aXJlZCIgVmFsdWU9IkZhbHNlIiAvPg0KICAgICAgICAgIDwvUnVsZVBhcmFtZXRlcnM+DQogICAgICAgIDwvRXh0cmFjdGlvblJ1bGU+DQogICAgICAgIDxFeHRyYWN0aW9uUnVsZSBDbGFzc25hbWU9Ik1pY3Jvc29mdC5WaXN1YWxTdHVkaW8uVGVzdFRvb2xzLldlYlRlc3RpbmcuUnVsZXMuRXh0cmFjdFRleHQsIE1pY3Jvc29mdC5WaXN1YWxTdHVkaW8uUXVhbGl0eVRvb2xzLldlYlRlc3RGcmFtZXdvcmssIFZlcnNpb249MTAuMC4wLjAsIEN1bHR1cmU9bmV1dHJhbCwgUHVibGljS2V5VG9rZW49YjAzZjVmN2YxMWQ1MGEzYSIgVmFyaWFibGVOYW1lPSJGb3JtUG9zdFBhcmFtNTIuX19FVkVOVFZBTElEQVRJT04iIERpc3BsYXlOYW1lPSJFeHRyYWN0IFRleHQiIERlc2NyaXB0aW9uPSJFeHRyYWN0IHRleHQgZnJvbSB0aGUgcmVzcG9uc2UgYW5kIHBsYWNlIGl0IGludG8gdGhlIHRlc3QgY29udGV4dC4iPg0KICAgICAgICAgIDxSdWxlUGFyYW1ldGVycz4NCiAgICAgICAgICAgIDxSdWxlUGFyYW1ldGVyIE5hbWU9IlN0YXJ0c1dpdGgiIFZhbHVlPSJsdWU9JnF1b3Q7IiAvPg0KICAgICAgICAgICAgPFJ1bGVQYXJhbWV0ZXIgTmFtZT0iRW5kc1dpdGgiIFZhbHVlPSImcXVvdDsgLyZndDsmI3hEOyIgLz4NCiAgICAgICAgICAgIDxSdWxlUGFyYW1ldGVyIE5hbWU9IkluZGV4IiBWYWx1ZT0iMjciIC8+DQogICAgICAgICAgICA8UnVsZVBhcmFtZXRlciBOYW1lPSJJZ25vcmVDYXNlIiBWYWx1ZT0iRmFsc2UiIC8+DQogICAgICAgICAgICA8UnVsZVBhcmFtZXRlciBOYW1lPSJVc2VSZWd1bGFyRXhwcmVzc2lvbiIgVmFsdWU9IkZhbHNlIiAvPg0KICAgICAgICAgICAgPFJ1bGVQYXJhbWV0ZXIgTmFtZT0iSHRtbERlY29kZSIgVmFsdWU9IlRydWUiIC8+DQogICAgICAgICAgICA8UnVsZVBhcmFtZXRlciBOYW1lPSJSZXF1aXJlZCIgVmFsdWU9IkZhbHNlIiAvPg0KICAgICAgICAgIDwvUnVsZVBhcmFtZXRlcnM+DQogICAgICAgIDwvRXh0cmFjdGlvblJ1bGU+DQogICAgICA8L0V4dHJhY3Rpb25SdWxlcz4NCiAgICAgIDxDb3JyZWxhdGlvbkV4dHJhY3Rpb25SdWxlcz4NCiAgICAgICAgPEV4dHJhY3Rpb25SdWxlIENsYXNzbmFtZT0iTWljcm9zb2Z0LlZpc3VhbFN0dWRpby5UZXN0VG9vbHMuV2ViVGVzdGluZy5SdWxlcy5FeHRyYWN0VGV4dCwgTWljcm9zb2Z0LlZpc3VhbFN0dWRpby5RdWFsaXR5VG9vbHMuV2ViVGVzdEZyYW1ld29yaywgVmVyc2lvbj0xMC4wLjAuMCwgQ3VsdHVyZT1uZXV0cmFsLCBQdWJsaWNLZXlUb2tlbj1iMDNmNWY3ZjExZDUwYTNhIiBWYXJpYWJsZU5hbWU9IkZvcm1Qb3N0UGFyYW0xLmN0bDAwJGN0bDQ0JGN0bDA0IiBEaXNwbGF5TmFtZT0iIiBEZXNjcmlwdGlvbj0iIj4NCiAgICAgICAgICA8UnVsZVBhcmFtZXRlcnM+DQogICAgICAgICAgICA8UnVsZVBhcmFtZXRlciBOYW1lPSJTdGFydHNXaXRoIiBWYWx1ZT0iZCA9ICZxdW90OyIgLz4NCiAgICAgICAgICAgIDxSdWxlUGFyYW1ldGVyIE5hbWU9IkVuZHNXaXRoIiBWYWx1ZT0iJnF1b3Q7O19zcCIgLz4NCiAgICAgICAgICAgIDxSdWxlUGFyYW1ldGVyIE5hbWU9IkluZGV4IiBWYWx1ZT0iMCIgLz4NCiAgICAgICAgICAgIDxSdWxlUGFyYW1ldGVyIE5hbWU9Iklnbm9yZUNhc2UiIFZhbHVlPSJGYWxzZSIgLz4NCiAgICAgICAgICAgIDxSdWxlUGFyYW1ldGVyIE5hbWU9IlVzZVJlZ3VsYXJFeHByZXNzaW9uIiBWYWx1ZT0iRmFsc2UiIC8+DQogICAgICAgICAgICA8UnVsZVBhcmFtZXRlciBOYW1lPSJIdG1sRGVjb2RlIiBWYWx1ZT0iVHJ1ZSIgLz4NCiAgICAgICAgICAgIDxSdWxlUGFyYW1ldGVyIE5hbWU9IlJlcXVpcmVkIiBWYWx1ZT0iRmFsc2UiIC8+DQogICAgICAgICAgPC9SdWxlUGFyYW1ldGVycz4NCiAgICAgICAgPC9FeHRyYWN0aW9uUnVsZT4NCiAgICAgICAgPEV4dHJhY3Rpb25SdWxlIENsYXNzbmFtZT0iTWljcm9zb2Z0LlZpc3VhbFN0dWRpby5UZXN0VG9vbHMuV2ViVGVzdGluZy5SdWxlcy5FeHRyYWN0VGV4dCwgTWljcm9zb2Z0LlZpc3VhbFN0dWRpby5RdWFsaXR5VG9vbHMuV2ViVGVzdEZyYW1ld29yaywgVmVyc2lvbj0xMC4wLjAuMCwgQ3VsdHVyZT1uZXV0cmFsLCBQdWJsaWNLZXlUb2tlbj1iMDNmNWY3ZjExZDUwYTNhIiBWYXJpYWJsZU5hbWU9IkZvcm1Qb3N0UGFyYW0yOC5jdGwwMCRQbGFjZUhvbGRlck1haW4kVXBsb2FkRG9jdW1lbnRTZWN0aW9uJGN0bDA1JE92ZXJ3cml0ZVNpbmdsZSIgRGlzcGxheU5hbWU9IiIgRGVzY3JpcHRpb249IiI+DQogICAgICAgICAgPFJ1bGVQYXJhbWV0ZXJzPg0KICAgICAgICAgICAgPFJ1bGVQYXJhbWV0ZXIgTmFtZT0iU3RhcnRzV2l0aCIgVmFsdWU9ImJsZT0mcXVvdDsiIC8+DQogICAgICAgICAgICA8UnVsZVBhcmFtZXRlciBOYW1lPSJFbmRzV2l0aCIgVmFsdWU9IiZxdW90OyBhcmkiIC8+DQogICAgICAgICAgICA8UnVsZVBhcmFtZXRlciBOYW1lPSJJbmRleCIgVmFsdWU9IjAiIC8+DQogICAgICAgICAgICA8UnVsZVBhcmFtZXRlciBOYW1lPSJJZ25vcmVDYXNlIiBWYWx1ZT0iRmFsc2UiIC8+DQogICAgICAgICAgICA8UnVsZVBhcmFtZXRlciBOYW1lPSJVc2VSZWd1bGFyRXhwcmVzc2lvbiIgVmFsdWU9IkZhbHNlIiAvPg0KICAgICAgICAgICAgPFJ1bGVQYXJhbWV0ZXIgTmFtZT0iSHRtbERlY29kZSIgVmFsdWU9IlRydWUiIC8+DQogICAgICAgICAgICA8UnVsZVBhcmFtZXRlciBOYW1lPSJSZXF1aXJlZCIgVmFsdWU9IkZhbHNlIiAvPg0KICAgICAgICAgIDwvUnVsZVBhcmFtZXRlcnM+DQogICAgICAgIDwvRXh0cmFjdGlvblJ1bGU+DQogICAgICAgIDxFeHRyYWN0aW9uUnVsZSBDbGFzc25hbWU9Ik1pY3Jvc29mdC5WaXN1YWxTdHVkaW8uVGVzdFRvb2xzLldlYlRlc3RpbmcuUnVsZXMuRXh0cmFjdFRleHQsIE1pY3Jvc29mdC5WaXN1YWxTdHVkaW8uUXVhbGl0eVRvb2xzLldlYlRlc3RGcmFtZXdvcmssIFZlcnNpb249MTAuMC4wLjAsIEN1bHR1cmU9bmV1dHJhbCwgUHVibGljS2V5VG9rZW49YjAzZjVmN2YxMWQ1MGEzYSIgVmFyaWFibGVOYW1lPSJGb3JtUG9zdFBhcmFtNTEuX19WSUVXU1RBVEVHRU5FUkFUT1IiIERpc3BsYXlOYW1lPSIiIERlc2NyaXB0aW9uPSIiPg0KICAgICAgICAgIDxSdWxlUGFyYW1ldGVycz4NCiAgICAgICAgICAgIDxSdWxlUGFyYW1ldGVyIE5hbWU9IlN0YXJ0c1dpdGgiIFZhbHVlPSJsdWU9JnF1b3Q7IiAvPg0KICAgICAgICAgICAgPFJ1bGVQYXJhbWV0ZXIgTmFtZT0iRW5kc1dpdGgiIFZhbHVlPSImcXVvdDsgLyZndDsmI3hEOyIgLz4NCiAgICAgICAgICAgIDxSdWxlUGFyYW1ldGVyIE5hbWU9IkluZGV4IiBWYWx1ZT0iMjQiIC8+DQogICAgICAgICAgICA8UnVsZVBhcmFtZXRlciBOYW1lPSJJZ25vcmVDYXNlIiBWYWx1ZT0iRmFsc2UiIC8+DQogICAgICAgICAgICA8UnVsZVBhcmFtZXRlciBOYW1lPSJVc2VSZWd1bGFyRXhwcmVzc2lvbiIgVmFsdWU9IkZhbHNlIiAvPg0KICAgICAgICAgICAgPFJ1bGVQYXJhbWV0ZXIgTmFtZT0iSHRtbERlY29kZSIgVmFsdWU9IlRydWUiIC8+DQogICAgICAgICAgICA8UnVsZVBhcmFtZXRlciBOYW1lPSJSZXF1aXJlZCIgVmFsdWU9IkZhbHNlIiAvPg0KICAgICAgICAgIDwvUnVsZVBhcmFtZXRlcnM+DQogICAgICAgIDwvRXh0cmFjdGlvblJ1bGU+DQogICAgICAgIDxFeHRyYWN0aW9uUnVsZSBDbGFzc25hbWU9Ik1pY3Jvc29mdC5WaXN1YWxTdHVkaW8uVGVzdFRvb2xzLldlYlRlc3RpbmcuUnVsZXMuRXh0cmFjdFRleHQsIE1pY3Jvc29mdC5WaXN1YWxTdHVkaW8uUXVhbGl0eVRvb2xzLldlYlRlc3RGcmFtZXdvcmssIFZlcnNpb249MTAuMC4wLjAsIEN1bHR1cmU9bmV1dHJhbCwgUHVibGljS2V5VG9rZW49YjAzZjVmN2YxMWQ1MGEzYSIgVmFyaWFibGVOYW1lPSJGb3JtUG9zdFBhcmFtNTMuY3RsMDAkY3RsNDQkY3RsMDQiIERpc3BsYXlOYW1lPSIiIERlc2NyaXB0aW9uPSIiPg0KICAgICAgICAgIDxSdWxlUGFyYW1ldGVycz4NCiAgICAgICAgICAgIDxSdWxlUGFyYW1ldGVyIE5hbWU9IlN0YXJ0c1dpdGgiIFZhbHVlPSJkID0gJnF1b3Q7IiAvPg0KICAgICAgICAgICAgPFJ1bGVQYXJhbWV0ZXIgTmFtZT0iRW5kc1dpdGgiIFZhbHVlPSImcXVvdDs7X3NwIiAvPg0KICAgICAgICAgICAgPFJ1bGVQYXJhbWV0ZXIgTmFtZT0iSW5kZXgiIFZhbHVlPSIwIiAvPg0KICAgICAgICAgICAgPFJ1bGVQYXJhbWV0ZXIgTmFtZT0iSWdub3JlQ2FzZSIgVmFsdWU9IkZhbHNlIiAvPg0KICAgICAgICAgICAgPFJ1bGVQYXJhbWV0ZXIgTmFtZT0iVXNlUmVndWxhckV4cHJlc3Npb24iIFZhbHVlPSJGYWxzZSIgLz4NCiAgICAgICAgICAgIDxSdWxlUGFyYW1ldGVyIE5hbWU9Ikh0bWxEZWNvZGUiIFZhbHVlPSJUcnVlIiAvPg0KICAgICAgICAgICAgPFJ1bGVQYXJhbWV0ZXIgTmFtZT0iUmVxdWlyZWQiIFZhbHVlPSJGYWxzZSIgLz4NCiAgICAgICAgICA8L1J1bGVQYXJhbWV0ZXJzPg0KICAgICAgICA8L0V4dHJhY3Rpb25SdWxlPg0KICAgICAgPC9Db3JyZWxhdGlvbkV4dHJhY3Rpb25SdWxlcz4NCiAgICA8L1JlcXVlc3Q+DQogICAgPFJlcXVlc3QgTWV0aG9kPSJHRVQiIEd1aWQ9ImRkYTc3OTJkLTMzMDYtNGNkYy04N2YyLTEwODBjYWE2YWI5YSIgVmVyc2lvbj0iMS4xIiBVcmw9Imh0dHBzOi8vc3AuY29yZGlzc29sdXRpb25zLmNvbS9fbGF5b3V0cy8xNS9mb250cy9zaGVsbGljb25zLmVvdCIgVGhpbmtUaW1lPSIwIiBUaW1lb3V0PSIzMDAiIFBhcnNlRGVwZW5kZW50UmVxdWVzdHM9IlRydWUiIEZvbGxvd1JlZGlyZWN0cz0iVHJ1ZSIgUmVjb3JkUmVzdWx0PSJUcnVlIiBDYWNoZT0iRmFsc2UiIFJlc3BvbnNlVGltZUdvYWw9IjAiIEVuY29kaW5nPSJ1dGYtOCIgRXhwZWN0ZWRIdHRwU3RhdHVzQ29kZT0iMCIgRXhwZWN0ZWRSZXNwb25zZVVybD0iIiBSZXBvcnRpbmdOYW1lPSIiIElnbm9yZUh0dHBTdGF0dXNDb2RlPSJGYWxzZSI+DQogICAgICA8SGVhZGVycz4NCiAgICAgICAgPEhlYWRlciBOYW1lPSJSZWZlcmVyIiBWYWx1ZT0iaHR0cHM6Ly9zcC5jb3JkaXNzb2x1dGlvbnMuY29tL0FwcHMwMC9TaGFyZWQlMjBEb2N1bWVudHMvRm9ybXMvYWxsJTIwZG9jdW1lbnRzLmFzcHgiIC8+DQogICAgICA8L0hlYWRlcnM+DQogICAgICA8UXVlcnlTdHJpbmdQYXJhbWV0ZXJzPg0KICAgICAgICA8UXVlcnlTdHJpbmdQYXJhbWV0ZXIgTmFtZT0iIiBWYWx1ZT0iIiBSZWNvcmRlZFZhbHVlPSIiIENvcnJlbGF0aW9uQmluZGluZz0iIiBVcmxFbmNvZGU9IkZhbHNlIiBVc2VUb0dyb3VwUmVzdWx0cz0iRmFsc2UiIC8+DQogICAgICA8L1F1ZXJ5U3RyaW5nUGFyYW1ldGVycz4NCiAgICA8L1JlcXVlc3Q+DQogICAgPFJlcXVlc3QgTWV0aG9kPSJHRVQiIEd1aWQ9Ijg0N2JiNGVlLWM5M2ItNDdiOC04OTgyLTYzY2I4MTM4ODQxZCIgVmVyc2lvbj0iMS4xIiBVcmw9Imh0dHBzOi8vc3AuY29yZGlzc29sdXRpb25zLmNvbS9fbGF5b3V0cy8xNS9mb250cy9PZmZpY2UzNjVJY29ucy5lb3QiIFRoaW5rVGltZT0iMSIgVGltZW91dD0iMzAwIiBQYXJzZURlcGVuZGVudFJlcXVlc3RzPSJUcnVlIiBGb2xsb3dSZWRpcmVjdHM9IlRydWUiIFJlY29yZFJlc3VsdD0iVHJ1ZSIgQ2FjaGU9IkZhbHNlIiBSZXNwb25zZVRpbWVHb2FsPSIwIiBFbmNvZGluZz0idXRmLTgiIEV4cGVjdGVkSHR0cFN0YXR1c0NvZGU9IjAiIEV4cGVjdGVkUmVzcG9uc2VVcmw9IiIgUmVwb3J0aW5nTmFtZT0iIiBJZ25vcmVIdHRwU3RhdHVzQ29kZT0iRmFsc2UiPg0KICAgICAgPEhlYWRlcnM+DQogICAgICAgIDxIZWFkZXIgTmFtZT0iUmVmZXJlciIgVmFsdWU9Imh0dHBzOi8vc3AuY29yZGlzc29sdXRpb25zLmNvbS9BcHBzMDAvU2hhcmVkJTIwRG9jdW1lbnRzL0Zvcm1zL2FsbCUyMGRvY3VtZW50cy5hc3B4IiAvPg0KICAgICAgPC9IZWFkZXJzPg0KICAgICAgPFF1ZXJ5U3RyaW5nUGFyYW1ldGVycz4NCiAgICAgICAgPFF1ZXJ5U3RyaW5nUGFyYW1ldGVyIE5hbWU9IiIgVmFsdWU9IiIgUmVjb3JkZWRWYWx1ZT0iIiBDb3JyZWxhdGlvbkJpbmRpbmc9IiIgVXJsRW5jb2RlPSJGYWxzZSIgVXNlVG9Hcm91cFJlc3VsdHM9IkZhbHNlIiAvPg0KICAgICAgPC9RdWVyeVN0cmluZ1BhcmFtZXRlcnM+DQogICAgPC9SZXF1ZXN0Pg0KICAgIDxSZXF1ZXN0IE1ldGhvZD0iR0VUIiBHdWlkPSI2YTg5YjE0Yi1kMWM0LTQ1NTktYjNhNS1hZGIyZmI2Y2U4YzAiIFZlcnNpb249IjEuMSIgVXJsPSJodHRwczovL3NwLmNvcmRpc3NvbHV0aW9ucy5jb20vQXBwczAwL19hcGkvc2VhcmNoL3NlYXJjaGNlbnRlcnVybCIgVGhpbmtUaW1lPSIwIiBUaW1lb3V0PSIzMDAiIFBhcnNlRGVwZW5kZW50UmVxdWVzdHM9IlRydWUiIEZvbGxvd1JlZGlyZWN0cz0iVHJ1ZSIgUmVjb3JkUmVzdWx0PSJUcnVlIiBDYWNoZT0iRmFsc2UiIFJlc3BvbnNlVGltZUdvYWw9IjAiIEVuY29kaW5nPSJ1dGYtOCIgRXhwZWN0ZWRIdHRwU3RhdHVzQ29kZT0iMCIgRXhwZWN0ZWRSZXNwb25zZVVybD0iIiBSZXBvcnRpbmdOYW1lPSIiIElnbm9yZUh0dHBTdGF0dXNDb2RlPSJGYWxzZSI+DQogICAgICA8SGVhZGVycz4NCiAgICAgICAgPEhlYWRlciBOYW1lPSJBY2NlcHQiIFZhbHVlPSJhcHBsaWNhdGlvbi9qc29uO29kYXRhPXZlcmJvc2UiIC8+DQogICAgICAgIDxIZWFkZXIgTmFtZT0iUmVmZXJlciIgVmFsdWU9Imh0dHBzOi8vc3AuY29yZGlzc29sdXRpb25zLmNvbS9BcHBzMDAvU2hhcmVkJTIwRG9jdW1lbnRzL0Zvcm1zL2FsbCUyMGRvY3VtZW50cy5hc3B4IiAvPg0KICAgICAgPC9IZWFkZXJzPg0KICAgIDwvUmVxdWVzdD4NCiAgICA8UmVxdWVzdCBNZXRob2Q9IkdFVCIgR3VpZD0iZGIwMTY4YTItN2IyNS00MDRlLThkMjQtNDZjYjVjZjA4MGFlIiBWZXJzaW9uPSIxLjEiIFVybD0iaHR0cHM6Ly9zcC5jb3JkaXNzb2x1dGlvbnMuY29tL19sYXlvdXRzLzE1L1NjcmlwdFJlc3guYXNoeCIgVGhpbmtUaW1lPSIwIiBUaW1lb3V0PSIzMDAiIFBhcnNlRGVwZW5kZW50UmVxdWVzdHM9IlRydWUiIEZvbGxvd1JlZGlyZWN0cz0iVHJ1ZSIgUmVjb3JkUmVzdWx0PSJUcnVlIiBDYWNoZT0iRmFsc2UiIFJlc3BvbnNlVGltZUdvYWw9IjAiIEVuY29kaW5nPSJ1dGYtOCIgRXhwZWN0ZWRIdHRwU3RhdHVzQ29kZT0iMCIgRXhwZWN0ZWRSZXNwb25zZVVybD0iIiBSZXBvcnRpbmdOYW1lPSIiIElnbm9yZUh0dHBTdGF0dXNDb2RlPSJGYWxzZSI+DQogICAgICA8SGVhZGVycz4NCiAgICAgICAgPEhlYWRlciBOYW1lPSJSZWZlcmVyIiBWYWx1ZT0iaHR0cHM6Ly9zcC5jb3JkaXNzb2x1dGlvbnMuY29tL0FwcHMwMC9TaGFyZWQlMjBEb2N1bWVudHMvRm9ybXMvYWxsJTIwZG9jdW1lbnRzLmFzcHgiIC8+DQogICAgICA8L0hlYWRlcnM+DQogICAgICA8UXVlcnlTdHJpbmdQYXJhbWV0ZXJzPg0KICAgICAgICA8UXVlcnlTdHJpbmdQYXJhbWV0ZXIgTmFtZT0iY3VsdHVyZSIgVmFsdWU9ImVuJTJEdXMiIFJlY29yZGVkVmFsdWU9ImVuJTJEdXMiIENvcnJlbGF0aW9uQmluZGluZz0iIiBVcmxFbmNvZGU9IkZhbHNlIiBVc2VUb0dyb3VwUmVzdWx0cz0iRmFsc2UiIC8+DQogICAgICAgIDxRdWVyeVN0cmluZ1BhcmFtZXRlciBOYW1lPSJuYW1lIiBWYWx1ZT0iU1AlMkVVSSUyRVBvbGljeSUyRVJlc291cmNlcyIgUmVjb3JkZWRWYWx1ZT0iU1AlMkVVSSUyRVBvbGljeSUyRVJlc291cmNlcyIgQ29ycmVsYXRpb25CaW5kaW5nPSIiIFVybEVuY29kZT0iRmFsc2UiIFVzZVRvR3JvdXBSZXN1bHRzPSJGYWxzZSIgLz4NCiAgICAgICAgPFF1ZXJ5U3RyaW5nUGFyYW1ldGVyIE5hbWU9InJldiIgVmFsdWU9Im0yTnZ0bTEzRFJnb2RDVmklMkJzUnVrdyUzRCUzRCIgUmVjb3JkZWRWYWx1ZT0ibTJOdnRtMTNEUmdvZENWaSUyQnNSdWt3JTNEJTNEIiBDb3JyZWxhdGlvbkJpbmRpbmc9IiIgVXJsRW5jb2RlPSJGYWxzZSIgVXNlVG9Hcm91cFJlc3VsdHM9IkZhbHNlIiAvPg0KICAgICAgPC9RdWVyeVN0cmluZ1BhcmFtZXRlcnM+DQogICAgPC9SZXF1ZXN0Pg0KICAgIDxSZXF1ZXN0IE1ldGhvZD0iR0VUIiBHdWlkPSI2Yjc1MWUwZS1jNGI5LTQwNjctOGM1ZS1kNGVlZTU0YTg4ZDciIFZlcnNpb249IjEuMSIgVXJsPSJodHRwczovL3NwLmNvcmRpc3NvbHV0aW9ucy5jb20vX2xheW91dHMvMTUvU2NyaXB0UmVzeC5hc2h4IiBUaGlua1RpbWU9IjAiIFRpbWVvdXQ9IjMwMCIgUGFyc2VEZXBlbmRlbnRSZXF1ZXN0cz0iVHJ1ZSIgRm9sbG93UmVkaXJlY3RzPSJUcnVlIiBSZWNvcmRSZXN1bHQ9IlRydWUiIENhY2hlPSJGYWxzZSIgUmVzcG9uc2VUaW1lR29hbD0iMCIgRW5jb2Rpbmc9InV0Zi04IiBFeHBlY3RlZEh0dHBTdGF0dXNDb2RlPSIwIiBFeHBlY3RlZFJlc3BvbnNlVXJsPSIiIFJlcG9ydGluZ05hbWU9IiIgSWdub3JlSHR0cFN0YXR1c0NvZGU9IkZhbHNlIj4NCiAgICAgIDxIZWFkZXJzPg0KICAgICAgICA8SGVhZGVyIE5hbWU9IlJlZmVyZXIiIFZhbHVlPSJodHRwczovL3NwLmNvcmRpc3NvbHV0aW9ucy5jb20vQXBwczAwL1NoYXJlZCUyMERvY3VtZW50cy9Gb3Jtcy9hbGwlMjBkb2N1bWVudHMuYXNweCIgLz4NCiAgICAgIDwvSGVhZGVycz4NCiAgICAgIDxRdWVyeVN0cmluZ1BhcmFtZXRlcnM+DQogICAgICAgIDxRdWVyeVN0cmluZ1BhcmFtZXRlciBOYW1lPSJjdWx0dXJlIiBWYWx1ZT0iZW4lMkR1cyIgUmVjb3JkZWRWYWx1ZT0iZW4lMkR1cyIgQ29ycmVsYXRpb25CaW5kaW5nPSIiIFVybEVuY29kZT0iRmFsc2UiIFVzZVRvR3JvdXBSZXN1bHRzPSJGYWxzZSIgLz4NCiAgICAgICAgPFF1ZXJ5U3RyaW5nUGFyYW1ldGVyIE5hbWU9Im5hbWUiIFZhbHVlPSJTUCUyRVVJJTJFUG9saWN5JTJFUmVzb3VyY2VzIiBSZWNvcmRlZFZhbHVlPSJTUCUyRVVJJTJFUG9saWN5JTJFUmVzb3VyY2VzIiBDb3JyZWxhdGlvbkJpbmRpbmc9IiIgVXJsRW5jb2RlPSJGYWxzZSIgVXNlVG9Hcm91cFJlc3VsdHM9IkZhbHNlIiAvPg0KICAgICAgICA8UXVlcnlTdHJpbmdQYXJhbWV0ZXIgTmFtZT0icmV2IiBWYWx1ZT0ibTJOdnRtMTNEUmdvZENWaSUyQnNSdWt3JTNEJTNEIiBSZWNvcmRlZFZhbHVlPSJtMk52dG0xM0RSZ29kQ1ZpJTJCc1J1a3clM0QlM0QiIENvcnJlbGF0aW9uQmluZGluZz0iIiBVcmxFbmNvZGU9IkZhbHNlIiBVc2VUb0dyb3VwUmVzdWx0cz0iRmFsc2UiIC8+DQogICAgICA8L1F1ZXJ5U3RyaW5nUGFyYW1ldGVycz4NCiAgICA8L1JlcXVlc3Q+DQogICAgPFJlcXVlc3QgTWV0aG9kPSJQT1NUIiBHdWlkPSI4NTFhNzc5NC1iN2Q4LTRkYzMtOWFmMy1jNTNkNmM1NGNiMDkiIFZlcnNpb249IjEuMSIgVXJsPSJodHRwczovL3NwLmNvcmRpc3NvbHV0aW9ucy5jb20vQXBwczAwL19sYXlvdXRzLzE1L2lucGx2aWV3LmFzcHgiIFRoaW5rVGltZT0iMCIgVGltZW91dD0iMzAwIiBQYXJzZURlcGVuZGVudFJlcXVlc3RzPSJUcnVlIiBGb2xsb3dSZWRpcmVjdHM9IlRydWUiIFJlY29yZFJlc3VsdD0iVHJ1ZSIgQ2FjaGU9IkZhbHNlIiBSZXNwb25zZVRpbWVHb2FsPSIwIiBFbmNvZGluZz0idXRmLTgiIEV4cGVjdGVkSHR0cFN0YXR1c0NvZGU9IjAiIEV4cGVjdGVkUmVzcG9uc2VVcmw9IiIgUmVwb3J0aW5nTmFtZT0iIiBJZ25vcmVIdHRwU3RhdHVzQ29kZT0iRmFsc2UiPg0KICAgICAgPEhlYWRlcnM+DQogICAgICAgIDxIZWFkZXIgTmFtZT0iUmVmZXJlciIgVmFsdWU9Imh0dHBzOi8vc3AuY29yZGlzc29sdXRpb25zLmNvbS9BcHBzMDAvU2hhcmVkJTIwRG9jdW1lbnRzL0Zvcm1zL2FsbCUyMGRvY3VtZW50cy5hc3B4IiAvPg0KICAgICAgPC9IZWFkZXJzPg0KICAgICAgPFF1ZXJ5U3RyaW5nUGFyYW1ldGVycz4NCiAgICAgICAgPFF1ZXJ5U3RyaW5nUGFyYW1ldGVyIE5hbWU9Ikxpc3QiIFZhbHVlPSIlN0JFRDI4MTkyQS0zQjY3LTQzRDgtQkE4QS1EQ0NBM0FDRTdEMEIlN0QiIFJlY29yZGVkVmFsdWU9IiU3QkVEMjgxOTJBLTNCNjctNDNEOC1CQThBLURDQ0EzQUNFN0QwQiU3RCIgQ29ycmVsYXRpb25CaW5kaW5nPSIiIFVybEVuY29kZT0iRmFsc2UiIFVzZVRvR3JvdXBSZXN1bHRzPSJGYWxzZSIgLz4NCiAgICAgICAgPFF1ZXJ5U3RyaW5nUGFyYW1ldGVyIE5hbWU9IlZpZXciIFZhbHVlPSIlN0IxMjY3MTVCNy1CNUY4LTRBREItOEEzQS1BOTREMjA4QzIwQTUlN0QiIFJlY29yZGVkVmFsdWU9IiU3QjEyNjcxNUI3LUI1RjgtNEFEQi04QTNBLUE5NEQyMDhDMjBBNSU3RCIgQ29ycmVsYXRpb25CaW5kaW5nPSIiIFVybEVuY29kZT0iRmFsc2UiIFVzZVRvR3JvdXBSZXN1bHRzPSJGYWxzZSIgLz4NCiAgICAgICAgPFF1ZXJ5U3RyaW5nUGFyYW1ldGVyIE5hbWU9IlZpZXdDb3VudCIgVmFsdWU9IjAiIFJlY29yZGVkVmFsdWU9IjAiIENvcnJlbGF0aW9uQmluZGluZz0iIiBVcmxFbmNvZGU9IkZhbHNlIiBVc2VUb0dyb3VwUmVzdWx0cz0iRmFsc2UiIC8+DQogICAgICAgIDxRdWVyeVN0cmluZ1BhcmFtZXRlciBOYW1lPSJJc1hzbFZpZXciIFZhbHVlPSJUUlVFIiBSZWNvcmRlZFZhbHVlPSJUUlVFIiBDb3JyZWxhdGlvbkJpbmRpbmc9IiIgVXJsRW5jb2RlPSJGYWxzZSIgVXNlVG9Hcm91cFJlc3VsdHM9IkZhbHNlIiAvPg0KICAgICAgICA8UXVlcnlTdHJpbmdQYXJhbWV0ZXIgTmFtZT0iSXNDU1IiIFZhbHVlPSJUUlVFIiBSZWNvcmRlZFZhbHVlPSJUUlVFIiBDb3JyZWxhdGlvbkJpbmRpbmc9IiIgVXJsRW5jb2RlPSJGYWxzZSIgVXNlVG9Hcm91cFJlc3VsdHM9IkZhbHNlIiAvPg0KICAgICAgICA8UXVlcnlTdHJpbmdQYXJhbWV0ZXIgTmFtZT0iTGlzdFZpZXdQYWdlVXJsIiBWYWx1ZT0iaHR0cHMlM0ElMkYlMkZzcC5jb3JkaXNzb2x1dGlvbnMuY29tJTJGQXBwczAwJTJGU2hhcmVkJTI1MjBEb2N1bWVudHMlMkZGb3JtcyUyRmFsbCUyNTIwZG9jdW1lbnRzLmFzcHgiIFJlY29yZGVkVmFsdWU9Imh0dHBzJTNBJTJGJTJGc3AuY29yZGlzc29sdXRpb25zLmNvbSUyRkFwcHMwMCUyRlNoYXJlZCUyNTIwRG9jdW1lbnRzJTJGRm9ybXMlMkZhbGwlMjUyMGRvY3VtZW50cy5hc3B4IiBDb3JyZWxhdGlvbkJpbmRpbmc9IiIgVXJsRW5jb2RlPSJGYWxzZSIgVXNlVG9Hcm91cFJlc3VsdHM9IkZhbHNlIiAvPg0KICAgICAgICA8UXVlcnlTdHJpbmdQYXJhbWV0ZXIgTmFtZT0iRmlsdGVyRmllbGQxIiBWYWx1ZT0iQXBwbGljYXRpb24iIFJlY29yZGVkVmFsdWU9IkFwcGxpY2F0aW9uIiBDb3JyZWxhdGlvbkJpbmRpbmc9IiIgVXJsRW5jb2RlPSJGYWxzZSIgVXNlVG9Hcm91cFJlc3VsdHM9IkZhbHNlIiAvPg0KICAgICAgICA8UXVlcnlTdHJpbmdQYXJhbWV0ZXIgTmFtZT0iRmlsdGVyVmFsdWUxIiBWYWx1ZT0ibXlNYXRlcmlhbCIgUmVjb3JkZWRWYWx1ZT0ibXlNYXRlcmlhbCIgQ29ycmVsYXRpb25CaW5kaW5nPSIiIFVybEVuY29kZT0iRmFsc2UiIFVzZVRvR3JvdXBSZXN1bHRzPSJGYWxzZSIgLz4NCiAgICAgIDwvUXVlcnlTdHJpbmdQYXJhbWV0ZXJzPg0KICAgICAgPEZvcm1Qb3N0SHR0cEJvZHkgLz4NCiAgICA8L1JlcXVlc3Q+DQogICAgPFJlcXVlc3QgTWV0aG9kPSJHRVQiIEd1aWQ9ImY0NDMxNTI2LWVjOTMtNGNiOS1iMDRiLWE4ODU1MzAyYmE1MSIgVmVyc2lvbj0iMS4xIiBVcmw9Imh0dHBzOi8vc3AuY29yZGlzc29sdXRpb25zLmNvbS9BcHBzMDAvX2FwaS9zZWFyY2gvc2VhcmNoY2VudGVydXJsIiBUaGlua1RpbWU9IjEiIFRpbWVvdXQ9IjMwMCIgUGFyc2VEZXBlbmRlbnRSZXF1ZXN0cz0iVHJ1ZSIgRm9sbG93UmVkaXJlY3RzPSJUcnVlIiBSZWNvcmRSZXN1bHQ9IlRydWUiIENhY2hlPSJGYWxzZSIgUmVzcG9uc2VUaW1lR29hbD0iMCIgRW5jb2Rpbmc9InV0Zi04IiBFeHBlY3RlZEh0dHBTdGF0dXNDb2RlPSIwIiBFeHBlY3RlZFJlc3BvbnNlVXJsPSIiIFJlcG9ydGluZ05hbWU9IiIgSWdub3JlSHR0cFN0YXR1c0NvZGU9IkZhbHNlIj4NCiAgICAgIDxIZWFkZXJzPg0KICAgICAgICA8SGVhZGVyIE5hbWU9IkFjY2VwdCIgVmFsdWU9ImFwcGxpY2F0aW9uL2pzb247b2RhdGE9dmVyYm9zZSIgLz4NCiAgICAgICAgPEhlYWRlciBOYW1lPSJSZWZlcmVyIiBWYWx1ZT0iaHR0cHM6Ly9zcC5jb3JkaXNzb2x1dGlvbnMuY29tL0FwcHMwMC9TaGFyZWQlMjBEb2N1bWVudHMvRm9ybXMvYWxsJTIwZG9jdW1lbnRzLmFzcHgiIC8+DQogICAgICA8L0hlYWRlcnM+DQogICAgPC9SZXF1ZXN0Pg0KICAgIDxSZXF1ZXN0IE1ldGhvZD0iR0VUIiBHdWlkPSI4ZDc1NzY1ZS01ODU3LTQ1ZTgtOWExOC0yMjAwMWNjYzgwNmIiIFZlcnNpb249IjEuMSIgVXJsPSJodHRwczovL3NwLmNvcmRpc3NvbHV0aW9ucy5jb20vQXBwczAwL19sYXlvdXRzLzE1L1VwbG9hZC5hc3B4IiBUaGlua1RpbWU9IjAiIFRpbWVvdXQ9IjMwMCIgUGFyc2VEZXBlbmRlbnRSZXF1ZXN0cz0iVHJ1ZSIgRm9sbG93UmVkaXJlY3RzPSJUcnVlIiBSZWNvcmRSZXN1bHQ9IlRydWUiIENhY2hlPSJGYWxzZSIgUmVzcG9uc2VUaW1lR29hbD0iMCIgRW5jb2Rpbmc9InV0Zi04IiBFeHBlY3RlZEh0dHBTdGF0dXNDb2RlPSIwIiBFeHBlY3RlZFJlc3BvbnNlVXJsPSIiIFJlcG9ydGluZ05hbWU9IiIgSWdub3JlSHR0cFN0YXR1c0NvZGU9IkZhbHNlIj4NCiAgICAgIDxIZWFkZXJzPg0KICAgICAgICA8SGVhZGVyIE5hbWU9IlJlZmVyZXIiIFZhbHVlPSJodHRwczovL3NwLmNvcmRpc3NvbHV0aW9ucy5jb20vQXBwczAwL1NoYXJlZCUyMERvY3VtZW50cy9Gb3Jtcy9hbGwlMjBkb2N1bWVudHMuYXNweCIgLz4NCiAgICAgIDwvSGVhZGVycz4NCiAgICAgIDxFeHRyYWN0aW9uUnVsZXM+DQogICAgICAgIDxFeHRyYWN0aW9uUnVsZSBDbGFzc25hbWU9Ik1pY3Jvc29mdC5WaXN1YWxTdHVkaW8uVGVzdFRvb2xzLldlYlRlc3RpbmcuUnVsZXMuRXh0cmFjdFRleHQsIE1pY3Jvc29mdC5WaXN1YWxTdHVkaW8uUXVhbGl0eVRvb2xzLldlYlRlc3RGcmFtZXdvcmssIFZlcnNpb249MTAuMC4wLjAsIEN1bHR1cmU9bmV1dHJhbCwgUHVibGljS2V5VG9rZW49YjAzZjVmN2YxMWQ1MGEzYSIgVmFyaWFibGVOYW1lPSJGb3JtUG9zdFBhcmFtMjAuX19SRVFVRVNURElHRVNUIiBEaXNwbGF5TmFtZT0iRXh0cmFjdCBUZXh0IiBEZXNjcmlwdGlvbj0iRXh0cmFjdCB0ZXh0IGZyb20gdGhlIHJlc3BvbnNlIGFuZCBwbGFjZSBpdCBpbnRvIHRoZSB0ZXN0IGNvbnRleHQuIj4NCiAgICAgICAgICA8UnVsZVBhcmFtZXRlcnM+DQogICAgICAgICAgICA8UnVsZVBhcmFtZXRlciBOYW1lPSJTdGFydHNXaXRoIiBWYWx1ZT0ibHVlPSZxdW90OyIgLz4NCiAgICAgICAgICAgIDxSdWxlUGFyYW1ldGVyIE5hbWU9IkVuZHNXaXRoIiBWYWx1ZT0iJnF1b3Q7IC8mZ3Q7JiN4RDsiIC8+DQogICAgICAgICAgICA8UnVsZVBhcmFtZXRlciBOYW1lPSJJbmRleCIgVmFsdWU9IjE4IiAvPg0KICAgICAgICAgICAgPFJ1bGVQYXJhbWV0ZXIgTmFtZT0iSWdub3JlQ2FzZSIgVmFsdWU9IkZhbHNlIiAvPg0KICAgICAgICAgICAgPFJ1bGVQYXJhbWV0ZXIgTmFtZT0iVXNlUmVndWxhckV4cHJlc3Npb24iIFZhbHVlPSJGYWxzZSIgLz4NCiAgICAgICAgICAgIDxSdWxlUGFyYW1ldGVyIE5hbWU9Ikh0bWxEZWNvZGUiIFZhbHVlPSJUcnVlIiAvPg0KICAgICAgICAgICAgPFJ1bGVQYXJhbWV0ZXIgTmFtZT0iUmVxdWlyZWQiIFZhbHVlPSJGYWxzZSIgLz4NCiAgICAgICAgICA8L1J1bGVQYXJhbWV0ZXJzPg0KICAgICAgICA8L0V4dHJhY3Rpb25SdWxlPg0KICAgICAgPC9FeHRyYWN0aW9uUnVsZXM+DQogICAgICA8Q29ycmVsYXRpb25FeHRyYWN0aW9uUnVsZXM+DQogICAgICAgIDxFeHRyYWN0aW9uUnVsZSBDbGFzc25hbWU9Ik1pY3Jvc29mdC5WaXN1YWxTdHVkaW8uVGVzdFRvb2xzLldlYlRlc3RpbmcuUnVsZXMuRXh0cmFjdFRleHQsIE1pY3Jvc29mdC5WaXN1YWxTdHVkaW8uUXVhbGl0eVRvb2xzLldlYlRlc3RGcmFtZXdvcmssIFZlcnNpb249MTAuMC4wLjAsIEN1bHR1cmU9bmV1dHJhbCwgUHVibGljS2V5VG9rZW49YjAzZjVmN2YxMWQ1MGEzYSIgVmFyaWFibGVOYW1lPSJRdWVyeVN0cmluZ1BhcmFtMTIuSXNEbGciIERpc3BsYXlOYW1lPSIiIERlc2NyaXB0aW9uPSIiPg0KICAgICAgICAgIDxSdWxlUGFyYW1ldGVycz4NCiAgICAgICAgICAgIDxSdWxlUGFyYW1ldGVyIE5hbWU9IlN0YXJ0c1dpdGgiIFZhbHVlPSImYW1wO2FtcDtJc0RsZz0iIC8+DQogICAgICAgICAgICA8UnVsZVBhcmFtZXRlciBOYW1lPSJFbmRzV2l0aCIgVmFsdWU9IiZxdW90OyIgLz4NCiAgICAgICAgICAgIDxSdWxlUGFyYW1ldGVyIE5hbWU9IkluZGV4IiBWYWx1ZT0iMCIgLz4NCiAgICAgICAgICAgIDxSdWxlUGFyYW1ldGVyIE5hbWU9Iklnbm9yZUNhc2UiIFZhbHVlPSJGYWxzZSIgLz4NCiAgICAgICAgICAgIDxSdWxlUGFyYW1ldGVyIE5hbWU9IlVzZVJlZ3VsYXJFeHByZXNzaW9uIiBWYWx1ZT0iRmFsc2UiIC8+DQogICAgICAgICAgICA8UnVsZVBhcmFtZXRlciBOYW1lPSJIdG1sRGVjb2RlIiBWYWx1ZT0iVHJ1ZSIgLz4NCiAgICAgICAgICAgIDxSdWxlUGFyYW1ldGVyIE5hbWU9IlJlcXVpcmVkIiBWYWx1ZT0iRmFsc2UiIC8+DQogICAgICAgICAgPC9SdWxlUGFyYW1ldGVycz4NCiAgICAgICAgPC9FeHRyYWN0aW9uUnVsZT4NCiAgICAgICAgPEV4dHJhY3Rpb25SdWxlIENsYXNzbmFtZT0iTWljcm9zb2Z0LlZpc3VhbFN0dWRpby5UZXN0VG9vbHMuV2ViVGVzdGluZy5SdWxlcy5FeHRyYWN0VGV4dCwgTWljcm9zb2Z0LlZpc3VhbFN0dWRpby5RdWFsaXR5VG9vbHMuV2ViVGVzdEZyYW1ld29yaywgVmVyc2lvbj0xMC4wLjAuMCwgQ3VsdHVyZT1uZXV0cmFsLCBQdWJsaWNLZXlUb2tlbj1iMDNmNWY3ZjExZDUwYTNhIiBWYXJpYWJsZU5hbWU9IlF1ZXJ5U3RyaW5nUGFyYW0yODkuTGlzdCIgRGlzcGxheU5hbWU9IiIgRGVzY3JpcHRpb249IiI+DQogICAgICAgICAgPFJ1bGVQYXJhbWV0ZXJzPg0KICAgICAgICAgICAgPFJ1bGVQYXJhbWV0ZXIgTmFtZT0iU3RhcnRzV2l0aCIgVmFsdWU9Ij9MaXN0PSIgLz4NCiAgICAgICAgICAgIDxSdWxlUGFyYW1ldGVyIE5hbWU9IkVuZHNXaXRoIiBWYWx1ZT0iJmFtcDsiIC8+DQogICAgICAgICAgICA8UnVsZVBhcmFtZXRlciBOYW1lPSJJbmRleCIgVmFsdWU9IjAiIC8+DQogICAgICAgICAgICA8UnVsZVBhcmFtZXRlciBOYW1lPSJJZ25vcmVDYXNlIiBWYWx1ZT0iRmFsc2UiIC8+DQogICAgICAgICAgICA8UnVsZVBhcmFtZXRlciBOYW1lPSJVc2VSZWd1bGFyRXhwcmVzc2lvbiIgVmFsdWU9IkZhbHNlIiAvPg0KICAgICAgICAgICAgPFJ1bGVQYXJhbWV0ZXIgTmFtZT0iSHRtbERlY29kZSIgVmFsdWU9IlRydWUiIC8+DQogICAgICAgICAgICA8UnVsZVBhcmFtZXRlciBOYW1lPSJSZXF1aXJlZCIgVmFsdWU9IkZhbHNlIiAvPg0KICAgICAgICAgIDwvUnVsZVBhcmFtZXRlcnM+DQogICAgICAgIDwvRXh0cmFjdGlvblJ1bGU+DQogICAgICAgIDxFeHRyYWN0aW9uUnVsZSBDbGFzc25hbWU9Ik1pY3Jvc29mdC5WaXN1YWxTdHVkaW8uVGVzdFRvb2xzLldlYlRlc3RpbmcuUnVsZXMuRXh0cmFjdFRleHQsIE1pY3Jvc29mdC5WaXN1YWxTdHVkaW8uUXVhbGl0eVRvb2xzLldlYlRlc3RGcmFtZXdvcmssIFZlcnNpb249MTAuMC4wLjAsIEN1bHR1cmU9bmV1dHJhbCwgUHVibGljS2V5VG9rZW49YjAzZjVmN2YxMWQ1MGEzYSIgVmFyaWFibGVOYW1lPSJRdWVyeVN0cmluZ1BhcmFtMjkwLklzRGxnIiBEaXNwbGF5TmFtZT0iIiBEZXNjcmlwdGlvbj0iIj4NCiAgICAgICAgICA8UnVsZVBhcmFtZXRlcnM+DQogICAgICAgICAgICA8UnVsZVBhcmFtZXRlciBOYW1lPSJTdGFydHNXaXRoIiBWYWx1ZT0iJmFtcDthbXA7SXNEbGc9IiAvPg0KICAgICAgICAgICAgPFJ1bGVQYXJhbWV0ZXIgTmFtZT0iRW5kc1dpdGgiIFZhbHVlPSImcXVvdDsiIC8+DQogICAgICAgICAgICA8UnVsZVBhcmFtZXRlciBOYW1lPSJJbmRleCIgVmFsdWU9IjAiIC8+DQogICAgICAgICAgICA8UnVsZVBhcmFtZXRlciBOYW1lPSJJZ25vcmVDYXNlIiBWYWx1ZT0iRmFsc2UiIC8+DQogICAgICAgICAgICA8UnVsZVBhcmFtZXRlciBOYW1lPSJVc2VSZWd1bGFyRXhwcmVzc2lvbiIgVmFsdWU9IkZhbHNlIiAvPg0KICAgICAgICAgICAgPFJ1bGVQYXJhbWV0ZXIgTmFtZT0iSHRtbERlY29kZSIgVmFsdWU9IlRydWUiIC8+DQogICAgICAgICAgICA8UnVsZVBhcmFtZXRlciBOYW1lPSJSZXF1aXJlZCIgVmFsdWU9IkZhbHNlIiAvPg0KICAgICAgICAgIDwvUnVsZVBhcmFtZXRlcnM+DQogICAgICAgIDwvRXh0cmFjdGlvblJ1bGU+DQogICAgICAgIDxFeHRyYWN0aW9uUnVsZSBDbGFzc25hbWU9Ik1pY3Jvc29mdC5WaXN1YWxTdHVkaW8uVGVzdFRvb2xzLldlYlRlc3RpbmcuUnVsZXMuRXh0cmFjdFRleHQsIE1pY3Jvc29mdC5WaXN1YWxTdHVkaW8uUXVhbGl0eVRvb2xzLldlYlRlc3RGcmFtZXdvcmssIFZlcnNpb249MTAuMC4wLjAsIEN1bHR1cmU9bmV1dHJhbCwgUHVibGljS2V5VG9rZW49YjAzZjVmN2YxMWQ1MGEzYSIgVmFyaWFibGVOYW1lPSJGb3JtUG9zdFBhcmFtMTAuTVNPVGxQbl9WaWV3IiBEaXNwbGF5TmFtZT0iIiBEZXNjcmlwdGlvbj0iIj4NCiAgICAgICAgICA8UnVsZVBhcmFtZXRlcnM+DQogICAgICAgICAgICA8UnVsZVBhcmFtZXRlciBOYW1lPSJTdGFydHNXaXRoIiBWYWx1ZT0iZW50PSZxdW90OyIgLz4NCiAgICAgICAgICAgIDxSdWxlUGFyYW1ldGVyIE5hbWU9IkVuZHNXaXRoIiBWYWx1ZT0iJnF1b3Q7IC8mZ3Q7JiN4RDsiIC8+DQogICAgICAgICAgICA8UnVsZVBhcmFtZXRlciBOYW1lPSJJbmRleCIgVmFsdWU9IjMiIC8+DQogICAgICAgICAgICA8UnVsZVBhcmFtZXRlciBOYW1lPSJJZ25vcmVDYXNlIiBWYWx1ZT0iRmFsc2UiIC8+DQogICAgICAgICAgICA8UnVsZVBhcmFtZXRlciBOYW1lPSJVc2VSZWd1bGFyRXhwcmVzc2lvbiIgVmFsdWU9IkZhbHNlIiAvPg0KICAgICAgICAgICAgPFJ1bGVQYXJhbWV0ZXIgTmFtZT0iSHRtbERlY29kZSIgVmFsdWU9IlRydWUiIC8+DQogICAgICAgICAgICA8UnVsZVBhcmFtZXRlciBOYW1lPSJSZXF1aXJlZCIgVmFsdWU9IkZhbHNlIiAvPg0KICAgICAgICAgIDwvUnVsZVBhcmFtZXRlcnM+DQogICAgICAgIDwvRXh0cmFjdGlvblJ1bGU+DQogICAgICAgIDxFeHRyYWN0aW9uUnVsZSBDbGFzc25hbWU9Ik1pY3Jvc29mdC5WaXN1YWxTdHVkaW8uVGVzdFRvb2xzLldlYlRlc3RpbmcuUnVsZXMuRXh0cmFjdFRleHQsIE1pY3Jvc29mdC5WaXN1YWxTdHVkaW8uUXVhbGl0eVRvb2xzLldlYlRlc3RGcmFtZXdvcmssIFZlcnNpb249MTAuMC4wLjAsIEN1bHR1cmU9bmV1dHJhbCwgUHVibGljS2V5VG9rZW49YjAzZjVmN2YxMWQ1MGEzYSIgVmFyaWFibGVOYW1lPSJGb3JtUG9zdFBhcmFtMTEuTVNPVGxQbl9TaG93U2V0dGluZ3MiIERpc3BsYXlOYW1lPSIiIERlc2NyaXB0aW9uPSIiPg0KICAgICAgICAgIDxSdWxlUGFyYW1ldGVycz4NCiAgICAgICAgICAgIDxSdWxlUGFyYW1ldGVyIE5hbWU9IlN0YXJ0c1dpdGgiIFZhbHVlPSIgPSAoJnF1b3Q7IiAvPg0KICAgICAgICAgICAgPFJ1bGVQYXJhbWV0ZXIgTmFtZT0iRW5kc1dpdGgiIFZhbHVlPSImcXVvdDsgPT0gIiAvPg0KICAgICAgICAgICAgPFJ1bGVQYXJhbWV0ZXIgTmFtZT0iSW5kZXgiIFZhbHVlPSIwIiAvPg0KICAgICAgICAgICAgPFJ1bGVQYXJhbWV0ZXIgTmFtZT0iSWdub3JlQ2FzZSIgVmFsdWU9IkZhbHNlIiAvPg0KICAgICAgICAgICAgPFJ1bGVQYXJhbWV0ZXIgTmFtZT0iVXNlUmVndWxhckV4cHJlc3Npb24iIFZhbHVlPSJGYWxzZSIgLz4NCiAgICAgICAgICAgIDxSdWxlUGFyYW1ldGVyIE5hbWU9Ikh0bWxEZWNvZGUiIFZhbHVlPSJUcnVlIiAvPg0KICAgICAgICAgICAgPFJ1bGVQYXJhbWV0ZXIgTmFtZT0iUmVxdWlyZWQiIFZhbHVlPSJGYWxzZSIgLz4NCiAgICAgICAgICA8L1J1bGVQYXJhbWV0ZXJzPg0KICAgICAgICA8L0V4dHJhY3Rpb25SdWxlPg0KICAgICAgICA8RXh0cmFjdGlvblJ1bGUgQ2xhc3NuYW1lPSJNaWNyb3NvZnQuVmlzdWFsU3R1ZGlvLlRlc3RUb29scy5XZWJUZXN0aW5nLlJ1bGVzLkV4dHJhY3RUZXh0LCBNaWNyb3NvZnQuVmlzdWFsU3R1ZGlvLlF1YWxpdHlUb29scy5XZWJUZXN0RnJhbWV3b3JrLCBWZXJzaW9uPTEwLjAuMC4wLCBDdWx0dXJlPW5ldXRyYWwsIFB1YmxpY0tleVRva2VuPWIwM2Y1ZjdmMTFkNTBhM2EiIFZhcmlhYmxlTmFtZT0iRm9ybVBvc3RQYXJhbTEyLk1TT1RsUG5fQnV0dG9uIiBEaXNwbGF5TmFtZT0iIiBEZXNjcmlwdGlvbj0iIj4NCiAgICAgICAgICA8UnVsZVBhcmFtZXRlcnM+DQogICAgICAgICAgICA8UnVsZVBhcmFtZXRlciBOYW1lPSJTdGFydHNXaXRoIiBWYWx1ZT0ieSA9ICZxdW90OyIgLz4NCiAgICAgICAgICAgIDxSdWxlUGFyYW1ldGVyIE5hbWU9IkVuZHNXaXRoIiBWYWx1ZT0iJnF1b3Q7OyYjeEQ7JiN4QTsgIiAvPg0KICAgICAgICAgICAgPFJ1bGVQYXJhbWV0ZXIgTmFtZT0iSW5kZXgiIFZhbHVlPSIwIiAvPg0KICAgICAgICAgICAgPFJ1bGVQYXJhbWV0ZXIgTmFtZT0iSWdub3JlQ2FzZSIgVmFsdWU9IkZhbHNlIiAvPg0KICAgICAgICAgICAgPFJ1bGVQYXJhbWV0ZXIgTmFtZT0iVXNlUmVndWxhckV4cHJlc3Npb24iIFZhbHVlPSJGYWxzZSIgLz4NCiAgICAgICAgICAgIDxSdWxlUGFyYW1ldGVyIE5hbWU9Ikh0bWxEZWNvZGUiIFZhbHVlPSJUcnVlIiAvPg0KICAgICAgICAgICAgPFJ1bGVQYXJhbWV0ZXIgTmFtZT0iUmVxdWlyZWQiIFZhbHVlPSJGYWxzZSIgLz4NCiAgICAgICAgICA8L1J1bGVQYXJhbWV0ZXJzPg0KICAgICAgICA8L0V4dHJhY3Rpb25SdWxlPg0KICAgICAgICA8RXh0cmFjdGlvblJ1bGUgQ2xhc3NuYW1lPSJNaWNyb3NvZnQuVmlzdWFsU3R1ZGlvLlRlc3RUb29scy5XZWJUZXN0aW5nLlJ1bGVzLkV4dHJhY3RUZXh0LCBNaWNyb3NvZnQuVmlzdWFsU3R1ZGlvLlF1YWxpdHlUb29scy5XZWJUZXN0RnJhbWV3b3JrLCBWZXJzaW9uPTEwLjAuMC4wLCBDdWx0dXJlPW5ldXRyYWwsIFB1YmxpY0tleVRva2VuPWIwM2Y1ZjdmMTFkNTBhM2EiIFZhcmlhYmxlTmFtZT0iRm9ybVBvc3RQYXJhbTEzLl9fRVZFTlRUQVJHRVQiIERpc3BsYXlOYW1lPSIiIERlc2NyaXB0aW9uPSIiPg0KICAgICAgICAgIDxSdWxlUGFyYW1ldGVycz4NCiAgICAgICAgICAgIDxSdWxlUGFyYW1ldGVyIE5hbWU9IlN0YXJ0c1dpdGgiIFZhbHVlPSJhbWU9JnF1b3Q7IiAvPg0KICAgICAgICAgICAgPFJ1bGVQYXJhbWV0ZXIgTmFtZT0iRW5kc1dpdGgiIFZhbHVlPSImcXVvdDsgdHlwIiAvPg0KICAgICAgICAgICAgPFJ1bGVQYXJhbWV0ZXIgTmFtZT0iSW5kZXgiIFZhbHVlPSIzNSIgLz4NCiAgICAgICAgICAgIDxSdWxlUGFyYW1ldGVyIE5hbWU9Iklnbm9yZUNhc2UiIFZhbHVlPSJGYWxzZSIgLz4NCiAgICAgICAgICAgIDxSdWxlUGFyYW1ldGVyIE5hbWU9IlVzZVJlZ3VsYXJFeHByZXNzaW9uIiBWYWx1ZT0iRmFsc2UiIC8+DQogICAgICAgICAgICA8UnVsZVBhcmFtZXRlciBOYW1lPSJIdG1sRGVjb2RlIiBWYWx1ZT0iVHJ1ZSIgLz4NCiAgICAgICAgICAgIDxSdWxlUGFyYW1ldGVyIE5hbWU9IlJlcXVpcmVkIiBWYWx1ZT0iRmFsc2UiIC8+DQogICAgICAgICAgPC9SdWxlUGFyYW1ldGVycz4NCiAgICAgICAgPC9FeHRyYWN0aW9uUnVsZT4NCiAgICAgICAgPEV4dHJhY3Rpb25SdWxlIENsYXNzbmFtZT0iTWljcm9zb2Z0LlZpc3VhbFN0dWRpby5UZXN0VG9vbHMuV2ViVGVzdGluZy5SdWxlcy5FeHRyYWN0VGV4dCwgTWljcm9zb2Z0LlZpc3VhbFN0dWRpby5RdWFsaXR5VG9vbHMuV2ViVGVzdEZyYW1ld29yaywgVmVyc2lvbj0xMC4wLjAuMCwgQ3VsdHVyZT1uZXV0cmFsLCBQdWJsaWNLZXlUb2tlbj1iMDNmNWY3ZjExZDUwYTNhIiBWYXJpYWJsZU5hbWU9IkZvcm1Qb3N0UGFyYW0xNC5NU09TUFdlYlBhcnRNYW5hZ2VyX0Rpc3BsYXlNb2RlTmFtZSIgRGlzcGxheU5hbWU9IiIgRGVzY3JpcHRpb249IiI+DQogICAgICAgICAgPFJ1bGVQYXJhbWV0ZXJzPg0KICAgICAgICAgICAgPFJ1bGVQYXJhbWV0ZXIgTmFtZT0iU3RhcnRzV2l0aCIgVmFsdWU9Imx1ZT0mcXVvdDsiIC8+DQogICAgICAgICAgICA8UnVsZVBhcmFtZXRlciBOYW1lPSJFbmRzV2l0aCIgVmFsdWU9IiZxdW90OyAvJmd0OyYjeEQ7IiAvPg0KICAgICAgICAgICAgPFJ1bGVQYXJhbWV0ZXIgTmFtZT0iSW5kZXgiIFZhbHVlPSI5IiAvPg0KICAgICAgICAgICAgPFJ1bGVQYXJhbWV0ZXIgTmFtZT0iSWdub3JlQ2FzZSIgVmFsdWU9IkZhbHNlIiAvPg0KICAgICAgICAgICAgPFJ1bGVQYXJhbWV0ZXIgTmFtZT0iVXNlUmVndWxhckV4cHJlc3Npb24iIFZhbHVlPSJGYWxzZSIgLz4NCiAgICAgICAgICAgIDxSdWxlUGFyYW1ldGVyIE5hbWU9Ikh0bWxEZWNvZGUiIFZhbHVlPSJUcnVlIiAvPg0KICAgICAgICAgICAgPFJ1bGVQYXJhbWV0ZXIgTmFtZT0iUmVxdWlyZWQiIFZhbHVlPSJGYWxzZSIgLz4NCiAgICAgICAgICA8L1J1bGVQYXJhbWV0ZXJzPg0KICAgICAgICA8L0V4dHJhY3Rpb25SdWxlPg0KICAgICAgICA8RXh0cmFjdGlvblJ1bGUgQ2xhc3NuYW1lPSJNaWNyb3NvZnQuVmlzdWFsU3R1ZGlvLlRlc3RUb29scy5XZWJUZXN0aW5nLlJ1bGVzLkV4dHJhY3RUZXh0LCBNaWNyb3NvZnQuVmlzdWFsU3R1ZGlvLlF1YWxpdHlUb29scy5XZWJUZXN0RnJhbWV3b3JrLCBWZXJzaW9uPTEwLjAuMC4wLCBDdWx0dXJlPW5ldXRyYWwsIFB1YmxpY0tleVRva2VuPWIwM2Y1ZjdmMTFkNTBhM2EiIFZhcmlhYmxlTmFtZT0iRm9ybVBvc3RQYXJhbTE1Lk1TT1NQV2ViUGFydE1hbmFnZXJfRXhpdGluZ0Rlc2lnbk1vZGUiIERpc3BsYXlOYW1lPSIiIERlc2NyaXB0aW9uPSIiPg0KICAgICAgICAgIDxSdWxlUGFyYW1ldGVycz4NCiAgICAgICAgICAgIDxSdWxlUGFyYW1ldGVyIE5hbWU9IlN0YXJ0c1dpdGgiIFZhbHVlPSJsdWU9JnF1b3Q7IiAvPg0KICAgICAgICAgICAgPFJ1bGVQYXJhbWV0ZXIgTmFtZT0iRW5kc1dpdGgiIFZhbHVlPSImcXVvdDsgLyZndDsmI3hEOyIgLz4NCiAgICAgICAgICAgIDxSdWxlUGFyYW1ldGVyIE5hbWU9IkluZGV4IiBWYWx1ZT0iMTAiIC8+DQogICAgICAgICAgICA8UnVsZVBhcmFtZXRlciBOYW1lPSJJZ25vcmVDYXNlIiBWYWx1ZT0iRmFsc2UiIC8+DQogICAgICAgICAgICA8UnVsZVBhcmFtZXRlciBOYW1lPSJVc2VSZWd1bGFyRXhwcmVzc2lvbiIgVmFsdWU9IkZhbHNlIiAvPg0KICAgICAgICAgICAgPFJ1bGVQYXJhbWV0ZXIgTmFtZT0iSHRtbERlY29kZSIgVmFsdWU9IlRydWUiIC8+DQogICAgICAgICAgICA8UnVsZVBhcmFtZXRlciBOYW1lPSJSZXF1aXJlZCIgVmFsdWU9IkZhbHNlIiAvPg0KICAgICAgICAgIDwvUnVsZVBhcmFtZXRlcnM+DQogICAgICAgIDwvRXh0cmFjdGlvblJ1bGU+DQogICAgICAgIDxFeHRyYWN0aW9uUnVsZSBDbGFzc25hbWU9Ik1pY3Jvc29mdC5WaXN1YWxTdHVkaW8uVGVzdFRvb2xzLldlYlRlc3RpbmcuUnVsZXMuRXh0cmFjdFRleHQsIE1pY3Jvc29mdC5WaXN1YWxTdHVkaW8uUXVhbGl0eVRvb2xzLldlYlRlc3RGcmFtZXdvcmssIFZlcnNpb249MTAuMC4wLjAsIEN1bHR1cmU9bmV1dHJhbCwgUHVibGljS2V5VG9rZW49YjAzZjVmN2YxMWQ1MGEzYSIgVmFyaWFibGVOYW1lPSJGb3JtUG9zdFBhcmFtMTYuTVNPU1BXZWJQYXJ0TWFuYWdlcl9PbGREaXNwbGF5TW9kZU5hbWUiIERpc3BsYXlOYW1lPSIiIERlc2NyaXB0aW9uPSIiPg0KICAgICAgICAgIDxSdWxlUGFyYW1ldGVycz4NCiAgICAgICAgICAgIDxSdWxlUGFyYW1ldGVyIE5hbWU9IlN0YXJ0c1dpdGgiIFZhbHVlPSJsdWU9JnF1b3Q7IiAvPg0KICAgICAgICAgICAgPFJ1bGVQYXJhbWV0ZXIgTmFtZT0iRW5kc1dpdGgiIFZhbHVlPSImcXVvdDsgLyZndDsmI3hEOyIgLz4NCiAgICAgICAgICAgIDxSdWxlUGFyYW1ldGVyIE5hbWU9IkluZGV4IiBWYWx1ZT0iOSIgLz4NCiAgICAgICAgICAgIDxSdWxlUGFyYW1ldGVyIE5hbWU9Iklnbm9yZUNhc2UiIFZhbHVlPSJGYWxzZSIgLz4NCiAgICAgICAgICAgIDxSdWxlUGFyYW1ldGVyIE5hbWU9IlVzZVJlZ3VsYXJFeHByZXNzaW9uIiBWYWx1ZT0iRmFsc2UiIC8+DQogICAgICAgICAgICA8UnVsZVBhcmFtZXRlciBOYW1lPSJIdG1sRGVjb2RlIiBWYWx1ZT0iVHJ1ZSIgLz4NCiAgICAgICAgICAgIDxSdWxlUGFyYW1ldGVyIE5hbWU9IlJlcXVpcmVkIiBWYWx1ZT0iRmFsc2UiIC8+DQogICAgICAgICAgPC9SdWxlUGFyYW1ldGVycz4NCiAgICAgICAgPC9FeHRyYWN0aW9uUnVsZT4NCiAgICAgICAgPEV4dHJhY3Rpb25SdWxlIENsYXNzbmFtZT0iTWljcm9zb2Z0LlZpc3VhbFN0dWRpby5UZXN0VG9vbHMuV2ViVGVzdGluZy5SdWxlcy5FeHRyYWN0VGV4dCwgTWljcm9zb2Z0LlZpc3VhbFN0dWRpby5RdWFsaXR5VG9vbHMuV2ViVGVzdEZyYW1ld29yaywgVmVyc2lvbj0xMC4wLjAuMCwgQ3VsdHVyZT1uZXV0cmFsLCBQdWJsaWNLZXlUb2tlbj1iMDNmNWY3ZjExZDUwYTNhIiBWYXJpYWJsZU5hbWU9IkZvcm1Qb3N0UGFyYW0xNy5NU09TUFdlYlBhcnRNYW5hZ2VyX1N0YXJ0V2ViUGFydEVkaXRpbmdOYW1lIiBEaXNwbGF5TmFtZT0iIiBEZXNjcmlwdGlvbj0iIj4NCiAgICAgICAgICA8UnVsZVBhcmFtZXRlcnM+DQogICAgICAgICAgICA8UnVsZVBhcmFtZXRlciBOYW1lPSJTdGFydHNXaXRoIiBWYWx1ZT0ibHVlPSZxdW90OyIgLz4NCiAgICAgICAgICAgIDxSdWxlUGFyYW1ldGVyIE5hbWU9IkVuZHNXaXRoIiBWYWx1ZT0iJnF1b3Q7IC8mZ3Q7JiN4RDsiIC8+DQogICAgICAgICAgICA8UnVsZVBhcmFtZXRlciBOYW1lPSJJbmRleCIgVmFsdWU9IjEwIiAvPg0KICAgICAgICAgICAgPFJ1bGVQYXJhbWV0ZXIgTmFtZT0iSWdub3JlQ2FzZSIgVmFsdWU9IkZhbHNlIiAvPg0KICAgICAgICAgICAgPFJ1bGVQYXJhbWV0ZXIgTmFtZT0iVXNlUmVndWxhckV4cHJlc3Npb24iIFZhbHVlPSJGYWxzZSIgLz4NCiAgICAgICAgICAgIDxSdWxlUGFyYW1ldGVyIE5hbWU9Ikh0bWxEZWNvZGUiIFZhbHVlPSJUcnVlIiAvPg0KICAgICAgICAgICAgPFJ1bGVQYXJhbWV0ZXIgTmFtZT0iUmVxdWlyZWQiIFZhbHVlPSJGYWxzZSIgLz4NCiAgICAgICAgICA8L1J1bGVQYXJhbWV0ZXJzPg0KICAgICAgICA8L0V4dHJhY3Rpb25SdWxlPg0KICAgICAgICA8RXh0cmFjdGlvblJ1bGUgQ2xhc3NuYW1lPSJNaWNyb3NvZnQuVmlzdWFsU3R1ZGlvLlRlc3RUb29scy5XZWJUZXN0aW5nLlJ1bGVzLkV4dHJhY3RUZXh0LCBNaWNyb3NvZnQuVmlzdWFsU3R1ZGlvLlF1YWxpdHlUb29scy5XZWJUZXN0RnJhbWV3b3JrLCBWZXJzaW9uPTEwLjAuMC4wLCBDdWx0dXJlPW5ldXRyYWwsIFB1YmxpY0tleVRva2VuPWIwM2Y1ZjdmMTFkNTBhM2EiIFZhcmlhYmxlTmFtZT0iRm9ybVBvc3RQYXJhbTE4Lk1TT1NQV2ViUGFydE1hbmFnZXJfRW5kV2ViUGFydEVkaXRpbmciIERpc3BsYXlOYW1lPSIiIERlc2NyaXB0aW9uPSIiPg0KICAgICAgICAgIDxSdWxlUGFyYW1ldGVycz4NCiAgICAgICAgICAgIDxSdWxlUGFyYW1ldGVyIE5hbWU9IlN0YXJ0c1dpdGgiIFZhbHVlPSJsdWU9JnF1b3Q7IiAvPg0KICAgICAgICAgICAgPFJ1bGVQYXJhbWV0ZXIgTmFtZT0iRW5kc1dpdGgiIFZhbHVlPSImcXVvdDsgLyZndDsmI3hEOyIgLz4NCiAgICAgICAgICAgIDxSdWxlUGFyYW1ldGVyIE5hbWU9IkluZGV4IiBWYWx1ZT0iMTAiIC8+DQogICAgICAgICAgICA8UnVsZVBhcmFtZXRlciBOYW1lPSJJZ25vcmVDYXNlIiBWYWx1ZT0iRmFsc2UiIC8+DQogICAgICAgICAgICA8UnVsZVBhcmFtZXRlciBOYW1lPSJVc2VSZWd1bGFyRXhwcmVzc2lvbiIgVmFsdWU9IkZhbHNlIiAvPg0KICAgICAgICAgICAgPFJ1bGVQYXJhbWV0ZXIgTmFtZT0iSHRtbERlY29kZSIgVmFsdWU9IlRydWUiIC8+DQogICAgICAgICAgICA8UnVsZVBhcmFtZXRlciBOYW1lPSJSZXF1aXJlZCIgVmFsdWU9IkZhbHNlIiAvPg0KICAgICAgICAgIDwvUnVsZVBhcmFtZXRlcnM+DQogICAgICAgIDwvRXh0cmFjdGlvblJ1bGU+DQogICAgICAgIDxFeHRyYWN0aW9uUnVsZSBDbGFzc25hbWU9Ik1pY3Jvc29mdC5WaXN1YWxTdHVkaW8uVGVzdFRvb2xzLldlYlRlc3RpbmcuUnVsZXMuRXh0cmFjdFRleHQsIE1pY3Jvc29mdC5WaXN1YWxTdHVkaW8uUXVhbGl0eVRvb2xzLldlYlRlc3RGcmFtZXdvcmssIFZlcnNpb249MTAuMC4wLjAsIEN1bHR1cmU9bmV1dHJhbCwgUHVibGljS2V5VG9rZW49YjAzZjVmN2YxMWQ1MGEzYSIgVmFyaWFibGVOYW1lPSJGb3JtUG9zdFBhcmFtMTkuX21haW50YWluV29ya3NwYWNlU2Nyb2xsUG9zaXRpb24iIERpc3BsYXlOYW1lPSIiIERlc2NyaXB0aW9uPSIiPg0KICAgICAgICAgIDxSdWxlUGFyYW1ldGVycz4NCiAgICAgICAgICAgIDxSdWxlUGFyYW1ldGVyIE5hbWU9IlN0YXJ0c1dpdGgiIFZhbHVlPSJlbnQ9JnF1b3Q7IiAvPg0KICAgICAgICAgICAgPFJ1bGVQYXJhbWV0ZXIgTmFtZT0iRW5kc1dpdGgiIFZhbHVlPSImcXVvdDsgLyZndDsmI3hEOyIgLz4NCiAgICAgICAgICAgIDxSdWxlUGFyYW1ldGVyIE5hbWU9IkluZGV4IiBWYWx1ZT0iMyIgLz4NCiAgICAgICAgICAgIDxSdWxlUGFyYW1ldGVyIE5hbWU9Iklnbm9yZUNhc2UiIFZhbHVlPSJGYWxzZSIgLz4NCiAgICAgICAgICAgIDxSdWxlUGFyYW1ldGVyIE5hbWU9IlVzZVJlZ3VsYXJFeHByZXNzaW9uIiBWYWx1ZT0iRmFsc2UiIC8+DQogICAgICAgICAgICA8UnVsZVBhcmFtZXRlciBOYW1lPSJIdG1sRGVjb2RlIiBWYWx1ZT0iVHJ1ZSIgLz4NCiAgICAgICAgICAgIDxSdWxlUGFyYW1ldGVyIE5hbWU9IlJlcXVpcmVkIiBWYWx1ZT0iRmFsc2UiIC8+DQogICAgICAgICAgPC9SdWxlUGFyYW1ldGVycz4NCiAgICAgICAgPC9FeHRyYWN0aW9uUnVsZT4NCiAgICAgICAgPEV4dHJhY3Rpb25SdWxlIENsYXNzbmFtZT0iTWljcm9zb2Z0LlZpc3VhbFN0dWRpby5UZXN0VG9vbHMuV2ViVGVzdGluZy5SdWxlcy5FeHRyYWN0VGV4dCwgTWljcm9zb2Z0LlZpc3VhbFN0dWRpby5RdWFsaXR5VG9vbHMuV2ViVGVzdEZyYW1ld29yaywgVmVyc2lvbj0xMC4wLjAuMCwgQ3VsdHVyZT1uZXV0cmFsLCBQdWJsaWNLZXlUb2tlbj1iMDNmNWY3ZjExZDUwYTNhIiBWYXJpYWJsZU5hbWU9IkZvcm1Qb3N0UGFyYW0yMS5fX1ZJRVdTVEFURSIgRGlzcGxheU5hbWU9IiIgRGVzY3JpcHRpb249IiI+DQogICAgICAgICAgPFJ1bGVQYXJhbWV0ZXJzPg0KICAgICAgICAgICAgPFJ1bGVQYXJhbWV0ZXIgTmFtZT0iU3RhcnRzV2l0aCIgVmFsdWU9Imx1ZT0mcXVvdDsiIC8+DQogICAgICAgICAgICA8UnVsZVBhcmFtZXRlciBOYW1lPSJFbmRzV2l0aCIgVmFsdWU9IiZxdW90OyAvJmd0OyYjeEQ7IiAvPg0KICAgICAgICAgICAgPFJ1bGVQYXJhbWV0ZXIgTmFtZT0iSW5kZXgiIFZhbHVlPSIxOSIgLz4NCiAgICAgICAgICAgIDxSdWxlUGFyYW1ldGVyIE5hbWU9Iklnbm9yZUNhc2UiIFZhbHVlPSJGYWxzZSIgLz4NCiAgICAgICAgICAgIDxSdWxlUGFyYW1ldGVyIE5hbWU9IlVzZVJlZ3VsYXJFeHByZXNzaW9uIiBWYWx1ZT0iRmFsc2UiIC8+DQogICAgICAgICAgICA8UnVsZVBhcmFtZXRlciBOYW1lPSJIdG1sRGVjb2RlIiBWYWx1ZT0iVHJ1ZSIgLz4NCiAgICAgICAgICAgIDxSdWxlUGFyYW1ldGVyIE5hbWU9IlJlcXVpcmVkIiBWYWx1ZT0iRmFsc2UiIC8+DQogICAgICAgICAgPC9SdWxlUGFyYW1ldGVycz4NCiAgICAgICAgPC9FeHRyYWN0aW9uUnVsZT4NCiAgICAgICAgPEV4dHJhY3Rpb25SdWxlIENsYXNzbmFtZT0iTWljcm9zb2Z0LlZpc3VhbFN0dWRpby5UZXN0VG9vbHMuV2ViVGVzdGluZy5SdWxlcy5FeHRyYWN0VGV4dCwgTWljcm9zb2Z0LlZpc3VhbFN0dWRpby5RdWFsaXR5VG9vbHMuV2ViVGVzdEZyYW1ld29yaywgVmVyc2lvbj0xMC4wLjAuMCwgQ3VsdHVyZT1uZXV0cmFsLCBQdWJsaWNLZXlUb2tlbj1iMDNmNWY3ZjExZDUwYTNhIiBWYXJpYWJsZU5hbWU9IkZvcm1Qb3N0UGFyYW0yMi5fX1ZJRVdTVEFURUdFTkVSQVRPUiIgRGlzcGxheU5hbWU9IiIgRGVzY3JpcHRpb249IiI+DQogICAgICAgICAgPFJ1bGVQYXJhbWV0ZXJzPg0KICAgICAgICAgICAgPFJ1bGVQYXJhbWV0ZXIgTmFtZT0iU3RhcnRzV2l0aCIgVmFsdWU9Imx1ZT0mcXVvdDsiIC8+DQogICAgICAgICAgICA8UnVsZVBhcmFtZXRlciBOYW1lPSJFbmRzV2l0aCIgVmFsdWU9IiZxdW90OyAvJmd0OyYjeEQ7IiAvPg0KICAgICAgICAgICAgPFJ1bGVQYXJhbWV0ZXIgTmFtZT0iSW5kZXgiIFZhbHVlPSIyMCIgLz4NCiAgICAgICAgICAgIDxSdWxlUGFyYW1ldGVyIE5hbWU9Iklnbm9yZUNhc2UiIFZhbHVlPSJGYWxzZSIgLz4NCiAgICAgICAgICAgIDxSdWxlUGFyYW1ldGVyIE5hbWU9IlVzZVJlZ3VsYXJFeHByZXNzaW9uIiBWYWx1ZT0iRmFsc2UiIC8+DQogICAgICAgICAgICA8UnVsZVBhcmFtZXRlciBOYW1lPSJIdG1sRGVjb2RlIiBWYWx1ZT0iVHJ1ZSIgLz4NCiAgICAgICAgICAgIDxSdWxlUGFyYW1ldGVyIE5hbWU9IlJlcXVpcmVkIiBWYWx1ZT0iRmFsc2UiIC8+DQogICAgICAgICAgPC9SdWxlUGFyYW1ldGVycz4NCiAgICAgICAgPC9FeHRyYWN0aW9uUnVsZT4NCiAgICAgICAgPEV4dHJhY3Rpb25SdWxlIENsYXNzbmFtZT0iTWljcm9zb2Z0LlZpc3VhbFN0dWRpby5UZXN0VG9vbHMuV2ViVGVzdGluZy5SdWxlcy5FeHRyYWN0VGV4dCwgTWljcm9zb2Z0LlZpc3VhbFN0dWRpby5RdWFsaXR5VG9vbHMuV2ViVGVzdEZyYW1ld29yaywgVmVyc2lvbj0xMC4wLjAuMCwgQ3VsdHVyZT1uZXV0cmFsLCBQdWJsaWNLZXlUb2tlbj1iMDNmNWY3ZjExZDUwYTNhIiBWYXJpYWJsZU5hbWU9IkZvcm1Qb3N0UGFyYW0yMy5fX1NDUk9MTFBPU0lUSU9OWCIgRGlzcGxheU5hbWU9IiIgRGVzY3JpcHRpb249IiI+DQogICAgICAgICAgPFJ1bGVQYXJhbWV0ZXJzPg0KICAgICAgICAgICAgPFJ1bGVQYXJhbWV0ZXIgTmFtZT0iU3RhcnRzV2l0aCIgVmFsdWU9ImVudD0mcXVvdDsiIC8+DQogICAgICAgICAgICA8UnVsZVBhcmFtZXRlciBOYW1lPSJFbmRzV2l0aCIgVmFsdWU9IiZxdW90OyAvJmd0OyYjeEQ7IiAvPg0KICAgICAgICAgICAgPFJ1bGVQYXJhbWV0ZXIgTmFtZT0iSW5kZXgiIFZhbHVlPSIzIiAvPg0KICAgICAgICAgICAgPFJ1bGVQYXJhbWV0ZXIgTmFtZT0iSWdub3JlQ2FzZSIgVmFsdWU9IkZhbHNlIiAvPg0KICAgICAgICAgICAgPFJ1bGVQYXJhbWV0ZXIgTmFtZT0iVXNlUmVndWxhckV4cHJlc3Npb24iIFZhbHVlPSJGYWxzZSIgLz4NCiAgICAgICAgICAgIDxSdWxlUGFyYW1ldGVyIE5hbWU9Ikh0bWxEZWNvZGUiIFZhbHVlPSJUcnVlIiAvPg0KICAgICAgICAgICAgPFJ1bGVQYXJhbWV0ZXIgTmFtZT0iUmVxdWlyZWQiIFZhbHVlPSJGYWxzZSIgLz4NCiAgICAgICAgICA8L1J1bGVQYXJhbWV0ZXJzPg0KICAgICAgICA8L0V4dHJhY3Rpb25SdWxlPg0KICAgICAgICA8RXh0cmFjdGlvblJ1bGUgQ2xhc3NuYW1lPSJNaWNyb3NvZnQuVmlzdWFsU3R1ZGlvLlRlc3RUb29scy5XZWJUZXN0aW5nLlJ1bGVzLkV4dHJhY3RUZXh0LCBNaWNyb3NvZnQuVmlzdWFsU3R1ZGlvLlF1YWxpdHlUb29scy5XZWJUZXN0RnJhbWV3b3JrLCBWZXJzaW9uPTEwLjAuMC4wLCBDdWx0dXJlPW5ldXRyYWwsIFB1YmxpY0tleVRva2VuPWIwM2Y1ZjdmMTFkNTBhM2EiIFZhcmlhYmxlTmFtZT0iRm9ybVBvc3RQYXJhbTI0Ll9fU0NST0xMUE9TSVRJT05ZIiBEaXNwbGF5TmFtZT0iIiBEZXNjcmlwdGlvbj0iIj4NCiAgICAgICAgICA8UnVsZVBhcmFtZXRlcnM+DQogICAgICAgICAgICA8UnVsZVBhcmFtZXRlciBOYW1lPSJTdGFydHNXaXRoIiBWYWx1ZT0iZW50PSZxdW90OyIgLz4NCiAgICAgICAgICAgIDxSdWxlUGFyYW1ldGVyIE5hbWU9IkVuZHNXaXRoIiBWYWx1ZT0iJnF1b3Q7IC8mZ3Q7JiN4RDsiIC8+DQogICAgICAgICAgICA8UnVsZVBhcmFtZXRlciBOYW1lPSJJbmRleCIgVmFsdWU9IjMiIC8+DQogICAgICAgICAgICA8UnVsZVBhcmFtZXRlciBOYW1lPSJJZ25vcmVDYXNlIiBWYWx1ZT0iRmFsc2UiIC8+DQogICAgICAgICAgICA8UnVsZVBhcmFtZXRlciBOYW1lPSJVc2VSZWd1bGFyRXhwcmVzc2lvbiIgVmFsdWU9IkZhbHNlIiAvPg0KICAgICAgICAgICAgPFJ1bGVQYXJhbWV0ZXIgTmFtZT0iSHRtbERlY29kZSIgVmFsdWU9IlRydWUiIC8+DQogICAgICAgICAgICA8UnVsZVBhcmFtZXRlciBOYW1lPSJSZXF1aXJlZCIgVmFsdWU9IkZhbHNlIiAvPg0KICAgICAgICAgIDwvUnVsZVBhcmFtZXRlcnM+DQogICAgICAgIDwvRXh0cmFjdGlvblJ1bGU+DQogICAgICAgIDxFeHRyYWN0aW9uUnVsZSBDbGFzc25hbWU9Ik1pY3Jvc29mdC5WaXN1YWxTdHVkaW8uVGVzdFRvb2xzLldlYlRlc3RpbmcuUnVsZXMuRXh0cmFjdFRleHQsIE1pY3Jvc29mdC5WaXN1YWxTdHVkaW8uUXVhbGl0eVRvb2xzLldlYlRlc3RGcmFtZXdvcmssIFZlcnNpb249MTAuMC4wLjAsIEN1bHR1cmU9bmV1dHJhbCwgUHVibGljS2V5VG9rZW49YjAzZjVmN2YxMWQ1MGEzYSIgVmFyaWFibGVOYW1lPSJGb3JtUG9zdFBhcmFtMjUuX19FVkVOVFZBTElEQVRJT04iIERpc3BsYXlOYW1lPSIiIERlc2NyaXB0aW9uPSIiPg0KICAgICAgICAgIDxSdWxlUGFyYW1ldGVycz4NCiAgICAgICAgICAgIDxSdWxlUGFyYW1ldGVyIE5hbWU9IlN0YXJ0c1dpdGgiIFZhbHVlPSJsdWU9JnF1b3Q7IiAvPg0KICAgICAgICAgICAgPFJ1bGVQYXJhbWV0ZXIgTmFtZT0iRW5kc1dpdGgiIFZhbHVlPSImcXVvdDsgLyZndDsmI3hEOyIgLz4NCiAgICAgICAgICAgIDxSdWxlUGFyYW1ldGVyIE5hbWU9IkluZGV4IiBWYWx1ZT0iMjMiIC8+DQogICAgICAgICAgICA8UnVsZVBhcmFtZXRlciBOYW1lPSJJZ25vcmVDYXNlIiBWYWx1ZT0iRmFsc2UiIC8+DQogICAgICAgICAgICA8UnVsZVBhcmFtZXRlciBOYW1lPSJVc2VSZWd1bGFyRXhwcmVzc2lvbiIgVmFsdWU9IkZhbHNlIiAvPg0KICAgICAgICAgICAgPFJ1bGVQYXJhbWV0ZXIgTmFtZT0iSHRtbERlY29kZSIgVmFsdWU9IlRydWUiIC8+DQogICAgICAgICAgICA8UnVsZVBhcmFtZXRlciBOYW1lPSJSZXF1aXJlZCIgVmFsdWU9IkZhbHNlIiAvPg0KICAgICAgICAgIDwvUnVsZVBhcmFtZXRlcnM+DQogICAgICAgIDwvRXh0cmFjdGlvblJ1bGU+DQogICAgICAgIDxFeHRyYWN0aW9uUnVsZSBDbGFzc25hbWU9Ik1pY3Jvc29mdC5WaXN1YWxTdHVkaW8uVGVzdFRvb2xzLldlYlRlc3RpbmcuUnVsZXMuRXh0cmFjdFRleHQsIE1pY3Jvc29mdC5WaXN1YWxTdHVkaW8uUXVhbGl0eVRvb2xzLldlYlRlc3RGcmFtZXdvcmssIFZlcnNpb249MTAuMC4wLjAsIEN1bHR1cmU9bmV1dHJhbCwgUHVibGljS2V5VG9rZW49YjAzZjVmN2YxMWQ1MGEzYSIgVmFyaWFibGVOYW1lPSJGb3JtUG9zdFBhcmFtMjYuZGVzdGluYXRpb24iIERpc3BsYXlOYW1lPSIiIERlc2NyaXB0aW9uPSIiPg0KICAgICAgICAgIDxSdWxlUGFyYW1ldGVycz4NCiAgICAgICAgICAgIDxSdWxlUGFyYW1ldGVyIE5hbWU9IlN0YXJ0c1dpdGgiIFZhbHVlPSJsdWU9JnF1b3Q7IiAvPg0KICAgICAgICAgICAgPFJ1bGVQYXJhbWV0ZXIgTmFtZT0iRW5kc1dpdGgiIFZhbHVlPSImcXVvdDsgLyZndDsmI3hEOyIgLz4NCiAgICAgICAgICAgIDxSdWxlUGFyYW1ldGVyIE5hbWU9IkluZGV4IiBWYWx1ZT0iMjUiIC8+DQogICAgICAgICAgICA8UnVsZVBhcmFtZXRlciBOYW1lPSJJZ25vcmVDYXNlIiBWYWx1ZT0iRmFsc2UiIC8+DQogICAgICAgICAgICA8UnVsZVBhcmFtZXRlciBOYW1lPSJVc2VSZWd1bGFyRXhwcmVzc2lvbiIgVmFsdWU9IkZhbHNlIiAvPg0KICAgICAgICAgICAgPFJ1bGVQYXJhbWV0ZXIgTmFtZT0iSHRtbERlY29kZSIgVmFsdWU9IlRydWUiIC8+DQogICAgICAgICAgICA8UnVsZVBhcmFtZXRlciBOYW1lPSJSZXF1aXJlZCIgVmFsdWU9IkZhbHNlIiAvPg0KICAgICAgICAgIDwvUnVsZVBhcmFtZXRlcnM+DQogICAgICAgIDwvRXh0cmFjdGlvblJ1bGU+DQogICAgICAgIDxFeHRyYWN0aW9uUnVsZSBDbGFzc25hbWU9Ik1pY3Jvc29mdC5WaXN1YWxTdHVkaW8uVGVzdFRvb2xzLldlYlRlc3RpbmcuUnVsZXMuRXh0cmFjdFRleHQsIE1pY3Jvc29mdC5WaXN1YWxTdHVkaW8uUXVhbGl0eVRvb2xzLldlYlRlc3RGcmFtZXdvcmssIFZlcnNpb249MTAuMC4wLjAsIEN1bHR1cmU9bmV1dHJhbCwgUHVibGljS2V5VG9rZW49YjAzZjVmN2YxMWQ1MGEzYSIgVmFyaWFibGVOYW1lPSJGb3JtUG9zdFBhcmFtMjcuY3RsMDAkUGxhY2VIb2xkZXJNYWluJGN0bDA1JGN0bDAxJHVwbG9hZExvY2F0aW9uIiBEaXNwbGF5TmFtZT0iIiBEZXNjcmlwdGlvbj0iIj4NCiAgICAgICAgICA8UnVsZVBhcmFtZXRlcnM+DQogICAgICAgICAgICA8UnVsZVBhcmFtZXRlciBOYW1lPSJTdGFydHNXaXRoIiBWYWx1ZT0iID09ICZxdW90OyIgLz4NCiAgICAgICAgICAgIDxSdWxlUGFyYW1ldGVyIE5hbWU9IkVuZHNXaXRoIiBWYWx1ZT0iJnF1b3Q7KSYjeEQ7JiN4QTsgIiAvPg0KICAgICAgICAgICAgPFJ1bGVQYXJhbWV0ZXIgTmFtZT0iSW5kZXgiIFZhbHVlPSIzIiAvPg0KICAgICAgICAgICAgPFJ1bGVQYXJhbWV0ZXIgTmFtZT0iSWdub3JlQ2FzZSIgVmFsdWU9IkZhbHNlIiAvPg0KICAgICAgICAgICAgPFJ1bGVQYXJhbWV0ZXIgTmFtZT0iVXNlUmVndWxhckV4cHJlc3Npb24iIFZhbHVlPSJGYWxzZSIgLz4NCiAgICAgICAgICAgIDxSdWxlUGFyYW1ldGVyIE5hbWU9Ikh0bWxEZWNvZGUiIFZhbHVlPSJUcnVlIiAvPg0KICAgICAgICAgICAgPFJ1bGVQYXJhbWV0ZXIgTmFtZT0iUmVxdWlyZWQiIFZhbHVlPSJGYWxzZSIgLz4NCiAgICAgICAgICA8L1J1bGVQYXJhbWV0ZXJzPg0KICAgICAgICA8L0V4dHJhY3Rpb25SdWxlPg0KICAgICAgPC9Db3JyZWxhdGlvbkV4dHJhY3Rpb25SdWxlcz4NCiAgICAgIDxRdWVyeVN0cmluZ1BhcmFtZXRlcnM+DQogICAgICAgIDxRdWVyeVN0cmluZ1BhcmFtZXRlciBOYW1lPSJMaXN0IiBWYWx1ZT0ie0VEMjgxOTJBLTNCNjctNDNEOC1CQThBLURDQ0EzQUNFN0QwQn0iIFJlY29yZGVkVmFsdWU9IntFRDI4MTkyQS0zQjY3LTQzRDgtQkE4QS1EQ0NBM0FDRTdEMEJ9IiBDb3JyZWxhdGlvbkJpbmRpbmc9IiIgVXJsRW5jb2RlPSJGYWxzZSIgVXNlVG9Hcm91cFJlc3VsdHM9IkZhbHNlIiAvPg0KICAgICAgICA8UXVlcnlTdHJpbmdQYXJhbWV0ZXIgTmFtZT0iUm9vdEZvbGRlciIgVmFsdWU9IiIgUmVjb3JkZWRWYWx1ZT0iIiBDb3JyZWxhdGlvbkJpbmRpbmc9IiIgVXJsRW5jb2RlPSJGYWxzZSIgVXNlVG9Hcm91cFJlc3VsdHM9IkZhbHNlIiAvPg0KICAgICAgICA8UXVlcnlTdHJpbmdQYXJhbWV0ZXIgTmFtZT0iSXNEbGciIFZhbHVlPSIxIiBSZWNvcmRlZFZhbHVlPSIxIiBDb3JyZWxhdGlvbkJpbmRpbmc9IiIgVXJsRW5jb2RlPSJGYWxzZSIgVXNlVG9Hcm91cFJlc3VsdHM9IkZhbHNlIiAvPg0KICAgICAgPC9RdWVyeVN0cmluZ1BhcmFtZXRlcnM+DQogICAgPC9SZXF1ZXN0Pg0KICAgIDxSZXF1ZXN0IE1ldGhvZD0iR0VUIiBHdWlkPSJiM2NmZTE1Ni0zZmE2LTRkYzgtYmQ1My02ZDc1MDgwZDIwYWUiIFZlcnNpb249IjEuMSIgVXJsPSJodHRwczovL3NwLmNvcmRpc3NvbHV0aW9ucy5jb20vQXBwczAwL19sYXlvdXRzLzE1L2NvbW1hbmR1aS5hc2h4IiBUaGlua1RpbWU9IjAiIFRpbWVvdXQ9IjMwMCIgUGFyc2VEZXBlbmRlbnRSZXF1ZXN0cz0iVHJ1ZSIgRm9sbG93UmVkaXJlY3RzPSJUcnVlIiBSZWNvcmRSZXN1bHQ9IlRydWUiIENhY2hlPSJGYWxzZSIgUmVzcG9uc2VUaW1lR29hbD0iMCIgRW5jb2Rpbmc9InV0Zi04IiBFeHBlY3RlZEh0dHBTdGF0dXNDb2RlPSIwIiBFeHBlY3RlZFJlc3BvbnNlVXJsPSIiIFJlcG9ydGluZ05hbWU9IiIgSWdub3JlSHR0cFN0YXR1c0NvZGU9IkZhbHNlIj4NCiAgICAgIDxIZWFkZXJzPg0KICAgICAgICA8SGVhZGVyIE5hbWU9IlgtUmVxdWVzdGVkLVdpdGgiIFZhbHVlPSJYTUxIdHRwUmVxdWVzdCIgLz4NCiAgICAgICAgPEhlYWRlciBOYW1lPSJSZWZlcmVyIiBWYWx1ZT0iaHR0cHM6Ly9zcC5jb3JkaXNzb2x1dGlvbnMuY29tL0FwcHMwMC9TaGFyZWQlMjBEb2N1bWVudHMvRm9ybXMvYWxsJTIwZG9jdW1lbnRzLmFzcHgiIC8+DQogICAgICA8L0hlYWRlcnM+DQogICAgICA8UXVlcnlTdHJpbmdQYXJhbWV0ZXJzPg0KICAgICAgICA8UXVlcnlTdHJpbmdQYXJhbWV0ZXIgTmFtZT0idmVyIiBWYWx1ZT0iODIzMTUzNTU2IiBSZWNvcmRlZFZhbHVlPSI4MjMxNTM1NTYiIENvcnJlbGF0aW9uQmluZGluZz0iIiBVcmxFbmNvZGU9IkZhbHNlIiBVc2VUb0dyb3VwUmVzdWx0cz0iRmFsc2UiIC8+DQogICAgICAgIDxRdWVyeVN0cmluZ1BhcmFtZXRlciBOYW1lPSJsY2lkIiBWYWx1ZT0iMTAzMyIgUmVjb3JkZWRWYWx1ZT0iMTAzMyIgQ29ycmVsYXRpb25CaW5kaW5nPSIiIFVybEVuY29kZT0iRmFsc2UiIFVzZVRvR3JvdXBSZXN1bHRzPSJGYWxzZSIgLz4NCiAgICAgICAgPFF1ZXJ5U3RyaW5nUGFyYW1ldGVyIE5hbWU9InF0IiBWYWx1ZT0iY29tbWFuZGhhbmRsZXJzIiBSZWNvcmRlZFZhbHVlPSJjb21tYW5kaGFuZGxlcnMiIENvcnJlbGF0aW9uQmluZGluZz0iIiBVcmxFbmNvZGU9IkZhbHNlIiBVc2VUb0dyb3VwUmVzdWx0cz0iRmFsc2UiIC8+DQogICAgICA8L1F1ZXJ5U3RyaW5nUGFyYW1ldGVycz4NCiAgICA8L1JlcXVlc3Q+DQogICAgPFJlcXVlc3QgTWV0aG9kPSJQT1NUIiBHdWlkPSI1MzUxZGM1MS0zZjRmLTQ1MzAtOTkwMi04OWEzMmJkZjhhYmIiIFZlcnNpb249IjEuMSIgVXJsPSJodHRwczovL3NwLmNvcmRpc3NvbHV0aW9ucy5jb20vQXBwczAwL19sYXlvdXRzLzE1L2NvbW1hbmR1aS5hc2h4IiBUaGlua1RpbWU9IjAiIFRpbWVvdXQ9IjMwMCIgUGFyc2VEZXBlbmRlbnRSZXF1ZXN0cz0iVHJ1ZSIgRm9sbG93UmVkaXJlY3RzPSJUcnVlIiBSZWNvcmRSZXN1bHQ9IlRydWUiIENhY2hlPSJGYWxzZSIgUmVzcG9uc2VUaW1lR29hbD0iMCIgRW5jb2Rpbmc9InV0Zi04IiBFeHBlY3RlZEh0dHBTdGF0dXNDb2RlPSIwIiBFeHBlY3RlZFJlc3BvbnNlVXJsPSIiIFJlcG9ydGluZ05hbWU9IiIgSWdub3JlSHR0cFN0YXR1c0NvZGU9IkZhbHNlIj4NCiAgICAgIDxIZWFkZXJzPg0KICAgICAgICA8SGVhZGVyIE5hbWU9IlgtUmVxdWVzdGVkLVdpdGgiIFZhbHVlPSJYTUxIdHRwUmVxdWVzdCIgLz4NCiAgICAgICAgPEhlYWRlciBOYW1lPSJSZWZlcmVyIiBWYWx1ZT0iaHR0cHM6Ly9zcC5jb3JkaXNzb2x1dGlvbnMuY29tL0FwcHMwMC9TaGFyZWQlMjBEb2N1bWVudHMvRm9ybXMvYWxsJTIwZG9jdW1lbnRzLmFzcHgiIC8+DQogICAgICA8L0hlYWRlcnM+DQogICAgICA8UXVlcnlTdHJpbmdQYXJhbWV0ZXJzPg0KICAgICAgICA8UXVlcnlTdHJpbmdQYXJhbWV0ZXIgTmFtZT0idmVyIiBWYWx1ZT0iODIzMTUzNTU2IiBSZWNvcmRlZFZhbHVlPSI4MjMxNTM1NTYiIENvcnJlbGF0aW9uQmluZGluZz0iIiBVcmxFbmNvZGU9IkZhbHNlIiBVc2VUb0dyb3VwUmVzdWx0cz0iRmFsc2UiIC8+DQogICAgICAgIDxRdWVyeVN0cmluZ1BhcmFtZXRlciBOYW1lPSJpZCIgVmFsdWU9IlJpYmJvbi5SZWFkIiBSZWNvcmRlZFZhbHVlPSJSaWJib24uUmVhZCIgQ29ycmVsYXRpb25CaW5kaW5nPSIiIFVybEVuY29kZT0iRmFsc2UiIFVzZVRvR3JvdXBSZXN1bHRzPSJGYWxzZSIgLz4NCiAgICAgICAgPFF1ZXJ5U3RyaW5nUGFyYW1ldGVyIE5hbWU9ImxjaWQiIFZhbHVlPSIxMDMzIiBSZWNvcmRlZFZhbHVlPSIxMDMzIiBDb3JyZWxhdGlvbkJpbmRpbmc9IiIgVXJsRW5jb2RlPSJGYWxzZSIgVXNlVG9Hcm91cFJlc3VsdHM9IkZhbHNlIiAvPg0KICAgICAgICA8UXVlcnlTdHJpbmdQYXJhbWV0ZXIgTmFtZT0icXQiIFZhbHVlPSJyaWJib252aXNpYmxldGFiZGVlcCIgUmVjb3JkZWRWYWx1ZT0icmliYm9udmlzaWJsZXRhYmRlZXAiIENvcnJlbGF0aW9uQmluZGluZz0iIiBVcmxFbmNvZGU9IkZhbHNlIiBVc2VUb0dyb3VwUmVzdWx0cz0iRmFsc2UiIC8+DQogICAgICA8L1F1ZXJ5U3RyaW5nUGFyYW1ldGVycz4NCiAgICAgIDxGb3JtUG9zdEh0dHBCb2R5IC8+DQogICAgPC9SZXF1ZXN0Pg0KICAgIDxSZXF1ZXN0IE1ldGhvZD0iR0VUIiBHdWlkPSIwYjA2NzhjOC1kMTJhLTQ5ZTgtODQ0ZC0zOWRjOWM3MDE2ODkiIFZlcnNpb249IjEuMSIgVXJsPSJodHRwczovL3NwLmNvcmRpc3NvbHV0aW9ucy5jb20vX2xheW91dHMvMTUvaW1hZ2VzL2JsYW5rLmdpZiIgVGhpbmtUaW1lPSIxMyIgVGltZW91dD0iMzAwIiBQYXJzZURlcGVuZGVudFJlcXVlc3RzPSJUcnVlIiBGb2xsb3dSZWRpcmVjdHM9IlRydWUiIFJlY29yZFJlc3VsdD0iVHJ1ZSIgQ2FjaGU9IkZhbHNlIiBSZXNwb25zZVRpbWVHb2FsPSIwIiBFbmNvZGluZz0idXRmLTgiIEV4cGVjdGVkSHR0cFN0YXR1c0NvZGU9IjAiIEV4cGVjdGVkUmVzcG9uc2VVcmw9IiIgUmVwb3J0aW5nTmFtZT0iIiBJZ25vcmVIdHRwU3RhdHVzQ29kZT0iRmFsc2UiPg0KICAgICAgPEhlYWRlcnM+DQogICAgICAgIDxIZWFkZXIgTmFtZT0iUmVmZXJlciIgVmFsdWU9Imh0dHBzOi8vc3AuY29yZGlzc29sdXRpb25zLmNvbS9BcHBzMDAvX2xheW91dHMvMTUvVXBsb2FkLmFzcHg/TGlzdD0lN0JFRDI4MTkyQS0zQjY3LTQzRDgtQkE4QS1EQ0NBM0FDRTdEMEIlN0QmYW1wO1Jvb3RGb2xkZXI9JmFtcDtJc0RsZz0xIiAvPg0KICAgICAgPC9IZWFkZXJzPg0KICAgIDwvUmVxdWVzdD4NCiAgICA8UmVxdWVzdCBNZXRob2Q9IlBPU1QiIEd1aWQ9IjdmYzFjMjgyLTNmN2QtNDc5MS1iZjJiLTIwNGU4MjI2MTVkMiIgVmVyc2lvbj0iMS4xIiBVcmw9Imh0dHBzOi8vc3AuY29yZGlzc29sdXRpb25zLmNvbS9BcHBzMDAvX2xheW91dHMvMTUvVXBsb2FkRXguYXNweCIgVGhpbmtUaW1lPSIyMiIgVGltZW91dD0iMzAwIiBQYXJzZURlcGVuZGVudFJlcXVlc3RzPSJUcnVlIiBGb2xsb3dSZWRpcmVjdHM9IlRydWUiIFJlY29yZFJlc3VsdD0iVHJ1ZSIgQ2FjaGU9IkZhbHNlIiBSZXNwb25zZVRpbWVHb2FsPSIwIiBFbmNvZGluZz0idXRmLTgiIEV4cGVjdGVkSHR0cFN0YXR1c0NvZGU9IjAiIEV4cGVjdGVkUmVzcG9uc2VVcmw9IiIgUmVwb3J0aW5nTmFtZT0iIiBJZ25vcmVIdHRwU3RhdHVzQ29kZT0iRmFsc2UiPg0KICAgICAgPEhlYWRlcnM+DQogICAgICAgIDxIZWFkZXIgTmFtZT0iUmVmZXJlciIgVmFsdWU9Imh0dHBzOi8vc3AuY29yZGlzc29sdXRpb25zLmNvbS9BcHBzMDAvX2xheW91dHMvMTUvVXBsb2FkLmFzcHg/TGlzdD0lN0JFRDI4MTkyQS0zQjY3LTQzRDgtQkE4QS1EQ0NBM0FDRTdEMEIlN0QmYW1wO1Jvb3RGb2xkZXI9JmFtcDtJc0RsZz0xIiAvPg0KICAgICAgPC9IZWFkZXJzPg0KICAgICAgPENvcnJlbGF0aW9uRXh0cmFjdGlvblJ1bGVzPg0KICAgICAgICA8RXh0cmFjdGlvblJ1bGUgQ2xhc3NuYW1lPSJNaWNyb3NvZnQuVmlzdWFsU3R1ZGlvLlRlc3RUb29scy5XZWJUZXN0aW5nLlJ1bGVzLkV4dHJhY3RUZXh0LCBNaWNyb3NvZnQuVmlzdWFsU3R1ZGlvLlF1YWxpdHlUb29scy5XZWJUZXN0RnJhbWV3b3JrLCBWZXJzaW9uPTEwLjAuMC4wLCBDdWx0dXJlPW5ldXRyYWwsIFB1YmxpY0tleVRva2VuPWIwM2Y1ZjdmMTFkNTBhM2EiIFZhcmlhYmxlTmFtZT0iUXVlcnlTdHJpbmdQYXJhbTI5MS5Nb2RlIiBEaXNwbGF5TmFtZT0iIiBEZXNjcmlwdGlvbj0iIj4NCiAgICAgICAgICA8UnVsZVBhcmFtZXRlcnM+DQogICAgICAgICAgICA8UnVsZVBhcmFtZXRlciBOYW1lPSJTdGFydHNXaXRoIiBWYWx1ZT0iP01vZGU9IiAvPg0KICAgICAgICAgICAgPFJ1bGVQYXJhbWV0ZXIgTmFtZT0iRW5kc1dpdGgiIFZhbHVlPSJcIiAvPg0KICAgICAgICAgICAgPFJ1bGVQYXJhbWV0ZXIgTmFtZT0iSW5kZXgiIFZhbHVlPSIwIiAvPg0KICAgICAgICAgICAgPFJ1bGVQYXJhbWV0ZXIgTmFtZT0iSWdub3JlQ2FzZSIgVmFsdWU9IkZhbHNlIiAvPg0KICAgICAgICAgICAgPFJ1bGVQYXJhbWV0ZXIgTmFtZT0iVXNlUmVndWxhckV4cHJlc3Npb24iIFZhbHVlPSJGYWxzZSIgLz4NCiAgICAgICAgICAgIDxSdWxlUGFyYW1ldGVyIE5hbWU9Ikh0bWxEZWNvZGUiIFZhbHVlPSJUcnVlIiAvPg0KICAgICAgICAgICAgPFJ1bGVQYXJhbWV0ZXIgTmFtZT0iUmVxdWlyZWQiIFZhbHVlPSJGYWxzZSIgLz4NCiAgICAgICAgICA8L1J1bGVQYXJhbWV0ZXJzPg0KICAgICAgICA8L0V4dHJhY3Rpb25SdWxlPg0KICAgICAgICA8RXh0cmFjdGlvblJ1bGUgQ2xhc3NuYW1lPSJNaWNyb3NvZnQuVmlzdWFsU3R1ZGlvLlRlc3RUb29scy5XZWJUZXN0aW5nLlJ1bGVzLkV4dHJhY3RUZXh0LCBNaWNyb3NvZnQuVmlzdWFsU3R1ZGlvLlF1YWxpdHlUb29scy5XZWJUZXN0RnJhbWV3b3JrLCBWZXJzaW9uPTEwLjAuMC4wLCBDdWx0dXJlPW5ldXRyYWwsIFB1YmxpY0tleVRva2VuPWIwM2Y1ZjdmMTFkNTBhM2EiIFZhcmlhYmxlTmFtZT0iUXVlcnlTdHJpbmdQYXJhbTI5Mi5JRCIgRGlzcGxheU5hbWU9IiIgRGVzY3JpcHRpb249IiI+DQogICAgICAgICAgPFJ1bGVQYXJhbWV0ZXJzPg0KICAgICAgICAgICAgPFJ1bGVQYXJhbWV0ZXIgTmFtZT0iU3RhcnRzV2l0aCIgVmFsdWU9Ilx1MDAyNklEPSIgLz4NCiAgICAgICAgICAgIDxSdWxlUGFyYW1ldGVyIE5hbWU9IkVuZHNXaXRoIiBWYWx1ZT0iXCIgLz4NCiAgICAgICAgICAgIDxSdWxlUGFyYW1ldGVyIE5hbWU9IkluZGV4IiBWYWx1ZT0iMCIgLz4NCiAgICAgICAgICAgIDxSdWxlUGFyYW1ldGVyIE5hbWU9Iklnbm9yZUNhc2UiIFZhbHVlPSJGYWxzZSIgLz4NCiAgICAgICAgICAgIDxSdWxlUGFyYW1ldGVyIE5hbWU9IlVzZVJlZ3VsYXJFeHByZXNzaW9uIiBWYWx1ZT0iRmFsc2UiIC8+DQogICAgICAgICAgICA8UnVsZVBhcmFtZXRlciBOYW1lPSJIdG1sRGVjb2RlIiBWYWx1ZT0iVHJ1ZSIgLz4NCiAgICAgICAgICAgIDxSdWxlUGFyYW1ldGVyIE5hbWU9IlJlcXVpcmVkIiBWYWx1ZT0iRmFsc2UiIC8+DQogICAgICAgICAgPC9SdWxlUGFyYW1ldGVycz4NCiAgICAgICAgPC9FeHRyYWN0aW9uUnVsZT4NCiAgICAgIDwvQ29ycmVsYXRpb25FeHRyYWN0aW9uUnVsZXM+DQogICAgICA8UXVlcnlTdHJpbmdQYXJhbWV0ZXJzPg0KICAgICAgICA8UXVlcnlTdHJpbmdQYXJhbWV0ZXIgTmFtZT0iTGlzdCIgVmFsdWU9IiU3YkVEMjgxOTJBLTNCNjctNDNEOC1CQThBLURDQ0EzQUNFN0QwQiU3ZCIgUmVjb3JkZWRWYWx1ZT0iJTdiRUQyODE5MkEtM0I2Ny00M0Q4LUJBOEEtRENDQTNBQ0U3RDBCJTdkIiBDb3JyZWxhdGlvbkJpbmRpbmc9Int7UXVlcnlTdHJpbmdQYXJhbTI4OS5MaXN0fX0iIFVybEVuY29kZT0iRmFsc2UiIFVzZVRvR3JvdXBSZXN1bHRzPSJGYWxzZSIgLz4NCiAgICAgICAgPFF1ZXJ5U3RyaW5nUGFyYW1ldGVyIE5hbWU9IlJvb3RGb2xkZXIiIFZhbHVlPSIiIFJlY29yZGVkVmFsdWU9IiIgQ29ycmVsYXRpb25CaW5kaW5nPSIiIFVybEVuY29kZT0iRmFsc2UiIFVzZVRvR3JvdXBSZXN1bHRzPSJGYWxzZSIgLz4NCiAgICAgICAgPFF1ZXJ5U3RyaW5nUGFyYW1ldGVyIE5hbWU9IklzRGxnIiBWYWx1ZT0iMSIgUmVjb3JkZWRWYWx1ZT0iMSIgQ29ycmVsYXRpb25CaW5kaW5nPSJ7e1F1ZXJ5U3RyaW5nUGFyYW0yOTAuSXNEbGd9fSIgVXJsRW5jb2RlPSJGYWxzZSIgVXNlVG9Hcm91cFJlc3VsdHM9IkZhbHNlIiAvPg0KICAgICAgPC9RdWVyeVN0cmluZ1BhcmFtZXRlcnM+DQogICAgICA8Rm9ybVBvc3RIdHRwQm9keT4NCiAgICAgICAgPEZvcm1Qb3N0UGFyYW1ldGVyIE5hbWU9Ik1TT1dlYlBhcnRQYWdlX1Bvc3RiYWNrU291cmNlIiBWYWx1ZT0iIiBSZWNvcmRlZFZhbHVlPSIiIENvcnJlbGF0aW9uQmluZGluZz0iIiBVcmxFbmNvZGU9IlRydWUiIC8+DQogICAgICAgIDxGb3JtUG9zdFBhcmFtZXRlciBOYW1lPSJNU09UbFBuX1NlbGVjdGVkV3BJZCIgVmFsdWU9IiIgUmVjb3JkZWRWYWx1ZT0iIiBDb3JyZWxhdGlvbkJpbmRpbmc9IiIgVXJsRW5jb2RlPSJUcnVlIiAvPg0KICAgICAgICA8Rm9ybVBvc3RQYXJhbWV0ZXIgTmFtZT0iTVNPVGxQbl9WaWV3IiBWYWx1ZT0iMCIgUmVjb3JkZWRWYWx1ZT0iMCIgQ29ycmVsYXRpb25CaW5kaW5nPSJ7e0Zvcm1Qb3N0UGFyYW0xMC5NU09UbFBuX1ZpZXd9fSIgVXJsRW5jb2RlPSJUcnVlIiAvPg0KICAgICAgICA8Rm9ybVBvc3RQYXJhbWV0ZXIgTmFtZT0iTVNPVGxQbl9TaG93U2V0dGluZ3MiIFZhbHVlPSJGYWxzZSIgUmVjb3JkZWRWYWx1ZT0iRmFsc2UiIENvcnJlbGF0aW9uQmluZGluZz0ie3tGb3JtUG9zdFBhcmFtMTEuTVNPVGxQbl9TaG93U2V0dGluZ3N9fSIgVXJsRW5jb2RlPSJUcnVlIiAvPg0KICAgICAgICA8Rm9ybVBvc3RQYXJhbWV0ZXIgTmFtZT0iTVNPR2FsbGVyeV9TZWxlY3RlZExpYnJhcnkiIFZhbHVlPSIiIFJlY29yZGVkVmFsdWU9IiIgQ29ycmVsYXRpb25CaW5kaW5nPSIiIFVybEVuY29kZT0iVHJ1ZSIgLz4NCiAgICAgICAgPEZvcm1Qb3N0UGFyYW1ldGVyIE5hbWU9Ik1TT0dhbGxlcnlfRmlsdGVyU3RyaW5nIiBWYWx1ZT0iIiBSZWNvcmRlZFZhbHVlPSIiIENvcnJlbGF0aW9uQmluZGluZz0iIiBVcmxFbmNvZGU9IlRydWUiIC8+DQogICAgICAgIDxGb3JtUG9zdFBhcmFtZXRlciBOYW1lPSJNU09UbFBuX0J1dHRvbiIgVmFsdWU9Im5vbmUiIFJlY29yZGVkVmFsdWU9Im5vbmUiIENvcnJlbGF0aW9uQmluZGluZz0ie3tGb3JtUG9zdFBhcmFtMTIuTVNPVGxQbl9CdXR0b259fSIgVXJsRW5jb2RlPSJUcnVlIiAvPg0KICAgICAgICA8Rm9ybVBvc3RQYXJhbWV0ZXIgTmFtZT0iX19FVkVOVFRBUkdFVCIgVmFsdWU9ImN0bDAwJFBsYWNlSG9sZGVyTWFpbiRjdGwwNCRScHRDb250cm9scyRidG5PSyIgUmVjb3JkZWRWYWx1ZT0iY3RsMDAkUGxhY2VIb2xkZXJNYWluJGN0bDA0JFJwdENvbnRyb2xzJGJ0bk9LIiBDb3JyZWxhdGlvbkJpbmRpbmc9Int7Rm9ybVBvc3RQYXJhbTEzLl9fRVZFTlRUQVJHRVR9fSIgVXJsRW5jb2RlPSJUcnVlIiAvPg0KICAgICAgICA8Rm9ybVBvc3RQYXJhbWV0ZXIgTmFtZT0iX19FVkVOVEFSR1VNRU5UIiBWYWx1ZT0iIiBSZWNvcmRlZFZhbHVlPSIiIENvcnJlbGF0aW9uQmluZGluZz0iIiBVcmxFbmNvZGU9IlRydWUiIC8+DQogICAgICAgIDxGb3JtUG9zdFBhcmFtZXRlciBOYW1lPSJNU09TUFdlYlBhcnRNYW5hZ2VyX0Rpc3BsYXlNb2RlTmFtZSIgVmFsdWU9IkJyb3dzZSIgUmVjb3JkZWRWYWx1ZT0iQnJvd3NlIiBDb3JyZWxhdGlvbkJpbmRpbmc9Int7Rm9ybVBvc3RQYXJhbTE0Lk1TT1NQV2ViUGFydE1hbmFnZXJfRGlzcGxheU1vZGVOYW1lfX0iIFVybEVuY29kZT0iVHJ1ZSIgLz4NCiAgICAgICAgPEZvcm1Qb3N0UGFyYW1ldGVyIE5hbWU9Ik1TT1NQV2ViUGFydE1hbmFnZXJfRXhpdGluZ0Rlc2lnbk1vZGUiIFZhbHVlPSJmYWxzZSIgUmVjb3JkZWRWYWx1ZT0iZmFsc2UiIENvcnJlbGF0aW9uQmluZGluZz0ie3tGb3JtUG9zdFBhcmFtMTUuTVNPU1BXZWJQYXJ0TWFuYWdlcl9FeGl0aW5nRGVzaWduTW9kZX19IiBVcmxFbmNvZGU9IlRydWUiIC8+DQogICAgICAgIDxGb3JtUG9zdFBhcmFtZXRlciBOYW1lPSJNU09XZWJQYXJ0UGFnZV9TaGFyZWQiIFZhbHVlPSIiIFJlY29yZGVkVmFsdWU9IiIgQ29ycmVsYXRpb25CaW5kaW5nPSIiIFVybEVuY29kZT0iVHJ1ZSIgLz4NCiAgICAgICAgPEZvcm1Qb3N0UGFyYW1ldGVyIE5hbWU9Ik1TT0xheW91dF9MYXlvdXRDaGFuZ2VzIiBWYWx1ZT0iIiBSZWNvcmRlZFZhbHVlPSIiIENvcnJlbGF0aW9uQmluZGluZz0iIiBVcmxFbmNvZGU9IlRydWUiIC8+DQogICAgICAgIDxGb3JtUG9zdFBhcmFtZXRlciBOYW1lPSJNU09MYXlvdXRfSW5EZXNpZ25Nb2RlIiBWYWx1ZT0iIiBSZWNvcmRlZFZhbHVlPSIiIENvcnJlbGF0aW9uQmluZGluZz0iIiBVcmxFbmNvZGU9IlRydWUiIC8+DQogICAgICAgIDxGb3JtUG9zdFBhcmFtZXRlciBOYW1lPSJNU09TUFdlYlBhcnRNYW5hZ2VyX09sZERpc3BsYXlNb2RlTmFtZSIgVmFsdWU9IkJyb3dzZSIgUmVjb3JkZWRWYWx1ZT0iQnJvd3NlIiBDb3JyZWxhdGlvbkJpbmRpbmc9Int7Rm9ybVBvc3RQYXJhbTE2Lk1TT1NQV2ViUGFydE1hbmFnZXJfT2xkRGlzcGxheU1vZGVOYW1lfX0iIFVybEVuY29kZT0iVHJ1ZSIgLz4NCiAgICAgICAgPEZvcm1Qb3N0UGFyYW1ldGVyIE5hbWU9Ik1TT1NQV2ViUGFydE1hbmFnZXJfU3RhcnRXZWJQYXJ0RWRpdGluZ05hbWUiIFZhbHVlPSJmYWxzZSIgUmVjb3JkZWRWYWx1ZT0iZmFsc2UiIENvcnJlbGF0aW9uQmluZGluZz0ie3tGb3JtUG9zdFBhcmFtMTcuTVNPU1BXZWJQYXJ0TWFuYWdlcl9TdGFydFdlYlBhcnRFZGl0aW5nTmFtZX19IiBVcmxFbmNvZGU9IlRydWUiIC8+DQogICAgICAgIDxGb3JtUG9zdFBhcmFtZXRlciBOYW1lPSJNU09TUFdlYlBhcnRNYW5hZ2VyX0VuZFdlYlBhcnRFZGl0aW5nIiBWYWx1ZT0iZmFsc2UiIFJlY29yZGVkVmFsdWU9ImZhbHNlIiBDb3JyZWxhdGlvbkJpbmRpbmc9Int7Rm9ybVBvc3RQYXJhbTE4Lk1TT1NQV2ViUGFydE1hbmFnZXJfRW5kV2ViUGFydEVkaXRpbmd9fSIgVXJsRW5jb2RlPSJUcnVlIiAvPg0KICAgICAgICA8Rm9ybVBvc3RQYXJhbWV0ZXIgTmFtZT0iX21haW50YWluV29ya3NwYWNlU2Nyb2xsUG9zaXRpb24iIFZhbHVlPSIwIiBSZWNvcmRlZFZhbHVlPSIwIiBDb3JyZWxhdGlvbkJpbmRpbmc9Int7Rm9ybVBvc3RQYXJhbTE5Ll9tYWludGFpbldvcmtzcGFjZVNjcm9sbFBvc2l0aW9ufX0iIFVybEVuY29kZT0iVHJ1ZSIgLz4NCiAgICAgICAgPEZvcm1Qb3N0UGFyYW1ldGVyIE5hbWU9Il9fUkVRVUVTVERJR0VTVCIgVmFsdWU9Int7Rm9ybVBvc3RQYXJhbTIwLl9fUkVRVUVTVERJR0VTVH19IiBSZWNvcmRlZFZhbHVlPSIweERFOEI0RDhCRDdCNkRGRUE2MEE4NjlERDQ3Q0ZERkI1REI1QTU1MERGNTdGQkE1QzVCMjE2OTJGQTYzNTNDRjUyODE3Mzg3QUJENTU3ODgyOTMyQkEwQkRCOEUxMzY4Njg2OEVCREZEMTVBNkMyOEIzN0IxRkQ4QTM0QjE0REY5LDEyIEp1biAyMDE4IDEwOjE2OjQ4IC0wMDAwIiBDb3JyZWxhdGlvbkJpbmRpbmc9Int7Rm9ybVBvc3RQYXJhbTIwLl9fUkVRVUVTVERJR0VTVH19IiBVcmxFbmNvZGU9IlRydWUiIC8+DQogICAgICAgIDxGb3JtUG9zdFBhcmFtZXRlciBOYW1lPSJfX1ZJRVdTVEFURSIgVmFsdWU9Ii93RVBEd1VMTFRFMk1qQTNNRFF6TmpVUFpCWUNaZzlrRmdJQ0FROFdBaDRGWTJ4aGMzTUZGbTF6TFdScFlXeHZaeUJ0Y3kxa2FXRnNiMmN0Ym5JV0JBSUJEMlFXQWdJWkQyUVdBZ0lERDJRV0FnSUJEMlFXQW1ZUEZDc0FCbVFGTG1oMGRIQnpPaTh2YzNBdVpYaGpaV3h6ZFhCd2IzSjBMbTl5WnpvME5ETXZiWGt2VUdWeWMyOXVMbUZ6Y0hnRkkyaDBkSEJ6T2k4dmMzQXVaWGhqWld4emRYQndiM0owTG05eVp6bzBORE12YlhrdkJSOHZRWEJ3Y3pBd0wxOXNZWGx2ZFhSekx6RTFMMjE1YzNWaWN5NWhjM0I0QmZzQkwwRndjSE13TUM5ZmJHRjViM1YwY3k4eE5TOXlaV2RwYjI1aGJITmxkRzVuTG1GemNIZy9kSGx3WlQxMWMyVnlKbk52ZFhKalpUMW9kSFJ3Y3lVelFTVXlSaVV5Um5Od0pUSkZZMjl5WkdsemMyOXNkWFJwYjI1ekpUSkZZMjl0SlRKR1FYQndjekF3SlRKR0pUVkdiR0Y1YjNWMGN5VXlSakUxSlRKR1ZYQnNiMkZrSlRKRllYTndlQ1V6Umt4cGMzUWxNMFFsTWpVM1FrVkVNamd4T1RKQkpUSTFNa1F6UWpZM0pUSTFNa1EwTTBRNEpUSTFNa1JDUVRoQkpUSTFNa1JFUTBOQk0wRkRSVGRFTUVJbE1qVTNSQ1V5Tm1GdGNDVXpRbEp2YjNSR2IyeGtaWElsTTBRbE1qWmhiWEFsTTBKSmMwUnNaeVV6UkRFRnp3Sm9kSFJ3Y3pvdkwzTndMbVY0WTJWc2MzVndjRzl5ZEM1dmNtYzZORFF6TDIxNUwxOXNZWGx2ZFhSekx6RTFMMFZrYVhSUWNtOW1hV3hsTG1GemNIZy9WWE5sY2xObGRIUnBibWR6VUhKdmRtbGtaWEk5TWpNMFltWXdaV1FsTWtRM01HUmlKVEpFTkRFMU9DVXlSR0V6TXpJbE1rUTBaR1prTmpnellqUXhORGdtVW1WMGRYSnVWWEpzUFdoMGRIQnpKVE5CSlRKR0pUSkdjM0FsTWtWamIzSmthWE56YjJ4MWRHbHZibk1sTWtWamIyMGxNa1pCY0hCek1EQWxNa1lsTlVac1lYbHZkWFJ6SlRKR01UVWxNa1pWY0d4dllXUWxNa1ZoYzNCNEpUTkdUR2x6ZENVelJDVXlOVGRDUlVReU9ERTVNa0VsTWpVeVJETkNOamNsTWpVeVJEUXpSRGdsTWpVeVJFSkJPRUVsTWpVeVJFUkRRMEV6UVVORk4wUXdRaVV5TlRkRUpUSTJZVzF3SlROQ1VtOXZkRVp2YkdSbGNpVXpSQ1V5Tm1GdGNDVXpRa2x6Ukd4bkpUTkVNV1FDQnc4V0FoNEhaVzVqZEhsd1pRVVRiWFZzZEdsd1lYSjBMMlp2Y20wdFpHRjBZUllJQWdVUFpCWUNBZ0lQWkJZRUFnRVBaQllDQWdNUFpCWUNaZzlrRmdRQ0F3OWtGZ29DQVE4V0JoNFRRMnhwWlc1MFQyNURiR2xqYTFOamNtbHdkQVY1Ulc1emRYSmxVMk55YVhCMFJuVnVZeWduYzJoaGNtbHVaeTVxY3ljc0lDZEVhWE53YkdGNVUyaGhjbVZrVjJsMGFFUnBZV3h2Wnljc0lHWjFibU4wYVc5dUlDZ3BJSHNnUkdsemNHeGhlVk5vWVhKbFpGZHBkR2hFYVdGc2IyY29KMXgxTURBeVprRndjSE13TUZ4MU1EQXlaaWNwT3lCOUtSNG9RMnhwWlc1MFQyNURiR2xqYTFOamNtbHdkRU52Ym5SaGFXNXBibWRRY21WbWFYaGxaRlZ5YkFWNVJXNXpkWEpsVTJOeWFYQjBSblZ1WXlnbmMyaGhjbWx1Wnk1cWN5Y3NJQ2RFYVhOd2JHRjVVMmhoY21Wa1YybDBhRVJwWVd4dlp5Y3NJR1oxYm1OMGFXOXVJQ2dwSUhzZ1JHbHpjR3hoZVZOb1lYSmxaRmRwZEdoRWFXRnNiMmNvSjF4MU1EQXlaa0Z3Y0hNd01GeDFNREF5WmljcE95QjlLUjRZUTJ4cFpXNTBUMjVEYkdsamEwNWhkbWxuWVhSbFZYSnNaR1FDQXc4V0FoNEhWbWx6YVdKc1pXaGtBZ1VQRmdJZkJXaGtBZ3NQRmdJZkJXaGtBaElQWkJZQ1pnOFBGZ1llSEZCeVpYWnBiM1Z6UVhWMGFHOXlhVzVuU1hSbGJWWmxjbk5wYjI1bEhocFFjbVYyYVc5MWMwRjFkR2h2Y21sdVowbDBaVzFQZDI1bGNtVWVIRkJ5WlhacGIzVnpRWFYwYUc5eWFXNW5RMjl1ZEhKdmJFMXZaR1VMS1lnQlRXbGpjbTl6YjJaMExsTm9ZWEpsVUc5cGJuUXVWMlZpUTI5dWRISnZiSE11VTFCRGIyNTBjbTlzVFc5a1pTd2dUV2xqY205emIyWjBMbE5vWVhKbFVHOXBiblFzSUZabGNuTnBiMjQ5TVRZdU1DNHdMakFzSUVOMWJIUjFjbVU5Ym1WMWRISmhiQ3dnVUhWaWJHbGpTMlY1Vkc5clpXNDlOekZsT1dKalpURXhNV1U1TkRJNVl3QmtaQUlFRHc4V0FoNEpRV05qWlhOelMyVjVCUUV2WkdRQ0F3OWtGZ0lDQVE5a0ZnSUNBUTlrRmdZQ0FROFBGZ1FlQkY4aFUwSUNBaDRJUTNOelEyeGhjM01GRjIxekxYQnliMjF2ZEdWa1FXTjBhVzl1UW5WMGRHOXVaR1FDQXc5a0ZnSm1EdzhXQkI4S0FnSWZDd1VYYlhNdGNISnZiVzkwWldSQlkzUnBiMjVDZFhSMGIyNWtaQUlGRHc4V0JoOExCUmR0Y3kxd2NtOXRiM1JsWkVGamRHbHZia0oxZEhSdmJoOEtBZ0lmQldoa1pBSVBEMlFXQWdJQkQyUVdBbVlQRHhZRUhnUlVaWGgwQlJCVGFHRnlaV1FnUkc5amRXMWxiblJ6SGd0T1lYWnBaMkYwWlZWeWJBVXhMMEZ3Y0hNd01DOVRhR0Z5WldRZ1JHOWpkVzFsYm5SekwwWnZjbTF6TDJGc2JDQmtiMk4xYldWdWRITXVZWE53ZUdSa0FoTVBaQllDQWdFUFpCWUNBZzBQRHhZQ0h3Vm9aQllDQWdFUFpCWUNaZzlrRmdJQ0F3OWtGZ0lDQlE5a0ZnSUNBUTg4S3dBSkFRQVBGZ1FlRFZCaGRHaFRaWEJoY21GMGIzSUVDQjROVG1WMlpYSkZlSEJoYm1SbFpHZGtaQUlWRDJRV0FnSUJEMlFXQm1ZUEZnSWZEQVVZTDBGd2NITXdNQzlUYUdGeVpXUWdSRzlqZFcxbGJuUnpaQUlHRDJRV0NHWVBaQllDQWdRUFpCWUNBZ0VQWkJZR1pnOWtGZ0ptRHc4V0FoOE1aV1JrQWdFUFpCWUdBZ0VQRHhZRUhneEZjbkp2Y2sxbGMzTmhaMlVGTUZsdmRTQnRkWE4wSUhOd1pXTnBabmtnWVNCMllXeDFaU0JtYjNJZ2RHaGxJSEpsY1hWcGNtVmtJR1pwWld4a0xoNFVUM0pwWjJsdVlXeEZjbkp2Y2sxbGMzTmhaMlVGTUZsdmRTQnRkWE4wSUhOd1pXTnBabmtnWVNCMllXeDFaU0JtYjNJZ2RHaGxJSEpsY1hWcGNtVmtJR1pwWld4a0xtUmtBZ01QRHhZQ0h3Vm5aR1FDQkE4UUR4WUNId3dGSmtGa1pDQmhjeUJoSUc1bGR5QjJaWEp6YVc5dUlIUnZJR1Y0YVhOMGFXNW5JR1pwYkdWelpHUmtaQUlDRHhZQ0h3Vm9aQUlCRDJRV0JnSUJEMlFXQW1ZUEZnSWZEQVVTUkdWemRHbHVZWFJwYjI0Z1JtOXNaR1Z5WkFJQ0QyUVdBbVlQRmdJZkRHVmtBZ1FQWkJZQ0FnRVBaQllHWmc5a0ZnSm1EdzhXQWg4TVpXUmtBZ0VQWkJZQ0FnRVBEeFlDSHd3RkFTOWtaQUlDRHhZQ0h3Vm9aQUlDRDJRV0JnSUJEMlFXQW1ZUEZnSWZEQVVUUkdWemRHbHVZWFJwYjI0Z1RHbGljbUZ5ZVdRQ0FnOWtGZ0ptRHhZQ0h3eGxaQUlFRDJRV0FnSUJEMlFXQkdZUFpCWUNaZzhQRmdJZkRHVmtaQUlDRHhZQ0h3Vm9aQUlERDJRV0JnSUJEMlFXQW1ZUEZnSWZEQVVRVm1WeWMybHZiaUJEYjIxdFpXNTBjMlFDQWc5a0ZnSm1EeFlDSHd4bFpBSUVEMlFXQWdJQkQyUVdCR1lQWkJZQ1pnOFBGZ0lmREdWa1pBSUNEeFlDSHdWb1pBSUhEMlFXQ0dZUEZnUWVDV2x1Ym1WeWFIUnRiQVh5QVV4aGNtZGxJR1pwYkdVZ2RYQnNiMkZrY3lCM2IzSnJJR0psZEhSbGNpQnBiaUJ6ZVc1alpXUWdabTlzWkdWeWN5d2dQR0VnYzNSNWJHVTlKM2RvYVhSbExYTndZV05sT201dmQzSmhjQ2NnYjI1amJHbGphejBpZDJsdVpHOTNMbTl3Wlc0b0oyaDBkSEE2THk5dlptWnBZMlV1YldsamNtOXpiMlowTG1OdmJTOWxiaTExY3k5emRYQndiM0owTDNONWJtTXRZUzFzYVdKeVlYSjVMWFJ2TFhsdmRYSXRZMjl0Y0hWMFpYSXRTRUV4TURJNE16STBNREV1WVhOd2VDY3NJQ2RmWW14aGJtc25LU0lnYUhKbFpqMG5JeWMrYkdWaGNtNGdiVzl5WlR3dllUNHVKbTVpYzNBN0ptNWljM0E3SGdocGMwaHBaR1JsYmdWTmRIbHdaVzltSUc1aGRtbG5ZWFJ2Y2k1dGMxQnliM1J2WTI5c2N5QTlQU0FpYjJKcVpXTjBJaUFtSmlBaGJtRjJhV2RoZEc5eUxtMXpVSEp2ZEc5amIyeHpXeUpuY25admNHVnVJbDFrQWdFUEZnSWVCWE4wZVd4bEJRMWthWE53YkdGNU9tNXZibVU3WkFJQ0QyUVdBZ0lCRHhZQ0hnZHZibU5zYVdOckJXWnBaaWdoY0hKdlkyVnpjMGx1Y0hWMEtDa3BJSEpsZEhWeWJpQm1ZV3h6WlR0VGRXSnRhWFJDZFhSMGIyNVBia05zYVdOcktDZGpkR3d3TUY5UWJHRmpaVWh2YkdSbGNrMWhhVzVmWTNSc01EUmZVbkIwUTI5dWRISnZiSE5mWW5SdVQwc25LVHRrQWdNUFpCWUNaZzhXQkI0SllXTmpaWE56YTJWNUJRRkRIeFVGcndOMGNua2dleUFOQ2lBZ0lDQWdJQ0FnSUNBZ0lDQWdJQ0FnSUNBZ0lDQWdJQ0FnSUNBZ0lDQWdJQ0FnSUNBZ0lDQjNhVzVrYjNjdVpuSmhiV1ZGYkdWdFpXNTBMbU5oYm1ObGJGQnZjRlZ3S0NrN0lBMEtJQ0FnSUNBZ0lDQWdJQ0FnSUNBZ0lDQWdJQ0FnSUNBZ0lDQWdJQ0FnSUNBZ0lDQWdmUTBLSUNBZ0lDQWdJQ0FnSUNBZ0lDQWdJQ0FnSUNBZ0lDQWdJQ0FnSUNBZ0lDQWdJQ0FnWTJGMFkyZ29aU2tnZXcwS0lDQWdJQ0FnSUNBZ0lDQWdJQ0FnSUNBZ0lDQWdJQ0FnSUNBZ0lDQWdJQ0FnSUNBZ0lDQWdJR2xtSUNoQ2IyOXNaV0Z1S0hSdmNDa2dKaVlnUW05dmJHVmhiaWgwYjNBdWNHOXpkRTFsYzNOaFoyVXBLU0FOQ2lBZ0lDQWdJQ0FnSUNBZ0lDQWdJQ0FnSUNBZ0lDQWdJQ0FnSUNBZ0lDQWdJQ0FnSUNBZ0lDQWdJQ0FnZEc5d0xuQnZjM1JOWlhOellXZGxLQ2REYkc5elpVUnBZV3h2Wnljc0lDY3FKeWs3RFFvZ0lDQWdJQ0FnSUNBZ0lDQWdJQ0FnSUNBZ0lDQWdJQ0FnSUNBZ0lDQWdJQ0FnSUNCOUlBMEtJQ0FnSUNBZ0lDQWdJQ0FnSUNBZ0lDQWdJQ0FnSUNBZ0lDQWdJQ0FnSUNBZ0lDQWdjbVYwZFhKdUlHWmhiSE5sTzJRWUFnVWVYMTlEYjI1MGNtOXNjMUpsY1hWcGNtVlFiM04wUW1GamEwdGxlVjlmRmdFRlFXTjBiREF3SkZCc1lXTmxTRzlzWkdWeVRXRnBiaVJWY0d4dllXUkViMk4xYldWdWRGTmxZM1JwYjI0a1kzUnNNRFVrVDNabGNuZHlhWFJsVTJsdVoyeGxCUmRqZEd3d01DUlViM0JPWVhacFoyRjBhVzl1VFdWdWRROFBaQVVVU0c5dFpWeEJjSEJ6SUNZZ1VISnZaSFZqZEhOa1NJbHhvdDV0OXp3Uk9XbWJMS3FWVTBpcEpFNVkzVG5TWnI0WExTZmJxcG89IiBSZWNvcmRlZFZhbHVlPSIvd0VQRHdVTExURTJNakEzTURRek5qVVBaQllDWmc5a0ZnSUNBUThXQWg0RlkyeGhjM01GRm0xekxXUnBZV3h2WnlCdGN5MWthV0ZzYjJjdGJuSVdCQUlCRDJRV0FnSVpEMlFXQWdJREQyUVdBZ0lCRDJRV0FtWVBGQ3NBQm1RRkxtaDBkSEJ6T2k4dmMzQXVaWGhqWld4emRYQndiM0owTG05eVp6bzBORE12YlhrdlVHVnljMjl1TG1GemNIZ0ZJMmgwZEhCek9pOHZjM0F1WlhoalpXeHpkWEJ3YjNKMExtOXlaem8wTkRNdmJYa3ZCUjh2UVhCd2N6QXdMMTlzWVhsdmRYUnpMekUxTDIxNWMzVmljeTVoYzNCNEJmc0JMMEZ3Y0hNd01DOWZiR0Y1YjNWMGN5OHhOUzl5WldkcGIyNWhiSE5sZEc1bkxtRnpjSGcvZEhsd1pUMTFjMlZ5Sm5OdmRYSmpaVDFvZEhSd2N5VXpRU1V5UmlVeVJuTndKVEpGWTI5eVpHbHpjMjlzZFhScGIyNXpKVEpGWTI5dEpUSkdRWEJ3Y3pBd0pUSkdKVFZHYkdGNWIzVjBjeVV5UmpFMUpUSkdWWEJzYjJGa0pUSkZZWE53ZUNVelJreHBjM1FsTTBRbE1qVTNRa1ZFTWpneE9USkJKVEkxTWtRelFqWTNKVEkxTWtRME0wUTRKVEkxTWtSQ1FUaEJKVEkxTWtSRVEwTkJNMEZEUlRkRU1FSWxNalUzUkNVeU5tRnRjQ1V6UWxKdmIzUkdiMnhrWlhJbE0wUWxNalpoYlhBbE0wSkpjMFJzWnlVelJERUZ6d0pvZEhSd2N6b3ZMM053TG1WNFkyVnNjM1Z3Y0c5eWRDNXZjbWM2TkRRekwyMTVMMTlzWVhsdmRYUnpMekUxTDBWa2FYUlFjbTltYVd4bExtRnpjSGcvVlhObGNsTmxkSFJwYm1kelVISnZkbWxrWlhJOU1qTTBZbVl3WldRbE1rUTNNR1JpSlRKRU5ERTFPQ1V5UkdFek16SWxNa1EwWkdaa05qZ3pZalF4TkRnbVVtVjBkWEp1VlhKc1BXaDBkSEJ6SlROQkpUSkdKVEpHYzNBbE1rVmpiM0prYVhOemIyeDFkR2x2Ym5NbE1rVmpiMjBsTWtaQmNIQnpNREFsTWtZbE5VWnNZWGx2ZFhSekpUSkdNVFVsTWtaVmNHeHZZV1FsTWtWaGMzQjRKVE5HVEdsemRDVXpSQ1V5TlRkQ1JVUXlPREU1TWtFbE1qVXlSRE5DTmpjbE1qVXlSRFF6UkRnbE1qVXlSRUpCT0VFbE1qVXlSRVJEUTBFelFVTkZOMFF3UWlVeU5UZEVKVEkyWVcxd0pUTkNVbTl2ZEVadmJHUmxjaVV6UkNVeU5tRnRjQ1V6UWtselJHeG5KVE5FTVdRQ0J3OFdBaDRIWlc1amRIbHdaUVVUYlhWc2RHbHdZWEowTDJadmNtMHRaR0YwWVJZSUFnVVBaQllDQWdJUFpCWUVBZ0VQWkJZQ0FnTVBaQllDWmc5a0ZnUUNBdzlrRmdvQ0FROFdCaDRUUTJ4cFpXNTBUMjVEYkdsamExTmpjbWx3ZEFWNVJXNXpkWEpsVTJOeWFYQjBSblZ1WXlnbmMyaGhjbWx1Wnk1cWN5Y3NJQ2RFYVhOd2JHRjVVMmhoY21Wa1YybDBhRVJwWVd4dlp5Y3NJR1oxYm1OMGFXOXVJQ2dwSUhzZ1JHbHpjR3hoZVZOb1lYSmxaRmRwZEdoRWFXRnNiMmNvSjF4MU1EQXlaa0Z3Y0hNd01GeDFNREF5WmljcE95QjlLUjRvUTJ4cFpXNTBUMjVEYkdsamExTmpjbWx3ZEVOdmJuUmhhVzVwYm1kUWNtVm1hWGhsWkZWeWJBVjVSVzV6ZFhKbFUyTnlhWEIwUm5WdVl5Z25jMmhoY21sdVp5NXFjeWNzSUNkRWFYTndiR0Y1VTJoaGNtVmtWMmwwYUVScFlXeHZaeWNzSUdaMWJtTjBhVzl1SUNncElIc2dSR2x6Y0d4aGVWTm9ZWEpsWkZkcGRHaEVhV0ZzYjJjb0oxeDFNREF5WmtGd2NITXdNRngxTURBeVppY3BPeUI5S1I0WVEyeHBaVzUwVDI1RGJHbGphMDVoZG1sbllYUmxWWEpzWkdRQ0F3OFdBaDRIVm1semFXSnNaV2hrQWdVUEZnSWZCV2hrQWdzUEZnSWZCV2hrQWhJUFpCWUNaZzhQRmdZZUhGQnlaWFpwYjNWelFYVjBhRzl5YVc1blNYUmxiVlpsY25OcGIyNWxIaHBRY21WMmFXOTFjMEYxZEdodmNtbHVaMGwwWlcxUGQyNWxjbVVlSEZCeVpYWnBiM1Z6UVhWMGFHOXlhVzVuUTI5dWRISnZiRTF2WkdVTEtZZ0JUV2xqY205emIyWjBMbE5vWVhKbFVHOXBiblF1VjJWaVEyOXVkSEp2YkhNdVUxQkRiMjUwY205c1RXOWtaU3dnVFdsamNtOXpiMlowTGxOb1lYSmxVRzlwYm5Rc0lGWmxjbk5wYjI0OU1UWXVNQzR3TGpBc0lFTjFiSFIxY21VOWJtVjFkSEpoYkN3Z1VIVmliR2xqUzJWNVZHOXJaVzQ5TnpGbE9XSmpaVEV4TVdVNU5ESTVZd0JrWkFJRUR3OFdBaDRKUVdOalpYTnpTMlY1QlFFdlpHUUNBdzlrRmdJQ0FROWtGZ0lDQVE5a0ZnWUNBUThQRmdRZUJGOGhVMElDQWg0SVEzTnpRMnhoYzNNRkYyMXpMWEJ5YjIxdmRHVmtRV04wYVc5dVFuVjBkRzl1WkdRQ0F3OWtGZ0ptRHc4V0JCOEtBZ0lmQ3dVWGJYTXRjSEp2Ylc5MFpXUkJZM1JwYjI1Q2RYUjBiMjVrWkFJRkR3OFdCaDhMQlJkdGN5MXdjbTl0YjNSbFpFRmpkR2x2YmtKMWRIUnZiaDhLQWdJZkJXaGtaQUlQRDJRV0FnSUJEMlFXQW1ZUER4WUVIZ1JVWlhoMEJSQlRhR0Z5WldRZ1JHOWpkVzFsYm5SekhndE9ZWFpwWjJGMFpWVnliQVV4TDBGd2NITXdNQzlUYUdGeVpXUWdSRzlqZFcxbGJuUnpMMFp2Y20xekwyRnNiQ0JrYjJOMWJXVnVkSE11WVhOd2VHUmtBaE1QWkJZQ0FnRVBaQllDQWcwUER4WUNId1ZvWkJZQ0FnRVBaQllDWmc5a0ZnSUNBdzlrRmdJQ0JROWtGZ0lDQVE4OEt3QUpBUUFQRmdRZURWQmhkR2hUWlhCaGNtRjBiM0lFQ0I0TlRtVjJaWEpGZUhCaGJtUmxaR2RrWkFJVkQyUVdBZ0lCRDJRV0JtWVBGZ0lmREFVWUwwRndjSE13TUM5VGFHRnlaV1FnUkc5amRXMWxiblJ6WkFJR0QyUVdDR1lQWkJZQ0FnUVBaQllDQWdFUFpCWUdaZzlrRmdKbUR3OFdBaDhNWldSa0FnRVBaQllHQWdFUER4WUVIZ3hGY25KdmNrMWxjM05oWjJVRk1GbHZkU0J0ZFhOMElITndaV05wWm5rZ1lTQjJZV3gxWlNCbWIzSWdkR2hsSUhKbGNYVnBjbVZrSUdacFpXeGtMaDRVVDNKcFoybHVZV3hGY25KdmNrMWxjM05oWjJVRk1GbHZkU0J0ZFhOMElITndaV05wWm5rZ1lTQjJZV3gxWlNCbWIzSWdkR2hsSUhKbGNYVnBjbVZrSUdacFpXeGtMbVJrQWdNUER4WUNId1ZuWkdRQ0JBOFFEeFlDSHd3RkprRmtaQ0JoY3lCaElHNWxkeUIyWlhKemFXOXVJSFJ2SUdWNGFYTjBhVzVuSUdacGJHVnpaR1JrWkFJQ0R4WUNId1ZvWkFJQkQyUVdCZ0lCRDJRV0FtWVBGZ0lmREFVU1JHVnpkR2x1WVhScGIyNGdSbTlzWkdWeVpBSUNEMlFXQW1ZUEZnSWZER1ZrQWdRUFpCWUNBZ0VQWkJZR1pnOWtGZ0ptRHc4V0FoOE1aV1JrQWdFUFpCWUNBZ0VQRHhZQ0h3d0ZBUzlrWkFJQ0R4WUNId1ZvWkFJQ0QyUVdCZ0lCRDJRV0FtWVBGZ0lmREFVVFJHVnpkR2x1WVhScGIyNGdUR2xpY21GeWVXUUNBZzlrRmdKbUR4WUNId3hsWkFJRUQyUVdBZ0lCRDJRV0JHWVBaQllDWmc4UEZnSWZER1ZrWkFJQ0R4WUNId1ZvWkFJREQyUVdCZ0lCRDJRV0FtWVBGZ0lmREFVUVZtVnljMmx2YmlCRGIyMXRaVzUwYzJRQ0FnOWtGZ0ptRHhZQ0h3eGxaQUlFRDJRV0FnSUJEMlFXQkdZUFpCWUNaZzhQRmdJZkRHVmtaQUlDRHhZQ0h3Vm9aQUlIRDJRV0NHWVBGZ1FlQ1dsdWJtVnlhSFJ0YkFYeUFVeGhjbWRsSUdacGJHVWdkWEJzYjJGa2N5QjNiM0pySUdKbGRIUmxjaUJwYmlCemVXNWpaV1FnWm05c1pHVnljeXdnUEdFZ2MzUjViR1U5SjNkb2FYUmxMWE53WVdObE9tNXZkM0poY0NjZ2IyNWpiR2xqYXowaWQybHVaRzkzTG05d1pXNG9KMmgwZEhBNkx5OXZabVpwWTJVdWJXbGpjbTl6YjJaMExtTnZiUzlsYmkxMWN5OXpkWEJ3YjNKMEwzTjVibU10WVMxc2FXSnlZWEo1TFhSdkxYbHZkWEl0WTI5dGNIVjBaWEl0U0VFeE1ESTRNekkwTURFdVlYTndlQ2NzSUNkZllteGhibXNuS1NJZ2FISmxaajBuSXljK2JHVmhjbTRnYlc5eVpUd3ZZVDR1Sm01aWMzQTdKbTVpYzNBN0hnaHBjMGhwWkdSbGJnVk5kSGx3Wlc5bUlHNWhkbWxuWVhSdmNpNXRjMUJ5YjNSdlkyOXNjeUE5UFNBaWIySnFaV04wSWlBbUppQWhibUYyYVdkaGRHOXlMbTF6VUhKdmRHOWpiMnh6V3lKbmNuWnZjR1Z1SWwxa0FnRVBGZ0llQlhOMGVXeGxCUTFrYVhOd2JHRjVPbTV2Ym1VN1pBSUNEMlFXQWdJQkR4WUNIZ2R2Ym1Oc2FXTnJCV1pwWmlnaGNISnZZMlZ6YzBsdWNIVjBLQ2twSUhKbGRIVnliaUJtWVd4elpUdFRkV0p0YVhSQ2RYUjBiMjVQYmtOc2FXTnJLQ2RqZEd3d01GOVFiR0ZqWlVodmJHUmxjazFoYVc1ZlkzUnNNRFJmVW5CMFEyOXVkSEp2YkhOZlluUnVUMHNuS1R0a0FnTVBaQllDWmc4V0JCNEpZV05qWlhOemEyVjVCUUZESHhVRnJ3TjBjbmtnZXlBTkNpQWdJQ0FnSUNBZ0lDQWdJQ0FnSUNBZ0lDQWdJQ0FnSUNBZ0lDQWdJQ0FnSUNBZ0lDQWdJQ0IzYVc1a2IzY3VabkpoYldWRmJHVnRaVzUwTG1OaGJtTmxiRkJ2Y0ZWd0tDazdJQTBLSUNBZ0lDQWdJQ0FnSUNBZ0lDQWdJQ0FnSUNBZ0lDQWdJQ0FnSUNBZ0lDQWdJQ0FnZlEwS0lDQWdJQ0FnSUNBZ0lDQWdJQ0FnSUNBZ0lDQWdJQ0FnSUNBZ0lDQWdJQ0FnSUNBZ1kyRjBZMmdvWlNrZ2V3MEtJQ0FnSUNBZ0lDQWdJQ0FnSUNBZ0lDQWdJQ0FnSUNBZ0lDQWdJQ0FnSUNBZ0lDQWdJQ0FnSUdsbUlDaENiMjlzWldGdUtIUnZjQ2tnSmlZZ1FtOXZiR1ZoYmloMGIzQXVjRzl6ZEUxbGMzTmhaMlVwS1NBTkNpQWdJQ0FnSUNBZ0lDQWdJQ0FnSUNBZ0lDQWdJQ0FnSUNBZ0lDQWdJQ0FnSUNBZ0lDQWdJQ0FnSUNBZ2RHOXdMbkJ2YzNSTlpYTnpZV2RsS0NkRGJHOXpaVVJwWVd4dlp5Y3NJQ2NxSnlrN0RRb2dJQ0FnSUNBZ0lDQWdJQ0FnSUNBZ0lDQWdJQ0FnSUNBZ0lDQWdJQ0FnSUNBZ0lDQjlJQTBLSUNBZ0lDQWdJQ0FnSUNBZ0lDQWdJQ0FnSUNBZ0lDQWdJQ0FnSUNBZ0lDQWdJQ0FnY21WMGRYSnVJR1poYkhObE8yUVlBZ1VlWDE5RGIyNTBjbTlzYzFKbGNYVnBjbVZRYjNOMFFtRmphMHRsZVY5ZkZnRUZRV04wYkRBd0pGQnNZV05sU0c5c1pHVnlUV0ZwYmlSVmNHeHZZV1JFYjJOMWJXVnVkRk5sWTNScGIyNGtZM1JzTURVa1QzWmxjbmR5YVhSbFUybHVaMnhsQlJkamRHd3dNQ1JVYjNCT1lYWnBaMkYwYVc5dVRXVnVkUThQWkFVVVNHOXRaVnhCY0hCeklDWWdVSEp2WkhWamRITmtTSWx4b3Q1dDl6d1JPV21iTEtxVlUwaXBKRTVZM1RuU1pyNFhMU2ZicXBvPSIgQ29ycmVsYXRpb25CaW5kaW5nPSJ7e0Zvcm1Qb3N0UGFyYW0yMS5fX1ZJRVdTVEFURX19IiBVcmxFbmNvZGU9IlRydWUiIC8+DQogICAgICAgIDxGb3JtUG9zdFBhcmFtZXRlciBOYW1lPSJfX1ZJRVdTVEFURUdFTkVSQVRPUiIgVmFsdWU9IjFEMjZBQ0I0IiBSZWNvcmRlZFZhbHVlPSIxRDI2QUNCNCIgQ29ycmVsYXRpb25CaW5kaW5nPSJ7e0Zvcm1Qb3N0UGFyYW0yMi5fX1ZJRVdTVEFURUdFTkVSQVRPUn19IiBVcmxFbmNvZGU9IlRydWUiIC8+DQogICAgICAgIDxGb3JtUG9zdFBhcmFtZXRlciBOYW1lPSJfX1NDUk9MTFBPU0lUSU9OWCIgVmFsdWU9IjAiIFJlY29yZGVkVmFsdWU9IjAiIENvcnJlbGF0aW9uQmluZGluZz0ie3tGb3JtUG9zdFBhcmFtMjMuX19TQ1JPTExQT1NJVElPTlh9fSIgVXJsRW5jb2RlPSJUcnVlIiAvPg0KICAgICAgICA8Rm9ybVBvc3RQYXJhbWV0ZXIgTmFtZT0iX19TQ1JPTExQT1NJVElPTlkiIFZhbHVlPSIwIiBSZWNvcmRlZFZhbHVlPSIwIiBDb3JyZWxhdGlvbkJpbmRpbmc9Int7Rm9ybVBvc3RQYXJhbTI0Ll9fU0NST0xMUE9TSVRJT05ZfX0iIFVybEVuY29kZT0iVHJ1ZSIgLz4NCiAgICAgICAgPEZvcm1Qb3N0UGFyYW1ldGVyIE5hbWU9Il9fRVZFTlRWQUxJREFUSU9OIiBWYWx1ZT0iL3dFZEFBbVdEUllQTEhFOWFRYU9xSFN2Mk5DbExtWHlZd0ErT2ZGYUc1QTJsejhuQ0xVZ0ZMcG5LT2p2QkFVMnRYbndEMHdidDV4V2lsSGtwQVhyZ3V0ZDl4c3JhcjZJSTN0Mm15SHRLbThKcnowa3F4L0xjeEQ1a2dZYlkvaUpUUlRtcEdSTFFBQ2RYcU1pNGZhZ25qNXFPcjMwYzBZS2tjdXJTeThzeHRFdndIMTB0Y1ljU2NjN2UrNkhPUGJER0pSRTI3dWd4RlVCb1Jnd1pzUUNDUTB6ZTNqWExnSDdzTkQwWGhxcTdGL2VJSUt0NlE9PSIgUmVjb3JkZWRWYWx1ZT0iL3dFZEFBbVdEUllQTEhFOWFRYU9xSFN2Mk5DbExtWHlZd0ErT2ZGYUc1QTJsejhuQ0xVZ0ZMcG5LT2p2QkFVMnRYbndEMHdidDV4V2lsSGtwQVhyZ3V0ZDl4c3JhcjZJSTN0Mm15SHRLbThKcnowa3F4L0xjeEQ1a2dZYlkvaUpUUlRtcEdSTFFBQ2RYcU1pNGZhZ25qNXFPcjMwYzBZS2tjdXJTeThzeHRFdndIMTB0Y1ljU2NjN2UrNkhPUGJER0pSRTI3dWd4RlVCb1Jnd1pzUUNDUTB6ZTNqWExnSDdzTkQwWGhxcTdGL2VJSUt0NlE9PSIgQ29ycmVsYXRpb25CaW5kaW5nPSJ7e0Zvcm1Qb3N0UGFyYW0yNS5fX0VWRU5UVkFMSURBVElPTn19IiBVcmxFbmNvZGU9IlRydWUiIC8+DQogICAgICAgIDxGb3JtUG9zdFBhcmFtZXRlciBOYW1lPSJkZXN0aW5hdGlvbiIgVmFsdWU9Ii9BcHBzMDAvU2hhcmVkIERvY3VtZW50cyIgUmVjb3JkZWRWYWx1ZT0iL0FwcHMwMC9TaGFyZWQgRG9jdW1lbnRzIiBDb3JyZWxhdGlvbkJpbmRpbmc9Int7Rm9ybVBvc3RQYXJhbTI2LmRlc3RpbmF0aW9ufX0iIFVybEVuY29kZT0iVHJ1ZSIgLz4NCiAgICAgICAgPEZvcm1Qb3N0UGFyYW1ldGVyIE5hbWU9ImN0bDAwJFBsYWNlSG9sZGVyTWFpbiRVcGxvYWREb2N1bWVudFNlY3Rpb24kY3RsMDUkT3ZlcndyaXRlU2luZ2xlIiBWYWx1ZT0ib24iIFJlY29yZGVkVmFsdWU9Im9uIiBDb3JyZWxhdGlvbkJpbmRpbmc9Int7Rm9ybVBvc3RQYXJhbTI4LmN0bDAwJFBsYWNlSG9sZGVyTWFpbiRVcGxvYWREb2N1bWVudFNlY3Rpb24kY3RsMDUkT3ZlcndyaXRlU2luZ2xlfX0iIFVybEVuY29kZT0iVHJ1ZSIgLz4NCiAgICAgICAgPEZvcm1Qb3N0UGFyYW1ldGVyIE5hbWU9ImN0bDAwJFBsYWNlSG9sZGVyTWFpbiRjdGwwNSRjdGwwMSR1cGxvYWRMb2NhdGlvbiIgVmFsdWU9Ii8iIFJlY29yZGVkVmFsdWU9Ii8iIENvcnJlbGF0aW9uQmluZGluZz0ie3tGb3JtUG9zdFBhcmFtMjcuY3RsMDAkUGxhY2VIb2xkZXJNYWluJGN0bDA1JGN0bDAxJHVwbG9hZExvY2F0aW9ufX0iIFVybEVuY29kZT0iVHJ1ZSIgLz4NCiAgICAgICAgPEZvcm1Qb3N0UGFyYW1ldGVyIE5hbWU9ImN0bDAwJFBsYWNlSG9sZGVyTWFpbiRWZXJzaW9uQ29tbWVudFNlY3Rpb24kY3RsMDEkQ2hlY2tJbkNvbW1lbnQiIFZhbHVlPSIiIFJlY29yZGVkVmFsdWU9IiIgQ29ycmVsYXRpb25CaW5kaW5nPSIiIFVybEVuY29kZT0iVHJ1ZSIgLz4NCiAgICAgICAgPEZpbGVVcGxvYWRQYXJhbWV0ZXIgTmFtZT0iY3RsMDAkUGxhY2VIb2xkZXJNYWluJFVwbG9hZERvY3VtZW50U2VjdGlvbiRjdGwwNSRJbnB1dEZpbGUiIEZpbGVOYW1lPSJGaWxlIGZvciB0aGUgdmVyc2lvbiAxLnhsc3giIENvbnRlbnRUeXBlPSJhcHBsaWNhdGlvbi92bmQub3BlbnhtbGZvcm1hdHMtb2ZmaWNlZG9jdW1lbnQuc3ByZWFkc2hlZXRtbC5zaGVldCIgR2VuZXJhdGVVbmlxdWVOYW1lPSJUcnVlIiBVc2VHdWlkcz0iRmFsc2UiIEZpbGVVcGxvYWROYW1lPSIiIEh0bWxFbmNvZGVGaWxlTmFtZT0iVHJ1ZSIgLz4NCiAgICAgIDwvRm9ybVBvc3RIdHRwQm9keT4NCiAgICA8L1JlcXVlc3Q+DQogICAgPFJlcXVlc3QgTWV0aG9kPSJHRVQiIEd1aWQ9ImJjMjZmMzYxLTlkYzUtNDYzNS1iODdiLThmOWQ1Zjc5NGZiNiIgVmVyc2lvbj0iMS4xIiBVcmw9Imh0dHBzOi8vc3AuY29yZGlzc29sdXRpb25zLmNvbS9BcHBzMDAvU2hhcmVkJTIwRG9jdW1lbnRzL0Zvcm1zL0VkaXRGb3JtLmFzcHgiIFRoaW5rVGltZT0iMSIgVGltZW91dD0iMzAwIiBQYXJzZURlcGVuZGVudFJlcXVlc3RzPSJUcnVlIiBGb2xsb3dSZWRpcmVjdHM9IlRydWUiIFJlY29yZFJlc3VsdD0iVHJ1ZSIgQ2FjaGU9IkZhbHNlIiBSZXNwb25zZVRpbWVHb2FsPSIwIiBFbmNvZGluZz0idXRmLTgiIEV4cGVjdGVkSHR0cFN0YXR1c0NvZGU9IjAiIEV4cGVjdGVkUmVzcG9uc2VVcmw9IiIgUmVwb3J0aW5nTmFtZT0iIiBJZ25vcmVIdHRwU3RhdHVzQ29kZT0iRmFsc2UiPg0KICAgICAgPERlcGVuZGVudFJlcXVlc3RzPg0KICAgICAgICA8UmVxdWVzdCBNZXRob2Q9IkdFVCIgR3VpZD0iNGVkNjZlZmYtMWMyZi00ZDM3LWIxYTctNDVlZTA3MWQ4NWMzIiBWZXJzaW9uPSIxLjEiIFVybD0iaHR0cHM6Ly9zcC5jb3JkaXNzb2x1dGlvbnMuY29tL0FwcHMwMC9fbGF5b3V0cy8xNS9jb21tYW5kdWkuYXNoeCIgVGhpbmtUaW1lPSIzIiBUaW1lb3V0PSIzMDAiIFBhcnNlRGVwZW5kZW50UmVxdWVzdHM9IlRydWUiIEZvbGxvd1JlZGlyZWN0cz0iVHJ1ZSIgUmVjb3JkUmVzdWx0PSJUcnVlIiBDYWNoZT0iRmFsc2UiIFJlc3BvbnNlVGltZUdvYWw9IjAiIEVuY29kaW5nPSJ1dGYtOCIgRXhwZWN0ZWRIdHRwU3RhdHVzQ29kZT0iMCIgRXhwZWN0ZWRSZXNwb25zZVVybD0iIiBSZXBvcnRpbmdOYW1lPSIiIElnbm9yZUh0dHBTdGF0dXNDb2RlPSJGYWxzZSI+DQogICAgICAgICAgPEhlYWRlcnM+DQogICAgICAgICAgICA8SGVhZGVyIE5hbWU9IlgtUmVxdWVzdGVkLVdpdGgiIFZhbHVlPSJYTUxIdHRwUmVxdWVzdCIgLz4NCiAgICAgICAgICAgIDxIZWFkZXIgTmFtZT0iUmVmZXJlciIgVmFsdWU9Imh0dHBzOi8vc3AuY29yZGlzc29sdXRpb25zLmNvbS9BcHBzMDAvU2hhcmVkJTIwRG9jdW1lbnRzL0Zvcm1zL0VkaXRGb3JtLmFzcHg/TW9kZT1VcGxvYWQmYW1wO0NoZWNrSW5Db21tZW50PSZhbXA7SUQ9MzQ1NCZhbXA7Um9vdEZvbGRlcj0lMkZBcHBzMDAlMkZTaGFyZWQlMjBEb2N1bWVudHMmYW1wO0lzRGxnPTEiIC8+DQogICAgICAgICAgPC9IZWFkZXJzPg0KICAgICAgICAgIDxRdWVyeVN0cmluZ1BhcmFtZXRlcnM+DQogICAgICAgICAgICA8UXVlcnlTdHJpbmdQYXJhbWV0ZXIgTmFtZT0idmVyIiBWYWx1ZT0iODIzMTUzNTU2IiBSZWNvcmRlZFZhbHVlPSI4MjMxNTM1NTYiIENvcnJlbGF0aW9uQmluZGluZz0iIiBVcmxFbmNvZGU9IkZhbHNlIiBVc2VUb0dyb3VwUmVzdWx0cz0iRmFsc2UiIC8+DQogICAgICAgICAgICA8UXVlcnlTdHJpbmdQYXJhbWV0ZXIgTmFtZT0ibGNpZCIgVmFsdWU9IjEwMzMiIFJlY29yZGVkVmFsdWU9IjEwMzMiIENvcnJlbGF0aW9uQmluZGluZz0iIiBVcmxFbmNvZGU9IkZhbHNlIiBVc2VUb0dyb3VwUmVzdWx0cz0iRmFsc2UiIC8+DQogICAgICAgICAgICA8UXVlcnlTdHJpbmdQYXJhbWV0ZXIgTmFtZT0icXQiIFZhbHVlPSJjb21tYW5kaGFuZGxlcnMiIFJlY29yZGVkVmFsdWU9ImNvbW1hbmRoYW5kbGVycyIgQ29ycmVsYXRpb25CaW5kaW5nPSIiIFVybEVuY29kZT0iRmFsc2UiIFVzZVRvR3JvdXBSZXN1bHRzPSJGYWxzZSIgLz4NCiAgICAgICAgICA8L1F1ZXJ5U3RyaW5nUGFyYW1ldGVycz4NCiAgICAgICAgPC9SZXF1ZXN0Pg0KICAgICAgICA8UmVxdWVzdCBNZXRob2Q9IlBPU1QiIEd1aWQ9ImFjYTllNjEwLTk4YjQtNDkxZC1iZmVkLTFjYTEwNzk5MmNmMiIgVmVyc2lvbj0iMS4xIiBVcmw9Imh0dHBzOi8vc3AuY29yZGlzc29sdXRpb25zLmNvbS9BcHBzMDAvX2xheW91dHMvMTUvY29tbWFuZHVpLmFzaHgiIFRoaW5rVGltZT0iMCIgVGltZW91dD0iMzAwIiBQYXJzZURlcGVuZGVudFJlcXVlc3RzPSJUcnVlIiBGb2xsb3dSZWRpcmVjdHM9IlRydWUiIFJlY29yZFJlc3VsdD0iVHJ1ZSIgQ2FjaGU9IkZhbHNlIiBSZXNwb25zZVRpbWVHb2FsPSIwIiBFbmNvZGluZz0idXRmLTgiIEV4cGVjdGVkSHR0cFN0YXR1c0NvZGU9IjAiIEV4cGVjdGVkUmVzcG9uc2VVcmw9IiIgUmVwb3J0aW5nTmFtZT0iIiBJZ25vcmVIdHRwU3RhdHVzQ29kZT0iRmFsc2UiPg0KICAgICAgICAgIDxIZWFkZXJzPg0KICAgICAgICAgICAgPEhlYWRlciBOYW1lPSJYLVJlcXVlc3RlZC1XaXRoIiBWYWx1ZT0iWE1MSHR0cFJlcXVlc3QiIC8+DQogICAgICAgICAgICA8SGVhZGVyIE5hbWU9IlJlZmVyZXIiIFZhbHVlPSJodHRwczovL3NwLmNvcmRpc3NvbHV0aW9ucy5jb20vQXBwczAwL1NoYXJlZCUyMERvY3VtZW50cy9Gb3Jtcy9FZGl0Rm9ybS5hc3B4P01vZGU9VXBsb2FkJmFtcDtDaGVja0luQ29tbWVudD0mYW1wO0lEPTM0NTQmYW1wO1Jvb3RGb2xkZXI9JTJGQXBwczAwJTJGU2hhcmVkJTIwRG9jdW1lbnRzJmFtcDtJc0RsZz0xIiAvPg0KICAgICAgICAgIDwvSGVhZGVycz4NCiAgICAgICAgICA8UXVlcnlTdHJpbmdQYXJhbWV0ZXJzPg0KICAgICAgICAgICAgPFF1ZXJ5U3RyaW5nUGFyYW1ldGVyIE5hbWU9InZlciIgVmFsdWU9IjgyMzE1MzU1NiIgUmVjb3JkZWRWYWx1ZT0iODIzMTUzNTU2IiBDb3JyZWxhdGlvbkJpbmRpbmc9IiIgVXJsRW5jb2RlPSJGYWxzZSIgVXNlVG9Hcm91cFJlc3VsdHM9IkZhbHNlIiAvPg0KICAgICAgICAgICAgPFF1ZXJ5U3RyaW5nUGFyYW1ldGVyIE5hbWU9ImlkIiBWYWx1ZT0iUmliYm9uLkRvY0xpYkxpc3RGb3JtLkVkaXQiIFJlY29yZGVkVmFsdWU9IlJpYmJvbi5Eb2NMaWJMaXN0Rm9ybS5FZGl0IiBDb3JyZWxhdGlvbkJpbmRpbmc9IiIgVXJsRW5jb2RlPSJGYWxzZSIgVXNlVG9Hcm91cFJlc3VsdHM9IkZhbHNlIiAvPg0KICAgICAgICAgICAgPFF1ZXJ5U3RyaW5nUGFyYW1ldGVyIE5hbWU9ImxjaWQiIFZhbHVlPSIxMDMzIiBSZWNvcmRlZFZhbHVlPSIxMDMzIiBDb3JyZWxhdGlvbkJpbmRpbmc9IiIgVXJsRW5jb2RlPSJGYWxzZSIgVXNlVG9Hcm91cFJlc3VsdHM9IkZhbHNlIiAvPg0KICAgICAgICAgICAgPFF1ZXJ5U3RyaW5nUGFyYW1ldGVyIE5hbWU9InF0IiBWYWx1ZT0icmliYm9udmlzaWJsZXRhYmRlZXAiIFJlY29yZGVkVmFsdWU9InJpYmJvbnZpc2libGV0YWJkZWVwIiBDb3JyZWxhdGlvbkJpbmRpbmc9IiIgVXJsRW5jb2RlPSJGYWxzZSIgVXNlVG9Hcm91cFJlc3VsdHM9IkZhbHNlIiAvPg0KICAgICAgICAgIDwvUXVlcnlTdHJpbmdQYXJhbWV0ZXJzPg0KICAgICAgICAgIDxGb3JtUG9zdEh0dHBCb2R5IC8+DQogICAgICAgIDwvUmVxdWVzdD4NCiAgICAgICAgPFJlcXVlc3QgTWV0aG9kPSJHRVQiIEd1aWQ9ImQ3OTg1OTJhLWRjMjMtNDM5OS1hMTU5LTNhYWExYTcxMGM5MSIgVmVyc2lvbj0iMS4xIiBVcmw9Imh0dHBzOi8vc3AuY29yZGlzc29sdXRpb25zLmNvbS9fbGF5b3V0cy8xNS9TY3JpcHRSZXN4LmFzaHgiIFRoaW5rVGltZT0iMCIgVGltZW91dD0iMzAwIiBQYXJzZURlcGVuZGVudFJlcXVlc3RzPSJUcnVlIiBGb2xsb3dSZWRpcmVjdHM9IlRydWUiIFJlY29yZFJlc3VsdD0iVHJ1ZSIgQ2FjaGU9IkZhbHNlIiBSZXNwb25zZVRpbWVHb2FsPSIwIiBFbmNvZGluZz0idXRmLTgiIEV4cGVjdGVkSHR0cFN0YXR1c0NvZGU9IjAiIEV4cGVjdGVkUmVzcG9uc2VVcmw9IiIgUmVwb3J0aW5nTmFtZT0iIiBJZ25vcmVIdHRwU3RhdHVzQ29kZT0iRmFsc2UiPg0KICAgICAgICAgIDxIZWFkZXJzPg0KICAgICAgICAgICAgPEhlYWRlciBOYW1lPSJSZWZlcmVyIiBWYWx1ZT0iaHR0cHM6Ly9zcC5jb3JkaXNzb2x1dGlvbnMuY29tL0FwcHMwMC9TaGFyZWQlMjBEb2N1bWVudHMvRm9ybXMvRWRpdEZvcm0uYXNweD9Nb2RlPVVwbG9hZCZhbXA7Q2hlY2tJbkNvbW1lbnQ9JmFtcDtJRD0zNDU0JmFtcDtSb290Rm9sZGVyPSUyRkFwcHMwMCUyRlNoYXJlZCUyMERvY3VtZW50cyZhbXA7SXNEbGc9MSIgLz4NCiAgICAgICAgICA8L0hlYWRlcnM+DQogICAgICAgICAgPFF1ZXJ5U3RyaW5nUGFyYW1ldGVycz4NCiAgICAgICAgICAgIDxRdWVyeVN0cmluZ1BhcmFtZXRlciBOYW1lPSJjdWx0dXJlIiBWYWx1ZT0iZW4lMkR1cyIgUmVjb3JkZWRWYWx1ZT0iZW4lMkR1cyIgQ29ycmVsYXRpb25CaW5kaW5nPSIiIFVybEVuY29kZT0iRmFsc2UiIFVzZVRvR3JvdXBSZXN1bHRzPSJGYWxzZSIgLz4NCiAgICAgICAgICAgIDxRdWVyeVN0cmluZ1BhcmFtZXRlciBOYW1lPSJuYW1lIiBWYWx1ZT0iU1AlMkVVSSUyRVBvbGljeSUyRVJlc291cmNlcyIgUmVjb3JkZWRWYWx1ZT0iU1AlMkVVSSUyRVBvbGljeSUyRVJlc291cmNlcyIgQ29ycmVsYXRpb25CaW5kaW5nPSIiIFVybEVuY29kZT0iRmFsc2UiIFVzZVRvR3JvdXBSZXN1bHRzPSJGYWxzZSIgLz4NCiAgICAgICAgICAgIDxRdWVyeVN0cmluZ1BhcmFtZXRlciBOYW1lPSJyZXYiIFZhbHVlPSJtMk52dG0xM0RSZ29kQ1ZpJTJCc1J1a3clM0QlM0QiIFJlY29yZGVkVmFsdWU9Im0yTnZ0bTEzRFJnb2RDVmklMkJzUnVrdyUzRCUzRCIgQ29ycmVsYXRpb25CaW5kaW5nPSIiIFVybEVuY29kZT0iRmFsc2UiIFVzZVRvR3JvdXBSZXN1bHRzPSJGYWxzZSIgLz4NCiAgICAgICAgICA8L1F1ZXJ5U3RyaW5nUGFyYW1ldGVycz4NCiAgICAgICAgPC9SZXF1ZXN0Pg0KICAgICAgICA8UmVxdWVzdCBNZXRob2Q9IkdFVCIgR3VpZD0iODBhOGRmMTQtMThhNi00ODcxLWI3MDgtNTc3ZmZkNTU1NGY3IiBWZXJzaW9uPSIxLjEiIFVybD0iaHR0cHM6Ly9zcC5jb3JkaXNzb2x1dGlvbnMuY29tL19sYXlvdXRzLzE1L1NjcmlwdFJlc3guYXNoeCIgVGhpbmtUaW1lPSI1IiBUaW1lb3V0PSIzMDAiIFBhcnNlRGVwZW5kZW50UmVxdWVzdHM9IlRydWUiIEZvbGxvd1JlZGlyZWN0cz0iVHJ1ZSIgUmVjb3JkUmVzdWx0PSJUcnVlIiBDYWNoZT0iRmFsc2UiIFJlc3BvbnNlVGltZUdvYWw9IjAiIEVuY29kaW5nPSJ1dGYtOCIgRXhwZWN0ZWRIdHRwU3RhdHVzQ29kZT0iMCIgRXhwZWN0ZWRSZXNwb25zZVVybD0iIiBSZXBvcnRpbmdOYW1lPSIiIElnbm9yZUh0dHBTdGF0dXNDb2RlPSJGYWxzZSI+DQogICAgICAgICAgPEhlYWRlcnM+DQogICAgICAgICAgICA8SGVhZGVyIE5hbWU9IlJlZmVyZXIiIFZhbHVlPSJodHRwczovL3NwLmNvcmRpc3NvbHV0aW9ucy5jb20vQXBwczAwL1NoYXJlZCUyMERvY3VtZW50cy9Gb3Jtcy9FZGl0Rm9ybS5hc3B4P01vZGU9VXBsb2FkJmFtcDtDaGVja0luQ29tbWVudD0mYW1wO0lEPTM0NTQmYW1wO1Jvb3RGb2xkZXI9JTJGQXBwczAwJTJGU2hhcmVkJTIwRG9jdW1lbnRzJmFtcDtJc0RsZz0xIiAvPg0KICAgICAgICAgIDwvSGVhZGVycz4NCiAgICAgICAgICA8UXVlcnlTdHJpbmdQYXJhbWV0ZXJzPg0KICAgICAgICAgICAgPFF1ZXJ5U3RyaW5nUGFyYW1ldGVyIE5hbWU9ImN1bHR1cmUiIFZhbHVlPSJlbiUyRHVzIiBSZWNvcmRlZFZhbHVlPSJlbiUyRHVzIiBDb3JyZWxhdGlvbkJpbmRpbmc9IiIgVXJsRW5jb2RlPSJGYWxzZSIgVXNlVG9Hcm91cFJlc3VsdHM9IkZhbHNlIiAvPg0KICAgICAgICAgICAgPFF1ZXJ5U3RyaW5nUGFyYW1ldGVyIE5hbWU9Im5hbWUiIFZhbHVlPSJTUCUyRVVJJTJFUG9saWN5JTJFUmVzb3VyY2VzIiBSZWNvcmRlZFZhbHVlPSJTUCUyRVVJJTJFUG9saWN5JTJFUmVzb3VyY2VzIiBDb3JyZWxhdGlvbkJpbmRpbmc9IiIgVXJsRW5jb2RlPSJGYWxzZSIgVXNlVG9Hcm91cFJlc3VsdHM9IkZhbHNlIiAvPg0KICAgICAgICAgICAgPFF1ZXJ5U3RyaW5nUGFyYW1ldGVyIE5hbWU9InJldiIgVmFsdWU9Im0yTnZ0bTEzRFJnb2RDVmklMkJzUnVrdyUzRCUzRCIgUmVjb3JkZWRWYWx1ZT0ibTJOdnRtMTNEUmdvZENWaSUyQnNSdWt3JTNEJTNEIiBDb3JyZWxhdGlvbkJpbmRpbmc9IiIgVXJsRW5jb2RlPSJGYWxzZSIgVXNlVG9Hcm91cFJlc3VsdHM9IkZhbHNlIiAvPg0KICAgICAgICAgIDwvUXVlcnlTdHJpbmdQYXJhbWV0ZXJzPg0KICAgICAgICA8L1JlcXVlc3Q+DQogICAgICA8L0RlcGVuZGVudFJlcXVlc3RzPg0KICAgICAgPEhlYWRlcnM+DQogICAgICAgIDxIZWFkZXIgTmFtZT0iUmVmZXJlciIgVmFsdWU9Imh0dHBzOi8vc3AuY29yZGlzc29sdXRpb25zLmNvbS9BcHBzMDAvX2xheW91dHMvMTUvVXBsb2FkRXguYXNweD9MaXN0PSU3YkVEMjgxOTJBLTNCNjctNDNEOC1CQThBLURDQ0EzQUNFN0QwQiU3ZCZhbXA7Um9vdEZvbGRlcj0mYW1wO0lzRGxnPTEiIC8+DQogICAgICA8L0hlYWRlcnM+DQogICAgICA8RXh0cmFjdGlvblJ1bGVzPg0KICAgICAgICA8RXh0cmFjdGlvblJ1bGUgQ2xhc3NuYW1lPSJNaWNyb3NvZnQuVmlzdWFsU3R1ZGlvLlRlc3RUb29scy5XZWJUZXN0aW5nLlJ1bGVzLkV4dHJhY3RIaWRkZW5GaWVsZHMsIE1pY3Jvc29mdC5WaXN1YWxTdHVkaW8uUXVhbGl0eVRvb2xzLldlYlRlc3RGcmFtZXdvcmssIFZlcnNpb249MTAuMC4wLjAsIEN1bHR1cmU9bmV1dHJhbCwgUHVibGljS2V5VG9rZW49YjAzZjVmN2YxMWQ1MGEzYSIgVmFyaWFibGVOYW1lPSIyIiBEaXNwbGF5TmFtZT0iRXh0cmFjdCBIaWRkZW4gRmllbGRzIiBEZXNjcmlwdGlvbj0iRXh0cmFjdCBhbGwgaGlkZGVuIGZpZWxkcyBmcm9tIHRoZSByZXNwb25zZSBhbmQgcGxhY2UgdGhlbSBpbnRvIHRoZSB0ZXN0IGNvbnRleHQuIj4NCiAgICAgICAgICA8UnVsZVBhcmFtZXRlcnM+DQogICAgICAgICAgICA8UnVsZVBhcmFtZXRlciBOYW1lPSJSZXF1aXJlZCIgVmFsdWU9IlRydWUiIC8+DQogICAgICAgICAgICA8UnVsZVBhcmFtZXRlciBOYW1lPSJIdG1sRGVjb2RlIiBWYWx1ZT0iVHJ1ZSIgLz4NCiAgICAgICAgICA8L1J1bGVQYXJhbWV0ZXJzPg0KICAgICAgICA8L0V4dHJhY3Rpb25SdWxlPg0KICAgICAgICA8RXh0cmFjdGlvblJ1bGUgQ2xhc3NuYW1lPSJNaWNyb3NvZnQuVmlzdWFsU3R1ZGlvLlRlc3RUb29scy5XZWJUZXN0aW5nLlJ1bGVzLkV4dHJhY3RUZXh0LCBNaWNyb3NvZnQuVmlzdWFsU3R1ZGlvLlF1YWxpdHlUb29scy5XZWJUZXN0RnJhbWV3b3JrLCBWZXJzaW9uPTEwLjAuMC4wLCBDdWx0dXJlPW5ldXRyYWwsIFB1YmxpY0tleVRva2VuPWIwM2Y1ZjdmMTFkNTBhM2EiIFZhcmlhYmxlTmFtZT0iUXVlcnlTdHJpbmdQYXJhbTcuUm9vdEZvbGRlciIgRGlzcGxheU5hbWU9IkV4dHJhY3QgVGV4dCIgRGVzY3JpcHRpb249IkV4dHJhY3QgdGV4dCBmcm9tIHRoZSByZXNwb25zZSBhbmQgcGxhY2UgaXQgaW50byB0aGUgdGVzdCBjb250ZXh0LiI+DQogICAgICAgICAgPFJ1bGVQYXJhbWV0ZXJzPg0KICAgICAgICAgICAgPFJ1bGVQYXJhbWV0ZXIgTmFtZT0iU3RhcnRzV2l0aCIgVmFsdWU9IiZhbXA7YW1wO1Jvb3RGb2xkZXI9IiAvPg0KICAgICAgICAgICAgPFJ1bGVQYXJhbWV0ZXIgTmFtZT0iRW5kc1dpdGgiIFZhbHVlPSImYW1wOyIgLz4NCiAgICAgICAgICAgIDxSdWxlUGFyYW1ldGVyIE5hbWU9IkluZGV4IiBWYWx1ZT0iMSIgLz4NCiAgICAgICAgICAgIDxSdWxlUGFyYW1ldGVyIE5hbWU9Iklnbm9yZUNhc2UiIFZhbHVlPSJGYWxzZSIgLz4NCiAgICAgICAgICAgIDxSdWxlUGFyYW1ldGVyIE5hbWU9IlVzZVJlZ3VsYXJFeHByZXNzaW9uIiBWYWx1ZT0iRmFsc2UiIC8+DQogICAgICAgICAgICA8UnVsZVBhcmFtZXRlciBOYW1lPSJIdG1sRGVjb2RlIiBWYWx1ZT0iVHJ1ZSIgLz4NCiAgICAgICAgICAgIDxSdWxlUGFyYW1ldGVyIE5hbWU9IlJlcXVpcmVkIiBWYWx1ZT0iRmFsc2UiIC8+DQogICAgICAgICAgPC9SdWxlUGFyYW1ldGVycz4NCiAgICAgICAgPC9FeHRyYWN0aW9uUnVsZT4NCiAgICAgICAgPEV4dHJhY3Rpb25SdWxlIENsYXNzbmFtZT0iTWljcm9zb2Z0LlZpc3VhbFN0dWRpby5UZXN0VG9vbHMuV2ViVGVzdGluZy5SdWxlcy5FeHRyYWN0VGV4dCwgTWljcm9zb2Z0LlZpc3VhbFN0dWRpby5RdWFsaXR5VG9vbHMuV2ViVGVzdEZyYW1ld29yaywgVmVyc2lvbj0xMC4wLjAuMCwgQ3VsdHVyZT1uZXV0cmFsLCBQdWJsaWNLZXlUb2tlbj1iMDNmNWY3ZjExZDUwYTNhIiBWYXJpYWJsZU5hbWU9IlF1ZXJ5U3RyaW5nUGFyYW04LklzRGxnIiBEaXNwbGF5TmFtZT0iRXh0cmFjdCBUZXh0IiBEZXNjcmlwdGlvbj0iRXh0cmFjdCB0ZXh0IGZyb20gdGhlIHJlc3BvbnNlIGFuZCBwbGFjZSBpdCBpbnRvIHRoZSB0ZXN0IGNvbnRleHQuIj4NCiAgICAgICAgICA8UnVsZVBhcmFtZXRlcnM+DQogICAgICAgICAgICA8UnVsZVBhcmFtZXRlciBOYW1lPSJTdGFydHNXaXRoIiBWYWx1ZT0iJmFtcDthbXA7SXNEbGc9IiAvPg0KICAgICAgICAgICAgPFJ1bGVQYXJhbWV0ZXIgTmFtZT0iRW5kc1dpdGgiIFZhbHVlPSImcXVvdDsiIC8+DQogICAgICAgICAgICA8UnVsZVBhcmFtZXRlciBOYW1lPSJJbmRleCIgVmFsdWU9IjEiIC8+DQogICAgICAgICAgICA8UnVsZVBhcmFtZXRlciBOYW1lPSJJZ25vcmVDYXNlIiBWYWx1ZT0iRmFsc2UiIC8+DQogICAgICAgICAgICA8UnVsZVBhcmFtZXRlciBOYW1lPSJVc2VSZWd1bGFyRXhwcmVzc2lvbiIgVmFsdWU9IkZhbHNlIiAvPg0KICAgICAgICAgICAgPFJ1bGVQYXJhbWV0ZXIgTmFtZT0iSHRtbERlY29kZSIgVmFsdWU9IlRydWUiIC8+DQogICAgICAgICAgICA8UnVsZVBhcmFtZXRlciBOYW1lPSJSZXF1aXJlZCIgVmFsdWU9IkZhbHNlIiAvPg0KICAgICAgICAgIDwvUnVsZVBhcmFtZXRlcnM+DQogICAgICAgIDwvRXh0cmFjdGlvblJ1bGU+DQogICAgICAgIDxFeHRyYWN0aW9uUnVsZSBDbGFzc25hbWU9Ik1pY3Jvc29mdC5WaXN1YWxTdHVkaW8uVGVzdFRvb2xzLldlYlRlc3RpbmcuUnVsZXMuRXh0cmFjdFRleHQsIE1pY3Jvc29mdC5WaXN1YWxTdHVkaW8uUXVhbGl0eVRvb2xzLldlYlRlc3RGcmFtZXdvcmssIFZlcnNpb249MTAuMC4wLjAsIEN1bHR1cmU9bmV1dHJhbCwgUHVibGljS2V5VG9rZW49YjAzZjVmN2YxMWQ1MGEzYSIgVmFyaWFibGVOYW1lPSJRdWVyeVN0cmluZ1BhcmFtNTA0LlJvb3RGb2xkZXIiIERpc3BsYXlOYW1lPSJFeHRyYWN0IFRleHQiIERlc2NyaXB0aW9uPSJFeHRyYWN0IHRleHQgZnJvbSB0aGUgcmVzcG9uc2UgYW5kIHBsYWNlIGl0IGludG8gdGhlIHRlc3QgY29udGV4dC4iPg0KICAgICAgICAgIDxSdWxlUGFyYW1ldGVycz4NCiAgICAgICAgICAgIDxSdWxlUGFyYW1ldGVyIE5hbWU9IlN0YXJ0c1dpdGgiIFZhbHVlPSImYW1wO2FtcDtSb290Rm9sZGVyPSIgLz4NCiAgICAgICAgICAgIDxSdWxlUGFyYW1ldGVyIE5hbWU9IkVuZHNXaXRoIiBWYWx1ZT0iJmFtcDsiIC8+DQogICAgICAgICAgICA8UnVsZVBhcmFtZXRlciBOYW1lPSJJbmRleCIgVmFsdWU9IjEiIC8+DQogICAgICAgICAgICA8UnVsZVBhcmFtZXRlciBOYW1lPSJJZ25vcmVDYXNlIiBWYWx1ZT0iRmFsc2UiIC8+DQogICAgICAgICAgICA8UnVsZVBhcmFtZXRlciBOYW1lPSJVc2VSZWd1bGFyRXhwcmVzc2lvbiIgVmFsdWU9IkZhbHNlIiAvPg0KICAgICAgICAgICAgPFJ1bGVQYXJhbWV0ZXIgTmFtZT0iSHRtbERlY29kZSIgVmFsdWU9IlRydWUiIC8+DQogICAgICAgICAgICA8UnVsZVBhcmFtZXRlciBOYW1lPSJSZXF1aXJlZCIgVmFsdWU9IkZhbHNlIiAvPg0KICAgICAgICAgIDwvUnVsZVBhcmFtZXRlcnM+DQogICAgICAgIDwvRXh0cmFjdGlvblJ1bGU+DQogICAgICAgIDxFeHRyYWN0aW9uUnVsZSBDbGFzc25hbWU9Ik1pY3Jvc29mdC5WaXN1YWxTdHVkaW8uVGVzdFRvb2xzLldlYlRlc3RpbmcuUnVsZXMuRXh0cmFjdFRleHQsIE1pY3Jvc29mdC5WaXN1YWxTdHVkaW8uUXVhbGl0eVRvb2xzLldlYlRlc3RGcmFtZXdvcmssIFZlcnNpb249MTAuMC4wLjAsIEN1bHR1cmU9bmV1dHJhbCwgUHVibGljS2V5VG9rZW49YjAzZjVmN2YxMWQ1MGEzYSIgVmFyaWFibGVOYW1lPSJRdWVyeVN0cmluZ1BhcmFtNTA1LklzRGxnIiBEaXNwbGF5TmFtZT0iRXh0cmFjdCBUZXh0IiBEZXNjcmlwdGlvbj0iRXh0cmFjdCB0ZXh0IGZyb20gdGhlIHJlc3BvbnNlIGFuZCBwbGFjZSBpdCBpbnRvIHRoZSB0ZXN0IGNvbnRleHQuIj4NCiAgICAgICAgICA8UnVsZVBhcmFtZXRlcnM+DQogICAgICAgICAgICA8UnVsZVBhcmFtZXRlciBOYW1lPSJTdGFydHNXaXRoIiBWYWx1ZT0iJmFtcDthbXA7SXNEbGc9IiAvPg0KICAgICAgICAgICAgPFJ1bGVQYXJhbWV0ZXIgTmFtZT0iRW5kc1dpdGgiIFZhbHVlPSImcXVvdDsiIC8+DQogICAgICAgICAgICA8UnVsZVBhcmFtZXRlciBOYW1lPSJJbmRleCIgVmFsdWU9IjEiIC8+DQogICAgICAgICAgICA8UnVsZVBhcmFtZXRlciBOYW1lPSJJZ25vcmVDYXNlIiBWYWx1ZT0iRmFsc2UiIC8+DQogICAgICAgICAgICA8UnVsZVBhcmFtZXRlciBOYW1lPSJVc2VSZWd1bGFyRXhwcmVzc2lvbiIgVmFsdWU9IkZhbHNlIiAvPg0KICAgICAgICAgICAgPFJ1bGVQYXJhbWV0ZXIgTmFtZT0iSHRtbERlY29kZSIgVmFsdWU9IlRydWUiIC8+DQogICAgICAgICAgICA8UnVsZVBhcmFtZXRlciBOYW1lPSJSZXF1aXJlZCIgVmFsdWU9IkZhbHNlIiAvPg0KICAgICAgICAgIDwvUnVsZVBhcmFtZXRlcnM+DQogICAgICAgIDwvRXh0cmFjdGlvblJ1bGU+DQogICAgICAgIDxFeHRyYWN0aW9uUnVsZSBDbGFzc25hbWU9Ik1pY3Jvc29mdC5WaXN1YWxTdHVkaW8uVGVzdFRvb2xzLldlYlRlc3RpbmcuUnVsZXMuRXh0cmFjdFRleHQsIE1pY3Jvc29mdC5WaXN1YWxTdHVkaW8uUXVhbGl0eVRvb2xzLldlYlRlc3RGcmFtZXdvcmssIFZlcnNpb249MTAuMC4wLjAsIEN1bHR1cmU9bmV1dHJhbCwgUHVibGljS2V5VG9rZW49YjAzZjVmN2YxMWQ1MGEzYSIgVmFyaWFibGVOYW1lPSJGb3JtUG9zdFBhcmFtNDAuTVNPVGxQbl9WaWV3IiBEaXNwbGF5TmFtZT0iRXh0cmFjdCBUZXh0IiBEZXNjcmlwdGlvbj0iRXh0cmFjdCB0ZXh0IGZyb20gdGhlIHJlc3BvbnNlIGFuZCBwbGFjZSBpdCBpbnRvIHRoZSB0ZXN0IGNvbnRleHQuIj4NCiAgICAgICAgICA8UnVsZVBhcmFtZXRlcnM+DQogICAgICAgICAgICA8UnVsZVBhcmFtZXRlciBOYW1lPSJTdGFydHNXaXRoIiBWYWx1ZT0iZW50PSZxdW90OyIgLz4NCiAgICAgICAgICAgIDxSdWxlUGFyYW1ldGVyIE5hbWU9IkVuZHNXaXRoIiBWYWx1ZT0iJnF1b3Q7IC8mZ3Q7JiN4RDsiIC8+DQogICAgICAgICAgICA8UnVsZVBhcmFtZXRlciBOYW1lPSJJbmRleCIgVmFsdWU9IjMiIC8+DQogICAgICAgICAgICA8UnVsZVBhcmFtZXRlciBOYW1lPSJJZ25vcmVDYXNlIiBWYWx1ZT0iRmFsc2UiIC8+DQogICAgICAgICAgICA8UnVsZVBhcmFtZXRlciBOYW1lPSJVc2VSZWd1bGFyRXhwcmVzc2lvbiIgVmFsdWU9IkZhbHNlIiAvPg0KICAgICAgICAgICAgPFJ1bGVQYXJhbWV0ZXIgTmFtZT0iSHRtbERlY29kZSIgVmFsdWU9IlRydWUiIC8+DQogICAgICAgICAgICA8UnVsZVBhcmFtZXRlciBOYW1lPSJSZXF1aXJlZCIgVmFsdWU9IkZhbHNlIiAvPg0KICAgICAgICAgIDwvUnVsZVBhcmFtZXRlcnM+DQogICAgICAgIDwvRXh0cmFjdGlvblJ1bGU+DQogICAgICAgIDxFeHRyYWN0aW9uUnVsZSBDbGFzc25hbWU9Ik1pY3Jvc29mdC5WaXN1YWxTdHVkaW8uVGVzdFRvb2xzLldlYlRlc3RpbmcuUnVsZXMuRXh0cmFjdFRleHQsIE1pY3Jvc29mdC5WaXN1YWxTdHVkaW8uUXVhbGl0eVRvb2xzLldlYlRlc3RGcmFtZXdvcmssIFZlcnNpb249MTAuMC4wLjAsIEN1bHR1cmU9bmV1dHJhbCwgUHVibGljS2V5VG9rZW49YjAzZjVmN2YxMWQ1MGEzYSIgVmFyaWFibGVOYW1lPSJGb3JtUG9zdFBhcmFtNDYuX21haW50YWluV29ya3NwYWNlU2Nyb2xsUG9zaXRpb24iIERpc3BsYXlOYW1lPSJFeHRyYWN0IFRleHQiIERlc2NyaXB0aW9uPSJFeHRyYWN0IHRleHQgZnJvbSB0aGUgcmVzcG9uc2UgYW5kIHBsYWNlIGl0IGludG8gdGhlIHRlc3QgY29udGV4dC4iPg0KICAgICAgICAgIDxSdWxlUGFyYW1ldGVycz4NCiAgICAgICAgICAgIDxSdWxlUGFyYW1ldGVyIE5hbWU9IlN0YXJ0c1dpdGgiIFZhbHVlPSJlbnQ9JnF1b3Q7IiAvPg0KICAgICAgICAgICAgPFJ1bGVQYXJhbWV0ZXIgTmFtZT0iRW5kc1dpdGgiIFZhbHVlPSImcXVvdDsgLyZndDsmI3hEOyIgLz4NCiAgICAgICAgICAgIDxSdWxlUGFyYW1ldGVyIE5hbWU9IkluZGV4IiBWYWx1ZT0iMyIgLz4NCiAgICAgICAgICAgIDxSdWxlUGFyYW1ldGVyIE5hbWU9Iklnbm9yZUNhc2UiIFZhbHVlPSJGYWxzZSIgLz4NCiAgICAgICAgICAgIDxSdWxlUGFyYW1ldGVyIE5hbWU9IlVzZVJlZ3VsYXJFeHByZXNzaW9uIiBWYWx1ZT0iRmFsc2UiIC8+DQogICAgICAgICAgICA8UnVsZVBhcmFtZXRlciBOYW1lPSJIdG1sRGVjb2RlIiBWYWx1ZT0iVHJ1ZSIgLz4NCiAgICAgICAgICAgIDxSdWxlUGFyYW1ldGVyIE5hbWU9IlJlcXVpcmVkIiBWYWx1ZT0iRmFsc2UiIC8+DQogICAgICAgICAgPC9SdWxlUGFyYW1ldGVycz4NCiAgICAgICAgPC9FeHRyYWN0aW9uUnVsZT4NCiAgICAgICAgPEV4dHJhY3Rpb25SdWxlIENsYXNzbmFtZT0iTWljcm9zb2Z0LlZpc3VhbFN0dWRpby5UZXN0VG9vbHMuV2ViVGVzdGluZy5SdWxlcy5FeHRyYWN0VGV4dCwgTWljcm9zb2Z0LlZpc3VhbFN0dWRpby5RdWFsaXR5VG9vbHMuV2ViVGVzdEZyYW1ld29yaywgVmVyc2lvbj0xMC4wLjAuMCwgQ3VsdHVyZT1uZXV0cmFsLCBQdWJsaWNLZXlUb2tlbj1iMDNmNWY3ZjExZDUwYTNhIiBWYXJpYWJsZU5hbWU9IkZvcm1Qb3N0UGFyYW00Ny5fX1NDUk9MTFBPU0lUSU9OWCIgRGlzcGxheU5hbWU9IkV4dHJhY3QgVGV4dCIgRGVzY3JpcHRpb249IkV4dHJhY3QgdGV4dCBmcm9tIHRoZSByZXNwb25zZSBhbmQgcGxhY2UgaXQgaW50byB0aGUgdGVzdCBjb250ZXh0LiI+DQogICAgICAgICAgPFJ1bGVQYXJhbWV0ZXJzPg0KICAgICAgICAgICAgPFJ1bGVQYXJhbWV0ZXIgTmFtZT0iU3RhcnRzV2l0aCIgVmFsdWU9ImVudD0mcXVvdDsiIC8+DQogICAgICAgICAgICA8UnVsZVBhcmFtZXRlciBOYW1lPSJFbmRzV2l0aCIgVmFsdWU9IiZxdW90OyAvJmd0OyYjeEQ7IiAvPg0KICAgICAgICAgICAgPFJ1bGVQYXJhbWV0ZXIgTmFtZT0iSW5kZXgiIFZhbHVlPSIzIiAvPg0KICAgICAgICAgICAgPFJ1bGVQYXJhbWV0ZXIgTmFtZT0iSWdub3JlQ2FzZSIgVmFsdWU9IkZhbHNlIiAvPg0KICAgICAgICAgICAgPFJ1bGVQYXJhbWV0ZXIgTmFtZT0iVXNlUmVndWxhckV4cHJlc3Npb24iIFZhbHVlPSJGYWxzZSIgLz4NCiAgICAgICAgICAgIDxSdWxlUGFyYW1ldGVyIE5hbWU9Ikh0bWxEZWNvZGUiIFZhbHVlPSJUcnVlIiAvPg0KICAgICAgICAgICAgPFJ1bGVQYXJhbWV0ZXIgTmFtZT0iUmVxdWlyZWQiIFZhbHVlPSJGYWxzZSIgLz4NCiAgICAgICAgICA8L1J1bGVQYXJhbWV0ZXJzPg0KICAgICAgICA8L0V4dHJhY3Rpb25SdWxlPg0KICAgICAgICA8RXh0cmFjdGlvblJ1bGUgQ2xhc3NuYW1lPSJNaWNyb3NvZnQuVmlzdWFsU3R1ZGlvLlRlc3RUb29scy5XZWJUZXN0aW5nLlJ1bGVzLkV4dHJhY3RUZXh0LCBNaWNyb3NvZnQuVmlzdWFsU3R1ZGlvLlF1YWxpdHlUb29scy5XZWJUZXN0RnJhbWV3b3JrLCBWZXJzaW9uPTEwLjAuMC4wLCBDdWx0dXJlPW5ldXRyYWwsIFB1YmxpY0tleVRva2VuPWIwM2Y1ZjdmMTFkNTBhM2EiIFZhcmlhYmxlTmFtZT0iRm9ybVBvc3RQYXJhbTQ4Ll9fU0NST0xMUE9TSVRJT05ZIiBEaXNwbGF5TmFtZT0iRXh0cmFjdCBUZXh0IiBEZXNjcmlwdGlvbj0iRXh0cmFjdCB0ZXh0IGZyb20gdGhlIHJlc3BvbnNlIGFuZCBwbGFjZSBpdCBpbnRvIHRoZSB0ZXN0IGNvbnRleHQuIj4NCiAgICAgICAgICA8UnVsZVBhcmFtZXRlcnM+DQogICAgICAgICAgICA8UnVsZVBhcmFtZXRlciBOYW1lPSJTdGFydHNXaXRoIiBWYWx1ZT0iZW50PSZxdW90OyIgLz4NCiAgICAgICAgICAgIDxSdWxlUGFyYW1ldGVyIE5hbWU9IkVuZHNXaXRoIiBWYWx1ZT0iJnF1b3Q7IC8mZ3Q7JiN4RDsiIC8+DQogICAgICAgICAgICA8UnVsZVBhcmFtZXRlciBOYW1lPSJJbmRleCIgVmFsdWU9IjMiIC8+DQogICAgICAgICAgICA8UnVsZVBhcmFtZXRlciBOYW1lPSJJZ25vcmVDYXNlIiBWYWx1ZT0iRmFsc2UiIC8+DQogICAgICAgICAgICA8UnVsZVBhcmFtZXRlciBOYW1lPSJVc2VSZWd1bGFyRXhwcmVzc2lvbiIgVmFsdWU9IkZhbHNlIiAvPg0KICAgICAgICAgICAgPFJ1bGVQYXJhbWV0ZXIgTmFtZT0iSHRtbERlY29kZSIgVmFsdWU9IlRydWUiIC8+DQogICAgICAgICAgICA8UnVsZVBhcmFtZXRlciBOYW1lPSJSZXF1aXJlZCIgVmFsdWU9IkZhbHNlIiAvPg0KICAgICAgICAgIDwvUnVsZVBhcmFtZXRlcnM+DQogICAgICAgIDwvRXh0cmFjdGlvblJ1bGU+DQogICAgICA8L0V4dHJhY3Rpb25SdWxlcz4NCiAgICAgIDxDb3JyZWxhdGlvbkV4dHJhY3Rpb25SdWxlcz4NCiAgICAgICAgPEV4dHJhY3Rpb25SdWxlIENsYXNzbmFtZT0iTWljcm9zb2Z0LlZpc3VhbFN0dWRpby5UZXN0VG9vbHMuV2ViVGVzdGluZy5SdWxlcy5FeHRyYWN0VGV4dCwgTWljcm9zb2Z0LlZpc3VhbFN0dWRpby5RdWFsaXR5VG9vbHMuV2ViVGVzdEZyYW1ld29yaywgVmVyc2lvbj0xMC4wLjAuMCwgQ3VsdHVyZT1uZXV0cmFsLCBQdWJsaWNLZXlUb2tlbj1iMDNmNWY3ZjExZDUwYTNhIiBWYXJpYWJsZU5hbWU9IlF1ZXJ5U3RyaW5nUGFyYW01Lk1vZGUiIERpc3BsYXlOYW1lPSIiIERlc2NyaXB0aW9uPSIiPg0KICAgICAgICAgIDxSdWxlUGFyYW1ldGVycz4NCiAgICAgICAgICAgIDxSdWxlUGFyYW1ldGVyIE5hbWU9IlN0YXJ0c1dpdGgiIFZhbHVlPSI/TW9kZT0iIC8+DQogICAgICAgICAgICA8UnVsZVBhcmFtZXRlciBOYW1lPSJFbmRzV2l0aCIgVmFsdWU9IiZhbXA7IiAvPg0KICAgICAgICAgICAgPFJ1bGVQYXJhbWV0ZXIgTmFtZT0iSW5kZXgiIFZhbHVlPSIxIiAvPg0KICAgICAgICAgICAgPFJ1bGVQYXJhbWV0ZXIgTmFtZT0iSWdub3JlQ2FzZSIgVmFsdWU9IkZhbHNlIiAvPg0KICAgICAgICAgICAgPFJ1bGVQYXJhbWV0ZXIgTmFtZT0iVXNlUmVndWxhckV4cHJlc3Npb24iIFZhbHVlPSJGYWxzZSIgLz4NCiAgICAgICAgICAgIDxSdWxlUGFyYW1ldGVyIE5hbWU9Ikh0bWxEZWNvZGUiIFZhbHVlPSJUcnVlIiAvPg0KICAgICAgICAgICAgPFJ1bGVQYXJhbWV0ZXIgTmFtZT0iUmVxdWlyZWQiIFZhbHVlPSJGYWxzZSIgLz4NCiAgICAgICAgICA8L1J1bGVQYXJhbWV0ZXJzPg0KICAgICAgICA8L0V4dHJhY3Rpb25SdWxlPg0KICAgICAgICA8RXh0cmFjdGlvblJ1bGUgQ2xhc3NuYW1lPSJNaWNyb3NvZnQuVmlzdWFsU3R1ZGlvLlRlc3RUb29scy5XZWJUZXN0aW5nLlJ1bGVzLkV4dHJhY3RUZXh0LCBNaWNyb3NvZnQuVmlzdWFsU3R1ZGlvLlF1YWxpdHlUb29scy5XZWJUZXN0RnJhbWV3b3JrLCBWZXJzaW9uPTEwLjAuMC4wLCBDdWx0dXJlPW5ldXRyYWwsIFB1YmxpY0tleVRva2VuPWIwM2Y1ZjdmMTFkNTBhM2EiIFZhcmlhYmxlTmFtZT0iUXVlcnlTdHJpbmdQYXJhbTYuSUQiIERpc3BsYXlOYW1lPSIiIERlc2NyaXB0aW9uPSIiPg0KICAgICAgICAgIDxSdWxlUGFyYW1ldGVycz4NCiAgICAgICAgICAgIDxSdWxlUGFyYW1ldGVyIE5hbWU9IlN0YXJ0c1dpdGgiIFZhbHVlPSImYW1wO2FtcDtJRD0iIC8+DQogICAgICAgICAgICA8UnVsZVBhcmFtZXRlciBOYW1lPSJFbmRzV2l0aCIgVmFsdWU9IiZhbXA7IiAvPg0KICAgICAgICAgICAgPFJ1bGVQYXJhbWV0ZXIgTmFtZT0iSW5kZXgiIFZhbHVlPSIxIiAvPg0KICAgICAgICAgICAgPFJ1bGVQYXJhbWV0ZXIgTmFtZT0iSWdub3JlQ2FzZSIgVmFsdWU9IkZhbHNlIiAvPg0KICAgICAgICAgICAgPFJ1bGVQYXJhbWV0ZXIgTmFtZT0iVXNlUmVndWxhckV4cHJlc3Npb24iIFZhbHVlPSJGYWxzZSIgLz4NCiAgICAgICAgICAgIDxSdWxlUGFyYW1ldGVyIE5hbWU9Ikh0bWxEZWNvZGUiIFZhbHVlPSJUcnVlIiAvPg0KICAgICAgICAgICAgPFJ1bGVQYXJhbWV0ZXIgTmFtZT0iUmVxdWlyZWQiIFZhbHVlPSJGYWxzZSIgLz4NCiAgICAgICAgICA8L1J1bGVQYXJhbWV0ZXJzPg0KICAgICAgICA8L0V4dHJhY3Rpb25SdWxlPg0KICAgICAgICA8RXh0cmFjdGlvblJ1bGUgQ2xhc3NuYW1lPSJNaWNyb3NvZnQuVmlzdWFsU3R1ZGlvLlRlc3RUb29scy5XZWJUZXN0aW5nLlJ1bGVzLkV4dHJhY3RUZXh0LCBNaWNyb3NvZnQuVmlzdWFsU3R1ZGlvLlF1YWxpdHlUb29scy5XZWJUZXN0RnJhbWV3b3JrLCBWZXJzaW9uPTEwLjAuMC4wLCBDdWx0dXJlPW5ldXRyYWwsIFB1YmxpY0tleVRva2VuPWIwM2Y1ZjdmMTFkNTBhM2EiIFZhcmlhYmxlTmFtZT0iRm9ybVBvc3RQYXJhbTIuX19FVkVOVFRBUkdFVCIgRGlzcGxheU5hbWU9IiIgRGVzY3JpcHRpb249IiI+DQogICAgICAgICAgPFJ1bGVQYXJhbWV0ZXJzPg0KICAgICAgICAgICAgPFJ1bGVQYXJhbWV0ZXIgTmFtZT0iU3RhcnRzV2l0aCIgVmFsdWU9ImFtZT0mcXVvdDsiIC8+DQogICAgICAgICAgICA8UnVsZVBhcmFtZXRlciBOYW1lPSJFbmRzV2l0aCIgVmFsdWU9IiZxdW90OyB2YWwiIC8+DQogICAgICAgICAgICA8UnVsZVBhcmFtZXRlciBOYW1lPSJJbmRleCIgVmFsdWU9IjUwIiAvPg0KICAgICAgICAgICAgPFJ1bGVQYXJhbWV0ZXIgTmFtZT0iSWdub3JlQ2FzZSIgVmFsdWU9IkZhbHNlIiAvPg0KICAgICAgICAgICAgPFJ1bGVQYXJhbWV0ZXIgTmFtZT0iVXNlUmVndWxhckV4cHJlc3Npb24iIFZhbHVlPSJGYWxzZSIgLz4NCiAgICAgICAgICAgIDxSdWxlUGFyYW1ldGVyIE5hbWU9Ikh0bWxEZWNvZGUiIFZhbHVlPSJUcnVlIiAvPg0KICAgICAgICAgICAgPFJ1bGVQYXJhbWV0ZXIgTmFtZT0iUmVxdWlyZWQiIFZhbHVlPSJGYWxzZSIgLz4NCiAgICAgICAgICA8L1J1bGVQYXJhbWV0ZXJzPg0KICAgICAgICA8L0V4dHJhY3Rpb25SdWxlPg0KICAgICAgICA8RXh0cmFjdGlvblJ1bGUgQ2xhc3NuYW1lPSJNaWNyb3NvZnQuVmlzdWFsU3R1ZGlvLlRlc3RUb29scy5XZWJUZXN0aW5nLlJ1bGVzLkV4dHJhY3RUZXh0LCBNaWNyb3NvZnQuVmlzdWFsU3R1ZGlvLlF1YWxpdHlUb29scy5XZWJUZXN0RnJhbWV3b3JrLCBWZXJzaW9uPTEwLjAuMC4wLCBDdWx0dXJlPW5ldXRyYWwsIFB1YmxpY0tleVRva2VuPWIwM2Y1ZjdmMTFkNTBhM2EiIFZhcmlhYmxlTmFtZT0iRm9ybVBvc3RQYXJhbTMuY3RsMDAkY3RsNDQkY3RsMDQiIERpc3BsYXlOYW1lPSIiIERlc2NyaXB0aW9uPSIiPg0KICAgICAgICAgIDxSdWxlUGFyYW1ldGVycz4NCiAgICAgICAgICAgIDxSdWxlUGFyYW1ldGVyIE5hbWU9IlN0YXJ0c1dpdGgiIFZhbHVlPSIgaWQ9JnF1b3Q7IiAvPg0KICAgICAgICAgICAgPFJ1bGVQYXJhbWV0ZXIgTmFtZT0iRW5kc1dpdGgiIFZhbHVlPSImcXVvdDsgdW5zIiAvPg0KICAgICAgICAgICAgPFJ1bGVQYXJhbWV0ZXIgTmFtZT0iSW5kZXgiIFZhbHVlPSI3MiIgLz4NCiAgICAgICAgICAgIDxSdWxlUGFyYW1ldGVyIE5hbWU9Iklnbm9yZUNhc2UiIFZhbHVlPSJGYWxzZSIgLz4NCiAgICAgICAgICAgIDxSdWxlUGFyYW1ldGVyIE5hbWU9IlVzZVJlZ3VsYXJFeHByZXNzaW9uIiBWYWx1ZT0iRmFsc2UiIC8+DQogICAgICAgICAgICA8UnVsZVBhcmFtZXRlciBOYW1lPSJIdG1sRGVjb2RlIiBWYWx1ZT0iVHJ1ZSIgLz4NCiAgICAgICAgICAgIDxSdWxlUGFyYW1ldGVyIE5hbWU9IlJlcXVpcmVkIiBWYWx1ZT0iRmFsc2UiIC8+DQogICAgICAgICAgPC9SdWxlUGFyYW1ldGVycz4NCiAgICAgICAgPC9FeHRyYWN0aW9uUnVsZT4NCiAgICAgICAgPEV4dHJhY3Rpb25SdWxlIENsYXNzbmFtZT0iTWljcm9zb2Z0LlZpc3VhbFN0dWRpby5UZXN0VG9vbHMuV2ViVGVzdGluZy5SdWxlcy5FeHRyYWN0VGV4dCwgTWljcm9zb2Z0LlZpc3VhbFN0dWRpby5RdWFsaXR5VG9vbHMuV2ViVGVzdEZyYW1ld29yaywgVmVyc2lvbj0xMC4wLjAuMCwgQ3VsdHVyZT1uZXV0cmFsLCBQdWJsaWNLZXlUb2tlbj1iMDNmNWY3ZjExZDUwYTNhIiBWYXJpYWJsZU5hbWU9IkZvcm1Qb3N0UGFyYW00LmN0bDAwJGN0bDQzJGdfMTEyNmIwZjhfZTVlNl80Mjc3X2JhYTZfNDIzZGEwYmJhNDc3JGN0bDAwJGN0bDAyJGN0bDAwJGN0bDAxJGN0bDAwJENvbnRlbnRUeXBlQ2hvaWNlIiBEaXNwbGF5TmFtZT0iIiBEZXNjcmlwdGlvbj0iIj4NCiAgICAgICAgICA8UnVsZVBhcmFtZXRlcnM+DQogICAgICAgICAgICA8UnVsZVBhcmFtZXRlciBOYW1lPSJTdGFydHNXaXRoIiBWYWx1ZT0ibHVlPSZxdW90OyIgLz4NCiAgICAgICAgICAgIDxSdWxlUGFyYW1ldGVyIE5hbWU9IkVuZHNXaXRoIiBWYWx1ZT0iJnF1b3Q7Jmd0O0NvciIgLz4NCiAgICAgICAgICAgIDxSdWxlUGFyYW1ldGVyIE5hbWU9IkluZGV4IiBWYWx1ZT0iMzMiIC8+DQogICAgICAgICAgICA8UnVsZVBhcmFtZXRlciBOYW1lPSJJZ25vcmVDYXNlIiBWYWx1ZT0iRmFsc2UiIC8+DQogICAgICAgICAgICA8UnVsZVBhcmFtZXRlciBOYW1lPSJVc2VSZWd1bGFyRXhwcmVzc2lvbiIgVmFsdWU9IkZhbHNlIiAvPg0KICAgICAgICAgICAgPFJ1bGVQYXJhbWV0ZXIgTmFtZT0iSHRtbERlY29kZSIgVmFsdWU9IlRydWUiIC8+DQogICAgICAgICAgICA8UnVsZVBhcmFtZXRlciBOYW1lPSJSZXF1aXJlZCIgVmFsdWU9IkZhbHNlIiAvPg0KICAgICAgICAgIDwvUnVsZVBhcmFtZXRlcnM+DQogICAgICAgIDwvRXh0cmFjdGlvblJ1bGU+DQogICAgICAgIDxFeHRyYWN0aW9uUnVsZSBDbGFzc25hbWU9Ik1pY3Jvc29mdC5WaXN1YWxTdHVkaW8uVGVzdFRvb2xzLldlYlRlc3RpbmcuUnVsZXMuRXh0cmFjdFRleHQsIE1pY3Jvc29mdC5WaXN1YWxTdHVkaW8uUXVhbGl0eVRvb2xzLldlYlRlc3RGcmFtZXdvcmssIFZlcnNpb249MTAuMC4wLjAsIEN1bHR1cmU9bmV1dHJhbCwgUHVibGljS2V5VG9rZW49YjAzZjVmN2YxMWQ1MGEzYSIgVmFyaWFibGVOYW1lPSJGb3JtUG9zdFBhcmFtNS5DbGllbnRGb3JtUG9zdEJhY2tWYWx1ZV9lZDI4MTkyYS0zYjY3LTQzZDgtYmE4YS1kY2NhM2FjZTdkMGJfRmlsZUxlYWZSZWYiIERpc3BsYXlOYW1lPSIiIERlc2NyaXB0aW9uPSIiPg0KICAgICAgICAgIDxSdWxlUGFyYW1ldGVycz4NCiAgICAgICAgICAgIDxSdWxlUGFyYW1ldGVyIE5hbWU9IlN0YXJ0c1dpdGgiIFZhbHVlPSJlZiZxdW90OzomcXVvdDsiIC8+DQogICAgICAgICAgICA8UnVsZVBhcmFtZXRlciBOYW1lPSJFbmRzV2l0aCIgVmFsdWU9IiZxdW90OywmcXVvdDtUaSIgLz4NCiAgICAgICAgICAgIDxSdWxlUGFyYW1ldGVyIE5hbWU9IkluZGV4IiBWYWx1ZT0iMCIgLz4NCiAgICAgICAgICAgIDxSdWxlUGFyYW1ldGVyIE5hbWU9Iklnbm9yZUNhc2UiIFZhbHVlPSJGYWxzZSIgLz4NCiAgICAgICAgICAgIDxSdWxlUGFyYW1ldGVyIE5hbWU9IlVzZVJlZ3VsYXJFeHByZXNzaW9uIiBWYWx1ZT0iRmFsc2UiIC8+DQogICAgICAgICAgICA8UnVsZVBhcmFtZXRlciBOYW1lPSJIdG1sRGVjb2RlIiBWYWx1ZT0iVHJ1ZSIgLz4NCiAgICAgICAgICAgIDxSdWxlUGFyYW1ldGVyIE5hbWU9IlJlcXVpcmVkIiBWYWx1ZT0iRmFsc2UiIC8+DQogICAgICAgICAgPC9SdWxlUGFyYW1ldGVycz4NCiAgICAgICAgPC9FeHRyYWN0aW9uUnVsZT4NCiAgICAgICAgPEV4dHJhY3Rpb25SdWxlIENsYXNzbmFtZT0iTWljcm9zb2Z0LlZpc3VhbFN0dWRpby5UZXN0VG9vbHMuV2ViVGVzdGluZy5SdWxlcy5FeHRyYWN0VGV4dCwgTWljcm9zb2Z0LlZpc3VhbFN0dWRpby5RdWFsaXR5VG9vbHMuV2ViVGVzdEZyYW1ld29yaywgVmVyc2lvbj0xMC4wLjAuMCwgQ3VsdHVyZT1uZXV0cmFsLCBQdWJsaWNLZXlUb2tlbj1iMDNmNWY3ZjExZDUwYTNhIiBWYXJpYWJsZU5hbWU9IkZvcm1Qb3N0UGFyYW02LkNsaWVudEZvcm1Qb3N0QmFja1ZhbHVlX2VkMjgxOTJhLTNiNjctNDNkOC1iYThhLWRjY2EzYWNlN2QwYl9UaXRsZSIgRGlzcGxheU5hbWU9IiIgRGVzY3JpcHRpb249IiI+DQogICAgICAgICAgPFJ1bGVQYXJhbWV0ZXJzPg0KICAgICAgICAgICAgPFJ1bGVQYXJhbWV0ZXIgTmFtZT0iU3RhcnRzV2l0aCIgVmFsdWU9ImxlJnF1b3Q7OiZxdW90OyIgLz4NCiAgICAgICAgICAgIDxSdWxlUGFyYW1ldGVyIE5hbWU9IkVuZHNXaXRoIiBWYWx1ZT0iJnF1b3Q7LCZxdW90O0FwIiAvPg0KICAgICAgICAgICAgPFJ1bGVQYXJhbWV0ZXIgTmFtZT0iSW5kZXgiIFZhbHVlPSIwIiAvPg0KICAgICAgICAgICAgPFJ1bGVQYXJhbWV0ZXIgTmFtZT0iSWdub3JlQ2FzZSIgVmFsdWU9IkZhbHNlIiAvPg0KICAgICAgICAgICAgPFJ1bGVQYXJhbWV0ZXIgTmFtZT0iVXNlUmVndWxhckV4cHJlc3Npb24iIFZhbHVlPSJGYWxzZSIgLz4NCiAgICAgICAgICAgIDxSdWxlUGFyYW1ldGVyIE5hbWU9Ikh0bWxEZWNvZGUiIFZhbHVlPSJUcnVlIiAvPg0KICAgICAgICAgICAgPFJ1bGVQYXJhbWV0ZXIgTmFtZT0iUmVxdWlyZWQiIFZhbHVlPSJGYWxzZSIgLz4NCiAgICAgICAgICA8L1J1bGVQYXJhbWV0ZXJzPg0KICAgICAgICA8L0V4dHJhY3Rpb25SdWxlPg0KICAgICAgICA8RXh0cmFjdGlvblJ1bGUgQ2xhc3NuYW1lPSJNaWNyb3NvZnQuVmlzdWFsU3R1ZGlvLlRlc3RUb29scy5XZWJUZXN0aW5nLlJ1bGVzLkV4dHJhY3RUZXh0LCBNaWNyb3NvZnQuVmlzdWFsU3R1ZGlvLlF1YWxpdHlUb29scy5XZWJUZXN0RnJhbWV3b3JrLCBWZXJzaW9uPTEwLjAuMC4wLCBDdWx0dXJlPW5ldXRyYWwsIFB1YmxpY0tleVRva2VuPWIwM2Y1ZjdmMTFkNTBhM2EiIFZhcmlhYmxlTmFtZT0iRm9ybVBvc3RQYXJhbTcuQ2xpZW50Rm9ybVBvc3RCYWNrVmFsdWVfZWQyODE5MmEtM2I2Ny00M2Q4LWJhOGEtZGNjYTNhY2U3ZDBiX1N0YXR1cyIgRGlzcGxheU5hbWU9IiIgRGVzY3JpcHRpb249IiI+DQogICAgICAgICAgPFJ1bGVQYXJhbWV0ZXJzPg0KICAgICAgICAgICAgPFJ1bGVQYXJhbWV0ZXIgTmFtZT0iU3RhcnRzV2l0aCIgVmFsdWU9InVzJnF1b3Q7OiZxdW90OyIgLz4NCiAgICAgICAgICAgIDxSdWxlUGFyYW1ldGVyIE5hbWU9IkVuZHNXaXRoIiBWYWx1ZT0iJnF1b3Q7LCZxdW90O0NvIiAvPg0KICAgICAgICAgICAgPFJ1bGVQYXJhbWV0ZXIgTmFtZT0iSW5kZXgiIFZhbHVlPSIwIiAvPg0KICAgICAgICAgICAgPFJ1bGVQYXJhbWV0ZXIgTmFtZT0iSWdub3JlQ2FzZSIgVmFsdWU9IkZhbHNlIiAvPg0KICAgICAgICAgICAgPFJ1bGVQYXJhbWV0ZXIgTmFtZT0iVXNlUmVndWxhckV4cHJlc3Npb24iIFZhbHVlPSJGYWxzZSIgLz4NCiAgICAgICAgICAgIDxSdWxlUGFyYW1ldGVyIE5hbWU9Ikh0bWxEZWNvZGUiIFZhbHVlPSJUcnVlIiAvPg0KICAgICAgICAgICAgPFJ1bGVQYXJhbWV0ZXIgTmFtZT0iUmVxdWlyZWQiIFZhbHVlPSJGYWxzZSIgLz4NCiAgICAgICAgICA8L1J1bGVQYXJhbWV0ZXJzPg0KICAgICAgICA8L0V4dHJhY3Rpb25SdWxlPg0KICAgICAgICA8RXh0cmFjdGlvblJ1bGUgQ2xhc3NuYW1lPSJNaWNyb3NvZnQuVmlzdWFsU3R1ZGlvLlRlc3RUb29scy5XZWJUZXN0aW5nLlJ1bGVzLkV4dHJhY3RUZXh0LCBNaWNyb3NvZnQuVmlzdWFsU3R1ZGlvLlF1YWxpdHlUb29scy5XZWJUZXN0RnJhbWV3b3JrLCBWZXJzaW9uPTEwLjAuMC4wLCBDdWx0dXJlPW5ldXRyYWwsIFB1YmxpY0tleVRva2VuPWIwM2Y1ZjdmMTFkNTBhM2EiIFZhcmlhYmxlTmFtZT0iRm9ybVBvc3RQYXJhbTguQ2xpZW50Rm9ybVBvc3RCYWNrVmFsdWVfZWQyODE5MmEtM2I2Ny00M2Q4LWJhOGEtZGNjYTNhY2U3ZDBiX293c2hpZGRlbnZlcnNpb24iIERpc3BsYXlOYW1lPSIiIERlc2NyaXB0aW9uPSIiPg0KICAgICAgICAgIDxSdWxlUGFyYW1ldGVycz4NCiAgICAgICAgICAgIDxSdWxlUGFyYW1ldGVyIE5hbWU9IlN0YXJ0c1dpdGgiIFZhbHVlPSJkYWw9JnF1b3Q7IiAvPg0KICAgICAgICAgICAgPFJ1bGVQYXJhbWV0ZXIgTmFtZT0iRW5kc1dpdGgiIFZhbHVlPSImcXVvdDsgLS0mZ3Q7IiAvPg0KICAgICAgICAgICAgPFJ1bGVQYXJhbWV0ZXIgTmFtZT0iSW5kZXgiIFZhbHVlPSIwIiAvPg0KICAgICAgICAgICAgPFJ1bGVQYXJhbWV0ZXIgTmFtZT0iSWdub3JlQ2FzZSIgVmFsdWU9IkZhbHNlIiAvPg0KICAgICAgICAgICAgPFJ1bGVQYXJhbWV0ZXIgTmFtZT0iVXNlUmVndWxhckV4cHJlc3Npb24iIFZhbHVlPSJGYWxzZSIgLz4NCiAgICAgICAgICAgIDxSdWxlUGFyYW1ldGVyIE5hbWU9Ikh0bWxEZWNvZGUiIFZhbHVlPSJUcnVlIiAvPg0KICAgICAgICAgICAgPFJ1bGVQYXJhbWV0ZXIgTmFtZT0iUmVxdWlyZWQiIFZhbHVlPSJGYWxzZSIgLz4NCiAgICAgICAgICA8L1J1bGVQYXJhbWV0ZXJzPg0KICAgICAgICA8L0V4dHJhY3Rpb25SdWxlPg0KICAgICAgICA8RXh0cmFjdGlvblJ1bGUgQ2xhc3NuYW1lPSJNaWNyb3NvZnQuVmlzdWFsU3R1ZGlvLlRlc3RUb29scy5XZWJUZXN0aW5nLlJ1bGVzLkV4dHJhY3RUZXh0LCBNaWNyb3NvZnQuVmlzdWFsU3R1ZGlvLlF1YWxpdHlUb29scy5XZWJUZXN0RnJhbWV3b3JrLCBWZXJzaW9uPTEwLjAuMC4wLCBDdWx0dXJlPW5ldXRyYWwsIFB1YmxpY0tleVRva2VuPWIwM2Y1ZjdmMTFkNTBhM2EiIFZhcmlhYmxlTmFtZT0iRm9ybVBvc3RQYXJhbTkuQ2xpZW50Rm9ybVBvc3RCYWNrVmFsdWVfZWQyODE5MmEtM2I2Ny00M2Q4LWJhOGEtZGNjYTNhY2U3ZDBiX1N1Ym1pdENsaWVudEZvcm0iIERpc3BsYXlOYW1lPSIiIERlc2NyaXB0aW9uPSIiPg0KICAgICAgICAgIDxSdWxlUGFyYW1ldGVycz4NCiAgICAgICAgICAgIDxSdWxlUGFyYW1ldGVyIE5hbWU9IlN0YXJ0c1dpdGgiIFZhbHVlPSJvbnM9JnF1b3Q7IiAvPg0KICAgICAgICAgICAgPFJ1bGVQYXJhbWV0ZXIgTmFtZT0iRW5kc1dpdGgiIFZhbHVlPSImcXVvdDsmZ3Q7Jmx0O2llIiAvPg0KICAgICAgICAgICAgPFJ1bGVQYXJhbWV0ZXIgTmFtZT0iSW5kZXgiIFZhbHVlPSIwIiAvPg0KICAgICAgICAgICAgPFJ1bGVQYXJhbWV0ZXIgTmFtZT0iSWdub3JlQ2FzZSIgVmFsdWU9IkZhbHNlIiAvPg0KICAgICAgICAgICAgPFJ1bGVQYXJhbWV0ZXIgTmFtZT0iVXNlUmVndWxhckV4cHJlc3Npb24iIFZhbHVlPSJGYWxzZSIgLz4NCiAgICAgICAgICAgIDxSdWxlUGFyYW1ldGVyIE5hbWU9Ikh0bWxEZWNvZGUiIFZhbHVlPSJUcnVlIiAvPg0KICAgICAgICAgICAgPFJ1bGVQYXJhbWV0ZXIgTmFtZT0iUmVxdWlyZWQiIFZhbHVlPSJGYWxzZSIgLz4NCiAgICAgICAgICA8L1J1bGVQYXJhbWV0ZXJzPg0KICAgICAgICA8L0V4dHJhY3Rpb25SdWxlPg0KICAgICAgICA8RXh0cmFjdGlvblJ1bGUgQ2xhc3NuYW1lPSJNaWNyb3NvZnQuVmlzdWFsU3R1ZGlvLlRlc3RUb29scy5XZWJUZXN0aW5nLlJ1bGVzLkV4dHJhY3RUZXh0LCBNaWNyb3NvZnQuVmlzdWFsU3R1ZGlvLlF1YWxpdHlUb29scy5XZWJUZXN0RnJhbWV3b3JrLCBWZXJzaW9uPTEwLjAuMC4wLCBDdWx0dXJlPW5ldXRyYWwsIFB1YmxpY0tleVRva2VuPWIwM2Y1ZjdmMTFkNTBhM2EiIFZhcmlhYmxlTmFtZT0iUXVlcnlTdHJpbmdQYXJhbTUwMi5Nb2RlIiBEaXNwbGF5TmFtZT0iIiBEZXNjcmlwdGlvbj0iIj4NCiAgICAgICAgICA8UnVsZVBhcmFtZXRlcnM+DQogICAgICAgICAgICA8UnVsZVBhcmFtZXRlciBOYW1lPSJTdGFydHNXaXRoIiBWYWx1ZT0iP01vZGU9IiAvPg0KICAgICAgICAgICAgPFJ1bGVQYXJhbWV0ZXIgTmFtZT0iRW5kc1dpdGgiIFZhbHVlPSImYW1wOyIgLz4NCiAgICAgICAgICAgIDxSdWxlUGFyYW1ldGVyIE5hbWU9IkluZGV4IiBWYWx1ZT0iMSIgLz4NCiAgICAgICAgICAgIDxSdWxlUGFyYW1ldGVyIE5hbWU9Iklnbm9yZUNhc2UiIFZhbHVlPSJGYWxzZSIgLz4NCiAgICAgICAgICAgIDxSdWxlUGFyYW1ldGVyIE5hbWU9IlVzZVJlZ3VsYXJFeHByZXNzaW9uIiBWYWx1ZT0iRmFsc2UiIC8+DQogICAgICAgICAgICA8UnVsZVBhcmFtZXRlciBOYW1lPSJIdG1sRGVjb2RlIiBWYWx1ZT0iVHJ1ZSIgLz4NCiAgICAgICAgICAgIDxSdWxlUGFyYW1ldGVyIE5hbWU9IlJlcXVpcmVkIiBWYWx1ZT0iRmFsc2UiIC8+DQogICAgICAgICAgPC9SdWxlUGFyYW1ldGVycz4NCiAgICAgICAgPC9FeHRyYWN0aW9uUnVsZT4NCiAgICAgICAgPEV4dHJhY3Rpb25SdWxlIENsYXNzbmFtZT0iTWljcm9zb2Z0LlZpc3VhbFN0dWRpby5UZXN0VG9vbHMuV2ViVGVzdGluZy5SdWxlcy5FeHRyYWN0VGV4dCwgTWljcm9zb2Z0LlZpc3VhbFN0dWRpby5RdWFsaXR5VG9vbHMuV2ViVGVzdEZyYW1ld29yaywgVmVyc2lvbj0xMC4wLjAuMCwgQ3VsdHVyZT1uZXV0cmFsLCBQdWJsaWNLZXlUb2tlbj1iMDNmNWY3ZjExZDUwYTNhIiBWYXJpYWJsZU5hbWU9IlF1ZXJ5U3RyaW5nUGFyYW01MDMuSUQiIERpc3BsYXlOYW1lPSIiIERlc2NyaXB0aW9uPSIiPg0KICAgICAgICAgIDxSdWxlUGFyYW1ldGVycz4NCiAgICAgICAgICAgIDxSdWxlUGFyYW1ldGVyIE5hbWU9IlN0YXJ0c1dpdGgiIFZhbHVlPSImYW1wO2FtcDtJRD0iIC8+DQogICAgICAgICAgICA8UnVsZVBhcmFtZXRlciBOYW1lPSJFbmRzV2l0aCIgVmFsdWU9IiZhbXA7IiAvPg0KICAgICAgICAgICAgPFJ1bGVQYXJhbWV0ZXIgTmFtZT0iSW5kZXgiIFZhbHVlPSIxIiAvPg0KICAgICAgICAgICAgPFJ1bGVQYXJhbWV0ZXIgTmFtZT0iSWdub3JlQ2FzZSIgVmFsdWU9IkZhbHNlIiAvPg0KICAgICAgICAgICAgPFJ1bGVQYXJhbWV0ZXIgTmFtZT0iVXNlUmVndWxhckV4cHJlc3Npb24iIFZhbHVlPSJGYWxzZSIgLz4NCiAgICAgICAgICAgIDxSdWxlUGFyYW1ldGVyIE5hbWU9Ikh0bWxEZWNvZGUiIFZhbHVlPSJUcnVlIiAvPg0KICAgICAgICAgICAgPFJ1bGVQYXJhbWV0ZXIgTmFtZT0iUmVxdWlyZWQiIFZhbHVlPSJGYWxzZSIgLz4NCiAgICAgICAgICA8L1J1bGVQYXJhbWV0ZXJzPg0KICAgICAgICA8L0V4dHJhY3Rpb25SdWxlPg0KICAgICAgICA8RXh0cmFjdGlvblJ1bGUgQ2xhc3NuYW1lPSJNaWNyb3NvZnQuVmlzdWFsU3R1ZGlvLlRlc3RUb29scy5XZWJUZXN0aW5nLlJ1bGVzLkV4dHJhY3RUZXh0LCBNaWNyb3NvZnQuVmlzdWFsU3R1ZGlvLlF1YWxpdHlUb29scy5XZWJUZXN0RnJhbWV3b3JrLCBWZXJzaW9uPTEwLjAuMC4wLCBDdWx0dXJlPW5ldXRyYWwsIFB1YmxpY0tleVRva2VuPWIwM2Y1ZjdmMTFkNTBhM2EiIFZhcmlhYmxlTmFtZT0iRm9ybVBvc3RQYXJhbTI5Ll9fRVZFTlRUQVJHRVQiIERpc3BsYXlOYW1lPSIiIERlc2NyaXB0aW9uPSIiPg0KICAgICAgICAgIDxSdWxlUGFyYW1ldGVycz4NCiAgICAgICAgICAgIDxSdWxlUGFyYW1ldGVyIE5hbWU9IlN0YXJ0c1dpdGgiIFZhbHVlPSJhbWU9JnF1b3Q7IiAvPg0KICAgICAgICAgICAgPFJ1bGVQYXJhbWV0ZXIgTmFtZT0iRW5kc1dpdGgiIFZhbHVlPSImcXVvdDsgdmFsIiAvPg0KICAgICAgICAgICAgPFJ1bGVQYXJhbWV0ZXIgTmFtZT0iSW5kZXgiIFZhbHVlPSI1MCIgLz4NCiAgICAgICAgICAgIDxSdWxlUGFyYW1ldGVyIE5hbWU9Iklnbm9yZUNhc2UiIFZhbHVlPSJGYWxzZSIgLz4NCiAgICAgICAgICAgIDxSdWxlUGFyYW1ldGVyIE5hbWU9IlVzZVJlZ3VsYXJFeHByZXNzaW9uIiBWYWx1ZT0iRmFsc2UiIC8+DQogICAgICAgICAgICA8UnVsZVBhcmFtZXRlciBOYW1lPSJIdG1sRGVjb2RlIiBWYWx1ZT0iVHJ1ZSIgLz4NCiAgICAgICAgICAgIDxSdWxlUGFyYW1ldGVyIE5hbWU9IlJlcXVpcmVkIiBWYWx1ZT0iRmFsc2UiIC8+DQogICAgICAgICAgPC9SdWxlUGFyYW1ldGVycz4NCiAgICAgICAgPC9FeHRyYWN0aW9uUnVsZT4NCiAgICAgICAgPEV4dHJhY3Rpb25SdWxlIENsYXNzbmFtZT0iTWljcm9zb2Z0LlZpc3VhbFN0dWRpby5UZXN0VG9vbHMuV2ViVGVzdGluZy5SdWxlcy5FeHRyYWN0VGV4dCwgTWljcm9zb2Z0LlZpc3VhbFN0dWRpby5RdWFsaXR5VG9vbHMuV2ViVGVzdEZyYW1ld29yaywgVmVyc2lvbj0xMC4wLjAuMCwgQ3VsdHVyZT1uZXV0cmFsLCBQdWJsaWNLZXlUb2tlbj1iMDNmNWY3ZjExZDUwYTNhIiBWYXJpYWJsZU5hbWU9IkZvcm1Qb3N0UGFyYW0zMC5jdGwwMCRjdGw0NCRjdGwwNCIgRGlzcGxheU5hbWU9IiIgRGVzY3JpcHRpb249IiI+DQogICAgICAgICAgPFJ1bGVQYXJhbWV0ZXJzPg0KICAgICAgICAgICAgPFJ1bGVQYXJhbWV0ZXIgTmFtZT0iU3RhcnRzV2l0aCIgVmFsdWU9IiBpZD0mcXVvdDsiIC8+DQogICAgICAgICAgICA8UnVsZVBhcmFtZXRlciBOYW1lPSJFbmRzV2l0aCIgVmFsdWU9IiZxdW90OyB1bnMiIC8+DQogICAgICAgICAgICA8UnVsZVBhcmFtZXRlciBOYW1lPSJJbmRleCIgVmFsdWU9IjcyIiAvPg0KICAgICAgICAgICAgPFJ1bGVQYXJhbWV0ZXIgTmFtZT0iSWdub3JlQ2FzZSIgVmFsdWU9IkZhbHNlIiAvPg0KICAgICAgICAgICAgPFJ1bGVQYXJhbWV0ZXIgTmFtZT0iVXNlUmVndWxhckV4cHJlc3Npb24iIFZhbHVlPSJGYWxzZSIgLz4NCiAgICAgICAgICAgIDxSdWxlUGFyYW1ldGVyIE5hbWU9Ikh0bWxEZWNvZGUiIFZhbHVlPSJUcnVlIiAvPg0KICAgICAgICAgICAgPFJ1bGVQYXJhbWV0ZXIgTmFtZT0iUmVxdWlyZWQiIFZhbHVlPSJGYWxzZSIgLz4NCiAgICAgICAgICA8L1J1bGVQYXJhbWV0ZXJzPg0KICAgICAgICA8L0V4dHJhY3Rpb25SdWxlPg0KICAgICAgICA8RXh0cmFjdGlvblJ1bGUgQ2xhc3NuYW1lPSJNaWNyb3NvZnQuVmlzdWFsU3R1ZGlvLlRlc3RUb29scy5XZWJUZXN0aW5nLlJ1bGVzLkV4dHJhY3RUZXh0LCBNaWNyb3NvZnQuVmlzdWFsU3R1ZGlvLlF1YWxpdHlUb29scy5XZWJUZXN0RnJhbWV3b3JrLCBWZXJzaW9uPTEwLjAuMC4wLCBDdWx0dXJlPW5ldXRyYWwsIFB1YmxpY0tleVRva2VuPWIwM2Y1ZjdmMTFkNTBhM2EiIFZhcmlhYmxlTmFtZT0iRm9ybVBvc3RQYXJhbTMxLmN0bDAwJGN0bDQzJGdfMTEyNmIwZjhfZTVlNl80Mjc3X2JhYTZfNDIzZGEwYmJhNDc3JGN0bDAwJGN0bDAyJGN0bDAwJGN0bDAxJGN0bDAwJENvbnRlbnRUeXBlQ2hvaWNlIiBEaXNwbGF5TmFtZT0iIiBEZXNjcmlwdGlvbj0iIj4NCiAgICAgICAgICA8UnVsZVBhcmFtZXRlcnM+DQogICAgICAgICAgICA8UnVsZVBhcmFtZXRlciBOYW1lPSJTdGFydHNXaXRoIiBWYWx1ZT0ibHVlPSZxdW90OyIgLz4NCiAgICAgICAgICAgIDxSdWxlUGFyYW1ldGVyIE5hbWU9IkVuZHNXaXRoIiBWYWx1ZT0iJnF1b3Q7Jmd0O0NvciIgLz4NCiAgICAgICAgICAgIDxSdWxlUGFyYW1ldGVyIE5hbWU9IkluZGV4IiBWYWx1ZT0iMzMiIC8+DQogICAgICAgICAgICA8UnVsZVBhcmFtZXRlciBOYW1lPSJJZ25vcmVDYXNlIiBWYWx1ZT0iRmFsc2UiIC8+DQogICAgICAgICAgICA8UnVsZVBhcmFtZXRlciBOYW1lPSJVc2VSZWd1bGFyRXhwcmVzc2lvbiIgVmFsdWU9IkZhbHNlIiAvPg0KICAgICAgICAgICAgPFJ1bGVQYXJhbWV0ZXIgTmFtZT0iSHRtbERlY29kZSIgVmFsdWU9IlRydWUiIC8+DQogICAgICAgICAgICA8UnVsZVBhcmFtZXRlciBOYW1lPSJSZXF1aXJlZCIgVmFsdWU9IkZhbHNlIiAvPg0KICAgICAgICAgIDwvUnVsZVBhcmFtZXRlcnM+DQogICAgICAgIDwvRXh0cmFjdGlvblJ1bGU+DQogICAgICAgIDxFeHRyYWN0aW9uUnVsZSBDbGFzc25hbWU9Ik1pY3Jvc29mdC5WaXN1YWxTdHVkaW8uVGVzdFRvb2xzLldlYlRlc3RpbmcuUnVsZXMuRXh0cmFjdFRleHQsIE1pY3Jvc29mdC5WaXN1YWxTdHVkaW8uUXVhbGl0eVRvb2xzLldlYlRlc3RGcmFtZXdvcmssIFZlcnNpb249MTAuMC4wLjAsIEN1bHR1cmU9bmV1dHJhbCwgUHVibGljS2V5VG9rZW49YjAzZjVmN2YxMWQ1MGEzYSIgVmFyaWFibGVOYW1lPSJGb3JtUG9zdFBhcmFtMzIuQ2xpZW50Rm9ybVBvc3RCYWNrVmFsdWVfZWQyODE5MmEtM2I2Ny00M2Q4LWJhOGEtZGNjYTNhY2U3ZDBiX0ZpbGVMZWFmUmVmIiBEaXNwbGF5TmFtZT0iIiBEZXNjcmlwdGlvbj0iIj4NCiAgICAgICAgICA8UnVsZVBhcmFtZXRlcnM+DQogICAgICAgICAgICA8UnVsZVBhcmFtZXRlciBOYW1lPSJTdGFydHNXaXRoIiBWYWx1ZT0iZWYmcXVvdDs6JnF1b3Q7IiAvPg0KICAgICAgICAgICAgPFJ1bGVQYXJhbWV0ZXIgTmFtZT0iRW5kc1dpdGgiIFZhbHVlPSImcXVvdDssJnF1b3Q7VGkiIC8+DQogICAgICAgICAgICA8UnVsZVBhcmFtZXRlciBOYW1lPSJJbmRleCIgVmFsdWU9IjAiIC8+DQogICAgICAgICAgICA8UnVsZVBhcmFtZXRlciBOYW1lPSJJZ25vcmVDYXNlIiBWYWx1ZT0iRmFsc2UiIC8+DQogICAgICAgICAgICA8UnVsZVBhcmFtZXRlciBOYW1lPSJVc2VSZWd1bGFyRXhwcmVzc2lvbiIgVmFsdWU9IkZhbHNlIiAvPg0KICAgICAgICAgICAgPFJ1bGVQYXJhbWV0ZXIgTmFtZT0iSHRtbERlY29kZSIgVmFsdWU9IlRydWUiIC8+DQogICAgICAgICAgICA8UnVsZVBhcmFtZXRlciBOYW1lPSJSZXF1aXJlZCIgVmFsdWU9IkZhbHNlIiAvPg0KICAgICAgICAgIDwvUnVsZVBhcmFtZXRlcnM+DQogICAgICAgIDwvRXh0cmFjdGlvblJ1bGU+DQogICAgICAgIDxFeHRyYWN0aW9uUnVsZSBDbGFzc25hbWU9Ik1pY3Jvc29mdC5WaXN1YWxTdHVkaW8uVGVzdFRvb2xzLldlYlRlc3RpbmcuUnVsZXMuRXh0cmFjdFRleHQsIE1pY3Jvc29mdC5WaXN1YWxTdHVkaW8uUXVhbGl0eVRvb2xzLldlYlRlc3RGcmFtZXdvcmssIFZlcnNpb249MTAuMC4wLjAsIEN1bHR1cmU9bmV1dHJhbCwgUHVibGljS2V5VG9rZW49YjAzZjVmN2YxMWQ1MGEzYSIgVmFyaWFibGVOYW1lPSJGb3JtUG9zdFBhcmFtMzMuQ2xpZW50Rm9ybVBvc3RCYWNrVmFsdWVfZWQyODE5MmEtM2I2Ny00M2Q4LWJhOGEtZGNjYTNhY2U3ZDBiX1RpdGxlIiBEaXNwbGF5TmFtZT0iIiBEZXNjcmlwdGlvbj0iIj4NCiAgICAgICAgICA8UnVsZVBhcmFtZXRlcnM+DQogICAgICAgICAgICA8UnVsZVBhcmFtZXRlciBOYW1lPSJTdGFydHNXaXRoIiBWYWx1ZT0ibGUmcXVvdDs6JnF1b3Q7IiAvPg0KICAgICAgICAgICAgPFJ1bGVQYXJhbWV0ZXIgTmFtZT0iRW5kc1dpdGgiIFZhbHVlPSImcXVvdDssJnF1b3Q7QXAiIC8+DQogICAgICAgICAgICA8UnVsZVBhcmFtZXRlciBOYW1lPSJJbmRleCIgVmFsdWU9IjAiIC8+DQogICAgICAgICAgICA8UnVsZVBhcmFtZXRlciBOYW1lPSJJZ25vcmVDYXNlIiBWYWx1ZT0iRmFsc2UiIC8+DQogICAgICAgICAgICA8UnVsZVBhcmFtZXRlciBOYW1lPSJVc2VSZWd1bGFyRXhwcmVzc2lvbiIgVmFsdWU9IkZhbHNlIiAvPg0KICAgICAgICAgICAgPFJ1bGVQYXJhbWV0ZXIgTmFtZT0iSHRtbERlY29kZSIgVmFsdWU9IlRydWUiIC8+DQogICAgICAgICAgICA8UnVsZVBhcmFtZXRlciBOYW1lPSJSZXF1aXJlZCIgVmFsdWU9IkZhbHNlIiAvPg0KICAgICAgICAgIDwvUnVsZVBhcmFtZXRlcnM+DQogICAgICAgIDwvRXh0cmFjdGlvblJ1bGU+DQogICAgICAgIDxFeHRyYWN0aW9uUnVsZSBDbGFzc25hbWU9Ik1pY3Jvc29mdC5WaXN1YWxTdHVkaW8uVGVzdFRvb2xzLldlYlRlc3RpbmcuUnVsZXMuRXh0cmFjdFRleHQsIE1pY3Jvc29mdC5WaXN1YWxTdHVkaW8uUXVhbGl0eVRvb2xzLldlYlRlc3RGcmFtZXdvcmssIFZlcnNpb249MTAuMC4wLjAsIEN1bHR1cmU9bmV1dHJhbCwgUHVibGljS2V5VG9rZW49YjAzZjVmN2YxMWQ1MGEzYSIgVmFyaWFibGVOYW1lPSJGb3JtUG9zdFBhcmFtMzQuQ2xpZW50Rm9ybVBvc3RCYWNrVmFsdWVfZWQyODE5MmEtM2I2Ny00M2Q4LWJhOGEtZGNjYTNhY2U3ZDBiX1N0YXR1cyIgRGlzcGxheU5hbWU9IiIgRGVzY3JpcHRpb249IiI+DQogICAgICAgICAgPFJ1bGVQYXJhbWV0ZXJzPg0KICAgICAgICAgICAgPFJ1bGVQYXJhbWV0ZXIgTmFtZT0iU3RhcnRzV2l0aCIgVmFsdWU9InVzJnF1b3Q7OiZxdW90OyIgLz4NCiAgICAgICAgICAgIDxSdWxlUGFyYW1ldGVyIE5hbWU9IkVuZHNXaXRoIiBWYWx1ZT0iJnF1b3Q7LCZxdW90O0NvIiAvPg0KICAgICAgICAgICAgPFJ1bGVQYXJhbWV0ZXIgTmFtZT0iSW5kZXgiIFZhbHVlPSIwIiAvPg0KICAgICAgICAgICAgPFJ1bGVQYXJhbWV0ZXIgTmFtZT0iSWdub3JlQ2FzZSIgVmFsdWU9IkZhbHNlIiAvPg0KICAgICAgICAgICAgPFJ1bGVQYXJhbWV0ZXIgTmFtZT0iVXNlUmVndWxhckV4cHJlc3Npb24iIFZhbHVlPSJGYWxzZSIgLz4NCiAgICAgICAgICAgIDxSdWxlUGFyYW1ldGVyIE5hbWU9Ikh0bWxEZWNvZGUiIFZhbHVlPSJUcnVlIiAvPg0KICAgICAgICAgICAgPFJ1bGVQYXJhbWV0ZXIgTmFtZT0iUmVxdWlyZWQiIFZhbHVlPSJGYWxzZSIgLz4NCiAgICAgICAgICA8L1J1bGVQYXJhbWV0ZXJzPg0KICAgICAgICA8L0V4dHJhY3Rpb25SdWxlPg0KICAgICAgICA8RXh0cmFjdGlvblJ1bGUgQ2xhc3NuYW1lPSJNaWNyb3NvZnQuVmlzdWFsU3R1ZGlvLlRlc3RUb29scy5XZWJUZXN0aW5nLlJ1bGVzLkV4dHJhY3RUZXh0LCBNaWNyb3NvZnQuVmlzdWFsU3R1ZGlvLlF1YWxpdHlUb29scy5XZWJUZXN0RnJhbWV3b3JrLCBWZXJzaW9uPTEwLjAuMC4wLCBDdWx0dXJlPW5ldXRyYWwsIFB1YmxpY0tleVRva2VuPWIwM2Y1ZjdmMTFkNTBhM2EiIFZhcmlhYmxlTmFtZT0iRm9ybVBvc3RQYXJhbTM1LkNsaWVudEZvcm1Qb3N0QmFja1ZhbHVlX2VkMjgxOTJhLTNiNjctNDNkOC1iYThhLWRjY2EzYWNlN2QwYl9vd3NoaWRkZW52ZXJzaW9uIiBEaXNwbGF5TmFtZT0iIiBEZXNjcmlwdGlvbj0iIj4NCiAgICAgICAgICA8UnVsZVBhcmFtZXRlcnM+DQogICAgICAgICAgICA8UnVsZVBhcmFtZXRlciBOYW1lPSJTdGFydHNXaXRoIiBWYWx1ZT0iZGFsPSZxdW90OyIgLz4NCiAgICAgICAgICAgIDxSdWxlUGFyYW1ldGVyIE5hbWU9IkVuZHNXaXRoIiBWYWx1ZT0iJnF1b3Q7IC0tJmd0OyIgLz4NCiAgICAgICAgICAgIDxSdWxlUGFyYW1ldGVyIE5hbWU9IkluZGV4IiBWYWx1ZT0iMCIgLz4NCiAgICAgICAgICAgIDxSdWxlUGFyYW1ldGVyIE5hbWU9Iklnbm9yZUNhc2UiIFZhbHVlPSJGYWxzZSIgLz4NCiAgICAgICAgICAgIDxSdWxlUGFyYW1ldGVyIE5hbWU9IlVzZVJlZ3VsYXJFeHByZXNzaW9uIiBWYWx1ZT0iRmFsc2UiIC8+DQogICAgICAgICAgICA8UnVsZVBhcmFtZXRlciBOYW1lPSJIdG1sRGVjb2RlIiBWYWx1ZT0iVHJ1ZSIgLz4NCiAgICAgICAgICAgIDxSdWxlUGFyYW1ldGVyIE5hbWU9IlJlcXVpcmVkIiBWYWx1ZT0iRmFsc2UiIC8+DQogICAgICAgICAgPC9SdWxlUGFyYW1ldGVycz4NCiAgICAgICAgPC9FeHRyYWN0aW9uUnVsZT4NCiAgICAgICAgPEV4dHJhY3Rpb25SdWxlIENsYXNzbmFtZT0iTWljcm9zb2Z0LlZpc3VhbFN0dWRpby5UZXN0VG9vbHMuV2ViVGVzdGluZy5SdWxlcy5FeHRyYWN0VGV4dCwgTWljcm9zb2Z0LlZpc3VhbFN0dWRpby5RdWFsaXR5VG9vbHMuV2ViVGVzdEZyYW1ld29yaywgVmVyc2lvbj0xMC4wLjAuMCwgQ3VsdHVyZT1uZXV0cmFsLCBQdWJsaWNLZXlUb2tlbj1iMDNmNWY3ZjExZDUwYTNhIiBWYXJpYWJsZU5hbWU9IkZvcm1Qb3N0UGFyYW0zNi5DbGllbnRGb3JtUG9zdEJhY2tWYWx1ZV9lZDI4MTkyYS0zYjY3LTQzZDgtYmE4YS1kY2NhM2FjZTdkMGJfU3VibWl0Q2xpZW50Rm9ybSIgRGlzcGxheU5hbWU9IiIgRGVzY3JpcHRpb249IiI+DQogICAgICAgICAgPFJ1bGVQYXJhbWV0ZXJzPg0KICAgICAgICAgICAgPFJ1bGVQYXJhbWV0ZXIgTmFtZT0iU3RhcnRzV2l0aCIgVmFsdWU9Im9ucz0mcXVvdDsiIC8+DQogICAgICAgICAgICA8UnVsZVBhcmFtZXRlciBOYW1lPSJFbmRzV2l0aCIgVmFsdWU9IiZxdW90OyZndDsmbHQ7aWUiIC8+DQogICAgICAgICAgICA8UnVsZVBhcmFtZXRlciBOYW1lPSJJbmRleCIgVmFsdWU9IjAiIC8+DQogICAgICAgICAgICA8UnVsZVBhcmFtZXRlciBOYW1lPSJJZ25vcmVDYXNlIiBWYWx1ZT0iRmFsc2UiIC8+DQogICAgICAgICAgICA8UnVsZVBhcmFtZXRlciBOYW1lPSJVc2VSZWd1bGFyRXhwcmVzc2lvbiIgVmFsdWU9IkZhbHNlIiAvPg0KICAgICAgICAgICAgPFJ1bGVQYXJhbWV0ZXIgTmFtZT0iSHRtbERlY29kZSIgVmFsdWU9IlRydWUiIC8+DQogICAgICAgICAgICA8UnVsZVBhcmFtZXRlciBOYW1lPSJSZXF1aXJlZCIgVmFsdWU9IkZhbHNlIiAvPg0KICAgICAgICAgIDwvUnVsZVBhcmFtZXRlcnM+DQogICAgICAgIDwvRXh0cmFjdGlvblJ1bGU+DQogICAgICAgIDxFeHRyYWN0aW9uUnVsZSBDbGFzc25hbWU9Ik1pY3Jvc29mdC5WaXN1YWxTdHVkaW8uVGVzdFRvb2xzLldlYlRlc3RpbmcuUnVsZXMuRXh0cmFjdFRleHQsIE1pY3Jvc29mdC5WaXN1YWxTdHVkaW8uUXVhbGl0eVRvb2xzLldlYlRlc3RGcmFtZXdvcmssIFZlcnNpb249MTAuMC4wLjAsIEN1bHR1cmU9bmV1dHJhbCwgUHVibGljS2V5VG9rZW49YjAzZjVmN2YxMWQ1MGEzYSIgVmFyaWFibGVOYW1lPSJGb3JtUG9zdFBhcmFtNDEuTVNPVGxQbl9TaG93U2V0dGluZ3MiIERpc3BsYXlOYW1lPSIiIERlc2NyaXB0aW9uPSIiPg0KICAgICAgICAgIDxSdWxlUGFyYW1ldGVycz4NCiAgICAgICAgICAgIDxSdWxlUGFyYW1ldGVyIE5hbWU9IlN0YXJ0c1dpdGgiIFZhbHVlPSJsdWU9JnF1b3Q7IiAvPg0KICAgICAgICAgICAgPFJ1bGVQYXJhbWV0ZXIgTmFtZT0iRW5kc1dpdGgiIFZhbHVlPSImcXVvdDsgLyZndDsmI3hEOyIgLz4NCiAgICAgICAgICAgIDxSdWxlUGFyYW1ldGVyIE5hbWU9IkluZGV4IiBWYWx1ZT0iNSIgLz4NCiAgICAgICAgICAgIDxSdWxlUGFyYW1ldGVyIE5hbWU9Iklnbm9yZUNhc2UiIFZhbHVlPSJGYWxzZSIgLz4NCiAgICAgICAgICAgIDxSdWxlUGFyYW1ldGVyIE5hbWU9IlVzZVJlZ3VsYXJFeHByZXNzaW9uIiBWYWx1ZT0iRmFsc2UiIC8+DQogICAgICAgICAgICA8UnVsZVBhcmFtZXRlciBOYW1lPSJIdG1sRGVjb2RlIiBWYWx1ZT0iVHJ1ZSIgLz4NCiAgICAgICAgICAgIDxSdWxlUGFyYW1ldGVyIE5hbWU9IlJlcXVpcmVkIiBWYWx1ZT0iRmFsc2UiIC8+DQogICAgICAgICAgPC9SdWxlUGFyYW1ldGVycz4NCiAgICAgICAgPC9FeHRyYWN0aW9uUnVsZT4NCiAgICAgICAgPEV4dHJhY3Rpb25SdWxlIENsYXNzbmFtZT0iTWljcm9zb2Z0LlZpc3VhbFN0dWRpby5UZXN0VG9vbHMuV2ViVGVzdGluZy5SdWxlcy5FeHRyYWN0VGV4dCwgTWljcm9zb2Z0LlZpc3VhbFN0dWRpby5RdWFsaXR5VG9vbHMuV2ViVGVzdEZyYW1ld29yaywgVmVyc2lvbj0xMC4wLjAuMCwgQ3VsdHVyZT1uZXV0cmFsLCBQdWJsaWNLZXlUb2tlbj1iMDNmNWY3ZjExZDUwYTNhIiBWYXJpYWJsZU5hbWU9IkZvcm1Qb3N0UGFyYW00Mi5NU09UbFBuX0J1dHRvbiIgRGlzcGxheU5hbWU9IiIgRGVzY3JpcHRpb249IiI+DQogICAgICAgICAgPFJ1bGVQYXJhbWV0ZXJzPg0KICAgICAgICAgICAgPFJ1bGVQYXJhbWV0ZXIgTmFtZT0iU3RhcnRzV2l0aCIgVmFsdWU9Imx1ZT0mcXVvdDsiIC8+DQogICAgICAgICAgICA8UnVsZVBhcmFtZXRlciBOYW1lPSJFbmRzV2l0aCIgVmFsdWU9IiZxdW90OyAvJmd0OyYjeEQ7IiAvPg0KICAgICAgICAgICAgPFJ1bGVQYXJhbWV0ZXIgTmFtZT0iSW5kZXgiIFZhbHVlPSI4IiAvPg0KICAgICAgICAgICAgPFJ1bGVQYXJhbWV0ZXIgTmFtZT0iSWdub3JlQ2FzZSIgVmFsdWU9IkZhbHNlIiAvPg0KICAgICAgICAgICAgPFJ1bGVQYXJhbWV0ZXIgTmFtZT0iVXNlUmVndWxhckV4cHJlc3Npb24iIFZhbHVlPSJGYWxzZSIgLz4NCiAgICAgICAgICAgIDxSdWxlUGFyYW1ldGVyIE5hbWU9Ikh0bWxEZWNvZGUiIFZhbHVlPSJUcnVlIiAvPg0KICAgICAgICAgICAgPFJ1bGVQYXJhbWV0ZXIgTmFtZT0iUmVxdWlyZWQiIFZhbHVlPSJGYWxzZSIgLz4NCiAgICAgICAgICA8L1J1bGVQYXJhbWV0ZXJzPg0KICAgICAgICA8L0V4dHJhY3Rpb25SdWxlPg0KICAgICAgICA8RXh0cmFjdGlvblJ1bGUgQ2xhc3NuYW1lPSJNaWNyb3NvZnQuVmlzdWFsU3R1ZGlvLlRlc3RUb29scy5XZWJUZXN0aW5nLlJ1bGVzLkV4dHJhY3RUZXh0LCBNaWNyb3NvZnQuVmlzdWFsU3R1ZGlvLlF1YWxpdHlUb29scy5XZWJUZXN0RnJhbWV3b3JrLCBWZXJzaW9uPTEwLjAuMC4wLCBDdWx0dXJlPW5ldXRyYWwsIFB1YmxpY0tleVRva2VuPWIwM2Y1ZjdmMTFkNTBhM2EiIFZhcmlhYmxlTmFtZT0iRm9ybVBvc3RQYXJhbTQzLk1TT1NQV2ViUGFydE1hbmFnZXJfRGlzcGxheU1vZGVOYW1lIiBEaXNwbGF5TmFtZT0iIiBEZXNjcmlwdGlvbj0iIj4NCiAgICAgICAgICA8UnVsZVBhcmFtZXRlcnM+DQogICAgICAgICAgICA8UnVsZVBhcmFtZXRlciBOYW1lPSJTdGFydHNXaXRoIiBWYWx1ZT0ibHVlPSZxdW90OyIgLz4NCiAgICAgICAgICAgIDxSdWxlUGFyYW1ldGVyIE5hbWU9IkVuZHNXaXRoIiBWYWx1ZT0iJnF1b3Q7IC8mZ3Q7JiN4RDsiIC8+DQogICAgICAgICAgICA8UnVsZVBhcmFtZXRlciBOYW1lPSJJbmRleCIgVmFsdWU9IjEzIiAvPg0KICAgICAgICAgICAgPFJ1bGVQYXJhbWV0ZXIgTmFtZT0iSWdub3JlQ2FzZSIgVmFsdWU9IkZhbHNlIiAvPg0KICAgICAgICAgICAgPFJ1bGVQYXJhbWV0ZXIgTmFtZT0iVXNlUmVndWxhckV4cHJlc3Npb24iIFZhbHVlPSJGYWxzZSIgLz4NCiAgICAgICAgICAgIDxSdWxlUGFyYW1ldGVyIE5hbWU9Ikh0bWxEZWNvZGUiIFZhbHVlPSJUcnVlIiAvPg0KICAgICAgICAgICAgPFJ1bGVQYXJhbWV0ZXIgTmFtZT0iUmVxdWlyZWQiIFZhbHVlPSJGYWxzZSIgLz4NCiAgICAgICAgICA8L1J1bGVQYXJhbWV0ZXJzPg0KICAgICAgICA8L0V4dHJhY3Rpb25SdWxlPg0KICAgICAgICA8RXh0cmFjdGlvblJ1bGUgQ2xhc3NuYW1lPSJNaWNyb3NvZnQuVmlzdWFsU3R1ZGlvLlRlc3RUb29scy5XZWJUZXN0aW5nLlJ1bGVzLkV4dHJhY3RUZXh0LCBNaWNyb3NvZnQuVmlzdWFsU3R1ZGlvLlF1YWxpdHlUb29scy5XZWJUZXN0RnJhbWV3b3JrLCBWZXJzaW9uPTEwLjAuMC4wLCBDdWx0dXJlPW5ldXRyYWwsIFB1YmxpY0tleVRva2VuPWIwM2Y1ZjdmMTFkNTBhM2EiIFZhcmlhYmxlTmFtZT0iRm9ybVBvc3RQYXJhbTQ0Ll93cFNlbGVjdGVkIiBEaXNwbGF5TmFtZT0iIiBEZXNjcmlwdGlvbj0iIj4NCiAgICAgICAgICA8UnVsZVBhcmFtZXRlcnM+DQogICAgICAgICAgICA8UnVsZVBhcmFtZXRlciBOYW1lPSJTdGFydHNXaXRoIiBWYWx1ZT0ibHVlPSZxdW90OyIgLz4NCiAgICAgICAgICAgIDxSdWxlUGFyYW1ldGVyIE5hbWU9IkVuZHNXaXRoIiBWYWx1ZT0iJnF1b3Q7IC8mZ3Q7JiN4RDsiIC8+DQogICAgICAgICAgICA8UnVsZVBhcmFtZXRlciBOYW1lPSJJbmRleCIgVmFsdWU9IjE4IiAvPg0KICAgICAgICAgICAgPFJ1bGVQYXJhbWV0ZXIgTmFtZT0iSWdub3JlQ2FzZSIgVmFsdWU9IkZhbHNlIiAvPg0KICAgICAgICAgICAgPFJ1bGVQYXJhbWV0ZXIgTmFtZT0iVXNlUmVndWxhckV4cHJlc3Npb24iIFZhbHVlPSJGYWxzZSIgLz4NCiAgICAgICAgICAgIDxSdWxlUGFyYW1ldGVyIE5hbWU9Ikh0bWxEZWNvZGUiIFZhbHVlPSJUcnVlIiAvPg0KICAgICAgICAgICAgPFJ1bGVQYXJhbWV0ZXIgTmFtZT0iUmVxdWlyZWQiIFZhbHVlPSJGYWxzZSIgLz4NCiAgICAgICAgICA8L1J1bGVQYXJhbWV0ZXJzPg0KICAgICAgICA8L0V4dHJhY3Rpb25SdWxlPg0KICAgICAgICA8RXh0cmFjdGlvblJ1bGUgQ2xhc3NuYW1lPSJNaWNyb3NvZnQuVmlzdWFsU3R1ZGlvLlRlc3RUb29scy5XZWJUZXN0aW5nLlJ1bGVzLkV4dHJhY3RUZXh0LCBNaWNyb3NvZnQuVmlzdWFsU3R1ZGlvLlF1YWxpdHlUb29scy5XZWJUZXN0RnJhbWV3b3JrLCBWZXJzaW9uPTEwLjAuMC4wLCBDdWx0dXJlPW5ldXRyYWwsIFB1YmxpY0tleVRva2VuPWIwM2Y1ZjdmMTFkNTBhM2EiIFZhcmlhYmxlTmFtZT0iRm9ybVBvc3RQYXJhbTQ1Lk1TT1NQV2ViUGFydE1hbmFnZXJfT2xkRGlzcGxheU1vZGVOYW1lIiBEaXNwbGF5TmFtZT0iIiBEZXNjcmlwdGlvbj0iIj4NCiAgICAgICAgICA8UnVsZVBhcmFtZXRlcnM+DQogICAgICAgICAgICA8UnVsZVBhcmFtZXRlciBOYW1lPSJTdGFydHNXaXRoIiBWYWx1ZT0ibHVlPSZxdW90OyIgLz4NCiAgICAgICAgICAgIDxSdWxlUGFyYW1ldGVyIE5hbWU9IkVuZHNXaXRoIiBWYWx1ZT0iJnF1b3Q7IC8mZ3Q7JiN4RDsiIC8+DQogICAgICAgICAgICA8UnVsZVBhcmFtZXRlciBOYW1lPSJJbmRleCIgVmFsdWU9IjEzIiAvPg0KICAgICAgICAgICAgPFJ1bGVQYXJhbWV0ZXIgTmFtZT0iSWdub3JlQ2FzZSIgVmFsdWU9IkZhbHNlIiAvPg0KICAgICAgICAgICAgPFJ1bGVQYXJhbWV0ZXIgTmFtZT0iVXNlUmVndWxhckV4cHJlc3Npb24iIFZhbHVlPSJGYWxzZSIgLz4NCiAgICAgICAgICAgIDxSdWxlUGFyYW1ldGVyIE5hbWU9Ikh0bWxEZWNvZGUiIFZhbHVlPSJUcnVlIiAvPg0KICAgICAgICAgICAgPFJ1bGVQYXJhbWV0ZXIgTmFtZT0iUmVxdWlyZWQiIFZhbHVlPSJGYWxzZSIgLz4NCiAgICAgICAgICA8L1J1bGVQYXJhbWV0ZXJzPg0KICAgICAgICA8L0V4dHJhY3Rpb25SdWxlPg0KICAgICAgPC9Db3JyZWxhdGlvbkV4dHJhY3Rpb25SdWxlcz4NCiAgICAgIDxRdWVyeVN0cmluZ1BhcmFtZXRlcnM+DQogICAgICAgIDxRdWVyeVN0cmluZ1BhcmFtZXRlciBOYW1lPSJNb2RlIiBWYWx1ZT0iVXBsb2FkIiBSZWNvcmRlZFZhbHVlPSJVcGxvYWQiIENvcnJlbGF0aW9uQmluZGluZz0ie3tRdWVyeVN0cmluZ1BhcmFtMjkxLk1vZGV9fSIgVXJsRW5jb2RlPSJGYWxzZSIgVXNlVG9Hcm91cFJlc3VsdHM9IkZhbHNlIiAvPg0KICAgICAgICA8UXVlcnlTdHJpbmdQYXJhbWV0ZXIgTmFtZT0iQ2hlY2tJbkNvbW1lbnQiIFZhbHVlPSIiIFJlY29yZGVkVmFsdWU9IiIgQ29ycmVsYXRpb25CaW5kaW5nPSIiIFVybEVuY29kZT0iRmFsc2UiIFVzZVRvR3JvdXBSZXN1bHRzPSJGYWxzZSIgLz4NCiAgICAgICAgPFF1ZXJ5U3RyaW5nUGFyYW1ldGVyIE5hbWU9IklEIiBWYWx1ZT0iMzQ1NCIgUmVjb3JkZWRWYWx1ZT0iMzQ1NCIgQ29ycmVsYXRpb25CaW5kaW5nPSJ7e1F1ZXJ5U3RyaW5nUGFyYW0yOTIuSUR9fSIgVXJsRW5jb2RlPSJGYWxzZSIgVXNlVG9Hcm91cFJlc3VsdHM9IkZhbHNlIiAvPg0KICAgICAgICA8UXVlcnlTdHJpbmdQYXJhbWV0ZXIgTmFtZT0iUm9vdEZvbGRlciIgVmFsdWU9IiUyRkFwcHMwMCUyRlNoYXJlZCUyMERvY3VtZW50cyIgUmVjb3JkZWRWYWx1ZT0iJTJGQXBwczAwJTJGU2hhcmVkJTIwRG9jdW1lbnRzIiBDb3JyZWxhdGlvbkJpbmRpbmc9IiIgVXJsRW5jb2RlPSJGYWxzZSIgVXNlVG9Hcm91cFJlc3VsdHM9IkZhbHNlIiAvPg0KICAgICAgICA8UXVlcnlTdHJpbmdQYXJhbWV0ZXIgTmFtZT0iSXNEbGciIFZhbHVlPSIxIiBSZWNvcmRlZFZhbHVlPSIxIiBDb3JyZWxhdGlvbkJpbmRpbmc9Int7UXVlcnlTdHJpbmdQYXJhbTEyLklzRGxnfX0iIFVybEVuY29kZT0iRmFsc2UiIFVzZVRvR3JvdXBSZXN1bHRzPSJGYWxzZSIgLz4NCiAgICAgIDwvUXVlcnlTdHJpbmdQYXJhbWV0ZXJzPg0KICAgIDwvUmVxdWVzdD4NCiAgICA8UmVxdWVzdCBNZXRob2Q9IkdFVCIgR3VpZD0iMjY0MGYxZTktNmY3Zi00ZDU1LTk4ZjEtOTEzYmYxMTljNDM4IiBWZXJzaW9uPSIxLjEiIFVybD0iaHR0cHM6Ly9zcC5jb3JkaXNzb2x1dGlvbnMuY29tL19sYXlvdXRzLzE1L2ltYWdlcy9ibGFuay5naWYiIFRoaW5rVGltZT0iMCIgVGltZW91dD0iMzAwIiBQYXJzZURlcGVuZGVudFJlcXVlc3RzPSJUcnVlIiBGb2xsb3dSZWRpcmVjdHM9IlRydWUiIFJlY29yZFJlc3VsdD0iVHJ1ZSIgQ2FjaGU9IkZhbHNlIiBSZXNwb25zZVRpbWVHb2FsPSIwIiBFbmNvZGluZz0idXRmLTgiIEV4cGVjdGVkSHR0cFN0YXR1c0NvZGU9IjAiIEV4cGVjdGVkUmVzcG9uc2VVcmw9IiIgUmVwb3J0aW5nTmFtZT0iIiBJZ25vcmVIdHRwU3RhdHVzQ29kZT0iRmFsc2UiPg0KICAgICAgPEhlYWRlcnM+DQogICAgICAgIDxIZWFkZXIgTmFtZT0iUmVmZXJlciIgVmFsdWU9Imh0dHBzOi8vc3AuY29yZGlzc29sdXRpb25zLmNvbS9BcHBzMDAvU2hhcmVkJTIwRG9jdW1lbnRzL0Zvcm1zL0VkaXRGb3JtLmFzcHg/TW9kZT1VcGxvYWQmYW1wO0NoZWNrSW5Db21tZW50PSZhbXA7SUQ9MzQ1NCZhbXA7Um9vdEZvbGRlcj0lMkZBcHBzMDAlMkZTaGFyZWQlMjBEb2N1bWVudHMmYW1wO0lzRGxnPTEiIC8+DQogICAgICA8L0hlYWRlcnM+DQogICAgPC9SZXF1ZXN0Pg0KICAgIDxSZXF1ZXN0IE1ldGhvZD0iR0VUIiBHdWlkPSI1MDMxY2IxNi03OTQ0LTRiYjQtOTY5NC02MGEyYzQzMDQ2YzkiIFZlcnNpb249IjEuMSIgVXJsPSJodHRwczovL3NwLmNvcmRpc3NvbHV0aW9ucy5jb20vQXBwczAwL1NoYXJlZCUyMERvY3VtZW50cy9Gb3Jtcy9FZGl0Rm9ybS5hc3B4IiBUaGlua1RpbWU9IjAiIFRpbWVvdXQ9IjMwMCIgUGFyc2VEZXBlbmRlbnRSZXF1ZXN0cz0iVHJ1ZSIgRm9sbG93UmVkaXJlY3RzPSJUcnVlIiBSZWNvcmRSZXN1bHQ9IlRydWUiIENhY2hlPSJGYWxzZSIgUmVzcG9uc2VUaW1lR29hbD0iMCIgRW5jb2Rpbmc9InV0Zi04IiBFeHBlY3RlZEh0dHBTdGF0dXNDb2RlPSIwIiBFeHBlY3RlZFJlc3BvbnNlVXJsPSIiIFJlcG9ydGluZ05hbWU9IiIgSWdub3JlSHR0cFN0YXR1c0NvZGU9IkZhbHNlIj4NCiAgICAgIDxRdWVyeVN0cmluZ1BhcmFtZXRlcnM+DQogICAgICAgIDxRdWVyeVN0cmluZ1BhcmFtZXRlciBOYW1lPSJNb2RlIiBWYWx1ZT0iVXBsb2FkIiBSZWNvcmRlZFZhbHVlPSJVcGxvYWQiIENvcnJlbGF0aW9uQmluZGluZz0ie3tRdWVyeVN0cmluZ1BhcmFtNS5Nb2RlfX0iIFVybEVuY29kZT0iRmFsc2UiIFVzZVRvR3JvdXBSZXN1bHRzPSJGYWxzZSIgLz4NCiAgICAgICAgPFF1ZXJ5U3RyaW5nUGFyYW1ldGVyIE5hbWU9IkNoZWNrSW5Db21tZW50IiBWYWx1ZT0iIiBSZWNvcmRlZFZhbHVlPSIiIENvcnJlbGF0aW9uQmluZGluZz0iIiBVcmxFbmNvZGU9IkZhbHNlIiBVc2VUb0dyb3VwUmVzdWx0cz0iRmFsc2UiIC8+DQogICAgICAgIDxRdWVyeVN0cmluZ1BhcmFtZXRlciBOYW1lPSJJRCIgVmFsdWU9IjM0NTQiIFJlY29yZGVkVmFsdWU9IjM0NTQiIENvcnJlbGF0aW9uQmluZGluZz0ie3tRdWVyeVN0cmluZ1BhcmFtNi5JRH19IiBVcmxFbmNvZGU9IkZhbHNlIiBVc2VUb0dyb3VwUmVzdWx0cz0iRmFsc2UiIC8+DQogICAgICAgIDxRdWVyeVN0cmluZ1BhcmFtZXRlciBOYW1lPSJSb290Rm9sZGVyIiBWYWx1ZT0ie3tRdWVyeVN0cmluZ1BhcmFtNy5Sb290Rm9sZGVyfX0iIFJlY29yZGVkVmFsdWU9IiUyZkFwcHMwMCUyZlNoYXJlZCtEb2N1bWVudHMiIENvcnJlbGF0aW9uQmluZGluZz0ie3tRdWVyeVN0cmluZ1BhcmFtNy5Sb290Rm9sZGVyfX0iIFVybEVuY29kZT0iRmFsc2UiIFVzZVRvR3JvdXBSZXN1bHRzPSJGYWxzZSIgLz4NCiAgICAgICAgPFF1ZXJ5U3RyaW5nUGFyYW1ldGVyIE5hbWU9IklzRGxnIiBWYWx1ZT0ie3tRdWVyeVN0cmluZ1BhcmFtOC5Jc0RsZ319IiBSZWNvcmRlZFZhbHVlPSIxIiBDb3JyZWxhdGlvbkJpbmRpbmc9Int7UXVlcnlTdHJpbmdQYXJhbTguSXNEbGd9fSIgVXJsRW5jb2RlPSJGYWxzZSIgVXNlVG9Hcm91cFJlc3VsdHM9IkZhbHNlIiAvPg0KICAgICAgPC9RdWVyeVN0cmluZ1BhcmFtZXRlcnM+DQogICAgICA8Rm9ybVBvc3RIdHRwQm9keT4NCiAgICAgICAgPEZvcm1Qb3N0UGFyYW1ldGVyIE5hbWU9Il93cGNtV3BpZCIgVmFsdWU9Int7JEhJRERFTjIuX3dwY21XcGlkfX0iIFJlY29yZGVkVmFsdWU9IiIgQ29ycmVsYXRpb25CaW5kaW5nPSIiIFVybEVuY29kZT0iVHJ1ZSIgLz4NCiAgICAgICAgPEZvcm1Qb3N0UGFyYW1ldGVyIE5hbWU9IndwY21WYWwiIFZhbHVlPSJ7eyRISURERU4yLndwY21WYWx9fSIgUmVjb3JkZWRWYWx1ZT0iIiBDb3JyZWxhdGlvbkJpbmRpbmc9IiIgVXJsRW5jb2RlPSJUcnVlIiAvPg0KICAgICAgICA8Rm9ybVBvc3RQYXJhbWV0ZXIgTmFtZT0iTVNPV2ViUGFydFBhZ2VfUG9zdGJhY2tTb3VyY2UiIFZhbHVlPSJ7eyRISURERU4yLk1TT1dlYlBhcnRQYWdlX1Bvc3RiYWNrU291cmNlfX0iIFJlY29yZGVkVmFsdWU9IiIgQ29ycmVsYXRpb25CaW5kaW5nPSIiIFVybEVuY29kZT0iVHJ1ZSIgLz4NCiAgICAgICAgPEZvcm1Qb3N0UGFyYW1ldGVyIE5hbWU9Ik1TT1RsUG5fU2VsZWN0ZWRXcElkIiBWYWx1ZT0ie3skSElEREVOMi5NU09UbFBuX1NlbGVjdGVkV3BJZH19IiBSZWNvcmRlZFZhbHVlPSIiIENvcnJlbGF0aW9uQmluZGluZz0iIiBVcmxFbmNvZGU9IlRydWUiIC8+DQogICAgICAgIDxGb3JtUG9zdFBhcmFtZXRlciBOYW1lPSJNU09UbFBuX1ZpZXciIFZhbHVlPSJ7eyRISURERU4yLk1TT1RsUG5fVmlld319IiBSZWNvcmRlZFZhbHVlPSIwIiBDb3JyZWxhdGlvbkJpbmRpbmc9IiIgVXJsRW5jb2RlPSJUcnVlIiAvPg0KICAgICAgICA8Rm9ybVBvc3RQYXJhbWV0ZXIgTmFtZT0iTVNPVGxQbl9TaG93U2V0dGluZ3MiIFZhbHVlPSJ7eyRISURERU4yLk1TT1RsUG5fU2hvd1NldHRpbmdzfX0iIFJlY29yZGVkVmFsdWU9IkZhbHNlIiBDb3JyZWxhdGlvbkJpbmRpbmc9IiIgVXJsRW5jb2RlPSJUcnVlIiAvPg0KICAgICAgICA8Rm9ybVBvc3RQYXJhbWV0ZXIgTmFtZT0iTVNPR2FsbGVyeV9TZWxlY3RlZExpYnJhcnkiIFZhbHVlPSJ7eyRISURERU4yLk1TT0dhbGxlcnlfU2VsZWN0ZWRMaWJyYXJ5fX0iIFJlY29yZGVkVmFsdWU9IiIgQ29ycmVsYXRpb25CaW5kaW5nPSIiIFVybEVuY29kZT0iVHJ1ZSIgLz4NCiAgICAgICAgPEZvcm1Qb3N0UGFyYW1ldGVyIE5hbWU9Ik1TT0dhbGxlcnlfRmlsdGVyU3RyaW5nIiBWYWx1ZT0ie3skSElEREVOMi5NU09HYWxsZXJ5X0ZpbHRlclN0cmluZ319IiBSZWNvcmRlZFZhbHVlPSIiIENvcnJlbGF0aW9uQmluZGluZz0iIiBVcmxFbmNvZGU9IlRydWUiIC8+DQogICAgICAgIDxGb3JtUG9zdFBhcmFtZXRlciBOYW1lPSJNU09UbFBuX0J1dHRvbiIgVmFsdWU9Int7JEhJRERFTjIuTVNPVGxQbl9CdXR0b259fSIgUmVjb3JkZWRWYWx1ZT0ibm9uZSIgQ29ycmVsYXRpb25CaW5kaW5nPSIiIFVybEVuY29kZT0iVHJ1ZSIgLz4NCiAgICAgICAgPEZvcm1Qb3N0UGFyYW1ldGVyIE5hbWU9Il9fRVZFTlRUQVJHRVQiIFZhbHVlPSJjdGwwMCRjdGw0MyRnXzExMjZiMGY4X2U1ZTZfNDI3N19iYWE2XzQyM2RhMGJiYTQ3NyRjdGwwMCRjdGwwMiRjdGwwMCR0b29sQmFyVGJsJFJpZ2h0UnB0Q29udHJvbHMkY3RsMDAkY3RsMDAkZGlpZElPU2F2ZUl0ZW0iIFJlY29yZGVkVmFsdWU9ImN0bDAwJGN0bDQzJGdfMTEyNmIwZjhfZTVlNl80Mjc3X2JhYTZfNDIzZGEwYmJhNDc3JGN0bDAwJGN0bDAyJGN0bDAwJHRvb2xCYXJUYmwkUmlnaHRScHRDb250cm9scyRjdGwwMCRjdGwwMCRkaWlkSU9TYXZlSXRlbSIgQ29ycmVsYXRpb25CaW5kaW5nPSJ7e0Zvcm1Qb3N0UGFyYW0yLl9fRVZFTlRUQVJHRVR9fSIgVXJsRW5jb2RlPSJUcnVlIiAvPg0KICAgICAgICA8Rm9ybVBvc3RQYXJhbWV0ZXIgTmFtZT0iX19FVkVOVEFSR1VNRU5UIiBWYWx1ZT0ie3skSElEREVOMi5fX0VWRU5UQVJHVU1FTlR9fSIgUmVjb3JkZWRWYWx1ZT0iIiBDb3JyZWxhdGlvbkJpbmRpbmc9IiIgVXJsRW5jb2RlPSJUcnVlIiAvPg0KICAgICAgICA8Rm9ybVBvc3RQYXJhbWV0ZXIgTmFtZT0iX19SRVFVRVNURElHRVNUIiBWYWx1ZT0ie3skSElEREVOMi5fX1JFUVVFU1RESUdFU1R9fSIgUmVjb3JkZWRWYWx1ZT0iMHg2RDRCMDMxMDkzM0I5RDk5NDgxRUJBRUFBRTEwQTJFQjU5NTcyMUZFNUZDNzgxOTQ4NzY0NzZBRjQyN0JFRkZFMzUxQUU4QTY3MkZGMUU2N0UxNDk3NjQ1OTdGMzAwOEQ3QjBCQ0Q1QTZDMUQ3QUY4NThBRjRCQTI2RUZBMjEwQiwxMiBKdW4gMjAxOCAxMDoxNzoyNiAtMDAwMCIgQ29ycmVsYXRpb25CaW5kaW5nPSIiIFVybEVuY29kZT0iVHJ1ZSIgLz4NCiAgICAgICAgPEZvcm1Qb3N0UGFyYW1ldGVyIE5hbWU9Il9MaXN0U2NoZW1hVmVyc2lvbl97ZWQyODE5MmEtM2I2Ny00M2Q4LWJhOGEtZGNjYTNhY2U3ZDBifSIgVmFsdWU9Int7JEhJRERFTjIuX0xpc3RTY2hlbWFWZXJzaW9uX3tlZDI4MTkyYS0zYjY3LTQzZDgtYmE4YS1kY2NhM2FjZTdkMGJ9fSIgUmVjb3JkZWRWYWx1ZT0iOTUiIENvcnJlbGF0aW9uQmluZGluZz0iIiBVcmxFbmNvZGU9IlRydWUiIC8+DQogICAgICAgIDxGb3JtUG9zdFBhcmFtZXRlciBOYW1lPSJNU09TUFdlYlBhcnRNYW5hZ2VyX0Rpc3BsYXlNb2RlTmFtZSIgVmFsdWU9Int7JEhJRERFTjIuTVNPU1BXZWJQYXJ0TWFuYWdlcl9EaXNwbGF5TW9kZU5hbWV9fSIgUmVjb3JkZWRWYWx1ZT0iQnJvd3NlIiBDb3JyZWxhdGlvbkJpbmRpbmc9IiIgVXJsRW5jb2RlPSJUcnVlIiAvPg0KICAgICAgICA8Rm9ybVBvc3RQYXJhbWV0ZXIgTmFtZT0iTVNPU1BXZWJQYXJ0TWFuYWdlcl9FeGl0aW5nRGVzaWduTW9kZSIgVmFsdWU9Int7JEhJRERFTjIuTVNPU1BXZWJQYXJ0TWFuYWdlcl9FeGl0aW5nRGVzaWduTW9kZX19IiBSZWNvcmRlZFZhbHVlPSJmYWxzZSIgQ29ycmVsYXRpb25CaW5kaW5nPSIiIFVybEVuY29kZT0iVHJ1ZSIgLz4NCiAgICAgICAgPEZvcm1Qb3N0UGFyYW1ldGVyIE5hbWU9Ik1TT1dlYlBhcnRQYWdlX1NoYXJlZCIgVmFsdWU9Int7JEhJRERFTjIuTVNPV2ViUGFydFBhZ2VfU2hhcmVkfX0iIFJlY29yZGVkVmFsdWU9IiIgQ29ycmVsYXRpb25CaW5kaW5nPSIiIFVybEVuY29kZT0iVHJ1ZSIgLz4NCiAgICAgICAgPEZvcm1Qb3N0UGFyYW1ldGVyIE5hbWU9Ik1TT0xheW91dF9MYXlvdXRDaGFuZ2VzIiBWYWx1ZT0ie3skSElEREVOMi5NU09MYXlvdXRfTGF5b3V0Q2hhbmdlc319IiBSZWNvcmRlZFZhbHVlPSIiIENvcnJlbGF0aW9uQmluZGluZz0iIiBVcmxFbmNvZGU9IlRydWUiIC8+DQogICAgICAgIDxGb3JtUG9zdFBhcmFtZXRlciBOYW1lPSJNU09MYXlvdXRfSW5EZXNpZ25Nb2RlIiBWYWx1ZT0ie3skSElEREVOMi5NU09MYXlvdXRfSW5EZXNpZ25Nb2RlfX0iIFJlY29yZGVkVmFsdWU9IiIgQ29ycmVsYXRpb25CaW5kaW5nPSIiIFVybEVuY29kZT0iVHJ1ZSIgLz4NCiAgICAgICAgPEZvcm1Qb3N0UGFyYW1ldGVyIE5hbWU9Il93cFNlbGVjdGVkIiBWYWx1ZT0ie3skSElEREVOMi5fd3BTZWxlY3RlZH19IiBSZWNvcmRlZFZhbHVlPSJNU09ab25lQ2VsbF9XZWJQYXJ0V1BRMiIgQ29ycmVsYXRpb25CaW5kaW5nPSIiIFVybEVuY29kZT0iVHJ1ZSIgLz4NCiAgICAgICAgPEZvcm1Qb3N0UGFyYW1ldGVyIE5hbWU9Il93elNlbGVjdGVkIiBWYWx1ZT0ie3skSElEREVOMi5fd3pTZWxlY3RlZH19IiBSZWNvcmRlZFZhbHVlPSIiIENvcnJlbGF0aW9uQmluZGluZz0iIiBVcmxFbmNvZGU9IlRydWUiIC8+DQogICAgICAgIDxGb3JtUG9zdFBhcmFtZXRlciBOYW1lPSJNU09TUFdlYlBhcnRNYW5hZ2VyX09sZERpc3BsYXlNb2RlTmFtZSIgVmFsdWU9Int7JEhJRERFTjIuTVNPU1BXZWJQYXJ0TWFuYWdlcl9PbGREaXNwbGF5TW9kZU5hbWV9fSIgUmVjb3JkZWRWYWx1ZT0iQnJvd3NlIiBDb3JyZWxhdGlvbkJpbmRpbmc9IiIgVXJsRW5jb2RlPSJUcnVlIiAvPg0KICAgICAgICA8Rm9ybVBvc3RQYXJhbWV0ZXIgTmFtZT0iTVNPU1BXZWJQYXJ0TWFuYWdlcl9TdGFydFdlYlBhcnRFZGl0aW5nTmFtZSIgVmFsdWU9Int7JEhJRERFTjIuTVNPU1BXZWJQYXJ0TWFuYWdlcl9TdGFydFdlYlBhcnRFZGl0aW5nTmFtZX19IiBSZWNvcmRlZFZhbHVlPSJmYWxzZSIgQ29ycmVsYXRpb25CaW5kaW5nPSIiIFVybEVuY29kZT0iVHJ1ZSIgLz4NCiAgICAgICAgPEZvcm1Qb3N0UGFyYW1ldGVyIE5hbWU9Ik1TT1NQV2ViUGFydE1hbmFnZXJfRW5kV2ViUGFydEVkaXRpbmciIFZhbHVlPSJ7eyRISURERU4yLk1TT1NQV2ViUGFydE1hbmFnZXJfRW5kV2ViUGFydEVkaXRpbmd9fSIgUmVjb3JkZWRWYWx1ZT0iZmFsc2UiIENvcnJlbGF0aW9uQmluZGluZz0iIiBVcmxFbmNvZGU9IlRydWUiIC8+DQogICAgICAgIDxGb3JtUG9zdFBhcmFtZXRlciBOYW1lPSJfbWFpbnRhaW5Xb3Jrc3BhY2VTY3JvbGxQb3NpdGlvbiIgVmFsdWU9Int7JEhJRERFTjIuX21haW50YWluV29ya3NwYWNlU2Nyb2xsUG9zaXRpb259fSIgUmVjb3JkZWRWYWx1ZT0iMCIgQ29ycmVsYXRpb25CaW5kaW5nPSIiIFVybEVuY29kZT0iVHJ1ZSIgLz4NCiAgICAgICAgPEZvcm1Qb3N0UGFyYW1ldGVyIE5hbWU9Il9fVklFV1NUQVRFIiBWYWx1ZT0ie3skSElEREVOMi5fX1ZJRVdTVEFURX19IiBSZWNvcmRlZFZhbHVlPSIvd0VQRHdVS0xUazNOekl3TXpJM05ROWtGZ0ptRDJRV0FnSUJEeFlDSGdWamJHRnpjd1VKYlhNdFpHbGhiRzluRmdRQ0FROWtGZ0lDR1E5a0ZnSUNBdzlrRmdJQ0FROWtGZ0ptRHhRckFBWmtCUzVvZEhSd2N6b3ZMM053TG1WNFkyVnNjM1Z3Y0c5eWRDNXZjbWM2TkRRekwyMTVMMUJsY25OdmJpNWhjM0I0QlNOb2RIUndjem92TDNOd0xtVjRZMlZzYzNWd2NHOXlkQzV2Y21jNk5EUXpMMjE1THdVZkwwRndjSE13TUM5ZmJHRjViM1YwY3k4eE5TOXRlWE4xWW5NdVlYTndlQVdnQWk5QmNIQnpNREF2WDJ4aGVXOTFkSE12TVRVdmNtVm5hVzl1WVd4elpYUnVaeTVoYzNCNFAzUjVjR1U5ZFhObGNpWnpiM1Z5WTJVOWFIUjBjSE1sTTBFbE1rWWxNa1p6Y0NVeVJXTnZjbVJwYzNOdmJIVjBhVzl1Y3lVeVJXTnZiU1V5UmtGd2NITXdNQ1V5UmxOb1lYSmxaQ1V5TUVSdlkzVnRaVzUwY3lVeVJrWnZjbTF6SlRKR1JXUnBkRVp2Y20wbE1rVmhjM0I0SlROR1RXOWtaU1V6UkZWd2JHOWhaQ1V5Tm1GdGNDVXpRa05vWldOclNXNURiMjF0Wlc1MEpUTkVKVEkyWVcxd0pUTkNTVVFsTTBRek5EVTBKVEkyWVcxd0pUTkNVbTl2ZEVadmJHUmxjaVV6UkNVeU5USkdRWEJ3Y3pBd0pUSTFNa1pUYUdGeVpXUWxNalV5TUVSdlkzVnRaVzUwY3lVeU5tRnRjQ1V6UWtselJHeG5KVE5FTVFYMEFtaDBkSEJ6T2k4dmMzQXVaWGhqWld4emRYQndiM0owTG05eVp6bzBORE12YlhrdlgyeGhlVzkxZEhNdk1UVXZSV1JwZEZCeWIyWnBiR1V1WVhOd2VEOVZjMlZ5VTJWMGRHbHVaM05RY205MmFXUmxjajB5TXpSaVpqQmxaQ1V5UkRjd1pHSWxNa1EwTVRVNEpUSkVZVE16TWlVeVJEUmtabVEyT0ROaU5ERTBPQ1pTWlhSMWNtNVZjbXc5YUhSMGNITWxNMEVsTWtZbE1rWnpjQ1V5UldOdmNtUnBjM052YkhWMGFXOXVjeVV5UldOdmJTVXlSa0Z3Y0hNd01DVXlSbE5vWVhKbFpDVXlNRVJ2WTNWdFpXNTBjeVV5UmtadmNtMXpKVEpHUldScGRFWnZjbTBsTWtWaGMzQjRKVE5HVFc5a1pTVXpSRlZ3Ykc5aFpDVXlObUZ0Y0NVelFrTm9aV05yU1c1RGIyMXRaVzUwSlRORUpUSTJZVzF3SlROQ1NVUWxNMFF6TkRVMEpUSTJZVzF3SlROQ1VtOXZkRVp2YkdSbGNpVXpSQ1V5TlRKR1FYQndjekF3SlRJMU1rWlRhR0Z5WldRbE1qVXlNRVJ2WTNWdFpXNTBjeVV5Tm1GdGNDVXpRa2x6Ukd4bkpUTkVNV1FDQnc5a0ZnWUNBUTlrRmdJQ0FROWtGZ0lGSm1kZk1URXlObUl3WmpoZlpUVmxObDgwTWpjM1gySmhZVFpmTkRJelpHRXdZbUpoTkRjM0QyUVdBbVlQWkJZR0FnTVBaQllDQWdFUFpCWUVBZ0VQWkJZQ1pnOWtGZ0lDQXc4UEZnWWVCRlJsZUhRRkJGTmhkbVVlRFU5dVEyeHBaVzUwUTJ4cFkyc0ZiR2xtSUNnaFVISmxVMkYyWlVsMFpXMG9LU2tnY21WMGRYSnVJR1poYkhObE8ybG1JQ2hUVUVOc2FXVnVkRVp2Y20xekxrTnNhV1Z1ZEVadmNtMU5ZVzVoWjJWeUxsTjFZbTFwZEVOc2FXVnVkRVp2Y20wb0oxZFFVVEluS1NrZ2NtVjBkWEp1SUdaaGJITmxPeDRJVkdGaVNXNWtaWGdCQUFCa1pBSUREMlFXQW1ZUFpCWUNBZ01QRHhZR0hnbEJZMk5sYzNOTFpYa0ZBVU1mQVFVR1EyRnVZMlZzSHdJRlRITmxkRlJwYldWdmRYUW9ablZ1WTNScGIyNG9LWHQzYVc1a2IzY3VabkpoYldWRmJHVnRaVzUwTG1OaGJtTmxiRkJ2Y0ZWd0tDazdmU3dnTUNrN0lISmxkSFZ5YmlCbVlXeHpaVHRrWkFJRkQyUVdBbVlQWkJZQ0FnTVBaQllDWmc5a0ZnSUNBUThQRmc0ZkFRVUxSR1ZzWlhSbElFbDBaVzBlQ0VsdFlXZGxWWEpzQlI4dlgyeGhlVzkxZEhNdk1UVXZhVzFoWjJWekwyUmxiR2wwWlcwdVoybG1Id1FGQVZnZUVWQmxjbTFwYzNOcGIyNURiMjUwWlhoMEN5bUtBVTFwWTNKdmMyOW1kQzVUYUdGeVpWQnZhVzUwTGxWMGFXeHBkR2xsY3k1UVpYSnRhWE56YVc5dVEyOXVkR1Y0ZEN3Z1RXbGpjbTl6YjJaMExsTm9ZWEpsVUc5cGJuUXNJRlpsY25OcGIyNDlNVFl1TUM0d0xqQXNJRU4xYkhSMWNtVTlibVYxZEhKaGJDd2dVSFZpYkdsalMyVjVWRzlyWlc0OU56RmxPV0pqWlRFeE1XVTVOREk1WXdJZUMxQmxjbTFwYzNOcGIyNXpLQ21BQVUxcFkzSnZjMjltZEM1VGFHRnlaVkJ2YVc1MExsTlFRbUZ6WlZCbGNtMXBjM05wYjI1ekxDQk5hV055YjNOdlpuUXVVMmhoY21WUWIybHVkQ3dnVm1WeWMybHZiajB4Tmk0d0xqQXVNQ3dnUTNWc2RIVnlaVDF1WlhWMGNtRnNMQ0JRZFdKc2FXTkxaWGxVYjJ0bGJqMDNNV1U1WW1ObE1URXhaVGswTWpsakQwUmxiR1YwWlV4cGMzUkpkR1Z0Y3g4Q0JTQnlaWFIxY200Z1JHVnNaWFJsU1hSbGJVTnZibVpwY20xaGRHbHZiaWdwT3g0b1EyeHBaVzUwVDI1RGJHbGphMU5qY21sd2RFTnZiblJoYVc1cGJtZFFjbVZtYVhobFpGVnliR1JrWkFJSEQyUVdBbVlQWkJZSUFnTVBaQllDWmc5a0ZnUUNBdzhRRDJRV0FoNEliMjVqYUdGdVoyVUZrQUZxWVhaaGMyTnlhWEIwT2tOb1lXNW5aVU52Ym5SbGJuUlVlWEJsS0NKamRHd3dNRjlqZEd3ME0xOW5YekV4TWpaaU1HWTRYMlUxWlRaZk5ESTNOMTlpWVdFMlh6UXlNMlJoTUdKaVlUUTNOMTlqZEd3d01GOWpkR3d3TWw5amRHd3dNRjlqZEd3d01WOWpkR3d3TUY5RGIyNTBaVzUwVkhsd1pVTm9iMmxqWlNJcE8zSmxkSFZ5YmlCbVlXeHpaVHNQRmdKbUFnRVdBaEFGRDBOdmNtUnBjeUJFYjJOMWJXVnVkQVZLTUhnd01UQXhNREJET0RVeVJFVXpNakk0TkRJMlJUUTRPVUV6UVVaRU0wWkZRVEpHTkRFeE1UQXdSVGszTjBRNE4wUTVSalF4TlRZME5UaEJOREJGUTBSR1EwRTFRMEkzTUVGbkVBVVpRMjl5WkdseklFeHBibXNnZEc4Z1lTQkViMk4xYldWdWRBVXFNSGd3TVRBeE1FRXdNRGcyTXpWRlFqbEJNelZEUWpaQk5EYzROVFkxTlVKR1F6QTVRa1k0UkRjNFoyUmtBZ1VQRHhZR0h3RmxIZ2hEYzNORGJHRnpjd1VMYlhNdGJXVjBZV1JoZEdFZUJGOGhVMElDQW1Sa0FnVVBaQllDWmc5a0ZnSUNBUTlrRmd4bUQyUVdBZ0lCRDJRV0FtWVBaQllDQWdrUEZnSWVFMUJ5WlhacGIzVnpRMjl1ZEhKdmJFMXZaR1VMS1lnQlRXbGpjbTl6YjJaMExsTm9ZWEpsVUc5cGJuUXVWMlZpUTI5dWRISnZiSE11VTFCRGIyNTBjbTlzVFc5a1pTd2dUV2xqY205emIyWjBMbE5vWVhKbFVHOXBiblFzSUZabGNuTnBiMjQ5TVRZdU1DNHdMakFzSUVOMWJIUjFjbVU5Ym1WMWRISmhiQ3dnVUhWaWJHbGpTMlY1Vkc5clpXNDlOekZsT1dKalpURXhNV1U1TkRJNVl3SmtBZ0VQWkJZQ0FnRVBaQllDWmc5a0ZnSUNDUThXQWg4TUN5c0dBbVFDQWc5a0ZnSUNBUTlrRmdKbUQyUVdBZ0lKRHhZQ0h3d0xLd1lDWkFJREQyUVdBZ0lCRDJRV0FtWVBaQllDQWdrUEZnSWZEQXNyQmdKa0FnUVBaQllDQWdFUFpCWUNaZzlrRmdJQ0NROFdBaDhNQ3lzR0FtUUNCUTlrRmdJQ0FROWtGZ0ptRDJRV0FnSUpEeFlDSHd3TEt3WUNaQUlIRDJRV0FtWVBaQllFQWdNUEZnSWZEQXNyQmdFV0FtWVBGZ0lmREFzckJnRmtBZ1VQRmdJZkRBc3JCZ0VXQW1ZUEZnSWZEQXNyQmdGa0FoRVBaQllFWmc5a0ZnSUNBUTlrRmdKbUQyUVdCZ0lERHhZQ0h3d0xLd1lCWkFJRkQyUVdCQUlCRHhZQ0h3d0xLd1lCWkFJRER4WUNId3dMS3dZQlpBSUhEMlFXQkFJQkR4WUNId3dMS3dZQlpBSUREeFlDSHd3TEt3WUJaQUlCRDJRV0JBSUJEMlFXQW1ZUFpCWUNBZ01QRHhZR0h3RUZCRk5oZG1VZkFnVnNhV1lnS0NGUWNtVlRZWFpsU1hSbGJTZ3BLU0J5WlhSMWNtNGdabUZzYzJVN2FXWWdLRk5RUTJ4cFpXNTBSbTl5YlhNdVEyeHBaVzUwUm05eWJVMWhibUZuWlhJdVUzVmliV2wwUTJ4cFpXNTBSbTl5YlNnblYxQlJNaWNwS1NCeVpYUjFjbTRnWm1Gc2MyVTdId01CQUFCa1pBSUREMlFXQW1ZUFpCWUNBZ01QRHhZR0h3UUZBVU1mQVFVR1EyRnVZMlZzSHdJRlRITmxkRlJwYldWdmRYUW9ablZ1WTNScGIyNG9LWHQzYVc1a2IzY3VabkpoYldWRmJHVnRaVzUwTG1OaGJtTmxiRkJ2Y0ZWd0tDazdmU3dnTUNrN0lISmxkSFZ5YmlCbVlXeHpaVHRrWkFJRkQyUVdBZ0lDRDJRV0JBSUJEMlFXQWdJREQyUVdBbVlQWkJZRUFnTVBaQllJQWdFUEZnWWVFME5zYVdWdWRFOXVRMnhwWTJ0VFkzSnBjSFFGZVVWdWMzVnlaVk5qY21sd2RFWjFibU1vSjNOb1lYSnBibWN1YW5NbkxDQW5SR2x6Y0d4aGVWTm9ZWEpsWkZkcGRHaEVhV0ZzYjJjbkxDQm1kVzVqZEdsdmJpQW9LU0I3SUVScGMzQnNZWGxUYUdGeVpXUlhhWFJvUkdsaGJHOW5LQ2RjZFRBd01tWkJjSEJ6TURCY2RUQXdNbVluS1RzZ2ZTa2ZDQVY1Ulc1emRYSmxVMk55YVhCMFJuVnVZeWduYzJoaGNtbHVaeTVxY3ljc0lDZEVhWE53YkdGNVUyaGhjbVZrVjJsMGFFUnBZV3h2Wnljc0lHWjFibU4wYVc5dUlDZ3BJSHNnUkdsemNHeGhlVk5vWVhKbFpGZHBkR2hFYVdGc2IyY29KMXgxTURBeVprRndjSE13TUZ4MU1EQXlaaWNwT3lCOUtSNFlRMnhwWlc1MFQyNURiR2xqYTA1aGRtbG5ZWFJsVlhKc1pHUUNCUThXQWg0SFZtbHphV0pzWldoa0Fnc1BGZ0lmRDJoa0FoSVBaQllDWmc4UEZnWWVIRkJ5WlhacGIzVnpRWFYwYUc5eWFXNW5TWFJsYlZabGNuTnBiMjRGQVRFZUdsQnlaWFpwYjNWelFYVjBhRzl5YVc1blNYUmxiVTkzYm1WeUJRUXpORFUwSGh4UWNtVjJhVzkxYzBGMWRHaHZjbWx1WjBOdmJuUnliMnhOYjJSbEN5c0dBbVJrQWdRUER4WUNId1FGQVM5a1pBSUREMlFXQWdJQkQyUVdBZ0lCRDJRV0JnSUJEdzhXQkI4TEFnSWZDZ1VYYlhNdGNISnZiVzkwWldSQlkzUnBiMjVDZFhSMGIyNWtaQUlERDJRV0FtWVBEeFlFSHdzQ0FoOEtCUmR0Y3kxd2NtOXRiM1JsWkVGamRHbHZia0oxZEhSdmJtUmtBZ1VQRHhZR0h3b0ZGMjF6TFhCeWIyMXZkR1ZrUVdOMGFXOXVRblYwZEc5dUh3c0NBaDhQYUdSa0FoTVBaQllDQWdFUFpCWUNBZzBQRHhZQ0h3OW9aQllDQWdFUFpCWUNaZzlrRmdJQ0F3OWtGZ0lDQlE5a0ZnSUNBUTg4S3dBSkFRQVBGZ1FlRFZCaGRHaFRaWEJoY21GMGIzSUVDQjROVG1WMlpYSkZlSEJoYm1SbFpHZGtaQmdCQlJkamRHd3dNQ1JVYjNCT1lYWnBaMkYwYVc5dVRXVnVkUThQWkFVVVNHOXRaVnhCY0hCeklDWWdVSEp2WkhWamRITmt5ZUdkNTNzSnZXREt2bW9MT1dCZ2JWcHZwczZxbGtVc0ZHTGdXbU81ZnJFPSIgQ29ycmVsYXRpb25CaW5kaW5nPSIiIFVybEVuY29kZT0iVHJ1ZSIgLz4NCiAgICAgICAgPEZvcm1Qb3N0UGFyYW1ldGVyIE5hbWU9Il9fVklFV1NUQVRFR0VORVJBVE9SIiBWYWx1ZT0ie3skSElEREVOMi5fX1ZJRVdTVEFURUdFTkVSQVRPUn19IiBSZWNvcmRlZFZhbHVlPSIyREIxNTVBMyIgQ29ycmVsYXRpb25CaW5kaW5nPSIiIFVybEVuY29kZT0iVHJ1ZSIgLz4NCiAgICAgICAgPEZvcm1Qb3N0UGFyYW1ldGVyIE5hbWU9Il9fU0NST0xMUE9TSVRJT05YIiBWYWx1ZT0ie3skSElEREVOMi5fX1NDUk9MTFBPU0lUSU9OWH19IiBSZWNvcmRlZFZhbHVlPSIwIiBDb3JyZWxhdGlvbkJpbmRpbmc9IiIgVXJsRW5jb2RlPSJUcnVlIiAvPg0KICAgICAgICA8Rm9ybVBvc3RQYXJhbWV0ZXIgTmFtZT0iX19TQ1JPTExQT1NJVElPTlkiIFZhbHVlPSJ7eyRISURERU4yLl9fU0NST0xMUE9TSVRJT05ZfX0iIFJlY29yZGVkVmFsdWU9IjAiIENvcnJlbGF0aW9uQmluZGluZz0iIiBVcmxFbmNvZGU9IlRydWUiIC8+DQogICAgICAgIDxGb3JtUG9zdFBhcmFtZXRlciBOYW1lPSJfX0VWRU5UVkFMSURBVElPTiIgVmFsdWU9Int7JEhJRERFTjIuX19FVkVOVFZBTElEQVRJT059fSIgUmVjb3JkZWRWYWx1ZT0iL3dFZEFBcFlBRWpFa053MUFmZU8yVHpGVDVHb0xtWHlZd0ErT2ZGYUc1QTJsejhuQ0xVZ0ZMcG5LT2p2QkFVMnRYbndEMHpjR3gvQ2xta05Ea0M2Ykk2Wmp6R0Y0WTdQeGFRN3ZKNGMreWlIQUwxY0JBK3BTTjcyZXVnVlNvdko2R0Z5cUxnNGdZT2V0Si9aWk1DRndhd3F3ZVFlTlIyMjRQVUZvQjA3OGNSQy9EdERmTGFjV1RVV25jZmVxMVhZRTF0QTg4RW1xMXJDWlR4WFNWd2ZWZW5ib2R3OGVZVmhRUURqVkpGNlY3aU5XbGp2cFB0dkVtdEsrWkRFbkpiSEE1ZEtlamM9IiBDb3JyZWxhdGlvbkJpbmRpbmc9IiIgVXJsRW5jb2RlPSJUcnVlIiAvPg0KICAgICAgICA8Rm9ybVBvc3RQYXJhbWV0ZXIgTmFtZT0iY3RsMDAkY3RsNDQkY3RsMDQiIFZhbHVlPSJSaWJib24uRG9jTGliTGlzdEZvcm0uRWRpdCIgUmVjb3JkZWRWYWx1ZT0iUmliYm9uLkRvY0xpYkxpc3RGb3JtLkVkaXQiIENvcnJlbGF0aW9uQmluZGluZz0ie3tGb3JtUG9zdFBhcmFtMy5jdGwwMCRjdGw0NCRjdGwwNH19IiBVcmxFbmNvZGU9IlRydWUiIC8+DQogICAgICAgIDxGb3JtUG9zdFBhcmFtZXRlciBOYW1lPSJjdGwwMCRjdGw0MyRnXzExMjZiMGY4X2U1ZTZfNDI3N19iYWE2XzQyM2RhMGJiYTQ3NyRjdGwwMCRjdGwwMiRjdGwwMCRjdGwwMSRjdGwwMCRDb250ZW50VHlwZUNob2ljZSIgVmFsdWU9IjB4MDEwMTAwQzg1MkRFMzIyODQyNkU0ODlBM0FGRDNGRUEyRjQxMTEwMEU5NzdEODdEOUY0MTU2NDU4QTQwRUNERkNBNUNCNzBBIiBSZWNvcmRlZFZhbHVlPSIweDAxMDEwMEM4NTJERTMyMjg0MjZFNDg5QTNBRkQzRkVBMkY0MTExMDBFOTc3RDg3RDlGNDE1NjQ1OEE0MEVDREZDQTVDQjcwQSIgQ29ycmVsYXRpb25CaW5kaW5nPSJ7e0Zvcm1Qb3N0UGFyYW00LmN0bDAwJGN0bDQzJGdfMTEyNmIwZjhfZTVlNl80Mjc3X2JhYTZfNDIzZGEwYmJhNDc3JGN0bDAwJGN0bDAyJGN0bDAwJGN0bDAxJGN0bDAwJENvbnRlbnRUeXBlQ2hvaWNlfX0iIFVybEVuY29kZT0iVHJ1ZSIgLz4NCiAgICAgICAgPEZvcm1Qb3N0UGFyYW1ldGVyIE5hbWU9IlN0YXR1c18xZGFiOWI0OC0yZDFhLTQ3YjMtODc4Yy04ZTg0ZjBkMjExYmFfUmFkaW8iIFZhbHVlPSJEcm9wRG93bkJ1dHRvbiIgUmVjb3JkZWRWYWx1ZT0iRHJvcERvd25CdXR0b24iIENvcnJlbGF0aW9uQmluZGluZz0iIiBVcmxFbmNvZGU9IlRydWUiIC8+DQogICAgICAgIDxGb3JtUG9zdFBhcmFtZXRlciBOYW1lPSJjdGwwMCRjdGw0MyRnXzExMjZiMGY4X2U1ZTZfNDI3N19iYWE2XzQyM2RhMGJiYTQ3NyRjdGwwMCRjdGwwMiRjdGwwMCRjdGwwNiRjdGwwMCRvd3NoaWRkZW52ZXJzaW9uIiBWYWx1ZT0ie3skSElEREVOMi5jdGwwMCRjdGw0MyRnXzExMjZiMGY4X2U1ZTZfNDI3N19iYWE2XzQyM2RhMGJiYTQ3NyRjdGwwMCRjdGwwMiRjdGwwMCRjdGwwNiRjdGwwMCRvd3NoaWRkZW52ZXJzaW9ufX0iIFJlY29yZGVkVmFsdWU9IjEiIENvcnJlbGF0aW9uQmluZGluZz0iIiBVcmxFbmNvZGU9IlRydWUiIC8+DQogICAgICAgIDxGb3JtUG9zdFBhcmFtZXRlciBOYW1lPSJDbGllbnRGb3JtUG9zdEJhY2tWYWx1ZV9lZDI4MTkyYS0zYjY3LTQzZDgtYmE4YS1kY2NhM2FjZTdkMGJfRmlsZUxlYWZSZWYiIFZhbHVlPSJGaWxlIGZvciB0aGUgdmVyc2lvbiAxLnhsc3giIFJlY29yZGVkVmFsdWU9IkZpbGUgZm9yIHRoZSB2ZXJzaW9uIDEueGxzeCIgQ29ycmVsYXRpb25CaW5kaW5nPSJ7e0Zvcm1Qb3N0UGFyYW01LkNsaWVudEZvcm1Qb3N0QmFja1ZhbHVlX2VkMjgxOTJhLTNiNjctNDNkOC1iYThhLWRjY2EzYWNlN2QwYl9GaWxlTGVhZlJlZn19IiBVcmxFbmNvZGU9IlRydWUiIC8+DQogICAgICAgIDxGb3JtUG9zdFBhcmFtZXRlciBOYW1lPSJDbGllbnRGb3JtUG9zdEJhY2tWYWx1ZV9lZDI4MTkyYS0zYjY3LTQzZDgtYmE4YS1kY2NhM2FjZTdkMGJfVGl0bGUiIFZhbHVlPSJDb3JkaXMgbXlGaWRvYyBFbmdsaXNoIFRlbXBsYXRlIiBSZWNvcmRlZFZhbHVlPSJDb3JkaXMgbXlGaWRvYyBFbmdsaXNoIFRlbXBsYXRlIiBDb3JyZWxhdGlvbkJpbmRpbmc9Int7Rm9ybVBvc3RQYXJhbTYuQ2xpZW50Rm9ybVBvc3RCYWNrVmFsdWVfZWQyODE5MmEtM2I2Ny00M2Q4LWJhOGEtZGNjYTNhY2U3ZDBiX1RpdGxlfX0iIFVybEVuY29kZT0iVHJ1ZSIgLz4NCiAgICAgICAgPEZvcm1Qb3N0UGFyYW1ldGVyIE5hbWU9IkNsaWVudEZvcm1Qb3N0QmFja1ZhbHVlX2VkMjgxOTJhLTNiNjctNDNkOC1iYThhLWRjY2EzYWNlN2QwYl9BcHBsaWNhdGlvbiIgVmFsdWU9IiIgUmVjb3JkZWRWYWx1ZT0iIiBDb3JyZWxhdGlvbkJpbmRpbmc9IiIgVXJsRW5jb2RlPSJUcnVlIiAvPg0KICAgICAgICA8Rm9ybVBvc3RQYXJhbWV0ZXIgTmFtZT0iQ2xpZW50Rm9ybVBvc3RCYWNrVmFsdWVfZWQyODE5MmEtM2I2Ny00M2Q4LWJhOGEtZGNjYTNhY2U3ZDBiX0FwcHNfeDAwMjBfQ29udGVudF94MDAyMF9UeXBlIiBWYWx1ZT0iIiBSZWNvcmRlZFZhbHVlPSIiIENvcnJlbGF0aW9uQmluZGluZz0iIiBVcmxFbmNvZGU9IlRydWUiIC8+DQogICAgICAgIDxGb3JtUG9zdFBhcmFtZXRlciBOYW1lPSJDbGllbnRGb3JtUG9zdEJhY2tWYWx1ZV9lZDI4MTkyYS0zYjY3LTQzZDgtYmE4YS1kY2NhM2FjZTdkMGJfU3RhdHVzIiBWYWx1ZT0iRHJhZnQiIFJlY29yZGVkVmFsdWU9IkRyYWZ0IiBDb3JyZWxhdGlvbkJpbmRpbmc9Int7Rm9ybVBvc3RQYXJhbTcuQ2xpZW50Rm9ybVBvc3RCYWNrVmFsdWVfZWQyODE5MmEtM2I2Ny00M2Q4LWJhOGEtZGNjYTNhY2U3ZDBiX1N0YXR1c319IiBVcmxFbmNvZGU9IlRydWUiIC8+DQogICAgICAgIDxGb3JtUG9zdFBhcmFtZXRlciBOYW1lPSJDbGllbnRGb3JtUG9zdEJhY2tWYWx1ZV9lZDI4MTkyYS0zYjY3LTQzZDgtYmE4YS1kY2NhM2FjZTdkMGJfQ29uX1RlY2giIFZhbHVlPSIiIFJlY29yZGVkVmFsdWU9IiIgQ29ycmVsYXRpb25CaW5kaW5nPSIiIFVybEVuY29kZT0iVHJ1ZSIgLz4NCiAgICAgICAgPEZvcm1Qb3N0UGFyYW1ldGVyIE5hbWU9IkNsaWVudEZvcm1Qb3N0QmFja1ZhbHVlX2VkMjgxOTJhLTNiNjctNDNkOC1iYThhLWRjY2EzYWNlN2QwYl9vd3NoaWRkZW52ZXJzaW9uIiBWYWx1ZT0iMSIgUmVjb3JkZWRWYWx1ZT0iMSIgQ29ycmVsYXRpb25CaW5kaW5nPSJ7e0Zvcm1Qb3N0UGFyYW04LkNsaWVudEZvcm1Qb3N0QmFja1ZhbHVlX2VkMjgxOTJhLTNiNjctNDNkOC1iYThhLWRjY2EzYWNlN2QwYl9vd3NoaWRkZW52ZXJzaW9ufX0iIFVybEVuY29kZT0iVHJ1ZSIgLz4NCiAgICAgICAgPEZvcm1Qb3N0UGFyYW1ldGVyIE5hbWU9IkNsaWVudEZvcm1Qb3N0QmFja1ZhbHVlX2VkMjgxOTJhLTNiNjctNDNkOC1iYThhLWRjY2EzYWNlN2QwYl9TdWJtaXRDbGllbnRGb3JtIiBWYWx1ZT0idHJ1ZSIgUmVjb3JkZWRWYWx1ZT0idHJ1ZSIgQ29ycmVsYXRpb25CaW5kaW5nPSJ7e0Zvcm1Qb3N0UGFyYW05LkNsaWVudEZvcm1Qb3N0QmFja1ZhbHVlX2VkMjgxOTJhLTNiNjctNDNkOC1iYThhLWRjY2EzYWNlN2QwYl9TdWJtaXRDbGllbnRGb3JtfX0iIFVybEVuY29kZT0iVHJ1ZSIgLz4NCiAgICAgIDwvRm9ybVBvc3RIdHRwQm9keT4NCiAgICA8L1JlcXVlc3Q+DQogICAgPFJlcXVlc3QgTWV0aG9kPSJQT1NUIiBHdWlkPSJhMzdlYTZjMC1iMmJkLTRlMDctYTQwMC04MjcyMjg3N2ZlZWIiIFZlcnNpb249IjEuMSIgVXJsPSJodHRwczovL3NwLmNvcmRpc3NvbHV0aW9ucy5jb20vQXBwczAwL1NoYXJlZCUyMERvY3VtZW50cy9Gb3Jtcy9FZGl0Rm9ybS5hc3B4IiBUaGlua1RpbWU9IjAiIFRpbWVvdXQ9IjMwMCIgUGFyc2VEZXBlbmRlbnRSZXF1ZXN0cz0iVHJ1ZSIgRm9sbG93UmVkaXJlY3RzPSJUcnVlIiBSZWNvcmRSZXN1bHQ9IlRydWUiIENhY2hlPSJGYWxzZSIgUmVzcG9uc2VUaW1lR29hbD0iMCIgRW5jb2Rpbmc9InV0Zi04IiBFeHBlY3RlZEh0dHBTdGF0dXNDb2RlPSIwIiBFeHBlY3RlZFJlc3BvbnNlVXJsPSIiIFJlcG9ydGluZ05hbWU9IiIgSWdub3JlSHR0cFN0YXR1c0NvZGU9IkZhbHNlIj4NCiAgICAgIDxIZWFkZXJzPg0KICAgICAgICA8SGVhZGVyIE5hbWU9IlJlZmVyZXIiIFZhbHVlPSJodHRwczovL3NwLmNvcmRpc3NvbHV0aW9ucy5jb20vQXBwczAwL1NoYXJlZCUyMERvY3VtZW50cy9Gb3Jtcy9FZGl0Rm9ybS5hc3B4P01vZGU9VXBsb2FkJmFtcDtDaGVja0luQ29tbWVudD0mYW1wO0lEPTM0NTQmYW1wO1Jvb3RGb2xkZXI9JTJGQXBwczAwJTJGU2hhcmVkJTIwRG9jdW1lbnRzJmFtcDtJc0RsZz0xIiAvPg0KICAgICAgPC9IZWFkZXJzPg0KICAgICAgPENvcnJlbGF0aW9uRXh0cmFjdGlvblJ1bGVzPg0KICAgICAgICA8RXh0cmFjdGlvblJ1bGUgQ2xhc3NuYW1lPSJNaWNyb3NvZnQuVmlzdWFsU3R1ZGlvLlRlc3RUb29scy5XZWJUZXN0aW5nLlJ1bGVzLkV4dHJhY3RUZXh0LCBNaWNyb3NvZnQuVmlzdWFsU3R1ZGlvLlF1YWxpdHlUb29scy5XZWJUZXN0RnJhbWV3b3JrLCBWZXJzaW9uPTEwLjAuMC4wLCBDdWx0dXJlPW5ldXRyYWwsIFB1YmxpY0tleVRva2VuPWIwM2Y1ZjdmMTFkNTBhM2EiIFZhcmlhYmxlTmFtZT0iRm9ybVBvc3RQYXJhbTM3Lk1TT1NQV2ViUGFydE1hbmFnZXJfRXhpdGluZ0Rlc2lnbk1vZGUiIERpc3BsYXlOYW1lPSIiIERlc2NyaXB0aW9uPSIiPg0KICAgICAgICAgIDxSdWxlUGFyYW1ldGVycz4NCiAgICAgICAgICAgIDxSdWxlUGFyYW1ldGVyIE5hbWU9IlN0YXJ0c1dpdGgiIFZhbHVlPSJdID0gJnF1b3Q7IiAvPg0KICAgICAgICAgICAgPFJ1bGVQYXJhbWV0ZXIgTmFtZT0iRW5kc1dpdGgiIFZhbHVlPSImcXVvdDs7JiN4RDsmI3hBOyAiIC8+DQogICAgICAgICAgICA8UnVsZVBhcmFtZXRlciBOYW1lPSJJbmRleCIgVmFsdWU9IjEiIC8+DQogICAgICAgICAgICA8UnVsZVBhcmFtZXRlciBOYW1lPSJJZ25vcmVDYXNlIiBWYWx1ZT0iRmFsc2UiIC8+DQogICAgICAgICAgICA8UnVsZVBhcmFtZXRlciBOYW1lPSJVc2VSZWd1bGFyRXhwcmVzc2lvbiIgVmFsdWU9IkZhbHNlIiAvPg0KICAgICAgICAgICAgPFJ1bGVQYXJhbWV0ZXIgTmFtZT0iSHRtbERlY29kZSIgVmFsdWU9IlRydWUiIC8+DQogICAgICAgICAgICA8UnVsZVBhcmFtZXRlciBOYW1lPSJSZXF1aXJlZCIgVmFsdWU9IkZhbHNlIiAvPg0KICAgICAgICAgIDwvUnVsZVBhcmFtZXRlcnM+DQogICAgICAgIDwvRXh0cmFjdGlvblJ1bGU+DQogICAgICAgIDxFeHRyYWN0aW9uUnVsZSBDbGFzc25hbWU9Ik1pY3Jvc29mdC5WaXN1YWxTdHVkaW8uVGVzdFRvb2xzLldlYlRlc3RpbmcuUnVsZXMuRXh0cmFjdFRleHQsIE1pY3Jvc29mdC5WaXN1YWxTdHVkaW8uUXVhbGl0eVRvb2xzLldlYlRlc3RGcmFtZXdvcmssIFZlcnNpb249MTAuMC4wLjAsIEN1bHR1cmU9bmV1dHJhbCwgUHVibGljS2V5VG9rZW49YjAzZjVmN2YxMWQ1MGEzYSIgVmFyaWFibGVOYW1lPSJGb3JtUG9zdFBhcmFtMzguTVNPU1BXZWJQYXJ0TWFuYWdlcl9TdGFydFdlYlBhcnRFZGl0aW5nTmFtZSIgRGlzcGxheU5hbWU9IiIgRGVzY3JpcHRpb249IiI+DQogICAgICAgICAgPFJ1bGVQYXJhbWV0ZXJzPg0KICAgICAgICAgICAgPFJ1bGVQYXJhbWV0ZXIgTmFtZT0iU3RhcnRzV2l0aCIgVmFsdWU9Il0gPSAmcXVvdDsiIC8+DQogICAgICAgICAgICA8UnVsZVBhcmFtZXRlciBOYW1lPSJFbmRzV2l0aCIgVmFsdWU9IiZxdW90OzsmI3hEOyYjeEE7ICIgLz4NCiAgICAgICAgICAgIDxSdWxlUGFyYW1ldGVyIE5hbWU9IkluZGV4IiBWYWx1ZT0iMSIgLz4NCiAgICAgICAgICAgIDxSdWxlUGFyYW1ldGVyIE5hbWU9Iklnbm9yZUNhc2UiIFZhbHVlPSJGYWxzZSIgLz4NCiAgICAgICAgICAgIDxSdWxlUGFyYW1ldGVyIE5hbWU9IlVzZVJlZ3VsYXJFeHByZXNzaW9uIiBWYWx1ZT0iRmFsc2UiIC8+DQogICAgICAgICAgICA8UnVsZVBhcmFtZXRlciBOYW1lPSJIdG1sRGVjb2RlIiBWYWx1ZT0iVHJ1ZSIgLz4NCiAgICAgICAgICAgIDxSdWxlUGFyYW1ldGVyIE5hbWU9IlJlcXVpcmVkIiBWYWx1ZT0iRmFsc2UiIC8+DQogICAgICAgICAgPC9SdWxlUGFyYW1ldGVycz4NCiAgICAgICAgPC9FeHRyYWN0aW9uUnVsZT4NCiAgICAgICAgPEV4dHJhY3Rpb25SdWxlIENsYXNzbmFtZT0iTWljcm9zb2Z0LlZpc3VhbFN0dWRpby5UZXN0VG9vbHMuV2ViVGVzdGluZy5SdWxlcy5FeHRyYWN0VGV4dCwgTWljcm9zb2Z0LlZpc3VhbFN0dWRpby5RdWFsaXR5VG9vbHMuV2ViVGVzdEZyYW1ld29yaywgVmVyc2lvbj0xMC4wLjAuMCwgQ3VsdHVyZT1uZXV0cmFsLCBQdWJsaWNLZXlUb2tlbj1iMDNmNWY3ZjExZDUwYTNhIiBWYXJpYWJsZU5hbWU9IkZvcm1Qb3N0UGFyYW0zOS5NU09TUFdlYlBhcnRNYW5hZ2VyX0VuZFdlYlBhcnRFZGl0aW5nIiBEaXNwbGF5TmFtZT0iIiBEZXNjcmlwdGlvbj0iIj4NCiAgICAgICAgICA8UnVsZVBhcmFtZXRlcnM+DQogICAgICAgICAgICA8UnVsZVBhcmFtZXRlciBOYW1lPSJTdGFydHNXaXRoIiBWYWx1ZT0iXSA9ICZxdW90OyIgLz4NCiAgICAgICAgICAgIDxSdWxlUGFyYW1ldGVyIE5hbWU9IkVuZHNXaXRoIiBWYWx1ZT0iJnF1b3Q7OyYjeEQ7JiN4QTsgIiAvPg0KICAgICAgICAgICAgPFJ1bGVQYXJhbWV0ZXIgTmFtZT0iSW5kZXgiIFZhbHVlPSIxIiAvPg0KICAgICAgICAgICAgPFJ1bGVQYXJhbWV0ZXIgTmFtZT0iSWdub3JlQ2FzZSIgVmFsdWU9IkZhbHNlIiAvPg0KICAgICAgICAgICAgPFJ1bGVQYXJhbWV0ZXIgTmFtZT0iVXNlUmVndWxhckV4cHJlc3Npb24iIFZhbHVlPSJGYWxzZSIgLz4NCiAgICAgICAgICAgIDxSdWxlUGFyYW1ldGVyIE5hbWU9Ikh0bWxEZWNvZGUiIFZhbHVlPSJUcnVlIiAvPg0KICAgICAgICAgICAgPFJ1bGVQYXJhbWV0ZXIgTmFtZT0iUmVxdWlyZWQiIFZhbHVlPSJGYWxzZSIgLz4NCiAgICAgICAgICA8L1J1bGVQYXJhbWV0ZXJzPg0KICAgICAgICA8L0V4dHJhY3Rpb25SdWxlPg0KICAgICAgPC9Db3JyZWxhdGlvbkV4dHJhY3Rpb25SdWxlcz4NCiAgICAgIDxRdWVyeVN0cmluZ1BhcmFtZXRlcnM+DQogICAgICAgIDxRdWVyeVN0cmluZ1BhcmFtZXRlciBOYW1lPSJNb2RlIiBWYWx1ZT0iVXBsb2FkIiBSZWNvcmRlZFZhbHVlPSJVcGxvYWQiIENvcnJlbGF0aW9uQmluZGluZz0ie3tRdWVyeVN0cmluZ1BhcmFtNTAyLk1vZGV9fSIgVXJsRW5jb2RlPSJGYWxzZSIgVXNlVG9Hcm91cFJlc3VsdHM9IkZhbHNlIiAvPg0KICAgICAgICA8UXVlcnlTdHJpbmdQYXJhbWV0ZXIgTmFtZT0iQ2hlY2tJbkNvbW1lbnQiIFZhbHVlPSIiIFJlY29yZGVkVmFsdWU9IiIgQ29ycmVsYXRpb25CaW5kaW5nPSIiIFVybEVuY29kZT0iRmFsc2UiIFVzZVRvR3JvdXBSZXN1bHRzPSJGYWxzZSIgLz4NCiAgICAgICAgPFF1ZXJ5U3RyaW5nUGFyYW1ldGVyIE5hbWU9IklEIiBWYWx1ZT0iMzQ1NCIgUmVjb3JkZWRWYWx1ZT0iMzQ1NCIgQ29ycmVsYXRpb25CaW5kaW5nPSJ7e1F1ZXJ5U3RyaW5nUGFyYW01MDMuSUR9fSIgVXJsRW5jb2RlPSJGYWxzZSIgVXNlVG9Hcm91cFJlc3VsdHM9IkZhbHNlIiAvPg0KICAgICAgICA8UXVlcnlTdHJpbmdQYXJhbWV0ZXIgTmFtZT0iUm9vdEZvbGRlciIgVmFsdWU9Int7UXVlcnlTdHJpbmdQYXJhbTUwNC5Sb290Rm9sZGVyfX0iIFJlY29yZGVkVmFsdWU9IiUyZkFwcHMwMCUyZlNoYXJlZCtEb2N1bWVudHMiIENvcnJlbGF0aW9uQmluZGluZz0ie3tRdWVyeVN0cmluZ1BhcmFtNTA0LlJvb3RGb2xkZXJ9fSIgVXJsRW5jb2RlPSJGYWxzZSIgVXNlVG9Hcm91cFJlc3VsdHM9IkZhbHNlIiAvPg0KICAgICAgICA8UXVlcnlTdHJpbmdQYXJhbWV0ZXIgTmFtZT0iSXNEbGciIFZhbHVlPSJ7e1F1ZXJ5U3RyaW5nUGFyYW01MDUuSXNEbGd9fSIgUmVjb3JkZWRWYWx1ZT0iMSIgQ29ycmVsYXRpb25CaW5kaW5nPSJ7e1F1ZXJ5U3RyaW5nUGFyYW01MDUuSXNEbGd9fSIgVXJsRW5jb2RlPSJGYWxzZSIgVXNlVG9Hcm91cFJlc3VsdHM9IkZhbHNlIiAvPg0KICAgICAgPC9RdWVyeVN0cmluZ1BhcmFtZXRlcnM+DQogICAgICA8Rm9ybVBvc3RIdHRwQm9keT4NCiAgICAgICAgPEZvcm1Qb3N0UGFyYW1ldGVyIE5hbWU9Il93cGNtV3BpZCIgVmFsdWU9Int7JEhJRERFTjIuX3dwY21XcGlkfX0iIFJlY29yZGVkVmFsdWU9IiIgQ29ycmVsYXRpb25CaW5kaW5nPSIiIFVybEVuY29kZT0iVHJ1ZSIgLz4NCiAgICAgICAgPEZvcm1Qb3N0UGFyYW1ldGVyIE5hbWU9IndwY21WYWwiIFZhbHVlPSJ7eyRISURERU4yLndwY21WYWx9fSIgUmVjb3JkZWRWYWx1ZT0iIiBDb3JyZWxhdGlvbkJpbmRpbmc9IiIgVXJsRW5jb2RlPSJUcnVlIiAvPg0KICAgICAgICA8Rm9ybVBvc3RQYXJhbWV0ZXIgTmFtZT0iTVNPV2ViUGFydFBhZ2VfUG9zdGJhY2tTb3VyY2UiIFZhbHVlPSJ7eyRISURERU4yLk1TT1dlYlBhcnRQYWdlX1Bvc3RiYWNrU291cmNlfX0iIFJlY29yZGVkVmFsdWU9IiIgQ29ycmVsYXRpb25CaW5kaW5nPSIiIFVybEVuY29kZT0iVHJ1ZSIgLz4NCiAgICAgICAgPEZvcm1Qb3N0UGFyYW1ldGVyIE5hbWU9Ik1TT1RsUG5fU2VsZWN0ZWRXcElkIiBWYWx1ZT0ie3skSElEREVOMi5NU09UbFBuX1NlbGVjdGVkV3BJZH19IiBSZWNvcmRlZFZhbHVlPSIiIENvcnJlbGF0aW9uQmluZGluZz0iIiBVcmxFbmNvZGU9IlRydWUiIC8+DQogICAgICAgIDxGb3JtUG9zdFBhcmFtZXRlciBOYW1lPSJNU09UbFBuX1ZpZXciIFZhbHVlPSJ7eyRISURERU4yLk1TT1RsUG5fVmlld319IiBSZWNvcmRlZFZhbHVlPSIwIiBDb3JyZWxhdGlvbkJpbmRpbmc9IiIgVXJsRW5jb2RlPSJUcnVlIiAvPg0KICAgICAgICA8Rm9ybVBvc3RQYXJhbWV0ZXIgTmFtZT0iTVNPVGxQbl9TaG93U2V0dGluZ3MiIFZhbHVlPSJ7eyRISURERU4yLk1TT1RsUG5fU2hvd1NldHRpbmdzfX0iIFJlY29yZGVkVmFsdWU9IkZhbHNlIiBDb3JyZWxhdGlvbkJpbmRpbmc9IiIgVXJsRW5jb2RlPSJUcnVlIiAvPg0KICAgICAgICA8Rm9ybVBvc3RQYXJhbWV0ZXIgTmFtZT0iTVNPR2FsbGVyeV9TZWxlY3RlZExpYnJhcnkiIFZhbHVlPSJ7eyRISURERU4yLk1TT0dhbGxlcnlfU2VsZWN0ZWRMaWJyYXJ5fX0iIFJlY29yZGVkVmFsdWU9IiIgQ29ycmVsYXRpb25CaW5kaW5nPSIiIFVybEVuY29kZT0iVHJ1ZSIgLz4NCiAgICAgICAgPEZvcm1Qb3N0UGFyYW1ldGVyIE5hbWU9Ik1TT0dhbGxlcnlfRmlsdGVyU3RyaW5nIiBWYWx1ZT0ie3skSElEREVOMi5NU09HYWxsZXJ5X0ZpbHRlclN0cmluZ319IiBSZWNvcmRlZFZhbHVlPSIiIENvcnJlbGF0aW9uQmluZGluZz0iIiBVcmxFbmNvZGU9IlRydWUiIC8+DQogICAgICAgIDxGb3JtUG9zdFBhcmFtZXRlciBOYW1lPSJNU09UbFBuX0J1dHRvbiIgVmFsdWU9Int7JEhJRERFTjIuTVNPVGxQbl9CdXR0b259fSIgUmVjb3JkZWRWYWx1ZT0ibm9uZSIgQ29ycmVsYXRpb25CaW5kaW5nPSIiIFVybEVuY29kZT0iVHJ1ZSIgLz4NCiAgICAgICAgPEZvcm1Qb3N0UGFyYW1ldGVyIE5hbWU9Il9fRVZFTlRUQVJHRVQiIFZhbHVlPSJjdGwwMCRjdGw0MyRnXzExMjZiMGY4X2U1ZTZfNDI3N19iYWE2XzQyM2RhMGJiYTQ3NyRjdGwwMCRjdGwwMiRjdGwwMCR0b29sQmFyVGJsJFJpZ2h0UnB0Q29udHJvbHMkY3RsMDAkY3RsMDAkZGlpZElPU2F2ZUl0ZW0iIFJlY29yZGVkVmFsdWU9ImN0bDAwJGN0bDQzJGdfMTEyNmIwZjhfZTVlNl80Mjc3X2JhYTZfNDIzZGEwYmJhNDc3JGN0bDAwJGN0bDAyJGN0bDAwJHRvb2xCYXJUYmwkUmlnaHRScHRDb250cm9scyRjdGwwMCRjdGwwMCRkaWlkSU9TYXZlSXRlbSIgQ29ycmVsYXRpb25CaW5kaW5nPSJ7e0Zvcm1Qb3N0UGFyYW0yOS5fX0VWRU5UVEFSR0VUfX0iIFVybEVuY29kZT0iVHJ1ZSIgLz4NCiAgICAgICAgPEZvcm1Qb3N0UGFyYW1ldGVyIE5hbWU9Il9fRVZFTlRBUkdVTUVOVCIgVmFsdWU9Int7JEhJRERFTjIuX19FVkVOVEFSR1VNRU5UfX0iIFJlY29yZGVkVmFsdWU9IiIgQ29ycmVsYXRpb25CaW5kaW5nPSIiIFVybEVuY29kZT0iVHJ1ZSIgLz4NCiAgICAgICAgPEZvcm1Qb3N0UGFyYW1ldGVyIE5hbWU9Il9fUkVRVUVTVERJR0VTVCIgVmFsdWU9Int7JEhJRERFTjIuX19SRVFVRVNURElHRVNUfX0iIFJlY29yZGVkVmFsdWU9IjB4NkQ0QjAzMTA5MzNCOUQ5OTQ4MUVCQUVBQUUxMEEyRUI1OTU3MjFGRTVGQzc4MTk0ODc2NDc2QUY0MjdCRUZGRTM1MUFFOEE2NzJGRjFFNjdFMTQ5NzY0NTk3RjMwMDhEN0IwQkNENUE2QzFEN0FGODU4QUY0QkEyNkVGQTIxMEIsMTIgSnVuIDIwMTggMTA6MTc6MjYgLTAwMDAiIENvcnJlbGF0aW9uQmluZGluZz0iIiBVcmxFbmNvZGU9IlRydWUiIC8+DQogICAgICAgIDxGb3JtUG9zdFBhcmFtZXRlciBOYW1lPSJfTGlzdFNjaGVtYVZlcnNpb25fe2VkMjgxOTJhLTNiNjctNDNkOC1iYThhLWRjY2EzYWNlN2QwYn0iIFZhbHVlPSJ7eyRISURERU4yLl9MaXN0U2NoZW1hVmVyc2lvbl97ZWQyODE5MmEtM2I2Ny00M2Q4LWJhOGEtZGNjYTNhY2U3ZDBifX0iIFJlY29yZGVkVmFsdWU9Ijk1IiBDb3JyZWxhdGlvbkJpbmRpbmc9IiIgVXJsRW5jb2RlPSJUcnVlIiAvPg0KICAgICAgICA8Rm9ybVBvc3RQYXJhbWV0ZXIgTmFtZT0iTVNPU1BXZWJQYXJ0TWFuYWdlcl9EaXNwbGF5TW9kZU5hbWUiIFZhbHVlPSJ7eyRISURERU4yLk1TT1NQV2ViUGFydE1hbmFnZXJfRGlzcGxheU1vZGVOYW1lfX0iIFJlY29yZGVkVmFsdWU9IkJyb3dzZSIgQ29ycmVsYXRpb25CaW5kaW5nPSIiIFVybEVuY29kZT0iVHJ1ZSIgLz4NCiAgICAgICAgPEZvcm1Qb3N0UGFyYW1ldGVyIE5hbWU9Ik1TT1NQV2ViUGFydE1hbmFnZXJfRXhpdGluZ0Rlc2lnbk1vZGUiIFZhbHVlPSJ7eyRISURERU4yLk1TT1NQV2ViUGFydE1hbmFnZXJfRXhpdGluZ0Rlc2lnbk1vZGV9fSIgUmVjb3JkZWRWYWx1ZT0iZmFsc2UiIENvcnJlbGF0aW9uQmluZGluZz0iIiBVcmxFbmNvZGU9IlRydWUiIC8+DQogICAgICAgIDxGb3JtUG9zdFBhcmFtZXRlciBOYW1lPSJNU09XZWJQYXJ0UGFnZV9TaGFyZWQiIFZhbHVlPSJ7eyRISURERU4yLk1TT1dlYlBhcnRQYWdlX1NoYXJlZH19IiBSZWNvcmRlZFZhbHVlPSIiIENvcnJlbGF0aW9uQmluZGluZz0iIiBVcmxFbmNvZGU9IlRydWUiIC8+DQogICAgICAgIDxGb3JtUG9zdFBhcmFtZXRlciBOYW1lPSJNU09MYXlvdXRfTGF5b3V0Q2hhbmdlcyIgVmFsdWU9Int7JEhJRERFTjIuTVNPTGF5b3V0X0xheW91dENoYW5nZXN9fSIgUmVjb3JkZWRWYWx1ZT0iIiBDb3JyZWxhdGlvbkJpbmRpbmc9IiIgVXJsRW5jb2RlPSJUcnVlIiAvPg0KICAgICAgICA8Rm9ybVBvc3RQYXJhbWV0ZXIgTmFtZT0iTVNPTGF5b3V0X0luRGVzaWduTW9kZSIgVmFsdWU9Int7JEhJRERFTjIuTVNPTGF5b3V0X0luRGVzaWduTW9kZX19IiBSZWNvcmRlZFZhbHVlPSIiIENvcnJlbGF0aW9uQmluZGluZz0iIiBVcmxFbmNvZGU9IlRydWUiIC8+DQogICAgICAgIDxGb3JtUG9zdFBhcmFtZXRlciBOYW1lPSJfd3BTZWxlY3RlZCIgVmFsdWU9Int7JEhJRERFTjIuX3dwU2VsZWN0ZWR9fSIgUmVjb3JkZWRWYWx1ZT0iTVNPWm9uZUNlbGxfV2ViUGFydFdQUTIiIENvcnJlbGF0aW9uQmluZGluZz0iIiBVcmxFbmNvZGU9IlRydWUiIC8+DQogICAgICAgIDxGb3JtUG9zdFBhcmFtZXRlciBOYW1lPSJfd3pTZWxlY3RlZCIgVmFsdWU9Int7JEhJRERFTjIuX3d6U2VsZWN0ZWR9fSIgUmVjb3JkZWRWYWx1ZT0iIiBDb3JyZWxhdGlvbkJpbmRpbmc9IiIgVXJsRW5jb2RlPSJUcnVlIiAvPg0KICAgICAgICA8Rm9ybVBvc3RQYXJhbWV0ZXIgTmFtZT0iTVNPU1BXZWJQYXJ0TWFuYWdlcl9PbGREaXNwbGF5TW9kZU5hbWUiIFZhbHVlPSJ7eyRISURERU4yLk1TT1NQV2ViUGFydE1hbmFnZXJfT2xkRGlzcGxheU1vZGVOYW1lfX0iIFJlY29yZGVkVmFsdWU9IkJyb3dzZSIgQ29ycmVsYXRpb25CaW5kaW5nPSIiIFVybEVuY29kZT0iVHJ1ZSIgLz4NCiAgICAgICAgPEZvcm1Qb3N0UGFyYW1ldGVyIE5hbWU9Ik1TT1NQV2ViUGFydE1hbmFnZXJfU3RhcnRXZWJQYXJ0RWRpdGluZ05hbWUiIFZhbHVlPSJ7eyRISURERU4yLk1TT1NQV2ViUGFydE1hbmFnZXJfU3RhcnRXZWJQYXJ0RWRpdGluZ05hbWV9fSIgUmVjb3JkZWRWYWx1ZT0iZmFsc2UiIENvcnJlbGF0aW9uQmluZGluZz0iIiBVcmxFbmNvZGU9IlRydWUiIC8+DQogICAgICAgIDxGb3JtUG9zdFBhcmFtZXRlciBOYW1lPSJNU09TUFdlYlBhcnRNYW5hZ2VyX0VuZFdlYlBhcnRFZGl0aW5nIiBWYWx1ZT0ie3skSElEREVOMi5NU09TUFdlYlBhcnRNYW5hZ2VyX0VuZFdlYlBhcnRFZGl0aW5nfX0iIFJlY29yZGVkVmFsdWU9ImZhbHNlIiBDb3JyZWxhdGlvbkJpbmRpbmc9IiIgVXJsRW5jb2RlPSJUcnVlIiAvPg0KICAgICAgICA8Rm9ybVBvc3RQYXJhbWV0ZXIgTmFtZT0iX21haW50YWluV29ya3NwYWNlU2Nyb2xsUG9zaXRpb24iIFZhbHVlPSJ7eyRISURERU4yLl9tYWludGFpbldvcmtzcGFjZVNjcm9sbFBvc2l0aW9ufX0iIFJlY29yZGVkVmFsdWU9IjAiIENvcnJlbGF0aW9uQmluZGluZz0iIiBVcmxFbmNvZGU9IlRydWUiIC8+DQogICAgICAgIDxGb3JtUG9zdFBhcmFtZXRlciBOYW1lPSJfX1ZJRVdTVEFURSIgVmFsdWU9Int7JEhJRERFTjIuX19WSUVXU1RBVEV9fSIgUmVjb3JkZWRWYWx1ZT0iL3dFUER3VUtMVGszTnpJd016STNOUTlrRmdKbUQyUVdBZ0lCRHhZQ0hnVmpiR0Z6Y3dVSmJYTXRaR2xoYkc5bkZnUUNBUTlrRmdJQ0dROWtGZ0lDQXc5a0ZnSUNBUTlrRmdKbUR4UXJBQVprQlM1b2RIUndjem92TDNOd0xtVjRZMlZzYzNWd2NHOXlkQzV2Y21jNk5EUXpMMjE1TDFCbGNuTnZiaTVoYzNCNEJTTm9kSFJ3Y3pvdkwzTndMbVY0WTJWc2MzVndjRzl5ZEM1dmNtYzZORFF6TDIxNUx3VWZMMEZ3Y0hNd01DOWZiR0Y1YjNWMGN5OHhOUzl0ZVhOMVluTXVZWE53ZUFXZ0FpOUJjSEJ6TURBdlgyeGhlVzkxZEhNdk1UVXZjbVZuYVc5dVlXeHpaWFJ1Wnk1aGMzQjRQM1I1Y0dVOWRYTmxjaVp6YjNWeVkyVTlhSFIwY0hNbE0wRWxNa1lsTWtaemNDVXlSV052Y21ScGMzTnZiSFYwYVc5dWN5VXlSV052YlNVeVJrRndjSE13TUNVeVJsTm9ZWEpsWkNVeU1FUnZZM1Z0Wlc1MGN5VXlSa1p2Y20xekpUSkdSV1JwZEVadmNtMGxNa1ZoYzNCNEpUTkdUVzlrWlNVelJGVndiRzloWkNVeU5tRnRjQ1V6UWtOb1pXTnJTVzVEYjIxdFpXNTBKVE5FSlRJMllXMXdKVE5DU1VRbE0wUXpORFUwSlRJMllXMXdKVE5DVW05dmRFWnZiR1JsY2lVelJDVXlOVEpHUVhCd2N6QXdKVEkxTWtaVGFHRnlaV1FsTWpVeU1FUnZZM1Z0Wlc1MGN5VXlObUZ0Y0NVelFrbHpSR3huSlRORU1RWDBBbWgwZEhCek9pOHZjM0F1WlhoalpXeHpkWEJ3YjNKMExtOXlaem8wTkRNdmJYa3ZYMnhoZVc5MWRITXZNVFV2UldScGRGQnliMlpwYkdVdVlYTndlRDlWYzJWeVUyVjBkR2x1WjNOUWNtOTJhV1JsY2oweU16UmlaakJsWkNVeVJEY3daR0lsTWtRME1UVTRKVEpFWVRNek1pVXlSRFJrWm1RMk9ETmlOREUwT0NaU1pYUjFjbTVWY213OWFIUjBjSE1sTTBFbE1rWWxNa1p6Y0NVeVJXTnZjbVJwYzNOdmJIVjBhVzl1Y3lVeVJXTnZiU1V5UmtGd2NITXdNQ1V5UmxOb1lYSmxaQ1V5TUVSdlkzVnRaVzUwY3lVeVJrWnZjbTF6SlRKR1JXUnBkRVp2Y20wbE1rVmhjM0I0SlROR1RXOWtaU1V6UkZWd2JHOWhaQ1V5Tm1GdGNDVXpRa05vWldOclNXNURiMjF0Wlc1MEpUTkVKVEkyWVcxd0pUTkNTVVFsTTBRek5EVTBKVEkyWVcxd0pUTkNVbTl2ZEVadmJHUmxjaVV6UkNVeU5USkdRWEJ3Y3pBd0pUSTFNa1pUYUdGeVpXUWxNalV5TUVSdlkzVnRaVzUwY3lVeU5tRnRjQ1V6UWtselJHeG5KVE5FTVdRQ0J3OWtGZ1lDQVE5a0ZnSUNBUTlrRmdJRkptZGZNVEV5Tm1Jd1pqaGZaVFZsTmw4ME1qYzNYMkpoWVRaZk5ESXpaR0V3WW1KaE5EYzNEMlFXQW1ZUFpCWUdBZ01QWkJZQ0FnRVBaQllFQWdFUFpCWUNaZzlrRmdJQ0F3OFBGZ1llQkZSbGVIUUZCRk5oZG1VZURVOXVRMnhwWlc1MFEyeHBZMnNGYkdsbUlDZ2hVSEpsVTJGMlpVbDBaVzBvS1NrZ2NtVjBkWEp1SUdaaGJITmxPMmxtSUNoVFVFTnNhV1Z1ZEVadmNtMXpMa05zYVdWdWRFWnZjbTFOWVc1aFoyVnlMbE4xWW0xcGRFTnNhV1Z1ZEVadmNtMG9KMWRRVVRJbktTa2djbVYwZFhKdUlHWmhiSE5sT3g0SVZHRmlTVzVrWlhnQkFBQmtaQUlERDJRV0FtWVBaQllDQWdNUER4WUdIZ2xCWTJObGMzTkxaWGtGQVVNZkFRVUdRMkZ1WTJWc0h3SUZUSE5sZEZScGJXVnZkWFFvWm5WdVkzUnBiMjRvS1h0M2FXNWtiM2N1Wm5KaGJXVkZiR1Z0Wlc1MExtTmhibU5sYkZCdmNGVndLQ2s3ZlN3Z01DazdJSEpsZEhWeWJpQm1ZV3h6WlR0a1pBSUZEMlFXQW1ZUFpCWUNBZ01QWkJZQ1pnOWtGZ0lDQVE4UEZnNGZBUVVMUkdWc1pYUmxJRWwwWlcwZUNFbHRZV2RsVlhKc0JSOHZYMnhoZVc5MWRITXZNVFV2YVcxaFoyVnpMMlJsYkdsMFpXMHVaMmxtSHdRRkFWZ2VFVkJsY20xcGMzTnBiMjVEYjI1MFpYaDBDeW1LQVUxcFkzSnZjMjltZEM1VGFHRnlaVkJ2YVc1MExsVjBhV3hwZEdsbGN5NVFaWEp0YVhOemFXOXVRMjl1ZEdWNGRDd2dUV2xqY205emIyWjBMbE5vWVhKbFVHOXBiblFzSUZabGNuTnBiMjQ5TVRZdU1DNHdMakFzSUVOMWJIUjFjbVU5Ym1WMWRISmhiQ3dnVUhWaWJHbGpTMlY1Vkc5clpXNDlOekZsT1dKalpURXhNV1U1TkRJNVl3SWVDMUJsY20xcGMzTnBiMjV6S0NtQUFVMXBZM0p2YzI5bWRDNVRhR0Z5WlZCdmFXNTBMbE5RUW1GelpWQmxjbTFwYzNOcGIyNXpMQ0JOYVdOeWIzTnZablF1VTJoaGNtVlFiMmx1ZEN3Z1ZtVnljMmx2YmoweE5pNHdMakF1TUN3Z1EzVnNkSFZ5WlQxdVpYVjBjbUZzTENCUWRXSnNhV05MWlhsVWIydGxiajAzTVdVNVltTmxNVEV4WlRrME1qbGpEMFJsYkdWMFpVeHBjM1JKZEdWdGN4OENCU0J5WlhSMWNtNGdSR1ZzWlhSbFNYUmxiVU52Ym1acGNtMWhkR2x2YmlncE94NG9RMnhwWlc1MFQyNURiR2xqYTFOamNtbHdkRU52Ym5SaGFXNXBibWRRY21WbWFYaGxaRlZ5YkdSa1pBSUhEMlFXQW1ZUFpCWUlBZ01QWkJZQ1pnOWtGZ1FDQXc4UUQyUVdBaDRJYjI1amFHRnVaMlVGa0FGcVlYWmhjMk55YVhCME9rTm9ZVzVuWlVOdmJuUmxiblJVZVhCbEtDSmpkR3d3TUY5amRHdzBNMTluWHpFeE1qWmlNR1k0WDJVMVpUWmZOREkzTjE5aVlXRTJYelF5TTJSaE1HSmlZVFEzTjE5amRHd3dNRjlqZEd3d01sOWpkR3d3TUY5amRHd3dNVjlqZEd3d01GOURiMjUwWlc1MFZIbHdaVU5vYjJsalpTSXBPM0psZEhWeWJpQm1ZV3h6WlRzUEZnSm1BZ0VXQWhBRkQwTnZjbVJwY3lCRWIyTjFiV1Z1ZEFWS01IZ3dNVEF4TURCRE9EVXlSRVV6TWpJNE5ESTJSVFE0T1VFelFVWkVNMFpGUVRKR05ERXhNVEF3UlRrM04wUTROMFE1UmpReE5UWTBOVGhCTkRCRlEwUkdRMEUxUTBJM01FRm5FQVVaUTI5eVpHbHpJRXhwYm1zZ2RHOGdZU0JFYjJOMWJXVnVkQVVxTUhnd01UQXhNRUV3TURnMk16VkZRamxCTXpWRFFqWkJORGM0TlRZMU5VSkdRekE1UWtZNFJEYzRaMlJrQWdVUER4WUdId0ZsSGdoRGMzTkRiR0Z6Y3dVTGJYTXRiV1YwWVdSaGRHRWVCRjhoVTBJQ0FtUmtBZ1VQWkJZQ1pnOWtGZ0lDQVE5a0ZneG1EMlFXQWdJQkQyUVdBbVlQWkJZQ0Fna1BGZ0llRTFCeVpYWnBiM1Z6UTI5dWRISnZiRTF2WkdVTEtZZ0JUV2xqY205emIyWjBMbE5vWVhKbFVHOXBiblF1VjJWaVEyOXVkSEp2YkhNdVUxQkRiMjUwY205c1RXOWtaU3dnVFdsamNtOXpiMlowTGxOb1lYSmxVRzlwYm5Rc0lGWmxjbk5wYjI0OU1UWXVNQzR3TGpBc0lFTjFiSFIxY21VOWJtVjFkSEpoYkN3Z1VIVmliR2xqUzJWNVZHOXJaVzQ5TnpGbE9XSmpaVEV4TVdVNU5ESTVZd0prQWdFUFpCWUNBZ0VQWkJZQ1pnOWtGZ0lDQ1E4V0FoOE1DeXNHQW1RQ0FnOWtGZ0lDQVE5a0ZnSm1EMlFXQWdJSkR4WUNId3dMS3dZQ1pBSUREMlFXQWdJQkQyUVdBbVlQWkJZQ0Fna1BGZ0lmREFzckJnSmtBZ1FQWkJZQ0FnRVBaQllDWmc5a0ZnSUNDUThXQWg4TUN5c0dBbVFDQlE5a0ZnSUNBUTlrRmdKbUQyUVdBZ0lKRHhZQ0h3d0xLd1lDWkFJSEQyUVdBbVlQWkJZRUFnTVBGZ0lmREFzckJnRVdBbVlQRmdJZkRBc3JCZ0ZrQWdVUEZnSWZEQXNyQmdFV0FtWVBGZ0lmREFzckJnRmtBaEVQWkJZRVpnOWtGZ0lDQVE5a0ZnSm1EMlFXQmdJRER4WUNId3dMS3dZQlpBSUZEMlFXQkFJQkR4WUNId3dMS3dZQlpBSUREeFlDSHd3TEt3WUJaQUlIRDJRV0JBSUJEeFlDSHd3TEt3WUJaQUlERHhZQ0h3d0xLd1lCWkFJQkQyUVdCQUlCRDJRV0FtWVBaQllDQWdNUER4WUdId0VGQkZOaGRtVWZBZ1ZzYVdZZ0tDRlFjbVZUWVhabFNYUmxiU2dwS1NCeVpYUjFjbTRnWm1Gc2MyVTdhV1lnS0ZOUVEyeHBaVzUwUm05eWJYTXVRMnhwWlc1MFJtOXliVTFoYm1GblpYSXVVM1ZpYldsMFEyeHBaVzUwUm05eWJTZ25WMUJSTWljcEtTQnlaWFIxY200Z1ptRnNjMlU3SHdNQkFBQmtaQUlERDJRV0FtWVBaQllDQWdNUER4WUdId1FGQVVNZkFRVUdRMkZ1WTJWc0h3SUZUSE5sZEZScGJXVnZkWFFvWm5WdVkzUnBiMjRvS1h0M2FXNWtiM2N1Wm5KaGJXVkZiR1Z0Wlc1MExtTmhibU5sYkZCdmNGVndLQ2s3ZlN3Z01DazdJSEpsZEhWeWJpQm1ZV3h6WlR0a1pBSUZEMlFXQWdJQ0QyUVdCQUlCRDJRV0FnSUREMlFXQW1ZUFpCWUVBZ01QWkJZSUFnRVBGZ1llRTBOc2FXVnVkRTl1UTJ4cFkydFRZM0pwY0hRRmVVVnVjM1Z5WlZOamNtbHdkRVoxYm1Nb0ozTm9ZWEpwYm1jdWFuTW5MQ0FuUkdsemNHeGhlVk5vWVhKbFpGZHBkR2hFYVdGc2IyY25MQ0JtZFc1amRHbHZiaUFvS1NCN0lFUnBjM0JzWVhsVGFHRnlaV1JYYVhSb1JHbGhiRzluS0NkY2RUQXdNbVpCY0hCek1EQmNkVEF3TW1ZbktUc2dmU2tmQ0FWNVJXNXpkWEpsVTJOeWFYQjBSblZ1WXlnbmMyaGhjbWx1Wnk1cWN5Y3NJQ2RFYVhOd2JHRjVVMmhoY21Wa1YybDBhRVJwWVd4dlp5Y3NJR1oxYm1OMGFXOXVJQ2dwSUhzZ1JHbHpjR3hoZVZOb1lYSmxaRmRwZEdoRWFXRnNiMmNvSjF4MU1EQXlaa0Z3Y0hNd01GeDFNREF5WmljcE95QjlLUjRZUTJ4cFpXNTBUMjVEYkdsamEwNWhkbWxuWVhSbFZYSnNaR1FDQlE4V0FoNEhWbWx6YVdKc1pXaGtBZ3NQRmdJZkQyaGtBaElQWkJZQ1pnOFBGZ1llSEZCeVpYWnBiM1Z6UVhWMGFHOXlhVzVuU1hSbGJWWmxjbk5wYjI0RkFURWVHbEJ5WlhacGIzVnpRWFYwYUc5eWFXNW5TWFJsYlU5M2JtVnlCUVF6TkRVMEhoeFFjbVYyYVc5MWMwRjFkR2h2Y21sdVowTnZiblJ5YjJ4TmIyUmxDeXNHQW1Sa0FnUVBEeFlDSHdRRkFTOWtaQUlERDJRV0FnSUJEMlFXQWdJQkQyUVdCZ0lCRHc4V0JCOExBZ0lmQ2dVWGJYTXRjSEp2Ylc5MFpXUkJZM1JwYjI1Q2RYUjBiMjVrWkFJREQyUVdBbVlQRHhZRUh3c0NBaDhLQlJkdGN5MXdjbTl0YjNSbFpFRmpkR2x2YmtKMWRIUnZibVJrQWdVUER4WUdId29GRjIxekxYQnliMjF2ZEdWa1FXTjBhVzl1UW5WMGRHOXVId3NDQWg4UGFHUmtBaE1QWkJZQ0FnRVBaQllDQWcwUER4WUNIdzlvWkJZQ0FnRVBaQllDWmc5a0ZnSUNBdzlrRmdJQ0JROWtGZ0lDQVE4OEt3QUpBUUFQRmdRZURWQmhkR2hUWlhCaGNtRjBiM0lFQ0I0TlRtVjJaWEpGZUhCaGJtUmxaR2RrWkJnQkJSZGpkR3d3TUNSVWIzQk9ZWFpwWjJGMGFXOXVUV1Z1ZFE4UFpBVVVTRzl0WlZ4QmNIQnpJQ1lnVUhKdlpIVmpkSE5reWVHZDUzc0p2V0RLdm1vTE9XQmdiVnB2cHM2cWxrVXNGR0xnV21PNWZyRT0iIENvcnJlbGF0aW9uQmluZGluZz0iIiBVcmxFbmNvZGU9IlRydWUiIC8+DQogICAgICAgIDxGb3JtUG9zdFBhcmFtZXRlciBOYW1lPSJfX1ZJRVdTVEFURUdFTkVSQVRPUiIgVmFsdWU9Int7JEhJRERFTjIuX19WSUVXU1RBVEVHRU5FUkFUT1J9fSIgUmVjb3JkZWRWYWx1ZT0iMkRCMTU1QTMiIENvcnJlbGF0aW9uQmluZGluZz0iIiBVcmxFbmNvZGU9IlRydWUiIC8+DQogICAgICAgIDxGb3JtUG9zdFBhcmFtZXRlciBOYW1lPSJfX1NDUk9MTFBPU0lUSU9OWCIgVmFsdWU9Int7JEhJRERFTjIuX19TQ1JPTExQT1NJVElPTlh9fSIgUmVjb3JkZWRWYWx1ZT0iMCIgQ29ycmVsYXRpb25CaW5kaW5nPSIiIFVybEVuY29kZT0iVHJ1ZSIgLz4NCiAgICAgICAgPEZvcm1Qb3N0UGFyYW1ldGVyIE5hbWU9Il9fU0NST0xMUE9TSVRJT05ZIiBWYWx1ZT0ie3skSElEREVOMi5fX1NDUk9MTFBPU0lUSU9OWX19IiBSZWNvcmRlZFZhbHVlPSIwIiBDb3JyZWxhdGlvbkJpbmRpbmc9IiIgVXJsRW5jb2RlPSJUcnVlIiAvPg0KICAgICAgICA8Rm9ybVBvc3RQYXJhbWV0ZXIgTmFtZT0iX19FVkVOVFZBTElEQVRJT04iIFZhbHVlPSJ7eyRISURERU4yLl9fRVZFTlRWQUxJREFUSU9OfX0iIFJlY29yZGVkVmFsdWU9Ii93RWRBQXBZQUVqRWtOdzFBZmVPMlR6RlQ1R29MbVh5WXdBK09mRmFHNUEybHo4bkNMVWdGTHBuS09qdkJBVTJ0WG53RDB6Y0d4L0NsbWtORGtDNmJJNlpqekdGNFk3UHhhUTd2SjRjK3lpSEFMMWNCQStwU043MmV1Z1ZTb3ZKNkdGeXFMZzRnWU9ldEovWlpNQ0Z3YXdxd2VRZU5SMjI0UFVGb0IwNzhjUkMvRHREZkxhY1dUVVduY2ZlcTFYWUUxdEE4OEVtcTFyQ1pUeFhTVndmVmVuYm9kdzhlWVZoUVFEalZKRjZWN2lOV2xqdnBQdHZFbXRLK1pERW5KYkhBNWRLZWpjPSIgQ29ycmVsYXRpb25CaW5kaW5nPSIiIFVybEVuY29kZT0iVHJ1ZSIgLz4NCiAgICAgICAgPEZvcm1Qb3N0UGFyYW1ldGVyIE5hbWU9ImN0bDAwJGN0bDQ0JGN0bDA0IiBWYWx1ZT0iUmliYm9uLkRvY0xpYkxpc3RGb3JtLkVkaXQiIFJlY29yZGVkVmFsdWU9IlJpYmJvbi5Eb2NMaWJMaXN0Rm9ybS5FZGl0IiBDb3JyZWxhdGlvbkJpbmRpbmc9Int7Rm9ybVBvc3RQYXJhbTMwLmN0bDAwJGN0bDQ0JGN0bDA0fX0iIFVybEVuY29kZT0iVHJ1ZSIgLz4NCiAgICAgICAgPEZvcm1Qb3N0UGFyYW1ldGVyIE5hbWU9ImN0bDAwJGN0bDQzJGdfMTEyNmIwZjhfZTVlNl80Mjc3X2JhYTZfNDIzZGEwYmJhNDc3JGN0bDAwJGN0bDAyJGN0bDAwJGN0bDAxJGN0bDAwJENvbnRlbnRUeXBlQ2hvaWNlIiBWYWx1ZT0iMHgwMTAxMDBDODUyREUzMjI4NDI2RTQ4OUEzQUZEM0ZFQTJGNDExMTAwRTk3N0Q4N0Q5RjQxNTY0NThBNDBFQ0RGQ0E1Q0I3MEEiIFJlY29yZGVkVmFsdWU9IjB4MDEwMTAwQzg1MkRFMzIyODQyNkU0ODlBM0FGRDNGRUEyRjQxMTEwMEU5NzdEODdEOUY0MTU2NDU4QTQwRUNERkNBNUNCNzBBIiBDb3JyZWxhdGlvbkJpbmRpbmc9Int7Rm9ybVBvc3RQYXJhbTMxLmN0bDAwJGN0bDQzJGdfMTEyNmIwZjhfZTVlNl80Mjc3X2JhYTZfNDIzZGEwYmJhNDc3JGN0bDAwJGN0bDAyJGN0bDAwJGN0bDAxJGN0bDAwJENvbnRlbnRUeXBlQ2hvaWNlfX0iIFVybEVuY29kZT0iVHJ1ZSIgLz4NCiAgICAgICAgPEZvcm1Qb3N0UGFyYW1ldGVyIE5hbWU9IlN0YXR1c18xZGFiOWI0OC0yZDFhLTQ3YjMtODc4Yy04ZTg0ZjBkMjExYmFfUmFkaW8iIFZhbHVlPSJEcm9wRG93bkJ1dHRvbiIgUmVjb3JkZWRWYWx1ZT0iRHJvcERvd25CdXR0b24iIENvcnJlbGF0aW9uQmluZGluZz0iIiBVcmxFbmNvZGU9IlRydWUiIC8+DQogICAgICAgIDxGb3JtUG9zdFBhcmFtZXRlciBOYW1lPSJjdGwwMCRjdGw0MyRnXzExMjZiMGY4X2U1ZTZfNDI3N19iYWE2XzQyM2RhMGJiYTQ3NyRjdGwwMCRjdGwwMiRjdGwwMCRjdGwwNiRjdGwwMCRvd3NoaWRkZW52ZXJzaW9uIiBWYWx1ZT0ie3skSElEREVOMi5jdGwwMCRjdGw0MyRnXzExMjZiMGY4X2U1ZTZfNDI3N19iYWE2XzQyM2RhMGJiYTQ3NyRjdGwwMCRjdGwwMiRjdGwwMCRjdGwwNiRjdGwwMCRvd3NoaWRkZW52ZXJzaW9ufX0iIFJlY29yZGVkVmFsdWU9IjEiIENvcnJlbGF0aW9uQmluZGluZz0iIiBVcmxFbmNvZGU9IlRydWUiIC8+DQogICAgICAgIDxGb3JtUG9zdFBhcmFtZXRlciBOYW1lPSJDbGllbnRGb3JtUG9zdEJhY2tWYWx1ZV9lZDI4MTkyYS0zYjY3LTQzZDgtYmE4YS1kY2NhM2FjZTdkMGJfRmlsZUxlYWZSZWYiIFZhbHVlPSJGaWxlIGZvciB0aGUgdmVyc2lvbiAxLnhsc3giIFJlY29yZGVkVmFsdWU9IkZpbGUgZm9yIHRoZSB2ZXJzaW9uIDEueGxzeCIgQ29ycmVsYXRpb25CaW5kaW5nPSJ7e0Zvcm1Qb3N0UGFyYW0zMi5DbGllbnRGb3JtUG9zdEJhY2tWYWx1ZV9lZDI4MTkyYS0zYjY3LTQzZDgtYmE4YS1kY2NhM2FjZTdkMGJfRmlsZUxlYWZSZWZ9fSIgVXJsRW5jb2RlPSJUcnVlIiAvPg0KICAgICAgICA8Rm9ybVBvc3RQYXJhbWV0ZXIgTmFtZT0iQ2xpZW50Rm9ybVBvc3RCYWNrVmFsdWVfZWQyODE5MmEtM2I2Ny00M2Q4LWJhOGEtZGNjYTNhY2U3ZDBiX1RpdGxlIiBWYWx1ZT0iQ29yZGlzIG15Rmlkb2MgRW5nbGlzaCBUZW1wbGF0ZSIgUmVjb3JkZWRWYWx1ZT0iQ29yZGlzIG15Rmlkb2MgRW5nbGlzaCBUZW1wbGF0ZSIgQ29ycmVsYXRpb25CaW5kaW5nPSJ7e0Zvcm1Qb3N0UGFyYW0zMy5DbGllbnRGb3JtUG9zdEJhY2tWYWx1ZV9lZDI4MTkyYS0zYjY3LTQzZDgtYmE4YS1kY2NhM2FjZTdkMGJfVGl0bGV9fSIgVXJsRW5jb2RlPSJUcnVlIiAvPg0KICAgICAgICA8Rm9ybVBvc3RQYXJhbWV0ZXIgTmFtZT0iQ2xpZW50Rm9ybVBvc3RCYWNrVmFsdWVfZWQyODE5MmEtM2I2Ny00M2Q4LWJhOGEtZGNjYTNhY2U3ZDBiX0FwcGxpY2F0aW9uIiBWYWx1ZT0iIiBSZWNvcmRlZFZhbHVlPSIiIENvcnJlbGF0aW9uQmluZGluZz0iIiBVcmxFbmNvZGU9IlRydWUiIC8+DQogICAgICAgIDxGb3JtUG9zdFBhcmFtZXRlciBOYW1lPSJDbGllbnRGb3JtUG9zdEJhY2tWYWx1ZV9lZDI4MTkyYS0zYjY3LTQzZDgtYmE4YS1kY2NhM2FjZTdkMGJfQXBwc194MDAyMF9Db250ZW50X3gwMDIwX1R5cGUiIFZhbHVlPSIiIFJlY29yZGVkVmFsdWU9IiIgQ29ycmVsYXRpb25CaW5kaW5nPSIiIFVybEVuY29kZT0iVHJ1ZSIgLz4NCiAgICAgICAgPEZvcm1Qb3N0UGFyYW1ldGVyIE5hbWU9IkNsaWVudEZvcm1Qb3N0QmFja1ZhbHVlX2VkMjgxOTJhLTNiNjctNDNkOC1iYThhLWRjY2EzYWNlN2QwYl9TdGF0dXMiIFZhbHVlPSJEcmFmdCIgUmVjb3JkZWRWYWx1ZT0iRHJhZnQiIENvcnJlbGF0aW9uQmluZGluZz0ie3tGb3JtUG9zdFBhcmFtMzQuQ2xpZW50Rm9ybVBvc3RCYWNrVmFsdWVfZWQyODE5MmEtM2I2Ny00M2Q4LWJhOGEtZGNjYTNhY2U3ZDBiX1N0YXR1c319IiBVcmxFbmNvZGU9IlRydWUiIC8+DQogICAgICAgIDxGb3JtUG9zdFBhcmFtZXRlciBOYW1lPSJDbGllbnRGb3JtUG9zdEJhY2tWYWx1ZV9lZDI4MTkyYS0zYjY3LTQzZDgtYmE4YS1kY2NhM2FjZTdkMGJfQ29uX1RlY2giIFZhbHVlPSIiIFJlY29yZGVkVmFsdWU9IiIgQ29ycmVsYXRpb25CaW5kaW5nPSIiIFVybEVuY29kZT0iVHJ1ZSIgLz4NCiAgICAgICAgPEZvcm1Qb3N0UGFyYW1ldGVyIE5hbWU9IkNsaWVudEZvcm1Qb3N0QmFja1ZhbHVlX2VkMjgxOTJhLTNiNjctNDNkOC1iYThhLWRjY2EzYWNlN2QwYl9vd3NoaWRkZW52ZXJzaW9uIiBWYWx1ZT0iMSIgUmVjb3JkZWRWYWx1ZT0iMSIgQ29ycmVsYXRpb25CaW5kaW5nPSJ7e0Zvcm1Qb3N0UGFyYW0zNS5DbGllbnRGb3JtUG9zdEJhY2tWYWx1ZV9lZDI4MTkyYS0zYjY3LTQzZDgtYmE4YS1kY2NhM2FjZTdkMGJfb3dzaGlkZGVudmVyc2lvbn19IiBVcmxFbmNvZGU9IlRydWUiIC8+DQogICAgICAgIDxGb3JtUG9zdFBhcmFtZXRlciBOYW1lPSJDbGllbnRGb3JtUG9zdEJhY2tWYWx1ZV9lZDI4MTkyYS0zYjY3LTQzZDgtYmE4YS1kY2NhM2FjZTdkMGJfU3VibWl0Q2xpZW50Rm9ybSIgVmFsdWU9InRydWUiIFJlY29yZGVkVmFsdWU9InRydWUiIENvcnJlbGF0aW9uQmluZGluZz0ie3tGb3JtUG9zdFBhcmFtMzYuQ2xpZW50Rm9ybVBvc3RCYWNrVmFsdWVfZWQyODE5MmEtM2I2Ny00M2Q4LWJhOGEtZGNjYTNhY2U3ZDBiX1N1Ym1pdENsaWVudEZvcm19fSIgVXJsRW5jb2RlPSJUcnVlIiAvPg0KICAgICAgPC9Gb3JtUG9zdEh0dHBCb2R5Pg0KICAgIDwvUmVxdWVzdD4NCiAgICA8UmVxdWVzdCBNZXRob2Q9IkdFVCIgR3VpZD0iOGVlOTYxYTAtOTg1Ny00MmQ5LWFmZjktZTkwNDEwMmFiOTE1IiBWZXJzaW9uPSIxLjEiIFVybD0iaHR0cHM6Ly9zcC5jb3JkaXNzb2x1dGlvbnMuY29tL19sYXlvdXRzLzE1L2JsYW5rLmh0bSIgVGhpbmtUaW1lPSIwIiBUaW1lb3V0PSIzMDAiIFBhcnNlRGVwZW5kZW50UmVxdWVzdHM9IlRydWUiIEZvbGxvd1JlZGlyZWN0cz0iVHJ1ZSIgUmVjb3JkUmVzdWx0PSJUcnVlIiBDYWNoZT0iRmFsc2UiIFJlc3BvbnNlVGltZUdvYWw9IjAiIEVuY29kaW5nPSJ1dGYtOCIgRXhwZWN0ZWRIdHRwU3RhdHVzQ29kZT0iMCIgRXhwZWN0ZWRSZXNwb25zZVVybD0iIiBSZXBvcnRpbmdOYW1lPSIiIElnbm9yZUh0dHBTdGF0dXNDb2RlPSJGYWxzZSI+DQogICAgICA8SGVhZGVycz4NCiAgICAgICAgPEhlYWRlciBOYW1lPSJSZWZlcmVyIiBWYWx1ZT0iaHR0cHM6Ly9zcC5jb3JkaXNzb2x1dGlvbnMuY29tL0FwcHMwMC9TaGFyZWQlMjBEb2N1bWVudHMvRm9ybXMvYWxsJTIwZG9jdW1lbnRzLmFzcHgiIC8+DQogICAgICA8L0hlYWRlcnM+DQogICAgPC9SZXF1ZXN0Pg0KICAgIDxSZXF1ZXN0IE1ldGhvZD0iR0VUIiBHdWlkPSIzYWRlMjc3My0zMGYzLTQ4NWEtODdiZS04ZjBlZjU3YzJhMjQiIFZlcnNpb249IjEuMSIgVXJsPSJodHRwczovL3NwLmNvcmRpc3NvbHV0aW9ucy5jb20vQXBwczAwL1NoYXJlZCUyMERvY3VtZW50cy9Gb3Jtcy9hbGwlMjBkb2N1bWVudHMuYXNweCIgVGhpbmtUaW1lPSIwIiBUaW1lb3V0PSIzMDAiIFBhcnNlRGVwZW5kZW50UmVxdWVzdHM9IlRydWUiIEZvbGxvd1JlZGlyZWN0cz0iVHJ1ZSIgUmVjb3JkUmVzdWx0PSJUcnVlIiBDYWNoZT0iRmFsc2UiIFJlc3BvbnNlVGltZUdvYWw9IjAiIEVuY29kaW5nPSJ1dGYtOCIgRXhwZWN0ZWRIdHRwU3RhdHVzQ29kZT0iMCIgRXhwZWN0ZWRSZXNwb25zZVVybD0iaHR0cHM6Ly9zcC5jb3JkaXNzb2x1dGlvbnMuY29tL0FwcHMwMC9TaGFyZWQlMjBEb2N1bWVudHMvRm9ybXMvYWxsJTIwZG9jdW1lbnRzLmFzcHg/SW5pdGlhbFRhYklkPVJpYmJvbiUyRVJlYWQmYW1wO1Zpc2liaWxpdHlDb250ZXh0PVdTU1RhYlBlcnNpc3RlbmNlI0lucGx2aWV3SGFzaDEyNjcxNWI3LWI1ZjgtNGFkYi04YTNhLWE5NGQyMDhjMjBhNT1GaWx0ZXJGaWVsZDElM0RBcHBsaWNhdGlvbi1GaWx0ZXJWYWx1ZTElM0RteU1hdGVyaWFsIiBSZXBvcnRpbmdOYW1lPSIiIElnbm9yZUh0dHBTdGF0dXNDb2RlPSJGYWxzZSI+DQogICAgICA8UXVlcnlTdHJpbmdQYXJhbWV0ZXJzPg0KICAgICAgICA8UXVlcnlTdHJpbmdQYXJhbWV0ZXIgTmFtZT0iSW5pdGlhbFRhYklkIiBWYWx1ZT0iUmliYm9uJTJFUmVhZCIgUmVjb3JkZWRWYWx1ZT0iUmliYm9uJTJFUmVhZCIgQ29ycmVsYXRpb25CaW5kaW5nPSIiIFVybEVuY29kZT0iRmFsc2UiIFVzZVRvR3JvdXBSZXN1bHRzPSJGYWxzZSIgLz4NCiAgICAgICAgPFF1ZXJ5U3RyaW5nUGFyYW1ldGVyIE5hbWU9IlZpc2liaWxpdHlDb250ZXh0IiBWYWx1ZT0iV1NTVGFiUGVyc2lzdGVuY2UiIFJlY29yZGVkVmFsdWU9IldTU1RhYlBlcnNpc3RlbmNlIiBDb3JyZWxhdGlvbkJpbmRpbmc9IiIgVXJsRW5jb2RlPSJGYWxzZSIgVXNlVG9Hcm91cFJlc3VsdHM9IkZhbHNlIiAvPg0KICAgICAgPC9RdWVyeVN0cmluZ1BhcmFtZXRlcnM+DQogICAgICA8Rm9ybVBvc3RIdHRwQm9keT4NCiAgICAgICAgPEZvcm1Qb3N0UGFyYW1ldGVyIE5hbWU9Il93cGNtV3BpZCIgVmFsdWU9Int7JEhJRERFTjEuX3dwY21XcGlkfX0iIFJlY29yZGVkVmFsdWU9IiIgQ29ycmVsYXRpb25CaW5kaW5nPSIiIFVybEVuY29kZT0iVHJ1ZSIgLz4NCiAgICAgICAgPEZvcm1Qb3N0UGFyYW1ldGVyIE5hbWU9IndwY21WYWwiIFZhbHVlPSJ7eyRISURERU4xLndwY21WYWx9fSIgUmVjb3JkZWRWYWx1ZT0iIiBDb3JyZWxhdGlvbkJpbmRpbmc9IiIgVXJsRW5jb2RlPSJUcnVlIiAvPg0KICAgICAgICA8Rm9ybVBvc3RQYXJhbWV0ZXIgTmFtZT0iTVNPV2ViUGFydFBhZ2VfUG9zdGJhY2tTb3VyY2UiIFZhbHVlPSJ7eyRISURERU4xLk1TT1dlYlBhcnRQYWdlX1Bvc3RiYWNrU291cmNlfX0iIFJlY29yZGVkVmFsdWU9IiIgQ29ycmVsYXRpb25CaW5kaW5nPSIiIFVybEVuY29kZT0iVHJ1ZSIgLz4NCiAgICAgICAgPEZvcm1Qb3N0UGFyYW1ldGVyIE5hbWU9Ik1TT1RsUG5fU2VsZWN0ZWRXcElkIiBWYWx1ZT0ie3skSElEREVOMS5NU09UbFBuX1NlbGVjdGVkV3BJZH19IiBSZWNvcmRlZFZhbHVlPSIiIENvcnJlbGF0aW9uQmluZGluZz0iIiBVcmxFbmNvZGU9IlRydWUiIC8+DQogICAgICAgIDxGb3JtUG9zdFBhcmFtZXRlciBOYW1lPSJNU09UbFBuX1ZpZXciIFZhbHVlPSJ7eyRISURERU4xLk1TT1RsUG5fVmlld319IiBSZWNvcmRlZFZhbHVlPSIwIiBDb3JyZWxhdGlvbkJpbmRpbmc9IiIgVXJsRW5jb2RlPSJUcnVlIiAvPg0KICAgICAgICA8Rm9ybVBvc3RQYXJhbWV0ZXIgTmFtZT0iTVNPVGxQbl9TaG93U2V0dGluZ3MiIFZhbHVlPSJ7eyRISURERU4xLk1TT1RsUG5fU2hvd1NldHRpbmdzfX0iIFJlY29yZGVkVmFsdWU9IkZhbHNlIiBDb3JyZWxhdGlvbkJpbmRpbmc9IiIgVXJsRW5jb2RlPSJUcnVlIiAvPg0KICAgICAgICA8Rm9ybVBvc3RQYXJhbWV0ZXIgTmFtZT0iTVNPR2FsbGVyeV9TZWxlY3RlZExpYnJhcnkiIFZhbHVlPSJ7eyRISURERU4xLk1TT0dhbGxlcnlfU2VsZWN0ZWRMaWJyYXJ5fX0iIFJlY29yZGVkVmFsdWU9IiIgQ29ycmVsYXRpb25CaW5kaW5nPSIiIFVybEVuY29kZT0iVHJ1ZSIgLz4NCiAgICAgICAgPEZvcm1Qb3N0UGFyYW1ldGVyIE5hbWU9Ik1TT0dhbGxlcnlfRmlsdGVyU3RyaW5nIiBWYWx1ZT0ie3skSElEREVOMS5NU09HYWxsZXJ5X0ZpbHRlclN0cmluZ319IiBSZWNvcmRlZFZhbHVlPSIiIENvcnJlbGF0aW9uQmluZGluZz0iIiBVcmxFbmNvZGU9IlRydWUiIC8+DQogICAgICAgIDxGb3JtUG9zdFBhcmFtZXRlciBOYW1lPSJNU09UbFBuX0J1dHRvbiIgVmFsdWU9Int7JEhJRERFTjEuTVNPVGxQbl9CdXR0b259fSIgUmVjb3JkZWRWYWx1ZT0ibm9uZSIgQ29ycmVsYXRpb25CaW5kaW5nPSIiIFVybEVuY29kZT0iVHJ1ZSIgLz4NCiAgICAgICAgPEZvcm1Qb3N0UGFyYW1ldGVyIE5hbWU9Il9fRVZFTlRUQVJHRVQiIFZhbHVlPSJ7eyRISURERU4xLl9fRVZFTlRUQVJHRVR9fSIgUmVjb3JkZWRWYWx1ZT0iIiBDb3JyZWxhdGlvbkJpbmRpbmc9IiIgVXJsRW5jb2RlPSJUcnVlIiAvPg0KICAgICAgICA8Rm9ybVBvc3RQYXJhbWV0ZXIgTmFtZT0iX19FVkVOVEFSR1VNRU5UIiBWYWx1ZT0ie3skSElEREVOMS5fX0VWRU5UQVJHVU1FTlR9fSIgUmVjb3JkZWRWYWx1ZT0iIiBDb3JyZWxhdGlvbkJpbmRpbmc9IiIgVXJsRW5jb2RlPSJUcnVlIiAvPg0KICAgICAgICA8Rm9ybVBvc3RQYXJhbWV0ZXIgTmFtZT0iX19SRVFVRVNURElHRVNUIiBWYWx1ZT0ie3skSElEREVOMS5fX1JFUVVFU1RESUdFU1R9fSIgUmVjb3JkZWRWYWx1ZT0iMHg4NUU4ODQ0NjQxQTcxMzUzMzcwQzcwRDY4NzRGRkE5NTU2OThGNDQ3M0U3QkI3NDMzMUI3QUJENEY0RDNFRUJCRjNDNTQxNDcyQ0NFMTc2OTI0RjVFNEFBMDEwMEI4NzE1RjExNDVGQjU3NDFBRTY4RDhCMjNDMUI0MjA0MEI2OSwxMiBKdW4gMjAxOCAxMDoxNjo0MSAtMDAwMCIgQ29ycmVsYXRpb25CaW5kaW5nPSIiIFVybEVuY29kZT0iVHJ1ZSIgLz4NCiAgICAgICAgPEZvcm1Qb3N0UGFyYW1ldGVyIE5hbWU9Ik1TT1NQV2ViUGFydE1hbmFnZXJfRGlzcGxheU1vZGVOYW1lIiBWYWx1ZT0ie3skSElEREVOMS5NU09TUFdlYlBhcnRNYW5hZ2VyX0Rpc3BsYXlNb2RlTmFtZX19IiBSZWNvcmRlZFZhbHVlPSJCcm93c2UiIENvcnJlbGF0aW9uQmluZGluZz0iIiBVcmxFbmNvZGU9IlRydWUiIC8+DQogICAgICAgIDxGb3JtUG9zdFBhcmFtZXRlciBOYW1lPSJNU09TUFdlYlBhcnRNYW5hZ2VyX0V4aXRpbmdEZXNpZ25Nb2RlIiBWYWx1ZT0ie3skSElEREVOMS5NU09TUFdlYlBhcnRNYW5hZ2VyX0V4aXRpbmdEZXNpZ25Nb2RlfX0iIFJlY29yZGVkVmFsdWU9ImZhbHNlIiBDb3JyZWxhdGlvbkJpbmRpbmc9IiIgVXJsRW5jb2RlPSJUcnVlIiAvPg0KICAgICAgICA8Rm9ybVBvc3RQYXJhbWV0ZXIgTmFtZT0iTVNPV2ViUGFydFBhZ2VfU2hhcmVkIiBWYWx1ZT0ie3skSElEREVOMS5NU09XZWJQYXJ0UGFnZV9TaGFyZWR9fSIgUmVjb3JkZWRWYWx1ZT0iIiBDb3JyZWxhdGlvbkJpbmRpbmc9IiIgVXJsRW5jb2RlPSJUcnVlIiAvPg0KICAgICAgICA8Rm9ybVBvc3RQYXJhbWV0ZXIgTmFtZT0iTVNPTGF5b3V0X0xheW91dENoYW5nZXMiIFZhbHVlPSJ7eyRISURERU4xLk1TT0xheW91dF9MYXlvdXRDaGFuZ2VzfX0iIFJlY29yZGVkVmFsdWU9IiIgQ29ycmVsYXRpb25CaW5kaW5nPSIiIFVybEVuY29kZT0iVHJ1ZSIgLz4NCiAgICAgICAgPEZvcm1Qb3N0UGFyYW1ldGVyIE5hbWU9Ik1TT0xheW91dF9JbkRlc2lnbk1vZGUiIFZhbHVlPSJ7eyRISURERU4xLk1TT0xheW91dF9JbkRlc2lnbk1vZGV9fSIgUmVjb3JkZWRWYWx1ZT0iIiBDb3JyZWxhdGlvbkJpbmRpbmc9IiIgVXJsRW5jb2RlPSJUcnVlIiAvPg0KICAgICAgICA8Rm9ybVBvc3RQYXJhbWV0ZXIgTmFtZT0iX3dwU2VsZWN0ZWQiIFZhbHVlPSJ7eyRISURERU4xLl93cFNlbGVjdGVkfX0iIFJlY29yZGVkVmFsdWU9Ik1TT1pvbmVDZWxsX1dlYlBhcnRXUFEyIiBDb3JyZWxhdGlvbkJpbmRpbmc9IiIgVXJsRW5jb2RlPSJUcnVlIiAvPg0KICAgICAgICA8Rm9ybVBvc3RQYXJhbWV0ZXIgTmFtZT0iX3d6U2VsZWN0ZWQiIFZhbHVlPSJ7eyRISURERU4xLl93elNlbGVjdGVkfX0iIFJlY29yZGVkVmFsdWU9IiIgQ29ycmVsYXRpb25CaW5kaW5nPSIiIFVybEVuY29kZT0iVHJ1ZSIgLz4NCiAgICAgICAgPEZvcm1Qb3N0UGFyYW1ldGVyIE5hbWU9Ik1TT1NQV2ViUGFydE1hbmFnZXJfT2xkRGlzcGxheU1vZGVOYW1lIiBWYWx1ZT0ie3skSElEREVOMS5NU09TUFdlYlBhcnRNYW5hZ2VyX09sZERpc3BsYXlNb2RlTmFtZX19IiBSZWNvcmRlZFZhbHVlPSJCcm93c2UiIENvcnJlbGF0aW9uQmluZGluZz0iIiBVcmxFbmNvZGU9IlRydWUiIC8+DQogICAgICAgIDxGb3JtUG9zdFBhcmFtZXRlciBOYW1lPSJNU09TUFdlYlBhcnRNYW5hZ2VyX1N0YXJ0V2ViUGFydEVkaXRpbmdOYW1lIiBWYWx1ZT0ie3skSElEREVOMS5NU09TUFdlYlBhcnRNYW5hZ2VyX1N0YXJ0V2ViUGFydEVkaXRpbmdOYW1lfX0iIFJlY29yZGVkVmFsdWU9ImZhbHNlIiBDb3JyZWxhdGlvbkJpbmRpbmc9IiIgVXJsRW5jb2RlPSJUcnVlIiAvPg0KICAgICAgICA8Rm9ybVBvc3RQYXJhbWV0ZXIgTmFtZT0iTVNPU1BXZWJQYXJ0TWFuYWdlcl9FbmRXZWJQYXJ0RWRpdGluZyIgVmFsdWU9Int7JEhJRERFTjEuTVNPU1BXZWJQYXJ0TWFuYWdlcl9FbmRXZWJQYXJ0RWRpdGluZ319IiBSZWNvcmRlZFZhbHVlPSJmYWxzZSIgQ29ycmVsYXRpb25CaW5kaW5nPSIiIFVybEVuY29kZT0iVHJ1ZSIgLz4NCiAgICAgICAgPEZvcm1Qb3N0UGFyYW1ldGVyIE5hbWU9Il9tYWludGFpbldvcmtzcGFjZVNjcm9sbFBvc2l0aW9uIiBWYWx1ZT0ie3skSElEREVOMS5fbWFpbnRhaW5Xb3Jrc3BhY2VTY3JvbGxQb3NpdGlvbn19IiBSZWNvcmRlZFZhbHVlPSIwIiBDb3JyZWxhdGlvbkJpbmRpbmc9IiIgVXJsRW5jb2RlPSJUcnVlIiAvPg0KICAgICAgICA8Rm9ybVBvc3RQYXJhbWV0ZXIgTmFtZT0iX19WSUVXU1RBVEUiIFZhbHVlPSJ7eyRISURERU4xLl9fVklFV1NUQVRFfX0iIFJlY29yZGVkVmFsdWU9Ii93RVBEd1VKTWpJNE16UTFPRGMxRDJRV0FtWVBaQllDQWdFUFpCWUVBZ0VQWkJZQ0Foa1BaQllDQWdNUFpCWUNBZ0VQWkJZQ1pnOFVLd0FHWkFVdWFIUjBjSE02THk5emNDNWxlR05sYkhOMWNIQnZjblF1YjNKbk9qUTBNeTl0ZVM5UVpYSnpiMjR1WVhOd2VBVWphSFIwY0hNNkx5OXpjQzVsZUdObGJITjFjSEJ2Y25RdWIzSm5PalEwTXk5dGVTOEZIeTlCY0hCek1EQXZYMnhoZVc5MWRITXZNVFV2YlhsemRXSnpMbUZ6Y0hnRm53RXZRWEJ3Y3pBd0wxOXNZWGx2ZFhSekx6RTFMM0psWjJsdmJtRnNjMlYwYm1jdVlYTndlRDkwZVhCbFBYVnpaWEltYzI5MWNtTmxQV2gwZEhCekpUTkJKVEpHSlRKR2MzQWxNa1ZqYjNKa2FYTnpiMngxZEdsdmJuTWxNa1ZqYjIwbE1rWkJjSEJ6TURBbE1rWlRhR0Z5WldRbE1qQkViMk4xYldWdWRITWxNa1pHYjNKdGN5VXlSbUZzYkNVeU1HUnZZM1Z0Wlc1MGN5VXlSV0Z6Y0hnRjh3Rm9kSFJ3Y3pvdkwzTndMbVY0WTJWc2MzVndjRzl5ZEM1dmNtYzZORFF6TDIxNUwxOXNZWGx2ZFhSekx6RTFMMFZrYVhSUWNtOW1hV3hsTG1GemNIZy9WWE5sY2xObGRIUnBibWR6VUhKdmRtbGtaWEk5TWpNMFltWXdaV1FsTWtRM01HUmlKVEpFTkRFMU9DVXlSR0V6TXpJbE1rUTBaR1prTmpnellqUXhORGdtVW1WMGRYSnVWWEpzUFdoMGRIQnpKVE5CSlRKR0pUSkdjM0FsTWtWamIzSmthWE56YjJ4MWRHbHZibk1sTWtWamIyMGxNa1pCY0hCek1EQWxNa1pUYUdGeVpXUWxNakJFYjJOMWJXVnVkSE1sTWtaR2IzSnRjeVV5Um1Gc2JDVXlNR1J2WTNWdFpXNTBjeVV5UldGemNIaGtBZ2NQWkJZSUFnRVBaQllDQWdFUFpCWUNCU1puWHpFeU5qY3hOV0kzWDJJMVpqaGZOR0ZrWWw4NFlUTmhYMkU1TkdReU1EaGpNakJoTlJBUEZnWWVDMUJoY21GdFZtRnNkV1Z6TXNnSUFBRUFBQUQvLy8vL0FRQUFBQUFBQUFBTUFnQUFBRmhOYVdOeWIzTnZablF1VTJoaGNtVlFiMmx1ZEN3Z1ZtVnljMmx2YmoweE5pNHdMakF1TUN3Z1EzVnNkSFZ5WlQxdVpYVjBjbUZzTENCUWRXSnNhV05MWlhsVWIydGxiajAzTVdVNVltTmxNVEV4WlRrME1qbGpCUUVBQUFBOVRXbGpjbTl6YjJaMExsTm9ZWEpsVUc5cGJuUXVWMlZpVUdGeWRGQmhaMlZ6TGxCaGNtRnRaWFJsY2s1aGJXVldZV3gxWlVoaGMyaDBZV0pzWlFFQUFBQUZYMk52Ykd3REhGTjVjM1JsYlM1RGIyeHNaV04wYVc5dWN5NUlZWE5vZEdGaWJHVUNBQUFBQ1FNQUFBQUVBd0FBQUJ4VGVYTjBaVzB1UTI5c2JHVmpkR2x2Ym5NdVNHRnphSFJoWW14bEJ3QUFBQXBNYjJGa1JtRmpkRzl5QjFabGNuTnBiMjRJUTI5dGNHRnlaWElRU0dGemFFTnZaR1ZRY205MmFXUmxjZ2hJWVhOb1UybDZaUVJMWlhsekJsWmhiSFZsY3dBQUF3TUFCUVVMQ0J4VGVYTjBaVzB1UTI5c2JHVmpkR2x2Ym5NdVNVTnZiWEJoY21WeUpGTjVjM1JsYlM1RGIyeHNaV04wYVc5dWN5NUpTR0Z6YUVOdlpHVlFjbTkyYVdSbGNnanNVVGcvRFFBQUFBb0tFUUFBQUFrRUFBQUFDUVVBQUFBUUJBQUFBQXNBQUFBR0JnQUFBQTlPYjBGdWJtOTFibU5sYldWdWRITUdCd0FBQUFwR2FXeDBaWEpNYVc1ckJnZ0FBQUFOYVdSUWNtVnpSVzVoWW14bFpBWUpBQUFBQ1c5d1pXNWZiV1Z1ZFFZS0FBQUFDbE5sYkdWamRHVmtTVVFHQ3dBQUFCQmtkblJmY0hKbGRuQmhaMlZrWVhSaEJnd0FBQUFSWkhaMFgzTjBZWEowY0c5emFYUnBiMjRHRFFBQUFCVlBjR1Z1VFdWdWRVdGxlVUZqWTJWemMybGliR1VHRGdBQUFCQmtkblJmYm1WNGRIQmhaMlZrWVhSaEJnOEFBQUFUYzJWc1pXTjBYMlJsYzJWc1pXTjBYMkZzYkFZUUFBQUFGRTV2UVc1dWIzVnVZMlZ0Wlc1MGMwaHZkMVJ2RUFVQUFBQUxBQUFBQmhFQUFBQlRWR2hsY21VZ1lYSmxJRzV2SUdsMFpXMXpJSFJ2SUhOb2IzY2dhVzRnZEdocGN5QjJhV1YzSUc5bUlIUm9aU0FpVTJoaGNtVmtJRVJ2WTNWdFpXNTBjeUlnWkc5amRXMWxiblFnYkdsaWNtRnllUzRHRWdBQUFBRS9CaE1BQUFBZ1VISmxjMlZ1WTJVZ1pXNWhZbXhsWkNCbWIzSWdkR2hwY3lCamIyeDFiVzRHRkFBQUFBbFBjR1Z1SUUxbGJuVUdGUUFBQUFJdE1RWVdBQUFBTTFCaFoyVmtQVlJTVlVVbVVHRm5aV1JRY21WMlBWUlNWVVVtY0Y5SGNtOTFjRU52YkRFOUpuQmZSM0p2ZFhCRGIyd3lQUVlYQUFBQUFBWVlBQUFBTGxWelpTQlRTRWxHVkN0RlRsUkZVaUIwYnlCdmNHVnVJSFJvWlNCdFpXNTFJQ2h1WlhjZ2QybHVaRzkzS1M0R0dRQUFBRFZRWVdkbFpEMVVVbFZGSm5CZlIzSnZkWEJEYjJ3eFBXMTVTVkltY0Y5SGNtOTFjRU52YkRJOU1ESWxNakJQZG1WeWRtbGxkd1lhQUFBQUhGTmxiR1ZqZENCdmNpQmtaWE5sYkdWamRDQmhiR3dnYVhSbGJYTUdHd0FBQUN0VWJ5QmhaR1FnWVNCdVpYY2dhWFJsYlN3Z1kyeHBZMnNnSWs1bGR5SWdiM0lnSWxWd2JHOWhaQ0l1Q3g0UVJtbHNkR1Z5VDNCbGNtRjBhVzl1Y3pLTkJRQUJBQUFBLy8vLy93RUFBQUFBQUFBQUJBRUFBQUNUQWxONWMzUmxiUzVEYjJ4c1pXTjBhVzl1Y3k1SFpXNWxjbWxqTGtScFkzUnBiMjVoY25sZ01sdGJVM2x6ZEdWdExsTjBjbWx1Wnl3Z2JYTmpiM0pzYVdJc0lGWmxjbk5wYjI0OU5DNHdMakF1TUN3Z1EzVnNkSFZ5WlQxdVpYVjBjbUZzTENCUWRXSnNhV05MWlhsVWIydGxiajFpTnpkaE5XTTFOakU1TXpSbE1EZzVYU3hiVFdsamNtOXpiMlowTGxOb1lYSmxVRzlwYm5RdVYyVmlVR0Z5ZEZCaFoyVnpMa1pwYkhSbGNrOXdaWEpoZEdsdmJpd2dUV2xqY205emIyWjBMbE5vWVhKbFVHOXBiblFzSUZabGNuTnBiMjQ5TVRZdU1DNHdMakFzSUVOMWJIUjFjbVU5Ym1WMWRISmhiQ3dnVUhWaWJHbGpTMlY1Vkc5clpXNDlOekZsT1dKalpURXhNV1U1TkRJNVkxMWRBd0FBQUFkV1pYSnphVzl1Q0VOdmJYQmhjbVZ5Q0VoaGMyaFRhWHBsQUFNQUNKSUJVM2x6ZEdWdExrTnZiR3hsWTNScGIyNXpMa2RsYm1WeWFXTXVSMlZ1WlhKcFkwVnhkV0ZzYVhSNVEyOXRjR0Z5WlhKZ01WdGJVM2x6ZEdWdExsTjBjbWx1Wnl3Z2JYTmpiM0pzYVdJc0lGWmxjbk5wYjI0OU5DNHdMakF1TUN3Z1EzVnNkSFZ5WlQxdVpYVjBjbUZzTENCUWRXSnNhV05MWlhsVWIydGxiajFpTnpkaE5XTTFOakU1TXpSbE1EZzVYVjBJQUFBQUFBa0NBQUFBQUFBQUFBUUNBQUFBa2dGVGVYTjBaVzB1UTI5c2JHVmpkR2x2Ym5NdVIyVnVaWEpwWXk1SFpXNWxjbWxqUlhGMVlXeHBkSGxEYjIxd1lYSmxjbUF4VzF0VGVYTjBaVzB1VTNSeWFXNW5MQ0J0YzJOdmNteHBZaXdnVm1WeWMybHZiajAwTGpBdU1DNHdMQ0JEZFd4MGRYSmxQVzVsZFhSeVlXd3NJRkIxWW14cFkwdGxlVlJ2YTJWdVBXSTNOMkUxWXpVMk1Ua3pOR1V3T0RsZFhRQUFBQUFMSGd4ZmRtbGxkME52ZFc1MFpYSm1aR1FXQW1ZUFpCWUNaZzlrRmdSbUR4WUdIZ3hHWldGMGRYSmxVMk52Y0dVRkJGTnBkR1VlQ0V4dlkyRjBhVzl1QlNGTmFXTnliM052Wm5RdVUyaGhjbVZRYjJsdWRDNVRkR0Z1WkdGeVpFMWxiblVlQjBkeWIzVndTV1FGRUZacFpYZFRaV3hsWTNSdmNrMWxiblZrQWdFUER4WUNIZ2xCWTJObGMzTkxaWGtGQVZka1pBSUZEMlFXQWdJQ0QyUVdCQUlCRDJRV0FnSUREMlFXQW1ZUFpCWUVBZ01QWkJZSUFnRVBGZ1llRTBOc2FXVnVkRTl1UTJ4cFkydFRZM0pwY0hRRmVVVnVjM1Z5WlZOamNtbHdkRVoxYm1Nb0ozTm9ZWEpwYm1jdWFuTW5MQ0FuUkdsemNHeGhlVk5vWVhKbFpGZHBkR2hFYVdGc2IyY25MQ0JtZFc1amRHbHZiaUFvS1NCN0lFUnBjM0JzWVhsVGFHRnlaV1JYYVhSb1JHbGhiRzluS0NkY2RUQXdNbVpCY0hCek1EQmNkVEF3TW1ZbktUc2dmU2tlS0VOc2FXVnVkRTl1UTJ4cFkydFRZM0pwY0hSRGIyNTBZV2x1YVc1blVISmxabWw0WldSVmNtd0ZlVVZ1YzNWeVpWTmpjbWx3ZEVaMWJtTW9KM05vWVhKcGJtY3Vhbk1uTENBblJHbHpjR3hoZVZOb1lYSmxaRmRwZEdoRWFXRnNiMmNuTENCbWRXNWpkR2x2YmlBb0tTQjdJRVJwYzNCc1lYbFRhR0Z5WldSWGFYUm9SR2xoYkc5bktDZGNkVEF3TW1aQmNIQnpNREJjZFRBd01tWW5LVHNnZlNrZUdFTnNhV1Z1ZEU5dVEyeHBZMnRPWVhacFoyRjBaVlZ5YkdSa0FnVVBGZ0llQjFacGMybGliR1ZvWkFJTER4WUNId3BvWkFJU0QyUVdBbVlQRHhZR0hoeFFjbVYyYVc5MWMwRjFkR2h2Y21sdVowbDBaVzFXWlhKemFXOXVaUjRhVUhKbGRtbHZkWE5CZFhSb2IzSnBibWRKZEdWdFQzZHVaWEpsSGh4UWNtVjJhVzkxYzBGMWRHaHZjbWx1WjBOdmJuUnliMnhOYjJSbEN5bUlBVTFwWTNKdmMyOW1kQzVUYUdGeVpWQnZhVzUwTGxkbFlrTnZiblJ5YjJ4ekxsTlFRMjl1ZEhKdmJFMXZaR1VzSUUxcFkzSnZjMjltZEM1VGFHRnlaVkJ2YVc1MExDQldaWEp6YVc5dVBURTJMakF1TUM0d0xDQkRkV3gwZFhKbFBXNWxkWFJ5WVd3c0lGQjFZbXhwWTB0bGVWUnZhMlZ1UFRjeFpUbGlZMlV4TVRGbE9UUXlPV01BWkdRQ0JBOFBGZ0lmQmdVQkwyUmtBZ01QWkJZQ0FnRVBaQllDQWdFUFpCWUdBZ0VQRHhZRUhnUmZJVk5DQWdJZUNFTnpjME5zWVhOekJSZHRjeTF3Y205dGIzUmxaRUZqZEdsdmJrSjFkSFJ2Ym1Sa0FnTVBaQllDWmc4UEZnUWZEZ0lDSHc4RkYyMXpMWEJ5YjIxdmRHVmtRV04wYVc5dVFuVjBkRzl1WkdRQ0JROFBGZ1lmRHdVWGJYTXRjSEp2Ylc5MFpXUkJZM1JwYjI1Q2RYUjBiMjRmRGdJQ0h3cG9aR1FDRHc5a0ZnSUNBUTlrRmdJQ0FRODhLd0FGQVFBUEZnSWVGVkJoY21WdWRFeGxkbVZzYzBScGMzQnNZWGxsWkdaa1pBSVREMlFXQWdJQkQyUVdCZ0lIRDJRV0FnSUREdzhXQWg4S2FHUmtBZ2tQWkJZQ0FnRVBGZ0lmQ21oa0FnMFBEeFlDSHdwb1pCWUNBZ0VQWkJZQ1pnOWtGZ0lDQXc5a0ZnSUNCUTlrRmdJQ0FRODhLd0FKQVFBUEZnUWVEVkJoZEdoVFpYQmhjbUYwYjNJRUNCNE5UbVYyWlhKRmVIQmhibVJsWkdka1pCZ0NCUzFqZEd3d01DUlFiR0ZqWlVodmJHUmxja3hsWm5ST1lYWkNZWElrVmpSUmRXbGphMHhoZFc1amFFMWxiblVQRDJRRkdreHBZbkpoY21sbGMxeFRhR0Z5WldRZ1JHOWpkVzFsYm5SelpBVVhZM1JzTURBa1ZHOXdUbUYyYVdkaGRHbHZiazFsYm5VUEQyUUZGRWh2YldWY1FYQndjeUFtSUZCeWIyUjFZM1J6WkRiYXpkaDZRTldnVDFaVStabUpESUZEUzA2cmpIczg1RTBIWUhnVGVlQ1UiIENvcnJlbGF0aW9uQmluZGluZz0iIiBVcmxFbmNvZGU9IlRydWUiIC8+DQogICAgICAgIDxGb3JtUG9zdFBhcmFtZXRlciBOYW1lPSJfX1ZJRVdTVEFURUdFTkVSQVRPUiIgVmFsdWU9Int7JEhJRERFTjEuX19WSUVXU1RBVEVHRU5FUkFUT1J9fSIgUmVjb3JkZWRWYWx1ZT0iMDZFMkFGMTYiIENvcnJlbGF0aW9uQmluZGluZz0iIiBVcmxFbmNvZGU9IlRydWUiIC8+DQogICAgICAgIDxGb3JtUG9zdFBhcmFtZXRlciBOYW1lPSJfX1NDUk9MTFBPU0lUSU9OWCIgVmFsdWU9Int7JEhJRERFTjEuX19TQ1JPTExQT1NJVElPTlh9fSIgUmVjb3JkZWRWYWx1ZT0iMCIgQ29ycmVsYXRpb25CaW5kaW5nPSIiIFVybEVuY29kZT0iVHJ1ZSIgLz4NCiAgICAgICAgPEZvcm1Qb3N0UGFyYW1ldGVyIE5hbWU9Il9fU0NST0xMUE9TSVRJT05ZIiBWYWx1ZT0ie3skSElEREVOMS5fX1NDUk9MTFBPU0lUSU9OWX19IiBSZWNvcmRlZFZhbHVlPSIwIiBDb3JyZWxhdGlvbkJpbmRpbmc9IiIgVXJsRW5jb2RlPSJUcnVlIiAvPg0KICAgICAgICA8Rm9ybVBvc3RQYXJhbWV0ZXIgTmFtZT0iX19FVkVOVFZBTElEQVRJT04iIFZhbHVlPSJ7eyRISURERU4xLl9fRVZFTlRWQUxJREFUSU9OfX0iIFJlY29yZGVkVmFsdWU9Ii93RWRBQVBQK2xvdG15RUlyREgxeFlZY1piTnNMbVh5WXdBK09mRmFHNUEybHo4bkNMVWdGTHBuS09qdkJBVTJ0WG53RDB4bXVYOXYweFJxS01sYld6dFd0V3pucWQ4c1FoNjAxblJjelQ5Njh1TjZ2UT09IiBDb3JyZWxhdGlvbkJpbmRpbmc9IiIgVXJsRW5jb2RlPSJUcnVlIiAvPg0KICAgICAgICA8Rm9ybVBvc3RQYXJhbWV0ZXIgTmFtZT0iY3RsMDAkY3RsNDQkY3RsMDQiIFZhbHVlPSJSaWJib24uUmVhZCIgUmVjb3JkZWRWYWx1ZT0iUmliYm9uLlJlYWQiIENvcnJlbGF0aW9uQmluZGluZz0ie3tGb3JtUG9zdFBhcmFtMS5jdGwwMCRjdGw0NCRjdGwwNH19IiBVcmxFbmNvZGU9IlRydWUiIC8+DQogICAgICA8L0Zvcm1Qb3N0SHR0cEJvZHk+DQogICAgPC9SZXF1ZXN0Pg0KICAgIDxSZXF1ZXN0IE1ldGhvZD0iUE9TVCIgR3VpZD0iYmU0OTVhYjgtYjZiNy00MzA5LWE5YmYtODM0N2M2NzQ2YTJlIiBWZXJzaW9uPSIxLjEiIFVybD0iaHR0cHM6Ly9zcC5jb3JkaXNzb2x1dGlvbnMuY29tL0FwcHMwMC9TaGFyZWQlMjBEb2N1bWVudHMvRm9ybXMvYWxsJTIwZG9jdW1lbnRzLmFzcHgiIFRoaW5rVGltZT0iMSIgVGltZW91dD0iMzAwIiBQYXJzZURlcGVuZGVudFJlcXVlc3RzPSJUcnVlIiBGb2xsb3dSZWRpcmVjdHM9IlRydWUiIFJlY29yZFJlc3VsdD0iVHJ1ZSIgQ2FjaGU9IkZhbHNlIiBSZXNwb25zZVRpbWVHb2FsPSIwIiBFbmNvZGluZz0idXRmLTgiIEV4cGVjdGVkSHR0cFN0YXR1c0NvZGU9IjAiIEV4cGVjdGVkUmVzcG9uc2VVcmw9IiIgUmVwb3J0aW5nTmFtZT0iIiBJZ25vcmVIdHRwU3RhdHVzQ29kZT0iRmFsc2UiPg0KICAgICAgPEhlYWRlcnM+DQogICAgICAgIDxIZWFkZXIgTmFtZT0iUmVmZXJlciIgVmFsdWU9Imh0dHBzOi8vc3AuY29yZGlzc29sdXRpb25zLmNvbS9BcHBzMDAvU2hhcmVkJTIwRG9jdW1lbnRzL0Zvcm1zL2FsbCUyMGRvY3VtZW50cy5hc3B4IiAvPg0KICAgICAgPC9IZWFkZXJzPg0KICAgICAgPENvcnJlbGF0aW9uRXh0cmFjdGlvblJ1bGVzPg0KICAgICAgICA8RXh0cmFjdGlvblJ1bGUgQ2xhc3NuYW1lPSJNaWNyb3NvZnQuVmlzdWFsU3R1ZGlvLlRlc3RUb29scy5XZWJUZXN0aW5nLlJ1bGVzLkV4dHJhY3RUZXh0LCBNaWNyb3NvZnQuVmlzdWFsU3R1ZGlvLlF1YWxpdHlUb29scy5XZWJUZXN0RnJhbWV3b3JrLCBWZXJzaW9uPTEwLjAuMC4wLCBDdWx0dXJlPW5ldXRyYWwsIFB1YmxpY0tleVRva2VuPWIwM2Y1ZjdmMTFkNTBhM2EiIFZhcmlhYmxlTmFtZT0iUXVlcnlTdHJpbmdQYXJhbTE2NjMuVmlzaWJpbGl0eUNvbnRleHQiIERpc3BsYXlOYW1lPSIiIERlc2NyaXB0aW9uPSIiPg0KICAgICAgICAgIDxSdWxlUGFyYW1ldGVycz4NCiAgICAgICAgICAgIDxSdWxlUGFyYW1ldGVyIE5hbWU9IlN0YXJ0c1dpdGgiIFZhbHVlPSImYW1wO2FtcDtWaXNpYmlsaXR5Q29udGV4dD0iIC8+DQogICAgICAgICAgICA8UnVsZVBhcmFtZXRlciBOYW1lPSJFbmRzV2l0aCIgVmFsdWU9IiZxdW90OyIgLz4NCiAgICAgICAgICAgIDxSdWxlUGFyYW1ldGVyIE5hbWU9IkluZGV4IiBWYWx1ZT0iMCIgLz4NCiAgICAgICAgICAgIDxSdWxlUGFyYW1ldGVyIE5hbWU9Iklnbm9yZUNhc2UiIFZhbHVlPSJGYWxzZSIgLz4NCiAgICAgICAgICAgIDxSdWxlUGFyYW1ldGVyIE5hbWU9IlVzZVJlZ3VsYXJFeHByZXNzaW9uIiBWYWx1ZT0iRmFsc2UiIC8+DQogICAgICAgICAgICA8UnVsZVBhcmFtZXRlciBOYW1lPSJIdG1sRGVjb2RlIiBWYWx1ZT0iVHJ1ZSIgLz4NCiAgICAgICAgICAgIDxSdWxlUGFyYW1ldGVyIE5hbWU9IlJlcXVpcmVkIiBWYWx1ZT0iRmFsc2UiIC8+DQogICAgICAgICAgPC9SdWxlUGFyYW1ldGVycz4NCiAgICAgICAgPC9FeHRyYWN0aW9uUnVsZT4NCiAgICAgICAgPEV4dHJhY3Rpb25SdWxlIENsYXNzbmFtZT0iTWljcm9zb2Z0LlZpc3VhbFN0dWRpby5UZXN0VG9vbHMuV2ViVGVzdGluZy5SdWxlcy5FeHRyYWN0VGV4dCwgTWljcm9zb2Z0LlZpc3VhbFN0dWRpby5RdWFsaXR5VG9vbHMuV2ViVGVzdEZyYW1ld29yaywgVmVyc2lvbj0xMC4wLjAuMCwgQ3VsdHVyZT1uZXV0cmFsLCBQdWJsaWNLZXlUb2tlbj1iMDNmNWY3ZjExZDUwYTNhIiBWYXJpYWJsZU5hbWU9IlF1ZXJ5U3RyaW5nUGFyYW0xNjg4LlZpc2liaWxpdHlDb250ZXh0IiBEaXNwbGF5TmFtZT0iIiBEZXNjcmlwdGlvbj0iIj4NCiAgICAgICAgICA8UnVsZVBhcmFtZXRlcnM+DQogICAgICAgICAgICA8UnVsZVBhcmFtZXRlciBOYW1lPSJTdGFydHNXaXRoIiBWYWx1ZT0iJmFtcDthbXA7VmlzaWJpbGl0eUNvbnRleHQ9IiAvPg0KICAgICAgICAgICAgPFJ1bGVQYXJhbWV0ZXIgTmFtZT0iRW5kc1dpdGgiIFZhbHVlPSImcXVvdDsiIC8+DQogICAgICAgICAgICA8UnVsZVBhcmFtZXRlciBOYW1lPSJJbmRleCIgVmFsdWU9IjAiIC8+DQogICAgICAgICAgICA8UnVsZVBhcmFtZXRlciBOYW1lPSJJZ25vcmVDYXNlIiBWYWx1ZT0iRmFsc2UiIC8+DQogICAgICAgICAgICA8UnVsZVBhcmFtZXRlciBOYW1lPSJVc2VSZWd1bGFyRXhwcmVzc2lvbiIgVmFsdWU9IkZhbHNlIiAvPg0KICAgICAgICAgICAgPFJ1bGVQYXJhbWV0ZXIgTmFtZT0iSHRtbERlY29kZSIgVmFsdWU9IlRydWUiIC8+DQogICAgICAgICAgICA8UnVsZVBhcmFtZXRlciBOYW1lPSJSZXF1aXJlZCIgVmFsdWU9IkZhbHNlIiAvPg0KICAgICAgICAgIDwvUnVsZVBhcmFtZXRlcnM+DQogICAgICAgIDwvRXh0cmFjdGlvblJ1bGU+DQogICAgICA8L0NvcnJlbGF0aW9uRXh0cmFjdGlvblJ1bGVzPg0KICAgICAgPFF1ZXJ5U3RyaW5nUGFyYW1ldGVycz4NCiAgICAgICAgPFF1ZXJ5U3RyaW5nUGFyYW1ldGVyIE5hbWU9IkluaXRpYWxUYWJJZCIgVmFsdWU9IlJpYmJvbiUyRVJlYWQiIFJlY29yZGVkVmFsdWU9IlJpYmJvbiUyRVJlYWQiIENvcnJlbGF0aW9uQmluZGluZz0iIiBVcmxFbmNvZGU9IkZhbHNlIiBVc2VUb0dyb3VwUmVzdWx0cz0iRmFsc2UiIC8+DQogICAgICAgIDxRdWVyeVN0cmluZ1BhcmFtZXRlciBOYW1lPSJWaXNpYmlsaXR5Q29udGV4dCIgVmFsdWU9IldTU1RhYlBlcnNpc3RlbmNlIiBSZWNvcmRlZFZhbHVlPSJXU1NUYWJQZXJzaXN0ZW5jZSIgQ29ycmVsYXRpb25CaW5kaW5nPSIiIFVybEVuY29kZT0iRmFsc2UiIFVzZVRvR3JvdXBSZXN1bHRzPSJGYWxzZSIgLz4NCiAgICAgIDwvUXVlcnlTdHJpbmdQYXJhbWV0ZXJzPg0KICAgICAgPEZvcm1Qb3N0SHR0cEJvZHk+DQogICAgICAgIDxGb3JtUG9zdFBhcmFtZXRlciBOYW1lPSJfd3BjbVdwaWQiIFZhbHVlPSIiIFJlY29yZGVkVmFsdWU9IiIgQ29ycmVsYXRpb25CaW5kaW5nPSIiIFVybEVuY29kZT0iVHJ1ZSIgLz4NCiAgICAgICAgPEZvcm1Qb3N0UGFyYW1ldGVyIE5hbWU9IndwY21WYWwiIFZhbHVlPSIiIFJlY29yZGVkVmFsdWU9IiIgQ29ycmVsYXRpb25CaW5kaW5nPSIiIFVybEVuY29kZT0iVHJ1ZSIgLz4NCiAgICAgICAgPEZvcm1Qb3N0UGFyYW1ldGVyIE5hbWU9Ik1TT1dlYlBhcnRQYWdlX1Bvc3RiYWNrU291cmNlIiBWYWx1ZT0iIiBSZWNvcmRlZFZhbHVlPSIiIENvcnJlbGF0aW9uQmluZGluZz0iIiBVcmxFbmNvZGU9IlRydWUiIC8+DQogICAgICAgIDxGb3JtUG9zdFBhcmFtZXRlciBOYW1lPSJNU09UbFBuX1NlbGVjdGVkV3BJZCIgVmFsdWU9IiIgUmVjb3JkZWRWYWx1ZT0iIiBDb3JyZWxhdGlvbkJpbmRpbmc9IiIgVXJsRW5jb2RlPSJUcnVlIiAvPg0KICAgICAgICA8Rm9ybVBvc3RQYXJhbWV0ZXIgTmFtZT0iTVNPVGxQbl9WaWV3IiBWYWx1ZT0ie3tGb3JtUG9zdFBhcmFtNDAuTVNPVGxQbl9WaWV3fX0iIFJlY29yZGVkVmFsdWU9IjAiIENvcnJlbGF0aW9uQmluZGluZz0ie3tGb3JtUG9zdFBhcmFtNDAuTVNPVGxQbl9WaWV3fX0iIFVybEVuY29kZT0iVHJ1ZSIgLz4NCiAgICAgICAgPEZvcm1Qb3N0UGFyYW1ldGVyIE5hbWU9Ik1TT1RsUG5fU2hvd1NldHRpbmdzIiBWYWx1ZT0iRmFsc2UiIFJlY29yZGVkVmFsdWU9IkZhbHNlIiBDb3JyZWxhdGlvbkJpbmRpbmc9Int7Rm9ybVBvc3RQYXJhbTQxLk1TT1RsUG5fU2hvd1NldHRpbmdzfX0iIFVybEVuY29kZT0iVHJ1ZSIgLz4NCiAgICAgICAgPEZvcm1Qb3N0UGFyYW1ldGVyIE5hbWU9Ik1TT0dhbGxlcnlfU2VsZWN0ZWRMaWJyYXJ5IiBWYWx1ZT0iIiBSZWNvcmRlZFZhbHVlPSIiIENvcnJlbGF0aW9uQmluZGluZz0iIiBVcmxFbmNvZGU9IlRydWUiIC8+DQogICAgICAgIDxGb3JtUG9zdFBhcmFtZXRlciBOYW1lPSJNU09HYWxsZXJ5X0ZpbHRlclN0cmluZyIgVmFsdWU9IiIgUmVjb3JkZWRWYWx1ZT0iIiBDb3JyZWxhdGlvbkJpbmRpbmc9IiIgVXJsRW5jb2RlPSJUcnVlIiAvPg0KICAgICAgICA8Rm9ybVBvc3RQYXJhbWV0ZXIgTmFtZT0iTVNPVGxQbl9CdXR0b24iIFZhbHVlPSJub25lIiBSZWNvcmRlZFZhbHVlPSJub25lIiBDb3JyZWxhdGlvbkJpbmRpbmc9Int7Rm9ybVBvc3RQYXJhbTQyLk1TT1RsUG5fQnV0dG9ufX0iIFVybEVuY29kZT0iVHJ1ZSIgLz4NCiAgICAgICAgPEZvcm1Qb3N0UGFyYW1ldGVyIE5hbWU9Il9fRVZFTlRUQVJHRVQiIFZhbHVlPSIiIFJlY29yZGVkVmFsdWU9IiIgQ29ycmVsYXRpb25CaW5kaW5nPSIiIFVybEVuY29kZT0iVHJ1ZSIgLz4NCiAgICAgICAgPEZvcm1Qb3N0UGFyYW1ldGVyIE5hbWU9Il9fRVZFTlRBUkdVTUVOVCIgVmFsdWU9IiIgUmVjb3JkZWRWYWx1ZT0iIiBDb3JyZWxhdGlvbkJpbmRpbmc9IiIgVXJsRW5jb2RlPSJUcnVlIiAvPg0KICAgICAgICA8Rm9ybVBvc3RQYXJhbWV0ZXIgTmFtZT0iX19SRVFVRVNURElHRVNUIiBWYWx1ZT0ie3tGb3JtUG9zdFBhcmFtNDkuX19SRVFVRVNURElHRVNUfX0iIFJlY29yZGVkVmFsdWU9IjB4ODVFODg0NDY0MUE3MTM1MzM3MEM3MEQ2ODc0RkZBOTU1Njk4RjQ0NzNFN0JCNzQzMzFCN0FCRDRGNEQzRUVCQkYzQzU0MTQ3MkNDRTE3NjkyNEY1RTRBQTAxMDBCODcxNUYxMTQ1RkI1NzQxQUU2OEQ4QjIzQzFCNDIwNDBCNjksMTIgSnVuIDIwMTggMTA6MTY6NDEgLTAwMDAiIENvcnJlbGF0aW9uQmluZGluZz0ie3tGb3JtUG9zdFBhcmFtNDkuX19SRVFVRVNURElHRVNUfX0iIFVybEVuY29kZT0iVHJ1ZSIgLz4NCiAgICAgICAgPEZvcm1Qb3N0UGFyYW1ldGVyIE5hbWU9Ik1TT1NQV2ViUGFydE1hbmFnZXJfRGlzcGxheU1vZGVOYW1lIiBWYWx1ZT0iQnJvd3NlIiBSZWNvcmRlZFZhbHVlPSJCcm93c2UiIENvcnJlbGF0aW9uQmluZGluZz0ie3tGb3JtUG9zdFBhcmFtNDMuTVNPU1BXZWJQYXJ0TWFuYWdlcl9EaXNwbGF5TW9kZU5hbWV9fSIgVXJsRW5jb2RlPSJUcnVlIiAvPg0KICAgICAgICA8Rm9ybVBvc3RQYXJhbWV0ZXIgTmFtZT0iTVNPU1BXZWJQYXJ0TWFuYWdlcl9FeGl0aW5nRGVzaWduTW9kZSIgVmFsdWU9ImZhbHNlIiBSZWNvcmRlZFZhbHVlPSJmYWxzZSIgQ29ycmVsYXRpb25CaW5kaW5nPSJ7e0Zvcm1Qb3N0UGFyYW0zNy5NU09TUFdlYlBhcnRNYW5hZ2VyX0V4aXRpbmdEZXNpZ25Nb2RlfX0iIFVybEVuY29kZT0iVHJ1ZSIgLz4NCiAgICAgICAgPEZvcm1Qb3N0UGFyYW1ldGVyIE5hbWU9Ik1TT1dlYlBhcnRQYWdlX1NoYXJlZCIgVmFsdWU9IiIgUmVjb3JkZWRWYWx1ZT0iIiBDb3JyZWxhdGlvbkJpbmRpbmc9IiIgVXJsRW5jb2RlPSJUcnVlIiAvPg0KICAgICAgICA8Rm9ybVBvc3RQYXJhbWV0ZXIgTmFtZT0iTVNPTGF5b3V0X0xheW91dENoYW5nZXMiIFZhbHVlPSIiIFJlY29yZGVkVmFsdWU9IiIgQ29ycmVsYXRpb25CaW5kaW5nPSIiIFVybEVuY29kZT0iVHJ1ZSIgLz4NCiAgICAgICAgPEZvcm1Qb3N0UGFyYW1ldGVyIE5hbWU9Ik1TT0xheW91dF9JbkRlc2lnbk1vZGUiIFZhbHVlPSIiIFJlY29yZGVkVmFsdWU9IiIgQ29ycmVsYXRpb25CaW5kaW5nPSIiIFVybEVuY29kZT0iVHJ1ZSIgLz4NCiAgICAgICAgPEZvcm1Qb3N0UGFyYW1ldGVyIE5hbWU9Il93cFNlbGVjdGVkIiBWYWx1ZT0iTVNPWm9uZUNlbGxfV2ViUGFydFdQUTIiIFJlY29yZGVkVmFsdWU9Ik1TT1pvbmVDZWxsX1dlYlBhcnRXUFEyIiBDb3JyZWxhdGlvbkJpbmRpbmc9Int7Rm9ybVBvc3RQYXJhbTQ0Ll93cFNlbGVjdGVkfX0iIFVybEVuY29kZT0iVHJ1ZSIgLz4NCiAgICAgICAgPEZvcm1Qb3N0UGFyYW1ldGVyIE5hbWU9Il93elNlbGVjdGVkIiBWYWx1ZT0iIiBSZWNvcmRlZFZhbHVlPSIiIENvcnJlbGF0aW9uQmluZGluZz0iIiBVcmxFbmNvZGU9IlRydWUiIC8+DQogICAgICAgIDxGb3JtUG9zdFBhcmFtZXRlciBOYW1lPSJNU09TUFdlYlBhcnRNYW5hZ2VyX09sZERpc3BsYXlNb2RlTmFtZSIgVmFsdWU9IkJyb3dzZSIgUmVjb3JkZWRWYWx1ZT0iQnJvd3NlIiBDb3JyZWxhdGlvbkJpbmRpbmc9Int7Rm9ybVBvc3RQYXJhbTQ1Lk1TT1NQV2ViUGFydE1hbmFnZXJfT2xkRGlzcGxheU1vZGVOYW1lfX0iIFVybEVuY29kZT0iVHJ1ZSIgLz4NCiAgICAgICAgPEZvcm1Qb3N0UGFyYW1ldGVyIE5hbWU9Ik1TT1NQV2ViUGFydE1hbmFnZXJfU3RhcnRXZWJQYXJ0RWRpdGluZ05hbWUiIFZhbHVlPSJmYWxzZSIgUmVjb3JkZWRWYWx1ZT0iZmFsc2UiIENvcnJlbGF0aW9uQmluZGluZz0ie3tGb3JtUG9zdFBhcmFtMzguTVNPU1BXZWJQYXJ0TWFuYWdlcl9TdGFydFdlYlBhcnRFZGl0aW5nTmFtZX19IiBVcmxFbmNvZGU9IlRydWUiIC8+DQogICAgICAgIDxGb3JtUG9zdFBhcmFtZXRlciBOYW1lPSJNU09TUFdlYlBhcnRNYW5hZ2VyX0VuZFdlYlBhcnRFZGl0aW5nIiBWYWx1ZT0iZmFsc2UiIFJlY29yZGVkVmFsdWU9ImZhbHNlIiBDb3JyZWxhdGlvbkJpbmRpbmc9Int7Rm9ybVBvc3RQYXJhbTM5Lk1TT1NQV2ViUGFydE1hbmFnZXJfRW5kV2ViUGFydEVkaXRpbmd9fSIgVXJsRW5jb2RlPSJUcnVlIiAvPg0KICAgICAgICA8Rm9ybVBvc3RQYXJhbWV0ZXIgTmFtZT0iX21haW50YWluV29ya3NwYWNlU2Nyb2xsUG9zaXRpb24iIFZhbHVlPSJ7e0Zvcm1Qb3N0UGFyYW00Ni5fbWFpbnRhaW5Xb3Jrc3BhY2VTY3JvbGxQb3NpdGlvbn19IiBSZWNvcmRlZFZhbHVlPSIwIiBDb3JyZWxhdGlvbkJpbmRpbmc9Int7Rm9ybVBvc3RQYXJhbTQ2Ll9tYWludGFpbldvcmtzcGFjZVNjcm9sbFBvc2l0aW9ufX0iIFVybEVuY29kZT0iVHJ1ZSIgLz4NCiAgICAgICAgPEZvcm1Qb3N0UGFyYW1ldGVyIE5hbWU9Il9fVklFV1NUQVRFIiBWYWx1ZT0ie3tGb3JtUG9zdFBhcmFtNTAuX19WSUVXU1RBVEV9fSIgUmVjb3JkZWRWYWx1ZT0iL3dFUER3VUpNakk0TXpRMU9EYzFEMlFXQW1ZUFpCWUNBZ0VQWkJZRUFnRVBaQllDQWhrUFpCWUNBZ01QWkJZQ0FnRVBaQllDWmc4VUt3QUdaQVV1YUhSMGNITTZMeTl6Y0M1bGVHTmxiSE4xY0hCdmNuUXViM0puT2pRME15OXRlUzlRWlhKemIyNHVZWE53ZUFVamFIUjBjSE02THk5emNDNWxlR05sYkhOMWNIQnZjblF1YjNKbk9qUTBNeTl0ZVM4Rkh5OUJjSEJ6TURBdlgyeGhlVzkxZEhNdk1UVXZiWGx6ZFdKekxtRnpjSGdGbndFdlFYQndjekF3TDE5c1lYbHZkWFJ6THpFMUwzSmxaMmx2Ym1Gc2MyVjBibWN1WVhOd2VEOTBlWEJsUFhWelpYSW1jMjkxY21ObFBXaDBkSEJ6SlROQkpUSkdKVEpHYzNBbE1rVmpiM0prYVhOemIyeDFkR2x2Ym5NbE1rVmpiMjBsTWtaQmNIQnpNREFsTWtaVGFHRnlaV1FsTWpCRWIyTjFiV1Z1ZEhNbE1rWkdiM0p0Y3lVeVJtRnNiQ1V5TUdSdlkzVnRaVzUwY3lVeVJXRnpjSGdGOHdGb2RIUndjem92TDNOd0xtVjRZMlZzYzNWd2NHOXlkQzV2Y21jNk5EUXpMMjE1TDE5c1lYbHZkWFJ6THpFMUwwVmthWFJRY205bWFXeGxMbUZ6Y0hnL1ZYTmxjbE5sZEhScGJtZHpVSEp2ZG1sa1pYSTlNak0wWW1Zd1pXUWxNa1EzTUdSaUpUSkVOREUxT0NVeVJHRXpNeklsTWtRMFpHWmtOamd6WWpReE5EZ21VbVYwZFhKdVZYSnNQV2gwZEhCekpUTkJKVEpHSlRKR2MzQWxNa1ZqYjNKa2FYTnpiMngxZEdsdmJuTWxNa1ZqYjIwbE1rWkJjSEJ6TURBbE1rWlRhR0Z5WldRbE1qQkViMk4xYldWdWRITWxNa1pHYjNKdGN5VXlSbUZzYkNVeU1HUnZZM1Z0Wlc1MGN5VXlSV0Z6Y0hoa0FnY1BaQllJQWdFUFpCWUNBZ0VQWkJZQ0JTWm5YekV5TmpjeE5XSTNYMkkxWmpoZk5HRmtZbDg0WVROaFgyRTVOR1F5TURoak1qQmhOUkFQRmdZZUMxQmhjbUZ0Vm1Gc2RXVnpNc2dJQUFFQUFBRC8vLy8vQVFBQUFBQUFBQUFNQWdBQUFGaE5hV055YjNOdlpuUXVVMmhoY21WUWIybHVkQ3dnVm1WeWMybHZiajB4Tmk0d0xqQXVNQ3dnUTNWc2RIVnlaVDF1WlhWMGNtRnNMQ0JRZFdKc2FXTkxaWGxVYjJ0bGJqMDNNV1U1WW1ObE1URXhaVGswTWpsakJRRUFBQUE5VFdsamNtOXpiMlowTGxOb1lYSmxVRzlwYm5RdVYyVmlVR0Z5ZEZCaFoyVnpMbEJoY21GdFpYUmxjazVoYldWV1lXeDFaVWhoYzJoMFlXSnNaUUVBQUFBRlgyTnZiR3dESEZONWMzUmxiUzVEYjJ4c1pXTjBhVzl1Y3k1SVlYTm9kR0ZpYkdVQ0FBQUFDUU1BQUFBRUF3QUFBQnhUZVhOMFpXMHVRMjlzYkdWamRHbHZibk11U0dGemFIUmhZbXhsQndBQUFBcE1iMkZrUm1GamRHOXlCMVpsY25OcGIyNElRMjl0Y0dGeVpYSVFTR0Z6YUVOdlpHVlFjbTkyYVdSbGNnaElZWE5vVTJsNlpRUkxaWGx6QmxaaGJIVmxjd0FBQXdNQUJRVUxDQnhUZVhOMFpXMHVRMjlzYkdWamRHbHZibk11U1VOdmJYQmhjbVZ5SkZONWMzUmxiUzVEYjJ4c1pXTjBhVzl1Y3k1SlNHRnphRU52WkdWUWNtOTJhV1JsY2dqc1VUZy9EUUFBQUFvS0VRQUFBQWtFQUFBQUNRVUFBQUFRQkFBQUFBc0FBQUFHQmdBQUFBOU9iMEZ1Ym05MWJtTmxiV1Z1ZEhNR0J3QUFBQXBHYVd4MFpYSk1hVzVyQmdnQUFBQU5hV1JRY21WelJXNWhZbXhsWkFZSkFBQUFDVzl3Wlc1ZmJXVnVkUVlLQUFBQUNsTmxiR1ZqZEdWa1NVUUdDd0FBQUJCa2RuUmZjSEpsZG5CaFoyVmtZWFJoQmd3QUFBQVJaSFowWDNOMFlYSjBjRzl6YVhScGIyNEdEUUFBQUJWUGNHVnVUV1Z1ZFV0bGVVRmpZMlZ6YzJsaWJHVUdEZ0FBQUJCa2RuUmZibVY0ZEhCaFoyVmtZWFJoQmc4QUFBQVRjMlZzWldOMFgyUmxjMlZzWldOMFgyRnNiQVlRQUFBQUZFNXZRVzV1YjNWdVkyVnRaVzUwYzBodmQxUnZFQVVBQUFBTEFBQUFCaEVBQUFCVFZHaGxjbVVnWVhKbElHNXZJR2wwWlcxeklIUnZJSE5vYjNjZ2FXNGdkR2hwY3lCMmFXVjNJRzltSUhSb1pTQWlVMmhoY21Wa0lFUnZZM1Z0Wlc1MGN5SWdaRzlqZFcxbGJuUWdiR2xpY21GeWVTNEdFZ0FBQUFFL0JoTUFBQUFnVUhKbGMyVnVZMlVnWlc1aFlteGxaQ0JtYjNJZ2RHaHBjeUJqYjJ4MWJXNEdGQUFBQUFsUGNHVnVJRTFsYm5VR0ZRQUFBQUl0TVFZV0FBQUFNMUJoWjJWa1BWUlNWVVVtVUdGblpXUlFjbVYyUFZSU1ZVVW1jRjlIY205MWNFTnZiREU5Sm5CZlIzSnZkWEJEYjJ3eVBRWVhBQUFBQUFZWUFBQUFMbFZ6WlNCVFNFbEdWQ3RGVGxSRlVpQjBieUJ2Y0dWdUlIUm9aU0J0Wlc1MUlDaHVaWGNnZDJsdVpHOTNLUzRHR1FBQUFEVlFZV2RsWkQxVVVsVkZKbkJmUjNKdmRYQkRiMnd4UFcxNVNWSW1jRjlIY205MWNFTnZiREk5TURJbE1qQlBkbVZ5ZG1sbGR3WWFBQUFBSEZObGJHVmpkQ0J2Y2lCa1pYTmxiR1ZqZENCaGJHd2dhWFJsYlhNR0d3QUFBQ3RVYnlCaFpHUWdZU0J1WlhjZ2FYUmxiU3dnWTJ4cFkyc2dJazVsZHlJZ2IzSWdJbFZ3Ykc5aFpDSXVDeDRRUm1sc2RHVnlUM0JsY21GMGFXOXVjektOQlFBQkFBQUEvLy8vL3dFQUFBQUFBQUFBQkFFQUFBQ1RBbE41YzNSbGJTNURiMnhzWldOMGFXOXVjeTVIWlc1bGNtbGpMa1JwWTNScGIyNWhjbmxnTWx0YlUzbHpkR1Z0TGxOMGNtbHVaeXdnYlhOamIzSnNhV0lzSUZabGNuTnBiMjQ5TkM0d0xqQXVNQ3dnUTNWc2RIVnlaVDF1WlhWMGNtRnNMQ0JRZFdKc2FXTkxaWGxVYjJ0bGJqMWlOemRoTldNMU5qRTVNelJsTURnNVhTeGJUV2xqY205emIyWjBMbE5vWVhKbFVHOXBiblF1VjJWaVVHRnlkRkJoWjJWekxrWnBiSFJsY2s5d1pYSmhkR2x2Yml3Z1RXbGpjbTl6YjJaMExsTm9ZWEpsVUc5cGJuUXNJRlpsY25OcGIyNDlNVFl1TUM0d0xqQXNJRU4xYkhSMWNtVTlibVYxZEhKaGJDd2dVSFZpYkdsalMyVjVWRzlyWlc0OU56RmxPV0pqWlRFeE1XVTVOREk1WTExZEF3QUFBQWRXWlhKemFXOXVDRU52YlhCaGNtVnlDRWhoYzJoVGFYcGxBQU1BQ0pJQlUzbHpkR1Z0TGtOdmJHeGxZM1JwYjI1ekxrZGxibVZ5YVdNdVIyVnVaWEpwWTBWeGRXRnNhWFI1UTI5dGNHRnlaWEpnTVZ0YlUzbHpkR1Z0TGxOMGNtbHVaeXdnYlhOamIzSnNhV0lzSUZabGNuTnBiMjQ5TkM0d0xqQXVNQ3dnUTNWc2RIVnlaVDF1WlhWMGNtRnNMQ0JRZFdKc2FXTkxaWGxVYjJ0bGJqMWlOemRoTldNMU5qRTVNelJsTURnNVhWMElBQUFBQUFrQ0FBQUFBQUFBQUFRQ0FBQUFrZ0ZUZVhOMFpXMHVRMjlzYkdWamRHbHZibk11UjJWdVpYSnBZeTVIWlc1bGNtbGpSWEYxWVd4cGRIbERiMjF3WVhKbGNtQXhXMXRUZVhOMFpXMHVVM1J5YVc1bkxDQnRjMk52Y214cFlpd2dWbVZ5YzJsdmJqMDBMakF1TUM0d0xDQkRkV3gwZFhKbFBXNWxkWFJ5WVd3c0lGQjFZbXhwWTB0bGVWUnZhMlZ1UFdJM04yRTFZelUyTVRrek5HVXdPRGxkWFFBQUFBQUxIZ3hmZG1sbGQwTnZkVzUwWlhKbVpHUVdBbVlQWkJZQ1pnOWtGZ1JtRHhZR0hneEdaV0YwZFhKbFUyTnZjR1VGQkZOcGRHVWVDRXh2WTJGMGFXOXVCU0ZOYVdOeWIzTnZablF1VTJoaGNtVlFiMmx1ZEM1VGRHRnVaR0Z5WkUxbGJuVWVCMGR5YjNWd1NXUUZFRlpwWlhkVFpXeGxZM1J2Y2sxbGJuVmtBZ0VQRHhZQ0hnbEJZMk5sYzNOTFpYa0ZBVmRrWkFJRkQyUVdBZ0lDRDJRV0JBSUJEMlFXQWdJREQyUVdBbVlQWkJZRUFnTVBaQllJQWdFUEZnWWVFME5zYVdWdWRFOXVRMnhwWTJ0VFkzSnBjSFFGZVVWdWMzVnlaVk5qY21sd2RFWjFibU1vSjNOb1lYSnBibWN1YW5NbkxDQW5SR2x6Y0d4aGVWTm9ZWEpsWkZkcGRHaEVhV0ZzYjJjbkxDQm1kVzVqZEdsdmJpQW9LU0I3SUVScGMzQnNZWGxUYUdGeVpXUlhhWFJvUkdsaGJHOW5LQ2RjZFRBd01tWkJjSEJ6TURCY2RUQXdNbVluS1RzZ2ZTa2VLRU5zYVdWdWRFOXVRMnhwWTJ0VFkzSnBjSFJEYjI1MFlXbHVhVzVuVUhKbFptbDRaV1JWY213RmVVVnVjM1Z5WlZOamNtbHdkRVoxYm1Nb0ozTm9ZWEpwYm1jdWFuTW5MQ0FuUkdsemNHeGhlVk5vWVhKbFpGZHBkR2hFYVdGc2IyY25MQ0JtZFc1amRHbHZiaUFvS1NCN0lFUnBjM0JzWVhsVGFHRnlaV1JYYVhSb1JHbGhiRzluS0NkY2RUQXdNbVpCY0hCek1EQmNkVEF3TW1ZbktUc2dmU2tlR0VOc2FXVnVkRTl1UTJ4cFkydE9ZWFpwWjJGMFpWVnliR1JrQWdVUEZnSWVCMVpwYzJsaWJHVm9aQUlMRHhZQ0h3cG9aQUlTRDJRV0FtWVBEeFlHSGh4UWNtVjJhVzkxYzBGMWRHaHZjbWx1WjBsMFpXMVdaWEp6YVc5dVpSNGFVSEpsZG1sdmRYTkJkWFJvYjNKcGJtZEpkR1Z0VDNkdVpYSmxIaHhRY21WMmFXOTFjMEYxZEdodmNtbHVaME52Ym5SeWIyeE5iMlJsQ3ltSUFVMXBZM0p2YzI5bWRDNVRhR0Z5WlZCdmFXNTBMbGRsWWtOdmJuUnliMnh6TGxOUVEyOXVkSEp2YkUxdlpHVXNJRTFwWTNKdmMyOW1kQzVUYUdGeVpWQnZhVzUwTENCV1pYSnphVzl1UFRFMkxqQXVNQzR3TENCRGRXeDBkWEpsUFc1bGRYUnlZV3dzSUZCMVlteHBZMHRsZVZSdmEyVnVQVGN4WlRsaVkyVXhNVEZsT1RReU9XTUFaR1FDQkE4UEZnSWZCZ1VCTDJSa0FnTVBaQllDQWdFUFpCWUNBZ0VQWkJZR0FnRVBEeFlFSGdSZklWTkNBZ0llQ0VOemMwTnNZWE56QlJkdGN5MXdjbTl0YjNSbFpFRmpkR2x2YmtKMWRIUnZibVJrQWdNUFpCWUNaZzhQRmdRZkRnSUNIdzhGRjIxekxYQnliMjF2ZEdWa1FXTjBhVzl1UW5WMGRHOXVaR1FDQlE4UEZnWWZEd1VYYlhNdGNISnZiVzkwWldSQlkzUnBiMjVDZFhSMGIyNGZEZ0lDSHdwb1pHUUNEdzlrRmdJQ0FROWtGZ0lDQVE4OEt3QUZBUUFQRmdJZUZWQmhjbVZ1ZEV4bGRtVnNjMFJwYzNCc1lYbGxaR1prWkFJVEQyUVdBZ0lCRDJRV0JnSUhEMlFXQWdJRER3OFdBaDhLYUdSa0Fna1BaQllDQWdFUEZnSWZDbWhrQWcwUER4WUNId3BvWkJZQ0FnRVBaQllDWmc5a0ZnSUNBdzlrRmdJQ0JROWtGZ0lDQVE4OEt3QUpBUUFQRmdRZURWQmhkR2hUWlhCaGNtRjBiM0lFQ0I0TlRtVjJaWEpGZUhCaGJtUmxaR2RrWkJnQ0JTMWpkR3d3TUNSUWJHRmpaVWh2YkdSbGNreGxablJPWVhaQ1lYSWtWalJSZFdsamEweGhkVzVqYUUxbGJuVVBEMlFGR2t4cFluSmhjbWxsYzF4VGFHRnlaV1FnUkc5amRXMWxiblJ6WkFVWFkzUnNNREFrVkc5d1RtRjJhV2RoZEdsdmJrMWxiblVQRDJRRkZFaHZiV1ZjUVhCd2N5QW1JRkJ5YjJSMVkzUnpaRGJhemRoNlFOV2dUMVpVK1ptSkRJRkRTMDZyakhzODVFMEhZSGdUZWVDVSIgQ29ycmVsYXRpb25CaW5kaW5nPSJ7e0Zvcm1Qb3N0UGFyYW01MC5fX1ZJRVdTVEFURX19IiBVcmxFbmNvZGU9IlRydWUiIC8+DQogICAgICAgIDxGb3JtUG9zdFBhcmFtZXRlciBOYW1lPSJfX1ZJRVdTVEFURUdFTkVSQVRPUiIgVmFsdWU9IjA2RTJBRjE2IiBSZWNvcmRlZFZhbHVlPSIwNkUyQUYxNiIgQ29ycmVsYXRpb25CaW5kaW5nPSJ7e0Zvcm1Qb3N0UGFyYW01MS5fX1ZJRVdTVEFURUdFTkVSQVRPUn19IiBVcmxFbmNvZGU9IlRydWUiIC8+DQogICAgICAgIDxGb3JtUG9zdFBhcmFtZXRlciBOYW1lPSJfX1NDUk9MTFBPU0lUSU9OWCIgVmFsdWU9Int7Rm9ybVBvc3RQYXJhbTQ3Ll9fU0NST0xMUE9TSVRJT05YfX0iIFJlY29yZGVkVmFsdWU9IjAiIENvcnJlbGF0aW9uQmluZGluZz0ie3tGb3JtUG9zdFBhcmFtNDcuX19TQ1JPTExQT1NJVElPTlh9fSIgVXJsRW5jb2RlPSJUcnVlIiAvPg0KICAgICAgICA8Rm9ybVBvc3RQYXJhbWV0ZXIgTmFtZT0iX19TQ1JPTExQT1NJVElPTlkiIFZhbHVlPSJ7e0Zvcm1Qb3N0UGFyYW00OC5fX1NDUk9MTFBPU0lUSU9OWX19IiBSZWNvcmRlZFZhbHVlPSIwIiBDb3JyZWxhdGlvbkJpbmRpbmc9Int7Rm9ybVBvc3RQYXJhbTQ4Ll9fU0NST0xMUE9TSVRJT05ZfX0iIFVybEVuY29kZT0iVHJ1ZSIgLz4NCiAgICAgICAgPEZvcm1Qb3N0UGFyYW1ldGVyIE5hbWU9Il9fRVZFTlRWQUxJREFUSU9OIiBWYWx1ZT0ie3tGb3JtUG9zdFBhcmFtNTIuX19FVkVOVFZBTElEQVRJT059fSIgUmVjb3JkZWRWYWx1ZT0iL3dFZEFBUFArbG90bXlFSXJESDF4WVljWmJOc0xtWHlZd0ErT2ZGYUc1QTJsejhuQ0xVZ0ZMcG5LT2p2QkFVMnRYbndEMHhtdVg5djB4UnFLTWxiV3p0V3RXem5xZDhzUWg2MDFuUmN6VDk2OHVONnZRPT0iIENvcnJlbGF0aW9uQmluZGluZz0ie3tGb3JtUG9zdFBhcmFtNTIuX19FVkVOVFZBTElEQVRJT059fSIgVXJsRW5jb2RlPSJUcnVlIiAvPg0KICAgICAgICA8Rm9ybVBvc3RQYXJhbWV0ZXIgTmFtZT0iY3RsMDAkY3RsNDQkY3RsMDQiIFZhbHVlPSJSaWJib24uUmVhZCIgUmVjb3JkZWRWYWx1ZT0iUmliYm9uLlJlYWQiIENvcnJlbGF0aW9uQmluZGluZz0ie3tGb3JtUG9zdFBhcmFtNTMuY3RsMDAkY3RsNDQkY3RsMDR9fSIgVXJsRW5jb2RlPSJUcnVlIiAvPg0KICAgICAgPC9Gb3JtUG9zdEh0dHBCb2R5Pg0KICAgIDwvUmVxdWVzdD4NCiAgICA8UmVxdWVzdCBNZXRob2Q9IkdFVCIgR3VpZD0iY2RmYzc5NjktNTQ4ZS00NTkwLTk2Y2ItMGE0OWExOGU5ZTRhIiBWZXJzaW9uPSIxLjEiIFVybD0iaHR0cHM6Ly9zcC5jb3JkaXNzb2x1dGlvbnMuY29tL19sYXlvdXRzLzE1L2ZvbnRzL3NoZWxsaWNvbnMuZW90IiBUaGlua1RpbWU9IjEiIFRpbWVvdXQ9IjMwMCIgUGFyc2VEZXBlbmRlbnRSZXF1ZXN0cz0iVHJ1ZSIgRm9sbG93UmVkaXJlY3RzPSJUcnVlIiBSZWNvcmRSZXN1bHQ9IlRydWUiIENhY2hlPSJGYWxzZSIgUmVzcG9uc2VUaW1lR29hbD0iMCIgRW5jb2Rpbmc9InV0Zi04IiBFeHBlY3RlZEh0dHBTdGF0dXNDb2RlPSIwIiBFeHBlY3RlZFJlc3BvbnNlVXJsPSIiIFJlcG9ydGluZ05hbWU9IiIgSWdub3JlSHR0cFN0YXR1c0NvZGU9IkZhbHNlIj4NCiAgICAgIDxIZWFkZXJzPg0KICAgICAgICA8SGVhZGVyIE5hbWU9IlJlZmVyZXIiIFZhbHVlPSJodHRwczovL3NwLmNvcmRpc3NvbHV0aW9ucy5jb20vQXBwczAwL1NoYXJlZCUyMERvY3VtZW50cy9Gb3Jtcy9hbGwlMjBkb2N1bWVudHMuYXNweD9Jbml0aWFsVGFiSWQ9UmliYm9uLlJlYWQmYW1wO1Zpc2liaWxpdHlDb250ZXh0PVdTU1RhYlBlcnNpc3RlbmNlIiAvPg0KICAgICAgPC9IZWFkZXJzPg0KICAgICAgPFF1ZXJ5U3RyaW5nUGFyYW1ldGVycz4NCiAgICAgICAgPFF1ZXJ5U3RyaW5nUGFyYW1ldGVyIE5hbWU9IiIgVmFsdWU9IiIgUmVjb3JkZWRWYWx1ZT0iIiBDb3JyZWxhdGlvbkJpbmRpbmc9IiIgVXJsRW5jb2RlPSJGYWxzZSIgVXNlVG9Hcm91cFJlc3VsdHM9IkZhbHNlIiAvPg0KICAgICAgPC9RdWVyeVN0cmluZ1BhcmFtZXRlcnM+DQogICAgPC9SZXF1ZXN0Pg0KICAgIDxSZXF1ZXN0IE1ldGhvZD0iR0VUIiBHdWlkPSIzNzY2MDNmMy1lNmExLTRlMGMtOTc3Ny1iYjI2NDZhMDZjNmYiIFZlcnNpb249IjEuMSIgVXJsPSJodHRwczovL3NwLmNvcmRpc3NvbHV0aW9ucy5jb20vQXBwczAwL19hcGkvc2VhcmNoL3NlYXJjaGNlbnRlcnVybCIgVGhpbmtUaW1lPSIwIiBUaW1lb3V0PSIzMDAiIFBhcnNlRGVwZW5kZW50UmVxdWVzdHM9IlRydWUiIEZvbGxvd1JlZGlyZWN0cz0iVHJ1ZSIgUmVjb3JkUmVzdWx0PSJUcnVlIiBDYWNoZT0iRmFsc2UiIFJlc3BvbnNlVGltZUdvYWw9IjAiIEVuY29kaW5nPSJ1dGYtOCIgRXhwZWN0ZWRIdHRwU3RhdHVzQ29kZT0iMCIgRXhwZWN0ZWRSZXNwb25zZVVybD0iIiBSZXBvcnRpbmdOYW1lPSIiIElnbm9yZUh0dHBTdGF0dXNDb2RlPSJGYWxzZSI+DQogICAgICA8SGVhZGVycz4NCiAgICAgICAgPEhlYWRlciBOYW1lPSJBY2NlcHQiIFZhbHVlPSJhcHBsaWNhdGlvbi9qc29uO29kYXRhPXZlcmJvc2UiIC8+DQogICAgICAgIDxIZWFkZXIgTmFtZT0iUmVmZXJlciIgVmFsdWU9Imh0dHBzOi8vc3AuY29yZGlzc29sdXRpb25zLmNvbS9BcHBzMDAvU2hhcmVkJTIwRG9jdW1lbnRzL0Zvcm1zL2FsbCUyMGRvY3VtZW50cy5hc3B4P0luaXRpYWxUYWJJZD1SaWJib24uUmVhZCZhbXA7VmlzaWJpbGl0eUNvbnRleHQ9V1NTVGFiUGVyc2lzdGVuY2UiIC8+DQogICAgICA8L0hlYWRlcnM+DQogICAgPC9SZXF1ZXN0Pg0KICAgIDxSZXF1ZXN0IE1ldGhvZD0iR0VUIiBHdWlkPSIwZDg3ZjBjMi0wYTI2LTQ4MWQtOWIzOC1lN2U4ZmY0OGM5NmMiIFZlcnNpb249IjEuMSIgVXJsPSJodHRwczovL3NwLmNvcmRpc3NvbHV0aW9ucy5jb20vX2xheW91dHMvMTUvU2NyaXB0UmVzeC5hc2h4IiBUaGlua1RpbWU9IjAiIFRpbWVvdXQ9IjMwMCIgUGFyc2VEZXBlbmRlbnRSZXF1ZXN0cz0iVHJ1ZSIgRm9sbG93UmVkaXJlY3RzPSJUcnVlIiBSZWNvcmRSZXN1bHQ9IlRydWUiIENhY2hlPSJGYWxzZSIgUmVzcG9uc2VUaW1lR29hbD0iMCIgRW5jb2Rpbmc9InV0Zi04IiBFeHBlY3RlZEh0dHBTdGF0dXNDb2RlPSIwIiBFeHBlY3RlZFJlc3BvbnNlVXJsPSIiIFJlcG9ydGluZ05hbWU9IiIgSWdub3JlSHR0cFN0YXR1c0NvZGU9IkZhbHNlIj4NCiAgICAgIDxIZWFkZXJzPg0KICAgICAgICA8SGVhZGVyIE5hbWU9IlJlZmVyZXIiIFZhbHVlPSJodHRwczovL3NwLmNvcmRpc3NvbHV0aW9ucy5jb20vQXBwczAwL1NoYXJlZCUyMERvY3VtZW50cy9Gb3Jtcy9hbGwlMjBkb2N1bWVudHMuYXNweD9Jbml0aWFsVGFiSWQ9UmliYm9uLlJlYWQmYW1wO1Zpc2liaWxpdHlDb250ZXh0PVdTU1RhYlBlcnNpc3RlbmNlIiAvPg0KICAgICAgPC9IZWFkZXJzPg0KICAgICAgPFF1ZXJ5U3RyaW5nUGFyYW1ldGVycz4NCiAgICAgICAgPFF1ZXJ5U3RyaW5nUGFyYW1ldGVyIE5hbWU9ImN1bHR1cmUiIFZhbHVlPSJlbiUyRHVzIiBSZWNvcmRlZFZhbHVlPSJlbiUyRHVzIiBDb3JyZWxhdGlvbkJpbmRpbmc9IiIgVXJsRW5jb2RlPSJGYWxzZSIgVXNlVG9Hcm91cFJlc3VsdHM9IkZhbHNlIiAvPg0KICAgICAgICA8UXVlcnlTdHJpbmdQYXJhbWV0ZXIgTmFtZT0ibmFtZSIgVmFsdWU9IlNQJTJFVUklMkVQb2xpY3klMkVSZXNvdXJjZXMiIFJlY29yZGVkVmFsdWU9IlNQJTJFVUklMkVQb2xpY3klMkVSZXNvdXJjZXMiIENvcnJlbGF0aW9uQmluZGluZz0iIiBVcmxFbmNvZGU9IkZhbHNlIiBVc2VUb0dyb3VwUmVzdWx0cz0iRmFsc2UiIC8+DQogICAgICAgIDxRdWVyeVN0cmluZ1BhcmFtZXRlciBOYW1lPSJyZXYiIFZhbHVlPSJtMk52dG0xM0RSZ29kQ1ZpJTJCc1J1a3clM0QlM0QiIFJlY29yZGVkVmFsdWU9Im0yTnZ0bTEzRFJnb2RDVmklMkJzUnVrdyUzRCUzRCIgQ29ycmVsYXRpb25CaW5kaW5nPSIiIFVybEVuY29kZT0iRmFsc2UiIFVzZVRvR3JvdXBSZXN1bHRzPSJGYWxzZSIgLz4NCiAgICAgIDwvUXVlcnlTdHJpbmdQYXJhbWV0ZXJzPg0KICAgIDwvUmVxdWVzdD4NCiAgICA8UmVxdWVzdCBNZXRob2Q9IkdFVCIgR3VpZD0iODA5MzM2MDUtODJkNC00MjM3LTg4NGEtZDA2ZGM1YWZmNWM4IiBWZXJzaW9uPSIxLjEiIFVybD0iaHR0cHM6Ly9zcC5jb3JkaXNzb2x1dGlvbnMuY29tL19sYXlvdXRzLzE1L1NjcmlwdFJlc3guYXNoeCIgVGhpbmtUaW1lPSIwIiBUaW1lb3V0PSIzMDAiIFBhcnNlRGVwZW5kZW50UmVxdWVzdHM9IlRydWUiIEZvbGxvd1JlZGlyZWN0cz0iVHJ1ZSIgUmVjb3JkUmVzdWx0PSJUcnVlIiBDYWNoZT0iRmFsc2UiIFJlc3BvbnNlVGltZUdvYWw9IjAiIEVuY29kaW5nPSJ1dGYtOCIgRXhwZWN0ZWRIdHRwU3RhdHVzQ29kZT0iMCIgRXhwZWN0ZWRSZXNwb25zZVVybD0iIiBSZXBvcnRpbmdOYW1lPSIiIElnbm9yZUh0dHBTdGF0dXNDb2RlPSJGYWxzZSI+DQogICAgICA8SGVhZGVycz4NCiAgICAgICAgPEhlYWRlciBOYW1lPSJSZWZlcmVyIiBWYWx1ZT0iaHR0cHM6Ly9zcC5jb3JkaXNzb2x1dGlvbnMuY29tL0FwcHMwMC9TaGFyZWQlMjBEb2N1bWVudHMvRm9ybXMvYWxsJTIwZG9jdW1lbnRzLmFzcHg/SW5pdGlhbFRhYklkPVJpYmJvbi5SZWFkJmFtcDtWaXNpYmlsaXR5Q29udGV4dD1XU1NUYWJQZXJzaXN0ZW5jZSIgLz4NCiAgICAgIDwvSGVhZGVycz4NCiAgICAgIDxRdWVyeVN0cmluZ1BhcmFtZXRlcnM+DQogICAgICAgIDxRdWVyeVN0cmluZ1BhcmFtZXRlciBOYW1lPSJjdWx0dXJlIiBWYWx1ZT0iZW4lMkR1cyIgUmVjb3JkZWRWYWx1ZT0iZW4lMkR1cyIgQ29ycmVsYXRpb25CaW5kaW5nPSIiIFVybEVuY29kZT0iRmFsc2UiIFVzZVRvR3JvdXBSZXN1bHRzPSJGYWxzZSIgLz4NCiAgICAgICAgPFF1ZXJ5U3RyaW5nUGFyYW1ldGVyIE5hbWU9Im5hbWUiIFZhbHVlPSJTUCUyRVVJJTJFUG9saWN5JTJFUmVzb3VyY2VzIiBSZWNvcmRlZFZhbHVlPSJTUCUyRVVJJTJFUG9saWN5JTJFUmVzb3VyY2VzIiBDb3JyZWxhdGlvbkJpbmRpbmc9IiIgVXJsRW5jb2RlPSJGYWxzZSIgVXNlVG9Hcm91cFJlc3VsdHM9IkZhbHNlIiAvPg0KICAgICAgICA8UXVlcnlTdHJpbmdQYXJhbWV0ZXIgTmFtZT0icmV2IiBWYWx1ZT0ibTJOdnRtMTNEUmdvZENWaSUyQnNSdWt3JTNEJTNEIiBSZWNvcmRlZFZhbHVlPSJtMk52dG0xM0RSZ29kQ1ZpJTJCc1J1a3clM0QlM0QiIENvcnJlbGF0aW9uQmluZGluZz0iIiBVcmxFbmNvZGU9IkZhbHNlIiBVc2VUb0dyb3VwUmVzdWx0cz0iRmFsc2UiIC8+DQogICAgICA8L1F1ZXJ5U3RyaW5nUGFyYW1ldGVycz4NCiAgICA8L1JlcXVlc3Q+DQogICAgPFJlcXVlc3QgTWV0aG9kPSJQT1NUIiBHdWlkPSIyY2NhNWE1Ni03OTRkLTRhNmItYmU2Yi01YjllNjY3ZjM3NjkiIFZlcnNpb249IjEuMSIgVXJsPSJodHRwczovL3NwLmNvcmRpc3NvbHV0aW9ucy5jb20vQXBwczAwL19sYXlvdXRzLzE1L2lucGx2aWV3LmFzcHgiIFRoaW5rVGltZT0iMCIgVGltZW91dD0iMzAwIiBQYXJzZURlcGVuZGVudFJlcXVlc3RzPSJUcnVlIiBGb2xsb3dSZWRpcmVjdHM9IlRydWUiIFJlY29yZFJlc3VsdD0iVHJ1ZSIgQ2FjaGU9IkZhbHNlIiBSZXNwb25zZVRpbWVHb2FsPSIwIiBFbmNvZGluZz0idXRmLTgiIEV4cGVjdGVkSHR0cFN0YXR1c0NvZGU9IjAiIEV4cGVjdGVkUmVzcG9uc2VVcmw9IiIgUmVwb3J0aW5nTmFtZT0iIiBJZ25vcmVIdHRwU3RhdHVzQ29kZT0iRmFsc2UiPg0KICAgICAgPEhlYWRlcnM+DQogICAgICAgIDxIZWFkZXIgTmFtZT0iUmVmZXJlciIgVmFsdWU9Imh0dHBzOi8vc3AuY29yZGlzc29sdXRpb25zLmNvbS9BcHBzMDAvU2hhcmVkJTIwRG9jdW1lbnRzL0Zvcm1zL2FsbCUyMGRvY3VtZW50cy5hc3B4P0luaXRpYWxUYWJJZD1SaWJib24uUmVhZCZhbXA7VmlzaWJpbGl0eUNvbnRleHQ9V1NTVGFiUGVyc2lzdGVuY2UiIC8+DQogICAgICA8L0hlYWRlcnM+DQogICAgICA8UXVlcnlTdHJpbmdQYXJhbWV0ZXJzPg0KICAgICAgICA8UXVlcnlTdHJpbmdQYXJhbWV0ZXIgTmFtZT0iTGlzdCIgVmFsdWU9IiU3QkVEMjgxOTJBLTNCNjctNDNEOC1CQThBLURDQ0EzQUNFN0QwQiU3RCIgUmVjb3JkZWRWYWx1ZT0iJTdCRUQyODE5MkEtM0I2Ny00M0Q4LUJBOEEtRENDQTNBQ0U3RDBCJTdEIiBDb3JyZWxhdGlvbkJpbmRpbmc9IiIgVXJsRW5jb2RlPSJGYWxzZSIgVXNlVG9Hcm91cFJlc3VsdHM9IkZhbHNlIiAvPg0KICAgICAgICA8UXVlcnlTdHJpbmdQYXJhbWV0ZXIgTmFtZT0iVmlldyIgVmFsdWU9IiU3QjEyNjcxNUI3LUI1RjgtNEFEQi04QTNBLUE5NEQyMDhDMjBBNSU3RCIgUmVjb3JkZWRWYWx1ZT0iJTdCMTI2NzE1QjctQjVGOC00QURCLThBM0EtQTk0RDIwOEMyMEE1JTdEIiBDb3JyZWxhdGlvbkJpbmRpbmc9IiIgVXJsRW5jb2RlPSJGYWxzZSIgVXNlVG9Hcm91cFJlc3VsdHM9IkZhbHNlIiAvPg0KICAgICAgICA8UXVlcnlTdHJpbmdQYXJhbWV0ZXIgTmFtZT0iVmlld0NvdW50IiBWYWx1ZT0iMCIgUmVjb3JkZWRWYWx1ZT0iMCIgQ29ycmVsYXRpb25CaW5kaW5nPSIiIFVybEVuY29kZT0iRmFsc2UiIFVzZVRvR3JvdXBSZXN1bHRzPSJGYWxzZSIgLz4NCiAgICAgICAgPFF1ZXJ5U3RyaW5nUGFyYW1ldGVyIE5hbWU9IklzWHNsVmlldyIgVmFsdWU9IlRSVUUiIFJlY29yZGVkVmFsdWU9IlRSVUUiIENvcnJlbGF0aW9uQmluZGluZz0iIiBVcmxFbmNvZGU9IkZhbHNlIiBVc2VUb0dyb3VwUmVzdWx0cz0iRmFsc2UiIC8+DQogICAgICAgIDxRdWVyeVN0cmluZ1BhcmFtZXRlciBOYW1lPSJJc0NTUiIgVmFsdWU9IlRSVUUiIFJlY29yZGVkVmFsdWU9IlRSVUUiIENvcnJlbGF0aW9uQmluZGluZz0iIiBVcmxFbmNvZGU9IkZhbHNlIiBVc2VUb0dyb3VwUmVzdWx0cz0iRmFsc2UiIC8+DQogICAgICAgIDxRdWVyeVN0cmluZ1BhcmFtZXRlciBOYW1lPSJMaXN0Vmlld1BhZ2VVcmwiIFZhbHVlPSJodHRwcyUzQSUyRiUyRnNwLmNvcmRpc3NvbHV0aW9ucy5jb20lMkZBcHBzMDAlMkZTaGFyZWQlMjUyMERvY3VtZW50cyUyRkZvcm1zJTJGYWxsJTI1MjBkb2N1bWVudHMuYXNweCIgUmVjb3JkZWRWYWx1ZT0iaHR0cHMlM0ElMkYlMkZzcC5jb3JkaXNzb2x1dGlvbnMuY29tJTJGQXBwczAwJTJGU2hhcmVkJTI1MjBEb2N1bWVudHMlMkZGb3JtcyUyRmFsbCUyNTIwZG9jdW1lbnRzLmFzcHgiIENvcnJlbGF0aW9uQmluZGluZz0iIiBVcmxFbmNvZGU9IkZhbHNlIiBVc2VUb0dyb3VwUmVzdWx0cz0iRmFsc2UiIC8+DQogICAgICAgIDxRdWVyeVN0cmluZ1BhcmFtZXRlciBOYW1lPSJGaWx0ZXJGaWVsZDEiIFZhbHVlPSJBcHBsaWNhdGlvbiIgUmVjb3JkZWRWYWx1ZT0iQXBwbGljYXRpb24iIENvcnJlbGF0aW9uQmluZGluZz0iIiBVcmxFbmNvZGU9IkZhbHNlIiBVc2VUb0dyb3VwUmVzdWx0cz0iRmFsc2UiIC8+DQogICAgICAgIDxRdWVyeVN0cmluZ1BhcmFtZXRlciBOYW1lPSJGaWx0ZXJWYWx1ZTEiIFZhbHVlPSJteU1hdGVyaWFsIiBSZWNvcmRlZFZhbHVlPSJteU1hdGVyaWFsIiBDb3JyZWxhdGlvbkJpbmRpbmc9IiIgVXJsRW5jb2RlPSJGYWxzZSIgVXNlVG9Hcm91cFJlc3VsdHM9IkZhbHNlIiAvPg0KICAgICAgPC9RdWVyeVN0cmluZ1BhcmFtZXRlcnM+DQogICAgICA8Rm9ybVBvc3RIdHRwQm9keSAvPg0KICAgIDwvUmVxdWVzdD4NCiAgICA8UmVxdWVzdCBNZXRob2Q9IkdFVCIgR3VpZD0iNzc1NWZjNWEtYTJjNi00NmQ3LWFiNDktZWY0YjhkMmQzNmQzIiBWZXJzaW9uPSIxLjEiIFVybD0iaHR0cHM6Ly9zcC5jb3JkaXNzb2x1dGlvbnMuY29tL0FwcHMwMC9fYXBpL3NlYXJjaC9zZWFyY2hjZW50ZXJ1cmwiIFRoaW5rVGltZT0iMTIiIFRpbWVvdXQ9IjMwMCIgUGFyc2VEZXBlbmRlbnRSZXF1ZXN0cz0iVHJ1ZSIgRm9sbG93UmVkaXJlY3RzPSJUcnVlIiBSZWNvcmRSZXN1bHQ9IlRydWUiIENhY2hlPSJGYWxzZSIgUmVzcG9uc2VUaW1lR29hbD0iMCIgRW5jb2Rpbmc9InV0Zi04IiBFeHBlY3RlZEh0dHBTdGF0dXNDb2RlPSIwIiBFeHBlY3RlZFJlc3BvbnNlVXJsPSIiIFJlcG9ydGluZ05hbWU9IiIgSWdub3JlSHR0cFN0YXR1c0NvZGU9IkZhbHNlIj4NCiAgICAgIDxIZWFkZXJzPg0KICAgICAgICA8SGVhZGVyIE5hbWU9IkFjY2VwdCIgVmFsdWU9ImFwcGxpY2F0aW9uL2pzb247b2RhdGE9dmVyYm9zZSIgLz4NCiAgICAgICAgPEhlYWRlciBOYW1lPSJSZWZlcmVyIiBWYWx1ZT0iaHR0cHM6Ly9zcC5jb3JkaXNzb2x1dGlvbnMuY29tL0FwcHMwMC9TaGFyZWQlMjBEb2N1bWVudHMvRm9ybXMvYWxsJTIwZG9jdW1lbnRzLmFzcHg/SW5pdGlhbFRhYklkPVJpYmJvbi5SZWFkJmFtcDtWaXNpYmlsaXR5Q29udGV4dD1XU1NUYWJQZXJzaXN0ZW5jZSIgLz4NCiAgICAgIDwvSGVhZGVycz4NCiAgICA8L1JlcXVlc3Q+DQogICAgPFJlcXVlc3QgTWV0aG9kPSJHRVQiIEd1aWQ9IjdiYmY3NGQwLTk3NTctNGZiNC1hNzA4LTgzODA4NzBlNTc4YyIgVmVyc2lvbj0iMS4xIiBVcmw9Imh0dHBzOi8vc3AuY29yZGlzc29sdXRpb25zLmNvbS9BcHBzMDAvU2hhcmVkJTIwRG9jdW1lbnRzL0Zvcm1zL2RldGFpbCUyMGxpc3QlMjB3byUyMGZvbGRlcnMlMjAwMS5hc3B4IiBUaGlua1RpbWU9IjAiIFRpbWVvdXQ9IjMwMCIgUGFyc2VEZXBlbmRlbnRSZXF1ZXN0cz0iVHJ1ZSIgRm9sbG93UmVkaXJlY3RzPSJUcnVlIiBSZWNvcmRSZXN1bHQ9IlRydWUiIENhY2hlPSJGYWxzZSIgUmVzcG9uc2VUaW1lR29hbD0iMCIgRW5jb2Rpbmc9InV0Zi04IiBFeHBlY3RlZEh0dHBTdGF0dXNDb2RlPSIwIiBFeHBlY3RlZFJlc3BvbnNlVXJsPSIiIFJlcG9ydGluZ05hbWU9IiIgSWdub3JlSHR0cFN0YXR1c0NvZGU9IkZhbHNlIj4NCiAgICAgIDxEZXBlbmRlbnRSZXF1ZXN0cz4NCiAgICAgICAgPFJlcXVlc3QgTWV0aG9kPSJHRVQiIEd1aWQ9IjZkYzZlYzNmLWI1YjctNDE5My1hMTM2LWY3YWJjY2QyMzA5YSIgVmVyc2lvbj0iMS4xIiBVcmw9Imh0dHBzOi8vc3AuY29yZGlzc29sdXRpb25zLmNvbS9fbGF5b3V0cy8xNS9mb250cy9zaGVsbGljb25zLmVvdCIgVGhpbmtUaW1lPSIxIiBUaW1lb3V0PSIzMDAiIFBhcnNlRGVwZW5kZW50UmVxdWVzdHM9IlRydWUiIEZvbGxvd1JlZGlyZWN0cz0iVHJ1ZSIgUmVjb3JkUmVzdWx0PSJUcnVlIiBDYWNoZT0iRmFsc2UiIFJlc3BvbnNlVGltZUdvYWw9IjAiIEVuY29kaW5nPSJ1dGYtOCIgRXhwZWN0ZWRIdHRwU3RhdHVzQ29kZT0iMCIgRXhwZWN0ZWRSZXNwb25zZVVybD0iIiBSZXBvcnRpbmdOYW1lPSIiIElnbm9yZUh0dHBTdGF0dXNDb2RlPSJGYWxzZSI+DQogICAgICAgICAgPEhlYWRlcnM+DQogICAgICAgICAgICA8SGVhZGVyIE5hbWU9IlJlZmVyZXIiIFZhbHVlPSJodHRwczovL3NwLmNvcmRpc3NvbHV0aW9ucy5jb20vQXBwczAwL1NoYXJlZCUyMERvY3VtZW50cy9Gb3Jtcy9kZXRhaWwlMjBsaXN0JTIwd28lMjBmb2xkZXJzJTIwMDEuYXNweCIgLz4NCiAgICAgICAgICA8L0hlYWRlcnM+DQogICAgICAgICAgPFF1ZXJ5U3RyaW5nUGFyYW1ldGVycz4NCiAgICAgICAgICAgIDxRdWVyeVN0cmluZ1BhcmFtZXRlciBOYW1lPSIiIFZhbHVlPSIiIFJlY29yZGVkVmFsdWU9IiIgQ29ycmVsYXRpb25CaW5kaW5nPSIiIFVybEVuY29kZT0iRmFsc2UiIFVzZVRvR3JvdXBSZXN1bHRzPSJGYWxzZSIgLz4NCiAgICAgICAgICA8L1F1ZXJ5U3RyaW5nUGFyYW1ldGVycz4NCiAgICAgICAgPC9SZXF1ZXN0Pg0KICAgICAgICA8UmVxdWVzdCBNZXRob2Q9IkdFVCIgR3VpZD0iNzA3ODkyZTgtNzI1Yi00MjZmLTlhYjMtNGVlM2ZmODU4OTM5IiBWZXJzaW9uPSIxLjEiIFVybD0iaHR0cHM6Ly9zcC5jb3JkaXNzb2x1dGlvbnMuY29tL0FwcHMwMC9fYXBpL3NlYXJjaC9zZWFyY2hjZW50ZXJ1cmwiIFRoaW5rVGltZT0iMCIgVGltZW91dD0iMzAwIiBQYXJzZURlcGVuZGVudFJlcXVlc3RzPSJUcnVlIiBGb2xsb3dSZWRpcmVjdHM9IlRydWUiIFJlY29yZFJlc3VsdD0iVHJ1ZSIgQ2FjaGU9IkZhbHNlIiBSZXNwb25zZVRpbWVHb2FsPSIwIiBFbmNvZGluZz0idXRmLTgiIEV4cGVjdGVkSHR0cFN0YXR1c0NvZGU9IjAiIEV4cGVjdGVkUmVzcG9uc2VVcmw9IiIgUmVwb3J0aW5nTmFtZT0iIiBJZ25vcmVIdHRwU3RhdHVzQ29kZT0iRmFsc2UiPg0KICAgICAgICAgIDxIZWFkZXJzPg0KICAgICAgICAgICAgPEhlYWRlciBOYW1lPSJBY2NlcHQiIFZhbHVlPSJhcHBsaWNhdGlvbi9qc29uO29kYXRhPXZlcmJvc2UiIC8+DQogICAgICAgICAgICA8SGVhZGVyIE5hbWU9IlJlZmVyZXIiIFZhbHVlPSJodHRwczovL3NwLmNvcmRpc3NvbHV0aW9ucy5jb20vQXBwczAwL1NoYXJlZCUyMERvY3VtZW50cy9Gb3Jtcy9kZXRhaWwlMjBsaXN0JTIwd28lMjBmb2xkZXJzJTIwMDEuYXNweCIgLz4NCiAgICAgICAgICA8L0hlYWRlcnM+DQogICAgICAgIDwvUmVxdWVzdD4NCiAgICAgICAgPFJlcXVlc3QgTWV0aG9kPSJHRVQiIEd1aWQ9IjNjZjU2NTlhLWE1ZTgtNDNlNC1hNTEwLWI5Yjk1YjA2YTJmOCIgVmVyc2lvbj0iMS4xIiBVcmw9Imh0dHBzOi8vc3AuY29yZGlzc29sdXRpb25zLmNvbS9fbGF5b3V0cy8xNS9TY3JpcHRSZXN4LmFzaHgiIFRoaW5rVGltZT0iMCIgVGltZW91dD0iMzAwIiBQYXJzZURlcGVuZGVudFJlcXVlc3RzPSJUcnVlIiBGb2xsb3dSZWRpcmVjdHM9IlRydWUiIFJlY29yZFJlc3VsdD0iVHJ1ZSIgQ2FjaGU9IkZhbHNlIiBSZXNwb25zZVRpbWVHb2FsPSIwIiBFbmNvZGluZz0idXRmLTgiIEV4cGVjdGVkSHR0cFN0YXR1c0NvZGU9IjAiIEV4cGVjdGVkUmVzcG9uc2VVcmw9IiIgUmVwb3J0aW5nTmFtZT0iIiBJZ25vcmVIdHRwU3RhdHVzQ29kZT0iRmFsc2UiPg0KICAgICAgICAgIDxIZWFkZXJzPg0KICAgICAgICAgICAgPEhlYWRlciBOYW1lPSJSZWZlcmVyIiBWYWx1ZT0iaHR0cHM6Ly9zcC5jb3JkaXNzb2x1dGlvbnMuY29tL0FwcHMwMC9TaGFyZWQlMjBEb2N1bWVudHMvRm9ybXMvZGV0YWlsJTIwbGlzdCUyMHdvJTIwZm9sZGVycyUyMDAxLmFzcHgiIC8+DQogICAgICAgICAgPC9IZWFkZXJzPg0KICAgICAgICAgIDxRdWVyeVN0cmluZ1BhcmFtZXRlcnM+DQogICAgICAgICAgICA8UXVlcnlTdHJpbmdQYXJhbWV0ZXIgTmFtZT0iY3VsdHVyZSIgVmFsdWU9ImVuJTJEdXMiIFJlY29yZGVkVmFsdWU9ImVuJTJEdXMiIENvcnJlbGF0aW9uQmluZGluZz0iIiBVcmxFbmNvZGU9IkZhbHNlIiBVc2VUb0dyb3VwUmVzdWx0cz0iRmFsc2UiIC8+DQogICAgICAgICAgICA8UXVlcnlTdHJpbmdQYXJhbWV0ZXIgTmFtZT0ibmFtZSIgVmFsdWU9IlNQJTJFVUklMkVQb2xpY3klMkVSZXNvdXJjZXMiIFJlY29yZGVkVmFsdWU9IlNQJTJFVUklMkVQb2xpY3klMkVSZXNvdXJjZXMiIENvcnJlbGF0aW9uQmluZGluZz0iIiBVcmxFbmNvZGU9IkZhbHNlIiBVc2VUb0dyb3VwUmVzdWx0cz0iRmFsc2UiIC8+DQogICAgICAgICAgICA8UXVlcnlTdHJpbmdQYXJhbWV0ZXIgTmFtZT0icmV2IiBWYWx1ZT0ibTJOdnRtMTNEUmdvZENWaSUyQnNSdWt3JTNEJTNEIiBSZWNvcmRlZFZhbHVlPSJtMk52dG0xM0RSZ29kQ1ZpJTJCc1J1a3clM0QlM0QiIENvcnJlbGF0aW9uQmluZGluZz0iIiBVcmxFbmNvZGU9IkZhbHNlIiBVc2VUb0dyb3VwUmVzdWx0cz0iRmFsc2UiIC8+DQogICAgICAgICAgPC9RdWVyeVN0cmluZ1BhcmFtZXRlcnM+DQogICAgICAgIDwvUmVxdWVzdD4NCiAgICAgICAgPFJlcXVlc3QgTWV0aG9kPSJHRVQiIEd1aWQ9ImEyODY2NTYyLWQ5NDUtNDQwMi05MGM4LTk0ZjEyOGFhZWYzYyIgVmVyc2lvbj0iMS4xIiBVcmw9Imh0dHBzOi8vc3AuY29yZGlzc29sdXRpb25zLmNvbS9fbGF5b3V0cy8xNS9TY3JpcHRSZXN4LmFzaHgiIFRoaW5rVGltZT0iMyIgVGltZW91dD0iMzAwIiBQYXJzZURlcGVuZGVudFJlcXVlc3RzPSJUcnVlIiBGb2xsb3dSZWRpcmVjdHM9IlRydWUiIFJlY29yZFJlc3VsdD0iVHJ1ZSIgQ2FjaGU9IkZhbHNlIiBSZXNwb25zZVRpbWVHb2FsPSIwIiBFbmNvZGluZz0idXRmLTgiIEV4cGVjdGVkSHR0cFN0YXR1c0NvZGU9IjAiIEV4cGVjdGVkUmVzcG9uc2VVcmw9IiIgUmVwb3J0aW5nTmFtZT0iIiBJZ25vcmVIdHRwU3RhdHVzQ29kZT0iRmFsc2UiPg0KICAgICAgICAgIDxIZWFkZXJzPg0KICAgICAgICAgICAgPEhlYWRlciBOYW1lPSJSZWZlcmVyIiBWYWx1ZT0iaHR0cHM6Ly9zcC5jb3JkaXNzb2x1dGlvbnMuY29tL0FwcHMwMC9TaGFyZWQlMjBEb2N1bWVudHMvRm9ybXMvZGV0YWlsJTIwbGlzdCUyMHdvJTIwZm9sZGVycyUyMDAxLmFzcHgiIC8+DQogICAgICAgICAgPC9IZWFkZXJzPg0KICAgICAgICAgIDxRdWVyeVN0cmluZ1BhcmFtZXRlcnM+DQogICAgICAgICAgICA8UXVlcnlTdHJpbmdQYXJhbWV0ZXIgTmFtZT0iY3VsdHVyZSIgVmFsdWU9ImVuJTJEdXMiIFJlY29yZGVkVmFsdWU9ImVuJTJEdXMiIENvcnJlbGF0aW9uQmluZGluZz0iIiBVcmxFbmNvZGU9IkZhbHNlIiBVc2VUb0dyb3VwUmVzdWx0cz0iRmFsc2UiIC8+DQogICAgICAgICAgICA8UXVlcnlTdHJpbmdQYXJhbWV0ZXIgTmFtZT0ibmFtZSIgVmFsdWU9IlNQJTJFVUklMkVQb2xpY3klMkVSZXNvdXJjZXMiIFJlY29yZGVkVmFsdWU9IlNQJTJFVUklMkVQb2xpY3klMkVSZXNvdXJjZXMiIENvcnJlbGF0aW9uQmluZGluZz0iIiBVcmxFbmNvZGU9IkZhbHNlIiBVc2VUb0dyb3VwUmVzdWx0cz0iRmFsc2UiIC8+DQogICAgICAgICAgICA8UXVlcnlTdHJpbmdQYXJhbWV0ZXIgTmFtZT0icmV2IiBWYWx1ZT0ibTJOdnRtMTNEUmdvZENWaSUyQnNSdWt3JTNEJTNEIiBSZWNvcmRlZFZhbHVlPSJtMk52dG0xM0RSZ29kQ1ZpJTJCc1J1a3clM0QlM0QiIENvcnJlbGF0aW9uQmluZGluZz0iIiBVcmxFbmNvZGU9IkZhbHNlIiBVc2VUb0dyb3VwUmVzdWx0cz0iRmFsc2UiIC8+DQogICAgICAgICAgPC9RdWVyeVN0cmluZ1BhcmFtZXRlcnM+DQogICAgICAgIDwvUmVxdWVzdD4NCiAgICAgIDwvRGVwZW5kZW50UmVxdWVzdHM+DQogICAgICA8SGVhZGVycz4NCiAgICAgICAgPEhlYWRlciBOYW1lPSJSZWZlcmVyIiBWYWx1ZT0iaHR0cHM6Ly9zcC5jb3JkaXNzb2x1dGlvbnMuY29tL0FwcHMwMC9TaGFyZWQlMjBEb2N1bWVudHMvRm9ybXMvYWxsJTIwZG9jdW1lbnRzLmFzcHg/SW5pdGlhbFRhYklkPVJpYmJvbi5SZWFkJmFtcDtWaXNpYmlsaXR5Q29udGV4dD1XU1NUYWJQZXJzaXN0ZW5jZSIgLz4NCiAgICAgIDwvSGVhZGVycz4NCiAgICAgIDxFeHRyYWN0aW9uUnVsZXM+DQogICAgICAgIDxFeHRyYWN0aW9uUnVsZSBDbGFzc25hbWU9Ik1pY3Jvc29mdC5WaXN1YWxTdHVkaW8uVGVzdFRvb2xzLldlYlRlc3RpbmcuUnVsZXMuRXh0cmFjdEhpZGRlbkZpZWxkcywgTWljcm9zb2Z0LlZpc3VhbFN0dWRpby5RdWFsaXR5VG9vbHMuV2ViVGVzdEZyYW1ld29yaywgVmVyc2lvbj0xMC4wLjAuMCwgQ3VsdHVyZT1uZXV0cmFsLCBQdWJsaWNLZXlUb2tlbj1iMDNmNWY3ZjExZDUwYTNhIiBWYXJpYWJsZU5hbWU9IjEiIERpc3BsYXlOYW1lPSJFeHRyYWN0IEhpZGRlbiBGaWVsZHMiIERlc2NyaXB0aW9uPSJFeHRyYWN0IGFsbCBoaWRkZW4gZmllbGRzIGZyb20gdGhlIHJlc3BvbnNlIGFuZCBwbGFjZSB0aGVtIGludG8gdGhlIHRlc3QgY29udGV4dC4iPg0KICAgICAgICAgIDxSdWxlUGFyYW1ldGVycz4NCiAgICAgICAgICAgIDxSdWxlUGFyYW1ldGVyIE5hbWU9IlJlcXVpcmVkIiBWYWx1ZT0iVHJ1ZSIgLz4NCiAgICAgICAgICAgIDxSdWxlUGFyYW1ldGVyIE5hbWU9Ikh0bWxEZWNvZGUiIFZhbHVlPSJUcnVlIiAvPg0KICAgICAgICAgIDwvUnVsZVBhcmFtZXRlcnM+DQogICAgICAgIDwvRXh0cmFjdGlvblJ1bGU+DQogICAgICAgIDxFeHRyYWN0aW9uUnVsZSBDbGFzc25hbWU9Ik1pY3Jvc29mdC5WaXN1YWxTdHVkaW8uVGVzdFRvb2xzLldlYlRlc3RpbmcuUnVsZXMuRXh0cmFjdFRleHQsIE1pY3Jvc29mdC5WaXN1YWxTdHVkaW8uUXVhbGl0eVRvb2xzLldlYlRlc3RGcmFtZXdvcmssIFZlcnNpb249MTAuMC4wLjAsIEN1bHR1cmU9bmV1dHJhbCwgUHVibGljS2V5VG9rZW49YjAzZjVmN2YxMWQ1MGEzYSIgVmFyaWFibGVOYW1lPSJGb3JtUG9zdFBhcmFtNjAuX19SRVFVRVNURElHRVNUIiBEaXNwbGF5TmFtZT0iRXh0cmFjdCBUZXh0IiBEZXNjcmlwdGlvbj0iRXh0cmFjdCB0ZXh0IGZyb20gdGhlIHJlc3BvbnNlIGFuZCBwbGFjZSBpdCBpbnRvIHRoZSB0ZXN0IGNvbnRleHQuIj4NCiAgICAgICAgICA8UnVsZVBhcmFtZXRlcnM+DQogICAgICAgICAgICA8UnVsZVBhcmFtZXRlciBOYW1lPSJTdGFydHNXaXRoIiBWYWx1ZT0ibHVlPSZxdW90OyIgLz4NCiAgICAgICAgICAgIDxSdWxlUGFyYW1ldGVyIE5hbWU9IkVuZHNXaXRoIiBWYWx1ZT0iJnF1b3Q7IC8mZ3Q7JiN4RDsiIC8+DQogICAgICAgICAgICA8UnVsZVBhcmFtZXRlciBOYW1lPSJJbmRleCIgVmFsdWU9IjExIiAvPg0KICAgICAgICAgICAgPFJ1bGVQYXJhbWV0ZXIgTmFtZT0iSWdub3JlQ2FzZSIgVmFsdWU9IkZhbHNlIiAvPg0KICAgICAgICAgICAgPFJ1bGVQYXJhbWV0ZXIgTmFtZT0iVXNlUmVndWxhckV4cHJlc3Npb24iIFZhbHVlPSJGYWxzZSIgLz4NCiAgICAgICAgICAgIDxSdWxlUGFyYW1ldGVyIE5hbWU9Ikh0bWxEZWNvZGUiIFZhbHVlPSJUcnVlIiAvPg0KICAgICAgICAgICAgPFJ1bGVQYXJhbWV0ZXIgTmFtZT0iUmVxdWlyZWQiIFZhbHVlPSJGYWxzZSIgLz4NCiAgICAgICAgICA8L1J1bGVQYXJhbWV0ZXJzPg0KICAgICAgICA8L0V4dHJhY3Rpb25SdWxlPg0KICAgICAgICA8RXh0cmFjdGlvblJ1bGUgQ2xhc3NuYW1lPSJNaWNyb3NvZnQuVmlzdWFsU3R1ZGlvLlRlc3RUb29scy5XZWJUZXN0aW5nLlJ1bGVzLkV4dHJhY3RUZXh0LCBNaWNyb3NvZnQuVmlzdWFsU3R1ZGlvLlF1YWxpdHlUb29scy5XZWJUZXN0RnJhbWV3b3JrLCBWZXJzaW9uPTEwLjAuMC4wLCBDdWx0dXJlPW5ldXRyYWwsIFB1YmxpY0tleVRva2VuPWIwM2Y1ZjdmMTFkNTBhM2EiIFZhcmlhYmxlTmFtZT0iRm9ybVBvc3RQYXJhbTY3Ll9fVklFV1NUQVRFIiBEaXNwbGF5TmFtZT0iRXh0cmFjdCBUZXh0IiBEZXNjcmlwdGlvbj0iRXh0cmFjdCB0ZXh0IGZyb20gdGhlIHJlc3BvbnNlIGFuZCBwbGFjZSBpdCBpbnRvIHRoZSB0ZXN0IGNvbnRleHQuIj4NCiAgICAgICAgICA8UnVsZVBhcmFtZXRlcnM+DQogICAgICAgICAgICA8UnVsZVBhcmFtZXRlciBOYW1lPSJTdGFydHNXaXRoIiBWYWx1ZT0ibHVlPSZxdW90OyIgLz4NCiAgICAgICAgICAgIDxSdWxlUGFyYW1ldGVyIE5hbWU9IkVuZHNXaXRoIiBWYWx1ZT0iJnF1b3Q7IC8mZ3Q7JiN4RDsiIC8+DQogICAgICAgICAgICA8UnVsZVBhcmFtZXRlciBOYW1lPSJJbmRleCIgVmFsdWU9IjIzIiAvPg0KICAgICAgICAgICAgPFJ1bGVQYXJhbWV0ZXIgTmFtZT0iSWdub3JlQ2FzZSIgVmFsdWU9IkZhbHNlIiAvPg0KICAgICAgICAgICAgPFJ1bGVQYXJhbWV0ZXIgTmFtZT0iVXNlUmVndWxhckV4cHJlc3Npb24iIFZhbHVlPSJGYWxzZSIgLz4NCiAgICAgICAgICAgIDxSdWxlUGFyYW1ldGVyIE5hbWU9Ikh0bWxEZWNvZGUiIFZhbHVlPSJUcnVlIiAvPg0KICAgICAgICAgICAgPFJ1bGVQYXJhbWV0ZXIgTmFtZT0iUmVxdWlyZWQiIFZhbHVlPSJGYWxzZSIgLz4NCiAgICAgICAgICA8L1J1bGVQYXJhbWV0ZXJzPg0KICAgICAgICA8L0V4dHJhY3Rpb25SdWxlPg0KICAgICAgICA8RXh0cmFjdGlvblJ1bGUgQ2xhc3NuYW1lPSJNaWNyb3NvZnQuVmlzdWFsU3R1ZGlvLlRlc3RUb29scy5XZWJUZXN0aW5nLlJ1bGVzLkV4dHJhY3RUZXh0LCBNaWNyb3NvZnQuVmlzdWFsU3R1ZGlvLlF1YWxpdHlUb29scy5XZWJUZXN0RnJhbWV3b3JrLCBWZXJzaW9uPTEwLjAuMC4wLCBDdWx0dXJlPW5ldXRyYWwsIFB1YmxpY0tleVRva2VuPWIwM2Y1ZjdmMTFkNTBhM2EiIFZhcmlhYmxlTmFtZT0iRm9ybVBvc3RQYXJhbTY5Ll9fRVZFTlRWQUxJREFUSU9OIiBEaXNwbGF5TmFtZT0iRXh0cmFjdCBUZXh0IiBEZXNjcmlwdGlvbj0iRXh0cmFjdCB0ZXh0IGZyb20gdGhlIHJlc3BvbnNlIGFuZCBwbGFjZSBpdCBpbnRvIHRoZSB0ZXN0IGNvbnRleHQuIj4NCiAgICAgICAgICA8UnVsZVBhcmFtZXRlcnM+DQogICAgICAgICAgICA8UnVsZVBhcmFtZXRlciBOYW1lPSJTdGFydHNXaXRoIiBWYWx1ZT0ibHVlPSZxdW90OyIgLz4NCiAgICAgICAgICAgIDxSdWxlUGFyYW1ldGVyIE5hbWU9IkVuZHNXaXRoIiBWYWx1ZT0iJnF1b3Q7IC8mZ3Q7JiN4RDsiIC8+DQogICAgICAgICAgICA8UnVsZVBhcmFtZXRlciBOYW1lPSJJbmRleCIgVmFsdWU9IjI3IiAvPg0KICAgICAgICAgICAgPFJ1bGVQYXJhbWV0ZXIgTmFtZT0iSWdub3JlQ2FzZSIgVmFsdWU9IkZhbHNlIiAvPg0KICAgICAgICAgICAgPFJ1bGVQYXJhbWV0ZXIgTmFtZT0iVXNlUmVndWxhckV4cHJlc3Npb24iIFZhbHVlPSJGYWxzZSIgLz4NCiAgICAgICAgICAgIDxSdWxlUGFyYW1ldGVyIE5hbWU9Ikh0bWxEZWNvZGUiIFZhbHVlPSJUcnVlIiAvPg0KICAgICAgICAgICAgPFJ1bGVQYXJhbWV0ZXIgTmFtZT0iUmVxdWlyZWQiIFZhbHVlPSJGYWxzZSIgLz4NCiAgICAgICAgICA8L1J1bGVQYXJhbWV0ZXJzPg0KICAgICAgICA8L0V4dHJhY3Rpb25SdWxlPg0KICAgICAgPC9FeHRyYWN0aW9uUnVsZXM+DQogICAgICA8Q29ycmVsYXRpb25FeHRyYWN0aW9uUnVsZXM+DQogICAgICAgIDxFeHRyYWN0aW9uUnVsZSBDbGFzc25hbWU9Ik1pY3Jvc29mdC5WaXN1YWxTdHVkaW8uVGVzdFRvb2xzLldlYlRlc3RpbmcuUnVsZXMuRXh0cmFjdFRleHQsIE1pY3Jvc29mdC5WaXN1YWxTdHVkaW8uUXVhbGl0eVRvb2xzLldlYlRlc3RGcmFtZXdvcmssIFZlcnNpb249MTAuMC4wLjAsIEN1bHR1cmU9bmV1dHJhbCwgUHVibGljS2V5VG9rZW49YjAzZjVmN2YxMWQ1MGEzYSIgVmFyaWFibGVOYW1lPSJGb3JtUG9zdFBhcmFtNTkuTVNPVGxQbl9TaG93U2V0dGluZ3MiIERpc3BsYXlOYW1lPSIiIERlc2NyaXB0aW9uPSIiPg0KICAgICAgICAgIDxSdWxlUGFyYW1ldGVycz4NCiAgICAgICAgICAgIDxSdWxlUGFyYW1ldGVyIE5hbWU9IlN0YXJ0c1dpdGgiIFZhbHVlPSJsdWU9JnF1b3Q7IiAvPg0KICAgICAgICAgICAgPFJ1bGVQYXJhbWV0ZXIgTmFtZT0iRW5kc1dpdGgiIFZhbHVlPSImcXVvdDsgLyZndDsmI3hEOyIgLz4NCiAgICAgICAgICAgIDxSdWxlUGFyYW1ldGVyIE5hbWU9IkluZGV4IiBWYWx1ZT0iNSIgLz4NCiAgICAgICAgICAgIDxSdWxlUGFyYW1ldGVyIE5hbWU9Iklnbm9yZUNhc2UiIFZhbHVlPSJGYWxzZSIgLz4NCiAgICAgICAgICAgIDxSdWxlUGFyYW1ldGVyIE5hbWU9IlVzZVJlZ3VsYXJFeHByZXNzaW9uIiBWYWx1ZT0iRmFsc2UiIC8+DQogICAgICAgICAgICA8UnVsZVBhcmFtZXRlciBOYW1lPSJIdG1sRGVjb2RlIiBWYWx1ZT0iVHJ1ZSIgLz4NCiAgICAgICAgICAgIDxSdWxlUGFyYW1ldGVyIE5hbWU9IlJlcXVpcmVkIiBWYWx1ZT0iRmFsc2UiIC8+DQogICAgICAgICAgPC9SdWxlUGFyYW1ldGVycz4NCiAgICAgICAgPC9FeHRyYWN0aW9uUnVsZT4NCiAgICAgICAgPEV4dHJhY3Rpb25SdWxlIENsYXNzbmFtZT0iTWljcm9zb2Z0LlZpc3VhbFN0dWRpby5UZXN0VG9vbHMuV2ViVGVzdGluZy5SdWxlcy5FeHRyYWN0VGV4dCwgTWljcm9zb2Z0LlZpc3VhbFN0dWRpby5RdWFsaXR5VG9vbHMuV2ViVGVzdEZyYW1ld29yaywgVmVyc2lvbj0xMC4wLjAuMCwgQ3VsdHVyZT1uZXV0cmFsLCBQdWJsaWNLZXlUb2tlbj1iMDNmNWY3ZjExZDUwYTNhIiBWYXJpYWJsZU5hbWU9IkZvcm1Qb3N0UGFyYW02MS5NU09TUFdlYlBhcnRNYW5hZ2VyX0Rpc3BsYXlNb2RlTmFtZSIgRGlzcGxheU5hbWU9IiIgRGVzY3JpcHRpb249IiI+DQogICAgICAgICAgPFJ1bGVQYXJhbWV0ZXJzPg0KICAgICAgICAgICAgPFJ1bGVQYXJhbWV0ZXIgTmFtZT0iU3RhcnRzV2l0aCIgVmFsdWU9Imx1ZT0mcXVvdDsiIC8+DQogICAgICAgICAgICA8UnVsZVBhcmFtZXRlciBOYW1lPSJFbmRzV2l0aCIgVmFsdWU9IiZxdW90OyAvJmd0OyYjeEQ7IiAvPg0KICAgICAgICAgICAgPFJ1bGVQYXJhbWV0ZXIgTmFtZT0iSW5kZXgiIFZhbHVlPSIxMiIgLz4NCiAgICAgICAgICAgIDxSdWxlUGFyYW1ldGVyIE5hbWU9Iklnbm9yZUNhc2UiIFZhbHVlPSJGYWxzZSIgLz4NCiAgICAgICAgICAgIDxSdWxlUGFyYW1ldGVyIE5hbWU9IlVzZVJlZ3VsYXJFeHByZXNzaW9uIiBWYWx1ZT0iRmFsc2UiIC8+DQogICAgICAgICAgICA8UnVsZVBhcmFtZXRlciBOYW1lPSJIdG1sRGVjb2RlIiBWYWx1ZT0iVHJ1ZSIgLz4NCiAgICAgICAgICAgIDxSdWxlUGFyYW1ldGVyIE5hbWU9IlJlcXVpcmVkIiBWYWx1ZT0iRmFsc2UiIC8+DQogICAgICAgICAgPC9SdWxlUGFyYW1ldGVycz4NCiAgICAgICAgPC9FeHRyYWN0aW9uUnVsZT4NCiAgICAgICAgPEV4dHJhY3Rpb25SdWxlIENsYXNzbmFtZT0iTWljcm9zb2Z0LlZpc3VhbFN0dWRpby5UZXN0VG9vbHMuV2ViVGVzdGluZy5SdWxlcy5FeHRyYWN0VGV4dCwgTWljcm9zb2Z0LlZpc3VhbFN0dWRpby5RdWFsaXR5VG9vbHMuV2ViVGVzdEZyYW1ld29yaywgVmVyc2lvbj0xMC4wLjAuMCwgQ3VsdHVyZT1uZXV0cmFsLCBQdWJsaWNLZXlUb2tlbj1iMDNmNWY3ZjExZDUwYTNhIiBWYXJpYWJsZU5hbWU9IkZvcm1Qb3N0UGFyYW02Mi5NU09TUFdlYlBhcnRNYW5hZ2VyX0V4aXRpbmdEZXNpZ25Nb2RlIiBEaXNwbGF5TmFtZT0iIiBEZXNjcmlwdGlvbj0iIj4NCiAgICAgICAgICA8UnVsZVBhcmFtZXRlcnM+DQogICAgICAgICAgICA8UnVsZVBhcmFtZXRlciBOYW1lPSJTdGFydHNXaXRoIiBWYWx1ZT0ibHVlPSZxdW90OyIgLz4NCiAgICAgICAgICAgIDxSdWxlUGFyYW1ldGVyIE5hbWU9IkVuZHNXaXRoIiBWYWx1ZT0iJnF1b3Q7IC8mZ3Q7JiN4RDsiIC8+DQogICAgICAgICAgICA8UnVsZVBhcmFtZXRlciBOYW1lPSJJbmRleCIgVmFsdWU9IjEzIiAvPg0KICAgICAgICAgICAgPFJ1bGVQYXJhbWV0ZXIgTmFtZT0iSWdub3JlQ2FzZSIgVmFsdWU9IkZhbHNlIiAvPg0KICAgICAgICAgICAgPFJ1bGVQYXJhbWV0ZXIgTmFtZT0iVXNlUmVndWxhckV4cHJlc3Npb24iIFZhbHVlPSJGYWxzZSIgLz4NCiAgICAgICAgICAgIDxSdWxlUGFyYW1ldGVyIE5hbWU9Ikh0bWxEZWNvZGUiIFZhbHVlPSJUcnVlIiAvPg0KICAgICAgICAgICAgPFJ1bGVQYXJhbWV0ZXIgTmFtZT0iUmVxdWlyZWQiIFZhbHVlPSJGYWxzZSIgLz4NCiAgICAgICAgICA8L1J1bGVQYXJhbWV0ZXJzPg0KICAgICAgICA8L0V4dHJhY3Rpb25SdWxlPg0KICAgICAgICA8RXh0cmFjdGlvblJ1bGUgQ2xhc3NuYW1lPSJNaWNyb3NvZnQuVmlzdWFsU3R1ZGlvLlRlc3RUb29scy5XZWJUZXN0aW5nLlJ1bGVzLkV4dHJhY3RUZXh0LCBNaWNyb3NvZnQuVmlzdWFsU3R1ZGlvLlF1YWxpdHlUb29scy5XZWJUZXN0RnJhbWV3b3JrLCBWZXJzaW9uPTEwLjAuMC4wLCBDdWx0dXJlPW5ldXRyYWwsIFB1YmxpY0tleVRva2VuPWIwM2Y1ZjdmMTFkNTBhM2EiIFZhcmlhYmxlTmFtZT0iRm9ybVBvc3RQYXJhbTYzLl93cFNlbGVjdGVkIiBEaXNwbGF5TmFtZT0iIiBEZXNjcmlwdGlvbj0iIj4NCiAgICAgICAgICA8UnVsZVBhcmFtZXRlcnM+DQogICAgICAgICAgICA8UnVsZVBhcmFtZXRlciBOYW1lPSJTdGFydHNXaXRoIiBWYWx1ZT0ibHVlPSZxdW90OyIgLz4NCiAgICAgICAgICAgIDxSdWxlUGFyYW1ldGVyIE5hbWU9IkVuZHNXaXRoIiBWYWx1ZT0iJnF1b3Q7IC8mZ3Q7JiN4RDsiIC8+DQogICAgICAgICAgICA8UnVsZVBhcmFtZXRlciBOYW1lPSJJbmRleCIgVmFsdWU9IjE3IiAvPg0KICAgICAgICAgICAgPFJ1bGVQYXJhbWV0ZXIgTmFtZT0iSWdub3JlQ2FzZSIgVmFsdWU9IkZhbHNlIiAvPg0KICAgICAgICAgICAgPFJ1bGVQYXJhbWV0ZXIgTmFtZT0iVXNlUmVndWxhckV4cHJlc3Npb24iIFZhbHVlPSJGYWxzZSIgLz4NCiAgICAgICAgICAgIDxSdWxlUGFyYW1ldGVyIE5hbWU9Ikh0bWxEZWNvZGUiIFZhbHVlPSJUcnVlIiAvPg0KICAgICAgICAgICAgPFJ1bGVQYXJhbWV0ZXIgTmFtZT0iUmVxdWlyZWQiIFZhbHVlPSJGYWxzZSIgLz4NCiAgICAgICAgICA8L1J1bGVQYXJhbWV0ZXJzPg0KICAgICAgICA8L0V4dHJhY3Rpb25SdWxlPg0KICAgICAgICA8RXh0cmFjdGlvblJ1bGUgQ2xhc3NuYW1lPSJNaWNyb3NvZnQuVmlzdWFsU3R1ZGlvLlRlc3RUb29scy5XZWJUZXN0aW5nLlJ1bGVzLkV4dHJhY3RUZXh0LCBNaWNyb3NvZnQuVmlzdWFsU3R1ZGlvLlF1YWxpdHlUb29scy5XZWJUZXN0RnJhbWV3b3JrLCBWZXJzaW9uPTEwLjAuMC4wLCBDdWx0dXJlPW5ldXRyYWwsIFB1YmxpY0tleVRva2VuPWIwM2Y1ZjdmMTFkNTBhM2EiIFZhcmlhYmxlTmFtZT0iRm9ybVBvc3RQYXJhbTY0Lk1TT1NQV2ViUGFydE1hbmFnZXJfT2xkRGlzcGxheU1vZGVOYW1lIiBEaXNwbGF5TmFtZT0iIiBEZXNjcmlwdGlvbj0iIj4NCiAgICAgICAgICA8UnVsZVBhcmFtZXRlcnM+DQogICAgICAgICAgICA8UnVsZVBhcmFtZXRlciBOYW1lPSJTdGFydHNXaXRoIiBWYWx1ZT0ibHVlPSZxdW90OyIgLz4NCiAgICAgICAgICAgIDxSdWxlUGFyYW1ldGVyIE5hbWU9IkVuZHNXaXRoIiBWYWx1ZT0iJnF1b3Q7IC8mZ3Q7JiN4RDsiIC8+DQogICAgICAgICAgICA8UnVsZVBhcmFtZXRlciBOYW1lPSJJbmRleCIgVmFsdWU9IjEyIiAvPg0KICAgICAgICAgICAgPFJ1bGVQYXJhbWV0ZXIgTmFtZT0iSWdub3JlQ2FzZSIgVmFsdWU9IkZhbHNlIiAvPg0KICAgICAgICAgICAgPFJ1bGVQYXJhbWV0ZXIgTmFtZT0iVXNlUmVndWxhckV4cHJlc3Npb24iIFZhbHVlPSJGYWxzZSIgLz4NCiAgICAgICAgICAgIDxSdWxlUGFyYW1ldGVyIE5hbWU9Ikh0bWxEZWNvZGUiIFZhbHVlPSJUcnVlIiAvPg0KICAgICAgICAgICAgPFJ1bGVQYXJhbWV0ZXIgTmFtZT0iUmVxdWlyZWQiIFZhbHVlPSJGYWxzZSIgLz4NCiAgICAgICAgICA8L1J1bGVQYXJhbWV0ZXJzPg0KICAgICAgICA8L0V4dHJhY3Rpb25SdWxlPg0KICAgICAgICA8RXh0cmFjdGlvblJ1bGUgQ2xhc3NuYW1lPSJNaWNyb3NvZnQuVmlzdWFsU3R1ZGlvLlRlc3RUb29scy5XZWJUZXN0aW5nLlJ1bGVzLkV4dHJhY3RUZXh0LCBNaWNyb3NvZnQuVmlzdWFsU3R1ZGlvLlF1YWxpdHlUb29scy5XZWJUZXN0RnJhbWV3b3JrLCBWZXJzaW9uPTEwLjAuMC4wLCBDdWx0dXJlPW5ldXRyYWwsIFB1YmxpY0tleVRva2VuPWIwM2Y1ZjdmMTFkNTBhM2EiIFZhcmlhYmxlTmFtZT0iRm9ybVBvc3RQYXJhbTY1Lk1TT1NQV2ViUGFydE1hbmFnZXJfU3RhcnRXZWJQYXJ0RWRpdGluZ05hbWUiIERpc3BsYXlOYW1lPSIiIERlc2NyaXB0aW9uPSIiPg0KICAgICAgICAgIDxSdWxlUGFyYW1ldGVycz4NCiAgICAgICAgICAgIDxSdWxlUGFyYW1ldGVyIE5hbWU9IlN0YXJ0c1dpdGgiIFZhbHVlPSJsdWU9JnF1b3Q7IiAvPg0KICAgICAgICAgICAgPFJ1bGVQYXJhbWV0ZXIgTmFtZT0iRW5kc1dpdGgiIFZhbHVlPSImcXVvdDsgLyZndDsmI3hEOyIgLz4NCiAgICAgICAgICAgIDxSdWxlUGFyYW1ldGVyIE5hbWU9IkluZGV4IiBWYWx1ZT0iMTMiIC8+DQogICAgICAgICAgICA8UnVsZVBhcmFtZXRlciBOYW1lPSJJZ25vcmVDYXNlIiBWYWx1ZT0iRmFsc2UiIC8+DQogICAgICAgICAgICA8UnVsZVBhcmFtZXRlciBOYW1lPSJVc2VSZWd1bGFyRXhwcmVzc2lvbiIgVmFsdWU9IkZhbHNlIiAvPg0KICAgICAgICAgICAgPFJ1bGVQYXJhbWV0ZXIgTmFtZT0iSHRtbERlY29kZSIgVmFsdWU9IlRydWUiIC8+DQogICAgICAgICAgICA8UnVsZVBhcmFtZXRlciBOYW1lPSJSZXF1aXJlZCIgVmFsdWU9IkZhbHNlIiAvPg0KICAgICAgICAgIDwvUnVsZVBhcmFtZXRlcnM+DQogICAgICAgIDwvRXh0cmFjdGlvblJ1bGU+DQogICAgICAgIDxFeHRyYWN0aW9uUnVsZSBDbGFzc25hbWU9Ik1pY3Jvc29mdC5WaXN1YWxTdHVkaW8uVGVzdFRvb2xzLldlYlRlc3RpbmcuUnVsZXMuRXh0cmFjdFRleHQsIE1pY3Jvc29mdC5WaXN1YWxTdHVkaW8uUXVhbGl0eVRvb2xzLldlYlRlc3RGcmFtZXdvcmssIFZlcnNpb249MTAuMC4wLjAsIEN1bHR1cmU9bmV1dHJhbCwgUHVibGljS2V5VG9rZW49YjAzZjVmN2YxMWQ1MGEzYSIgVmFyaWFibGVOYW1lPSJGb3JtUG9zdFBhcmFtNjYuTVNPU1BXZWJQYXJ0TWFuYWdlcl9FbmRXZWJQYXJ0RWRpdGluZyIgRGlzcGxheU5hbWU9IiIgRGVzY3JpcHRpb249IiI+DQogICAgICAgICAgPFJ1bGVQYXJhbWV0ZXJzPg0KICAgICAgICAgICAgPFJ1bGVQYXJhbWV0ZXIgTmFtZT0iU3RhcnRzV2l0aCIgVmFsdWU9Imx1ZT0mcXVvdDsiIC8+DQogICAgICAgICAgICA8UnVsZVBhcmFtZXRlciBOYW1lPSJFbmRzV2l0aCIgVmFsdWU9IiZxdW90OyAvJmd0OyYjeEQ7IiAvPg0KICAgICAgICAgICAgPFJ1bGVQYXJhbWV0ZXIgTmFtZT0iSW5kZXgiIFZhbHVlPSIxMyIgLz4NCiAgICAgICAgICAgIDxSdWxlUGFyYW1ldGVyIE5hbWU9Iklnbm9yZUNhc2UiIFZhbHVlPSJGYWxzZSIgLz4NCiAgICAgICAgICAgIDxSdWxlUGFyYW1ldGVyIE5hbWU9IlVzZVJlZ3VsYXJFeHByZXNzaW9uIiBWYWx1ZT0iRmFsc2UiIC8+DQogICAgICAgICAgICA8UnVsZVBhcmFtZXRlciBOYW1lPSJIdG1sRGVjb2RlIiBWYWx1ZT0iVHJ1ZSIgLz4NCiAgICAgICAgICAgIDxSdWxlUGFyYW1ldGVyIE5hbWU9IlJlcXVpcmVkIiBWYWx1ZT0iRmFsc2UiIC8+DQogICAgICAgICAgPC9SdWxlUGFyYW1ldGVycz4NCiAgICAgICAgPC9FeHRyYWN0aW9uUnVsZT4NCiAgICAgICAgPEV4dHJhY3Rpb25SdWxlIENsYXNzbmFtZT0iTWljcm9zb2Z0LlZpc3VhbFN0dWRpby5UZXN0VG9vbHMuV2ViVGVzdGluZy5SdWxlcy5FeHRyYWN0VGV4dCwgTWljcm9zb2Z0LlZpc3VhbFN0dWRpby5RdWFsaXR5VG9vbHMuV2ViVGVzdEZyYW1ld29yaywgVmVyc2lvbj0xMC4wLjAuMCwgQ3VsdHVyZT1uZXV0cmFsLCBQdWJsaWNLZXlUb2tlbj1iMDNmNWY3ZjExZDUwYTNhIiBWYXJpYWJsZU5hbWU9IkZvcm1Qb3N0UGFyYW02OC5fX1ZJRVdTVEFURUdFTkVSQVRPUiIgRGlzcGxheU5hbWU9IiIgRGVzY3JpcHRpb249IiI+DQogICAgICAgICAgPFJ1bGVQYXJhbWV0ZXJzPg0KICAgICAgICAgICAgPFJ1bGVQYXJhbWV0ZXIgTmFtZT0iU3RhcnRzV2l0aCIgVmFsdWU9Imx1ZT0mcXVvdDsiIC8+DQogICAgICAgICAgICA8UnVsZVBhcmFtZXRlciBOYW1lPSJFbmRzV2l0aCIgVmFsdWU9IiZxdW90OyAvJmd0OyYjeEQ7IiAvPg0KICAgICAgICAgICAgPFJ1bGVQYXJhbWV0ZXIgTmFtZT0iSW5kZXgiIFZhbHVlPSIyNCIgLz4NCiAgICAgICAgICAgIDxSdWxlUGFyYW1ldGVyIE5hbWU9Iklnbm9yZUNhc2UiIFZhbHVlPSJGYWxzZSIgLz4NCiAgICAgICAgICAgIDxSdWxlUGFyYW1ldGVyIE5hbWU9IlVzZVJlZ3VsYXJFeHByZXNzaW9uIiBWYWx1ZT0iRmFsc2UiIC8+DQogICAgICAgICAgICA8UnVsZVBhcmFtZXRlciBOYW1lPSJIdG1sRGVjb2RlIiBWYWx1ZT0iVHJ1ZSIgLz4NCiAgICAgICAgICAgIDxSdWxlUGFyYW1ldGVyIE5hbWU9IlJlcXVpcmVkIiBWYWx1ZT0iRmFsc2UiIC8+DQogICAgICAgICAgPC9SdWxlUGFyYW1ldGVycz4NCiAgICAgICAgPC9FeHRyYWN0aW9uUnVsZT4NCiAgICAgIDwvQ29ycmVsYXRpb25FeHRyYWN0aW9uUnVsZXM+DQogICAgPC9SZXF1ZXN0Pg0KICAgIDxSZXF1ZXN0IE1ldGhvZD0iUE9TVCIgR3VpZD0iNTdiOWM3OTQtNTM4Mi00YmFlLTk2ZDEtMjZjNjc5ZmY1ODEwIiBWZXJzaW9uPSIxLjEiIFVybD0iaHR0cHM6Ly9zcC5jb3JkaXNzb2x1dGlvbnMuY29tL0FwcHMwMC9fbGF5b3V0cy8xNS9pbnBsdmlldy5hc3B4IiBUaGlua1RpbWU9IjAiIFRpbWVvdXQ9IjMwMCIgUGFyc2VEZXBlbmRlbnRSZXF1ZXN0cz0iVHJ1ZSIgRm9sbG93UmVkaXJlY3RzPSJUcnVlIiBSZWNvcmRSZXN1bHQ9IlRydWUiIENhY2hlPSJGYWxzZSIgUmVzcG9uc2VUaW1lR29hbD0iMCIgRW5jb2Rpbmc9InV0Zi04IiBFeHBlY3RlZEh0dHBTdGF0dXNDb2RlPSIwIiBFeHBlY3RlZFJlc3BvbnNlVXJsPSIiIFJlcG9ydGluZ05hbWU9IiIgSWdub3JlSHR0cFN0YXR1c0NvZGU9IkZhbHNlIj4NCiAgICAgIDxIZWFkZXJzPg0KICAgICAgICA8SGVhZGVyIE5hbWU9IlJlZmVyZXIiIFZhbHVlPSJodHRwczovL3NwLmNvcmRpc3NvbHV0aW9ucy5jb20vQXBwczAwL1NoYXJlZCUyMERvY3VtZW50cy9Gb3Jtcy9kZXRhaWwlMjBsaXN0JTIwd28lMjBmb2xkZXJzJTIwMDEuYXNweCIgLz4NCiAgICAgIDwvSGVhZGVycz4NCiAgICAgIDxRdWVyeVN0cmluZ1BhcmFtZXRlcnM+DQogICAgICAgIDxRdWVyeVN0cmluZ1BhcmFtZXRlciBOYW1lPSJMaXN0IiBWYWx1ZT0iJTdCRUQyODE5MkEtM0I2Ny00M0Q4LUJBOEEtRENDQTNBQ0U3RDBCJTdEIiBSZWNvcmRlZFZhbHVlPSIlN0JFRDI4MTkyQS0zQjY3LTQzRDgtQkE4QS1EQ0NBM0FDRTdEMEIlN0QiIENvcnJlbGF0aW9uQmluZGluZz0iIiBVcmxFbmNvZGU9IkZhbHNlIiBVc2VUb0dyb3VwUmVzdWx0cz0iRmFsc2UiIC8+DQogICAgICAgIDxRdWVyeVN0cmluZ1BhcmFtZXRlciBOYW1lPSJWaWV3IiBWYWx1ZT0iJTdCQkZBQ0E5MUYtOTNGMi00NjMyLUFCMzktRUVFOTJBNUQwNkEyJTdEIiBSZWNvcmRlZFZhbHVlPSIlN0JCRkFDQTkxRi05M0YyLTQ2MzItQUIzOS1FRUU5MkE1RDA2QTIlN0QiIENvcnJlbGF0aW9uQmluZGluZz0iIiBVcmxFbmNvZGU9IkZhbHNlIiBVc2VUb0dyb3VwUmVzdWx0cz0iRmFsc2UiIC8+DQogICAgICAgIDxRdWVyeVN0cmluZ1BhcmFtZXRlciBOYW1lPSJWaWV3Q291bnQiIFZhbHVlPSIwIiBSZWNvcmRlZFZhbHVlPSIwIiBDb3JyZWxhdGlvbkJpbmRpbmc9IiIgVXJsRW5jb2RlPSJGYWxzZSIgVXNlVG9Hcm91cFJlc3VsdHM9IkZhbHNlIiAvPg0KICAgICAgICA8UXVlcnlTdHJpbmdQYXJhbWV0ZXIgTmFtZT0iSXNYc2xWaWV3IiBWYWx1ZT0iVFJVRSIgUmVjb3JkZWRWYWx1ZT0iVFJVRSIgQ29ycmVsYXRpb25CaW5kaW5nPSIiIFVybEVuY29kZT0iRmFsc2UiIFVzZVRvR3JvdXBSZXN1bHRzPSJGYWxzZSIgLz4NCiAgICAgICAgPFF1ZXJ5U3RyaW5nUGFyYW1ldGVyIE5hbWU9IklzQ1NSIiBWYWx1ZT0iVFJVRSIgUmVjb3JkZWRWYWx1ZT0iVFJVRSIgQ29ycmVsYXRpb25CaW5kaW5nPSIiIFVybEVuY29kZT0iRmFsc2UiIFVzZVRvR3JvdXBSZXN1bHRzPSJGYWxzZSIgLz4NCiAgICAgICAgPFF1ZXJ5U3RyaW5nUGFyYW1ldGVyIE5hbWU9Ikxpc3RWaWV3UGFnZVVybCIgVmFsdWU9Imh0dHBzJTNBJTJGJTJGc3AuY29yZGlzc29sdXRpb25zLmNvbSUyRkFwcHMwMCUyRlNoYXJlZCUyNTIwRG9jdW1lbnRzJTJGRm9ybXMlMkZkZXRhaWwlMjUyMGxpc3QlMjUyMHdvJTI1MjBmb2xkZXJzJTI1MjAwMS5hc3B4IiBSZWNvcmRlZFZhbHVlPSJodHRwcyUzQSUyRiUyRnNwLmNvcmRpc3NvbHV0aW9ucy5jb20lMkZBcHBzMDAlMkZTaGFyZWQlMjUyMERvY3VtZW50cyUyRkZvcm1zJTJGZGV0YWlsJTI1MjBsaXN0JTI1MjB3byUyNTIwZm9sZGVycyUyNTIwMDEuYXNweCIgQ29ycmVsYXRpb25CaW5kaW5nPSIiIFVybEVuY29kZT0iRmFsc2UiIFVzZVRvR3JvdXBSZXN1bHRzPSJGYWxzZSIgLz4NCiAgICAgICAgPFF1ZXJ5U3RyaW5nUGFyYW1ldGVyIE5hbWU9IlNvcnRGaWVsZCIgVmFsdWU9Ik1vZGlmaWVkIiBSZWNvcmRlZFZhbHVlPSJNb2RpZmllZCIgQ29ycmVsYXRpb25CaW5kaW5nPSIiIFVybEVuY29kZT0iRmFsc2UiIFVzZVRvR3JvdXBSZXN1bHRzPSJGYWxzZSIgLz4NCiAgICAgICAgPFF1ZXJ5U3RyaW5nUGFyYW1ldGVyIE5hbWU9IlNvcnREaXIiIFZhbHVlPSJBc2MiIFJlY29yZGVkVmFsdWU9IkFzYyIgQ29ycmVsYXRpb25CaW5kaW5nPSIiIFVybEVuY29kZT0iRmFsc2UiIFVzZVRvR3JvdXBSZXN1bHRzPSJGYWxzZSIgLz4NCiAgICAgIDwvUXVlcnlTdHJpbmdQYXJhbWV0ZXJzPg0KICAgICAgPEZvcm1Qb3N0SHR0cEJvZHkgLz4NCiAgICA8L1JlcXVlc3Q+DQogICAgPFJlcXVlc3QgTWV0aG9kPSJHRVQiIEd1aWQ9IjgyYjdiZDUyLTFhZmUtNDcwMC1hNzYxLTMxMDg2NmUyOGExNiIgVmVyc2lvbj0iMS4xIiBVcmw9Imh0dHBzOi8vc3AuY29yZGlzc29sdXRpb25zLmNvbS9BcHBzMDAvU2hhcmVkJTIwRG9jdW1lbnRzL0Zvcm1zL2RldGFpbCUyMGxpc3QlMjB3byUyMGZvbGRlcnMlMjAwMS5hc3B4IiBUaGlua1RpbWU9IjIiIFRpbWVvdXQ9IjMwMCIgUGFyc2VEZXBlbmRlbnRSZXF1ZXN0cz0iVHJ1ZSIgRm9sbG93UmVkaXJlY3RzPSJUcnVlIiBSZWNvcmRSZXN1bHQ9IlRydWUiIENhY2hlPSJGYWxzZSIgUmVzcG9uc2VUaW1lR29hbD0iMCIgRW5jb2Rpbmc9InV0Zi04IiBFeHBlY3RlZEh0dHBTdGF0dXNDb2RlPSIwIiBFeHBlY3RlZFJlc3BvbnNlVXJsPSJodHRwczovL3NwLmNvcmRpc3NvbHV0aW9ucy5jb20vQXBwczAwL1NoYXJlZCUyMERvY3VtZW50cy9Gb3Jtcy9kZXRhaWwlMjBsaXN0JTIwd28lMjBmb2xkZXJzJTIwMDEuYXNweCNJbnBsdmlld0hhc2hiZmFjYTkxZi05M2YyLTQ2MzItYWIzOS1lZWU5MmE1ZDA2YTI9U29ydEZpZWxkJTNETW9kaWZpZWQtU29ydERpciUzREFzYyIgUmVwb3J0aW5nTmFtZT0iIiBJZ25vcmVIdHRwU3RhdHVzQ29kZT0iRmFsc2UiIC8+DQogICAgPFJlcXVlc3QgTWV0aG9kPSJQT1NUIiBHdWlkPSJhMWQ0YTI5Zi0wOTc2LTQyN2UtYTIxNC0zMGIyOGVmMjdjYjMiIFZlcnNpb249IjEuMSIgVXJsPSJodHRwczovL3NwLmNvcmRpc3NvbHV0aW9ucy5jb20vQXBwczAwL19sYXlvdXRzLzE1L2lucGx2aWV3LmFzcHgiIFRoaW5rVGltZT0iMiIgVGltZW91dD0iMzAwIiBQYXJzZURlcGVuZGVudFJlcXVlc3RzPSJUcnVlIiBGb2xsb3dSZWRpcmVjdHM9IlRydWUiIFJlY29yZFJlc3VsdD0iVHJ1ZSIgQ2FjaGU9IkZhbHNlIiBSZXNwb25zZVRpbWVHb2FsPSIwIiBFbmNvZGluZz0idXRmLTgiIEV4cGVjdGVkSHR0cFN0YXR1c0NvZGU9IjAiIEV4cGVjdGVkUmVzcG9uc2VVcmw9IiIgUmVwb3J0aW5nTmFtZT0iIiBJZ25vcmVIdHRwU3RhdHVzQ29kZT0iRmFsc2UiPg0KICAgICAgPEhlYWRlcnM+DQogICAgICAgIDxIZWFkZXIgTmFtZT0iUmVmZXJlciIgVmFsdWU9Imh0dHBzOi8vc3AuY29yZGlzc29sdXRpb25zLmNvbS9BcHBzMDAvU2hhcmVkJTIwRG9jdW1lbnRzL0Zvcm1zL2RldGFpbCUyMGxpc3QlMjB3byUyMGZvbGRlcnMlMjAwMS5hc3B4IiAvPg0KICAgICAgPC9IZWFkZXJzPg0KICAgICAgPFF1ZXJ5U3RyaW5nUGFyYW1ldGVycz4NCiAgICAgICAgPFF1ZXJ5U3RyaW5nUGFyYW1ldGVyIE5hbWU9Ikxpc3QiIFZhbHVlPSIlN0JFRDI4MTkyQS0zQjY3LTQzRDgtQkE4QS1EQ0NBM0FDRTdEMEIlN0QiIFJlY29yZGVkVmFsdWU9IiU3QkVEMjgxOTJBLTNCNjctNDNEOC1CQThBLURDQ0EzQUNFN0QwQiU3RCIgQ29ycmVsYXRpb25CaW5kaW5nPSIiIFVybEVuY29kZT0iRmFsc2UiIFVzZVRvR3JvdXBSZXN1bHRzPSJGYWxzZSIgLz4NCiAgICAgICAgPFF1ZXJ5U3RyaW5nUGFyYW1ldGVyIE5hbWU9IlZpZXciIFZhbHVlPSIlN0JCRkFDQTkxRi05M0YyLTQ2MzItQUIzOS1FRUU5MkE1RDA2QTIlN0QiIFJlY29yZGVkVmFsdWU9IiU3QkJGQUNBOTFGLTkzRjItNDYzMi1BQjM5LUVFRTkyQTVEMDZBMiU3RCIgQ29ycmVsYXRpb25CaW5kaW5nPSIiIFVybEVuY29kZT0iRmFsc2UiIFVzZVRvR3JvdXBSZXN1bHRzPSJGYWxzZSIgLz4NCiAgICAgICAgPFF1ZXJ5U3RyaW5nUGFyYW1ldGVyIE5hbWU9IlZpZXdDb3VudCIgVmFsdWU9IjAiIFJlY29yZGVkVmFsdWU9IjAiIENvcnJlbGF0aW9uQmluZGluZz0iIiBVcmxFbmNvZGU9IkZhbHNlIiBVc2VUb0dyb3VwUmVzdWx0cz0iRmFsc2UiIC8+DQogICAgICAgIDxRdWVyeVN0cmluZ1BhcmFtZXRlciBOYW1lPSJJc1hzbFZpZXciIFZhbHVlPSJUUlVFIiBSZWNvcmRlZFZhbHVlPSJUUlVFIiBDb3JyZWxhdGlvbkJpbmRpbmc9IiIgVXJsRW5jb2RlPSJGYWxzZSIgVXNlVG9Hcm91cFJlc3VsdHM9IkZhbHNlIiAvPg0KICAgICAgICA8UXVlcnlTdHJpbmdQYXJhbWV0ZXIgTmFtZT0iSXNDU1IiIFZhbHVlPSJUUlVFIiBSZWNvcmRlZFZhbHVlPSJUUlVFIiBDb3JyZWxhdGlvbkJpbmRpbmc9IiIgVXJsRW5jb2RlPSJGYWxzZSIgVXNlVG9Hcm91cFJlc3VsdHM9IkZhbHNlIiAvPg0KICAgICAgICA8UXVlcnlTdHJpbmdQYXJhbWV0ZXIgTmFtZT0iTGlzdFZpZXdQYWdlVXJsIiBWYWx1ZT0iaHR0cHMlM0ElMkYlMkZzcC5jb3JkaXNzb2x1dGlvbnMuY29tJTJGQXBwczAwJTJGU2hhcmVkJTI1MjBEb2N1bWVudHMlMkZGb3JtcyUyRmRldGFpbCUyNTIwbGlzdCUyNTIwd28lMjUyMGZvbGRlcnMlMjUyMDAxLmFzcHgiIFJlY29yZGVkVmFsdWU9Imh0dHBzJTNBJTJGJTJGc3AuY29yZGlzc29sdXRpb25zLmNvbSUyRkFwcHMwMCUyRlNoYXJlZCUyNTIwRG9jdW1lbnRzJTJGRm9ybXMlMkZkZXRhaWwlMjUyMGxpc3QlMjUyMHdvJTI1MjBmb2xkZXJzJTI1MjAwMS5hc3B4IiBDb3JyZWxhdGlvbkJpbmRpbmc9IiIgVXJsRW5jb2RlPSJGYWxzZSIgVXNlVG9Hcm91cFJlc3VsdHM9IkZhbHNlIiAvPg0KICAgICAgICA8UXVlcnlTdHJpbmdQYXJhbWV0ZXIgTmFtZT0iU29ydEZpZWxkIiBWYWx1ZT0iTW9kaWZpZWQiIFJlY29yZGVkVmFsdWU9Ik1vZGlmaWVkIiBDb3JyZWxhdGlvbkJpbmRpbmc9IiIgVXJsRW5jb2RlPSJGYWxzZSIgVXNlVG9Hcm91cFJlc3VsdHM9IkZhbHNlIiAvPg0KICAgICAgICA8UXVlcnlTdHJpbmdQYXJhbWV0ZXIgTmFtZT0iU29ydERpciIgVmFsdWU9IkRlc2MiIFJlY29yZGVkVmFsdWU9IkRlc2MiIENvcnJlbGF0aW9uQmluZGluZz0iIiBVcmxFbmNvZGU9IkZhbHNlIiBVc2VUb0dyb3VwUmVzdWx0cz0iRmFsc2UiIC8+DQogICAgICA8L1F1ZXJ5U3RyaW5nUGFyYW1ldGVycz4NCiAgICAgIDxGb3JtUG9zdEh0dHBCb2R5IC8+DQogICAgPC9SZXF1ZXN0Pg0KICAgIDxSZXF1ZXN0IE1ldGhvZD0iUE9TVCIgR3VpZD0iOGQwYzk1ZTItOWRiZC00ZjZmLTg4NDgtODBjZmM5Mjk4MTIxIiBWZXJzaW9uPSIxLjEiIFVybD0iaHR0cHM6Ly9zcC5jb3JkaXNzb2x1dGlvbnMuY29tL0FwcHMwMC9fbGF5b3V0cy8xNS9pbnBsdmlldy5hc3B4IiBUaGlua1RpbWU9IjAiIFRpbWVvdXQ9IjMwMCIgUGFyc2VEZXBlbmRlbnRSZXF1ZXN0cz0iVHJ1ZSIgRm9sbG93UmVkaXJlY3RzPSJUcnVlIiBSZWNvcmRSZXN1bHQ9IlRydWUiIENhY2hlPSJGYWxzZSIgUmVzcG9uc2VUaW1lR29hbD0iMCIgRW5jb2Rpbmc9InV0Zi04IiBFeHBlY3RlZEh0dHBTdGF0dXNDb2RlPSIwIiBFeHBlY3RlZFJlc3BvbnNlVXJsPSIiIFJlcG9ydGluZ05hbWU9IiIgSWdub3JlSHR0cFN0YXR1c0NvZGU9IkZhbHNlIj4NCiAgICAgIDxIZWFkZXJzPg0KICAgICAgICA8SGVhZGVyIE5hbWU9IlJlZmVyZXIiIFZhbHVlPSJodHRwczovL3NwLmNvcmRpc3NvbHV0aW9ucy5jb20vQXBwczAwL1NoYXJlZCUyMERvY3VtZW50cy9Gb3Jtcy9kZXRhaWwlMjBsaXN0JTIwd28lMjBmb2xkZXJzJTIwMDEuYXNweCIgLz4NCiAgICAgIDwvSGVhZGVycz4NCiAgICAgIDxDb3JyZWxhdGlvbkV4dHJhY3Rpb25SdWxlcz4NCiAgICAgICAgPEV4dHJhY3Rpb25SdWxlIENsYXNzbmFtZT0iTWljcm9zb2Z0LlZpc3VhbFN0dWRpby5UZXN0VG9vbHMuV2ViVGVzdGluZy5SdWxlcy5FeHRyYWN0VGV4dCwgTWljcm9zb2Z0LlZpc3VhbFN0dWRpby5RdWFsaXR5VG9vbHMuV2ViVGVzdEZyYW1ld29yaywgVmVyc2lvbj0xMC4wLjAuMCwgQ3VsdHVyZT1uZXV0cmFsLCBQdWJsaWNLZXlUb2tlbj1iMDNmNWY3ZjExZDUwYTNhIiBWYXJpYWJsZU5hbWU9IkZvcm1Qb3N0UGFyYW01NC5NU09UbFBuX1ZpZXciIERpc3BsYXlOYW1lPSIiIERlc2NyaXB0aW9uPSIiPg0KICAgICAgICAgIDxSdWxlUGFyYW1ldGVycz4NCiAgICAgICAgICAgIDxSdWxlUGFyYW1ldGVyIE5hbWU9IlN0YXJ0c1dpdGgiIFZhbHVlPSJpbmc9JnF1b3Q7IiAvPg0KICAgICAgICAgICAgPFJ1bGVQYXJhbWV0ZXIgTmFtZT0iRW5kc1dpdGgiIFZhbHVlPSImcXVvdDsgY2VsIiAvPg0KICAgICAgICAgICAgPFJ1bGVQYXJhbWV0ZXIgTmFtZT0iSW5kZXgiIFZhbHVlPSIwIiAvPg0KICAgICAgICAgICAgPFJ1bGVQYXJhbWV0ZXIgTmFtZT0iSWdub3JlQ2FzZSIgVmFsdWU9IkZhbHNlIiAvPg0KICAgICAgICAgICAgPFJ1bGVQYXJhbWV0ZXIgTmFtZT0iVXNlUmVndWxhckV4cHJlc3Npb24iIFZhbHVlPSJGYWxzZSIgLz4NCiAgICAgICAgICAgIDxSdWxlUGFyYW1ldGVyIE5hbWU9Ikh0bWxEZWNvZGUiIFZhbHVlPSJUcnVlIiAvPg0KICAgICAgICAgICAgPFJ1bGVQYXJhbWV0ZXIgTmFtZT0iUmVxdWlyZWQiIFZhbHVlPSJGYWxzZSIgLz4NCiAgICAgICAgICA8L1J1bGVQYXJhbWV0ZXJzPg0KICAgICAgICA8L0V4dHJhY3Rpb25SdWxlPg0KICAgICAgICA8RXh0cmFjdGlvblJ1bGUgQ2xhc3NuYW1lPSJNaWNyb3NvZnQuVmlzdWFsU3R1ZGlvLlRlc3RUb29scy5XZWJUZXN0aW5nLlJ1bGVzLkV4dHJhY3RUZXh0LCBNaWNyb3NvZnQuVmlzdWFsU3R1ZGlvLlF1YWxpdHlUb29scy5XZWJUZXN0RnJhbWV3b3JrLCBWZXJzaW9uPTEwLjAuMC4wLCBDdWx0dXJlPW5ldXRyYWwsIFB1YmxpY0tleVRva2VuPWIwM2Y1ZjdmMTFkNTBhM2EiIFZhcmlhYmxlTmFtZT0iRm9ybVBvc3RQYXJhbTU1Lk1TT1RsUG5fQnV0dG9uIiBEaXNwbGF5TmFtZT0iIiBEZXNjcmlwdGlvbj0iIj4NCiAgICAgICAgICA8UnVsZVBhcmFtZXRlcnM+DQogICAgICAgICAgICA8UnVsZVBhcmFtZXRlciBOYW1lPSJTdGFydHNXaXRoIiBWYWx1ZT0iZGlyPSZxdW90OyIgLz4NCiAgICAgICAgICAgIDxSdWxlUGFyYW1ldGVyIE5hbWU9IkVuZHNXaXRoIiBWYWx1ZT0iJnF1b3Q7IG9ubSIgLz4NCiAgICAgICAgICAgIDxSdWxlUGFyYW1ldGVyIE5hbWU9IkluZGV4IiBWYWx1ZT0iMCIgLz4NCiAgICAgICAgICAgIDxSdWxlUGFyYW1ldGVyIE5hbWU9Iklnbm9yZUNhc2UiIFZhbHVlPSJGYWxzZSIgLz4NCiAgICAgICAgICAgIDxSdWxlUGFyYW1ldGVyIE5hbWU9IlVzZVJlZ3VsYXJFeHByZXNzaW9uIiBWYWx1ZT0iRmFsc2UiIC8+DQogICAgICAgICAgICA8UnVsZVBhcmFtZXRlciBOYW1lPSJIdG1sRGVjb2RlIiBWYWx1ZT0iVHJ1ZSIgLz4NCiAgICAgICAgICAgIDxSdWxlUGFyYW1ldGVyIE5hbWU9IlJlcXVpcmVkIiBWYWx1ZT0iRmFsc2UiIC8+DQogICAgICAgICAgPC9SdWxlUGFyYW1ldGVycz4NCiAgICAgICAgPC9FeHRyYWN0aW9uUnVsZT4NCiAgICAgICAgPEV4dHJhY3Rpb25SdWxlIENsYXNzbmFtZT0iTWljcm9zb2Z0LlZpc3VhbFN0dWRpby5UZXN0VG9vbHMuV2ViVGVzdGluZy5SdWxlcy5FeHRyYWN0VGV4dCwgTWljcm9zb2Z0LlZpc3VhbFN0dWRpby5RdWFsaXR5VG9vbHMuV2ViVGVzdEZyYW1ld29yaywgVmVyc2lvbj0xMC4wLjAuMCwgQ3VsdHVyZT1uZXV0cmFsLCBQdWJsaWNLZXlUb2tlbj1iMDNmNWY3ZjExZDUwYTNhIiBWYXJpYWJsZU5hbWU9IkZvcm1Qb3N0UGFyYW01Ni5fbWFpbnRhaW5Xb3Jrc3BhY2VTY3JvbGxQb3NpdGlvbiIgRGlzcGxheU5hbWU9IiIgRGVzY3JpcHRpb249IiI+DQogICAgICAgICAgPFJ1bGVQYXJhbWV0ZXJzPg0KICAgICAgICAgICAgPFJ1bGVQYXJhbWV0ZXIgTmFtZT0iU3RhcnRzV2l0aCIgVmFsdWU9ImluZz0mcXVvdDsiIC8+DQogICAgICAgICAgICA8UnVsZVBhcmFtZXRlciBOYW1lPSJFbmRzV2l0aCIgVmFsdWU9IiZxdW90OyBjZWwiIC8+DQogICAgICAgICAgICA8UnVsZVBhcmFtZXRlciBOYW1lPSJJbmRleCIgVmFsdWU9IjAiIC8+DQogICAgICAgICAgICA8UnVsZVBhcmFtZXRlciBOYW1lPSJJZ25vcmVDYXNlIiBWYWx1ZT0iRmFsc2UiIC8+DQogICAgICAgICAgICA8UnVsZVBhcmFtZXRlciBOYW1lPSJVc2VSZWd1bGFyRXhwcmVzc2lvbiIgVmFsdWU9IkZhbHNlIiAvPg0KICAgICAgICAgICAgPFJ1bGVQYXJhbWV0ZXIgTmFtZT0iSHRtbERlY29kZSIgVmFsdWU9IlRydWUiIC8+DQogICAgICAgICAgICA8UnVsZVBhcmFtZXRlciBOYW1lPSJSZXF1aXJlZCIgVmFsdWU9IkZhbHNlIiAvPg0KICAgICAgICAgIDwvUnVsZVBhcmFtZXRlcnM+DQogICAgICAgIDwvRXh0cmFjdGlvblJ1bGU+DQogICAgICAgIDxFeHRyYWN0aW9uUnVsZSBDbGFzc25hbWU9Ik1pY3Jvc29mdC5WaXN1YWxTdHVkaW8uVGVzdFRvb2xzLldlYlRlc3RpbmcuUnVsZXMuRXh0cmFjdFRleHQsIE1pY3Jvc29mdC5WaXN1YWxTdHVkaW8uUXVhbGl0eVRvb2xzLldlYlRlc3RGcmFtZXdvcmssIFZlcnNpb249MTAuMC4wLjAsIEN1bHR1cmU9bmV1dHJhbCwgUHVibGljS2V5VG9rZW49YjAzZjVmN2YxMWQ1MGEzYSIgVmFyaWFibGVOYW1lPSJGb3JtUG9zdFBhcmFtNTcuX19TQ1JPTExQT1NJVElPTlgiIERpc3BsYXlOYW1lPSIiIERlc2NyaXB0aW9uPSIiPg0KICAgICAgICAgIDxSdWxlUGFyYW1ldGVycz4NCiAgICAgICAgICAgIDxSdWxlUGFyYW1ldGVyIE5hbWU9IlN0YXJ0c1dpdGgiIFZhbHVlPSJpbmc9JnF1b3Q7IiAvPg0KICAgICAgICAgICAgPFJ1bGVQYXJhbWV0ZXIgTmFtZT0iRW5kc1dpdGgiIFZhbHVlPSImcXVvdDsgY2VsIiAvPg0KICAgICAgICAgICAgPFJ1bGVQYXJhbWV0ZXIgTmFtZT0iSW5kZXgiIFZhbHVlPSIwIiAvPg0KICAgICAgICAgICAgPFJ1bGVQYXJhbWV0ZXIgTmFtZT0iSWdub3JlQ2FzZSIgVmFsdWU9IkZhbHNlIiAvPg0KICAgICAgICAgICAgPFJ1bGVQYXJhbWV0ZXIgTmFtZT0iVXNlUmVndWxhckV4cHJlc3Npb24iIFZhbHVlPSJGYWxzZSIgLz4NCiAgICAgICAgICAgIDxSdWxlUGFyYW1ldGVyIE5hbWU9Ikh0bWxEZWNvZGUiIFZhbHVlPSJUcnVlIiAvPg0KICAgICAgICAgICAgPFJ1bGVQYXJhbWV0ZXIgTmFtZT0iUmVxdWlyZWQiIFZhbHVlPSJGYWxzZSIgLz4NCiAgICAgICAgICA8L1J1bGVQYXJhbWV0ZXJzPg0KICAgICAgICA8L0V4dHJhY3Rpb25SdWxlPg0KICAgICAgICA8RXh0cmFjdGlvblJ1bGUgQ2xhc3NuYW1lPSJNaWNyb3NvZnQuVmlzdWFsU3R1ZGlvLlRlc3RUb29scy5XZWJUZXN0aW5nLlJ1bGVzLkV4dHJhY3RUZXh0LCBNaWNyb3NvZnQuVmlzdWFsU3R1ZGlvLlF1YWxpdHlUb29scy5XZWJUZXN0RnJhbWV3b3JrLCBWZXJzaW9uPTEwLjAuMC4wLCBDdWx0dXJlPW5ldXRyYWwsIFB1YmxpY0tleVRva2VuPWIwM2Y1ZjdmMTFkNTBhM2EiIFZhcmlhYmxlTmFtZT0iRm9ybVBvc3RQYXJhbTU4Ll9fU0NST0xMUE9TSVRJT05ZIiBEaXNwbGF5TmFtZT0iIiBEZXNjcmlwdGlvbj0iIj4NCiAgICAgICAgICA8UnVsZVBhcmFtZXRlcnM+DQogICAgICAgICAgICA8UnVsZVBhcmFtZXRlciBOYW1lPSJTdGFydHNXaXRoIiBWYWx1ZT0iaW5nPSZxdW90OyIgLz4NCiAgICAgICAgICAgIDxSdWxlUGFyYW1ldGVyIE5hbWU9IkVuZHNXaXRoIiBWYWx1ZT0iJnF1b3Q7IGNlbCIgLz4NCiAgICAgICAgICAgIDxSdWxlUGFyYW1ldGVyIE5hbWU9IkluZGV4IiBWYWx1ZT0iMCIgLz4NCiAgICAgICAgICAgIDxSdWxlUGFyYW1ldGVyIE5hbWU9Iklnbm9yZUNhc2UiIFZhbHVlPSJGYWxzZSIgLz4NCiAgICAgICAgICAgIDxSdWxlUGFyYW1ldGVyIE5hbWU9IlVzZVJlZ3VsYXJFeHByZXNzaW9uIiBWYWx1ZT0iRmFsc2UiIC8+DQogICAgICAgICAgICA8UnVsZVBhcmFtZXRlciBOYW1lPSJIdG1sRGVjb2RlIiBWYWx1ZT0iVHJ1ZSIgLz4NCiAgICAgICAgICAgIDxSdWxlUGFyYW1ldGVyIE5hbWU9IlJlcXVpcmVkIiBWYWx1ZT0iRmFsc2UiIC8+DQogICAgICAgICAgPC9SdWxlUGFyYW1ldGVycz4NCiAgICAgICAgPC9FeHRyYWN0aW9uUnVsZT4NCiAgICAgICAgPEV4dHJhY3Rpb25SdWxlIENsYXNzbmFtZT0iTWljcm9zb2Z0LlZpc3VhbFN0dWRpby5UZXN0VG9vbHMuV2ViVGVzdGluZy5SdWxlcy5FeHRyYWN0VGV4dCwgTWljcm9zb2Z0LlZpc3VhbFN0dWRpby5RdWFsaXR5VG9vbHMuV2ViVGVzdEZyYW1ld29yaywgVmVyc2lvbj0xMC4wLjAuMCwgQ3VsdHVyZT1uZXV0cmFsLCBQdWJsaWNLZXlUb2tlbj1iMDNmNWY3ZjExZDUwYTNhIiBWYXJpYWJsZU5hbWU9IlF1ZXJ5U3RyaW5nUGFyYW0xOTY1LlNvcnRGaWVsZCIgRGlzcGxheU5hbWU9IiIgRGVzY3JpcHRpb249IiI+DQogICAgICAgICAgPFJ1bGVQYXJhbWV0ZXJzPg0KICAgICAgICAgICAgPFJ1bGVQYXJhbWV0ZXIgTmFtZT0iU3RhcnRzV2l0aCIgVmFsdWU9Ij9Tb3J0RmllbGQ9IiAvPg0KICAgICAgICAgICAgPFJ1bGVQYXJhbWV0ZXIgTmFtZT0iRW5kc1dpdGgiIFZhbHVlPSImYW1wOyIgLz4NCiAgICAgICAgICAgIDxSdWxlUGFyYW1ldGVyIE5hbWU9IkluZGV4IiBWYWx1ZT0iMCIgLz4NCiAgICAgICAgICAgIDxSdWxlUGFyYW1ldGVyIE5hbWU9Iklnbm9yZUNhc2UiIFZhbHVlPSJGYWxzZSIgLz4NCiAgICAgICAgICAgIDxSdWxlUGFyYW1ldGVyIE5hbWU9IlVzZVJlZ3VsYXJFeHByZXNzaW9uIiBWYWx1ZT0iRmFsc2UiIC8+DQogICAgICAgICAgICA8UnVsZVBhcmFtZXRlciBOYW1lPSJIdG1sRGVjb2RlIiBWYWx1ZT0iVHJ1ZSIgLz4NCiAgICAgICAgICAgIDxSdWxlUGFyYW1ldGVyIE5hbWU9IlJlcXVpcmVkIiBWYWx1ZT0iRmFsc2UiIC8+DQogICAgICAgICAgPC9SdWxlUGFyYW1ldGVycz4NCiAgICAgICAgPC9FeHRyYWN0aW9uUnVsZT4NCiAgICAgICAgPEV4dHJhY3Rpb25SdWxlIENsYXNzbmFtZT0iTWljcm9zb2Z0LlZpc3VhbFN0dWRpby5UZXN0VG9vbHMuV2ViVGVzdGluZy5SdWxlcy5FeHRyYWN0VGV4dCwgTWljcm9zb2Z0LlZpc3VhbFN0dWRpby5RdWFsaXR5VG9vbHMuV2ViVGVzdEZyYW1ld29yaywgVmVyc2lvbj0xMC4wLjAuMCwgQ3VsdHVyZT1uZXV0cmFsLCBQdWJsaWNLZXlUb2tlbj1iMDNmNWY3ZjExZDUwYTNhIiBWYXJpYWJsZU5hbWU9IlF1ZXJ5U3RyaW5nUGFyYW0xOTY2LlNvcnREaXIiIERpc3BsYXlOYW1lPSIiIERlc2NyaXB0aW9uPSIiPg0KICAgICAgICAgIDxSdWxlUGFyYW1ldGVycz4NCiAgICAgICAgICAgIDxSdWxlUGFyYW1ldGVyIE5hbWU9IlN0YXJ0c1dpdGgiIFZhbHVlPSImYW1wO2FtcDtTb3J0RGlyPSIgLz4NCiAgICAgICAgICAgIDxSdWxlUGFyYW1ldGVyIE5hbWU9IkVuZHNXaXRoIiBWYWx1ZT0iJmFtcDsiIC8+DQogICAgICAgICAgICA8UnVsZVBhcmFtZXRlciBOYW1lPSJJbmRleCIgVmFsdWU9IjAiIC8+DQogICAgICAgICAgICA8UnVsZVBhcmFtZXRlciBOYW1lPSJJZ25vcmVDYXNlIiBWYWx1ZT0iRmFsc2UiIC8+DQogICAgICAgICAgICA8UnVsZVBhcmFtZXRlciBOYW1lPSJVc2VSZWd1bGFyRXhwcmVzc2lvbiIgVmFsdWU9IkZhbHNlIiAvPg0KICAgICAgICAgICAgPFJ1bGVQYXJhbWV0ZXIgTmFtZT0iSHRtbERlY29kZSIgVmFsdWU9IlRydWUiIC8+DQogICAgICAgICAgICA8UnVsZVBhcmFtZXRlciBOYW1lPSJSZXF1aXJlZCIgVmFsdWU9IkZhbHNlIiAvPg0KICAgICAgICAgIDwvUnVsZVBhcmFtZXRlcnM+DQogICAgICAgIDwvRXh0cmFjdGlvblJ1bGU+DQogICAgICA8L0NvcnJlbGF0aW9uRXh0cmFjdGlvblJ1bGVzPg0KICAgICAgPFF1ZXJ5U3RyaW5nUGFyYW1ldGVycz4NCiAgICAgICAgPFF1ZXJ5U3RyaW5nUGFyYW1ldGVyIE5hbWU9Ikxpc3QiIFZhbHVlPSIlN0JFRDI4MTkyQS0zQjY3LTQzRDgtQkE4QS1EQ0NBM0FDRTdEMEIlN0QiIFJlY29yZGVkVmFsdWU9IiU3QkVEMjgxOTJBLTNCNjctNDNEOC1CQThBLURDQ0EzQUNFN0QwQiU3RCIgQ29ycmVsYXRpb25CaW5kaW5nPSIiIFVybEVuY29kZT0iRmFsc2UiIFVzZVRvR3JvdXBSZXN1bHRzPSJGYWxzZSIgLz4NCiAgICAgICAgPFF1ZXJ5U3RyaW5nUGFyYW1ldGVyIE5hbWU9IlZpZXciIFZhbHVlPSIlN0JCRkFDQTkxRi05M0YyLTQ2MzItQUIzOS1FRUU5MkE1RDA2QTIlN0QiIFJlY29yZGVkVmFsdWU9IiU3QkJGQUNBOTFGLTkzRjItNDYzMi1BQjM5LUVFRTkyQTVEMDZBMiU3RCIgQ29ycmVsYXRpb25CaW5kaW5nPSIiIFVybEVuY29kZT0iRmFsc2UiIFVzZVRvR3JvdXBSZXN1bHRzPSJGYWxzZSIgLz4NCiAgICAgICAgPFF1ZXJ5U3RyaW5nUGFyYW1ldGVyIE5hbWU9IlZpZXdDb3VudCIgVmFsdWU9IjAiIFJlY29yZGVkVmFsdWU9IjAiIENvcnJlbGF0aW9uQmluZGluZz0iIiBVcmxFbmNvZGU9IkZhbHNlIiBVc2VUb0dyb3VwUmVzdWx0cz0iRmFsc2UiIC8+DQogICAgICAgIDxRdWVyeVN0cmluZ1BhcmFtZXRlciBOYW1lPSJJc1hzbFZpZXciIFZhbHVlPSJUUlVFIiBSZWNvcmRlZFZhbHVlPSJUUlVFIiBDb3JyZWxhdGlvbkJpbmRpbmc9IiIgVXJsRW5jb2RlPSJGYWxzZSIgVXNlVG9Hcm91cFJlc3VsdHM9IkZhbHNlIiAvPg0KICAgICAgICA8UXVlcnlTdHJpbmdQYXJhbWV0ZXIgTmFtZT0iSXNDU1IiIFZhbHVlPSJUUlVFIiBSZWNvcmRlZFZhbHVlPSJUUlVFIiBDb3JyZWxhdGlvbkJpbmRpbmc9IiIgVXJsRW5jb2RlPSJGYWxzZSIgVXNlVG9Hcm91cFJlc3VsdHM9IkZhbHNlIiAvPg0KICAgICAgICA8UXVlcnlTdHJpbmdQYXJhbWV0ZXIgTmFtZT0iTGlzdFZpZXdQYWdlVXJsIiBWYWx1ZT0iaHR0cHMlM0ElMkYlMkZzcC5jb3JkaXNzb2x1dGlvbnMuY29tJTJGQXBwczAwJTJGU2hhcmVkJTI1MjBEb2N1bWVudHMlMkZGb3JtcyUyRmRldGFpbCUyNTIwbGlzdCUyNTIwd28lMjUyMGZvbGRlcnMlMjUyMDAxLmFzcHgiIFJlY29yZGVkVmFsdWU9Imh0dHBzJTNBJTJGJTJGc3AuY29yZGlzc29sdXRpb25zLmNvbSUyRkFwcHMwMCUyRlNoYXJlZCUyNTIwRG9jdW1lbnRzJTJGRm9ybXMlMkZkZXRhaWwlMjUyMGxpc3QlMjUyMHdvJTI1MjBmb2xkZXJzJTI1MjAwMS5hc3B4IiBDb3JyZWxhdGlvbkJpbmRpbmc9IiIgVXJsRW5jb2RlPSJGYWxzZSIgVXNlVG9Hcm91cFJlc3VsdHM9IkZhbHNlIiAvPg0KICAgICAgICA8UXVlcnlTdHJpbmdQYXJhbWV0ZXIgTmFtZT0iSXNSaWJib24iIFZhbHVlPSJUUlVFIiBSZWNvcmRlZFZhbHVlPSJUUlVFIiBDb3JyZWxhdGlvbkJpbmRpbmc9IiIgVXJsRW5jb2RlPSJGYWxzZSIgVXNlVG9Hcm91cFJlc3VsdHM9IkZhbHNlIiAvPg0KICAgICAgICA8UXVlcnlTdHJpbmdQYXJhbWV0ZXIgTmFtZT0iQ21kIiBWYWx1ZT0iRWNiVmlldyIgUmVjb3JkZWRWYWx1ZT0iRWNiVmlldyIgQ29ycmVsYXRpb25CaW5kaW5nPSIiIFVybEVuY29kZT0iRmFsc2UiIFVzZVRvR3JvdXBSZXN1bHRzPSJGYWxzZSIgLz4NCiAgICAgICAgPFF1ZXJ5U3RyaW5nUGFyYW1ldGVyIE5hbWU9IlNvcnRGaWVsZCIgVmFsdWU9Ik1vZGlmaWVkIiBSZWNvcmRlZFZhbHVlPSJNb2RpZmllZCIgQ29ycmVsYXRpb25CaW5kaW5nPSIiIFVybEVuY29kZT0iRmFsc2UiIFVzZVRvR3JvdXBSZXN1bHRzPSJGYWxzZSIgLz4NCiAgICAgICAgPFF1ZXJ5U3RyaW5nUGFyYW1ldGVyIE5hbWU9IlNvcnREaXIiIFZhbHVlPSJEZXNjIiBSZWNvcmRlZFZhbHVlPSJEZXNjIiBDb3JyZWxhdGlvbkJpbmRpbmc9IiIgVXJsRW5jb2RlPSJGYWxzZSIgVXNlVG9Hcm91cFJlc3VsdHM9IkZhbHNlIiAvPg0KICAgICAgPC9RdWVyeVN0cmluZ1BhcmFtZXRlcnM+DQogICAgICA8Rm9ybVBvc3RIdHRwQm9keSAvPg0KICAgIDwvUmVxdWVzdD4NCiAgICA8UmVxdWVzdCBNZXRob2Q9IkdFVCIgR3VpZD0iMWVjMjhlMzQtZDM2OS00ZWM0LWFlZTEtNWJhYWY4NmQzYzM1IiBWZXJzaW9uPSIxLjEiIFVybD0iaHR0cHM6Ly9zcC5jb3JkaXNzb2x1dGlvbnMuY29tL0FwcHMwMC9fbGF5b3V0cy8xNS9jb21tYW5kdWkuYXNoeCIgVGhpbmtUaW1lPSIwIiBUaW1lb3V0PSIzMDAiIFBhcnNlRGVwZW5kZW50UmVxdWVzdHM9IlRydWUiIEZvbGxvd1JlZGlyZWN0cz0iVHJ1ZSIgUmVjb3JkUmVzdWx0PSJUcnVlIiBDYWNoZT0iRmFsc2UiIFJlc3BvbnNlVGltZUdvYWw9IjAiIEVuY29kaW5nPSJ1dGYtOCIgRXhwZWN0ZWRIdHRwU3RhdHVzQ29kZT0iMCIgRXhwZWN0ZWRSZXNwb25zZVVybD0iIiBSZXBvcnRpbmdOYW1lPSIiIElnbm9yZUh0dHBTdGF0dXNDb2RlPSJGYWxzZSI+DQogICAgICA8SGVhZGVycz4NCiAgICAgICAgPEhlYWRlciBOYW1lPSJYLVJlcXVlc3RlZC1XaXRoIiBWYWx1ZT0iWE1MSHR0cFJlcXVlc3QiIC8+DQogICAgICAgIDxIZWFkZXIgTmFtZT0iUmVmZXJlciIgVmFsdWU9Imh0dHBzOi8vc3AuY29yZGlzc29sdXRpb25zLmNvbS9BcHBzMDAvU2hhcmVkJTIwRG9jdW1lbnRzL0Zvcm1zL2RldGFpbCUyMGxpc3QlMjB3byUyMGZvbGRlcnMlMjAwMS5hc3B4IiAvPg0KICAgICAgPC9IZWFkZXJzPg0KICAgICAgPFF1ZXJ5U3RyaW5nUGFyYW1ldGVycz4NCiAgICAgICAgPFF1ZXJ5U3RyaW5nUGFyYW1ldGVyIE5hbWU9InZlciIgVmFsdWU9IjgyMzE1MzU1NiIgUmVjb3JkZWRWYWx1ZT0iODIzMTUzNTU2IiBDb3JyZWxhdGlvbkJpbmRpbmc9IiIgVXJsRW5jb2RlPSJGYWxzZSIgVXNlVG9Hcm91cFJlc3VsdHM9IkZhbHNlIiAvPg0KICAgICAgICA8UXVlcnlTdHJpbmdQYXJhbWV0ZXIgTmFtZT0ibGNpZCIgVmFsdWU9IjEwMzMiIFJlY29yZGVkVmFsdWU9IjEwMzMiIENvcnJlbGF0aW9uQmluZGluZz0iIiBVcmxFbmNvZGU9IkZhbHNlIiBVc2VUb0dyb3VwUmVzdWx0cz0iRmFsc2UiIC8+DQogICAgICAgIDxRdWVyeVN0cmluZ1BhcmFtZXRlciBOYW1lPSJxdCIgVmFsdWU9ImNvbW1hbmRoYW5kbGVycyIgUmVjb3JkZWRWYWx1ZT0iY29tbWFuZGhhbmRsZXJzIiBDb3JyZWxhdGlvbkJpbmRpbmc9IiIgVXJsRW5jb2RlPSJGYWxzZSIgVXNlVG9Hcm91cFJlc3VsdHM9IkZhbHNlIiAvPg0KICAgICAgPC9RdWVyeVN0cmluZ1BhcmFtZXRlcnM+DQogICAgPC9SZXF1ZXN0Pg0KICAgIDxSZXF1ZXN0IE1ldGhvZD0iUE9TVCIgR3VpZD0iMGUzMzA1MzYtYWM2MS00MTU0LWIxY2MtNmY1ZTcyODAwMmQ1IiBWZXJzaW9uPSIxLjEiIFVybD0iaHR0cHM6Ly9zcC5jb3JkaXNzb2x1dGlvbnMuY29tL0FwcHMwMC9fbGF5b3V0cy8xNS9jb21tYW5kdWkuYXNoeCIgVGhpbmtUaW1lPSIwIiBUaW1lb3V0PSIzMDAiIFBhcnNlRGVwZW5kZW50UmVxdWVzdHM9IlRydWUiIEZvbGxvd1JlZGlyZWN0cz0iVHJ1ZSIgUmVjb3JkUmVzdWx0PSJUcnVlIiBDYWNoZT0iRmFsc2UiIFJlc3BvbnNlVGltZUdvYWw9IjAiIEVuY29kaW5nPSJ1dGYtOCIgRXhwZWN0ZWRIdHRwU3RhdHVzQ29kZT0iMCIgRXhwZWN0ZWRSZXNwb25zZVVybD0iIiBSZXBvcnRpbmdOYW1lPSIiIElnbm9yZUh0dHBTdGF0dXNDb2RlPSJGYWxzZSI+DQogICAgICA8SGVhZGVycz4NCiAgICAgICAgPEhlYWRlciBOYW1lPSJYLVJlcXVlc3RlZC1XaXRoIiBWYWx1ZT0iWE1MSHR0cFJlcXVlc3QiIC8+DQogICAgICAgIDxIZWFkZXIgTmFtZT0iUmVmZXJlciIgVmFsdWU9Imh0dHBzOi8vc3AuY29yZGlzc29sdXRpb25zLmNvbS9BcHBzMDAvU2hhcmVkJTIwRG9jdW1lbnRzL0Zvcm1zL2RldGFpbCUyMGxpc3QlMjB3byUyMGZvbGRlcnMlMjAwMS5hc3B4IiAvPg0KICAgICAgPC9IZWFkZXJzPg0KICAgICAgPFF1ZXJ5U3RyaW5nUGFyYW1ldGVycz4NCiAgICAgICAgPFF1ZXJ5U3RyaW5nUGFyYW1ldGVyIE5hbWU9InZlciIgVmFsdWU9IjgyMzE1MzU1NiIgUmVjb3JkZWRWYWx1ZT0iODIzMTUzNTU2IiBDb3JyZWxhdGlvbkJpbmRpbmc9IiIgVXJsRW5jb2RlPSJGYWxzZSIgVXNlVG9Hcm91cFJlc3VsdHM9IkZhbHNlIiAvPg0KICAgICAgICA8UXVlcnlTdHJpbmdQYXJhbWV0ZXIgTmFtZT0iaWQiIFZhbHVlPSJSaWJib24uUmVhZCIgUmVjb3JkZWRWYWx1ZT0iUmliYm9uLlJlYWQiIENvcnJlbGF0aW9uQmluZGluZz0iIiBVcmxFbmNvZGU9IkZhbHNlIiBVc2VUb0dyb3VwUmVzdWx0cz0iRmFsc2UiIC8+DQogICAgICAgIDxRdWVyeVN0cmluZ1BhcmFtZXRlciBOYW1lPSJsY2lkIiBWYWx1ZT0iMTAzMyIgUmVjb3JkZWRWYWx1ZT0iMTAzMyIgQ29ycmVsYXRpb25CaW5kaW5nPSIiIFVybEVuY29kZT0iRmFsc2UiIFVzZVRvR3JvdXBSZXN1bHRzPSJGYWxzZSIgLz4NCiAgICAgICAgPFF1ZXJ5U3RyaW5nUGFyYW1ldGVyIE5hbWU9InF0IiBWYWx1ZT0icmliYm9udmlzaWJsZXRhYmRlZXAiIFJlY29yZGVkVmFsdWU9InJpYmJvbnZpc2libGV0YWJkZWVwIiBDb3JyZWxhdGlvbkJpbmRpbmc9IiIgVXJsRW5jb2RlPSJGYWxzZSIgVXNlVG9Hcm91cFJlc3VsdHM9IkZhbHNlIiAvPg0KICAgICAgPC9RdWVyeVN0cmluZ1BhcmFtZXRlcnM+DQogICAgICA8Rm9ybVBvc3RIdHRwQm9keSAvPg0KICAgIDwvUmVxdWVzdD4NCiAgICA8UmVxdWVzdCBNZXRob2Q9IkdFVCIgR3VpZD0iNTU1YTQzYTYtOGVmMC00YmRhLTk1YmItYTU0ZTA5MTI5MzA2IiBWZXJzaW9uPSIxLjEiIFVybD0iaHR0cHM6Ly9zcC5jb3JkaXNzb2x1dGlvbnMuY29tL0FwcHMwMC9fbGF5b3V0cy8xNS90ZW5hbnRhcHBpbmZvLmFzaHgiIFRoaW5rVGltZT0iMiIgVGltZW91dD0iMzAwIiBQYXJzZURlcGVuZGVudFJlcXVlc3RzPSJUcnVlIiBGb2xsb3dSZWRpcmVjdHM9IlRydWUiIFJlY29yZFJlc3VsdD0iVHJ1ZSIgQ2FjaGU9IkZhbHNlIiBSZXNwb25zZVRpbWVHb2FsPSIwIiBFbmNvZGluZz0idXRmLTgiIEV4cGVjdGVkSHR0cFN0YXR1c0NvZGU9IjAiIEV4cGVjdGVkUmVzcG9uc2VVcmw9IiIgUmVwb3J0aW5nTmFtZT0iIiBJZ25vcmVIdHRwU3RhdHVzQ29kZT0iRmFsc2UiPg0KICAgICAgPEhlYWRlcnM+DQogICAgICAgIDxIZWFkZXIgTmFtZT0iUmVmZXJlciIgVmFsdWU9Imh0dHBzOi8vc3AuY29yZGlzc29sdXRpb25zLmNvbS9BcHBzMDAvU2hhcmVkJTIwRG9jdW1lbnRzL0Zvcm1zL2RldGFpbCUyMGxpc3QlMjB3byUyMGZvbGRlcnMlMjAwMS5hc3B4IiAvPg0KICAgICAgPC9IZWFkZXJzPg0KICAgICAgPFF1ZXJ5U3RyaW5nUGFyYW1ldGVycz4NCiAgICAgICAgPFF1ZXJ5U3RyaW5nUGFyYW1ldGVyIE5hbWU9ImV0YWciIFZhbHVlPSIwIiBSZWNvcmRlZFZhbHVlPSIwIiBDb3JyZWxhdGlvbkJpbmRpbmc9IiIgVXJsRW5jb2RlPSJGYWxzZSIgVXNlVG9Hcm91cFJlc3VsdHM9IkZhbHNlIiAvPg0KICAgICAgICA8UXVlcnlTdHJpbmdQYXJhbWV0ZXIgTmFtZT0ibGNpZCIgVmFsdWU9IjEwMzMiIFJlY29yZGVkVmFsdWU9IjEwMzMiIENvcnJlbGF0aW9uQmluZGluZz0iIiBVcmxFbmNvZGU9IkZhbHNlIiBVc2VUb0dyb3VwUmVzdWx0cz0iRmFsc2UiIC8+DQogICAgICA8L1F1ZXJ5U3RyaW5nUGFyYW1ldGVycz4NCiAgICA8L1JlcXVlc3Q+DQogICAgPFJlcXVlc3QgTWV0aG9kPSJQT1NUIiBHdWlkPSIxOTNhYjlhNi0wOWQ2LTQ2MGEtYjI2My00NzkzOTBjZjgwNzQiIFZlcnNpb249IjEuMSIgVXJsPSJodHRwczovL3NwLmNvcmRpc3NvbHV0aW9ucy5jb20vQXBwczAwL19sYXlvdXRzLzE1L2NvbW1hbmR1aS5hc2h4IiBUaGlua1RpbWU9IjYiIFRpbWVvdXQ9IjMwMCIgUGFyc2VEZXBlbmRlbnRSZXF1ZXN0cz0iVHJ1ZSIgRm9sbG93UmVkaXJlY3RzPSJUcnVlIiBSZWNvcmRSZXN1bHQ9IlRydWUiIENhY2hlPSJGYWxzZSIgUmVzcG9uc2VUaW1lR29hbD0iMCIgRW5jb2Rpbmc9InV0Zi04IiBFeHBlY3RlZEh0dHBTdGF0dXNDb2RlPSIwIiBFeHBlY3RlZFJlc3BvbnNlVXJsPSIiIFJlcG9ydGluZ05hbWU9IiIgSWdub3JlSHR0cFN0YXR1c0NvZGU9IkZhbHNlIj4NCiAgICAgIDxIZWFkZXJzPg0KICAgICAgICA8SGVhZGVyIE5hbWU9IlgtUmVxdWVzdGVkLVdpdGgiIFZhbHVlPSJYTUxIdHRwUmVxdWVzdCIgLz4NCiAgICAgICAgPEhlYWRlciBOYW1lPSJSZWZlcmVyIiBWYWx1ZT0iaHR0cHM6Ly9zcC5jb3JkaXNzb2x1dGlvbnMuY29tL0FwcHMwMC9TaGFyZWQlMjBEb2N1bWVudHMvRm9ybXMvZGV0YWlsJTIwbGlzdCUyMHdvJTIwZm9sZGVycyUyMDAxLmFzcHgiIC8+DQogICAgICA8L0hlYWRlcnM+DQogICAgICA8UXVlcnlTdHJpbmdQYXJhbWV0ZXJzPg0KICAgICAgICA8UXVlcnlTdHJpbmdQYXJhbWV0ZXIgTmFtZT0idmVyIiBWYWx1ZT0iODIzMTUzNTU2IiBSZWNvcmRlZFZhbHVlPSI4MjMxNTM1NTYiIENvcnJlbGF0aW9uQmluZGluZz0iIiBVcmxFbmNvZGU9IkZhbHNlIiBVc2VUb0dyb3VwUmVzdWx0cz0iRmFsc2UiIC8+DQogICAgICAgIDxRdWVyeVN0cmluZ1BhcmFtZXRlciBOYW1lPSJpZCIgVmFsdWU9IlJpYmJvbi5Eb2N1bWVudCIgUmVjb3JkZWRWYWx1ZT0iUmliYm9uLkRvY3VtZW50IiBDb3JyZWxhdGlvbkJpbmRpbmc9IiIgVXJsRW5jb2RlPSJGYWxzZSIgVXNlVG9Hcm91cFJlc3VsdHM9IkZhbHNlIiAvPg0KICAgICAgICA8UXVlcnlTdHJpbmdQYXJhbWV0ZXIgTmFtZT0ibGNpZCIgVmFsdWU9IjEwMzMiIFJlY29yZGVkVmFsdWU9IjEwMzMiIENvcnJlbGF0aW9uQmluZGluZz0iIiBVcmxFbmNvZGU9IkZhbHNlIiBVc2VUb0dyb3VwUmVzdWx0cz0iRmFsc2UiIC8+DQogICAgICAgIDxRdWVyeVN0cmluZ1BhcmFtZXRlciBOYW1lPSJxdCIgVmFsdWU9InJpYmJvbnRhYiIgUmVjb3JkZWRWYWx1ZT0icmliYm9udGFiIiBDb3JyZWxhdGlvbkJpbmRpbmc9IiIgVXJsRW5jb2RlPSJGYWxzZSIgVXNlVG9Hcm91cFJlc3VsdHM9IkZhbHNlIiAvPg0KICAgICAgPC9RdWVyeVN0cmluZ1BhcmFtZXRlcnM+DQogICAgICA8Rm9ybVBvc3RIdHRwQm9keSAvPg0KICAgIDwvUmVxdWVzdD4NCiAgICA8UmVxdWVzdCBNZXRob2Q9IlBPU1QiIEd1aWQ9ImU5ODA4NGMzLWU1YWQtNDllZS04MmNkLTFjZTlmM2Y0NGI2NiIgVmVyc2lvbj0iMS4xIiBVcmw9Imh0dHBzOi8vc3AuY29yZGlzc29sdXRpb25zLmNvbS9BcHBzMDAvX3Z0aV9iaW4vY2xpZW50LnN2Yy9Qcm9jZXNzUXVlcnkiIFRoaW5rVGltZT0iMCIgVGltZW91dD0iMzAwIiBQYXJzZURlcGVuZGVudFJlcXVlc3RzPSJUcnVlIiBGb2xsb3dSZWRpcmVjdHM9IlRydWUiIFJlY29yZFJlc3VsdD0iVHJ1ZSIgQ2FjaGU9IkZhbHNlIiBSZXNwb25zZVRpbWVHb2FsPSIwIiBFbmNvZGluZz0idXRmLTgiIEV4cGVjdGVkSHR0cFN0YXR1c0NvZGU9IjAiIEV4cGVjdGVkUmVzcG9uc2VVcmw9IiIgUmVwb3J0aW5nTmFtZT0iIiBJZ25vcmVIdHRwU3RhdHVzQ29kZT0iRmFsc2UiPg0KICAgICAgPEhlYWRlcnM+DQogICAgICAgIDxIZWFkZXIgTmFtZT0iWC1SZXF1ZXN0ZWQtV2l0aCIgVmFsdWU9IlhNTEh0dHBSZXF1ZXN0IiAvPg0KICAgICAgICA8SGVhZGVyIE5hbWU9IlgtUmVxdWVzdERpZ2VzdCIgVmFsdWU9IjB4MURBMTYzQTQzOTFFNjYwRjAzMzgwRTBERThBN0FCRERDRTQ3MEQyNkYyOURCOTc1RDZBNjMxOUMwMTI5ODM4OUMzQjNDQjQyNTNBN0QyRjlGRUVEOEVFMzlGQzU2RjMxRUIxNzk3RTg3MDU2NjZFQkY3Q0U5MUNFNjEzODBERkIsMTIgSnVuIDIwMTggMTA6MTc6NTUgLTAwMDAiIC8+DQogICAgICAgIDxIZWFkZXIgTmFtZT0iUmVmZXJlciIgVmFsdWU9Imh0dHBzOi8vc3AuY29yZGlzc29sdXRpb25zLmNvbS9BcHBzMDAvU2hhcmVkJTIwRG9jdW1lbnRzL0Zvcm1zL2RldGFpbCUyMGxpc3QlMjB3byUyMGZvbGRlcnMlMjAwMS5hc3B4IiAvPg0KICAgICAgPC9IZWFkZXJzPg0KICAgICAgPFN0cmluZ0h0dHBCb2R5IENvbnRlbnRUeXBlPSJ0ZXh0L3htbCIgSW5zZXJ0Qnl0ZU9yZGVyTWFyaz0iRmFsc2UiPlBBQlNBR1VBY1FCMUFHVUFjd0IwQUNBQWVBQnRBR3dBYmdCekFEMEFJZ0JvQUhRQWRBQndBRG9BTHdBdkFITUFZd0JvQUdVQWJRQmhBSE1BTGdCdEFHa0FZd0J5QUc4QWN3QnZBR1lBZEFBdUFHTUFid0J0QUM4QWN3Qm9BR0VBY2dCbEFIQUFid0JwQUc0QWRBQXZBR01BYkFCcEFHVUFiZ0IwQUhFQWRRQmxBSElBZVFBdkFESUFNQUF3QURrQUlnQWdBRk1BWXdCb0FHVUFiUUJoQUZZQVpRQnlBSE1BYVFCdkFHNEFQUUFpQURFQU5RQXVBREFBTGdBd0FDNEFNQUFpQUNBQVRBQnBBR0lBY2dCaEFISUFlUUJXQUdVQWNnQnpBR2tBYndCdUFEMEFJZ0F4QURZQUxnQXdBQzRBTUFBdUFEQUFJZ0FnQUVFQWNBQndBR3dBYVFCakFHRUFkQUJwQUc4QWJnQk9BR0VBYlFCbEFEMEFJZ0JLQUdFQWRnQmhBSE1BWXdCeUFHa0FjQUIwQUNBQVRBQnBBR0lBY2dCaEFISUFlUUFpQUQ0QVBBQkJBR01BZEFCcEFHOEFiZ0J6QUQ0QVBBQkZBSGdBWXdCbEFIQUFkQUJwQUc4QWJnQklBR0VBYmdCa0FHd0FhUUJ1QUdjQVV3QmpBRzhBY0FCbEFGTUFhUUJ0QUhBQWJBQmxBQ0FBU1FCa0FEMEFJZ0F3QUNJQVBnQThBRThBWWdCcUFHVUFZd0IwQUZBQVlRQjBBR2dBSUFCSkFHUUFQUUFpQURNQUlnQWdBRThBWWdCcUFHVUFZd0IwQUZBQVlRQjBBR2dBU1FCa0FEMEFJZ0F5QUNJQUlBQXZBRDRBUEFCUEFHSUFhZ0JsQUdNQWRBQlFBR0VBZEFCb0FDQUFTUUJrQUQwQUlnQTFBQ0lBSUFCUEFHSUFhZ0JsQUdNQWRBQlFBR0VBZEFCb0FFa0FaQUE5QUNJQU5BQWlBQ0FBTHdBK0FEd0FUd0JpQUdvQVpRQmpBSFFBVUFCaEFIUUFhQUFnQUVrQVpBQTlBQ0lBTndBaUFDQUFUd0JpQUdvQVpRQmpBSFFBVUFCaEFIUUFhQUJKQUdRQVBRQWlBRFlBSWdBZ0FDOEFQZ0E4QUU4QVlnQnFBR1VBWXdCMEFGQUFZUUIwQUdnQUlBQkpBR1FBUFFBaUFEa0FJZ0FnQUU4QVlnQnFBR1VBWXdCMEFGQUFZUUIwQUdnQVNRQmtBRDBBSWdBNEFDSUFJQUF2QUQ0QVBBQlBBR0lBYWdCbEFHTUFkQUJRQUdFQWRBQm9BQ0FBU1FCa0FEMEFJZ0F4QURFQUlnQWdBRThBWWdCcUFHVUFZd0IwQUZBQVlRQjBBR2dBU1FCa0FEMEFJZ0F4QURBQUlnQWdBQzhBUGdBOEFGRUFkUUJsQUhJQWVRQWdBRWtBWkFBOUFDSUFNUUF5QUNJQUlBQlBBR0lBYWdCbEFHTUFkQUJRQUdFQWRBQm9BRWtBWkFBOUFDSUFNUUF3QUNJQVBnQThBRkVBZFFCbEFISUFlUUFnQUZNQVpRQnNBR1VBWXdCMEFFRUFiQUJzQUZBQWNnQnZBSEFBWlFCeUFIUUFhUUJsQUhNQVBRQWlBR1lBWVFCc0FITUFaUUFpQUQ0QVBBQlFBSElBYndCd0FHVUFjZ0IwQUdrQVpRQnpBRDRBUEFCUUFISUFid0J3QUdVQWNnQjBBSGtBSUFCT0FHRUFiUUJsQUQwQUlnQkdBR2tBYkFCbEFFd0FaUUJoQUdZQVVnQmxBR1lBSWdBZ0FGTUFZd0JoQUd3QVlRQnlBRkFBY2dCdkFIQUFaUUJ5QUhRQWVRQTlBQ0lBZEFCeUFIVUFaUUFpQUNBQUx3QStBRHdBTHdCUUFISUFid0J3QUdVQWNnQjBBR2tBWlFCekFENEFQQUF2QUZFQWRRQmxBSElBZVFBK0FEd0FMd0JSQUhVQVpRQnlBSGtBUGdBOEFFMEFaUUIwQUdnQWJ3QmtBQ0FBVGdCaEFHMEFaUUE5QUNJQVVnQmxBR01BZVFCakFHd0FaUUFpQUNBQVNRQmtBRDBBSWdBeEFETUFJZ0FnQUU4QVlnQnFBR1VBWXdCMEFGQUFZUUIwQUdnQVNRQmtBRDBBSWdBeEFEQUFJZ0FnQUM4QVBnQThBQzhBUlFCNEFHTUFaUUJ3QUhRQWFRQnZBRzRBU0FCaEFHNEFaQUJzQUdrQWJnQm5BRk1BWXdCdkFIQUFaUUJUQUdrQWJRQndBR3dBWlFBK0FEd0FMd0JCQUdNQWRBQnBBRzhBYmdCekFENEFQQUJQQUdJQWFnQmxBR01BZEFCUUFHRUFkQUJvQUhNQVBnQThBRk1BZEFCaEFIUUFhUUJqQUZBQWNnQnZBSEFBWlFCeUFIUUFlUUFnQUVrQVpBQTlBQ0lBTWdBaUFDQUFWQUI1QUhBQVpRQkpBR1FBUFFBaUFIc0FNd0EzQURRQU53QmhBR1FBWXdCa0FDMEFZUUF6QUdNQU13QXRBRFFBTVFCaUFEa0FMUUJpQUdZQVlRQmlBQzBBTkFCaEFEWUFOQUJrQUdRQU1nQm1BREVBWlFBd0FHRUFmUUFpQUNBQVRnQmhBRzBBWlFBOUFDSUFRd0IxQUhJQWNnQmxBRzRBZEFBaUFDQUFMd0ErQUR3QVVBQnlBRzhBY0FCbEFISUFkQUI1QUNBQVNRQmtBRDBBSWdBMEFDSUFJQUJRQUdFQWNnQmxBRzRBZEFCSkFHUUFQUUFpQURJQUlnQWdBRTRBWVFCdEFHVUFQUUFpQUZjQVpRQmlBQ0lBSUFBdkFENEFQQUJRQUhJQWJ3QndBR1VBY2dCMEFIa0FJQUJKQUdRQVBRQWlBRFlBSWdBZ0FGQUFZUUJ5QUdVQWJnQjBBRWtBWkFBOUFDSUFOQUFpQUNBQVRnQmhBRzBBWlFBOUFDSUFUQUJwQUhNQWRBQnpBQ0lBSUFBdkFENEFQQUJOQUdVQWRBQm9BRzhBWkFBZ0FFa0FaQUE5QUNJQU9BQWlBQ0FBVUFCaEFISUFaUUJ1QUhRQVNRQmtBRDBBSWdBMkFDSUFJQUJPQUdFQWJRQmxBRDBBSWdCSEFHVUFkQUJDQUhrQVNRQmtBQ0lBUGdBOEFGQUFZUUJ5QUdFQWJRQmxBSFFBWlFCeUFITUFQZ0E4QUZBQVlRQnlBR0VBYlFCbEFIUUFaUUJ5QUNBQVZBQjVBSEFBWlFBOUFDSUFVd0IwQUhJQWFRQnVBR2NBSWdBK0FIc0FSUUJFQURJQU9BQXhBRGtBTWdCQkFDMEFNd0JDQURZQU53QXRBRFFBTXdCRUFEZ0FMUUJDQUVFQU9BQkJBQzBBUkFCREFFTUFRUUF6QUVFQVF3QkZBRGNBUkFBd0FFSUFmUUE4QUM4QVVBQmhBSElBWVFCdEFHVUFkQUJsQUhJQVBnQThBQzhBVUFCaEFISUFZUUJ0QUdVQWRBQmxBSElBY3dBK0FEd0FMd0JOQUdVQWRBQm9BRzhBWkFBK0FEd0FUUUJsQUhRQWFBQnZBR1FBSUFCSkFHUUFQUUFpQURFQU1BQWlBQ0FBVUFCaEFISUFaUUJ1QUhRQVNRQmtBRDBBSWdBNEFDSUFJQUJPQUdFQWJRQmxBRDBBSWdCSEFHVUFkQUJKQUhRQVpRQnRBRUlBZVFCSkFHUUFJZ0ErQUR3QVVBQmhBSElBWVFCdEFHVUFkQUJsQUhJQWN3QStBRHdBVUFCaEFISUFZUUJ0QUdVQWRBQmxBSElBSUFCVUFIa0FjQUJsQUQwQUlnQk9BSFVBYlFCaUFHVUFjZ0FpQUQ0QU13QTBBRFVBTkFBOEFDOEFVQUJoQUhJQVlRQnRBR1VBZEFCbEFISUFQZ0E4QUM4QVVBQmhBSElBWVFCdEFHVUFkQUJsQUhJQWN3QStBRHdBTHdCTkFHVUFkQUJvQUc4QVpBQStBRHdBTHdCUEFHSUFhZ0JsQUdNQWRBQlFBR0VBZEFCb0FITUFQZ0E4QUM4QVVnQmxBSEVBZFFCbEFITUFkQUErQUE9PTwvU3RyaW5nSHR0cEJvZHk+DQogICAgPC9SZXF1ZXN0Pg0KICAgIDxSZXF1ZXN0IE1ldGhvZD0iR0VUIiBHdWlkPSJlMDM4NWY0Zi0yODcyLTQ0YWMtYjMyYS05OWNiMTYyNjk4ZDciIFZlcnNpb249IjEuMSIgVXJsPSJodHRwczovL3NwLmNvcmRpc3NvbHV0aW9ucy5jb20vQXBwczAwL1NoYXJlZCUyMERvY3VtZW50cy9Gb3Jtcy9kZXRhaWwlMjBsaXN0JTIwd28lMjBmb2xkZXJzJTIwMDEuYXNweCIgVGhpbmtUaW1lPSIwIiBUaW1lb3V0PSIzMDAiIFBhcnNlRGVwZW5kZW50UmVxdWVzdHM9IlRydWUiIEZvbGxvd1JlZGlyZWN0cz0iVHJ1ZSIgUmVjb3JkUmVzdWx0PSJUcnVlIiBDYWNoZT0iRmFsc2UiIFJlc3BvbnNlVGltZUdvYWw9IjAiIEVuY29kaW5nPSJ1dGYtOCIgRXhwZWN0ZWRIdHRwU3RhdHVzQ29kZT0iMCIgRXhwZWN0ZWRSZXNwb25zZVVybD0iaHR0cHM6Ly9zcC5jb3JkaXNzb2x1dGlvbnMuY29tL0FwcHMwMC9TaGFyZWQlMjBEb2N1bWVudHMvRm9ybXMvZGV0YWlsJTIwbGlzdCUyMHdvJTIwZm9sZGVycyUyMDAxLmFzcHg/SW5pdGlhbFRhYklkPVJpYmJvbiUyRURvY3VtZW50JmFtcDtWaXNpYmlsaXR5Q29udGV4dD1XU1NUYWJQZXJzaXN0ZW5jZSNJbnBsdmlld0hhc2hiZmFjYTkxZi05M2YyLTQ2MzItYWIzOS1lZWU5MmE1ZDA2YTI9U29ydEZpZWxkJTNETW9kaWZpZWQtU29ydERpciUzRERlc2MiIFJlcG9ydGluZ05hbWU9IiIgSWdub3JlSHR0cFN0YXR1c0NvZGU9IkZhbHNlIj4NCiAgICAgIDxRdWVyeVN0cmluZ1BhcmFtZXRlcnM+DQogICAgICAgIDxRdWVyeVN0cmluZ1BhcmFtZXRlciBOYW1lPSJJbml0aWFsVGFiSWQiIFZhbHVlPSJSaWJib24lMkVEb2N1bWVudCIgUmVjb3JkZWRWYWx1ZT0iUmliYm9uJTJFRG9jdW1lbnQiIENvcnJlbGF0aW9uQmluZGluZz0iIiBVcmxFbmNvZGU9IkZhbHNlIiBVc2VUb0dyb3VwUmVzdWx0cz0iRmFsc2UiIC8+DQogICAgICAgIDxRdWVyeVN0cmluZ1BhcmFtZXRlciBOYW1lPSJWaXNpYmlsaXR5Q29udGV4dCIgVmFsdWU9IldTU1RhYlBlcnNpc3RlbmNlIiBSZWNvcmRlZFZhbHVlPSJXU1NUYWJQZXJzaXN0ZW5jZSIgQ29ycmVsYXRpb25CaW5kaW5nPSJ7e1F1ZXJ5U3RyaW5nUGFyYW0xNjYzLlZpc2liaWxpdHlDb250ZXh0fX0iIFVybEVuY29kZT0iRmFsc2UiIFVzZVRvR3JvdXBSZXN1bHRzPSJGYWxzZSIgLz4NCiAgICAgIDwvUXVlcnlTdHJpbmdQYXJhbWV0ZXJzPg0KICAgICAgPEZvcm1Qb3N0SHR0cEJvZHk+DQogICAgICAgIDxGb3JtUG9zdFBhcmFtZXRlciBOYW1lPSJfd3BjbVdwaWQiIFZhbHVlPSIiIFJlY29yZGVkVmFsdWU9IiIgQ29ycmVsYXRpb25CaW5kaW5nPSIiIFVybEVuY29kZT0iVHJ1ZSIgLz4NCiAgICAgICAgPEZvcm1Qb3N0UGFyYW1ldGVyIE5hbWU9IndwY21WYWwiIFZhbHVlPSIiIFJlY29yZGVkVmFsdWU9IiIgQ29ycmVsYXRpb25CaW5kaW5nPSIiIFVybEVuY29kZT0iVHJ1ZSIgLz4NCiAgICAgICAgPEZvcm1Qb3N0UGFyYW1ldGVyIE5hbWU9Ik1TT1dlYlBhcnRQYWdlX1Bvc3RiYWNrU291cmNlIiBWYWx1ZT0iIiBSZWNvcmRlZFZhbHVlPSIiIENvcnJlbGF0aW9uQmluZGluZz0iIiBVcmxFbmNvZGU9IlRydWUiIC8+DQogICAgICAgIDxGb3JtUG9zdFBhcmFtZXRlciBOYW1lPSJNU09UbFBuX1NlbGVjdGVkV3BJZCIgVmFsdWU9IiIgUmVjb3JkZWRWYWx1ZT0iIiBDb3JyZWxhdGlvbkJpbmRpbmc9IiIgVXJsRW5jb2RlPSJUcnVlIiAvPg0KICAgICAgICA8Rm9ybVBvc3RQYXJhbWV0ZXIgTmFtZT0iTVNPVGxQbl9WaWV3IiBWYWx1ZT0iMCIgUmVjb3JkZWRWYWx1ZT0iMCIgQ29ycmVsYXRpb25CaW5kaW5nPSJ7e0Zvcm1Qb3N0UGFyYW01NC5NU09UbFBuX1ZpZXd9fSIgVXJsRW5jb2RlPSJUcnVlIiAvPg0KICAgICAgICA8Rm9ybVBvc3RQYXJhbWV0ZXIgTmFtZT0iTVNPVGxQbl9TaG93U2V0dGluZ3MiIFZhbHVlPSJGYWxzZSIgUmVjb3JkZWRWYWx1ZT0iRmFsc2UiIENvcnJlbGF0aW9uQmluZGluZz0ie3tGb3JtUG9zdFBhcmFtNTkuTVNPVGxQbl9TaG93U2V0dGluZ3N9fSIgVXJsRW5jb2RlPSJUcnVlIiAvPg0KICAgICAgICA8Rm9ybVBvc3RQYXJhbWV0ZXIgTmFtZT0iTVNPR2FsbGVyeV9TZWxlY3RlZExpYnJhcnkiIFZhbHVlPSIiIFJlY29yZGVkVmFsdWU9IiIgQ29ycmVsYXRpb25CaW5kaW5nPSIiIFVybEVuY29kZT0iVHJ1ZSIgLz4NCiAgICAgICAgPEZvcm1Qb3N0UGFyYW1ldGVyIE5hbWU9Ik1TT0dhbGxlcnlfRmlsdGVyU3RyaW5nIiBWYWx1ZT0iIiBSZWNvcmRlZFZhbHVlPSIiIENvcnJlbGF0aW9uQmluZGluZz0iIiBVcmxFbmNvZGU9IlRydWUiIC8+DQogICAgICAgIDxGb3JtUG9zdFBhcmFtZXRlciBOYW1lPSJNU09UbFBuX0J1dHRvbiIgVmFsdWU9Im5vbmUiIFJlY29yZGVkVmFsdWU9Im5vbmUiIENvcnJlbGF0aW9uQmluZGluZz0ie3tGb3JtUG9zdFBhcmFtNTUuTVNPVGxQbl9CdXR0b259fSIgVXJsRW5jb2RlPSJUcnVlIiAvPg0KICAgICAgICA8Rm9ybVBvc3RQYXJhbWV0ZXIgTmFtZT0iX19FVkVOVFRBUkdFVCIgVmFsdWU9IiIgUmVjb3JkZWRWYWx1ZT0iIiBDb3JyZWxhdGlvbkJpbmRpbmc9IiIgVXJsRW5jb2RlPSJUcnVlIiAvPg0KICAgICAgICA8Rm9ybVBvc3RQYXJhbWV0ZXIgTmFtZT0iX19FVkVOVEFSR1VNRU5UIiBWYWx1ZT0iIiBSZWNvcmRlZFZhbHVlPSIiIENvcnJlbGF0aW9uQmluZGluZz0iIiBVcmxFbmNvZGU9IlRydWUiIC8+DQogICAgICAgIDxGb3JtUG9zdFBhcmFtZXRlciBOYW1lPSJfX1JFUVVFU1RESUdFU1QiIFZhbHVlPSJ7e0Zvcm1Qb3N0UGFyYW02MC5fX1JFUVVFU1RESUdFU1R9fSIgUmVjb3JkZWRWYWx1ZT0iMHgxREExNjNBNDM5MUU2NjBGMDMzODBFMERFOEE3QUJERENFNDcwRDI2RjI5REI5NzVENkE2MzE5QzAxMjk4Mzg5QzNCM0NCNDI1M0E3RDJGOUZFRUQ4RUUzOUZDNTZGMzFFQjE3OTdFODcwNTY2NkVCRjdDRTkxQ0U2MTM4MERGQiwxMiBKdW4gMjAxOCAxMDoxNzo1NSAtMDAwMCIgQ29ycmVsYXRpb25CaW5kaW5nPSJ7e0Zvcm1Qb3N0UGFyYW02MC5fX1JFUVVFU1RESUdFU1R9fSIgVXJsRW5jb2RlPSJUcnVlIiAvPg0KICAgICAgICA8Rm9ybVBvc3RQYXJhbWV0ZXIgTmFtZT0iTVNPU1BXZWJQYXJ0TWFuYWdlcl9EaXNwbGF5TW9kZU5hbWUiIFZhbHVlPSJCcm93c2UiIFJlY29yZGVkVmFsdWU9IkJyb3dzZSIgQ29ycmVsYXRpb25CaW5kaW5nPSJ7e0Zvcm1Qb3N0UGFyYW02MS5NU09TUFdlYlBhcnRNYW5hZ2VyX0Rpc3BsYXlNb2RlTmFtZX19IiBVcmxFbmNvZGU9IlRydWUiIC8+DQogICAgICAgIDxGb3JtUG9zdFBhcmFtZXRlciBOYW1lPSJNU09TUFdlYlBhcnRNYW5hZ2VyX0V4aXRpbmdEZXNpZ25Nb2RlIiBWYWx1ZT0iZmFsc2UiIFJlY29yZGVkVmFsdWU9ImZhbHNlIiBDb3JyZWxhdGlvbkJpbmRpbmc9Int7Rm9ybVBvc3RQYXJhbTYyLk1TT1NQV2ViUGFydE1hbmFnZXJfRXhpdGluZ0Rlc2lnbk1vZGV9fSIgVXJsRW5jb2RlPSJUcnVlIiAvPg0KICAgICAgICA8Rm9ybVBvc3RQYXJhbWV0ZXIgTmFtZT0iTVNPV2ViUGFydFBhZ2VfU2hhcmVkIiBWYWx1ZT0iIiBSZWNvcmRlZFZhbHVlPSIiIENvcnJlbGF0aW9uQmluZGluZz0iIiBVcmxFbmNvZGU9IlRydWUiIC8+DQogICAgICAgIDxGb3JtUG9zdFBhcmFtZXRlciBOYW1lPSJNU09MYXlvdXRfTGF5b3V0Q2hhbmdlcyIgVmFsdWU9IiIgUmVjb3JkZWRWYWx1ZT0iIiBDb3JyZWxhdGlvbkJpbmRpbmc9IiIgVXJsRW5jb2RlPSJUcnVlIiAvPg0KICAgICAgICA8Rm9ybVBvc3RQYXJhbWV0ZXIgTmFtZT0iTVNPTGF5b3V0X0luRGVzaWduTW9kZSIgVmFsdWU9IiIgUmVjb3JkZWRWYWx1ZT0iIiBDb3JyZWxhdGlvbkJpbmRpbmc9IiIgVXJsRW5jb2RlPSJUcnVlIiAvPg0KICAgICAgICA8Rm9ybVBvc3RQYXJhbWV0ZXIgTmFtZT0iX3dwU2VsZWN0ZWQiIFZhbHVlPSJNU09ab25lQ2VsbF9XZWJQYXJ0V1BRMiIgUmVjb3JkZWRWYWx1ZT0iTVNPWm9uZUNlbGxfV2ViUGFydFdQUTIiIENvcnJlbGF0aW9uQmluZGluZz0ie3tGb3JtUG9zdFBhcmFtNjMuX3dwU2VsZWN0ZWR9fSIgVXJsRW5jb2RlPSJUcnVlIiAvPg0KICAgICAgICA8Rm9ybVBvc3RQYXJhbWV0ZXIgTmFtZT0iX3d6U2VsZWN0ZWQiIFZhbHVlPSIiIFJlY29yZGVkVmFsdWU9IiIgQ29ycmVsYXRpb25CaW5kaW5nPSIiIFVybEVuY29kZT0iVHJ1ZSIgLz4NCiAgICAgICAgPEZvcm1Qb3N0UGFyYW1ldGVyIE5hbWU9Ik1TT1NQV2ViUGFydE1hbmFnZXJfT2xkRGlzcGxheU1vZGVOYW1lIiBWYWx1ZT0iQnJvd3NlIiBSZWNvcmRlZFZhbHVlPSJCcm93c2UiIENvcnJlbGF0aW9uQmluZGluZz0ie3tGb3JtUG9zdFBhcmFtNjQuTVNPU1BXZWJQYXJ0TWFuYWdlcl9PbGREaXNwbGF5TW9kZU5hbWV9fSIgVXJsRW5jb2RlPSJUcnVlIiAvPg0KICAgICAgICA8Rm9ybVBvc3RQYXJhbWV0ZXIgTmFtZT0iTVNPU1BXZWJQYXJ0TWFuYWdlcl9TdGFydFdlYlBhcnRFZGl0aW5nTmFtZSIgVmFsdWU9ImZhbHNlIiBSZWNvcmRlZFZhbHVlPSJmYWxzZSIgQ29ycmVsYXRpb25CaW5kaW5nPSJ7e0Zvcm1Qb3N0UGFyYW02NS5NU09TUFdlYlBhcnRNYW5hZ2VyX1N0YXJ0V2ViUGFydEVkaXRpbmdOYW1lfX0iIFVybEVuY29kZT0iVHJ1ZSIgLz4NCiAgICAgICAgPEZvcm1Qb3N0UGFyYW1ldGVyIE5hbWU9Ik1TT1NQV2ViUGFydE1hbmFnZXJfRW5kV2ViUGFydEVkaXRpbmciIFZhbHVlPSJmYWxzZSIgUmVjb3JkZWRWYWx1ZT0iZmFsc2UiIENvcnJlbGF0aW9uQmluZGluZz0ie3tGb3JtUG9zdFBhcmFtNjYuTVNPU1BXZWJQYXJ0TWFuYWdlcl9FbmRXZWJQYXJ0RWRpdGluZ319IiBVcmxFbmNvZGU9IlRydWUiIC8+DQogICAgICAgIDxGb3JtUG9zdFBhcmFtZXRlciBOYW1lPSJfbWFpbnRhaW5Xb3Jrc3BhY2VTY3JvbGxQb3NpdGlvbiIgVmFsdWU9IjAiIFJlY29yZGVkVmFsdWU9IjAiIENvcnJlbGF0aW9uQmluZGluZz0ie3tGb3JtUG9zdFBhcmFtNTYuX21haW50YWluV29ya3NwYWNlU2Nyb2xsUG9zaXRpb259fSIgVXJsRW5jb2RlPSJUcnVlIiAvPg0KICAgICAgICA8Rm9ybVBvc3RQYXJhbWV0ZXIgTmFtZT0iX19WSUVXU1RBVEUiIFZhbHVlPSJ7e0Zvcm1Qb3N0UGFyYW02Ny5fX1ZJRVdTVEFURX19IiBSZWNvcmRlZFZhbHVlPSIvd0VQRHdVSk1qSTRNelExT0RjMUQyUVdBbVlQWkJZQ0FnRVBaQllFQWdFUFpCWUNBaGtQWkJZQ0FnTVBaQllDQWdFUFpCWUNaZzhVS3dBR1pBVXVhSFIwY0hNNkx5OXpjQzVsZUdObGJITjFjSEJ2Y25RdWIzSm5PalEwTXk5dGVTOVFaWEp6YjI0dVlYTndlQVVqYUhSMGNITTZMeTl6Y0M1bGVHTmxiSE4xY0hCdmNuUXViM0puT2pRME15OXRlUzhGSHk5QmNIQnpNREF2WDJ4aGVXOTFkSE12TVRVdmJYbHpkV0p6TG1GemNIZ0ZzUUV2UVhCd2N6QXdMMTlzWVhsdmRYUnpMekUxTDNKbFoybHZibUZzYzJWMGJtY3VZWE53ZUQ5MGVYQmxQWFZ6WlhJbWMyOTFjbU5sUFdoMGRIQnpKVE5CSlRKR0pUSkdjM0FsTWtWamIzSmthWE56YjJ4MWRHbHZibk1sTWtWamIyMGxNa1pCY0hCek1EQWxNa1pUYUdGeVpXUWxNakJFYjJOMWJXVnVkSE1sTWtaR2IzSnRjeVV5Um1SbGRHRnBiQ1V5TUd4cGMzUWxNakIzYnlVeU1HWnZiR1JsY25NbE1qQXdNU1V5UldGemNIZ0ZoUUpvZEhSd2N6b3ZMM053TG1WNFkyVnNjM1Z3Y0c5eWRDNXZjbWM2TkRRekwyMTVMMTlzWVhsdmRYUnpMekUxTDBWa2FYUlFjbTltYVd4bExtRnpjSGcvVlhObGNsTmxkSFJwYm1kelVISnZkbWxrWlhJOU1qTTBZbVl3WldRbE1rUTNNR1JpSlRKRU5ERTFPQ1V5UkdFek16SWxNa1EwWkdaa05qZ3pZalF4TkRnbVVtVjBkWEp1VlhKc1BXaDBkSEJ6SlROQkpUSkdKVEpHYzNBbE1rVmpiM0prYVhOemIyeDFkR2x2Ym5NbE1rVmpiMjBsTWtaQmNIQnpNREFsTWtaVGFHRnlaV1FsTWpCRWIyTjFiV1Z1ZEhNbE1rWkdiM0p0Y3lVeVJtUmxkR0ZwYkNVeU1HeHBjM1FsTWpCM2J5VXlNR1p2YkdSbGNuTWxNakF3TVNVeVJXRnpjSGhrQWdjUFpCWUlBZ0VQWkJZQ0FnRVBaQllDQlNablgySm1ZV05oT1RGbVh6a3paakpmTkRZek1sOWhZak01WDJWbFpUa3lZVFZrTURaaE1oQVBGZ1llQzFCaGNtRnRWbUZzZFdWek12UUlBQUVBQUFELy8vLy9BUUFBQUFBQUFBQU1BZ0FBQUZoTmFXTnliM052Wm5RdVUyaGhjbVZRYjJsdWRDd2dWbVZ5YzJsdmJqMHhOaTR3TGpBdU1Dd2dRM1ZzZEhWeVpUMXVaWFYwY21Gc0xDQlFkV0pzYVdOTFpYbFViMnRsYmowM01XVTVZbU5sTVRFeFpUazBNamxqQlFFQUFBQTlUV2xqY205emIyWjBMbE5vWVhKbFVHOXBiblF1VjJWaVVHRnlkRkJoWjJWekxsQmhjbUZ0WlhSbGNrNWhiV1ZXWVd4MVpVaGhjMmgwWVdKc1pRRUFBQUFGWDJOdmJHd0RIRk41YzNSbGJTNURiMnhzWldOMGFXOXVjeTVJWVhOb2RHRmliR1VDQUFBQUNRTUFBQUFFQXdBQUFCeFRlWE4wWlcwdVEyOXNiR1ZqZEdsdmJuTXVTR0Z6YUhSaFlteGxCd0FBQUFwTWIyRmtSbUZqZEc5eUIxWmxjbk5wYjI0SVEyOXRjR0Z5WlhJUVNHRnphRU52WkdWUWNtOTJhV1JsY2doSVlYTm9VMmw2WlFSTFpYbHpCbFpoYkhWbGN3QUFBd01BQlFVTENCeFRlWE4wWlcwdVEyOXNiR1ZqZEdsdmJuTXVTVU52YlhCaGNtVnlKRk41YzNSbGJTNURiMnhzWldOMGFXOXVjeTVKU0dGemFFTnZaR1ZRY205MmFXUmxjZ2pzVVRnL0RRQUFBQW9LRVFBQUFBa0VBQUFBQ1FVQUFBQVFCQUFBQUFzQUFBQUdCZ0FBQUE5T2IwRnVibTkxYm1ObGJXVnVkSE1HQndBQUFBcEdhV3gwWlhKTWFXNXJCZ2dBQUFBTmFXUlFjbVZ6Ulc1aFlteGxaQVlKQUFBQUNXOXdaVzVmYldWdWRRWUtBQUFBQ2xObGJHVmpkR1ZrU1VRR0N3QUFBQkJrZG5SZmNISmxkbkJoWjJWa1lYUmhCZ3dBQUFBUlpIWjBYM04wWVhKMGNHOXphWFJwYjI0R0RRQUFBQlZQY0dWdVRXVnVkVXRsZVVGalkyVnpjMmxpYkdVR0RnQUFBQkJrZG5SZmJtVjRkSEJoWjJWa1lYUmhCZzhBQUFBVGMyVnNaV04wWDJSbGMyVnNaV04wWDJGc2JBWVFBQUFBRkU1dlFXNXViM1Z1WTJWdFpXNTBjMGh2ZDFSdkVBVUFBQUFMQUFBQUJoRUFBQUJUVkdobGNtVWdZWEpsSUc1dklHbDBaVzF6SUhSdklITm9iM2NnYVc0Z2RHaHBjeUIyYVdWM0lHOW1JSFJvWlNBaVUyaGhjbVZrSUVSdlkzVnRaVzUwY3lJZ1pHOWpkVzFsYm5RZ2JHbGljbUZ5ZVM0R0VnQUFBQUUvQmhNQUFBQWdVSEpsYzJWdVkyVWdaVzVoWW14bFpDQm1iM0lnZEdocGN5QmpiMngxYlc0R0ZBQUFBQWxQY0dWdUlFMWxiblVHRlFBQUFBSXRNUVlXQUFBQVVWQmhaMlZrUFZSU1ZVVW1VR0ZuWldSUWNtVjJQVlJTVlVVbWNGOUJjSEJzYVdOaGRHbHZiajBtY0Y5QmNIQnpYM2d3TURJd1gwTnZiblJsYm5SZmVEQXdNakJmVkhsd1pUMG1jRjlKUkQweU1RWVhBQUFBQUFZWUFBQUFMbFZ6WlNCVFNFbEdWQ3RGVGxSRlVpQjBieUJ2Y0dWdUlIUm9aU0J0Wlc1MUlDaHVaWGNnZDJsdVpHOTNLUzRHR1FBQUFFTlFZV2RsWkQxVVVsVkZKbkJmUVhCd2JHbGpZWFJwYjI0OUpuQmZRWEJ3YzE5NE1EQXlNRjlEYjI1MFpXNTBYM2d3TURJd1gxUjVjR1U5Sm5CZlNVUTlORFkyQmhvQUFBQWNVMlZzWldOMElHOXlJR1JsYzJWc1pXTjBJR0ZzYkNCcGRHVnRjd1liQUFBQUsxUnZJR0ZrWkNCaElHNWxkeUJwZEdWdExDQmpiR2xqYXlBaVRtVjNJaUJ2Y2lBaVZYQnNiMkZrSWk0TEhoQkdhV3gwWlhKUGNHVnlZWFJwYjI1ek1vMEZBQUVBQUFELy8vLy9BUUFBQUFBQUFBQUVBUUFBQUpNQ1UzbHpkR1Z0TGtOdmJHeGxZM1JwYjI1ekxrZGxibVZ5YVdNdVJHbGpkR2x2Ym1GeWVXQXlXMXRUZVhOMFpXMHVVM1J5YVc1bkxDQnRjMk52Y214cFlpd2dWbVZ5YzJsdmJqMDBMakF1TUM0d0xDQkRkV3gwZFhKbFBXNWxkWFJ5WVd3c0lGQjFZbXhwWTB0bGVWUnZhMlZ1UFdJM04yRTFZelUyTVRrek5HVXdPRGxkTEZ0TmFXTnliM052Wm5RdVUyaGhjbVZRYjJsdWRDNVhaV0pRWVhKMFVHRm5aWE11Um1sc2RHVnlUM0JsY21GMGFXOXVMQ0JOYVdOeWIzTnZablF1VTJoaGNtVlFiMmx1ZEN3Z1ZtVnljMmx2YmoweE5pNHdMakF1TUN3Z1EzVnNkSFZ5WlQxdVpYVjBjbUZzTENCUWRXSnNhV05MWlhsVWIydGxiajAzTVdVNVltTmxNVEV4WlRrME1qbGpYVjBEQUFBQUIxWmxjbk5wYjI0SVEyOXRjR0Z5WlhJSVNHRnphRk5wZW1VQUF3QUlrZ0ZUZVhOMFpXMHVRMjlzYkdWamRHbHZibk11UjJWdVpYSnBZeTVIWlc1bGNtbGpSWEYxWVd4cGRIbERiMjF3WVhKbGNtQXhXMXRUZVhOMFpXMHVVM1J5YVc1bkxDQnRjMk52Y214cFlpd2dWbVZ5YzJsdmJqMDBMakF1TUM0d0xDQkRkV3gwZFhKbFBXNWxkWFJ5WVd3c0lGQjFZbXhwWTB0bGVWUnZhMlZ1UFdJM04yRTFZelUyTVRrek5HVXdPRGxkWFFnQUFBQUFDUUlBQUFBQUFBQUFCQUlBQUFDU0FWTjVjM1JsYlM1RGIyeHNaV04wYVc5dWN5NUhaVzVsY21sakxrZGxibVZ5YVdORmNYVmhiR2wwZVVOdmJYQmhjbVZ5WURGYlcxTjVjM1JsYlM1VGRISnBibWNzSUcxelkyOXliR2xpTENCV1pYSnphVzl1UFRRdU1DNHdMakFzSUVOMWJIUjFjbVU5Ym1WMWRISmhiQ3dnVUhWaWJHbGpTMlY1Vkc5clpXNDlZamMzWVRWak5UWXhPVE0wWlRBNE9WMWRBQUFBQUFzZURGOTJhV1YzUTI5MWJuUmxjbVprWkJZQ0FnRVBaQllDWmc5a0ZnUm1EeFlHSGd4R1pXRjBkWEpsVTJOdmNHVUZCRk5wZEdVZUNFeHZZMkYwYVc5dUJTRk5hV055YjNOdlpuUXVVMmhoY21WUWIybHVkQzVUZEdGdVpHRnlaRTFsYm5VZUIwZHliM1Z3U1dRRkVGWnBaWGRUWld4bFkzUnZjazFsYm5Wa0FnRVBEeFlDSGdsQlkyTmxjM05MWlhrRkFWZGtaQUlGRDJRV0FnSUNEMlFXQkFJQkQyUVdBZ0lERDJRV0FtWVBaQllFQWdNUFpCWUlBZ0VQRmdZZUUwTnNhV1Z1ZEU5dVEyeHBZMnRUWTNKcGNIUUZlVVZ1YzNWeVpWTmpjbWx3ZEVaMWJtTW9KM05vWVhKcGJtY3Vhbk1uTENBblJHbHpjR3hoZVZOb1lYSmxaRmRwZEdoRWFXRnNiMmNuTENCbWRXNWpkR2x2YmlBb0tTQjdJRVJwYzNCc1lYbFRhR0Z5WldSWGFYUm9SR2xoYkc5bktDZGNkVEF3TW1aQmNIQnpNREJjZFRBd01tWW5LVHNnZlNrZUtFTnNhV1Z1ZEU5dVEyeHBZMnRUWTNKcGNIUkRiMjUwWVdsdWFXNW5VSEpsWm1sNFpXUlZjbXdGZVVWdWMzVnlaVk5qY21sd2RFWjFibU1vSjNOb1lYSnBibWN1YW5NbkxDQW5SR2x6Y0d4aGVWTm9ZWEpsWkZkcGRHaEVhV0ZzYjJjbkxDQm1kVzVqZEdsdmJpQW9LU0I3SUVScGMzQnNZWGxUYUdGeVpXUlhhWFJvUkdsaGJHOW5LQ2RjZFRBd01tWkJjSEJ6TURCY2RUQXdNbVluS1RzZ2ZTa2VHRU5zYVdWdWRFOXVRMnhwWTJ0T1lYWnBaMkYwWlZWeWJHUmtBZ1VQRmdJZUIxWnBjMmxpYkdWb1pBSUxEeFlDSHdwb1pBSVNEMlFXQW1ZUER4WUdIaHhRY21WMmFXOTFjMEYxZEdodmNtbHVaMGwwWlcxV1pYSnphVzl1WlI0YVVISmxkbWx2ZFhOQmRYUm9iM0pwYm1kSmRHVnRUM2R1WlhKbEhoeFFjbVYyYVc5MWMwRjFkR2h2Y21sdVowTnZiblJ5YjJ4TmIyUmxDeW1JQVUxcFkzSnZjMjltZEM1VGFHRnlaVkJ2YVc1MExsZGxZa052Ym5SeWIyeHpMbE5RUTI5dWRISnZiRTF2WkdVc0lFMXBZM0p2YzI5bWRDNVRhR0Z5WlZCdmFXNTBMQ0JXWlhKemFXOXVQVEUyTGpBdU1DNHdMQ0JEZFd4MGRYSmxQVzVsZFhSeVlXd3NJRkIxWW14cFkwdGxlVlJ2YTJWdVBUY3haVGxpWTJVeE1URmxPVFF5T1dNQVpHUUNCQThQRmdJZkJnVUJMMlJrQWdNUFpCWUNBZ0VQWkJZQ0FnRVBaQllHQWdFUER4WUVIZ1JmSVZOQ0FnSWVDRU56YzBOc1lYTnpCUmR0Y3kxd2NtOXRiM1JsWkVGamRHbHZia0oxZEhSdmJtUmtBZ01QWkJZQ1pnOFBGZ1FmRGdJQ0h3OEZGMjF6TFhCeWIyMXZkR1ZrUVdOMGFXOXVRblYwZEc5dVpHUUNCUThQRmdZZkR3VVhiWE10Y0hKdmJXOTBaV1JCWTNScGIyNUNkWFIwYjI0ZkRnSUNId3BvWkdRQ0R3OWtGZ0lDQVE5a0ZnSUNBUTg4S3dBRkFRQVBGZ0llRlZCaGNtVnVkRXhsZG1Wc2MwUnBjM0JzWVhsbFpHWmtaQUlURDJRV0FnSUJEMlFXQmdJSEQyUVdBZ0lERHc4V0FoOEthR1JrQWdrUFpCWUNBZ0VQRmdJZkNtaGtBZzBQRHhZQ0h3cG9aQllDQWdFUFpCWUNaZzlrRmdJQ0F3OWtGZ0lDQlE5a0ZnSUNBUTg4S3dBSkFRQVBGZ1FlRFZCaGRHaFRaWEJoY21GMGIzSUVDQjROVG1WMlpYSkZlSEJoYm1SbFpHZGtaQmdCQlJkamRHd3dNQ1JVYjNCT1lYWnBaMkYwYVc5dVRXVnVkUThQWkFVVVNHOXRaVnhCY0hCeklDWWdVSEp2WkhWamRITms2L05XZVBSLzloYVNuRG5oNXhCc1FtcFNxTGJlUWJBT1g4RDJBSkZSUlB3PSIgQ29ycmVsYXRpb25CaW5kaW5nPSJ7e0Zvcm1Qb3N0UGFyYW02Ny5fX1ZJRVdTVEFURX19IiBVcmxFbmNvZGU9IlRydWUiIC8+DQogICAgICAgIDxGb3JtUG9zdFBhcmFtZXRlciBOYW1lPSJfX1ZJRVdTVEFURUdFTkVSQVRPUiIgVmFsdWU9IjA2RTJBRjE2IiBSZWNvcmRlZFZhbHVlPSIwNkUyQUYxNiIgQ29ycmVsYXRpb25CaW5kaW5nPSJ7e0Zvcm1Qb3N0UGFyYW02OC5fX1ZJRVdTVEFURUdFTkVSQVRPUn19IiBVcmxFbmNvZGU9IlRydWUiIC8+DQogICAgICAgIDxGb3JtUG9zdFBhcmFtZXRlciBOYW1lPSJfX1NDUk9MTFBPU0lUSU9OWCIgVmFsdWU9IjAiIFJlY29yZGVkVmFsdWU9IjAiIENvcnJlbGF0aW9uQmluZGluZz0ie3tGb3JtUG9zdFBhcmFtNTcuX19TQ1JPTExQT1NJVElPTlh9fSIgVXJsRW5jb2RlPSJUcnVlIiAvPg0KICAgICAgICA8Rm9ybVBvc3RQYXJhbWV0ZXIgTmFtZT0iX19TQ1JPTExQT1NJVElPTlkiIFZhbHVlPSIwIiBSZWNvcmRlZFZhbHVlPSIwIiBDb3JyZWxhdGlvbkJpbmRpbmc9Int7Rm9ybVBvc3RQYXJhbTU4Ll9fU0NST0xMUE9TSVRJT05ZfX0iIFVybEVuY29kZT0iVHJ1ZSIgLz4NCiAgICAgICAgPEZvcm1Qb3N0UGFyYW1ldGVyIE5hbWU9Il9fRVZFTlRWQUxJREFUSU9OIiBWYWx1ZT0ie3tGb3JtUG9zdFBhcmFtNjkuX19FVkVOVFZBTElEQVRJT059fSIgUmVjb3JkZWRWYWx1ZT0iL3dFZEFBT25EdUxaY3lUU2NIQ1h0RnZRb0dqUExtWHlZd0ErT2ZGYUc1QTJsejhuQ0xVZ0ZMcG5LT2p2QkFVMnRYbndEMHpyaXlUTk83MjN4V3JwRkxONFlSMlRSZ0I0Q2pBaTBzMGo2QXpranpKVGZRPT0iIENvcnJlbGF0aW9uQmluZGluZz0ie3tGb3JtUG9zdFBhcmFtNjkuX19FVkVOVFZBTElEQVRJT059fSIgVXJsRW5jb2RlPSJUcnVlIiAvPg0KICAgICAgICA8Rm9ybVBvc3RQYXJhbWV0ZXIgTmFtZT0iY3RsMDAkY3RsNDQkY3RsMDQiIFZhbHVlPSJSaWJib24uRG9jdW1lbnQiIFJlY29yZGVkVmFsdWU9IlJpYmJvbi5Eb2N1bWVudCIgQ29ycmVsYXRpb25CaW5kaW5nPSIiIFVybEVuY29kZT0iVHJ1ZSIgLz4NCiAgICAgIDwvRm9ybVBvc3RIdHRwQm9keT4NCiAgICA8L1JlcXVlc3Q+DQogICAgPFJlcXVlc3QgTWV0aG9kPSJQT1NUIiBHdWlkPSI3YWQ2MWNlNi04MjNhLTQxNDctOWQzZS1mNTYxODZjNmE1NDEiIFZlcnNpb249IjEuMSIgVXJsPSJodHRwczovL3NwLmNvcmRpc3NvbHV0aW9ucy5jb20vQXBwczAwL1NoYXJlZCUyMERvY3VtZW50cy9Gb3Jtcy9kZXRhaWwlMjBsaXN0JTIwd28lMjBmb2xkZXJzJTIwMDEuYXNweCIgVGhpbmtUaW1lPSIwIiBUaW1lb3V0PSIzMDAiIFBhcnNlRGVwZW5kZW50UmVxdWVzdHM9IlRydWUiIEZvbGxvd1JlZGlyZWN0cz0iVHJ1ZSIgUmVjb3JkUmVzdWx0PSJUcnVlIiBDYWNoZT0iRmFsc2UiIFJlc3BvbnNlVGltZUdvYWw9IjAiIEVuY29kaW5nPSJ1dGYtOCIgRXhwZWN0ZWRIdHRwU3RhdHVzQ29kZT0iMCIgRXhwZWN0ZWRSZXNwb25zZVVybD0iIiBSZXBvcnRpbmdOYW1lPSIiIElnbm9yZUh0dHBTdGF0dXNDb2RlPSJGYWxzZSI+DQogICAgICA8SGVhZGVycz4NCiAgICAgICAgPEhlYWRlciBOYW1lPSJSZWZlcmVyIiBWYWx1ZT0iaHR0cHM6Ly9zcC5jb3JkaXNzb2x1dGlvbnMuY29tL0FwcHMwMC9TaGFyZWQlMjBEb2N1bWVudHMvRm9ybXMvZGV0YWlsJTIwbGlzdCUyMHdvJTIwZm9sZGVycyUyMDAxLmFzcHgiIC8+DQogICAgICA8L0hlYWRlcnM+DQogICAgICA8UXVlcnlTdHJpbmdQYXJhbWV0ZXJzPg0KICAgICAgICA8UXVlcnlTdHJpbmdQYXJhbWV0ZXIgTmFtZT0iSW5pdGlhbFRhYklkIiBWYWx1ZT0iUmliYm9uJTJFRG9jdW1lbnQiIFJlY29yZGVkVmFsdWU9IlJpYmJvbiUyRURvY3VtZW50IiBDb3JyZWxhdGlvbkJpbmRpbmc9IiIgVXJsRW5jb2RlPSJGYWxzZSIgVXNlVG9Hcm91cFJlc3VsdHM9IkZhbHNlIiAvPg0KICAgICAgICA8UXVlcnlTdHJpbmdQYXJhbWV0ZXIgTmFtZT0iVmlzaWJpbGl0eUNvbnRleHQiIFZhbHVlPSJXU1NUYWJQZXJzaXN0ZW5jZSIgUmVjb3JkZWRWYWx1ZT0iV1NTVGFiUGVyc2lzdGVuY2UiIENvcnJlbGF0aW9uQmluZGluZz0ie3tRdWVyeVN0cmluZ1BhcmFtMTY4OC5WaXNpYmlsaXR5Q29udGV4dH19IiBVcmxFbmNvZGU9IkZhbHNlIiBVc2VUb0dyb3VwUmVzdWx0cz0iRmFsc2UiIC8+DQogICAgICA8L1F1ZXJ5U3RyaW5nUGFyYW1ldGVycz4NCiAgICAgIDxGb3JtUG9zdEh0dHBCb2R5Pg0KICAgICAgICA8Rm9ybVBvc3RQYXJhbWV0ZXIgTmFtZT0iX3dwY21XcGlkIiBWYWx1ZT0ie3skSElEREVOMS5fd3BjbVdwaWR9fSIgUmVjb3JkZWRWYWx1ZT0iIiBDb3JyZWxhdGlvbkJpbmRpbmc9IiIgVXJsRW5jb2RlPSJUcnVlIiAvPg0KICAgICAgICA8Rm9ybVBvc3RQYXJhbWV0ZXIgTmFtZT0id3BjbVZhbCIgVmFsdWU9Int7JEhJRERFTjEud3BjbVZhbH19IiBSZWNvcmRlZFZhbHVlPSIiIENvcnJlbGF0aW9uQmluZGluZz0iIiBVcmxFbmNvZGU9IlRydWUiIC8+DQogICAgICAgIDxGb3JtUG9zdFBhcmFtZXRlciBOYW1lPSJNU09XZWJQYXJ0UGFnZV9Qb3N0YmFja1NvdXJjZSIgVmFsdWU9Int7JEhJRERFTjEuTVNPV2ViUGFydFBhZ2VfUG9zdGJhY2tTb3VyY2V9fSIgUmVjb3JkZWRWYWx1ZT0iIiBDb3JyZWxhdGlvbkJpbmRpbmc9IiIgVXJsRW5jb2RlPSJUcnVlIiAvPg0KICAgICAgICA8Rm9ybVBvc3RQYXJhbWV0ZXIgTmFtZT0iTVNPVGxQbl9TZWxlY3RlZFdwSWQiIFZhbHVlPSJ7eyRISURERU4xLk1TT1RsUG5fU2VsZWN0ZWRXcElkfX0iIFJlY29yZGVkVmFsdWU9IiIgQ29ycmVsYXRpb25CaW5kaW5nPSIiIFVybEVuY29kZT0iVHJ1ZSIgLz4NCiAgICAgICAgPEZvcm1Qb3N0UGFyYW1ldGVyIE5hbWU9Ik1TT1RsUG5fVmlldyIgVmFsdWU9Int7JEhJRERFTjEuTVNPVGxQbl9WaWV3fX0iIFJlY29yZGVkVmFsdWU9IjAiIENvcnJlbGF0aW9uQmluZGluZz0iIiBVcmxFbmNvZGU9IlRydWUiIC8+DQogICAgICAgIDxGb3JtUG9zdFBhcmFtZXRlciBOYW1lPSJNU09UbFBuX1Nob3dTZXR0aW5ncyIgVmFsdWU9Int7JEhJRERFTjEuTVNPVGxQbl9TaG93U2V0dGluZ3N9fSIgUmVjb3JkZWRWYWx1ZT0iRmFsc2UiIENvcnJlbGF0aW9uQmluZGluZz0iIiBVcmxFbmNvZGU9IlRydWUiIC8+DQogICAgICAgIDxGb3JtUG9zdFBhcmFtZXRlciBOYW1lPSJNU09HYWxsZXJ5X1NlbGVjdGVkTGlicmFyeSIgVmFsdWU9Int7JEhJRERFTjEuTVNPR2FsbGVyeV9TZWxlY3RlZExpYnJhcnl9fSIgUmVjb3JkZWRWYWx1ZT0iIiBDb3JyZWxhdGlvbkJpbmRpbmc9IiIgVXJsRW5jb2RlPSJUcnVlIiAvPg0KICAgICAgICA8Rm9ybVBvc3RQYXJhbWV0ZXIgTmFtZT0iTVNPR2FsbGVyeV9GaWx0ZXJTdHJpbmciIFZhbHVlPSJ7eyRISURERU4xLk1TT0dhbGxlcnlfRmlsdGVyU3RyaW5nfX0iIFJlY29yZGVkVmFsdWU9IiIgQ29ycmVsYXRpb25CaW5kaW5nPSIiIFVybEVuY29kZT0iVHJ1ZSIgLz4NCiAgICAgICAgPEZvcm1Qb3N0UGFyYW1ldGVyIE5hbWU9Ik1TT1RsUG5fQnV0dG9uIiBWYWx1ZT0ie3skSElEREVOMS5NU09UbFBuX0J1dHRvbn19IiBSZWNvcmRlZFZhbHVlPSJub25lIiBDb3JyZWxhdGlvbkJpbmRpbmc9IiIgVXJsRW5jb2RlPSJUcnVlIiAvPg0KICAgICAgICA8Rm9ybVBvc3RQYXJhbWV0ZXIgTmFtZT0iX19FVkVOVFRBUkdFVCIgVmFsdWU9Int7JEhJRERFTjEuX19FVkVOVFRBUkdFVH19IiBSZWNvcmRlZFZhbHVlPSIiIENvcnJlbGF0aW9uQmluZGluZz0iIiBVcmxFbmNvZGU9IlRydWUiIC8+DQogICAgICAgIDxGb3JtUG9zdFBhcmFtZXRlciBOYW1lPSJfX0VWRU5UQVJHVU1FTlQiIFZhbHVlPSJ7eyRISURERU4xLl9fRVZFTlRBUkdVTUVOVH19IiBSZWNvcmRlZFZhbHVlPSIiIENvcnJlbGF0aW9uQmluZGluZz0iIiBVcmxFbmNvZGU9IlRydWUiIC8+DQogICAgICAgIDxGb3JtUG9zdFBhcmFtZXRlciBOYW1lPSJfX1JFUVVFU1RESUdFU1QiIFZhbHVlPSJ7eyRISURERU4xLl9fUkVRVUVTVERJR0VTVH19IiBSZWNvcmRlZFZhbHVlPSIweDFEQTE2M0E0MzkxRTY2MEYwMzM4MEUwREU4QTdBQkREQ0U0NzBEMjZGMjlEQjk3NUQ2QTYzMTlDMDEyOTgzODlDM0IzQ0I0MjUzQTdEMkY5RkVFRDhFRTM5RkM1NkYzMUVCMTc5N0U4NzA1NjY2RUJGN0NFOTFDRTYxMzgwREZCLDEyIEp1biAyMDE4IDEwOjE3OjU1IC0wMDAwIiBDb3JyZWxhdGlvbkJpbmRpbmc9IiIgVXJsRW5jb2RlPSJUcnVlIiAvPg0KICAgICAgICA8Rm9ybVBvc3RQYXJhbWV0ZXIgTmFtZT0iTVNPU1BXZWJQYXJ0TWFuYWdlcl9EaXNwbGF5TW9kZU5hbWUiIFZhbHVlPSJ7eyRISURERU4xLk1TT1NQV2ViUGFydE1hbmFnZXJfRGlzcGxheU1vZGVOYW1lfX0iIFJlY29yZGVkVmFsdWU9IkJyb3dzZSIgQ29ycmVsYXRpb25CaW5kaW5nPSIiIFVybEVuY29kZT0iVHJ1ZSIgLz4NCiAgICAgICAgPEZvcm1Qb3N0UGFyYW1ldGVyIE5hbWU9Ik1TT1NQV2ViUGFydE1hbmFnZXJfRXhpdGluZ0Rlc2lnbk1vZGUiIFZhbHVlPSJ7eyRISURERU4xLk1TT1NQV2ViUGFydE1hbmFnZXJfRXhpdGluZ0Rlc2lnbk1vZGV9fSIgUmVjb3JkZWRWYWx1ZT0iZmFsc2UiIENvcnJlbGF0aW9uQmluZGluZz0iIiBVcmxFbmNvZGU9IlRydWUiIC8+DQogICAgICAgIDxGb3JtUG9zdFBhcmFtZXRlciBOYW1lPSJNU09XZWJQYXJ0UGFnZV9TaGFyZWQiIFZhbHVlPSJ7eyRISURERU4xLk1TT1dlYlBhcnRQYWdlX1NoYXJlZH19IiBSZWNvcmRlZFZhbHVlPSIiIENvcnJlbGF0aW9uQmluZGluZz0iIiBVcmxFbmNvZGU9IlRydWUiIC8+DQogICAgICAgIDxGb3JtUG9zdFBhcmFtZXRlciBOYW1lPSJNU09MYXlvdXRfTGF5b3V0Q2hhbmdlcyIgVmFsdWU9Int7JEhJRERFTjEuTVNPTGF5b3V0X0xheW91dENoYW5nZXN9fSIgUmVjb3JkZWRWYWx1ZT0iIiBDb3JyZWxhdGlvbkJpbmRpbmc9IiIgVXJsRW5jb2RlPSJUcnVlIiAvPg0KICAgICAgICA8Rm9ybVBvc3RQYXJhbWV0ZXIgTmFtZT0iTVNPTGF5b3V0X0luRGVzaWduTW9kZSIgVmFsdWU9Int7JEhJRERFTjEuTVNPTGF5b3V0X0luRGVzaWduTW9kZX19IiBSZWNvcmRlZFZhbHVlPSIiIENvcnJlbGF0aW9uQmluZGluZz0iIiBVcmxFbmNvZGU9IlRydWUiIC8+DQogICAgICAgIDxGb3JtUG9zdFBhcmFtZXRlciBOYW1lPSJfd3BTZWxlY3RlZCIgVmFsdWU9Int7JEhJRERFTjEuX3dwU2VsZWN0ZWR9fSIgUmVjb3JkZWRWYWx1ZT0iTVNPWm9uZUNlbGxfV2ViUGFydFdQUTIiIENvcnJlbGF0aW9uQmluZGluZz0iIiBVcmxFbmNvZGU9IlRydWUiIC8+DQogICAgICAgIDxGb3JtUG9zdFBhcmFtZXRlciBOYW1lPSJfd3pTZWxlY3RlZCIgVmFsdWU9Int7JEhJRERFTjEuX3d6U2VsZWN0ZWR9fSIgUmVjb3JkZWRWYWx1ZT0iIiBDb3JyZWxhdGlvbkJpbmRpbmc9IiIgVXJsRW5jb2RlPSJUcnVlIiAvPg0KICAgICAgICA8Rm9ybVBvc3RQYXJhbWV0ZXIgTmFtZT0iTVNPU1BXZWJQYXJ0TWFuYWdlcl9PbGREaXNwbGF5TW9kZU5hbWUiIFZhbHVlPSJ7eyRISURERU4xLk1TT1NQV2ViUGFydE1hbmFnZXJfT2xkRGlzcGxheU1vZGVOYW1lfX0iIFJlY29yZGVkVmFsdWU9IkJyb3dzZSIgQ29ycmVsYXRpb25CaW5kaW5nPSIiIFVybEVuY29kZT0iVHJ1ZSIgLz4NCiAgICAgICAgPEZvcm1Qb3N0UGFyYW1ldGVyIE5hbWU9Ik1TT1NQV2ViUGFydE1hbmFnZXJfU3RhcnRXZWJQYXJ0RWRpdGluZ05hbWUiIFZhbHVlPSJ7eyRISURERU4xLk1TT1NQV2ViUGFydE1hbmFnZXJfU3RhcnRXZWJQYXJ0RWRpdGluZ05hbWV9fSIgUmVjb3JkZWRWYWx1ZT0iZmFsc2UiIENvcnJlbGF0aW9uQmluZGluZz0iIiBVcmxFbmNvZGU9IlRydWUiIC8+DQogICAgICAgIDxGb3JtUG9zdFBhcmFtZXRlciBOYW1lPSJNU09TUFdlYlBhcnRNYW5hZ2VyX0VuZFdlYlBhcnRFZGl0aW5nIiBWYWx1ZT0ie3skSElEREVOMS5NU09TUFdlYlBhcnRNYW5hZ2VyX0VuZFdlYlBhcnRFZGl0aW5nfX0iIFJlY29yZGVkVmFsdWU9ImZhbHNlIiBDb3JyZWxhdGlvbkJpbmRpbmc9IiIgVXJsRW5jb2RlPSJUcnVlIiAvPg0KICAgICAgICA8Rm9ybVBvc3RQYXJhbWV0ZXIgTmFtZT0iX21haW50YWluV29ya3NwYWNlU2Nyb2xsUG9zaXRpb24iIFZhbHVlPSJ7eyRISURERU4xLl9tYWludGFpbldvcmtzcGFjZVNjcm9sbFBvc2l0aW9ufX0iIFJlY29yZGVkVmFsdWU9IjAiIENvcnJlbGF0aW9uQmluZGluZz0iIiBVcmxFbmNvZGU9IlRydWUiIC8+DQogICAgICAgIDxGb3JtUG9zdFBhcmFtZXRlciBOYW1lPSJfX1ZJRVdTVEFURSIgVmFsdWU9Int7JEhJRERFTjEuX19WSUVXU1RBVEV9fSIgUmVjb3JkZWRWYWx1ZT0iL3dFUER3VUpNakk0TXpRMU9EYzFEMlFXQW1ZUFpCWUNBZ0VQWkJZRUFnRVBaQllDQWhrUFpCWUNBZ01QWkJZQ0FnRVBaQllDWmc4VUt3QUdaQVV1YUhSMGNITTZMeTl6Y0M1bGVHTmxiSE4xY0hCdmNuUXViM0puT2pRME15OXRlUzlRWlhKemIyNHVZWE53ZUFVamFIUjBjSE02THk5emNDNWxlR05sYkhOMWNIQnZjblF1YjNKbk9qUTBNeTl0ZVM4Rkh5OUJjSEJ6TURBdlgyeGhlVzkxZEhNdk1UVXZiWGx6ZFdKekxtRnpjSGdGc1FFdlFYQndjekF3TDE5c1lYbHZkWFJ6THpFMUwzSmxaMmx2Ym1Gc2MyVjBibWN1WVhOd2VEOTBlWEJsUFhWelpYSW1jMjkxY21ObFBXaDBkSEJ6SlROQkpUSkdKVEpHYzNBbE1rVmpiM0prYVhOemIyeDFkR2x2Ym5NbE1rVmpiMjBsTWtaQmNIQnpNREFsTWtaVGFHRnlaV1FsTWpCRWIyTjFiV1Z1ZEhNbE1rWkdiM0p0Y3lVeVJtUmxkR0ZwYkNVeU1HeHBjM1FsTWpCM2J5VXlNR1p2YkdSbGNuTWxNakF3TVNVeVJXRnpjSGdGaFFKb2RIUndjem92TDNOd0xtVjRZMlZzYzNWd2NHOXlkQzV2Y21jNk5EUXpMMjE1TDE5c1lYbHZkWFJ6THpFMUwwVmthWFJRY205bWFXeGxMbUZ6Y0hnL1ZYTmxjbE5sZEhScGJtZHpVSEp2ZG1sa1pYSTlNak0wWW1Zd1pXUWxNa1EzTUdSaUpUSkVOREUxT0NVeVJHRXpNeklsTWtRMFpHWmtOamd6WWpReE5EZ21VbVYwZFhKdVZYSnNQV2gwZEhCekpUTkJKVEpHSlRKR2MzQWxNa1ZqYjNKa2FYTnpiMngxZEdsdmJuTWxNa1ZqYjIwbE1rWkJjSEJ6TURBbE1rWlRhR0Z5WldRbE1qQkViMk4xYldWdWRITWxNa1pHYjNKdGN5VXlSbVJsZEdGcGJDVXlNR3hwYzNRbE1qQjNieVV5TUdadmJHUmxjbk1sTWpBd01TVXlSV0Z6Y0hoa0FnY1BaQllJQWdFUFpCWUNBZ0VQWkJZQ0JTWm5YMkptWVdOaE9URm1Yemt6WmpKZk5EWXpNbDloWWpNNVgyVmxaVGt5WVRWa01EWmhNaEFQRmdZZUMxQmhjbUZ0Vm1Gc2RXVnpNdlFJQUFFQUFBRC8vLy8vQVFBQUFBQUFBQUFNQWdBQUFGaE5hV055YjNOdlpuUXVVMmhoY21WUWIybHVkQ3dnVm1WeWMybHZiajB4Tmk0d0xqQXVNQ3dnUTNWc2RIVnlaVDF1WlhWMGNtRnNMQ0JRZFdKc2FXTkxaWGxVYjJ0bGJqMDNNV1U1WW1ObE1URXhaVGswTWpsakJRRUFBQUE5VFdsamNtOXpiMlowTGxOb1lYSmxVRzlwYm5RdVYyVmlVR0Z5ZEZCaFoyVnpMbEJoY21GdFpYUmxjazVoYldWV1lXeDFaVWhoYzJoMFlXSnNaUUVBQUFBRlgyTnZiR3dESEZONWMzUmxiUzVEYjJ4c1pXTjBhVzl1Y3k1SVlYTm9kR0ZpYkdVQ0FBQUFDUU1BQUFBRUF3QUFBQnhUZVhOMFpXMHVRMjlzYkdWamRHbHZibk11U0dGemFIUmhZbXhsQndBQUFBcE1iMkZrUm1GamRHOXlCMVpsY25OcGIyNElRMjl0Y0dGeVpYSVFTR0Z6YUVOdlpHVlFjbTkyYVdSbGNnaElZWE5vVTJsNlpRUkxaWGx6QmxaaGJIVmxjd0FBQXdNQUJRVUxDQnhUZVhOMFpXMHVRMjlzYkdWamRHbHZibk11U1VOdmJYQmhjbVZ5SkZONWMzUmxiUzVEYjJ4c1pXTjBhVzl1Y3k1SlNHRnphRU52WkdWUWNtOTJhV1JsY2dqc1VUZy9EUUFBQUFvS0VRQUFBQWtFQUFBQUNRVUFBQUFRQkFBQUFBc0FBQUFHQmdBQUFBOU9iMEZ1Ym05MWJtTmxiV1Z1ZEhNR0J3QUFBQXBHYVd4MFpYSk1hVzVyQmdnQUFBQU5hV1JRY21WelJXNWhZbXhsWkFZSkFBQUFDVzl3Wlc1ZmJXVnVkUVlLQUFBQUNsTmxiR1ZqZEdWa1NVUUdDd0FBQUJCa2RuUmZjSEpsZG5CaFoyVmtZWFJoQmd3QUFBQVJaSFowWDNOMFlYSjBjRzl6YVhScGIyNEdEUUFBQUJWUGNHVnVUV1Z1ZFV0bGVVRmpZMlZ6YzJsaWJHVUdEZ0FBQUJCa2RuUmZibVY0ZEhCaFoyVmtZWFJoQmc4QUFBQVRjMlZzWldOMFgyUmxjMlZzWldOMFgyRnNiQVlRQUFBQUZFNXZRVzV1YjNWdVkyVnRaVzUwYzBodmQxUnZFQVVBQUFBTEFBQUFCaEVBQUFCVFZHaGxjbVVnWVhKbElHNXZJR2wwWlcxeklIUnZJSE5vYjNjZ2FXNGdkR2hwY3lCMmFXVjNJRzltSUhSb1pTQWlVMmhoY21Wa0lFUnZZM1Z0Wlc1MGN5SWdaRzlqZFcxbGJuUWdiR2xpY21GeWVTNEdFZ0FBQUFFL0JoTUFBQUFnVUhKbGMyVnVZMlVnWlc1aFlteGxaQ0JtYjNJZ2RHaHBjeUJqYjJ4MWJXNEdGQUFBQUFsUGNHVnVJRTFsYm5VR0ZRQUFBQUl0TVFZV0FBQUFVVkJoWjJWa1BWUlNWVVVtVUdGblpXUlFjbVYyUFZSU1ZVVW1jRjlCY0hCc2FXTmhkR2x2YmowbWNGOUJjSEJ6WDNnd01ESXdYME52Ym5SbGJuUmZlREF3TWpCZlZIbHdaVDBtY0Y5SlJEMHlNUVlYQUFBQUFBWVlBQUFBTGxWelpTQlRTRWxHVkN0RlRsUkZVaUIwYnlCdmNHVnVJSFJvWlNCdFpXNTFJQ2h1WlhjZ2QybHVaRzkzS1M0R0dRQUFBRU5RWVdkbFpEMVVVbFZGSm5CZlFYQndiR2xqWVhScGIyNDlKbkJmUVhCd2MxOTRNREF5TUY5RGIyNTBaVzUwWDNnd01ESXdYMVI1Y0dVOUpuQmZTVVE5TkRZMkJob0FBQUFjVTJWc1pXTjBJRzl5SUdSbGMyVnNaV04wSUdGc2JDQnBkR1Z0Y3dZYkFBQUFLMVJ2SUdGa1pDQmhJRzVsZHlCcGRHVnRMQ0JqYkdsamF5QWlUbVYzSWlCdmNpQWlWWEJzYjJGa0lpNExIaEJHYVd4MFpYSlBjR1Z5WVhScGIyNXpNbzBGQUFFQUFBRC8vLy8vQVFBQUFBQUFBQUFFQVFBQUFKTUNVM2x6ZEdWdExrTnZiR3hsWTNScGIyNXpMa2RsYm1WeWFXTXVSR2xqZEdsdmJtRnllV0F5VzF0VGVYTjBaVzB1VTNSeWFXNW5MQ0J0YzJOdmNteHBZaXdnVm1WeWMybHZiajAwTGpBdU1DNHdMQ0JEZFd4MGRYSmxQVzVsZFhSeVlXd3NJRkIxWW14cFkwdGxlVlJ2YTJWdVBXSTNOMkUxWXpVMk1Ua3pOR1V3T0RsZExGdE5hV055YjNOdlpuUXVVMmhoY21WUWIybHVkQzVYWldKUVlYSjBVR0ZuWlhNdVJtbHNkR1Z5VDNCbGNtRjBhVzl1TENCTmFXTnliM052Wm5RdVUyaGhjbVZRYjJsdWRDd2dWbVZ5YzJsdmJqMHhOaTR3TGpBdU1Dd2dRM1ZzZEhWeVpUMXVaWFYwY21Gc0xDQlFkV0pzYVdOTFpYbFViMnRsYmowM01XVTVZbU5sTVRFeFpUazBNamxqWFYwREFBQUFCMVpsY25OcGIyNElRMjl0Y0dGeVpYSUlTR0Z6YUZOcGVtVUFBd0FJa2dGVGVYTjBaVzB1UTI5c2JHVmpkR2x2Ym5NdVIyVnVaWEpwWXk1SFpXNWxjbWxqUlhGMVlXeHBkSGxEYjIxd1lYSmxjbUF4VzF0VGVYTjBaVzB1VTNSeWFXNW5MQ0J0YzJOdmNteHBZaXdnVm1WeWMybHZiajAwTGpBdU1DNHdMQ0JEZFd4MGRYSmxQVzVsZFhSeVlXd3NJRkIxWW14cFkwdGxlVlJ2YTJWdVBXSTNOMkUxWXpVMk1Ua3pOR1V3T0RsZFhRZ0FBQUFBQ1FJQUFBQUFBQUFBQkFJQUFBQ1NBVk41YzNSbGJTNURiMnhzWldOMGFXOXVjeTVIWlc1bGNtbGpMa2RsYm1WeWFXTkZjWFZoYkdsMGVVTnZiWEJoY21WeVlERmJXMU41YzNSbGJTNVRkSEpwYm1jc0lHMXpZMjl5YkdsaUxDQldaWEp6YVc5dVBUUXVNQzR3TGpBc0lFTjFiSFIxY21VOWJtVjFkSEpoYkN3Z1VIVmliR2xqUzJWNVZHOXJaVzQ5WWpjM1lUVmpOVFl4T1RNMFpUQTRPVjFkQUFBQUFBc2VERjkyYVdWM1EyOTFiblJsY21aa1pCWUNBZ0VQWkJZQ1pnOWtGZ1JtRHhZR0hneEdaV0YwZFhKbFUyTnZjR1VGQkZOcGRHVWVDRXh2WTJGMGFXOXVCU0ZOYVdOeWIzTnZablF1VTJoaGNtVlFiMmx1ZEM1VGRHRnVaR0Z5WkUxbGJuVWVCMGR5YjNWd1NXUUZFRlpwWlhkVFpXeGxZM1J2Y2sxbGJuVmtBZ0VQRHhZQ0hnbEJZMk5sYzNOTFpYa0ZBVmRrWkFJRkQyUVdBZ0lDRDJRV0JBSUJEMlFXQWdJREQyUVdBbVlQWkJZRUFnTVBaQllJQWdFUEZnWWVFME5zYVdWdWRFOXVRMnhwWTJ0VFkzSnBjSFFGZVVWdWMzVnlaVk5qY21sd2RFWjFibU1vSjNOb1lYSnBibWN1YW5NbkxDQW5SR2x6Y0d4aGVWTm9ZWEpsWkZkcGRHaEVhV0ZzYjJjbkxDQm1kVzVqZEdsdmJpQW9LU0I3SUVScGMzQnNZWGxUYUdGeVpXUlhhWFJvUkdsaGJHOW5LQ2RjZFRBd01tWkJjSEJ6TURCY2RUQXdNbVluS1RzZ2ZTa2VLRU5zYVdWdWRFOXVRMnhwWTJ0VFkzSnBjSFJEYjI1MFlXbHVhVzVuVUhKbFptbDRaV1JWY213RmVVVnVjM1Z5WlZOamNtbHdkRVoxYm1Nb0ozTm9ZWEpwYm1jdWFuTW5MQ0FuUkdsemNHeGhlVk5vWVhKbFpGZHBkR2hFYVdGc2IyY25MQ0JtZFc1amRHbHZiaUFvS1NCN0lFUnBjM0JzWVhsVGFHRnlaV1JYYVhSb1JHbGhiRzluS0NkY2RUQXdNbVpCY0hCek1EQmNkVEF3TW1ZbktUc2dmU2tlR0VOc2FXVnVkRTl1UTJ4cFkydE9ZWFpwWjJGMFpWVnliR1JrQWdVUEZnSWVCMVpwYzJsaWJHVm9aQUlMRHhZQ0h3cG9aQUlTRDJRV0FtWVBEeFlHSGh4UWNtVjJhVzkxYzBGMWRHaHZjbWx1WjBsMFpXMVdaWEp6YVc5dVpSNGFVSEpsZG1sdmRYTkJkWFJvYjNKcGJtZEpkR1Z0VDNkdVpYSmxIaHhRY21WMmFXOTFjMEYxZEdodmNtbHVaME52Ym5SeWIyeE5iMlJsQ3ltSUFVMXBZM0p2YzI5bWRDNVRhR0Z5WlZCdmFXNTBMbGRsWWtOdmJuUnliMnh6TGxOUVEyOXVkSEp2YkUxdlpHVXNJRTFwWTNKdmMyOW1kQzVUYUdGeVpWQnZhVzUwTENCV1pYSnphVzl1UFRFMkxqQXVNQzR3TENCRGRXeDBkWEpsUFc1bGRYUnlZV3dzSUZCMVlteHBZMHRsZVZSdmEyVnVQVGN4WlRsaVkyVXhNVEZsT1RReU9XTUFaR1FDQkE4UEZnSWZCZ1VCTDJSa0FnTVBaQllDQWdFUFpCWUNBZ0VQWkJZR0FnRVBEeFlFSGdSZklWTkNBZ0llQ0VOemMwTnNZWE56QlJkdGN5MXdjbTl0YjNSbFpFRmpkR2x2YmtKMWRIUnZibVJrQWdNUFpCWUNaZzhQRmdRZkRnSUNIdzhGRjIxekxYQnliMjF2ZEdWa1FXTjBhVzl1UW5WMGRHOXVaR1FDQlE4UEZnWWZEd1VYYlhNdGNISnZiVzkwWldSQlkzUnBiMjVDZFhSMGIyNGZEZ0lDSHdwb1pHUUNEdzlrRmdJQ0FROWtGZ0lDQVE4OEt3QUZBUUFQRmdJZUZWQmhjbVZ1ZEV4bGRtVnNjMFJwYzNCc1lYbGxaR1prWkFJVEQyUVdBZ0lCRDJRV0JnSUhEMlFXQWdJRER3OFdBaDhLYUdSa0Fna1BaQllDQWdFUEZnSWZDbWhrQWcwUER4WUNId3BvWkJZQ0FnRVBaQllDWmc5a0ZnSUNBdzlrRmdJQ0JROWtGZ0lDQVE4OEt3QUpBUUFQRmdRZURWQmhkR2hUWlhCaGNtRjBiM0lFQ0I0TlRtVjJaWEpGZUhCaGJtUmxaR2RrWkJnQkJSZGpkR3d3TUNSVWIzQk9ZWFpwWjJGMGFXOXVUV1Z1ZFE4UFpBVVVTRzl0WlZ4QmNIQnpJQ1lnVUhKdlpIVmpkSE5rNi9OV2VQUi85aGFTbkRuaDV4QnNRbXBTcUxiZVFiQU9YOEQyQUpGUlJQdz0iIENvcnJlbGF0aW9uQmluZGluZz0iIiBVcmxFbmNvZGU9IlRydWUiIC8+DQogICAgICAgIDxGb3JtUG9zdFBhcmFtZXRlciBOYW1lPSJfX1ZJRVdTVEFURUdFTkVSQVRPUiIgVmFsdWU9Int7JEhJRERFTjEuX19WSUVXU1RBVEVHRU5FUkFUT1J9fSIgUmVjb3JkZWRWYWx1ZT0iMDZFMkFGMTYiIENvcnJlbGF0aW9uQmluZGluZz0iIiBVcmxFbmNvZGU9IlRydWUiIC8+DQogICAgICAgIDxGb3JtUG9zdFBhcmFtZXRlciBOYW1lPSJfX1NDUk9MTFBPU0lUSU9OWCIgVmFsdWU9Int7JEhJRERFTjEuX19TQ1JPTExQT1NJVElPTlh9fSIgUmVjb3JkZWRWYWx1ZT0iMCIgQ29ycmVsYXRpb25CaW5kaW5nPSIiIFVybEVuY29kZT0iVHJ1ZSIgLz4NCiAgICAgICAgPEZvcm1Qb3N0UGFyYW1ldGVyIE5hbWU9Il9fU0NST0xMUE9TSVRJT05ZIiBWYWx1ZT0ie3skSElEREVOMS5fX1NDUk9MTFBPU0lUSU9OWX19IiBSZWNvcmRlZFZhbHVlPSIwIiBDb3JyZWxhdGlvbkJpbmRpbmc9IiIgVXJsRW5jb2RlPSJUcnVlIiAvPg0KICAgICAgICA8Rm9ybVBvc3RQYXJhbWV0ZXIgTmFtZT0iX19FVkVOVFZBTElEQVRJT04iIFZhbHVlPSJ7eyRISURERU4xLl9fRVZFTlRWQUxJREFUSU9OfX0iIFJlY29yZGVkVmFsdWU9Ii93RWRBQU9uRHVMWmN5VFNjSENYdEZ2UW9HalBMbVh5WXdBK09mRmFHNUEybHo4bkNMVWdGTHBuS09qdkJBVTJ0WG53RDB6cml5VE5PNzIzeFdycEZMTjRZUjJUUmdCNENqQWkwczBqNkF6a2p6SlRmUT09IiBDb3JyZWxhdGlvbkJpbmRpbmc9IiIgVXJsRW5jb2RlPSJUcnVlIiAvPg0KICAgICAgICA8Rm9ybVBvc3RQYXJhbWV0ZXIgTmFtZT0iY3RsMDAkY3RsNDQkY3RsMDQiIFZhbHVlPSJSaWJib24uRG9jdW1lbnQiIFJlY29yZGVkVmFsdWU9IlJpYmJvbi5Eb2N1bWVudCIgQ29ycmVsYXRpb25CaW5kaW5nPSIiIFVybEVuY29kZT0iVHJ1ZSIgLz4NCiAgICAgIDwvRm9ybVBvc3RIdHRwQm9keT4NCiAgICA8L1JlcXVlc3Q+DQogICAgPFJlcXVlc3QgTWV0aG9kPSJHRVQiIEd1aWQ9ImIxZTgwMmFjLTc5MGMtNDA2Mi1iNWNmLWUzMWE4OGM1ODU5MSIgVmVyc2lvbj0iMS4xIiBVcmw9Imh0dHBzOi8vc3AuY29yZGlzc29sdXRpb25zLmNvbS9fbGF5b3V0cy8xNS9mb250cy9zaGVsbGljb25zLmVvdCIgVGhpbmtUaW1lPSIxIiBUaW1lb3V0PSIzMDAiIFBhcnNlRGVwZW5kZW50UmVxdWVzdHM9IlRydWUiIEZvbGxvd1JlZGlyZWN0cz0iVHJ1ZSIgUmVjb3JkUmVzdWx0PSJUcnVlIiBDYWNoZT0iRmFsc2UiIFJlc3BvbnNlVGltZUdvYWw9IjAiIEVuY29kaW5nPSJ1dGYtOCIgRXhwZWN0ZWRIdHRwU3RhdHVzQ29kZT0iMCIgRXhwZWN0ZWRSZXNwb25zZVVybD0iIiBSZXBvcnRpbmdOYW1lPSIiIElnbm9yZUh0dHBTdGF0dXNDb2RlPSJGYWxzZSI+DQogICAgICA8SGVhZGVycz4NCiAgICAgICAgPEhlYWRlciBOYW1lPSJSZWZlcmVyIiBWYWx1ZT0iaHR0cHM6Ly9zcC5jb3JkaXNzb2x1dGlvbnMuY29tL0FwcHMwMC9TaGFyZWQlMjBEb2N1bWVudHMvRm9ybXMvZGV0YWlsJTIwbGlzdCUyMHdvJTIwZm9sZGVycyUyMDAxLmFzcHg/SW5pdGlhbFRhYklkPVJpYmJvbi5Eb2N1bWVudCZhbXA7VmlzaWJpbGl0eUNvbnRleHQ9V1NTVGFiUGVyc2lzdGVuY2UiIC8+DQogICAgICA8L0hlYWRlcnM+DQogICAgICA8UXVlcnlTdHJpbmdQYXJhbWV0ZXJzPg0KICAgICAgICA8UXVlcnlTdHJpbmdQYXJhbWV0ZXIgTmFtZT0iIiBWYWx1ZT0iIiBSZWNvcmRlZFZhbHVlPSIiIENvcnJlbGF0aW9uQmluZGluZz0iIiBVcmxFbmNvZGU9IkZhbHNlIiBVc2VUb0dyb3VwUmVzdWx0cz0iRmFsc2UiIC8+DQogICAgICA8L1F1ZXJ5U3RyaW5nUGFyYW1ldGVycz4NCiAgICA8L1JlcXVlc3Q+DQogICAgPFJlcXVlc3QgTWV0aG9kPSJHRVQiIEd1aWQ9IjlmZTdkMGE5LWY4YzMtNDlhNy1iOTAwLTllNjg3ZjMwZWQ4YiIgVmVyc2lvbj0iMS4xIiBVcmw9Imh0dHBzOi8vc3AuY29yZGlzc29sdXRpb25zLmNvbS9BcHBzMDAvX2FwaS9zZWFyY2gvc2VhcmNoY2VudGVydXJsIiBUaGlua1RpbWU9IjAiIFRpbWVvdXQ9IjMwMCIgUGFyc2VEZXBlbmRlbnRSZXF1ZXN0cz0iVHJ1ZSIgRm9sbG93UmVkaXJlY3RzPSJUcnVlIiBSZWNvcmRSZXN1bHQ9IlRydWUiIENhY2hlPSJGYWxzZSIgUmVzcG9uc2VUaW1lR29hbD0iMCIgRW5jb2Rpbmc9InV0Zi04IiBFeHBlY3RlZEh0dHBTdGF0dXNDb2RlPSIwIiBFeHBlY3RlZFJlc3BvbnNlVXJsPSIiIFJlcG9ydGluZ05hbWU9IiIgSWdub3JlSHR0cFN0YXR1c0NvZGU9IkZhbHNlIj4NCiAgICAgIDxIZWFkZXJzPg0KICAgICAgICA8SGVhZGVyIE5hbWU9IkFjY2VwdCIgVmFsdWU9ImFwcGxpY2F0aW9uL2pzb247b2RhdGE9dmVyYm9zZSIgLz4NCiAgICAgICAgPEhlYWRlciBOYW1lPSJSZWZlcmVyIiBWYWx1ZT0iaHR0cHM6Ly9zcC5jb3JkaXNzb2x1dGlvbnMuY29tL0FwcHMwMC9TaGFyZWQlMjBEb2N1bWVudHMvRm9ybXMvZGV0YWlsJTIwbGlzdCUyMHdvJTIwZm9sZGVycyUyMDAxLmFzcHg/SW5pdGlhbFRhYklkPVJpYmJvbi5Eb2N1bWVudCZhbXA7VmlzaWJpbGl0eUNvbnRleHQ9V1NTVGFiUGVyc2lzdGVuY2UiIC8+DQogICAgICA8L0hlYWRlcnM+DQogICAgPC9SZXF1ZXN0Pg0KICAgIDxSZXF1ZXN0IE1ldGhvZD0iR0VUIiBHdWlkPSI2OTg1Mzc2Yy00NGFmLTQ3NzYtOWNlYi1kNDgyYjE5MWQyMmQiIFZlcnNpb249IjEuMSIgVXJsPSJodHRwczovL3NwLmNvcmRpc3NvbHV0aW9ucy5jb20vQXBwczAwL19sYXlvdXRzLzE1L2NvbW1hbmR1aS5hc2h4IiBUaGlua1RpbWU9IjAiIFRpbWVvdXQ9IjMwMCIgUGFyc2VEZXBlbmRlbnRSZXF1ZXN0cz0iVHJ1ZSIgRm9sbG93UmVkaXJlY3RzPSJUcnVlIiBSZWNvcmRSZXN1bHQ9IlRydWUiIENhY2hlPSJGYWxzZSIgUmVzcG9uc2VUaW1lR29hbD0iMCIgRW5jb2Rpbmc9InV0Zi04IiBFeHBlY3RlZEh0dHBTdGF0dXNDb2RlPSIwIiBFeHBlY3RlZFJlc3BvbnNlVXJsPSIiIFJlcG9ydGluZ05hbWU9IiIgSWdub3JlSHR0cFN0YXR1c0NvZGU9IkZhbHNlIj4NCiAgICAgIDxIZWFkZXJzPg0KICAgICAgICA8SGVhZGVyIE5hbWU9IlgtUmVxdWVzdGVkLVdpdGgiIFZhbHVlPSJYTUxIdHRwUmVxdWVzdCIgLz4NCiAgICAgICAgPEhlYWRlciBOYW1lPSJSZWZlcmVyIiBWYWx1ZT0iaHR0cHM6Ly9zcC5jb3JkaXNzb2x1dGlvbnMuY29tL0FwcHMwMC9TaGFyZWQlMjBEb2N1bWVudHMvRm9ybXMvZGV0YWlsJTIwbGlzdCUyMHdvJTIwZm9sZGVycyUyMDAxLmFzcHg/SW5pdGlhbFRhYklkPVJpYmJvbi5Eb2N1bWVudCZhbXA7VmlzaWJpbGl0eUNvbnRleHQ9V1NTVGFiUGVyc2lzdGVuY2UiIC8+DQogICAgICA8L0hlYWRlcnM+DQogICAgICA8UXVlcnlTdHJpbmdQYXJhbWV0ZXJzPg0KICAgICAgICA8UXVlcnlTdHJpbmdQYXJhbWV0ZXIgTmFtZT0idmVyIiBWYWx1ZT0iODIzMTUzNTU2IiBSZWNvcmRlZFZhbHVlPSI4MjMxNTM1NTYiIENvcnJlbGF0aW9uQmluZGluZz0iIiBVcmxFbmNvZGU9IkZhbHNlIiBVc2VUb0dyb3VwUmVzdWx0cz0iRmFsc2UiIC8+DQogICAgICAgIDxRdWVyeVN0cmluZ1BhcmFtZXRlciBOYW1lPSJsY2lkIiBWYWx1ZT0iMTAzMyIgUmVjb3JkZWRWYWx1ZT0iMTAzMyIgQ29ycmVsYXRpb25CaW5kaW5nPSIiIFVybEVuY29kZT0iRmFsc2UiIFVzZVRvR3JvdXBSZXN1bHRzPSJGYWxzZSIgLz4NCiAgICAgICAgPFF1ZXJ5U3RyaW5nUGFyYW1ldGVyIE5hbWU9InF0IiBWYWx1ZT0iY29tbWFuZGhhbmRsZXJzIiBSZWNvcmRlZFZhbHVlPSJjb21tYW5kaGFuZGxlcnMiIENvcnJlbGF0aW9uQmluZGluZz0iIiBVcmxFbmNvZGU9IkZhbHNlIiBVc2VUb0dyb3VwUmVzdWx0cz0iRmFsc2UiIC8+DQogICAgICA8L1F1ZXJ5U3RyaW5nUGFyYW1ldGVycz4NCiAgICA8L1JlcXVlc3Q+DQogICAgPFJlcXVlc3QgTWV0aG9kPSJQT1NUIiBHdWlkPSJhZmNkNTQ0Zi1hNDYwLTRiY2ItYjAzYS00MjI4MTZmYmM5ZTgiIFZlcnNpb249IjEuMSIgVXJsPSJodHRwczovL3NwLmNvcmRpc3NvbHV0aW9ucy5jb20vQXBwczAwL19sYXlvdXRzLzE1L2NvbW1hbmR1aS5hc2h4IiBUaGlua1RpbWU9IjAiIFRpbWVvdXQ9IjMwMCIgUGFyc2VEZXBlbmRlbnRSZXF1ZXN0cz0iVHJ1ZSIgRm9sbG93UmVkaXJlY3RzPSJUcnVlIiBSZWNvcmRSZXN1bHQ9IlRydWUiIENhY2hlPSJGYWxzZSIgUmVzcG9uc2VUaW1lR29hbD0iMCIgRW5jb2Rpbmc9InV0Zi04IiBFeHBlY3RlZEh0dHBTdGF0dXNDb2RlPSIwIiBFeHBlY3RlZFJlc3BvbnNlVXJsPSIiIFJlcG9ydGluZ05hbWU9IiIgSWdub3JlSHR0cFN0YXR1c0NvZGU9IkZhbHNlIj4NCiAgICAgIDxIZWFkZXJzPg0KICAgICAgICA8SGVhZGVyIE5hbWU9IlgtUmVxdWVzdGVkLVdpdGgiIFZhbHVlPSJYTUxIdHRwUmVxdWVzdCIgLz4NCiAgICAgICAgPEhlYWRlciBOYW1lPSJSZWZlcmVyIiBWYWx1ZT0iaHR0cHM6Ly9zcC5jb3JkaXNzb2x1dGlvbnMuY29tL0FwcHMwMC9TaGFyZWQlMjBEb2N1bWVudHMvRm9ybXMvZGV0YWlsJTIwbGlzdCUyMHdvJTIwZm9sZGVycyUyMDAxLmFzcHg/SW5pdGlhbFRhYklkPVJpYmJvbi5Eb2N1bWVudCZhbXA7VmlzaWJpbGl0eUNvbnRleHQ9V1NTVGFiUGVyc2lzdGVuY2UiIC8+DQogICAgICA8L0hlYWRlcnM+DQogICAgICA8UXVlcnlTdHJpbmdQYXJhbWV0ZXJzPg0KICAgICAgICA8UXVlcnlTdHJpbmdQYXJhbWV0ZXIgTmFtZT0idmVyIiBWYWx1ZT0iODIzMTUzNTU2IiBSZWNvcmRlZFZhbHVlPSI4MjMxNTM1NTYiIENvcnJlbGF0aW9uQmluZGluZz0iIiBVcmxFbmNvZGU9IkZhbHNlIiBVc2VUb0dyb3VwUmVzdWx0cz0iRmFsc2UiIC8+DQogICAgICAgIDxRdWVyeVN0cmluZ1BhcmFtZXRlciBOYW1lPSJpZCIgVmFsdWU9IlJpYmJvbi5Eb2N1bWVudCIgUmVjb3JkZWRWYWx1ZT0iUmliYm9uLkRvY3VtZW50IiBDb3JyZWxhdGlvbkJpbmRpbmc9IiIgVXJsRW5jb2RlPSJGYWxzZSIgVXNlVG9Hcm91cFJlc3VsdHM9IkZhbHNlIiAvPg0KICAgICAgICA8UXVlcnlTdHJpbmdQYXJhbWV0ZXIgTmFtZT0ibGNpZCIgVmFsdWU9IjEwMzMiIFJlY29yZGVkVmFsdWU9IjEwMzMiIENvcnJlbGF0aW9uQmluZGluZz0iIiBVcmxFbmNvZGU9IkZhbHNlIiBVc2VUb0dyb3VwUmVzdWx0cz0iRmFsc2UiIC8+DQogICAgICAgIDxRdWVyeVN0cmluZ1BhcmFtZXRlciBOYW1lPSJxdCIgVmFsdWU9InJpYmJvbnZpc2libGV0YWJkZWVwIiBSZWNvcmRlZFZhbHVlPSJyaWJib252aXNpYmxldGFiZGVlcCIgQ29ycmVsYXRpb25CaW5kaW5nPSIiIFVybEVuY29kZT0iRmFsc2UiIFVzZVRvR3JvdXBSZXN1bHRzPSJGYWxzZSIgLz4NCiAgICAgIDwvUXVlcnlTdHJpbmdQYXJhbWV0ZXJzPg0KICAgICAgPEZvcm1Qb3N0SHR0cEJvZHkgLz4NCiAgICA8L1JlcXVlc3Q+DQogICAgPFJlcXVlc3QgTWV0aG9kPSJHRVQiIEd1aWQ9IjNlYWQyZDgwLTdiNDYtNDg4ZS1iNTMyLWVhNmU2NDIzNjMwNSIgVmVyc2lvbj0iMS4xIiBVcmw9Imh0dHBzOi8vc3AuY29yZGlzc29sdXRpb25zLmNvbS9fbGF5b3V0cy8xNS9TY3JpcHRSZXN4LmFzaHgiIFRoaW5rVGltZT0iMCIgVGltZW91dD0iMzAwIiBQYXJzZURlcGVuZGVudFJlcXVlc3RzPSJUcnVlIiBGb2xsb3dSZWRpcmVjdHM9IlRydWUiIFJlY29yZFJlc3VsdD0iVHJ1ZSIgQ2FjaGU9IkZhbHNlIiBSZXNwb25zZVRpbWVHb2FsPSIwIiBFbmNvZGluZz0idXRmLTgiIEV4cGVjdGVkSHR0cFN0YXR1c0NvZGU9IjAiIEV4cGVjdGVkUmVzcG9uc2VVcmw9IiIgUmVwb3J0aW5nTmFtZT0iIiBJZ25vcmVIdHRwU3RhdHVzQ29kZT0iRmFsc2UiPg0KICAgICAgPEhlYWRlcnM+DQogICAgICAgIDxIZWFkZXIgTmFtZT0iUmVmZXJlciIgVmFsdWU9Imh0dHBzOi8vc3AuY29yZGlzc29sdXRpb25zLmNvbS9BcHBzMDAvU2hhcmVkJTIwRG9jdW1lbnRzL0Zvcm1zL2RldGFpbCUyMGxpc3QlMjB3byUyMGZvbGRlcnMlMjAwMS5hc3B4P0luaXRpYWxUYWJJZD1SaWJib24uRG9jdW1lbnQmYW1wO1Zpc2liaWxpdHlDb250ZXh0PVdTU1RhYlBlcnNpc3RlbmNlIiAvPg0KICAgICAgPC9IZWFkZXJzPg0KICAgICAgPFF1ZXJ5U3RyaW5nUGFyYW1ldGVycz4NCiAgICAgICAgPFF1ZXJ5U3RyaW5nUGFyYW1ldGVyIE5hbWU9ImN1bHR1cmUiIFZhbHVlPSJlbiUyRHVzIiBSZWNvcmRlZFZhbHVlPSJlbiUyRHVzIiBDb3JyZWxhdGlvbkJpbmRpbmc9IiIgVXJsRW5jb2RlPSJGYWxzZSIgVXNlVG9Hcm91cFJlc3VsdHM9IkZhbHNlIiAvPg0KICAgICAgICA8UXVlcnlTdHJpbmdQYXJhbWV0ZXIgTmFtZT0ibmFtZSIgVmFsdWU9IlNQJTJFVUklMkVQb2xpY3klMkVSZXNvdXJjZXMiIFJlY29yZGVkVmFsdWU9IlNQJTJFVUklMkVQb2xpY3klMkVSZXNvdXJjZXMiIENvcnJlbGF0aW9uQmluZGluZz0iIiBVcmxFbmNvZGU9IkZhbHNlIiBVc2VUb0dyb3VwUmVzdWx0cz0iRmFsc2UiIC8+DQogICAgICAgIDxRdWVyeVN0cmluZ1BhcmFtZXRlciBOYW1lPSJyZXYiIFZhbHVlPSJtMk52dG0xM0RSZ29kQ1ZpJTJCc1J1a3clM0QlM0QiIFJlY29yZGVkVmFsdWU9Im0yTnZ0bTEzRFJnb2RDVmklMkJzUnVrdyUzRCUzRCIgQ29ycmVsYXRpb25CaW5kaW5nPSIiIFVybEVuY29kZT0iRmFsc2UiIFVzZVRvR3JvdXBSZXN1bHRzPSJGYWxzZSIgLz4NCiAgICAgIDwvUXVlcnlTdHJpbmdQYXJhbWV0ZXJzPg0KICAgIDwvUmVxdWVzdD4NCiAgICA8UmVxdWVzdCBNZXRob2Q9IkdFVCIgR3VpZD0iNjRkNWQ5ZGMtMGM3Yi00YWNkLWFkNTUtNmM3NzU2NTdhMmQwIiBWZXJzaW9uPSIxLjEiIFVybD0iaHR0cHM6Ly9zcC5jb3JkaXNzb2x1dGlvbnMuY29tL19sYXlvdXRzLzE1L1NjcmlwdFJlc3guYXNoeCIgVGhpbmtUaW1lPSIwIiBUaW1lb3V0PSIzMDAiIFBhcnNlRGVwZW5kZW50UmVxdWVzdHM9IlRydWUiIEZvbGxvd1JlZGlyZWN0cz0iVHJ1ZSIgUmVjb3JkUmVzdWx0PSJUcnVlIiBDYWNoZT0iRmFsc2UiIFJlc3BvbnNlVGltZUdvYWw9IjAiIEVuY29kaW5nPSJ1dGYtOCIgRXhwZWN0ZWRIdHRwU3RhdHVzQ29kZT0iMCIgRXhwZWN0ZWRSZXNwb25zZVVybD0iIiBSZXBvcnRpbmdOYW1lPSIiIElnbm9yZUh0dHBTdGF0dXNDb2RlPSJGYWxzZSI+DQogICAgICA8SGVhZGVycz4NCiAgICAgICAgPEhlYWRlciBOYW1lPSJSZWZlcmVyIiBWYWx1ZT0iaHR0cHM6Ly9zcC5jb3JkaXNzb2x1dGlvbnMuY29tL0FwcHMwMC9TaGFyZWQlMjBEb2N1bWVudHMvRm9ybXMvZGV0YWlsJTIwbGlzdCUyMHdvJTIwZm9sZGVycyUyMDAxLmFzcHg/SW5pdGlhbFRhYklkPVJpYmJvbi5Eb2N1bWVudCZhbXA7VmlzaWJpbGl0eUNvbnRleHQ9V1NTVGFiUGVyc2lzdGVuY2UiIC8+DQogICAgICA8L0hlYWRlcnM+DQogICAgICA8UXVlcnlTdHJpbmdQYXJhbWV0ZXJzPg0KICAgICAgICA8UXVlcnlTdHJpbmdQYXJhbWV0ZXIgTmFtZT0iY3VsdHVyZSIgVmFsdWU9ImVuJTJEdXMiIFJlY29yZGVkVmFsdWU9ImVuJTJEdXMiIENvcnJlbGF0aW9uQmluZGluZz0iIiBVcmxFbmNvZGU9IkZhbHNlIiBVc2VUb0dyb3VwUmVzdWx0cz0iRmFsc2UiIC8+DQogICAgICAgIDxRdWVyeVN0cmluZ1BhcmFtZXRlciBOYW1lPSJuYW1lIiBWYWx1ZT0iU1AlMkVVSSUyRVBvbGljeSUyRVJlc291cmNlcyIgUmVjb3JkZWRWYWx1ZT0iU1AlMkVVSSUyRVBvbGljeSUyRVJlc291cmNlcyIgQ29ycmVsYXRpb25CaW5kaW5nPSIiIFVybEVuY29kZT0iRmFsc2UiIFVzZVRvR3JvdXBSZXN1bHRzPSJGYWxzZSIgLz4NCiAgICAgICAgPFF1ZXJ5U3RyaW5nUGFyYW1ldGVyIE5hbWU9InJldiIgVmFsdWU9Im0yTnZ0bTEzRFJnb2RDVmklMkJzUnVrdyUzRCUzRCIgUmVjb3JkZWRWYWx1ZT0ibTJOdnRtMTNEUmdvZENWaSUyQnNSdWt3JTNEJTNEIiBDb3JyZWxhdGlvbkJpbmRpbmc9IiIgVXJsRW5jb2RlPSJGYWxzZSIgVXNlVG9Hcm91cFJlc3VsdHM9IkZhbHNlIiAvPg0KICAgICAgPC9RdWVyeVN0cmluZ1BhcmFtZXRlcnM+DQogICAgPC9SZXF1ZXN0Pg0KICAgIDxSZXF1ZXN0IE1ldGhvZD0iUE9TVCIgR3VpZD0iZTczMWJjYTctZDY1Ny00YjBlLTg0MmUtOGQ2NTAzZGFlMDliIiBWZXJzaW9uPSIxLjEiIFVybD0iaHR0cHM6Ly9zcC5jb3JkaXNzb2x1dGlvbnMuY29tL0FwcHMwMC9fbGF5b3V0cy8xNS9pbnBsdmlldy5hc3B4IiBUaGlua1RpbWU9IjAiIFRpbWVvdXQ9IjMwMCIgUGFyc2VEZXBlbmRlbnRSZXF1ZXN0cz0iVHJ1ZSIgRm9sbG93UmVkaXJlY3RzPSJUcnVlIiBSZWNvcmRSZXN1bHQ9IlRydWUiIENhY2hlPSJGYWxzZSIgUmVzcG9uc2VUaW1lR29hbD0iMCIgRW5jb2Rpbmc9InV0Zi04IiBFeHBlY3RlZEh0dHBTdGF0dXNDb2RlPSIwIiBFeHBlY3RlZFJlc3BvbnNlVXJsPSIiIFJlcG9ydGluZ05hbWU9IiIgSWdub3JlSHR0cFN0YXR1c0NvZGU9IkZhbHNlIj4NCiAgICAgIDxIZWFkZXJzPg0KICAgICAgICA8SGVhZGVyIE5hbWU9IlJlZmVyZXIiIFZhbHVlPSJodHRwczovL3NwLmNvcmRpc3NvbHV0aW9ucy5jb20vQXBwczAwL1NoYXJlZCUyMERvY3VtZW50cy9Gb3Jtcy9kZXRhaWwlMjBsaXN0JTIwd28lMjBmb2xkZXJzJTIwMDEuYXNweD9Jbml0aWFsVGFiSWQ9UmliYm9uLkRvY3VtZW50JmFtcDtWaXNpYmlsaXR5Q29udGV4dD1XU1NUYWJQZXJzaXN0ZW5jZSIgLz4NCiAgICAgIDwvSGVhZGVycz4NCiAgICAgIDxRdWVyeVN0cmluZ1BhcmFtZXRlcnM+DQogICAgICAgIDxRdWVyeVN0cmluZ1BhcmFtZXRlciBOYW1lPSJMaXN0IiBWYWx1ZT0iJTdCRUQyODE5MkEtM0I2Ny00M0Q4LUJBOEEtRENDQTNBQ0U3RDBCJTdEIiBSZWNvcmRlZFZhbHVlPSIlN0JFRDI4MTkyQS0zQjY3LTQzRDgtQkE4QS1EQ0NBM0FDRTdEMEIlN0QiIENvcnJlbGF0aW9uQmluZGluZz0iIiBVcmxFbmNvZGU9IkZhbHNlIiBVc2VUb0dyb3VwUmVzdWx0cz0iRmFsc2UiIC8+DQogICAgICAgIDxRdWVyeVN0cmluZ1BhcmFtZXRlciBOYW1lPSJWaWV3IiBWYWx1ZT0iJTdCQkZBQ0E5MUYtOTNGMi00NjMyLUFCMzktRUVFOTJBNUQwNkEyJTdEIiBSZWNvcmRlZFZhbHVlPSIlN0JCRkFDQTkxRi05M0YyLTQ2MzItQUIzOS1FRUU5MkE1RDA2QTIlN0QiIENvcnJlbGF0aW9uQmluZGluZz0iIiBVcmxFbmNvZGU9IkZhbHNlIiBVc2VUb0dyb3VwUmVzdWx0cz0iRmFsc2UiIC8+DQogICAgICAgIDxRdWVyeVN0cmluZ1BhcmFtZXRlciBOYW1lPSJWaWV3Q291bnQiIFZhbHVlPSIwIiBSZWNvcmRlZFZhbHVlPSIwIiBDb3JyZWxhdGlvbkJpbmRpbmc9IiIgVXJsRW5jb2RlPSJGYWxzZSIgVXNlVG9Hcm91cFJlc3VsdHM9IkZhbHNlIiAvPg0KICAgICAgICA8UXVlcnlTdHJpbmdQYXJhbWV0ZXIgTmFtZT0iSXNYc2xWaWV3IiBWYWx1ZT0iVFJVRSIgUmVjb3JkZWRWYWx1ZT0iVFJVRSIgQ29ycmVsYXRpb25CaW5kaW5nPSIiIFVybEVuY29kZT0iRmFsc2UiIFVzZVRvR3JvdXBSZXN1bHRzPSJGYWxzZSIgLz4NCiAgICAgICAgPFF1ZXJ5U3RyaW5nUGFyYW1ldGVyIE5hbWU9IklzQ1NSIiBWYWx1ZT0iVFJVRSIgUmVjb3JkZWRWYWx1ZT0iVFJVRSIgQ29ycmVsYXRpb25CaW5kaW5nPSIiIFVybEVuY29kZT0iRmFsc2UiIFVzZVRvR3JvdXBSZXN1bHRzPSJGYWxzZSIgLz4NCiAgICAgICAgPFF1ZXJ5U3RyaW5nUGFyYW1ldGVyIE5hbWU9Ikxpc3RWaWV3UGFnZVVybCIgVmFsdWU9Imh0dHBzJTNBJTJGJTJGc3AuY29yZGlzc29sdXRpb25zLmNvbSUyRkFwcHMwMCUyRlNoYXJlZCUyNTIwRG9jdW1lbnRzJTJGRm9ybXMlMkZkZXRhaWwlMjUyMGxpc3QlMjUyMHdvJTI1MjBmb2xkZXJzJTI1MjAwMS5hc3B4IiBSZWNvcmRlZFZhbHVlPSJodHRwcyUzQSUyRiUyRnNwLmNvcmRpc3NvbHV0aW9ucy5jb20lMkZBcHBzMDAlMkZTaGFyZWQlMjUyMERvY3VtZW50cyUyRkZvcm1zJTJGZGV0YWlsJTI1MjBsaXN0JTI1MjB3byUyNTIwZm9sZGVycyUyNTIwMDEuYXNweCIgQ29ycmVsYXRpb25CaW5kaW5nPSIiIFVybEVuY29kZT0iRmFsc2UiIFVzZVRvR3JvdXBSZXN1bHRzPSJGYWxzZSIgLz4NCiAgICAgICAgPFF1ZXJ5U3RyaW5nUGFyYW1ldGVyIE5hbWU9IlNvcnRGaWVsZCIgVmFsdWU9Ik1vZGlmaWVkIiBSZWNvcmRlZFZhbHVlPSJNb2RpZmllZCIgQ29ycmVsYXRpb25CaW5kaW5nPSJ7e1F1ZXJ5U3RyaW5nUGFyYW0xOTY1LlNvcnRGaWVsZH19IiBVcmxFbmNvZGU9IkZhbHNlIiBVc2VUb0dyb3VwUmVzdWx0cz0iRmFsc2UiIC8+DQogICAgICAgIDxRdWVyeVN0cmluZ1BhcmFtZXRlciBOYW1lPSJTb3J0RGlyIiBWYWx1ZT0iRGVzYyIgUmVjb3JkZWRWYWx1ZT0iRGVzYyIgQ29ycmVsYXRpb25CaW5kaW5nPSJ7e1F1ZXJ5U3RyaW5nUGFyYW0xOTY2LlNvcnREaXJ9fSIgVXJsRW5jb2RlPSJGYWxzZSIgVXNlVG9Hcm91cFJlc3VsdHM9IkZhbHNlIiAvPg0KICAgICAgPC9RdWVyeVN0cmluZ1BhcmFtZXRlcnM+DQogICAgICA8Rm9ybVBvc3RIdHRwQm9keSAvPg0KICAgIDwvUmVxdWVzdD4NCiAgICA8UmVxdWVzdCBNZXRob2Q9IkdFVCIgR3VpZD0iYjlkMzY2ZmMtZWYwYi00NGEyLTgwY2YtMjg3MmI3NGE3YWM0IiBWZXJzaW9uPSIxLjEiIFVybD0iaHR0cHM6Ly9zcC5jb3JkaXNzb2x1dGlvbnMuY29tL0FwcHMwMC9fYXBpL3NlYXJjaC9zZWFyY2hjZW50ZXJ1cmwiIFRoaW5rVGltZT0iMCIgVGltZW91dD0iMzAwIiBQYXJzZURlcGVuZGVudFJlcXVlc3RzPSJUcnVlIiBGb2xsb3dSZWRpcmVjdHM9IlRydWUiIFJlY29yZFJlc3VsdD0iVHJ1ZSIgQ2FjaGU9IkZhbHNlIiBSZXNwb25zZVRpbWVHb2FsPSIwIiBFbmNvZGluZz0idXRmLTgiIEV4cGVjdGVkSHR0cFN0YXR1c0NvZGU9IjAiIEV4cGVjdGVkUmVzcG9uc2VVcmw9IiIgUmVwb3J0aW5nTmFtZT0iIiBJZ25vcmVIdHRwU3RhdHVzQ29kZT0iRmFsc2UiPg0KICAgICAgPEhlYWRlcnM+DQogICAgICAgIDxIZWFkZXIgTmFtZT0iQWNjZXB0IiBWYWx1ZT0iYXBwbGljYXRpb24vanNvbjtvZGF0YT12ZXJib3NlIiAvPg0KICAgICAgICA8SGVhZGVyIE5hbWU9IlJlZmVyZXIiIFZhbHVlPSJodHRwczovL3NwLmNvcmRpc3NvbHV0aW9ucy5jb20vQXBwczAwL1NoYXJlZCUyMERvY3VtZW50cy9Gb3Jtcy9kZXRhaWwlMjBsaXN0JTIwd28lMjBmb2xkZXJzJTIwMDEuYXNweD9Jbml0aWFsVGFiSWQ9UmliYm9uLkRvY3VtZW50JmFtcDtWaXNpYmlsaXR5Q29udGV4dD1XU1NUYWJQZXJzaXN0ZW5jZSIgLz4NCiAgICAgIDwvSGVhZGVycz4NCiAgICA8L1JlcXVlc3Q+DQogICAgPFJlcXVlc3QgTWV0aG9kPSJHRVQiIEd1aWQ9IjM0YTliZWVjLTkzZDQtNGU0My1iNDU4LTQ5ZTViYWUxNWQ4ZCIgVmVyc2lvbj0iMS4xIiBVcmw9Imh0dHBzOi8vc3AuY29yZGlzc29sdXRpb25zLmNvbS9BcHBzMDAvU2hhcmVkJTIwRG9jdW1lbnRzL0Zvcm1zL2FsbCUyMGRvY3VtZW50cy5hc3B4IiBUaGlua1RpbWU9IjAiIFRpbWVvdXQ9IjMwMCIgUGFyc2VEZXBlbmRlbnRSZXF1ZXN0cz0iVHJ1ZSIgRm9sbG93UmVkaXJlY3RzPSJUcnVlIiBSZWNvcmRSZXN1bHQ9IlRydWUiIENhY2hlPSJGYWxzZSIgUmVzcG9uc2VUaW1lR29hbD0iMCIgRW5jb2Rpbmc9InV0Zi04IiBFeHBlY3RlZEh0dHBTdGF0dXNDb2RlPSIwIiBFeHBlY3RlZFJlc3BvbnNlVXJsPSIiIFJlcG9ydGluZ05hbWU9IiIgSWdub3JlSHR0cFN0YXR1c0NvZGU9IkZhbHNlIj4NCiAgICAgIDxEZXBlbmRlbnRSZXF1ZXN0cz4NCiAgICAgICAgPFJlcXVlc3QgTWV0aG9kPSJHRVQiIEd1aWQ9ImE2ZGE1YmQzLTUyY2UtNGQyOC05ZTg1LTIyNWI1Y2U5YmRhYiIgVmVyc2lvbj0iMS4xIiBVcmw9Imh0dHBzOi8vc3AuY29yZGlzc29sdXRpb25zLmNvbS9BcHBzMDAvX2FwaS9NaWNyb3NvZnQuU2hhcmVQb2ludC5Qb3J0YWwuU3VpdGVOYXZEYXRhLkdldFN1aXRlTmF2RGF0YSIgVGhpbmtUaW1lPSIwIiBUaW1lb3V0PSIzMDAiIFBhcnNlRGVwZW5kZW50UmVxdWVzdHM9IlRydWUiIEZvbGxvd1JlZGlyZWN0cz0iVHJ1ZSIgUmVjb3JkUmVzdWx0PSJUcnVlIiBDYWNoZT0iRmFsc2UiIFJlc3BvbnNlVGltZUdvYWw9IjAiIEVuY29kaW5nPSJ1dGYtOCIgRXhwZWN0ZWRIdHRwU3RhdHVzQ29kZT0iMCIgRXhwZWN0ZWRSZXNwb25zZVVybD0iIiBSZXBvcnRpbmdOYW1lPSIiIElnbm9yZUh0dHBTdGF0dXNDb2RlPSJGYWxzZSI+DQogICAgICAgICAgPEhlYWRlcnM+DQogICAgICAgICAgICA8SGVhZGVyIE5hbWU9IkNvbnRlbnQtVHlwZSIgVmFsdWU9ImFwcGxpY2F0aW9uL3gtd3d3LWZvcm0tdXJsZW5jb2RlZCIgLz4NCiAgICAgICAgICAgIDxIZWFkZXIgTmFtZT0iQUNDRVBUIiBWYWx1ZT0iYXBwbGljYXRpb24vanNvbjsgb2RhdGEgPSB2ZXJib3NlIiAvPg0KICAgICAgICAgICAgPEhlYWRlciBOYW1lPSJSZWZlcmVyIiBWYWx1ZT0iaHR0cHM6Ly9zcC5jb3JkaXNzb2x1dGlvbnMuY29tL0FwcHMwMC9TaGFyZWQlMjBEb2N1bWVudHMvRm9ybXMvYWxsJTIwZG9jdW1lbnRzLmFzcHgiIC8+DQogICAgICAgICAgPC9IZWFkZXJzPg0KICAgICAgICAgIDxRdWVyeVN0cmluZ1BhcmFtZXRlcnM+DQogICAgICAgICAgICA8UXVlcnlTdHJpbmdQYXJhbWV0ZXIgTmFtZT0idiIgVmFsdWU9IjIiIFJlY29yZGVkVmFsdWU9IjIiIENvcnJlbGF0aW9uQmluZGluZz0iIiBVcmxFbmNvZGU9IkZhbHNlIiBVc2VUb0dyb3VwUmVzdWx0cz0iRmFsc2UiIC8+DQogICAgICAgICAgICA8UXVlcnlTdHJpbmdQYXJhbWV0ZXIgTmFtZT0iTG9jYWxlIiBWYWx1ZT0iZW4tVVMiIFJlY29yZGVkVmFsdWU9ImVuLVVTIiBDb3JyZWxhdGlvbkJpbmRpbmc9IiIgVXJsRW5jb2RlPSJGYWxzZSIgVXNlVG9Hcm91cFJlc3VsdHM9IkZhbHNlIiAvPg0KICAgICAgICAgIDwvUXVlcnlTdHJpbmdQYXJhbWV0ZXJzPg0KICAgICAgICAgIDxGb3JtUG9zdEh0dHBCb2R5IC8+DQogICAgICAgIDwvUmVxdWVzdD4NCiAgICAgICAgPFJlcXVlc3QgTWV0aG9kPSJHRVQiIEd1aWQ9Ijc2N2U3N2UwLWQyNjMtNGNiMi05OTA4LWRjNTllOGIyMDZiMSIgVmVyc2lvbj0iMS4xIiBVcmw9Imh0dHBzOi8vc3AuY29yZGlzc29sdXRpb25zLmNvbS9fbGF5b3V0cy8xNS9mb250cy9zaGVsbGljb25zLmVvdCIgVGhpbmtUaW1lPSIwIiBUaW1lb3V0PSIzMDAiIFBhcnNlRGVwZW5kZW50UmVxdWVzdHM9IlRydWUiIEZvbGxvd1JlZGlyZWN0cz0iVHJ1ZSIgUmVjb3JkUmVzdWx0PSJUcnVlIiBDYWNoZT0iRmFsc2UiIFJlc3BvbnNlVGltZUdvYWw9IjAiIEVuY29kaW5nPSJ1dGYtOCIgRXhwZWN0ZWRIdHRwU3RhdHVzQ29kZT0iMCIgRXhwZWN0ZWRSZXNwb25zZVVybD0iIiBSZXBvcnRpbmdOYW1lPSIiIElnbm9yZUh0dHBTdGF0dXNDb2RlPSJGYWxzZSI+DQogICAgICAgICAgPEhlYWRlcnM+DQogICAgICAgICAgICA8SGVhZGVyIE5hbWU9IlJlZmVyZXIiIFZhbHVlPSJodHRwczovL3NwLmNvcmRpc3NvbHV0aW9ucy5jb20vQXBwczAwL1NoYXJlZCUyMERvY3VtZW50cy9Gb3Jtcy9hbGwlMjBkb2N1bWVudHMuYXNweCIgLz4NCiAgICAgICAgICA8L0hlYWRlcnM+DQogICAgICAgICAgPFF1ZXJ5U3RyaW5nUGFyYW1ldGVycz4NCiAgICAgICAgICAgIDxRdWVyeVN0cmluZ1BhcmFtZXRlciBOYW1lPSIiIFZhbHVlPSIiIFJlY29yZGVkVmFsdWU9IiIgQ29ycmVsYXRpb25CaW5kaW5nPSIiIFVybEVuY29kZT0iRmFsc2UiIFVzZVRvR3JvdXBSZXN1bHRzPSJGYWxzZSIgLz4NCiAgICAgICAgICA8L1F1ZXJ5U3RyaW5nUGFyYW1ldGVycz4NCiAgICAgICAgPC9SZXF1ZXN0Pg0KICAgICAgICA8UmVxdWVzdCBNZXRob2Q9IkdFVCIgR3VpZD0iN2ZkY2EyYmQtMzJkZi00NDU4LTgwYWQtNGVlYjg4MGEwNDg3IiBWZXJzaW9uPSIxLjEiIFVybD0iaHR0cHM6Ly9zcC5jb3JkaXNzb2x1dGlvbnMuY29tL19sYXlvdXRzLzE1L2ZvbnRzL09mZmljZTM2NUljb25zLmVvdCIgVGhpbmtUaW1lPSIyIiBUaW1lb3V0PSIzMDAiIFBhcnNlRGVwZW5kZW50UmVxdWVzdHM9IlRydWUiIEZvbGxvd1JlZGlyZWN0cz0iVHJ1ZSIgUmVjb3JkUmVzdWx0PSJUcnVlIiBDYWNoZT0iRmFsc2UiIFJlc3BvbnNlVGltZUdvYWw9IjAiIEVuY29kaW5nPSJ1dGYtOCIgRXhwZWN0ZWRIdHRwU3RhdHVzQ29kZT0iMCIgRXhwZWN0ZWRSZXNwb25zZVVybD0iIiBSZXBvcnRpbmdOYW1lPSIiIElnbm9yZUh0dHBTdGF0dXNDb2RlPSJGYWxzZSI+DQogICAgICAgICAgPEhlYWRlcnM+DQogICAgICAgICAgICA8SGVhZGVyIE5hbWU9IlJlZmVyZXIiIFZhbHVlPSJodHRwczovL3NwLmNvcmRpc3NvbHV0aW9ucy5jb20vQXBwczAwL1NoYXJlZCUyMERvY3VtZW50cy9Gb3Jtcy9hbGwlMjBkb2N1bWVudHMuYXNweCIgLz4NCiAgICAgICAgICA8L0hlYWRlcnM+DQogICAgICAgICAgPFF1ZXJ5U3RyaW5nUGFyYW1ldGVycz4NCiAgICAgICAgICAgIDxRdWVyeVN0cmluZ1BhcmFtZXRlciBOYW1lPSIiIFZhbHVlPSIiIFJlY29yZGVkVmFsdWU9IiIgQ29ycmVsYXRpb25CaW5kaW5nPSIiIFVybEVuY29kZT0iRmFsc2UiIFVzZVRvR3JvdXBSZXN1bHRzPSJGYWxzZSIgLz4NCiAgICAgICAgICA8L1F1ZXJ5U3RyaW5nUGFyYW1ldGVycz4NCiAgICAgICAgPC9SZXF1ZXN0Pg0KICAgICAgICA8UmVxdWVzdCBNZXRob2Q9IkdFVCIgR3VpZD0iYTFlYzYyOTEtYjJkNS00OTNmLTk2YWUtNDQ0MjkwZjhjZmQxIiBWZXJzaW9uPSIxLjEiIFVybD0iaHR0cHM6Ly9zcC5jb3JkaXNzb2x1dGlvbnMuY29tL19sYXlvdXRzLzE1L1NjcmlwdFJlc3guYXNoeCIgVGhpbmtUaW1lPSIwIiBUaW1lb3V0PSIzMDAiIFBhcnNlRGVwZW5kZW50UmVxdWVzdHM9IlRydWUiIEZvbGxvd1JlZGlyZWN0cz0iVHJ1ZSIgUmVjb3JkUmVzdWx0PSJUcnVlIiBDYWNoZT0iRmFsc2UiIFJlc3BvbnNlVGltZUdvYWw9IjAiIEVuY29kaW5nPSJ1dGYtOCIgRXhwZWN0ZWRIdHRwU3RhdHVzQ29kZT0iMCIgRXhwZWN0ZWRSZXNwb25zZVVybD0iIiBSZXBvcnRpbmdOYW1lPSIiIElnbm9yZUh0dHBTdGF0dXNDb2RlPSJGYWxzZSI+DQogICAgICAgICAgPEhlYWRlcnM+DQogICAgICAgICAgICA8SGVhZGVyIE5hbWU9IlJlZmVyZXIiIFZhbHVlPSJodHRwczovL3NwLmNvcmRpc3NvbHV0aW9ucy5jb20vQXBwczAwL1NoYXJlZCUyMERvY3VtZW50cy9Gb3Jtcy9hbGwlMjBkb2N1bWVudHMuYXNweCIgLz4NCiAgICAgICAgICA8L0hlYWRlcnM+DQogICAgICAgICAgPFF1ZXJ5U3RyaW5nUGFyYW1ldGVycz4NCiAgICAgICAgICAgIDxRdWVyeVN0cmluZ1BhcmFtZXRlciBOYW1lPSJjdWx0dXJlIiBWYWx1ZT0iZW4lMkR1cyIgUmVjb3JkZWRWYWx1ZT0iZW4lMkR1cyIgQ29ycmVsYXRpb25CaW5kaW5nPSIiIFVybEVuY29kZT0iRmFsc2UiIFVzZVRvR3JvdXBSZXN1bHRzPSJGYWxzZSIgLz4NCiAgICAgICAgICAgIDxRdWVyeVN0cmluZ1BhcmFtZXRlciBOYW1lPSJuYW1lIiBWYWx1ZT0iU1AlMkVVSSUyRVBvbGljeSUyRVJlc291cmNlcyIgUmVjb3JkZWRWYWx1ZT0iU1AlMkVVSSUyRVBvbGljeSUyRVJlc291cmNlcyIgQ29ycmVsYXRpb25CaW5kaW5nPSIiIFVybEVuY29kZT0iRmFsc2UiIFVzZVRvR3JvdXBSZXN1bHRzPSJGYWxzZSIgLz4NCiAgICAgICAgICAgIDxRdWVyeVN0cmluZ1BhcmFtZXRlciBOYW1lPSJyZXYiIFZhbHVlPSJtMk52dG0xM0RSZ29kQ1ZpJTJCc1J1a3clM0QlM0QiIFJlY29yZGVkVmFsdWU9Im0yTnZ0bTEzRFJnb2RDVmklMkJzUnVrdyUzRCUzRCIgQ29ycmVsYXRpb25CaW5kaW5nPSIiIFVybEVuY29kZT0iRmFsc2UiIFVzZVRvR3JvdXBSZXN1bHRzPSJGYWxzZSIgLz4NCiAgICAgICAgICA8L1F1ZXJ5U3RyaW5nUGFyYW1ldGVycz4NCiAgICAgICAgPC9SZXF1ZXN0Pg0KICAgICAgICA8UmVxdWVzdCBNZXRob2Q9IkdFVCIgR3VpZD0iNTQ1Yjg0ZTctMjkwZC00YjU2LWJkYjEtOTNlNWZlMjUzYjdmIiBWZXJzaW9uPSIxLjEiIFVybD0iaHR0cHM6Ly9zcC5jb3JkaXNzb2x1dGlvbnMuY29tL0FwcHMwMC9fYXBpL3NlYXJjaC9zZWFyY2hjZW50ZXJ1cmwiIFRoaW5rVGltZT0iMCIgVGltZW91dD0iMzAwIiBQYXJzZURlcGVuZGVudFJlcXVlc3RzPSJUcnVlIiBGb2xsb3dSZWRpcmVjdHM9IlRydWUiIFJlY29yZFJlc3VsdD0iVHJ1ZSIgQ2FjaGU9IkZhbHNlIiBSZXNwb25zZVRpbWVHb2FsPSIwIiBFbmNvZGluZz0idXRmLTgiIEV4cGVjdGVkSHR0cFN0YXR1c0NvZGU9IjAiIEV4cGVjdGVkUmVzcG9uc2VVcmw9IiIgUmVwb3J0aW5nTmFtZT0iIiBJZ25vcmVIdHRwU3RhdHVzQ29kZT0iRmFsc2UiPg0KICAgICAgICAgIDxIZWFkZXJzPg0KICAgICAgICAgICAgPEhlYWRlciBOYW1lPSJBY2NlcHQiIFZhbHVlPSJhcHBsaWNhdGlvbi9qc29uO29kYXRhPXZlcmJvc2UiIC8+DQogICAgICAgICAgICA8SGVhZGVyIE5hbWU9IlJlZmVyZXIiIFZhbHVlPSJodHRwczovL3NwLmNvcmRpc3NvbHV0aW9ucy5jb20vQXBwczAwL1NoYXJlZCUyMERvY3VtZW50cy9Gb3Jtcy9hbGwlMjBkb2N1bWVudHMuYXNweCIgLz4NCiAgICAgICAgICA8L0hlYWRlcnM+DQogICAgICAgIDwvUmVxdWVzdD4NCiAgICAgICAgPFJlcXVlc3QgTWV0aG9kPSJHRVQiIEd1aWQ9IjQ4MDllOWUxLTkwYmQtNDUzMy04NjJmLWE5Mzc2YjkwYTJmOSIgVmVyc2lvbj0iMS4xIiBVcmw9Imh0dHBzOi8vc3AuY29yZGlzc29sdXRpb25zLmNvbS9BcHBzMDAvX2FwaS9zZWFyY2gvc2VhcmNoY2VudGVydXJsIiBUaGlua1RpbWU9IjUiIFRpbWVvdXQ9IjMwMCIgUGFyc2VEZXBlbmRlbnRSZXF1ZXN0cz0iVHJ1ZSIgRm9sbG93UmVkaXJlY3RzPSJUcnVlIiBSZWNvcmRSZXN1bHQ9IlRydWUiIENhY2hlPSJGYWxzZSIgUmVzcG9uc2VUaW1lR29hbD0iMCIgRW5jb2Rpbmc9InV0Zi04IiBFeHBlY3RlZEh0dHBTdGF0dXNDb2RlPSIwIiBFeHBlY3RlZFJlc3BvbnNlVXJsPSIiIFJlcG9ydGluZ05hbWU9IiIgSWdub3JlSHR0cFN0YXR1c0NvZGU9IkZhbHNlIj4NCiAgICAgICAgICA8SGVhZGVycz4NCiAgICAgICAgICAgIDxIZWFkZXIgTmFtZT0iQWNjZXB0IiBWYWx1ZT0iYXBwbGljYXRpb24vanNvbjtvZGF0YT12ZXJib3NlIiAvPg0KICAgICAgICAgICAgPEhlYWRlciBOYW1lPSJSZWZlcmVyIiBWYWx1ZT0iaHR0cHM6Ly9zcC5jb3JkaXNzb2x1dGlvbnMuY29tL0FwcHMwMC9TaGFyZWQlMjBEb2N1bWVudHMvRm9ybXMvYWxsJTIwZG9jdW1lbnRzLmFzcHgiIC8+DQogICAgICAgICAgPC9IZWFkZXJzPg0KICAgICAgICA8L1JlcXVlc3Q+DQogICAgICA8L0RlcGVuZGVudFJlcXVlc3RzPg0KICAgICAgPEV4dHJhY3Rpb25SdWxlcz4NCiAgICAgICAgPEV4dHJhY3Rpb25SdWxlIENsYXNzbmFtZT0iTWljcm9zb2Z0LlZpc3VhbFN0dWRpby5UZXN0VG9vbHMuV2ViVGVzdGluZy5SdWxlcy5FeHRyYWN0SGlkZGVuRmllbGRzLCBNaWNyb3NvZnQuVmlzdWFsU3R1ZGlvLlF1YWxpdHlUb29scy5XZWJUZXN0RnJhbWV3b3JrLCBWZXJzaW9uPTEwLjAuMC4wLCBDdWx0dXJlPW5ldXRyYWwsIFB1YmxpY0tleVRva2VuPWIwM2Y1ZjdmMTFkNTBhM2EiIFZhcmlhYmxlTmFtZT0iMSIgRGlzcGxheU5hbWU9IkV4dHJhY3QgSGlkZGVuIEZpZWxkcyIgRGVzY3JpcHRpb249IkV4dHJhY3QgYWxsIGhpZGRlbiBmaWVsZHMgZnJvbSB0aGUgcmVzcG9uc2UgYW5kIHBsYWNlIHRoZW0gaW50byB0aGUgdGVzdCBjb250ZXh0LiI+DQogICAgICAgICAgPFJ1bGVQYXJhbWV0ZXJzPg0KICAgICAgICAgICAgPFJ1bGVQYXJhbWV0ZXIgTmFtZT0iUmVxdWlyZWQiIFZhbHVlPSJUcnVlIiAvPg0KICAgICAgICAgICAgPFJ1bGVQYXJhbWV0ZXIgTmFtZT0iSHRtbERlY29kZSIgVmFsdWU9IlRydWUiIC8+DQogICAgICAgICAgPC9SdWxlUGFyYW1ldGVycz4NCiAgICAgICAgPC9FeHRyYWN0aW9uUnVsZT4NCiAgICAgIDwvRXh0cmFjdGlvblJ1bGVzPg0KICAgICAgPENvcnJlbGF0aW9uRXh0cmFjdGlvblJ1bGVzPg0KICAgICAgICA8RXh0cmFjdGlvblJ1bGUgQ2xhc3NuYW1lPSJNaWNyb3NvZnQuVmlzdWFsU3R1ZGlvLlRlc3RUb29scy5XZWJUZXN0aW5nLlJ1bGVzLkV4dHJhY3RUZXh0LCBNaWNyb3NvZnQuVmlzdWFsU3R1ZGlvLlF1YWxpdHlUb29scy5XZWJUZXN0RnJhbWV3b3JrLCBWZXJzaW9uPTEwLjAuMC4wLCBDdWx0dXJlPW5ldXRyYWwsIFB1YmxpY0tleVRva2VuPWIwM2Y1ZjdmMTFkNTBhM2EiIFZhcmlhYmxlTmFtZT0iRm9ybVBvc3RQYXJhbTEuY3RsMDAkY3RsNDQkY3RsMDQiIERpc3BsYXlOYW1lPSIiIERlc2NyaXB0aW9uPSIiPg0KICAgICAgICAgIDxSdWxlUGFyYW1ldGVycz4NCiAgICAgICAgICAgIDxSdWxlUGFyYW1ldGVyIE5hbWU9IlN0YXJ0c1dpdGgiIFZhbHVlPSJkID0gJnF1b3Q7IiAvPg0KICAgICAgICAgICAgPFJ1bGVQYXJhbWV0ZXIgTmFtZT0iRW5kc1dpdGgiIFZhbHVlPSImcXVvdDs7X3NwIiAvPg0KICAgICAgICAgICAgPFJ1bGVQYXJhbWV0ZXIgTmFtZT0iSW5kZXgiIFZhbHVlPSIwIiAvPg0KICAgICAgICAgICAgPFJ1bGVQYXJhbWV0ZXIgTmFtZT0iSWdub3JlQ2FzZSIgVmFsdWU9IkZhbHNlIiAvPg0KICAgICAgICAgICAgPFJ1bGVQYXJhbWV0ZXIgTmFtZT0iVXNlUmVndWxhckV4cHJlc3Npb24iIFZhbHVlPSJGYWxzZSIgLz4NCiAgICAgICAgICAgIDxSdWxlUGFyYW1ldGVyIE5hbWU9Ikh0bWxEZWNvZGUiIFZhbHVlPSJUcnVlIiAvPg0KICAgICAgICAgICAgPFJ1bGVQYXJhbWV0ZXIgTmFtZT0iUmVxdWlyZWQiIFZhbHVlPSJGYWxzZSIgLz4NCiAgICAgICAgICA8L1J1bGVQYXJhbWV0ZXJzPg0KICAgICAgICA8L0V4dHJhY3Rpb25SdWxlPg0KICAgICAgICA8RXh0cmFjdGlvblJ1bGUgQ2xhc3NuYW1lPSJNaWNyb3NvZnQuVmlzdWFsU3R1ZGlvLlRlc3RUb29scy5XZWJUZXN0aW5nLlJ1bGVzLkV4dHJhY3RUZXh0LCBNaWNyb3NvZnQuVmlzdWFsU3R1ZGlvLlF1YWxpdHlUb29scy5XZWJUZXN0RnJhbWV3b3JrLCBWZXJzaW9uPTEwLjAuMC4wLCBDdWx0dXJlPW5ldXRyYWwsIFB1YmxpY0tleVRva2VuPWIwM2Y1ZjdmMTFkNTBhM2EiIFZhcmlhYmxlTmFtZT0iRm9ybVBvc3RQYXJhbTI4LmN0bDAwJFBsYWNlSG9sZGVyTWFpbiRVcGxvYWREb2N1bWVudFNlY3Rpb24kY3RsMDUkT3ZlcndyaXRlU2luZ2xlIiBEaXNwbGF5TmFtZT0iIiBEZXNjcmlwdGlvbj0iIj4NCiAgICAgICAgICA8UnVsZVBhcmFtZXRlcnM+DQogICAgICAgICAgICA8UnVsZVBhcmFtZXRlciBOYW1lPSJTdGFydHNXaXRoIiBWYWx1ZT0iYmxlPSZxdW90OyIgLz4NCiAgICAgICAgICAgIDxSdWxlUGFyYW1ldGVyIE5hbWU9IkVuZHNXaXRoIiBWYWx1ZT0iJnF1b3Q7IGFyaSIgLz4NCiAgICAgICAgICAgIDxSdWxlUGFyYW1ldGVyIE5hbWU9IkluZGV4IiBWYWx1ZT0iMCIgLz4NCiAgICAgICAgICAgIDxSdWxlUGFyYW1ldGVyIE5hbWU9Iklnbm9yZUNhc2UiIFZhbHVlPSJGYWxzZSIgLz4NCiAgICAgICAgICAgIDxSdWxlUGFyYW1ldGVyIE5hbWU9IlVzZVJlZ3VsYXJFeHByZXNzaW9uIiBWYWx1ZT0iRmFsc2UiIC8+DQogICAgICAgICAgICA8UnVsZVBhcmFtZXRlciBOYW1lPSJIdG1sRGVjb2RlIiBWYWx1ZT0iVHJ1ZSIgLz4NCiAgICAgICAgICAgIDxSdWxlUGFyYW1ldGVyIE5hbWU9IlJlcXVpcmVkIiBWYWx1ZT0iRmFsc2UiIC8+DQogICAgICAgICAgPC9SdWxlUGFyYW1ldGVycz4NCiAgICAgICAgPC9FeHRyYWN0aW9uUnVsZT4NCiAgICAgICAgPEV4dHJhY3Rpb25SdWxlIENsYXNzbmFtZT0iTWljcm9zb2Z0LlZpc3VhbFN0dWRpby5UZXN0VG9vbHMuV2ViVGVzdGluZy5SdWxlcy5FeHRyYWN0VGV4dCwgTWljcm9zb2Z0LlZpc3VhbFN0dWRpby5RdWFsaXR5VG9vbHMuV2ViVGVzdEZyYW1ld29yaywgVmVyc2lvbj0xMC4wLjAuMCwgQ3VsdHVyZT1uZXV0cmFsLCBQdWJsaWNLZXlUb2tlbj1iMDNmNWY3ZjExZDUwYTNhIiBWYXJpYWJsZU5hbWU9IkZvcm1Qb3N0UGFyYW0zNy5jdGwwMCRjdGw0NCRjdGwwNCIgRGlzcGxheU5hbWU9IiIgRGVzY3JpcHRpb249IiI+DQogICAgICAgICAgPFJ1bGVQYXJhbWV0ZXJzPg0KICAgICAgICAgICAgPFJ1bGVQYXJhbWV0ZXIgTmFtZT0iU3RhcnRzV2l0aCIgVmFsdWU9ImQgPSAmcXVvdDsiIC8+DQogICAgICAgICAgICA8UnVsZVBhcmFtZXRlciBOYW1lPSJFbmRzV2l0aCIgVmFsdWU9IiZxdW90Oztfc3AiIC8+DQogICAgICAgICAgICA8UnVsZVBhcmFtZXRlciBOYW1lPSJJbmRleCIgVmFsdWU9IjAiIC8+DQogICAgICAgICAgICA8UnVsZVBhcmFtZXRlciBOYW1lPSJJZ25vcmVDYXNlIiBWYWx1ZT0iRmFsc2UiIC8+DQogICAgICAgICAgICA8UnVsZVBhcmFtZXRlciBOYW1lPSJVc2VSZWd1bGFyRXhwcmVzc2lvbiIgVmFsdWU9IkZhbHNlIiAvPg0KICAgICAgICAgICAgPFJ1bGVQYXJhbWV0ZXIgTmFtZT0iSHRtbERlY29kZSIgVmFsdWU9IlRydWUiIC8+DQogICAgICAgICAgICA8UnVsZVBhcmFtZXRlciBOYW1lPSJSZXF1aXJlZCIgVmFsdWU9IkZhbHNlIiAvPg0KICAgICAgICAgIDwvUnVsZVBhcmFtZXRlcnM+DQogICAgICAgIDwvRXh0cmFjdGlvblJ1bGU+DQogICAgICA8L0NvcnJlbGF0aW9uRXh0cmFjdGlvblJ1bGVzPg0KICAgIDwvUmVxdWVzdD4NCiAgICA8UmVxdWVzdCBNZXRob2Q9IkdFVCIgR3VpZD0iZDVmYjViYzQtODYxOS00NmVkLTg5YzYtNjcwNWQyZGY2NmFiIiBWZXJzaW9uPSIxLjEiIFVybD0iaHR0cHM6Ly9zcC5jb3JkaXNzb2x1dGlvbnMuY29tL0FwcHMwMC9fbGF5b3V0cy8xNS9VcGxvYWQuYXNweCIgVGhpbmtUaW1lPSIwIiBUaW1lb3V0PSIzMDAiIFBhcnNlRGVwZW5kZW50UmVxdWVzdHM9IlRydWUiIEZvbGxvd1JlZGlyZWN0cz0iVHJ1ZSIgUmVjb3JkUmVzdWx0PSJUcnVlIiBDYWNoZT0iRmFsc2UiIFJlc3BvbnNlVGltZUdvYWw9IjAiIEVuY29kaW5nPSJ1dGYtOCIgRXhwZWN0ZWRIdHRwU3RhdHVzQ29kZT0iMCIgRXhwZWN0ZWRSZXNwb25zZVVybD0iIiBSZXBvcnRpbmdOYW1lPSIiIElnbm9yZUh0dHBTdGF0dXNDb2RlPSJGYWxzZSI+DQogICAgICA8SGVhZGVycz4NCiAgICAgICAgPEhlYWRlciBOYW1lPSJSZWZlcmVyIiBWYWx1ZT0iaHR0cHM6Ly9zcC5jb3JkaXNzb2x1dGlvbnMuY29tL0FwcHMwMC9TaGFyZWQlMjBEb2N1bWVudHMvRm9ybXMvYWxsJTIwZG9jdW1lbnRzLmFzcHgiIC8+DQogICAgICA8L0hlYWRlcnM+DQogICAgICA8RXh0cmFjdGlvblJ1bGVzPg0KICAgICAgICA8RXh0cmFjdGlvblJ1bGUgQ2xhc3NuYW1lPSJNaWNyb3NvZnQuVmlzdWFsU3R1ZGlvLlRlc3RUb29scy5XZWJUZXN0aW5nLlJ1bGVzLkV4dHJhY3RUZXh0LCBNaWNyb3NvZnQuVmlzdWFsU3R1ZGlvLlF1YWxpdHlUb29scy5XZWJUZXN0RnJhbWV3b3JrLCBWZXJzaW9uPTEwLjAuMC4wLCBDdWx0dXJlPW5ldXRyYWwsIFB1YmxpY0tleVRva2VuPWIwM2Y1ZjdmMTFkNTBhM2EiIFZhcmlhYmxlTmFtZT0iRm9ybVBvc3RQYXJhbTIwLl9fUkVRVUVTVERJR0VTVCIgRGlzcGxheU5hbWU9IkV4dHJhY3QgVGV4dCIgRGVzY3JpcHRpb249IkV4dHJhY3QgdGV4dCBmcm9tIHRoZSByZXNwb25zZSBhbmQgcGxhY2UgaXQgaW50byB0aGUgdGVzdCBjb250ZXh0LiI+DQogICAgICAgICAgPFJ1bGVQYXJhbWV0ZXJzPg0KICAgICAgICAgICAgPFJ1bGVQYXJhbWV0ZXIgTmFtZT0iU3RhcnRzV2l0aCIgVmFsdWU9Imx1ZT0mcXVvdDsiIC8+DQogICAgICAgICAgICA8UnVsZVBhcmFtZXRlciBOYW1lPSJFbmRzV2l0aCIgVmFsdWU9IiZxdW90OyAvJmd0OyYjeEQ7IiAvPg0KICAgICAgICAgICAgPFJ1bGVQYXJhbWV0ZXIgTmFtZT0iSW5kZXgiIFZhbHVlPSIxOCIgLz4NCiAgICAgICAgICAgIDxSdWxlUGFyYW1ldGVyIE5hbWU9Iklnbm9yZUNhc2UiIFZhbHVlPSJGYWxzZSIgLz4NCiAgICAgICAgICAgIDxSdWxlUGFyYW1ldGVyIE5hbWU9IlVzZVJlZ3VsYXJFeHByZXNzaW9uIiBWYWx1ZT0iRmFsc2UiIC8+DQogICAgICAgICAgICA8UnVsZVBhcmFtZXRlciBOYW1lPSJIdG1sRGVjb2RlIiBWYWx1ZT0iVHJ1ZSIgLz4NCiAgICAgICAgICAgIDxSdWxlUGFyYW1ldGVyIE5hbWU9IlJlcXVpcmVkIiBWYWx1ZT0iRmFsc2UiIC8+DQogICAgICAgICAgPC9SdWxlUGFyYW1ldGVycz4NCiAgICAgICAgPC9FeHRyYWN0aW9uUnVsZT4NCiAgICAgIDwvRXh0cmFjdGlvblJ1bGVzPg0KICAgICAgPENvcnJlbGF0aW9uRXh0cmFjdGlvblJ1bGVzPg0KICAgICAgICA8RXh0cmFjdGlvblJ1bGUgQ2xhc3NuYW1lPSJNaWNyb3NvZnQuVmlzdWFsU3R1ZGlvLlRlc3RUb29scy5XZWJUZXN0aW5nLlJ1bGVzLkV4dHJhY3RUZXh0LCBNaWNyb3NvZnQuVmlzdWFsU3R1ZGlvLlF1YWxpdHlUb29scy5XZWJUZXN0RnJhbWV3b3JrLCBWZXJzaW9uPTEwLjAuMC4wLCBDdWx0dXJlPW5ldXRyYWwsIFB1YmxpY0tleVRva2VuPWIwM2Y1ZjdmMTFkNTBhM2EiIFZhcmlhYmxlTmFtZT0iUXVlcnlTdHJpbmdQYXJhbTEyLklzRGxnIiBEaXNwbGF5TmFtZT0iIiBEZXNjcmlwdGlvbj0iIj4NCiAgICAgICAgICA8UnVsZVBhcmFtZXRlcnM+DQogICAgICAgICAgICA8UnVsZVBhcmFtZXRlciBOYW1lPSJTdGFydHNXaXRoIiBWYWx1ZT0iJmFtcDthbXA7SXNEbGc9IiAvPg0KICAgICAgICAgICAgPFJ1bGVQYXJhbWV0ZXIgTmFtZT0iRW5kc1dpdGgiIFZhbHVlPSImcXVvdDsiIC8+DQogICAgICAgICAgICA8UnVsZVBhcmFtZXRlciBOYW1lPSJJbmRleCIgVmFsdWU9IjAiIC8+DQogICAgICAgICAgICA8UnVsZVBhcmFtZXRlciBOYW1lPSJJZ25vcmVDYXNlIiBWYWx1ZT0iRmFsc2UiIC8+DQogICAgICAgICAgICA8UnVsZVBhcmFtZXRlciBOYW1lPSJVc2VSZWd1bGFyRXhwcmVzc2lvbiIgVmFsdWU9IkZhbHNlIiAvPg0KICAgICAgICAgICAgPFJ1bGVQYXJhbWV0ZXIgTmFtZT0iSHRtbERlY29kZSIgVmFsdWU9IlRydWUiIC8+DQogICAgICAgICAgICA8UnVsZVBhcmFtZXRlciBOYW1lPSJSZXF1aXJlZCIgVmFsdWU9IkZhbHNlIiAvPg0KICAgICAgICAgIDwvUnVsZVBhcmFtZXRlcnM+DQogICAgICAgIDwvRXh0cmFjdGlvblJ1bGU+DQogICAgICAgIDxFeHRyYWN0aW9uUnVsZSBDbGFzc25hbWU9Ik1pY3Jvc29mdC5WaXN1YWxTdHVkaW8uVGVzdFRvb2xzLldlYlRlc3RpbmcuUnVsZXMuRXh0cmFjdFRleHQsIE1pY3Jvc29mdC5WaXN1YWxTdHVkaW8uUXVhbGl0eVRvb2xzLldlYlRlc3RGcmFtZXdvcmssIFZlcnNpb249MTAuMC4wLjAsIEN1bHR1cmU9bmV1dHJhbCwgUHVibGljS2V5VG9rZW49YjAzZjVmN2YxMWQ1MGEzYSIgVmFyaWFibGVOYW1lPSJRdWVyeVN0cmluZ1BhcmFtNjUuTGlzdCIgRGlzcGxheU5hbWU9IiIgRGVzY3JpcHRpb249IiI+DQogICAgICAgICAgPFJ1bGVQYXJhbWV0ZXJzPg0KICAgICAgICAgICAgPFJ1bGVQYXJhbWV0ZXIgTmFtZT0iU3RhcnRzV2l0aCIgVmFsdWU9Ij9MaXN0PSIgLz4NCiAgICAgICAgICAgIDxSdWxlUGFyYW1ldGVyIE5hbWU9IkVuZHNXaXRoIiBWYWx1ZT0iJmFtcDsiIC8+DQogICAgICAgICAgICA8UnVsZVBhcmFtZXRlciBOYW1lPSJJbmRleCIgVmFsdWU9IjAiIC8+DQogICAgICAgICAgICA8UnVsZVBhcmFtZXRlciBOYW1lPSJJZ25vcmVDYXNlIiBWYWx1ZT0iRmFsc2UiIC8+DQogICAgICAgICAgICA8UnVsZVBhcmFtZXRlciBOYW1lPSJVc2VSZWd1bGFyRXhwcmVzc2lvbiIgVmFsdWU9IkZhbHNlIiAvPg0KICAgICAgICAgICAgPFJ1bGVQYXJhbWV0ZXIgTmFtZT0iSHRtbERlY29kZSIgVmFsdWU9IlRydWUiIC8+DQogICAgICAgICAgICA8UnVsZVBhcmFtZXRlciBOYW1lPSJSZXF1aXJlZCIgVmFsdWU9IkZhbHNlIiAvPg0KICAgICAgICAgIDwvUnVsZVBhcmFtZXRlcnM+DQogICAgICAgIDwvRXh0cmFjdGlvblJ1bGU+DQogICAgICAgIDxFeHRyYWN0aW9uUnVsZSBDbGFzc25hbWU9Ik1pY3Jvc29mdC5WaXN1YWxTdHVkaW8uVGVzdFRvb2xzLldlYlRlc3RpbmcuUnVsZXMuRXh0cmFjdFRleHQsIE1pY3Jvc29mdC5WaXN1YWxTdHVkaW8uUXVhbGl0eVRvb2xzLldlYlRlc3RGcmFtZXdvcmssIFZlcnNpb249MTAuMC4wLjAsIEN1bHR1cmU9bmV1dHJhbCwgUHVibGljS2V5VG9rZW49YjAzZjVmN2YxMWQ1MGEzYSIgVmFyaWFibGVOYW1lPSJRdWVyeVN0cmluZ1BhcmFtNjYuSXNEbGciIERpc3BsYXlOYW1lPSIiIERlc2NyaXB0aW9uPSIiPg0KICAgICAgICAgIDxSdWxlUGFyYW1ldGVycz4NCiAgICAgICAgICAgIDxSdWxlUGFyYW1ldGVyIE5hbWU9IlN0YXJ0c1dpdGgiIFZhbHVlPSImYW1wO2FtcDtJc0RsZz0iIC8+DQogICAgICAgICAgICA8UnVsZVBhcmFtZXRlciBOYW1lPSJFbmRzV2l0aCIgVmFsdWU9IiZxdW90OyIgLz4NCiAgICAgICAgICAgIDxSdWxlUGFyYW1ldGVyIE5hbWU9IkluZGV4IiBWYWx1ZT0iMCIgLz4NCiAgICAgICAgICAgIDxSdWxlUGFyYW1ldGVyIE5hbWU9Iklnbm9yZUNhc2UiIFZhbHVlPSJGYWxzZSIgLz4NCiAgICAgICAgICAgIDxSdWxlUGFyYW1ldGVyIE5hbWU9IlVzZVJlZ3VsYXJFeHByZXNzaW9uIiBWYWx1ZT0iRmFsc2UiIC8+DQogICAgICAgICAgICA8UnVsZVBhcmFtZXRlciBOYW1lPSJIdG1sRGVjb2RlIiBWYWx1ZT0iVHJ1ZSIgLz4NCiAgICAgICAgICAgIDxSdWxlUGFyYW1ldGVyIE5hbWU9IlJlcXVpcmVkIiBWYWx1ZT0iRmFsc2UiIC8+DQogICAgICAgICAgPC9SdWxlUGFyYW1ldGVycz4NCiAgICAgICAgPC9FeHRyYWN0aW9uUnVsZT4NCiAgICAgICAgPEV4dHJhY3Rpb25SdWxlIENsYXNzbmFtZT0iTWljcm9zb2Z0LlZpc3VhbFN0dWRpby5UZXN0VG9vbHMuV2ViVGVzdGluZy5SdWxlcy5FeHRyYWN0VGV4dCwgTWljcm9zb2Z0LlZpc3VhbFN0dWRpby5RdWFsaXR5VG9vbHMuV2ViVGVzdEZyYW1ld29yaywgVmVyc2lvbj0xMC4wLjAuMCwgQ3VsdHVyZT1uZXV0cmFsLCBQdWJsaWNLZXlUb2tlbj1iMDNmNWY3ZjExZDUwYTNhIiBWYXJpYWJsZU5hbWU9IkZvcm1Qb3N0UGFyYW0xMC5NU09UbFBuX1ZpZXciIERpc3BsYXlOYW1lPSIiIERlc2NyaXB0aW9uPSIiPg0KICAgICAgICAgIDxSdWxlUGFyYW1ldGVycz4NCiAgICAgICAgICAgIDxSdWxlUGFyYW1ldGVyIE5hbWU9IlN0YXJ0c1dpdGgiIFZhbHVlPSJlbnQ9JnF1b3Q7IiAvPg0KICAgICAgICAgICAgPFJ1bGVQYXJhbWV0ZXIgTmFtZT0iRW5kc1dpdGgiIFZhbHVlPSImcXVvdDsgLyZndDsmI3hEOyIgLz4NCiAgICAgICAgICAgIDxSdWxlUGFyYW1ldGVyIE5hbWU9IkluZGV4IiBWYWx1ZT0iMyIgLz4NCiAgICAgICAgICAgIDxSdWxlUGFyYW1ldGVyIE5hbWU9Iklnbm9yZUNhc2UiIFZhbHVlPSJGYWxzZSIgLz4NCiAgICAgICAgICAgIDxSdWxlUGFyYW1ldGVyIE5hbWU9IlVzZVJlZ3VsYXJFeHByZXNzaW9uIiBWYWx1ZT0iRmFsc2UiIC8+DQogICAgICAgICAgICA8UnVsZVBhcmFtZXRlciBOYW1lPSJIdG1sRGVjb2RlIiBWYWx1ZT0iVHJ1ZSIgLz4NCiAgICAgICAgICAgIDxSdWxlUGFyYW1ldGVyIE5hbWU9IlJlcXVpcmVkIiBWYWx1ZT0iRmFsc2UiIC8+DQogICAgICAgICAgPC9SdWxlUGFyYW1ldGVycz4NCiAgICAgICAgPC9FeHRyYWN0aW9uUnVsZT4NCiAgICAgICAgPEV4dHJhY3Rpb25SdWxlIENsYXNzbmFtZT0iTWljcm9zb2Z0LlZpc3VhbFN0dWRpby5UZXN0VG9vbHMuV2ViVGVzdGluZy5SdWxlcy5FeHRyYWN0VGV4dCwgTWljcm9zb2Z0LlZpc3VhbFN0dWRpby5RdWFsaXR5VG9vbHMuV2ViVGVzdEZyYW1ld29yaywgVmVyc2lvbj0xMC4wLjAuMCwgQ3VsdHVyZT1uZXV0cmFsLCBQdWJsaWNLZXlUb2tlbj1iMDNmNWY3ZjExZDUwYTNhIiBWYXJpYWJsZU5hbWU9IkZvcm1Qb3N0UGFyYW0xMS5NU09UbFBuX1Nob3dTZXR0aW5ncyIgRGlzcGxheU5hbWU9IiIgRGVzY3JpcHRpb249IiI+DQogICAgICAgICAgPFJ1bGVQYXJhbWV0ZXJzPg0KICAgICAgICAgICAgPFJ1bGVQYXJhbWV0ZXIgTmFtZT0iU3RhcnRzV2l0aCIgVmFsdWU9IiA9ICgmcXVvdDsiIC8+DQogICAgICAgICAgICA8UnVsZVBhcmFtZXRlciBOYW1lPSJFbmRzV2l0aCIgVmFsdWU9IiZxdW90OyA9PSAiIC8+DQogICAgICAgICAgICA8UnVsZVBhcmFtZXRlciBOYW1lPSJJbmRleCIgVmFsdWU9IjAiIC8+DQogICAgICAgICAgICA8UnVsZVBhcmFtZXRlciBOYW1lPSJJZ25vcmVDYXNlIiBWYWx1ZT0iRmFsc2UiIC8+DQogICAgICAgICAgICA8UnVsZVBhcmFtZXRlciBOYW1lPSJVc2VSZWd1bGFyRXhwcmVzc2lvbiIgVmFsdWU9IkZhbHNlIiAvPg0KICAgICAgICAgICAgPFJ1bGVQYXJhbWV0ZXIgTmFtZT0iSHRtbERlY29kZSIgVmFsdWU9IlRydWUiIC8+DQogICAgICAgICAgICA8UnVsZVBhcmFtZXRlciBOYW1lPSJSZXF1aXJlZCIgVmFsdWU9IkZhbHNlIiAvPg0KICAgICAgICAgIDwvUnVsZVBhcmFtZXRlcnM+DQogICAgICAgIDwvRXh0cmFjdGlvblJ1bGU+DQogICAgICAgIDxFeHRyYWN0aW9uUnVsZSBDbGFzc25hbWU9Ik1pY3Jvc29mdC5WaXN1YWxTdHVkaW8uVGVzdFRvb2xzLldlYlRlc3RpbmcuUnVsZXMuRXh0cmFjdFRleHQsIE1pY3Jvc29mdC5WaXN1YWxTdHVkaW8uUXVhbGl0eVRvb2xzLldlYlRlc3RGcmFtZXdvcmssIFZlcnNpb249MTAuMC4wLjAsIEN1bHR1cmU9bmV1dHJhbCwgUHVibGljS2V5VG9rZW49YjAzZjVmN2YxMWQ1MGEzYSIgVmFyaWFibGVOYW1lPSJGb3JtUG9zdFBhcmFtMTIuTVNPVGxQbl9CdXR0b24iIERpc3BsYXlOYW1lPSIiIERlc2NyaXB0aW9uPSIiPg0KICAgICAgICAgIDxSdWxlUGFyYW1ldGVycz4NCiAgICAgICAgICAgIDxSdWxlUGFyYW1ldGVyIE5hbWU9IlN0YXJ0c1dpdGgiIFZhbHVlPSJ5ID0gJnF1b3Q7IiAvPg0KICAgICAgICAgICAgPFJ1bGVQYXJhbWV0ZXIgTmFtZT0iRW5kc1dpdGgiIFZhbHVlPSImcXVvdDs7JiN4RDsmI3hBOwkiIC8+DQogICAgICAgICAgICA8UnVsZVBhcmFtZXRlciBOYW1lPSJJbmRleCIgVmFsdWU9IjAiIC8+DQogICAgICAgICAgICA8UnVsZVBhcmFtZXRlciBOYW1lPSJJZ25vcmVDYXNlIiBWYWx1ZT0iRmFsc2UiIC8+DQogICAgICAgICAgICA8UnVsZVBhcmFtZXRlciBOYW1lPSJVc2VSZWd1bGFyRXhwcmVzc2lvbiIgVmFsdWU9IkZhbHNlIiAvPg0KICAgICAgICAgICAgPFJ1bGVQYXJhbWV0ZXIgTmFtZT0iSHRtbERlY29kZSIgVmFsdWU9IlRydWUiIC8+DQogICAgICAgICAgICA8UnVsZVBhcmFtZXRlciBOYW1lPSJSZXF1aXJlZCIgVmFsdWU9IkZhbHNlIiAvPg0KICAgICAgICAgIDwvUnVsZVBhcmFtZXRlcnM+DQogICAgICAgIDwvRXh0cmFjdGlvblJ1bGU+DQogICAgICAgIDxFeHRyYWN0aW9uUnVsZSBDbGFzc25hbWU9Ik1pY3Jvc29mdC5WaXN1YWxTdHVkaW8uVGVzdFRvb2xzLldlYlRlc3RpbmcuUnVsZXMuRXh0cmFjdFRleHQsIE1pY3Jvc29mdC5WaXN1YWxTdHVkaW8uUXVhbGl0eVRvb2xzLldlYlRlc3RGcmFtZXdvcmssIFZlcnNpb249MTAuMC4wLjAsIEN1bHR1cmU9bmV1dHJhbCwgUHVibGljS2V5VG9rZW49YjAzZjVmN2YxMWQ1MGEzYSIgVmFyaWFibGVOYW1lPSJGb3JtUG9zdFBhcmFtMTMuX19FVkVOVFRBUkdFVCIgRGlzcGxheU5hbWU9IiIgRGVzY3JpcHRpb249IiI+DQogICAgICAgICAgPFJ1bGVQYXJhbWV0ZXJzPg0KICAgICAgICAgICAgPFJ1bGVQYXJhbWV0ZXIgTmFtZT0iU3RhcnRzV2l0aCIgVmFsdWU9ImFtZT0mcXVvdDsiIC8+DQogICAgICAgICAgICA8UnVsZVBhcmFtZXRlciBOYW1lPSJFbmRzV2l0aCIgVmFsdWU9IiZxdW90OyB0eXAiIC8+DQogICAgICAgICAgICA8UnVsZVBhcmFtZXRlciBOYW1lPSJJbmRleCIgVmFsdWU9IjM1IiAvPg0KICAgICAgICAgICAgPFJ1bGVQYXJhbWV0ZXIgTmFtZT0iSWdub3JlQ2FzZSIgVmFsdWU9IkZhbHNlIiAvPg0KICAgICAgICAgICAgPFJ1bGVQYXJhbWV0ZXIgTmFtZT0iVXNlUmVndWxhckV4cHJlc3Npb24iIFZhbHVlPSJGYWxzZSIgLz4NCiAgICAgICAgICAgIDxSdWxlUGFyYW1ldGVyIE5hbWU9Ikh0bWxEZWNvZGUiIFZhbHVlPSJUcnVlIiAvPg0KICAgICAgICAgICAgPFJ1bGVQYXJhbWV0ZXIgTmFtZT0iUmVxdWlyZWQiIFZhbHVlPSJGYWxzZSIgLz4NCiAgICAgICAgICA8L1J1bGVQYXJhbWV0ZXJzPg0KICAgICAgICA8L0V4dHJhY3Rpb25SdWxlPg0KICAgICAgICA8RXh0cmFjdGlvblJ1bGUgQ2xhc3NuYW1lPSJNaWNyb3NvZnQuVmlzdWFsU3R1ZGlvLlRlc3RUb29scy5XZWJUZXN0aW5nLlJ1bGVzLkV4dHJhY3RUZXh0LCBNaWNyb3NvZnQuVmlzdWFsU3R1ZGlvLlF1YWxpdHlUb29scy5XZWJUZXN0RnJhbWV3b3JrLCBWZXJzaW9uPTEwLjAuMC4wLCBDdWx0dXJlPW5ldXRyYWwsIFB1YmxpY0tleVRva2VuPWIwM2Y1ZjdmMTFkNTBhM2EiIFZhcmlhYmxlTmFtZT0iRm9ybVBvc3RQYXJhbTE0Lk1TT1NQV2ViUGFydE1hbmFnZXJfRGlzcGxheU1vZGVOYW1lIiBEaXNwbGF5TmFtZT0iIiBEZXNjcmlwdGlvbj0iIj4NCiAgICAgICAgICA8UnVsZVBhcmFtZXRlcnM+DQogICAgICAgICAgICA8UnVsZVBhcmFtZXRlciBOYW1lPSJTdGFydHNXaXRoIiBWYWx1ZT0ibHVlPSZxdW90OyIgLz4NCiAgICAgICAgICAgIDxSdWxlUGFyYW1ldGVyIE5hbWU9IkVuZHNXaXRoIiBWYWx1ZT0iJnF1b3Q7IC8mZ3Q7JiN4RDsiIC8+DQogICAgICAgICAgICA8UnVsZVBhcmFtZXRlciBOYW1lPSJJbmRleCIgVmFsdWU9IjkiIC8+DQogICAgICAgICAgICA8UnVsZVBhcmFtZXRlciBOYW1lPSJJZ25vcmVDYXNlIiBWYWx1ZT0iRmFsc2UiIC8+DQogICAgICAgICAgICA8UnVsZVBhcmFtZXRlciBOYW1lPSJVc2VSZWd1bGFyRXhwcmVzc2lvbiIgVmFsdWU9IkZhbHNlIiAvPg0KICAgICAgICAgICAgPFJ1bGVQYXJhbWV0ZXIgTmFtZT0iSHRtbERlY29kZSIgVmFsdWU9IlRydWUiIC8+DQogICAgICAgICAgICA8UnVsZVBhcmFtZXRlciBOYW1lPSJSZXF1aXJlZCIgVmFsdWU9IkZhbHNlIiAvPg0KICAgICAgICAgIDwvUnVsZVBhcmFtZXRlcnM+DQogICAgICAgIDwvRXh0cmFjdGlvblJ1bGU+DQogICAgICAgIDxFeHRyYWN0aW9uUnVsZSBDbGFzc25hbWU9Ik1pY3Jvc29mdC5WaXN1YWxTdHVkaW8uVGVzdFRvb2xzLldlYlRlc3RpbmcuUnVsZXMuRXh0cmFjdFRleHQsIE1pY3Jvc29mdC5WaXN1YWxTdHVkaW8uUXVhbGl0eVRvb2xzLldlYlRlc3RGcmFtZXdvcmssIFZlcnNpb249MTAuMC4wLjAsIEN1bHR1cmU9bmV1dHJhbCwgUHVibGljS2V5VG9rZW49YjAzZjVmN2YxMWQ1MGEzYSIgVmFyaWFibGVOYW1lPSJGb3JtUG9zdFBhcmFtMTUuTVNPU1BXZWJQYXJ0TWFuYWdlcl9FeGl0aW5nRGVzaWduTW9kZSIgRGlzcGxheU5hbWU9IiIgRGVzY3JpcHRpb249IiI+DQogICAgICAgICAgPFJ1bGVQYXJhbWV0ZXJzPg0KICAgICAgICAgICAgPFJ1bGVQYXJhbWV0ZXIgTmFtZT0iU3RhcnRzV2l0aCIgVmFsdWU9Imx1ZT0mcXVvdDsiIC8+DQogICAgICAgICAgICA8UnVsZVBhcmFtZXRlciBOYW1lPSJFbmRzV2l0aCIgVmFsdWU9IiZxdW90OyAvJmd0OyYjeEQ7IiAvPg0KICAgICAgICAgICAgPFJ1bGVQYXJhbWV0ZXIgTmFtZT0iSW5kZXgiIFZhbHVlPSIxMCIgLz4NCiAgICAgICAgICAgIDxSdWxlUGFyYW1ldGVyIE5hbWU9Iklnbm9yZUNhc2UiIFZhbHVlPSJGYWxzZSIgLz4NCiAgICAgICAgICAgIDxSdWxlUGFyYW1ldGVyIE5hbWU9IlVzZVJlZ3VsYXJFeHByZXNzaW9uIiBWYWx1ZT0iRmFsc2UiIC8+DQogICAgICAgICAgICA8UnVsZVBhcmFtZXRlciBOYW1lPSJIdG1sRGVjb2RlIiBWYWx1ZT0iVHJ1ZSIgLz4NCiAgICAgICAgICAgIDxSdWxlUGFyYW1ldGVyIE5hbWU9IlJlcXVpcmVkIiBWYWx1ZT0iRmFsc2UiIC8+DQogICAgICAgICAgPC9SdWxlUGFyYW1ldGVycz4NCiAgICAgICAgPC9FeHRyYWN0aW9uUnVsZT4NCiAgICAgICAgPEV4dHJhY3Rpb25SdWxlIENsYXNzbmFtZT0iTWljcm9zb2Z0LlZpc3VhbFN0dWRpby5UZXN0VG9vbHMuV2ViVGVzdGluZy5SdWxlcy5FeHRyYWN0VGV4dCwgTWljcm9zb2Z0LlZpc3VhbFN0dWRpby5RdWFsaXR5VG9vbHMuV2ViVGVzdEZyYW1ld29yaywgVmVyc2lvbj0xMC4wLjAuMCwgQ3VsdHVyZT1uZXV0cmFsLCBQdWJsaWNLZXlUb2tlbj1iMDNmNWY3ZjExZDUwYTNhIiBWYXJpYWJsZU5hbWU9IkZvcm1Qb3N0UGFyYW0xNi5NU09TUFdlYlBhcnRNYW5hZ2VyX09sZERpc3BsYXlNb2RlTmFtZSIgRGlzcGxheU5hbWU9IiIgRGVzY3JpcHRpb249IiI+DQogICAgICAgICAgPFJ1bGVQYXJhbWV0ZXJzPg0KICAgICAgICAgICAgPFJ1bGVQYXJhbWV0ZXIgTmFtZT0iU3RhcnRzV2l0aCIgVmFsdWU9Imx1ZT0mcXVvdDsiIC8+DQogICAgICAgICAgICA8UnVsZVBhcmFtZXRlciBOYW1lPSJFbmRzV2l0aCIgVmFsdWU9IiZxdW90OyAvJmd0OyYjeEQ7IiAvPg0KICAgICAgICAgICAgPFJ1bGVQYXJhbWV0ZXIgTmFtZT0iSW5kZXgiIFZhbHVlPSI5IiAvPg0KICAgICAgICAgICAgPFJ1bGVQYXJhbWV0ZXIgTmFtZT0iSWdub3JlQ2FzZSIgVmFsdWU9IkZhbHNlIiAvPg0KICAgICAgICAgICAgPFJ1bGVQYXJhbWV0ZXIgTmFtZT0iVXNlUmVndWxhckV4cHJlc3Npb24iIFZhbHVlPSJGYWxzZSIgLz4NCiAgICAgICAgICAgIDxSdWxlUGFyYW1ldGVyIE5hbWU9Ikh0bWxEZWNvZGUiIFZhbHVlPSJUcnVlIiAvPg0KICAgICAgICAgICAgPFJ1bGVQYXJhbWV0ZXIgTmFtZT0iUmVxdWlyZWQiIFZhbHVlPSJGYWxzZSIgLz4NCiAgICAgICAgICA8L1J1bGVQYXJhbWV0ZXJzPg0KICAgICAgICA8L0V4dHJhY3Rpb25SdWxlPg0KICAgICAgICA8RXh0cmFjdGlvblJ1bGUgQ2xhc3NuYW1lPSJNaWNyb3NvZnQuVmlzdWFsU3R1ZGlvLlRlc3RUb29scy5XZWJUZXN0aW5nLlJ1bGVzLkV4dHJhY3RUZXh0LCBNaWNyb3NvZnQuVmlzdWFsU3R1ZGlvLlF1YWxpdHlUb29scy5XZWJUZXN0RnJhbWV3b3JrLCBWZXJzaW9uPTEwLjAuMC4wLCBDdWx0dXJlPW5ldXRyYWwsIFB1YmxpY0tleVRva2VuPWIwM2Y1ZjdmMTFkNTBhM2EiIFZhcmlhYmxlTmFtZT0iRm9ybVBvc3RQYXJhbTE3Lk1TT1NQV2ViUGFydE1hbmFnZXJfU3RhcnRXZWJQYXJ0RWRpdGluZ05hbWUiIERpc3BsYXlOYW1lPSIiIERlc2NyaXB0aW9uPSIiPg0KICAgICAgICAgIDxSdWxlUGFyYW1ldGVycz4NCiAgICAgICAgICAgIDxSdWxlUGFyYW1ldGVyIE5hbWU9IlN0YXJ0c1dpdGgiIFZhbHVlPSJsdWU9JnF1b3Q7IiAvPg0KICAgICAgICAgICAgPFJ1bGVQYXJhbWV0ZXIgTmFtZT0iRW5kc1dpdGgiIFZhbHVlPSImcXVvdDsgLyZndDsmI3hEOyIgLz4NCiAgICAgICAgICAgIDxSdWxlUGFyYW1ldGVyIE5hbWU9IkluZGV4IiBWYWx1ZT0iMTAiIC8+DQogICAgICAgICAgICA8UnVsZVBhcmFtZXRlciBOYW1lPSJJZ25vcmVDYXNlIiBWYWx1ZT0iRmFsc2UiIC8+DQogICAgICAgICAgICA8UnVsZVBhcmFtZXRlciBOYW1lPSJVc2VSZWd1bGFyRXhwcmVzc2lvbiIgVmFsdWU9IkZhbHNlIiAvPg0KICAgICAgICAgICAgPFJ1bGVQYXJhbWV0ZXIgTmFtZT0iSHRtbERlY29kZSIgVmFsdWU9IlRydWUiIC8+DQogICAgICAgICAgICA8UnVsZVBhcmFtZXRlciBOYW1lPSJSZXF1aXJlZCIgVmFsdWU9IkZhbHNlIiAvPg0KICAgICAgICAgIDwvUnVsZVBhcmFtZXRlcnM+DQogICAgICAgIDwvRXh0cmFjdGlvblJ1bGU+DQogICAgICAgIDxFeHRyYWN0aW9uUnVsZSBDbGFzc25hbWU9Ik1pY3Jvc29mdC5WaXN1YWxTdHVkaW8uVGVzdFRvb2xzLldlYlRlc3RpbmcuUnVsZXMuRXh0cmFjdFRleHQsIE1pY3Jvc29mdC5WaXN1YWxTdHVkaW8uUXVhbGl0eVRvb2xzLldlYlRlc3RGcmFtZXdvcmssIFZlcnNpb249MTAuMC4wLjAsIEN1bHR1cmU9bmV1dHJhbCwgUHVibGljS2V5VG9rZW49YjAzZjVmN2YxMWQ1MGEzYSIgVmFyaWFibGVOYW1lPSJGb3JtUG9zdFBhcmFtMTguTVNPU1BXZWJQYXJ0TWFuYWdlcl9FbmRXZWJQYXJ0RWRpdGluZyIgRGlzcGxheU5hbWU9IiIgRGVzY3JpcHRpb249IiI+DQogICAgICAgICAgPFJ1bGVQYXJhbWV0ZXJzPg0KICAgICAgICAgICAgPFJ1bGVQYXJhbWV0ZXIgTmFtZT0iU3RhcnRzV2l0aCIgVmFsdWU9Imx1ZT0mcXVvdDsiIC8+DQogICAgICAgICAgICA8UnVsZVBhcmFtZXRlciBOYW1lPSJFbmRzV2l0aCIgVmFsdWU9IiZxdW90OyAvJmd0OyYjeEQ7IiAvPg0KICAgICAgICAgICAgPFJ1bGVQYXJhbWV0ZXIgTmFtZT0iSW5kZXgiIFZhbHVlPSIxMCIgLz4NCiAgICAgICAgICAgIDxSdWxlUGFyYW1ldGVyIE5hbWU9Iklnbm9yZUNhc2UiIFZhbHVlPSJGYWxzZSIgLz4NCiAgICAgICAgICAgIDxSdWxlUGFyYW1ldGVyIE5hbWU9IlVzZVJlZ3VsYXJFeHByZXNzaW9uIiBWYWx1ZT0iRmFsc2UiIC8+DQogICAgICAgICAgICA8UnVsZVBhcmFtZXRlciBOYW1lPSJIdG1sRGVjb2RlIiBWYWx1ZT0iVHJ1ZSIgLz4NCiAgICAgICAgICAgIDxSdWxlUGFyYW1ldGVyIE5hbWU9IlJlcXVpcmVkIiBWYWx1ZT0iRmFsc2UiIC8+DQogICAgICAgICAgPC9SdWxlUGFyYW1ldGVycz4NCiAgICAgICAgPC9FeHRyYWN0aW9uUnVsZT4NCiAgICAgICAgPEV4dHJhY3Rpb25SdWxlIENsYXNzbmFtZT0iTWljcm9zb2Z0LlZpc3VhbFN0dWRpby5UZXN0VG9vbHMuV2ViVGVzdGluZy5SdWxlcy5FeHRyYWN0VGV4dCwgTWljcm9zb2Z0LlZpc3VhbFN0dWRpby5RdWFsaXR5VG9vbHMuV2ViVGVzdEZyYW1ld29yaywgVmVyc2lvbj0xMC4wLjAuMCwgQ3VsdHVyZT1uZXV0cmFsLCBQdWJsaWNLZXlUb2tlbj1iMDNmNWY3ZjExZDUwYTNhIiBWYXJpYWJsZU5hbWU9IkZvcm1Qb3N0UGFyYW0xOS5fbWFpbnRhaW5Xb3Jrc3BhY2VTY3JvbGxQb3NpdGlvbiIgRGlzcGxheU5hbWU9IiIgRGVzY3JpcHRpb249IiI+DQogICAgICAgICAgPFJ1bGVQYXJhbWV0ZXJzPg0KICAgICAgICAgICAgPFJ1bGVQYXJhbWV0ZXIgTmFtZT0iU3RhcnRzV2l0aCIgVmFsdWU9ImVudD0mcXVvdDsiIC8+DQogICAgICAgICAgICA8UnVsZVBhcmFtZXRlciBOYW1lPSJFbmRzV2l0aCIgVmFsdWU9IiZxdW90OyAvJmd0OyYjeEQ7IiAvPg0KICAgICAgICAgICAgPFJ1bGVQYXJhbWV0ZXIgTmFtZT0iSW5kZXgiIFZhbHVlPSIzIiAvPg0KICAgICAgICAgICAgPFJ1bGVQYXJhbWV0ZXIgTmFtZT0iSWdub3JlQ2FzZSIgVmFsdWU9IkZhbHNlIiAvPg0KICAgICAgICAgICAgPFJ1bGVQYXJhbWV0ZXIgTmFtZT0iVXNlUmVndWxhckV4cHJlc3Npb24iIFZhbHVlPSJGYWxzZSIgLz4NCiAgICAgICAgICAgIDxSdWxlUGFyYW1ldGVyIE5hbWU9Ikh0bWxEZWNvZGUiIFZhbHVlPSJUcnVlIiAvPg0KICAgICAgICAgICAgPFJ1bGVQYXJhbWV0ZXIgTmFtZT0iUmVxdWlyZWQiIFZhbHVlPSJGYWxzZSIgLz4NCiAgICAgICAgICA8L1J1bGVQYXJhbWV0ZXJzPg0KICAgICAgICA8L0V4dHJhY3Rpb25SdWxlPg0KICAgICAgICA8RXh0cmFjdGlvblJ1bGUgQ2xhc3NuYW1lPSJNaWNyb3NvZnQuVmlzdWFsU3R1ZGlvLlRlc3RUb29scy5XZWJUZXN0aW5nLlJ1bGVzLkV4dHJhY3RUZXh0LCBNaWNyb3NvZnQuVmlzdWFsU3R1ZGlvLlF1YWxpdHlUb29scy5XZWJUZXN0RnJhbWV3b3JrLCBWZXJzaW9uPTEwLjAuMC4wLCBDdWx0dXJlPW5ldXRyYWwsIFB1YmxpY0tleVRva2VuPWIwM2Y1ZjdmMTFkNTBhM2EiIFZhcmlhYmxlTmFtZT0iRm9ybVBvc3RQYXJhbTIxLl9fVklFV1NUQVRFIiBEaXNwbGF5TmFtZT0iIiBEZXNjcmlwdGlvbj0iIj4NCiAgICAgICAgICA8UnVsZVBhcmFtZXRlcnM+DQogICAgICAgICAgICA8UnVsZVBhcmFtZXRlciBOYW1lPSJTdGFydHNXaXRoIiBWYWx1ZT0ibHVlPSZxdW90OyIgLz4NCiAgICAgICAgICAgIDxSdWxlUGFyYW1ldGVyIE5hbWU9IkVuZHNXaXRoIiBWYWx1ZT0iJnF1b3Q7IC8mZ3Q7JiN4RDsiIC8+DQogICAgICAgICAgICA8UnVsZVBhcmFtZXRlciBOYW1lPSJJbmRleCIgVmFsdWU9IjE5IiAvPg0KICAgICAgICAgICAgPFJ1bGVQYXJhbWV0ZXIgTmFtZT0iSWdub3JlQ2FzZSIgVmFsdWU9IkZhbHNlIiAvPg0KICAgICAgICAgICAgPFJ1bGVQYXJhbWV0ZXIgTmFtZT0iVXNlUmVndWxhckV4cHJlc3Npb24iIFZhbHVlPSJGYWxzZSIgLz4NCiAgICAgICAgICAgIDxSdWxlUGFyYW1ldGVyIE5hbWU9Ikh0bWxEZWNvZGUiIFZhbHVlPSJUcnVlIiAvPg0KICAgICAgICAgICAgPFJ1bGVQYXJhbWV0ZXIgTmFtZT0iUmVxdWlyZWQiIFZhbHVlPSJGYWxzZSIgLz4NCiAgICAgICAgICA8L1J1bGVQYXJhbWV0ZXJzPg0KICAgICAgICA8L0V4dHJhY3Rpb25SdWxlPg0KICAgICAgICA8RXh0cmFjdGlvblJ1bGUgQ2xhc3NuYW1lPSJNaWNyb3NvZnQuVmlzdWFsU3R1ZGlvLlRlc3RUb29scy5XZWJUZXN0aW5nLlJ1bGVzLkV4dHJhY3RUZXh0LCBNaWNyb3NvZnQuVmlzdWFsU3R1ZGlvLlF1YWxpdHlUb29scy5XZWJUZXN0RnJhbWV3b3JrLCBWZXJzaW9uPTEwLjAuMC4wLCBDdWx0dXJlPW5ldXRyYWwsIFB1YmxpY0tleVRva2VuPWIwM2Y1ZjdmMTFkNTBhM2EiIFZhcmlhYmxlTmFtZT0iRm9ybVBvc3RQYXJhbTIyLl9fVklFV1NUQVRFR0VORVJBVE9SIiBEaXNwbGF5TmFtZT0iIiBEZXNjcmlwdGlvbj0iIj4NCiAgICAgICAgICA8UnVsZVBhcmFtZXRlcnM+DQogICAgICAgICAgICA8UnVsZVBhcmFtZXRlciBOYW1lPSJTdGFydHNXaXRoIiBWYWx1ZT0ibHVlPSZxdW90OyIgLz4NCiAgICAgICAgICAgIDxSdWxlUGFyYW1ldGVyIE5hbWU9IkVuZHNXaXRoIiBWYWx1ZT0iJnF1b3Q7IC8mZ3Q7JiN4RDsiIC8+DQogICAgICAgICAgICA8UnVsZVBhcmFtZXRlciBOYW1lPSJJbmRleCIgVmFsdWU9IjIwIiAvPg0KICAgICAgICAgICAgPFJ1bGVQYXJhbWV0ZXIgTmFtZT0iSWdub3JlQ2FzZSIgVmFsdWU9IkZhbHNlIiAvPg0KICAgICAgICAgICAgPFJ1bGVQYXJhbWV0ZXIgTmFtZT0iVXNlUmVndWxhckV4cHJlc3Npb24iIFZhbHVlPSJGYWxzZSIgLz4NCiAgICAgICAgICAgIDxSdWxlUGFyYW1ldGVyIE5hbWU9Ikh0bWxEZWNvZGUiIFZhbHVlPSJUcnVlIiAvPg0KICAgICAgICAgICAgPFJ1bGVQYXJhbWV0ZXIgTmFtZT0iUmVxdWlyZWQiIFZhbHVlPSJGYWxzZSIgLz4NCiAgICAgICAgICA8L1J1bGVQYXJhbWV0ZXJzPg0KICAgICAgICA8L0V4dHJhY3Rpb25SdWxlPg0KICAgICAgICA8RXh0cmFjdGlvblJ1bGUgQ2xhc3NuYW1lPSJNaWNyb3NvZnQuVmlzdWFsU3R1ZGlvLlRlc3RUb29scy5XZWJUZXN0aW5nLlJ1bGVzLkV4dHJhY3RUZXh0LCBNaWNyb3NvZnQuVmlzdWFsU3R1ZGlvLlF1YWxpdHlUb29scy5XZWJUZXN0RnJhbWV3b3JrLCBWZXJzaW9uPTEwLjAuMC4wLCBDdWx0dXJlPW5ldXRyYWwsIFB1YmxpY0tleVRva2VuPWIwM2Y1ZjdmMTFkNTBhM2EiIFZhcmlhYmxlTmFtZT0iRm9ybVBvc3RQYXJhbTIzLl9fU0NST0xMUE9TSVRJT05YIiBEaXNwbGF5TmFtZT0iIiBEZXNjcmlwdGlvbj0iIj4NCiAgICAgICAgICA8UnVsZVBhcmFtZXRlcnM+DQogICAgICAgICAgICA8UnVsZVBhcmFtZXRlciBOYW1lPSJTdGFydHNXaXRoIiBWYWx1ZT0iZW50PSZxdW90OyIgLz4NCiAgICAgICAgICAgIDxSdWxlUGFyYW1ldGVyIE5hbWU9IkVuZHNXaXRoIiBWYWx1ZT0iJnF1b3Q7IC8mZ3Q7JiN4RDsiIC8+DQogICAgICAgICAgICA8UnVsZVBhcmFtZXRlciBOYW1lPSJJbmRleCIgVmFsdWU9IjMiIC8+DQogICAgICAgICAgICA8UnVsZVBhcmFtZXRlciBOYW1lPSJJZ25vcmVDYXNlIiBWYWx1ZT0iRmFsc2UiIC8+DQogICAgICAgICAgICA8UnVsZVBhcmFtZXRlciBOYW1lPSJVc2VSZWd1bGFyRXhwcmVzc2lvbiIgVmFsdWU9IkZhbHNlIiAvPg0KICAgICAgICAgICAgPFJ1bGVQYXJhbWV0ZXIgTmFtZT0iSHRtbERlY29kZSIgVmFsdWU9IlRydWUiIC8+DQogICAgICAgICAgICA8UnVsZVBhcmFtZXRlciBOYW1lPSJSZXF1aXJlZCIgVmFsdWU9IkZhbHNlIiAvPg0KICAgICAgICAgIDwvUnVsZVBhcmFtZXRlcnM+DQogICAgICAgIDwvRXh0cmFjdGlvblJ1bGU+DQogICAgICAgIDxFeHRyYWN0aW9uUnVsZSBDbGFzc25hbWU9Ik1pY3Jvc29mdC5WaXN1YWxTdHVkaW8uVGVzdFRvb2xzLldlYlRlc3RpbmcuUnVsZXMuRXh0cmFjdFRleHQsIE1pY3Jvc29mdC5WaXN1YWxTdHVkaW8uUXVhbGl0eVRvb2xzLldlYlRlc3RGcmFtZXdvcmssIFZlcnNpb249MTAuMC4wLjAsIEN1bHR1cmU9bmV1dHJhbCwgUHVibGljS2V5VG9rZW49YjAzZjVmN2YxMWQ1MGEzYSIgVmFyaWFibGVOYW1lPSJGb3JtUG9zdFBhcmFtMjQuX19TQ1JPTExQT1NJVElPTlkiIERpc3BsYXlOYW1lPSIiIERlc2NyaXB0aW9uPSIiPg0KICAgICAgICAgIDxSdWxlUGFyYW1ldGVycz4NCiAgICAgICAgICAgIDxSdWxlUGFyYW1ldGVyIE5hbWU9IlN0YXJ0c1dpdGgiIFZhbHVlPSJlbnQ9JnF1b3Q7IiAvPg0KICAgICAgICAgICAgPFJ1bGVQYXJhbWV0ZXIgTmFtZT0iRW5kc1dpdGgiIFZhbHVlPSImcXVvdDsgLyZndDsmI3hEOyIgLz4NCiAgICAgICAgICAgIDxSdWxlUGFyYW1ldGVyIE5hbWU9IkluZGV4IiBWYWx1ZT0iMyIgLz4NCiAgICAgICAgICAgIDxSdWxlUGFyYW1ldGVyIE5hbWU9Iklnbm9yZUNhc2UiIFZhbHVlPSJGYWxzZSIgLz4NCiAgICAgICAgICAgIDxSdWxlUGFyYW1ldGVyIE5hbWU9IlVzZVJlZ3VsYXJFeHByZXNzaW9uIiBWYWx1ZT0iRmFsc2UiIC8+DQogICAgICAgICAgICA8UnVsZVBhcmFtZXRlciBOYW1lPSJIdG1sRGVjb2RlIiBWYWx1ZT0iVHJ1ZSIgLz4NCiAgICAgICAgICAgIDxSdWxlUGFyYW1ldGVyIE5hbWU9IlJlcXVpcmVkIiBWYWx1ZT0iRmFsc2UiIC8+DQogICAgICAgICAgPC9SdWxlUGFyYW1ldGVycz4NCiAgICAgICAgPC9FeHRyYWN0aW9uUnVsZT4NCiAgICAgICAgPEV4dHJhY3Rpb25SdWxlIENsYXNzbmFtZT0iTWljcm9zb2Z0LlZpc3VhbFN0dWRpby5UZXN0VG9vbHMuV2ViVGVzdGluZy5SdWxlcy5FeHRyYWN0VGV4dCwgTWljcm9zb2Z0LlZpc3VhbFN0dWRpby5RdWFsaXR5VG9vbHMuV2ViVGVzdEZyYW1ld29yaywgVmVyc2lvbj0xMC4wLjAuMCwgQ3VsdHVyZT1uZXV0cmFsLCBQdWJsaWNLZXlUb2tlbj1iMDNmNWY3ZjExZDUwYTNhIiBWYXJpYWJsZU5hbWU9IkZvcm1Qb3N0UGFyYW0yNS5fX0VWRU5UVkFMSURBVElPTiIgRGlzcGxheU5hbWU9IiIgRGVzY3JpcHRpb249IiI+DQogICAgICAgICAgPFJ1bGVQYXJhbWV0ZXJzPg0KICAgICAgICAgICAgPFJ1bGVQYXJhbWV0ZXIgTmFtZT0iU3RhcnRzV2l0aCIgVmFsdWU9Imx1ZT0mcXVvdDsiIC8+DQogICAgICAgICAgICA8UnVsZVBhcmFtZXRlciBOYW1lPSJFbmRzV2l0aCIgVmFsdWU9IiZxdW90OyAvJmd0OyYjeEQ7IiAvPg0KICAgICAgICAgICAgPFJ1bGVQYXJhbWV0ZXIgTmFtZT0iSW5kZXgiIFZhbHVlPSIyMyIgLz4NCiAgICAgICAgICAgIDxSdWxlUGFyYW1ldGVyIE5hbWU9Iklnbm9yZUNhc2UiIFZhbHVlPSJGYWxzZSIgLz4NCiAgICAgICAgICAgIDxSdWxlUGFyYW1ldGVyIE5hbWU9IlVzZVJlZ3VsYXJFeHByZXNzaW9uIiBWYWx1ZT0iRmFsc2UiIC8+DQogICAgICAgICAgICA8UnVsZVBhcmFtZXRlciBOYW1lPSJIdG1sRGVjb2RlIiBWYWx1ZT0iVHJ1ZSIgLz4NCiAgICAgICAgICAgIDxSdWxlUGFyYW1ldGVyIE5hbWU9IlJlcXVpcmVkIiBWYWx1ZT0iRmFsc2UiIC8+DQogICAgICAgICAgPC9SdWxlUGFyYW1ldGVycz4NCiAgICAgICAgPC9FeHRyYWN0aW9uUnVsZT4NCiAgICAgICAgPEV4dHJhY3Rpb25SdWxlIENsYXNzbmFtZT0iTWljcm9zb2Z0LlZpc3VhbFN0dWRpby5UZXN0VG9vbHMuV2ViVGVzdGluZy5SdWxlcy5FeHRyYWN0VGV4dCwgTWljcm9zb2Z0LlZpc3VhbFN0dWRpby5RdWFsaXR5VG9vbHMuV2ViVGVzdEZyYW1ld29yaywgVmVyc2lvbj0xMC4wLjAuMCwgQ3VsdHVyZT1uZXV0cmFsLCBQdWJsaWNLZXlUb2tlbj1iMDNmNWY3ZjExZDUwYTNhIiBWYXJpYWJsZU5hbWU9IkZvcm1Qb3N0UGFyYW0yNi5kZXN0aW5hdGlvbiIgRGlzcGxheU5hbWU9IiIgRGVzY3JpcHRpb249IiI+DQogICAgICAgICAgPFJ1bGVQYXJhbWV0ZXJzPg0KICAgICAgICAgICAgPFJ1bGVQYXJhbWV0ZXIgTmFtZT0iU3RhcnRzV2l0aCIgVmFsdWU9Imx1ZT0mcXVvdDsiIC8+DQogICAgICAgICAgICA8UnVsZVBhcmFtZXRlciBOYW1lPSJFbmRzV2l0aCIgVmFsdWU9IiZxdW90OyAvJmd0OyYjeEQ7IiAvPg0KICAgICAgICAgICAgPFJ1bGVQYXJhbWV0ZXIgTmFtZT0iSW5kZXgiIFZhbHVlPSIyNSIgLz4NCiAgICAgICAgICAgIDxSdWxlUGFyYW1ldGVyIE5hbWU9Iklnbm9yZUNhc2UiIFZhbHVlPSJGYWxzZSIgLz4NCiAgICAgICAgICAgIDxSdWxlUGFyYW1ldGVyIE5hbWU9IlVzZVJlZ3VsYXJFeHByZXNzaW9uIiBWYWx1ZT0iRmFsc2UiIC8+DQogICAgICAgICAgICA8UnVsZVBhcmFtZXRlciBOYW1lPSJIdG1sRGVjb2RlIiBWYWx1ZT0iVHJ1ZSIgLz4NCiAgICAgICAgICAgIDxSdWxlUGFyYW1ldGVyIE5hbWU9IlJlcXVpcmVkIiBWYWx1ZT0iRmFsc2UiIC8+DQogICAgICAgICAgPC9SdWxlUGFyYW1ldGVycz4NCiAgICAgICAgPC9FeHRyYWN0aW9uUnVsZT4NCiAgICAgICAgPEV4dHJhY3Rpb25SdWxlIENsYXNzbmFtZT0iTWljcm9zb2Z0LlZpc3VhbFN0dWRpby5UZXN0VG9vbHMuV2ViVGVzdGluZy5SdWxlcy5FeHRyYWN0VGV4dCwgTWljcm9zb2Z0LlZpc3VhbFN0dWRpby5RdWFsaXR5VG9vbHMuV2ViVGVzdEZyYW1ld29yaywgVmVyc2lvbj0xMC4wLjAuMCwgQ3VsdHVyZT1uZXV0cmFsLCBQdWJsaWNLZXlUb2tlbj1iMDNmNWY3ZjExZDUwYTNhIiBWYXJpYWJsZU5hbWU9IkZvcm1Qb3N0UGFyYW0yNy5jdGwwMCRQbGFjZUhvbGRlck1haW4kY3RsMDUkY3RsMDEkdXBsb2FkTG9jYXRpb24iIERpc3BsYXlOYW1lPSIiIERlc2NyaXB0aW9uPSIiPg0KICAgICAgICAgIDxSdWxlUGFyYW1ldGVycz4NCiAgICAgICAgICAgIDxSdWxlUGFyYW1ldGVyIE5hbWU9IlN0YXJ0c1dpdGgiIFZhbHVlPSIgPT0gJnF1b3Q7IiAvPg0KICAgICAgICAgICAgPFJ1bGVQYXJhbWV0ZXIgTmFtZT0iRW5kc1dpdGgiIFZhbHVlPSImcXVvdDspJiN4RDsmI3hBOwkiIC8+DQogICAgICAgICAgICA8UnVsZVBhcmFtZXRlciBOYW1lPSJJbmRleCIgVmFsdWU9IjMiIC8+DQogICAgICAgICAgICA8UnVsZVBhcmFtZXRlciBOYW1lPSJJZ25vcmVDYXNlIiBWYWx1ZT0iRmFsc2UiIC8+DQogICAgICAgICAgICA8UnVsZVBhcmFtZXRlciBOYW1lPSJVc2VSZWd1bGFyRXhwcmVzc2lvbiIgVmFsdWU9IkZhbHNlIiAvPg0KICAgICAgICAgICAgPFJ1bGVQYXJhbWV0ZXIgTmFtZT0iSHRtbERlY29kZSIgVmFsdWU9IlRydWUiIC8+DQogICAgICAgICAgICA8UnVsZVBhcmFtZXRlciBOYW1lPSJSZXF1aXJlZCIgVmFsdWU9IkZhbHNlIiAvPg0KICAgICAgICAgIDwvUnVsZVBhcmFtZXRlcnM+DQogICAgICAgIDwvRXh0cmFjdGlvblJ1bGU+DQogICAgICA8L0NvcnJlbGF0aW9uRXh0cmFjdGlvblJ1bGVzPg0KICAgICAgPFF1ZXJ5U3RyaW5nUGFyYW1ldGVycz4NCiAgICAgICAgPFF1ZXJ5U3RyaW5nUGFyYW1ldGVyIE5hbWU9Ikxpc3QiIFZhbHVlPSJ7RUQyODE5MkEtM0I2Ny00M0Q4LUJBOEEtRENDQTNBQ0U3RDBCfSIgUmVjb3JkZWRWYWx1ZT0ie0VEMjgxOTJBLTNCNjctNDNEOC1CQThBLURDQ0EzQUNFN0QwQn0iIENvcnJlbGF0aW9uQmluZGluZz0iIiBVcmxFbmNvZGU9IkZhbHNlIiBVc2VUb0dyb3VwUmVzdWx0cz0iRmFsc2UiIC8+DQogICAgICAgIDxRdWVyeVN0cmluZ1BhcmFtZXRlciBOYW1lPSJSb290Rm9sZGVyIiBWYWx1ZT0iIiBSZWNvcmRlZFZhbHVlPSIiIENvcnJlbGF0aW9uQmluZGluZz0iIiBVcmxFbmNvZGU9IkZhbHNlIiBVc2VUb0dyb3VwUmVzdWx0cz0iRmFsc2UiIC8+DQogICAgICAgIDxRdWVyeVN0cmluZ1BhcmFtZXRlciBOYW1lPSJJc0RsZyIgVmFsdWU9IjEiIFJlY29yZGVkVmFsdWU9IjEiIENvcnJlbGF0aW9uQmluZGluZz0iIiBVcmxFbmNvZGU9IkZhbHNlIiBVc2VUb0dyb3VwUmVzdWx0cz0iRmFsc2UiIC8+DQogICAgICA8L1F1ZXJ5U3RyaW5nUGFyYW1ldGVycz4NCiAgICA8L1JlcXVlc3Q+DQogICAgPFJlcXVlc3QgTWV0aG9kPSJHRVQiIEd1aWQ9ImQ2Njg4ODhkLTgwMmEtNDk2ZC05MGEwLTA2YzJhNzdkY2Y0ZSIgVmVyc2lvbj0iMS4xIiBVcmw9Imh0dHBzOi8vc3AuY29yZGlzc29sdXRpb25zLmNvbS9BcHBzMDAvX2xheW91dHMvMTUvY29tbWFuZHVpLmFzaHgiIFRoaW5rVGltZT0iMCIgVGltZW91dD0iMzAwIiBQYXJzZURlcGVuZGVudFJlcXVlc3RzPSJUcnVlIiBGb2xsb3dSZWRpcmVjdHM9IlRydWUiIFJlY29yZFJlc3VsdD0iVHJ1ZSIgQ2FjaGU9IkZhbHNlIiBSZXNwb25zZVRpbWVHb2FsPSIwIiBFbmNvZGluZz0idXRmLTgiIEV4cGVjdGVkSHR0cFN0YXR1c0NvZGU9IjAiIEV4cGVjdGVkUmVzcG9uc2VVcmw9IiIgUmVwb3J0aW5nTmFtZT0iIiBJZ25vcmVIdHRwU3RhdHVzQ29kZT0iRmFsc2UiPg0KICAgICAgPEhlYWRlcnM+DQogICAgICAgIDxIZWFkZXIgTmFtZT0iWC1SZXF1ZXN0ZWQtV2l0aCIgVmFsdWU9IlhNTEh0dHBSZXF1ZXN0IiAvPg0KICAgICAgICA8SGVhZGVyIE5hbWU9IlJlZmVyZXIiIFZhbHVlPSJodHRwczovL3NwLmNvcmRpc3NvbHV0aW9ucy5jb20vQXBwczAwL1NoYXJlZCUyMERvY3VtZW50cy9Gb3Jtcy9hbGwlMjBkb2N1bWVudHMuYXNweCIgLz4NCiAgICAgIDwvSGVhZGVycz4NCiAgICAgIDxRdWVyeVN0cmluZ1BhcmFtZXRlcnM+DQogICAgICAgIDxRdWVyeVN0cmluZ1BhcmFtZXRlciBOYW1lPSJ2ZXIiIFZhbHVlPSI4MjMxNTM1NTYiIFJlY29yZGVkVmFsdWU9IjgyMzE1MzU1NiIgQ29ycmVsYXRpb25CaW5kaW5nPSIiIFVybEVuY29kZT0iRmFsc2UiIFVzZVRvR3JvdXBSZXN1bHRzPSJGYWxzZSIgLz4NCiAgICAgICAgPFF1ZXJ5U3RyaW5nUGFyYW1ldGVyIE5hbWU9ImxjaWQiIFZhbHVlPSIxMDMzIiBSZWNvcmRlZFZhbHVlPSIxMDMzIiBDb3JyZWxhdGlvbkJpbmRpbmc9IiIgVXJsRW5jb2RlPSJGYWxzZSIgVXNlVG9Hcm91cFJlc3VsdHM9IkZhbHNlIiAvPg0KICAgICAgICA8UXVlcnlTdHJpbmdQYXJhbWV0ZXIgTmFtZT0icXQiIFZhbHVlPSJjb21tYW5kaGFuZGxlcnMiIFJlY29yZGVkVmFsdWU9ImNvbW1hbmRoYW5kbGVycyIgQ29ycmVsYXRpb25CaW5kaW5nPSIiIFVybEVuY29kZT0iRmFsc2UiIFVzZVRvR3JvdXBSZXN1bHRzPSJGYWxzZSIgLz4NCiAgICAgIDwvUXVlcnlTdHJpbmdQYXJhbWV0ZXJzPg0KICAgIDwvUmVxdWVzdD4NCiAgICA8UmVxdWVzdCBNZXRob2Q9IlBPU1QiIEd1aWQ9IjM1YmM2ODBlLWM5OGUtNGM2NC1hMTQ5LWZhZjJiN2NjNDBlNiIgVmVyc2lvbj0iMS4xIiBVcmw9Imh0dHBzOi8vc3AuY29yZGlzc29sdXRpb25zLmNvbS9BcHBzMDAvX2xheW91dHMvMTUvY29tbWFuZHVpLmFzaHgiIFRoaW5rVGltZT0iMCIgVGltZW91dD0iMzAwIiBQYXJzZURlcGVuZGVudFJlcXVlc3RzPSJUcnVlIiBGb2xsb3dSZWRpcmVjdHM9IlRydWUiIFJlY29yZFJlc3VsdD0iVHJ1ZSIgQ2FjaGU9IkZhbHNlIiBSZXNwb25zZVRpbWVHb2FsPSIwIiBFbmNvZGluZz0idXRmLTgiIEV4cGVjdGVkSHR0cFN0YXR1c0NvZGU9IjAiIEV4cGVjdGVkUmVzcG9uc2VVcmw9IiIgUmVwb3J0aW5nTmFtZT0iIiBJZ25vcmVIdHRwU3RhdHVzQ29kZT0iRmFsc2UiPg0KICAgICAgPEhlYWRlcnM+DQogICAgICAgIDxIZWFkZXIgTmFtZT0iWC1SZXF1ZXN0ZWQtV2l0aCIgVmFsdWU9IlhNTEh0dHBSZXF1ZXN0IiAvPg0KICAgICAgICA8SGVhZGVyIE5hbWU9IlJlZmVyZXIiIFZhbHVlPSJodHRwczovL3NwLmNvcmRpc3NvbHV0aW9ucy5jb20vQXBwczAwL1NoYXJlZCUyMERvY3VtZW50cy9Gb3Jtcy9hbGwlMjBkb2N1bWVudHMuYXNweCIgLz4NCiAgICAgIDwvSGVhZGVycz4NCiAgICAgIDxRdWVyeVN0cmluZ1BhcmFtZXRlcnM+DQogICAgICAgIDxRdWVyeVN0cmluZ1BhcmFtZXRlciBOYW1lPSJ2ZXIiIFZhbHVlPSI4MjMxNTM1NTYiIFJlY29yZGVkVmFsdWU9IjgyMzE1MzU1NiIgQ29ycmVsYXRpb25CaW5kaW5nPSIiIFVybEVuY29kZT0iRmFsc2UiIFVzZVRvR3JvdXBSZXN1bHRzPSJGYWxzZSIgLz4NCiAgICAgICAgPFF1ZXJ5U3RyaW5nUGFyYW1ldGVyIE5hbWU9ImlkIiBWYWx1ZT0iUmliYm9uLlJlYWQiIFJlY29yZGVkVmFsdWU9IlJpYmJvbi5SZWFkIiBDb3JyZWxhdGlvbkJpbmRpbmc9IiIgVXJsRW5jb2RlPSJGYWxzZSIgVXNlVG9Hcm91cFJlc3VsdHM9IkZhbHNlIiAvPg0KICAgICAgICA8UXVlcnlTdHJpbmdQYXJhbWV0ZXIgTmFtZT0ibGNpZCIgVmFsdWU9IjEwMzMiIFJlY29yZGVkVmFsdWU9IjEwMzMiIENvcnJlbGF0aW9uQmluZGluZz0iIiBVcmxFbmNvZGU9IkZhbHNlIiBVc2VUb0dyb3VwUmVzdWx0cz0iRmFsc2UiIC8+DQogICAgICAgIDxRdWVyeVN0cmluZ1BhcmFtZXRlciBOYW1lPSJxdCIgVmFsdWU9InJpYmJvbnZpc2libGV0YWJkZWVwIiBSZWNvcmRlZFZhbHVlPSJyaWJib252aXNpYmxldGFiZGVlcCIgQ29ycmVsYXRpb25CaW5kaW5nPSIiIFVybEVuY29kZT0iRmFsc2UiIFVzZVRvR3JvdXBSZXN1bHRzPSJGYWxzZSIgLz4NCiAgICAgIDwvUXVlcnlTdHJpbmdQYXJhbWV0ZXJzPg0KICAgICAgPEZvcm1Qb3N0SHR0cEJvZHkgLz4NCiAgICA8L1JlcXVlc3Q+DQogICAgPFJlcXVlc3QgTWV0aG9kPSJHRVQiIEd1aWQ9IjFmOTBmZmFhLTQ3NzEtNDY0ZS05OWI0LTZjMWNhMDI2YzEzMCIgVmVyc2lvbj0iMS4xIiBVcmw9Imh0dHBzOi8vc3AuY29yZGlzc29sdXRpb25zLmNvbS9fbGF5b3V0cy8xNS9pbWFnZXMvYmxhbmsuZ2lmIiBUaGlua1RpbWU9IjEwIiBUaW1lb3V0PSIzMDAiIFBhcnNlRGVwZW5kZW50UmVxdWVzdHM9IlRydWUiIEZvbGxvd1JlZGlyZWN0cz0iVHJ1ZSIgUmVjb3JkUmVzdWx0PSJUcnVlIiBDYWNoZT0iRmFsc2UiIFJlc3BvbnNlVGltZUdvYWw9IjAiIEVuY29kaW5nPSJ1dGYtOCIgRXhwZWN0ZWRIdHRwU3RhdHVzQ29kZT0iMCIgRXhwZWN0ZWRSZXNwb25zZVVybD0iIiBSZXBvcnRpbmdOYW1lPSIiIElnbm9yZUh0dHBTdGF0dXNDb2RlPSJGYWxzZSI+DQogICAgICA8SGVhZGVycz4NCiAgICAgICAgPEhlYWRlciBOYW1lPSJSZWZlcmVyIiBWYWx1ZT0iaHR0cHM6Ly9zcC5jb3JkaXNzb2x1dGlvbnMuY29tL0FwcHMwMC9fbGF5b3V0cy8xNS9VcGxvYWQuYXNweD9MaXN0PSU3QkVEMjgxOTJBLTNCNjctNDNEOC1CQThBLURDQ0EzQUNFN0QwQiU3RCZhbXA7Um9vdEZvbGRlcj0mYW1wO0lzRGxnPTEiIC8+DQogICAgICA8L0hlYWRlcnM+DQogICAgPC9SZXF1ZXN0Pg0KICAgIDxSZXF1ZXN0IE1ldGhvZD0iUE9TVCIgR3VpZD0iZDAxN2ZmMGEtNzRkZS00MmUxLWIxMzMtNWUyZDE0Nzk3YWUyIiBWZXJzaW9uPSIxLjEiIFVybD0iaHR0cHM6Ly9zcC5jb3JkaXNzb2x1dGlvbnMuY29tL0FwcHMwMC9fbGF5b3V0cy8xNS9VcGxvYWRFeC5hc3B4IiBUaGlua1RpbWU9IjIyIiBUaW1lb3V0PSIzMDAiIFBhcnNlRGVwZW5kZW50UmVxdWVzdHM9IlRydWUiIEZvbGxvd1JlZGlyZWN0cz0iVHJ1ZSIgUmVjb3JkUmVzdWx0PSJUcnVlIiBDYWNoZT0iRmFsc2UiIFJlc3BvbnNlVGltZUdvYWw9IjAiIEVuY29kaW5nPSJ1dGYtOCIgRXhwZWN0ZWRIdHRwU3RhdHVzQ29kZT0iMCIgRXhwZWN0ZWRSZXNwb25zZVVybD0iIiBSZXBvcnRpbmdOYW1lPSIiIElnbm9yZUh0dHBTdGF0dXNDb2RlPSJGYWxzZSI+DQogICAgICA8SGVhZGVycz4NCiAgICAgICAgPEhlYWRlciBOYW1lPSJSZWZlcmVyIiBWYWx1ZT0iaHR0cHM6Ly9zcC5jb3JkaXNzb2x1dGlvbnMuY29tL0FwcHMwMC9fbGF5b3V0cy8xNS9VcGxvYWQuYXNweD9MaXN0PSU3QkVEMjgxOTJBLTNCNjctNDNEOC1CQThBLURDQ0EzQUNFN0QwQiU3RCZhbXA7Um9vdEZvbGRlcj0mYW1wO0lzRGxnPTEiIC8+DQogICAgICA8L0hlYWRlcnM+DQogICAgICA8Q29ycmVsYXRpb25FeHRyYWN0aW9uUnVsZXM+DQogICAgICAgIDxFeHRyYWN0aW9uUnVsZSBDbGFzc25hbWU9Ik1pY3Jvc29mdC5WaXN1YWxTdHVkaW8uVGVzdFRvb2xzLldlYlRlc3RpbmcuUnVsZXMuRXh0cmFjdFRleHQsIE1pY3Jvc29mdC5WaXN1YWxTdHVkaW8uUXVhbGl0eVRvb2xzLldlYlRlc3RGcmFtZXdvcmssIFZlcnNpb249MTAuMC4wLjAsIEN1bHR1cmU9bmV1dHJhbCwgUHVibGljS2V5VG9rZW49YjAzZjVmN2YxMWQ1MGEzYSIgVmFyaWFibGVOYW1lPSJRdWVyeVN0cmluZ1BhcmFtNjcuTW9kZSIgRGlzcGxheU5hbWU9IiIgRGVzY3JpcHRpb249IiI+DQogICAgICAgICAgPFJ1bGVQYXJhbWV0ZXJzPg0KICAgICAgICAgICAgPFJ1bGVQYXJhbWV0ZXIgTmFtZT0iU3RhcnRzV2l0aCIgVmFsdWU9Ij9Nb2RlPSIgLz4NCiAgICAgICAgICAgIDxSdWxlUGFyYW1ldGVyIE5hbWU9IkVuZHNXaXRoIiBWYWx1ZT0iXCIgLz4NCiAgICAgICAgICAgIDxSdWxlUGFyYW1ldGVyIE5hbWU9IkluZGV4IiBWYWx1ZT0iMCIgLz4NCiAgICAgICAgICAgIDxSdWxlUGFyYW1ldGVyIE5hbWU9Iklnbm9yZUNhc2UiIFZhbHVlPSJGYWxzZSIgLz4NCiAgICAgICAgICAgIDxSdWxlUGFyYW1ldGVyIE5hbWU9IlVzZVJlZ3VsYXJFeHByZXNzaW9uIiBWYWx1ZT0iRmFsc2UiIC8+DQogICAgICAgICAgICA8UnVsZVBhcmFtZXRlciBOYW1lPSJIdG1sRGVjb2RlIiBWYWx1ZT0iVHJ1ZSIgLz4NCiAgICAgICAgICAgIDxSdWxlUGFyYW1ldGVyIE5hbWU9IlJlcXVpcmVkIiBWYWx1ZT0iRmFsc2UiIC8+DQogICAgICAgICAgPC9SdWxlUGFyYW1ldGVycz4NCiAgICAgICAgPC9FeHRyYWN0aW9uUnVsZT4NCiAgICAgICAgPEV4dHJhY3Rpb25SdWxlIENsYXNzbmFtZT0iTWljcm9zb2Z0LlZpc3VhbFN0dWRpby5UZXN0VG9vbHMuV2ViVGVzdGluZy5SdWxlcy5FeHRyYWN0VGV4dCwgTWljcm9zb2Z0LlZpc3VhbFN0dWRpby5RdWFsaXR5VG9vbHMuV2ViVGVzdEZyYW1ld29yaywgVmVyc2lvbj0xMC4wLjAuMCwgQ3VsdHVyZT1uZXV0cmFsLCBQdWJsaWNLZXlUb2tlbj1iMDNmNWY3ZjExZDUwYTNhIiBWYXJpYWJsZU5hbWU9IlF1ZXJ5U3RyaW5nUGFyYW02OC5JRCIgRGlzcGxheU5hbWU9IiIgRGVzY3JpcHRpb249IiI+DQogICAgICAgICAgPFJ1bGVQYXJhbWV0ZXJzPg0KICAgICAgICAgICAgPFJ1bGVQYXJhbWV0ZXIgTmFtZT0iU3RhcnRzV2l0aCIgVmFsdWU9Ilx1MDAyNklEPSIgLz4NCiAgICAgICAgICAgIDxSdWxlUGFyYW1ldGVyIE5hbWU9IkVuZHNXaXRoIiBWYWx1ZT0iXCIgLz4NCiAgICAgICAgICAgIDxSdWxlUGFyYW1ldGVyIE5hbWU9IkluZGV4IiBWYWx1ZT0iMCIgLz4NCiAgICAgICAgICAgIDxSdWxlUGFyYW1ldGVyIE5hbWU9Iklnbm9yZUNhc2UiIFZhbHVlPSJGYWxzZSIgLz4NCiAgICAgICAgICAgIDxSdWxlUGFyYW1ldGVyIE5hbWU9IlVzZVJlZ3VsYXJFeHByZXNzaW9uIiBWYWx1ZT0iRmFsc2UiIC8+DQogICAgICAgICAgICA8UnVsZVBhcmFtZXRlciBOYW1lPSJIdG1sRGVjb2RlIiBWYWx1ZT0iVHJ1ZSIgLz4NCiAgICAgICAgICAgIDxSdWxlUGFyYW1ldGVyIE5hbWU9IlJlcXVpcmVkIiBWYWx1ZT0iRmFsc2UiIC8+DQogICAgICAgICAgPC9SdWxlUGFyYW1ldGVycz4NCiAgICAgICAgPC9FeHRyYWN0aW9uUnVsZT4NCiAgICAgIDwvQ29ycmVsYXRpb25FeHRyYWN0aW9uUnVsZXM+DQogICAgICA8UXVlcnlTdHJpbmdQYXJhbWV0ZXJzPg0KICAgICAgICA8UXVlcnlTdHJpbmdQYXJhbWV0ZXIgTmFtZT0iTGlzdCIgVmFsdWU9IiU3YkVEMjgxOTJBLTNCNjctNDNEOC1CQThBLURDQ0EzQUNFN0QwQiU3ZCIgUmVjb3JkZWRWYWx1ZT0iJTdiRUQyODE5MkEtM0I2Ny00M0Q4LUJBOEEtRENDQTNBQ0U3RDBCJTdkIiBDb3JyZWxhdGlvbkJpbmRpbmc9Int7UXVlcnlTdHJpbmdQYXJhbTY1Lkxpc3R9fSIgVXJsRW5jb2RlPSJGYWxzZSIgVXNlVG9Hcm91cFJlc3VsdHM9IkZhbHNlIiAvPg0KICAgICAgICA8UXVlcnlTdHJpbmdQYXJhbWV0ZXIgTmFtZT0iUm9vdEZvbGRlciIgVmFsdWU9IiIgUmVjb3JkZWRWYWx1ZT0iIiBDb3JyZWxhdGlvbkJpbmRpbmc9IiIgVXJsRW5jb2RlPSJGYWxzZSIgVXNlVG9Hcm91cFJlc3VsdHM9IkZhbHNlIiAvPg0KICAgICAgICA8UXVlcnlTdHJpbmdQYXJhbWV0ZXIgTmFtZT0iSXNEbGciIFZhbHVlPSIxIiBSZWNvcmRlZFZhbHVlPSIxIiBDb3JyZWxhdGlvbkJpbmRpbmc9Int7UXVlcnlTdHJpbmdQYXJhbTY2LklzRGxnfX0iIFVybEVuY29kZT0iRmFsc2UiIFVzZVRvR3JvdXBSZXN1bHRzPSJGYWxzZSIgLz4NCiAgICAgIDwvUXVlcnlTdHJpbmdQYXJhbWV0ZXJzPg0KICAgICAgPEZvcm1Qb3N0SHR0cEJvZHk+DQogICAgICAgIDxGb3JtUG9zdFBhcmFtZXRlciBOYW1lPSJNU09XZWJQYXJ0UGFnZV9Qb3N0YmFja1NvdXJjZSIgVmFsdWU9IiIgUmVjb3JkZWRWYWx1ZT0iIiBDb3JyZWxhdGlvbkJpbmRpbmc9IiIgVXJsRW5jb2RlPSJUcnVlIiAvPg0KICAgICAgICA8Rm9ybVBvc3RQYXJhbWV0ZXIgTmFtZT0iTVNPVGxQbl9TZWxlY3RlZFdwSWQiIFZhbHVlPSIiIFJlY29yZGVkVmFsdWU9IiIgQ29ycmVsYXRpb25CaW5kaW5nPSIiIFVybEVuY29kZT0iVHJ1ZSIgLz4NCiAgICAgICAgPEZvcm1Qb3N0UGFyYW1ldGVyIE5hbWU9Ik1TT1RsUG5fVmlldyIgVmFsdWU9IjAiIFJlY29yZGVkVmFsdWU9IjAiIENvcnJlbGF0aW9uQmluZGluZz0ie3tGb3JtUG9zdFBhcmFtMTAuTVNPVGxQbl9WaWV3fX0iIFVybEVuY29kZT0iVHJ1ZSIgLz4NCiAgICAgICAgPEZvcm1Qb3N0UGFyYW1ldGVyIE5hbWU9Ik1TT1RsUG5fU2hvd1NldHRpbmdzIiBWYWx1ZT0iRmFsc2UiIFJlY29yZGVkVmFsdWU9IkZhbHNlIiBDb3JyZWxhdGlvbkJpbmRpbmc9Int7Rm9ybVBvc3RQYXJhbTExLk1TT1RsUG5fU2hvd1NldHRpbmdzfX0iIFVybEVuY29kZT0iVHJ1ZSIgLz4NCiAgICAgICAgPEZvcm1Qb3N0UGFyYW1ldGVyIE5hbWU9Ik1TT0dhbGxlcnlfU2VsZWN0ZWRMaWJyYXJ5IiBWYWx1ZT0iIiBSZWNvcmRlZFZhbHVlPSIiIENvcnJlbGF0aW9uQmluZGluZz0iIiBVcmxFbmNvZGU9IlRydWUiIC8+DQogICAgICAgIDxGb3JtUG9zdFBhcmFtZXRlciBOYW1lPSJNU09HYWxsZXJ5X0ZpbHRlclN0cmluZyIgVmFsdWU9IiIgUmVjb3JkZWRWYWx1ZT0iIiBDb3JyZWxhdGlvbkJpbmRpbmc9IiIgVXJsRW5jb2RlPSJUcnVlIiAvPg0KICAgICAgICA8Rm9ybVBvc3RQYXJhbWV0ZXIgTmFtZT0iTVNPVGxQbl9CdXR0b24iIFZhbHVlPSJub25lIiBSZWNvcmRlZFZhbHVlPSJub25lIiBDb3JyZWxhdGlvbkJpbmRpbmc9Int7Rm9ybVBvc3RQYXJhbTEyLk1TT1RsUG5fQnV0dG9ufX0iIFVybEVuY29kZT0iVHJ1ZSIgLz4NCiAgICAgICAgPEZvcm1Qb3N0UGFyYW1ldGVyIE5hbWU9Il9fRVZFTlRUQVJHRVQiIFZhbHVlPSJjdGwwMCRQbGFjZUhvbGRlck1haW4kY3RsMDQkUnB0Q29udHJvbHMkYnRuT0siIFJlY29yZGVkVmFsdWU9ImN0bDAwJFBsYWNlSG9sZGVyTWFpbiRjdGwwNCRScHRDb250cm9scyRidG5PSyIgQ29ycmVsYXRpb25CaW5kaW5nPSJ7e0Zvcm1Qb3N0UGFyYW0xMy5fX0VWRU5UVEFSR0VUfX0iIFVybEVuY29kZT0iVHJ1ZSIgLz4NCiAgICAgICAgPEZvcm1Qb3N0UGFyYW1ldGVyIE5hbWU9Il9fRVZFTlRBUkdVTUVOVCIgVmFsdWU9IiIgUmVjb3JkZWRWYWx1ZT0iIiBDb3JyZWxhdGlvbkJpbmRpbmc9IiIgVXJsRW5jb2RlPSJUcnVlIiAvPg0KICAgICAgICA8Rm9ybVBvc3RQYXJhbWV0ZXIgTmFtZT0iTVNPU1BXZWJQYXJ0TWFuYWdlcl9EaXNwbGF5TW9kZU5hbWUiIFZhbHVlPSJCcm93c2UiIFJlY29yZGVkVmFsdWU9IkJyb3dzZSIgQ29ycmVsYXRpb25CaW5kaW5nPSJ7e0Zvcm1Qb3N0UGFyYW0xNC5NU09TUFdlYlBhcnRNYW5hZ2VyX0Rpc3BsYXlNb2RlTmFtZX19IiBVcmxFbmNvZGU9IlRydWUiIC8+DQogICAgICAgIDxGb3JtUG9zdFBhcmFtZXRlciBOYW1lPSJNU09TUFdlYlBhcnRNYW5hZ2VyX0V4aXRpbmdEZXNpZ25Nb2RlIiBWYWx1ZT0iZmFsc2UiIFJlY29yZGVkVmFsdWU9ImZhbHNlIiBDb3JyZWxhdGlvbkJpbmRpbmc9Int7Rm9ybVBvc3RQYXJhbTE1Lk1TT1NQV2ViUGFydE1hbmFnZXJfRXhpdGluZ0Rlc2lnbk1vZGV9fSIgVXJsRW5jb2RlPSJUcnVlIiAvPg0KICAgICAgICA8Rm9ybVBvc3RQYXJhbWV0ZXIgTmFtZT0iTVNPV2ViUGFydFBhZ2VfU2hhcmVkIiBWYWx1ZT0iIiBSZWNvcmRlZFZhbHVlPSIiIENvcnJlbGF0aW9uQmluZGluZz0iIiBVcmxFbmNvZGU9IlRydWUiIC8+DQogICAgICAgIDxGb3JtUG9zdFBhcmFtZXRlciBOYW1lPSJNU09MYXlvdXRfTGF5b3V0Q2hhbmdlcyIgVmFsdWU9IiIgUmVjb3JkZWRWYWx1ZT0iIiBDb3JyZWxhdGlvbkJpbmRpbmc9IiIgVXJsRW5jb2RlPSJUcnVlIiAvPg0KICAgICAgICA8Rm9ybVBvc3RQYXJhbWV0ZXIgTmFtZT0iTVNPTGF5b3V0X0luRGVzaWduTW9kZSIgVmFsdWU9IiIgUmVjb3JkZWRWYWx1ZT0iIiBDb3JyZWxhdGlvbkJpbmRpbmc9IiIgVXJsRW5jb2RlPSJUcnVlIiAvPg0KICAgICAgICA8Rm9ybVBvc3RQYXJhbWV0ZXIgTmFtZT0iTVNPU1BXZWJQYXJ0TWFuYWdlcl9PbGREaXNwbGF5TW9kZU5hbWUiIFZhbHVlPSJCcm93c2UiIFJlY29yZGVkVmFsdWU9IkJyb3dzZSIgQ29ycmVsYXRpb25CaW5kaW5nPSJ7e0Zvcm1Qb3N0UGFyYW0xNi5NU09TUFdlYlBhcnRNYW5hZ2VyX09sZERpc3BsYXlNb2RlTmFtZX19IiBVcmxFbmNvZGU9IlRydWUiIC8+DQogICAgICAgIDxGb3JtUG9zdFBhcmFtZXRlciBOYW1lPSJNU09TUFdlYlBhcnRNYW5hZ2VyX1N0YXJ0V2ViUGFydEVkaXRpbmdOYW1lIiBWYWx1ZT0iZmFsc2UiIFJlY29yZGVkVmFsdWU9ImZhbHNlIiBDb3JyZWxhdGlvbkJpbmRpbmc9Int7Rm9ybVBvc3RQYXJhbTE3Lk1TT1NQV2ViUGFydE1hbmFnZXJfU3RhcnRXZWJQYXJ0RWRpdGluZ05hbWV9fSIgVXJsRW5jb2RlPSJUcnVlIiAvPg0KICAgICAgICA8Rm9ybVBvc3RQYXJhbWV0ZXIgTmFtZT0iTVNPU1BXZWJQYXJ0TWFuYWdlcl9FbmRXZWJQYXJ0RWRpdGluZyIgVmFsdWU9ImZhbHNlIiBSZWNvcmRlZFZhbHVlPSJmYWxzZSIgQ29ycmVsYXRpb25CaW5kaW5nPSJ7e0Zvcm1Qb3N0UGFyYW0xOC5NU09TUFdlYlBhcnRNYW5hZ2VyX0VuZFdlYlBhcnRFZGl0aW5nfX0iIFVybEVuY29kZT0iVHJ1ZSIgLz4NCiAgICAgICAgPEZvcm1Qb3N0UGFyYW1ldGVyIE5hbWU9Il9tYWludGFpbldvcmtzcGFjZVNjcm9sbFBvc2l0aW9uIiBWYWx1ZT0iMCIgUmVjb3JkZWRWYWx1ZT0iMCIgQ29ycmVsYXRpb25CaW5kaW5nPSJ7e0Zvcm1Qb3N0UGFyYW0xOS5fbWFpbnRhaW5Xb3Jrc3BhY2VTY3JvbGxQb3NpdGlvbn19IiBVcmxFbmNvZGU9IlRydWUiIC8+DQogICAgICAgIDxGb3JtUG9zdFBhcmFtZXRlciBOYW1lPSJfX1JFUVVFU1RESUdFU1QiIFZhbHVlPSJ7e0Zvcm1Qb3N0UGFyYW0yMC5fX1JFUVVFU1RESUdFU1R9fSIgUmVjb3JkZWRWYWx1ZT0iMHg3NEYwOUI5MzEyQkU4ODBEODlGMTRDMzgwMjRBNDBBRDQzMjRDQUYxMEFCOTA4OEQ5NzBGQTQ4NEIyNkJENDJCMTVGQTdGMUFFRTJBQ0VCNkM1M0VFMkVENzI0RTg1Mzg0NTA5QTBEMThDODM0MURFNzMzQzg0NEFDREIzQzFBRSwxMyBKdW4gMjAxOCAxMTozNzozNyAtMDAwMCIgQ29ycmVsYXRpb25CaW5kaW5nPSJ7e0Zvcm1Qb3N0UGFyYW0yMC5fX1JFUVVFU1RESUdFU1R9fSIgVXJsRW5jb2RlPSJUcnVlIiAvPg0KICAgICAgICA8Rm9ybVBvc3RQYXJhbWV0ZXIgTmFtZT0iX19WSUVXU1RBVEUiIFZhbHVlPSIvd0VQRHdVTExURTJNakEzTURRek5qVVBaQllDWmc5a0ZnSUNBUThXQWg0RlkyeGhjM01GRm0xekxXUnBZV3h2WnlCdGN5MWthV0ZzYjJjdGJuSVdCQUlCRDJRV0FnSVpEMlFXQWdJREQyUVdBZ0lCRDJRV0FtWVBGQ3NBQm1RRkxtaDBkSEJ6T2k4dmMzQXVaWGhqWld4emRYQndiM0owTG05eVp6bzBORE12YlhrdlVHVnljMjl1TG1GemNIZ0ZJMmgwZEhCek9pOHZjM0F1WlhoalpXeHpkWEJ3YjNKMExtOXlaem8wTkRNdmJYa3ZCUjh2UVhCd2N6QXdMMTlzWVhsdmRYUnpMekUxTDIxNWMzVmljeTVoYzNCNEJmc0JMMEZ3Y0hNd01DOWZiR0Y1YjNWMGN5OHhOUzl5WldkcGIyNWhiSE5sZEc1bkxtRnpjSGcvZEhsd1pUMTFjMlZ5Sm5OdmRYSmpaVDFvZEhSd2N5VXpRU1V5UmlVeVJuTndKVEpGWTI5eVpHbHpjMjlzZFhScGIyNXpKVEpGWTI5dEpUSkdRWEJ3Y3pBd0pUSkdKVFZHYkdGNWIzVjBjeVV5UmpFMUpUSkdWWEJzYjJGa0pUSkZZWE53ZUNVelJreHBjM1FsTTBRbE1qVTNRa1ZFTWpneE9USkJKVEkxTWtRelFqWTNKVEkxTWtRME0wUTRKVEkxTWtSQ1FUaEJKVEkxTWtSRVEwTkJNMEZEUlRkRU1FSWxNalUzUkNVeU5tRnRjQ1V6UWxKdmIzUkdiMnhrWlhJbE0wUWxNalpoYlhBbE0wSkpjMFJzWnlVelJERUZ6d0pvZEhSd2N6b3ZMM053TG1WNFkyVnNjM1Z3Y0c5eWRDNXZjbWM2TkRRekwyMTVMMTlzWVhsdmRYUnpMekUxTDBWa2FYUlFjbTltYVd4bExtRnpjSGcvVlhObGNsTmxkSFJwYm1kelVISnZkbWxrWlhJOU1qTTBZbVl3WldRbE1rUTNNR1JpSlRKRU5ERTFPQ1V5UkdFek16SWxNa1EwWkdaa05qZ3pZalF4TkRnbVVtVjBkWEp1VlhKc1BXaDBkSEJ6SlROQkpUSkdKVEpHYzNBbE1rVmpiM0prYVhOemIyeDFkR2x2Ym5NbE1rVmpiMjBsTWtaQmNIQnpNREFsTWtZbE5VWnNZWGx2ZFhSekpUSkdNVFVsTWtaVmNHeHZZV1FsTWtWaGMzQjRKVE5HVEdsemRDVXpSQ1V5TlRkQ1JVUXlPREU1TWtFbE1qVXlSRE5DTmpjbE1qVXlSRFF6UkRnbE1qVXlSRUpCT0VFbE1qVXlSRVJEUTBFelFVTkZOMFF3UWlVeU5UZEVKVEkyWVcxd0pUTkNVbTl2ZEVadmJHUmxjaVV6UkNVeU5tRnRjQ1V6UWtselJHeG5KVE5FTVdRQ0J3OFdBaDRIWlc1amRIbHdaUVVUYlhWc2RHbHdZWEowTDJadmNtMHRaR0YwWVJZSUFnVVBaQllDQWdJUFpCWUVBZ0VQWkJZQ0FnTVBaQllDWmc5a0ZnUUNBdzlrRmdvQ0FROFdCaDRUUTJ4cFpXNTBUMjVEYkdsamExTmpjbWx3ZEFWNVJXNXpkWEpsVTJOeWFYQjBSblZ1WXlnbmMyaGhjbWx1Wnk1cWN5Y3NJQ2RFYVhOd2JHRjVVMmhoY21Wa1YybDBhRVJwWVd4dlp5Y3NJR1oxYm1OMGFXOXVJQ2dwSUhzZ1JHbHpjR3hoZVZOb1lYSmxaRmRwZEdoRWFXRnNiMmNvSjF4MU1EQXlaa0Z3Y0hNd01GeDFNREF5WmljcE95QjlLUjRvUTJ4cFpXNTBUMjVEYkdsamExTmpjbWx3ZEVOdmJuUmhhVzVwYm1kUWNtVm1hWGhsWkZWeWJBVjVSVzV6ZFhKbFUyTnlhWEIwUm5WdVl5Z25jMmhoY21sdVp5NXFjeWNzSUNkRWFYTndiR0Y1VTJoaGNtVmtWMmwwYUVScFlXeHZaeWNzSUdaMWJtTjBhVzl1SUNncElIc2dSR2x6Y0d4aGVWTm9ZWEpsWkZkcGRHaEVhV0ZzYjJjb0oxeDFNREF5WmtGd2NITXdNRngxTURBeVppY3BPeUI5S1I0WVEyeHBaVzUwVDI1RGJHbGphMDVoZG1sbllYUmxWWEpzWkdRQ0F3OFdBaDRIVm1semFXSnNaV2hrQWdVUEZnSWZCV2hrQWdzUEZnSWZCV2hrQWhJUFpCWUNaZzhQRmdZZUhGQnlaWFpwYjNWelFYVjBhRzl5YVc1blNYUmxiVlpsY25OcGIyNWxIaHBRY21WMmFXOTFjMEYxZEdodmNtbHVaMGwwWlcxUGQyNWxjbVVlSEZCeVpYWnBiM1Z6UVhWMGFHOXlhVzVuUTI5dWRISnZiRTF2WkdVTEtZZ0JUV2xqY205emIyWjBMbE5vWVhKbFVHOXBiblF1VjJWaVEyOXVkSEp2YkhNdVUxQkRiMjUwY205c1RXOWtaU3dnVFdsamNtOXpiMlowTGxOb1lYSmxVRzlwYm5Rc0lGWmxjbk5wYjI0OU1UWXVNQzR3TGpBc0lFTjFiSFIxY21VOWJtVjFkSEpoYkN3Z1VIVmliR2xqUzJWNVZHOXJaVzQ5TnpGbE9XSmpaVEV4TVdVNU5ESTVZd0JrWkFJRUR3OFdBaDRKUVdOalpYTnpTMlY1QlFFdlpHUUNBdzlrRmdJQ0FROWtGZ0lDQVE5a0ZnWUNBUThQRmdRZUJGOGhVMElDQWg0SVEzTnpRMnhoYzNNRkYyMXpMWEJ5YjIxdmRHVmtRV04wYVc5dVFuVjBkRzl1WkdRQ0F3OWtGZ0ptRHc4V0JCOEtBZ0lmQ3dVWGJYTXRjSEp2Ylc5MFpXUkJZM1JwYjI1Q2RYUjBiMjVrWkFJRkR3OFdCaDhMQlJkdGN5MXdjbTl0YjNSbFpFRmpkR2x2YmtKMWRIUnZiaDhLQWdJZkJXaGtaQUlQRDJRV0FnSUJEMlFXQW1ZUER4WUVIZ1JVWlhoMEJSQlRhR0Z5WldRZ1JHOWpkVzFsYm5SekhndE9ZWFpwWjJGMFpWVnliQVV4TDBGd2NITXdNQzlUYUdGeVpXUWdSRzlqZFcxbGJuUnpMMFp2Y20xekwyRnNiQ0JrYjJOMWJXVnVkSE11WVhOd2VHUmtBaE1QWkJZQ0FnRVBaQllDQWcwUER4WUNId1ZvWkJZQ0FnRVBaQllDWmc5a0ZnSUNBdzlrRmdJQ0JROWtGZ0lDQVE4OEt3QUpBUUFQRmdRZURWQmhkR2hUWlhCaGNtRjBiM0lFQ0I0TlRtVjJaWEpGZUhCaGJtUmxaR2RrWkFJVkQyUVdBZ0lCRDJRV0JtWVBGZ0lmREFVWUwwRndjSE13TUM5VGFHRnlaV1FnUkc5amRXMWxiblJ6WkFJR0QyUVdDR1lQWkJZQ0FnUVBaQllDQWdFUFpCWUdaZzlrRmdKbUR3OFdBaDhNWldSa0FnRVBaQllHQWdFUER4WUVIZ3hGY25KdmNrMWxjM05oWjJVRk1GbHZkU0J0ZFhOMElITndaV05wWm5rZ1lTQjJZV3gxWlNCbWIzSWdkR2hsSUhKbGNYVnBjbVZrSUdacFpXeGtMaDRVVDNKcFoybHVZV3hGY25KdmNrMWxjM05oWjJVRk1GbHZkU0J0ZFhOMElITndaV05wWm5rZ1lTQjJZV3gxWlNCbWIzSWdkR2hsSUhKbGNYVnBjbVZrSUdacFpXeGtMbVJrQWdNUER4WUNId1ZuWkdRQ0JBOFFEeFlDSHd3RkprRmtaQ0JoY3lCaElHNWxkeUIyWlhKemFXOXVJSFJ2SUdWNGFYTjBhVzVuSUdacGJHVnpaR1JrWkFJQ0R4WUNId1ZvWkFJQkQyUVdCZ0lCRDJRV0FtWVBGZ0lmREFVU1JHVnpkR2x1WVhScGIyNGdSbTlzWkdWeVpBSUNEMlFXQW1ZUEZnSWZER1ZrQWdRUFpCWUNBZ0VQWkJZR1pnOWtGZ0ptRHc4V0FoOE1aV1JrQWdFUFpCWUNBZ0VQRHhZQ0h3d0ZBUzlrWkFJQ0R4WUNId1ZvWkFJQ0QyUVdCZ0lCRDJRV0FtWVBGZ0lmREFVVFJHVnpkR2x1WVhScGIyNGdUR2xpY21GeWVXUUNBZzlrRmdKbUR4WUNId3hsWkFJRUQyUVdBZ0lCRDJRV0JHWVBaQllDWmc4UEZnSWZER1ZrWkFJQ0R4WUNId1ZvWkFJREQyUVdCZ0lCRDJRV0FtWVBGZ0lmREFVUVZtVnljMmx2YmlCRGIyMXRaVzUwYzJRQ0FnOWtGZ0ptRHhZQ0h3eGxaQUlFRDJRV0FnSUJEMlFXQkdZUFpCWUNaZzhQRmdJZkRHVmtaQUlDRHhZQ0h3Vm9aQUlIRDJRV0NHWVBGZ1FlQ1dsdWJtVnlhSFJ0YkFYeUFVeGhjbWRsSUdacGJHVWdkWEJzYjJGa2N5QjNiM0pySUdKbGRIUmxjaUJwYmlCemVXNWpaV1FnWm05c1pHVnljeXdnUEdFZ2MzUjViR1U5SjNkb2FYUmxMWE53WVdObE9tNXZkM0poY0NjZ2IyNWpiR2xqYXowaWQybHVaRzkzTG05d1pXNG9KMmgwZEhBNkx5OXZabVpwWTJVdWJXbGpjbTl6YjJaMExtTnZiUzlsYmkxMWN5OXpkWEJ3YjNKMEwzTjVibU10WVMxc2FXSnlZWEo1TFhSdkxYbHZkWEl0WTI5dGNIVjBaWEl0U0VFeE1ESTRNekkwTURFdVlYTndlQ2NzSUNkZllteGhibXNuS1NJZ2FISmxaajBuSXljK2JHVmhjbTRnYlc5eVpUd3ZZVDR1Sm01aWMzQTdKbTVpYzNBN0hnaHBjMGhwWkdSbGJnVk5kSGx3Wlc5bUlHNWhkbWxuWVhSdmNpNXRjMUJ5YjNSdlkyOXNjeUE5UFNBaWIySnFaV04wSWlBbUppQWhibUYyYVdkaGRHOXlMbTF6VUhKdmRHOWpiMnh6V3lKbmNuWnZjR1Z1SWwxa0FnRVBGZ0llQlhOMGVXeGxCUTFrYVhOd2JHRjVPbTV2Ym1VN1pBSUNEMlFXQWdJQkR4WUNIZ2R2Ym1Oc2FXTnJCV1pwWmlnaGNISnZZMlZ6YzBsdWNIVjBLQ2twSUhKbGRIVnliaUJtWVd4elpUdFRkV0p0YVhSQ2RYUjBiMjVQYmtOc2FXTnJLQ2RqZEd3d01GOVFiR0ZqWlVodmJHUmxjazFoYVc1ZlkzUnNNRFJmVW5CMFEyOXVkSEp2YkhOZlluUnVUMHNuS1R0a0FnTVBaQllDWmc4V0JCNEpZV05qWlhOemEyVjVCUUZESHhVRnJ3TjBjbmtnZXlBTkNpQWdJQ0FnSUNBZ0lDQWdJQ0FnSUNBZ0lDQWdJQ0FnSUNBZ0lDQWdJQ0FnSUNBZ0lDQWdJQ0IzYVc1a2IzY3VabkpoYldWRmJHVnRaVzUwTG1OaGJtTmxiRkJ2Y0ZWd0tDazdJQTBLSUNBZ0lDQWdJQ0FnSUNBZ0lDQWdJQ0FnSUNBZ0lDQWdJQ0FnSUNBZ0lDQWdJQ0FnZlEwS0lDQWdJQ0FnSUNBZ0lDQWdJQ0FnSUNBZ0lDQWdJQ0FnSUNBZ0lDQWdJQ0FnSUNBZ1kyRjBZMmdvWlNrZ2V3MEtJQ0FnSUNBZ0lDQWdJQ0FnSUNBZ0lDQWdJQ0FnSUNBZ0lDQWdJQ0FnSUNBZ0lDQWdJQ0FnSUdsbUlDaENiMjlzWldGdUtIUnZjQ2tnSmlZZ1FtOXZiR1ZoYmloMGIzQXVjRzl6ZEUxbGMzTmhaMlVwS1NBTkNpQWdJQ0FnSUNBZ0lDQWdJQ0FnSUNBZ0lDQWdJQ0FnSUNBZ0lDQWdJQ0FnSUNBZ0lDQWdJQ0FnSUNBZ2RHOXdMbkJ2YzNSTlpYTnpZV2RsS0NkRGJHOXpaVVJwWVd4dlp5Y3NJQ2NxSnlrN0RRb2dJQ0FnSUNBZ0lDQWdJQ0FnSUNBZ0lDQWdJQ0FnSUNBZ0lDQWdJQ0FnSUNBZ0lDQjlJQTBLSUNBZ0lDQWdJQ0FnSUNBZ0lDQWdJQ0FnSUNBZ0lDQWdJQ0FnSUNBZ0lDQWdJQ0FnY21WMGRYSnVJR1poYkhObE8yUVlBZ1VlWDE5RGIyNTBjbTlzYzFKbGNYVnBjbVZRYjNOMFFtRmphMHRsZVY5ZkZnRUZRV04wYkRBd0pGQnNZV05sU0c5c1pHVnlUV0ZwYmlSVmNHeHZZV1JFYjJOMWJXVnVkRk5sWTNScGIyNGtZM1JzTURVa1QzWmxjbmR5YVhSbFUybHVaMnhsQlJkamRHd3dNQ1JVYjNCT1lYWnBaMkYwYVc5dVRXVnVkUThQWkFVVVNHOXRaVnhCY0hCeklDWWdVSEp2WkhWamRITmtTSWx4b3Q1dDl6d1JPV21iTEtxVlUwaXBKRTVZM1RuU1pyNFhMU2ZicXBvPSIgUmVjb3JkZWRWYWx1ZT0iL3dFUER3VUxMVEUyTWpBM01EUXpOalVQWkJZQ1pnOWtGZ0lDQVE4V0FoNEZZMnhoYzNNRkZtMXpMV1JwWVd4dlp5QnRjeTFrYVdGc2IyY3RibklXQkFJQkQyUVdBZ0laRDJRV0FnSUREMlFXQWdJQkQyUVdBbVlQRkNzQUJtUUZMbWgwZEhCek9pOHZjM0F1WlhoalpXeHpkWEJ3YjNKMExtOXlaem8wTkRNdmJYa3ZVR1Z5YzI5dUxtRnpjSGdGSTJoMGRIQnpPaTh2YzNBdVpYaGpaV3h6ZFhCd2IzSjBMbTl5WnpvME5ETXZiWGt2QlI4dlFYQndjekF3TDE5c1lYbHZkWFJ6THpFMUwyMTVjM1ZpY3k1aGMzQjRCZnNCTDBGd2NITXdNQzlmYkdGNWIzVjBjeTh4TlM5eVpXZHBiMjVoYkhObGRHNW5MbUZ6Y0hnL2RIbHdaVDExYzJWeUpuTnZkWEpqWlQxb2RIUndjeVV6UVNVeVJpVXlSbk53SlRKRlkyOXlaR2x6YzI5c2RYUnBiMjV6SlRKRlkyOXRKVEpHUVhCd2N6QXdKVEpHSlRWR2JHRjViM1YwY3lVeVJqRTFKVEpHVlhCc2IyRmtKVEpGWVhOd2VDVXpSa3hwYzNRbE0wUWxNalUzUWtWRU1qZ3hPVEpCSlRJMU1rUXpRalkzSlRJMU1rUTBNMFE0SlRJMU1rUkNRVGhCSlRJMU1rUkVRME5CTTBGRFJUZEVNRUlsTWpVM1JDVXlObUZ0Y0NVelFsSnZiM1JHYjJ4a1pYSWxNMFFsTWpaaGJYQWxNMEpKYzBSc1p5VXpSREVGendKb2RIUndjem92TDNOd0xtVjRZMlZzYzNWd2NHOXlkQzV2Y21jNk5EUXpMMjE1TDE5c1lYbHZkWFJ6THpFMUwwVmthWFJRY205bWFXeGxMbUZ6Y0hnL1ZYTmxjbE5sZEhScGJtZHpVSEp2ZG1sa1pYSTlNak0wWW1Zd1pXUWxNa1EzTUdSaUpUSkVOREUxT0NVeVJHRXpNeklsTWtRMFpHWmtOamd6WWpReE5EZ21VbVYwZFhKdVZYSnNQV2gwZEhCekpUTkJKVEpHSlRKR2MzQWxNa1ZqYjNKa2FYTnpiMngxZEdsdmJuTWxNa1ZqYjIwbE1rWkJjSEJ6TURBbE1rWWxOVVpzWVhsdmRYUnpKVEpHTVRVbE1rWlZjR3h2WVdRbE1rVmhjM0I0SlROR1RHbHpkQ1V6UkNVeU5UZENSVVF5T0RFNU1rRWxNalV5UkROQ05qY2xNalV5UkRRelJEZ2xNalV5UkVKQk9FRWxNalV5UkVSRFEwRXpRVU5GTjBRd1FpVXlOVGRFSlRJMllXMXdKVE5DVW05dmRFWnZiR1JsY2lVelJDVXlObUZ0Y0NVelFrbHpSR3huSlRORU1XUUNCdzhXQWg0SFpXNWpkSGx3WlFVVGJYVnNkR2x3WVhKMEwyWnZjbTB0WkdGMFlSWUlBZ1VQWkJZQ0FnSVBaQllFQWdFUFpCWUNBZ01QWkJZQ1pnOWtGZ1FDQXc5a0Znb0NBUThXQmg0VFEyeHBaVzUwVDI1RGJHbGphMU5qY21sd2RBVjVSVzV6ZFhKbFUyTnlhWEIwUm5WdVl5Z25jMmhoY21sdVp5NXFjeWNzSUNkRWFYTndiR0Y1VTJoaGNtVmtWMmwwYUVScFlXeHZaeWNzSUdaMWJtTjBhVzl1SUNncElIc2dSR2x6Y0d4aGVWTm9ZWEpsWkZkcGRHaEVhV0ZzYjJjb0oxeDFNREF5WmtGd2NITXdNRngxTURBeVppY3BPeUI5S1I0b1EyeHBaVzUwVDI1RGJHbGphMU5qY21sd2RFTnZiblJoYVc1cGJtZFFjbVZtYVhobFpGVnliQVY1Ulc1emRYSmxVMk55YVhCMFJuVnVZeWduYzJoaGNtbHVaeTVxY3ljc0lDZEVhWE53YkdGNVUyaGhjbVZrVjJsMGFFUnBZV3h2Wnljc0lHWjFibU4wYVc5dUlDZ3BJSHNnUkdsemNHeGhlVk5vWVhKbFpGZHBkR2hFYVdGc2IyY29KMXgxTURBeVprRndjSE13TUZ4MU1EQXlaaWNwT3lCOUtSNFlRMnhwWlc1MFQyNURiR2xqYTA1aGRtbG5ZWFJsVlhKc1pHUUNBdzhXQWg0SFZtbHphV0pzWldoa0FnVVBGZ0lmQldoa0Fnc1BGZ0lmQldoa0FoSVBaQllDWmc4UEZnWWVIRkJ5WlhacGIzVnpRWFYwYUc5eWFXNW5TWFJsYlZabGNuTnBiMjVsSGhwUWNtVjJhVzkxYzBGMWRHaHZjbWx1WjBsMFpXMVBkMjVsY21VZUhGQnlaWFpwYjNWelFYVjBhRzl5YVc1blEyOXVkSEp2YkUxdlpHVUxLWWdCVFdsamNtOXpiMlowTGxOb1lYSmxVRzlwYm5RdVYyVmlRMjl1ZEhKdmJITXVVMUJEYjI1MGNtOXNUVzlrWlN3Z1RXbGpjbTl6YjJaMExsTm9ZWEpsVUc5cGJuUXNJRlpsY25OcGIyNDlNVFl1TUM0d0xqQXNJRU4xYkhSMWNtVTlibVYxZEhKaGJDd2dVSFZpYkdsalMyVjVWRzlyWlc0OU56RmxPV0pqWlRFeE1XVTVOREk1WXdCa1pBSUVEdzhXQWg0SlFXTmpaWE56UzJWNUJRRXZaR1FDQXc5a0ZnSUNBUTlrRmdJQ0FROWtGZ1lDQVE4UEZnUWVCRjhoVTBJQ0FoNElRM056UTJ4aGMzTUZGMjF6TFhCeWIyMXZkR1ZrUVdOMGFXOXVRblYwZEc5dVpHUUNBdzlrRmdKbUR3OFdCQjhLQWdJZkN3VVhiWE10Y0hKdmJXOTBaV1JCWTNScGIyNUNkWFIwYjI1a1pBSUZEdzhXQmg4TEJSZHRjeTF3Y205dGIzUmxaRUZqZEdsdmJrSjFkSFJ2Ymg4S0FnSWZCV2hrWkFJUEQyUVdBZ0lCRDJRV0FtWVBEeFlFSGdSVVpYaDBCUkJUYUdGeVpXUWdSRzlqZFcxbGJuUnpIZ3RPWVhacFoyRjBaVlZ5YkFVeEwwRndjSE13TUM5VGFHRnlaV1FnUkc5amRXMWxiblJ6TDBadmNtMXpMMkZzYkNCa2IyTjFiV1Z1ZEhNdVlYTndlR1JrQWhNUFpCWUNBZ0VQWkJZQ0FnMFBEeFlDSHdWb1pCWUNBZ0VQWkJZQ1pnOWtGZ0lDQXc5a0ZnSUNCUTlrRmdJQ0FRODhLd0FKQVFBUEZnUWVEVkJoZEdoVFpYQmhjbUYwYjNJRUNCNE5UbVYyWlhKRmVIQmhibVJsWkdka1pBSVZEMlFXQWdJQkQyUVdCbVlQRmdJZkRBVVlMMEZ3Y0hNd01DOVRhR0Z5WldRZ1JHOWpkVzFsYm5SelpBSUdEMlFXQ0dZUFpCWUNBZ1FQWkJZQ0FnRVBaQllHWmc5a0ZnSm1EdzhXQWg4TVpXUmtBZ0VQWkJZR0FnRVBEeFlFSGd4RmNuSnZjazFsYzNOaFoyVUZNRmx2ZFNCdGRYTjBJSE53WldOcFpua2dZU0IyWVd4MVpTQm1iM0lnZEdobElISmxjWFZwY21Wa0lHWnBaV3hrTGg0VVQzSnBaMmx1WVd4RmNuSnZjazFsYzNOaFoyVUZNRmx2ZFNCdGRYTjBJSE53WldOcFpua2dZU0IyWVd4MVpTQm1iM0lnZEdobElISmxjWFZwY21Wa0lHWnBaV3hrTG1Sa0FnTVBEeFlDSHdWblpHUUNCQThRRHhZQ0h3d0ZKa0ZrWkNCaGN5QmhJRzVsZHlCMlpYSnphVzl1SUhSdklHVjRhWE4wYVc1bklHWnBiR1Z6WkdSa1pBSUNEeFlDSHdWb1pBSUJEMlFXQmdJQkQyUVdBbVlQRmdJZkRBVVNSR1Z6ZEdsdVlYUnBiMjRnUm05c1pHVnlaQUlDRDJRV0FtWVBGZ0lmREdWa0FnUVBaQllDQWdFUFpCWUdaZzlrRmdKbUR3OFdBaDhNWldSa0FnRVBaQllDQWdFUER4WUNId3dGQVM5a1pBSUNEeFlDSHdWb1pBSUNEMlFXQmdJQkQyUVdBbVlQRmdJZkRBVVRSR1Z6ZEdsdVlYUnBiMjRnVEdsaWNtRnllV1FDQWc5a0ZnSm1EeFlDSHd4bFpBSUVEMlFXQWdJQkQyUVdCR1lQWkJZQ1pnOFBGZ0lmREdWa1pBSUNEeFlDSHdWb1pBSUREMlFXQmdJQkQyUVdBbVlQRmdJZkRBVVFWbVZ5YzJsdmJpQkRiMjF0Wlc1MGMyUUNBZzlrRmdKbUR4WUNId3hsWkFJRUQyUVdBZ0lCRDJRV0JHWVBaQllDWmc4UEZnSWZER1ZrWkFJQ0R4WUNId1ZvWkFJSEQyUVdDR1lQRmdRZUNXbHVibVZ5YUhSdGJBWHlBVXhoY21kbElHWnBiR1VnZFhCc2IyRmtjeUIzYjNKcklHSmxkSFJsY2lCcGJpQnplVzVqWldRZ1ptOXNaR1Z5Y3l3Z1BHRWdjM1I1YkdVOUozZG9hWFJsTFhOd1lXTmxPbTV2ZDNKaGNDY2diMjVqYkdsamF6MGlkMmx1Wkc5M0xtOXdaVzRvSjJoMGRIQTZMeTl2Wm1acFkyVXViV2xqY205emIyWjBMbU52YlM5bGJpMTFjeTl6ZFhCd2IzSjBMM041Ym1NdFlTMXNhV0p5WVhKNUxYUnZMWGx2ZFhJdFkyOXRjSFYwWlhJdFNFRXhNREk0TXpJME1ERXVZWE53ZUNjc0lDZGZZbXhoYm1zbktTSWdhSEpsWmowbkl5YytiR1ZoY200Z2JXOXlaVHd2WVQ0dUptNWljM0E3Sm01aWMzQTdIZ2hwYzBocFpHUmxiZ1ZOZEhsd1pXOW1JRzVoZG1sbllYUnZjaTV0YzFCeWIzUnZZMjlzY3lBOVBTQWliMkpxWldOMElpQW1KaUFoYm1GMmFXZGhkRzl5TG0xelVISnZkRzlqYjJ4eld5Sm5jblp2Y0dWdUlsMWtBZ0VQRmdJZUJYTjBlV3hsQlExa2FYTndiR0Y1T201dmJtVTdaQUlDRDJRV0FnSUJEeFlDSGdkdmJtTnNhV05yQldacFppZ2hjSEp2WTJWemMwbHVjSFYwS0NrcElISmxkSFZ5YmlCbVlXeHpaVHRUZFdKdGFYUkNkWFIwYjI1UGJrTnNhV05yS0NkamRHd3dNRjlRYkdGalpVaHZiR1JsY2sxaGFXNWZZM1JzTURSZlVuQjBRMjl1ZEhKdmJITmZZblJ1VDBzbktUdGtBZ01QWkJZQ1pnOFdCQjRKWVdOalpYTnphMlY1QlFGREh4VUZyd04wY25rZ2V5QU5DaUFnSUNBZ0lDQWdJQ0FnSUNBZ0lDQWdJQ0FnSUNBZ0lDQWdJQ0FnSUNBZ0lDQWdJQ0FnSUNCM2FXNWtiM2N1Wm5KaGJXVkZiR1Z0Wlc1MExtTmhibU5sYkZCdmNGVndLQ2s3SUEwS0lDQWdJQ0FnSUNBZ0lDQWdJQ0FnSUNBZ0lDQWdJQ0FnSUNBZ0lDQWdJQ0FnSUNBZ2ZRMEtJQ0FnSUNBZ0lDQWdJQ0FnSUNBZ0lDQWdJQ0FnSUNBZ0lDQWdJQ0FnSUNBZ0lDQWdZMkYwWTJnb1pTa2dldzBLSUNBZ0lDQWdJQ0FnSUNBZ0lDQWdJQ0FnSUNBZ0lDQWdJQ0FnSUNBZ0lDQWdJQ0FnSUNBZ0lHbG1JQ2hDYjI5c1pXRnVLSFJ2Y0NrZ0ppWWdRbTl2YkdWaGJpaDBiM0F1Y0c5emRFMWxjM05oWjJVcEtTQU5DaUFnSUNBZ0lDQWdJQ0FnSUNBZ0lDQWdJQ0FnSUNBZ0lDQWdJQ0FnSUNBZ0lDQWdJQ0FnSUNBZ0lDQWdkRzl3TG5CdmMzUk5aWE56WVdkbEtDZERiRzl6WlVScFlXeHZaeWNzSUNjcUp5azdEUW9nSUNBZ0lDQWdJQ0FnSUNBZ0lDQWdJQ0FnSUNBZ0lDQWdJQ0FnSUNBZ0lDQWdJQ0I5SUEwS0lDQWdJQ0FnSUNBZ0lDQWdJQ0FnSUNBZ0lDQWdJQ0FnSUNBZ0lDQWdJQ0FnSUNBZ2NtVjBkWEp1SUdaaGJITmxPMlFZQWdVZVgxOURiMjUwY205c2MxSmxjWFZwY21WUWIzTjBRbUZqYTB0bGVWOWZGZ0VGUVdOMGJEQXdKRkJzWVdObFNHOXNaR1Z5VFdGcGJpUlZjR3h2WVdSRWIyTjFiV1Z1ZEZObFkzUnBiMjRrWTNSc01EVWtUM1psY25keWFYUmxVMmx1WjJ4bEJSZGpkR3d3TUNSVWIzQk9ZWFpwWjJGMGFXOXVUV1Z1ZFE4UFpBVVVTRzl0WlZ4QmNIQnpJQ1lnVUhKdlpIVmpkSE5rU0lseG90NXQ5endST1dtYkxLcVZVMGlwSkU1WTNUblNacjRYTFNmYnFwbz0iIENvcnJlbGF0aW9uQmluZGluZz0ie3tGb3JtUG9zdFBhcmFtMjEuX19WSUVXU1RBVEV9fSIgVXJsRW5jb2RlPSJUcnVlIiAvPg0KICAgICAgICA8Rm9ybVBvc3RQYXJhbWV0ZXIgTmFtZT0iX19WSUVXU1RBVEVHRU5FUkFUT1IiIFZhbHVlPSIxRDI2QUNCNCIgUmVjb3JkZWRWYWx1ZT0iMUQyNkFDQjQiIENvcnJlbGF0aW9uQmluZGluZz0ie3tGb3JtUG9zdFBhcmFtMjIuX19WSUVXU1RBVEVHRU5FUkFUT1J9fSIgVXJsRW5jb2RlPSJUcnVlIiAvPg0KICAgICAgICA8Rm9ybVBvc3RQYXJhbWV0ZXIgTmFtZT0iX19TQ1JPTExQT1NJVElPTlgiIFZhbHVlPSIwIiBSZWNvcmRlZFZhbHVlPSIwIiBDb3JyZWxhdGlvbkJpbmRpbmc9Int7Rm9ybVBvc3RQYXJhbTIzLl9fU0NST0xMUE9TSVRJT05YfX0iIFVybEVuY29kZT0iVHJ1ZSIgLz4NCiAgICAgICAgPEZvcm1Qb3N0UGFyYW1ldGVyIE5hbWU9Il9fU0NST0xMUE9TSVRJT05ZIiBWYWx1ZT0iMCIgUmVjb3JkZWRWYWx1ZT0iMCIgQ29ycmVsYXRpb25CaW5kaW5nPSJ7e0Zvcm1Qb3N0UGFyYW0yNC5fX1NDUk9MTFBPU0lUSU9OWX19IiBVcmxFbmNvZGU9IlRydWUiIC8+DQogICAgICAgIDxGb3JtUG9zdFBhcmFtZXRlciBOYW1lPSJfX0VWRU5UVkFMSURBVElPTiIgVmFsdWU9Ii93RWRBQW1XRFJZUExIRTlhUWFPcUhTdjJOQ2xMbVh5WXdBK09mRmFHNUEybHo4bkNMVWdGTHBuS09qdkJBVTJ0WG53RDB3YnQ1eFdpbEhrcEFYcmd1dGQ5eHNyYXI2SUkzdDJteUh0S204SnJ6MGtxeC9MY3hENWtnWWJZL2lKVFJUbXBHUkxRQUNkWHFNaTRmYWduajVxT3IzMGMwWUtrY3VyU3k4c3h0RXZ3SDEwdGNZY1NjYzdlKzZIT1BiREdKUkUyN3VneEZVQm9SZ3dac1FDQ1EwemUzalhMZ0g3c05EMFhocXE3Ri9lSUlLdDZRPT0iIFJlY29yZGVkVmFsdWU9Ii93RWRBQW1XRFJZUExIRTlhUWFPcUhTdjJOQ2xMbVh5WXdBK09mRmFHNUEybHo4bkNMVWdGTHBuS09qdkJBVTJ0WG53RDB3YnQ1eFdpbEhrcEFYcmd1dGQ5eHNyYXI2SUkzdDJteUh0S204SnJ6MGtxeC9MY3hENWtnWWJZL2lKVFJUbXBHUkxRQUNkWHFNaTRmYWduajVxT3IzMGMwWUtrY3VyU3k4c3h0RXZ3SDEwdGNZY1NjYzdlKzZIT1BiREdKUkUyN3VneEZVQm9SZ3dac1FDQ1EwemUzalhMZ0g3c05EMFhocXE3Ri9lSUlLdDZRPT0iIENvcnJlbGF0aW9uQmluZGluZz0ie3tGb3JtUG9zdFBhcmFtMjUuX19FVkVOVFZBTElEQVRJT059fSIgVXJsRW5jb2RlPSJUcnVlIiAvPg0KICAgICAgICA8Rm9ybVBvc3RQYXJhbWV0ZXIgTmFtZT0iZGVzdGluYXRpb24iIFZhbHVlPSIvQXBwczAwL1NoYXJlZCBEb2N1bWVudHMiIFJlY29yZGVkVmFsdWU9Ii9BcHBzMDAvU2hhcmVkIERvY3VtZW50cyIgQ29ycmVsYXRpb25CaW5kaW5nPSJ7e0Zvcm1Qb3N0UGFyYW0yNi5kZXN0aW5hdGlvbn19IiBVcmxFbmNvZGU9IlRydWUiIC8+DQogICAgICAgIDxGaWxlVXBsb2FkUGFyYW1ldGVyIE5hbWU9ImN0bDAwJFBsYWNlSG9sZGVyTWFpbiRVcGxvYWREb2N1bWVudFNlY3Rpb24kY3RsMDUkSW5wdXRGaWxlIiBGaWxlTmFtZT0iRmlsZSBmb3IgdGhlIHZlcnNpb24gMS54bHN4IiBDb250ZW50VHlwZT0iYXBwbGljYXRpb24vdm5kLm9wZW54bWxmb3JtYXRzLW9mZmljZWRvY3VtZW50LnNwcmVhZHNoZWV0bWwuc2hlZXQiIEdlbmVyYXRlVW5pcXVlTmFtZT0iVHJ1ZSIgVXNlR3VpZHM9IkZhbHNlIiBGaWxlVXBsb2FkTmFtZT0iIiBIdG1sRW5jb2RlRmlsZU5hbWU9IlRydWUiIC8+DQogICAgICAgIDxGb3JtUG9zdFBhcmFtZXRlciBOYW1lPSJjdGwwMCRQbGFjZUhvbGRlck1haW4kVXBsb2FkRG9jdW1lbnRTZWN0aW9uJGN0bDA1JE92ZXJ3cml0ZVNpbmdsZSIgVmFsdWU9Im9uIiBSZWNvcmRlZFZhbHVlPSJvbiIgQ29ycmVsYXRpb25CaW5kaW5nPSJ7e0Zvcm1Qb3N0UGFyYW0yOC5jdGwwMCRQbGFjZUhvbGRlck1haW4kVXBsb2FkRG9jdW1lbnRTZWN0aW9uJGN0bDA1JE92ZXJ3cml0ZVNpbmdsZX19IiBVcmxFbmNvZGU9IlRydWUiIC8+DQogICAgICAgIDxGb3JtUG9zdFBhcmFtZXRlciBOYW1lPSJjdGwwMCRQbGFjZUhvbGRlck1haW4kY3RsMDUkY3RsMDEkdXBsb2FkTG9jYXRpb24iIFZhbHVlPSIvIiBSZWNvcmRlZFZhbHVlPSIvIiBDb3JyZWxhdGlvbkJpbmRpbmc9Int7Rm9ybVBvc3RQYXJhbTI3LmN0bDAwJFBsYWNlSG9sZGVyTWFpbiRjdGwwNSRjdGwwMSR1cGxvYWRMb2NhdGlvbn19IiBVcmxFbmNvZGU9IlRydWUiIC8+DQogICAgICAgIDxGb3JtUG9zdFBhcmFtZXRlciBOYW1lPSJjdGwwMCRQbGFjZUhvbGRlck1haW4kVmVyc2lvbkNvbW1lbnRTZWN0aW9uJGN0bDAxJENoZWNrSW5Db21tZW50IiBWYWx1ZT0iIiBSZWNvcmRlZFZhbHVlPSIiIENvcnJlbGF0aW9uQmluZGluZz0iIiBVcmxFbmNvZGU9IlRydWUiIC8+DQogICAgICA8L0Zvcm1Qb3N0SHR0cEJvZHk+DQogICAgPC9SZXF1ZXN0Pg0KICAgIDxSZXF1ZXN0IE1ldGhvZD0iR0VUIiBHdWlkPSIyMTY1NTIzNi1mZGIzLTQ2MzItOTAwOC0wZTkwZTNhZWZjZTEiIFZlcnNpb249IjEuMSIgVXJsPSJodHRwczovL3NwLmNvcmRpc3NvbHV0aW9ucy5jb20vQXBwczAwL1NoYXJlZCUyMERvY3VtZW50cy9Gb3Jtcy9FZGl0Rm9ybS5hc3B4IiBUaGlua1RpbWU9IjEiIFRpbWVvdXQ9IjMwMCIgUGFyc2VEZXBlbmRlbnRSZXF1ZXN0cz0iVHJ1ZSIgRm9sbG93UmVkaXJlY3RzPSJUcnVlIiBSZWNvcmRSZXN1bHQ9IlRydWUiIENhY2hlPSJGYWxzZSIgUmVzcG9uc2VUaW1lR29hbD0iMCIgRW5jb2Rpbmc9InV0Zi04IiBFeHBlY3RlZEh0dHBTdGF0dXNDb2RlPSIwIiBFeHBlY3RlZFJlc3BvbnNlVXJsPSIiIFJlcG9ydGluZ05hbWU9IiIgSWdub3JlSHR0cFN0YXR1c0NvZGU9IkZhbHNlIj4NCiAgICAgIDxEZXBlbmRlbnRSZXF1ZXN0cz4NCiAgICAgICAgPFJlcXVlc3QgTWV0aG9kPSJHRVQiIEd1aWQ9IjAxN2UxYmRkLTI2MWUtNGJlZi1iMTQ2LTc5ZDM1YzkxN2Q2MSIgVmVyc2lvbj0iMS4xIiBVcmw9Imh0dHBzOi8vc3AuY29yZGlzc29sdXRpb25zLmNvbS9BcHBzMDAvX2xheW91dHMvMTUvY29tbWFuZHVpLmFzaHgiIFRoaW5rVGltZT0iMiIgVGltZW91dD0iMzAwIiBQYXJzZURlcGVuZGVudFJlcXVlc3RzPSJUcnVlIiBGb2xsb3dSZWRpcmVjdHM9IlRydWUiIFJlY29yZFJlc3VsdD0iVHJ1ZSIgQ2FjaGU9IkZhbHNlIiBSZXNwb25zZVRpbWVHb2FsPSIwIiBFbmNvZGluZz0idXRmLTgiIEV4cGVjdGVkSHR0cFN0YXR1c0NvZGU9IjAiIEV4cGVjdGVkUmVzcG9uc2VVcmw9IiIgUmVwb3J0aW5nTmFtZT0iIiBJZ25vcmVIdHRwU3RhdHVzQ29kZT0iRmFsc2UiPg0KICAgICAgICAgIDxIZWFkZXJzPg0KICAgICAgICAgICAgPEhlYWRlciBOYW1lPSJYLVJlcXVlc3RlZC1XaXRoIiBWYWx1ZT0iWE1MSHR0cFJlcXVlc3QiIC8+DQogICAgICAgICAgICA8SGVhZGVyIE5hbWU9IlJlZmVyZXIiIFZhbHVlPSJodHRwczovL3NwLmNvcmRpc3NvbHV0aW9ucy5jb20vQXBwczAwL1NoYXJlZCUyMERvY3VtZW50cy9Gb3Jtcy9FZGl0Rm9ybS5hc3B4P01vZGU9VXBsb2FkJmFtcDtDaGVja0luQ29tbWVudD0mYW1wO0lEPTM0NTUmYW1wO1Jvb3RGb2xkZXI9JTJGQXBwczAwJTJGU2hhcmVkJTIwRG9jdW1lbnRzJmFtcDtJc0RsZz0xIiAvPg0KICAgICAgICAgIDwvSGVhZGVycz4NCiAgICAgICAgICA8UXVlcnlTdHJpbmdQYXJhbWV0ZXJzPg0KICAgICAgICAgICAgPFF1ZXJ5U3RyaW5nUGFyYW1ldGVyIE5hbWU9InZlciIgVmFsdWU9IjgyMzE1MzU1NiIgUmVjb3JkZWRWYWx1ZT0iODIzMTUzNTU2IiBDb3JyZWxhdGlvbkJpbmRpbmc9IiIgVXJsRW5jb2RlPSJGYWxzZSIgVXNlVG9Hcm91cFJlc3VsdHM9IkZhbHNlIiAvPg0KICAgICAgICAgICAgPFF1ZXJ5U3RyaW5nUGFyYW1ldGVyIE5hbWU9ImxjaWQiIFZhbHVlPSIxMDMzIiBSZWNvcmRlZFZhbHVlPSIxMDMzIiBDb3JyZWxhdGlvbkJpbmRpbmc9IiIgVXJsRW5jb2RlPSJGYWxzZSIgVXNlVG9Hcm91cFJlc3VsdHM9IkZhbHNlIiAvPg0KICAgICAgICAgICAgPFF1ZXJ5U3RyaW5nUGFyYW1ldGVyIE5hbWU9InF0IiBWYWx1ZT0iY29tbWFuZGhhbmRsZXJzIiBSZWNvcmRlZFZhbHVlPSJjb21tYW5kaGFuZGxlcnMiIENvcnJlbGF0aW9uQmluZGluZz0iIiBVcmxFbmNvZGU9IkZhbHNlIiBVc2VUb0dyb3VwUmVzdWx0cz0iRmFsc2UiIC8+DQogICAgICAgICAgPC9RdWVyeVN0cmluZ1BhcmFtZXRlcnM+DQogICAgICAgIDwvUmVxdWVzdD4NCiAgICAgICAgPFJlcXVlc3QgTWV0aG9kPSJQT1NUIiBHdWlkPSIxMzQzNTc3My0xYjRmLTQyMzctOGEyZi1hNjk5MTllMjhmOWUiIFZlcnNpb249IjEuMSIgVXJsPSJodHRwczovL3NwLmNvcmRpc3NvbHV0aW9ucy5jb20vQXBwczAwL19sYXlvdXRzLzE1L2NvbW1hbmR1aS5hc2h4IiBUaGlua1RpbWU9IjAiIFRpbWVvdXQ9IjMwMCIgUGFyc2VEZXBlbmRlbnRSZXF1ZXN0cz0iVHJ1ZSIgRm9sbG93UmVkaXJlY3RzPSJUcnVlIiBSZWNvcmRSZXN1bHQ9IlRydWUiIENhY2hlPSJGYWxzZSIgUmVzcG9uc2VUaW1lR29hbD0iMCIgRW5jb2Rpbmc9InV0Zi04IiBFeHBlY3RlZEh0dHBTdGF0dXNDb2RlPSIwIiBFeHBlY3RlZFJlc3BvbnNlVXJsPSIiIFJlcG9ydGluZ05hbWU9IiIgSWdub3JlSHR0cFN0YXR1c0NvZGU9IkZhbHNlIj4NCiAgICAgICAgICA8SGVhZGVycz4NCiAgICAgICAgICAgIDxIZWFkZXIgTmFtZT0iWC1SZXF1ZXN0ZWQtV2l0aCIgVmFsdWU9IlhNTEh0dHBSZXF1ZXN0IiAvPg0KICAgICAgICAgICAgPEhlYWRlciBOYW1lPSJSZWZlcmVyIiBWYWx1ZT0iaHR0cHM6Ly9zcC5jb3JkaXNzb2x1dGlvbnMuY29tL0FwcHMwMC9TaGFyZWQlMjBEb2N1bWVudHMvRm9ybXMvRWRpdEZvcm0uYXNweD9Nb2RlPVVwbG9hZCZhbXA7Q2hlY2tJbkNvbW1lbnQ9JmFtcDtJRD0zNDU1JmFtcDtSb290Rm9sZGVyPSUyRkFwcHMwMCUyRlNoYXJlZCUyMERvY3VtZW50cyZhbXA7SXNEbGc9MSIgLz4NCiAgICAgICAgICA8L0hlYWRlcnM+DQogICAgICAgICAgPFF1ZXJ5U3RyaW5nUGFyYW1ldGVycz4NCiAgICAgICAgICAgIDxRdWVyeVN0cmluZ1BhcmFtZXRlciBOYW1lPSJ2ZXIiIFZhbHVlPSI4MjMxNTM1NTYiIFJlY29yZGVkVmFsdWU9IjgyMzE1MzU1NiIgQ29ycmVsYXRpb25CaW5kaW5nPSIiIFVybEVuY29kZT0iRmFsc2UiIFVzZVRvR3JvdXBSZXN1bHRzPSJGYWxzZSIgLz4NCiAgICAgICAgICAgIDxRdWVyeVN0cmluZ1BhcmFtZXRlciBOYW1lPSJpZCIgVmFsdWU9IlJpYmJvbi5Eb2NMaWJMaXN0Rm9ybS5FZGl0IiBSZWNvcmRlZFZhbHVlPSJSaWJib24uRG9jTGliTGlzdEZvcm0uRWRpdCIgQ29ycmVsYXRpb25CaW5kaW5nPSIiIFVybEVuY29kZT0iRmFsc2UiIFVzZVRvR3JvdXBSZXN1bHRzPSJGYWxzZSIgLz4NCiAgICAgICAgICAgIDxRdWVyeVN0cmluZ1BhcmFtZXRlciBOYW1lPSJsY2lkIiBWYWx1ZT0iMTAzMyIgUmVjb3JkZWRWYWx1ZT0iMTAzMyIgQ29ycmVsYXRpb25CaW5kaW5nPSIiIFVybEVuY29kZT0iRmFsc2UiIFVzZVRvR3JvdXBSZXN1bHRzPSJGYWxzZSIgLz4NCiAgICAgICAgICAgIDxRdWVyeVN0cmluZ1BhcmFtZXRlciBOYW1lPSJxdCIgVmFsdWU9InJpYmJvbnZpc2libGV0YWJkZWVwIiBSZWNvcmRlZFZhbHVlPSJyaWJib252aXNpYmxldGFiZGVlcCIgQ29ycmVsYXRpb25CaW5kaW5nPSIiIFVybEVuY29kZT0iRmFsc2UiIFVzZVRvR3JvdXBSZXN1bHRzPSJGYWxzZSIgLz4NCiAgICAgICAgICA8L1F1ZXJ5U3RyaW5nUGFyYW1ldGVycz4NCiAgICAgICAgICA8Rm9ybVBvc3RIdHRwQm9keSAvPg0KICAgICAgICA8L1JlcXVlc3Q+DQogICAgICAgIDxSZXF1ZXN0IE1ldGhvZD0iR0VUIiBHdWlkPSJiY2RmMWYxMC03ZGJhLTQyZWQtYjE1OS1kMWU3Zjg2MzQ1MGEiIFZlcnNpb249IjEuMSIgVXJsPSJodHRwczovL3NwLmNvcmRpc3NvbHV0aW9ucy5jb20vX2xheW91dHMvMTUvU2NyaXB0UmVzeC5hc2h4IiBUaGlua1RpbWU9IjAiIFRpbWVvdXQ9IjMwMCIgUGFyc2VEZXBlbmRlbnRSZXF1ZXN0cz0iVHJ1ZSIgRm9sbG93UmVkaXJlY3RzPSJUcnVlIiBSZWNvcmRSZXN1bHQ9IlRydWUiIENhY2hlPSJGYWxzZSIgUmVzcG9uc2VUaW1lR29hbD0iMCIgRW5jb2Rpbmc9InV0Zi04IiBFeHBlY3RlZEh0dHBTdGF0dXNDb2RlPSIwIiBFeHBlY3RlZFJlc3BvbnNlVXJsPSIiIFJlcG9ydGluZ05hbWU9IiIgSWdub3JlSHR0cFN0YXR1c0NvZGU9IkZhbHNlIj4NCiAgICAgICAgICA8SGVhZGVycz4NCiAgICAgICAgICAgIDxIZWFkZXIgTmFtZT0iUmVmZXJlciIgVmFsdWU9Imh0dHBzOi8vc3AuY29yZGlzc29sdXRpb25zLmNvbS9BcHBzMDAvU2hhcmVkJTIwRG9jdW1lbnRzL0Zvcm1zL0VkaXRGb3JtLmFzcHg/TW9kZT1VcGxvYWQmYW1wO0NoZWNrSW5Db21tZW50PSZhbXA7SUQ9MzQ1NSZhbXA7Um9vdEZvbGRlcj0lMkZBcHBzMDAlMkZTaGFyZWQlMjBEb2N1bWVudHMmYW1wO0lzRGxnPTEiIC8+DQogICAgICAgICAgPC9IZWFkZXJzPg0KICAgICAgICAgIDxRdWVyeVN0cmluZ1BhcmFtZXRlcnM+DQogICAgICAgICAgICA8UXVlcnlTdHJpbmdQYXJhbWV0ZXIgTmFtZT0iY3VsdHVyZSIgVmFsdWU9ImVuJTJEdXMiIFJlY29yZGVkVmFsdWU9ImVuJTJEdXMiIENvcnJlbGF0aW9uQmluZGluZz0iIiBVcmxFbmNvZGU9IkZhbHNlIiBVc2VUb0dyb3VwUmVzdWx0cz0iRmFsc2UiIC8+DQogICAgICAgICAgICA8UXVlcnlTdHJpbmdQYXJhbWV0ZXIgTmFtZT0ibmFtZSIgVmFsdWU9IlNQJTJFVUklMkVQb2xpY3klMkVSZXNvdXJjZXMiIFJlY29yZGVkVmFsdWU9IlNQJTJFVUklMkVQb2xpY3klMkVSZXNvdXJjZXMiIENvcnJlbGF0aW9uQmluZGluZz0iIiBVcmxFbmNvZGU9IkZhbHNlIiBVc2VUb0dyb3VwUmVzdWx0cz0iRmFsc2UiIC8+DQogICAgICAgICAgICA8UXVlcnlTdHJpbmdQYXJhbWV0ZXIgTmFtZT0icmV2IiBWYWx1ZT0ibTJOdnRtMTNEUmdvZENWaSUyQnNSdWt3JTNEJTNEIiBSZWNvcmRlZFZhbHVlPSJtMk52dG0xM0RSZ29kQ1ZpJTJCc1J1a3clM0QlM0QiIENvcnJlbGF0aW9uQmluZGluZz0iIiBVcmxFbmNvZGU9IkZhbHNlIiBVc2VUb0dyb3VwUmVzdWx0cz0iRmFsc2UiIC8+DQogICAgICAgICAgPC9RdWVyeVN0cmluZ1BhcmFtZXRlcnM+DQogICAgICAgIDwvUmVxdWVzdD4NCiAgICAgICAgPFJlcXVlc3QgTWV0aG9kPSJHRVQiIEd1aWQ9Ijc1OWQ5MTA5LWVkNmYtNGNkYS1iNGNiLTUzODFlMjRmNGUxYyIgVmVyc2lvbj0iMS4xIiBVcmw9Imh0dHBzOi8vc3AuY29yZGlzc29sdXRpb25zLmNvbS9fbGF5b3V0cy8xNS9TY3JpcHRSZXN4LmFzaHgiIFRoaW5rVGltZT0iOCIgVGltZW91dD0iMzAwIiBQYXJzZURlcGVuZGVudFJlcXVlc3RzPSJUcnVlIiBGb2xsb3dSZWRpcmVjdHM9IlRydWUiIFJlY29yZFJlc3VsdD0iVHJ1ZSIgQ2FjaGU9IkZhbHNlIiBSZXNwb25zZVRpbWVHb2FsPSIwIiBFbmNvZGluZz0idXRmLTgiIEV4cGVjdGVkSHR0cFN0YXR1c0NvZGU9IjAiIEV4cGVjdGVkUmVzcG9uc2VVcmw9IiIgUmVwb3J0aW5nTmFtZT0iIiBJZ25vcmVIdHRwU3RhdHVzQ29kZT0iRmFsc2UiPg0KICAgICAgICAgIDxIZWFkZXJzPg0KICAgICAgICAgICAgPEhlYWRlciBOYW1lPSJSZWZlcmVyIiBWYWx1ZT0iaHR0cHM6Ly9zcC5jb3JkaXNzb2x1dGlvbnMuY29tL0FwcHMwMC9TaGFyZWQlMjBEb2N1bWVudHMvRm9ybXMvRWRpdEZvcm0uYXNweD9Nb2RlPVVwbG9hZCZhbXA7Q2hlY2tJbkNvbW1lbnQ9JmFtcDtJRD0zNDU1JmFtcDtSb290Rm9sZGVyPSUyRkFwcHMwMCUyRlNoYXJlZCUyMERvY3VtZW50cyZhbXA7SXNEbGc9MSIgLz4NCiAgICAgICAgICA8L0hlYWRlcnM+DQogICAgICAgICAgPFF1ZXJ5U3RyaW5nUGFyYW1ldGVycz4NCiAgICAgICAgICAgIDxRdWVyeVN0cmluZ1BhcmFtZXRlciBOYW1lPSJjdWx0dXJlIiBWYWx1ZT0iZW4lMkR1cyIgUmVjb3JkZWRWYWx1ZT0iZW4lMkR1cyIgQ29ycmVsYXRpb25CaW5kaW5nPSIiIFVybEVuY29kZT0iRmFsc2UiIFVzZVRvR3JvdXBSZXN1bHRzPSJGYWxzZSIgLz4NCiAgICAgICAgICAgIDxRdWVyeVN0cmluZ1BhcmFtZXRlciBOYW1lPSJuYW1lIiBWYWx1ZT0iU1AlMkVVSSUyRVBvbGljeSUyRVJlc291cmNlcyIgUmVjb3JkZWRWYWx1ZT0iU1AlMkVVSSUyRVBvbGljeSUyRVJlc291cmNlcyIgQ29ycmVsYXRpb25CaW5kaW5nPSIiIFVybEVuY29kZT0iRmFsc2UiIFVzZVRvR3JvdXBSZXN1bHRzPSJGYWxzZSIgLz4NCiAgICAgICAgICAgIDxRdWVyeVN0cmluZ1BhcmFtZXRlciBOYW1lPSJyZXYiIFZhbHVlPSJtMk52dG0xM0RSZ29kQ1ZpJTJCc1J1a3clM0QlM0QiIFJlY29yZGVkVmFsdWU9Im0yTnZ0bTEzRFJnb2RDVmklMkJzUnVrdyUzRCUzRCIgQ29ycmVsYXRpb25CaW5kaW5nPSIiIFVybEVuY29kZT0iRmFsc2UiIFVzZVRvR3JvdXBSZXN1bHRzPSJGYWxzZSIgLz4NCiAgICAgICAgICA8L1F1ZXJ5U3RyaW5nUGFyYW1ldGVycz4NCiAgICAgICAgPC9SZXF1ZXN0Pg0KICAgICAgPC9EZXBlbmRlbnRSZXF1ZXN0cz4NCiAgICAgIDxIZWFkZXJzPg0KICAgICAgICA8SGVhZGVyIE5hbWU9IlJlZmVyZXIiIFZhbHVlPSJodHRwczovL3NwLmNvcmRpc3NvbHV0aW9ucy5jb20vQXBwczAwL19sYXlvdXRzLzE1L1VwbG9hZEV4LmFzcHg/TGlzdD0lN2JFRDI4MTkyQS0zQjY3LTQzRDgtQkE4QS1EQ0NBM0FDRTdEMEIlN2QmYW1wO1Jvb3RGb2xkZXI9JmFtcDtJc0RsZz0xIiAvPg0KICAgICAgPC9IZWFkZXJzPg0KICAgICAgPEV4dHJhY3Rpb25SdWxlcz4NCiAgICAgICAgPEV4dHJhY3Rpb25SdWxlIENsYXNzbmFtZT0iTWljcm9zb2Z0LlZpc3VhbFN0dWRpby5UZXN0VG9vbHMuV2ViVGVzdGluZy5SdWxlcy5FeHRyYWN0SGlkZGVuRmllbGRzLCBNaWNyb3NvZnQuVmlzdWFsU3R1ZGlvLlF1YWxpdHlUb29scy5XZWJUZXN0RnJhbWV3b3JrLCBWZXJzaW9uPTEwLjAuMC4wLCBDdWx0dXJlPW5ldXRyYWwsIFB1YmxpY0tleVRva2VuPWIwM2Y1ZjdmMTFkNTBhM2EiIFZhcmlhYmxlTmFtZT0iMiIgRGlzcGxheU5hbWU9IkV4dHJhY3QgSGlkZGVuIEZpZWxkcyIgRGVzY3JpcHRpb249IkV4dHJhY3QgYWxsIGhpZGRlbiBmaWVsZHMgZnJvbSB0aGUgcmVzcG9uc2UgYW5kIHBsYWNlIHRoZW0gaW50byB0aGUgdGVzdCBjb250ZXh0LiI+DQogICAgICAgICAgPFJ1bGVQYXJhbWV0ZXJzPg0KICAgICAgICAgICAgPFJ1bGVQYXJhbWV0ZXIgTmFtZT0iUmVxdWlyZWQiIFZhbHVlPSJUcnVlIiAvPg0KICAgICAgICAgICAgPFJ1bGVQYXJhbWV0ZXIgTmFtZT0iSHRtbERlY29kZSIgVmFsdWU9IlRydWUiIC8+DQogICAgICAgICAgPC9SdWxlUGFyYW1ldGVycz4NCiAgICAgICAgPC9FeHRyYWN0aW9uUnVsZT4NCiAgICAgICAgPEV4dHJhY3Rpb25SdWxlIENsYXNzbmFtZT0iTWljcm9zb2Z0LlZpc3VhbFN0dWRpby5UZXN0VG9vbHMuV2ViVGVzdGluZy5SdWxlcy5FeHRyYWN0VGV4dCwgTWljcm9zb2Z0LlZpc3VhbFN0dWRpby5RdWFsaXR5VG9vbHMuV2ViVGVzdEZyYW1ld29yaywgVmVyc2lvbj0xMC4wLjAuMCwgQ3VsdHVyZT1uZXV0cmFsLCBQdWJsaWNLZXlUb2tlbj1iMDNmNWY3ZjExZDUwYTNhIiBWYXJpYWJsZU5hbWU9IlF1ZXJ5U3RyaW5nUGFyYW03LlJvb3RGb2xkZXIiIERpc3BsYXlOYW1lPSJFeHRyYWN0IFRleHQiIERlc2NyaXB0aW9uPSJFeHRyYWN0IHRleHQgZnJvbSB0aGUgcmVzcG9uc2UgYW5kIHBsYWNlIGl0IGludG8gdGhlIHRlc3QgY29udGV4dC4iPg0KICAgICAgICAgIDxSdWxlUGFyYW1ldGVycz4NCiAgICAgICAgICAgIDxSdWxlUGFyYW1ldGVyIE5hbWU9IlN0YXJ0c1dpdGgiIFZhbHVlPSImYW1wO2FtcDtSb290Rm9sZGVyPSIgLz4NCiAgICAgICAgICAgIDxSdWxlUGFyYW1ldGVyIE5hbWU9IkVuZHNXaXRoIiBWYWx1ZT0iJmFtcDsiIC8+DQogICAgICAgICAgICA8UnVsZVBhcmFtZXRlciBOYW1lPSJJbmRleCIgVmFsdWU9IjEiIC8+DQogICAgICAgICAgICA8UnVsZVBhcmFtZXRlciBOYW1lPSJJZ25vcmVDYXNlIiBWYWx1ZT0iRmFsc2UiIC8+DQogICAgICAgICAgICA8UnVsZVBhcmFtZXRlciBOYW1lPSJVc2VSZWd1bGFyRXhwcmVzc2lvbiIgVmFsdWU9IkZhbHNlIiAvPg0KICAgICAgICAgICAgPFJ1bGVQYXJhbWV0ZXIgTmFtZT0iSHRtbERlY29kZSIgVmFsdWU9IlRydWUiIC8+DQogICAgICAgICAgICA8UnVsZVBhcmFtZXRlciBOYW1lPSJSZXF1aXJlZCIgVmFsdWU9IkZhbHNlIiAvPg0KICAgICAgICAgIDwvUnVsZVBhcmFtZXRlcnM+DQogICAgICAgIDwvRXh0cmFjdGlvblJ1bGU+DQogICAgICAgIDxFeHRyYWN0aW9uUnVsZSBDbGFzc25hbWU9Ik1pY3Jvc29mdC5WaXN1YWxTdHVkaW8uVGVzdFRvb2xzLldlYlRlc3RpbmcuUnVsZXMuRXh0cmFjdFRleHQsIE1pY3Jvc29mdC5WaXN1YWxTdHVkaW8uUXVhbGl0eVRvb2xzLldlYlRlc3RGcmFtZXdvcmssIFZlcnNpb249MTAuMC4wLjAsIEN1bHR1cmU9bmV1dHJhbCwgUHVibGljS2V5VG9rZW49YjAzZjVmN2YxMWQ1MGEzYSIgVmFyaWFibGVOYW1lPSJRdWVyeVN0cmluZ1BhcmFtOC5Jc0RsZyIgRGlzcGxheU5hbWU9IkV4dHJhY3QgVGV4dCIgRGVzY3JpcHRpb249IkV4dHJhY3QgdGV4dCBmcm9tIHRoZSByZXNwb25zZSBhbmQgcGxhY2UgaXQgaW50byB0aGUgdGVzdCBjb250ZXh0LiI+DQogICAgICAgICAgPFJ1bGVQYXJhbWV0ZXJzPg0KICAgICAgICAgICAgPFJ1bGVQYXJhbWV0ZXIgTmFtZT0iU3RhcnRzV2l0aCIgVmFsdWU9IiZhbXA7YW1wO0lzRGxnPSIgLz4NCiAgICAgICAgICAgIDxSdWxlUGFyYW1ldGVyIE5hbWU9IkVuZHNXaXRoIiBWYWx1ZT0iJnF1b3Q7IiAvPg0KICAgICAgICAgICAgPFJ1bGVQYXJhbWV0ZXIgTmFtZT0iSW5kZXgiIFZhbHVlPSIxIiAvPg0KICAgICAgICAgICAgPFJ1bGVQYXJhbWV0ZXIgTmFtZT0iSWdub3JlQ2FzZSIgVmFsdWU9IkZhbHNlIiAvPg0KICAgICAgICAgICAgPFJ1bGVQYXJhbWV0ZXIgTmFtZT0iVXNlUmVndWxhckV4cHJlc3Npb24iIFZhbHVlPSJGYWxzZSIgLz4NCiAgICAgICAgICAgIDxSdWxlUGFyYW1ldGVyIE5hbWU9Ikh0bWxEZWNvZGUiIFZhbHVlPSJUcnVlIiAvPg0KICAgICAgICAgICAgPFJ1bGVQYXJhbWV0ZXIgTmFtZT0iUmVxdWlyZWQiIFZhbHVlPSJGYWxzZSIgLz4NCiAgICAgICAgICA8L1J1bGVQYXJhbWV0ZXJzPg0KICAgICAgICA8L0V4dHJhY3Rpb25SdWxlPg0KICAgICAgICA8RXh0cmFjdGlvblJ1bGUgQ2xhc3NuYW1lPSJNaWNyb3NvZnQuVmlzdWFsU3R1ZGlvLlRlc3RUb29scy5XZWJUZXN0aW5nLlJ1bGVzLkV4dHJhY3RUZXh0LCBNaWNyb3NvZnQuVmlzdWFsU3R1ZGlvLlF1YWxpdHlUb29scy5XZWJUZXN0RnJhbWV3b3JrLCBWZXJzaW9uPTEwLjAuMC4wLCBDdWx0dXJlPW5ldXRyYWwsIFB1YmxpY0tleVRva2VuPWIwM2Y1ZjdmMTFkNTBhM2EiIFZhcmlhYmxlTmFtZT0iUXVlcnlTdHJpbmdQYXJhbTE1NC5Sb290Rm9sZGVyIiBEaXNwbGF5TmFtZT0iRXh0cmFjdCBUZXh0IiBEZXNjcmlwdGlvbj0iRXh0cmFjdCB0ZXh0IGZyb20gdGhlIHJlc3BvbnNlIGFuZCBwbGFjZSBpdCBpbnRvIHRoZSB0ZXN0IGNvbnRleHQuIj4NCiAgICAgICAgICA8UnVsZVBhcmFtZXRlcnM+DQogICAgICAgICAgICA8UnVsZVBhcmFtZXRlciBOYW1lPSJTdGFydHNXaXRoIiBWYWx1ZT0iJmFtcDthbXA7Um9vdEZvbGRlcj0iIC8+DQogICAgICAgICAgICA8UnVsZVBhcmFtZXRlciBOYW1lPSJFbmRzV2l0aCIgVmFsdWU9IiZhbXA7IiAvPg0KICAgICAgICAgICAgPFJ1bGVQYXJhbWV0ZXIgTmFtZT0iSW5kZXgiIFZhbHVlPSIxIiAvPg0KICAgICAgICAgICAgPFJ1bGVQYXJhbWV0ZXIgTmFtZT0iSWdub3JlQ2FzZSIgVmFsdWU9IkZhbHNlIiAvPg0KICAgICAgICAgICAgPFJ1bGVQYXJhbWV0ZXIgTmFtZT0iVXNlUmVndWxhckV4cHJlc3Npb24iIFZhbHVlPSJGYWxzZSIgLz4NCiAgICAgICAgICAgIDxSdWxlUGFyYW1ldGVyIE5hbWU9Ikh0bWxEZWNvZGUiIFZhbHVlPSJUcnVlIiAvPg0KICAgICAgICAgICAgPFJ1bGVQYXJhbWV0ZXIgTmFtZT0iUmVxdWlyZWQiIFZhbHVlPSJGYWxzZSIgLz4NCiAgICAgICAgICA8L1J1bGVQYXJhbWV0ZXJzPg0KICAgICAgICA8L0V4dHJhY3Rpb25SdWxlPg0KICAgICAgICA8RXh0cmFjdGlvblJ1bGUgQ2xhc3NuYW1lPSJNaWNyb3NvZnQuVmlzdWFsU3R1ZGlvLlRlc3RUb29scy5XZWJUZXN0aW5nLlJ1bGVzLkV4dHJhY3RUZXh0LCBNaWNyb3NvZnQuVmlzdWFsU3R1ZGlvLlF1YWxpdHlUb29scy5XZWJUZXN0RnJhbWV3b3JrLCBWZXJzaW9uPTEwLjAuMC4wLCBDdWx0dXJlPW5ldXRyYWwsIFB1YmxpY0tleVRva2VuPWIwM2Y1ZjdmMTFkNTBhM2EiIFZhcmlhYmxlTmFtZT0iUXVlcnlTdHJpbmdQYXJhbTE1NS5Jc0RsZyIgRGlzcGxheU5hbWU9IkV4dHJhY3QgVGV4dCIgRGVzY3JpcHRpb249IkV4dHJhY3QgdGV4dCBmcm9tIHRoZSByZXNwb25zZSBhbmQgcGxhY2UgaXQgaW50byB0aGUgdGVzdCBjb250ZXh0LiI+DQogICAgICAgICAgPFJ1bGVQYXJhbWV0ZXJzPg0KICAgICAgICAgICAgPFJ1bGVQYXJhbWV0ZXIgTmFtZT0iU3RhcnRzV2l0aCIgVmFsdWU9IiZhbXA7YW1wO0lzRGxnPSIgLz4NCiAgICAgICAgICAgIDxSdWxlUGFyYW1ldGVyIE5hbWU9IkVuZHNXaXRoIiBWYWx1ZT0iJnF1b3Q7IiAvPg0KICAgICAgICAgICAgPFJ1bGVQYXJhbWV0ZXIgTmFtZT0iSW5kZXgiIFZhbHVlPSIxIiAvPg0KICAgICAgICAgICAgPFJ1bGVQYXJhbWV0ZXIgTmFtZT0iSWdub3JlQ2FzZSIgVmFsdWU9IkZhbHNlIiAvPg0KICAgICAgICAgICAgPFJ1bGVQYXJhbWV0ZXIgTmFtZT0iVXNlUmVndWxhckV4cHJlc3Npb24iIFZhbHVlPSJGYWxzZSIgLz4NCiAgICAgICAgICAgIDxSdWxlUGFyYW1ldGVyIE5hbWU9Ikh0bWxEZWNvZGUiIFZhbHVlPSJUcnVlIiAvPg0KICAgICAgICAgICAgPFJ1bGVQYXJhbWV0ZXIgTmFtZT0iUmVxdWlyZWQiIFZhbHVlPSJGYWxzZSIgLz4NCiAgICAgICAgICA8L1J1bGVQYXJhbWV0ZXJzPg0KICAgICAgICA8L0V4dHJhY3Rpb25SdWxlPg0KICAgICAgPC9FeHRyYWN0aW9uUnVsZXM+DQogICAgICA8Q29ycmVsYXRpb25FeHRyYWN0aW9uUnVsZXM+DQogICAgICAgIDxFeHRyYWN0aW9uUnVsZSBDbGFzc25hbWU9Ik1pY3Jvc29mdC5WaXN1YWxTdHVkaW8uVGVzdFRvb2xzLldlYlRlc3RpbmcuUnVsZXMuRXh0cmFjdFRleHQsIE1pY3Jvc29mdC5WaXN1YWxTdHVkaW8uUXVhbGl0eVRvb2xzLldlYlRlc3RGcmFtZXdvcmssIFZlcnNpb249MTAuMC4wLjAsIEN1bHR1cmU9bmV1dHJhbCwgUHVibGljS2V5VG9rZW49YjAzZjVmN2YxMWQ1MGEzYSIgVmFyaWFibGVOYW1lPSJRdWVyeVN0cmluZ1BhcmFtNS5Nb2RlIiBEaXNwbGF5TmFtZT0iIiBEZXNjcmlwdGlvbj0iIj4NCiAgICAgICAgICA8UnVsZVBhcmFtZXRlcnM+DQogICAgICAgICAgICA8UnVsZVBhcmFtZXRlciBOYW1lPSJTdGFydHNXaXRoIiBWYWx1ZT0iP01vZGU9IiAvPg0KICAgICAgICAgICAgPFJ1bGVQYXJhbWV0ZXIgTmFtZT0iRW5kc1dpdGgiIFZhbHVlPSImYW1wOyIgLz4NCiAgICAgICAgICAgIDxSdWxlUGFyYW1ldGVyIE5hbWU9IkluZGV4IiBWYWx1ZT0iMSIgLz4NCiAgICAgICAgICAgIDxSdWxlUGFyYW1ldGVyIE5hbWU9Iklnbm9yZUNhc2UiIFZhbHVlPSJGYWxzZSIgLz4NCiAgICAgICAgICAgIDxSdWxlUGFyYW1ldGVyIE5hbWU9IlVzZVJlZ3VsYXJFeHByZXNzaW9uIiBWYWx1ZT0iRmFsc2UiIC8+DQogICAgICAgICAgICA8UnVsZVBhcmFtZXRlciBOYW1lPSJIdG1sRGVjb2RlIiBWYWx1ZT0iVHJ1ZSIgLz4NCiAgICAgICAgICAgIDxSdWxlUGFyYW1ldGVyIE5hbWU9IlJlcXVpcmVkIiBWYWx1ZT0iRmFsc2UiIC8+DQogICAgICAgICAgPC9SdWxlUGFyYW1ldGVycz4NCiAgICAgICAgPC9FeHRyYWN0aW9uUnVsZT4NCiAgICAgICAgPEV4dHJhY3Rpb25SdWxlIENsYXNzbmFtZT0iTWljcm9zb2Z0LlZpc3VhbFN0dWRpby5UZXN0VG9vbHMuV2ViVGVzdGluZy5SdWxlcy5FeHRyYWN0VGV4dCwgTWljcm9zb2Z0LlZpc3VhbFN0dWRpby5RdWFsaXR5VG9vbHMuV2ViVGVzdEZyYW1ld29yaywgVmVyc2lvbj0xMC4wLjAuMCwgQ3VsdHVyZT1uZXV0cmFsLCBQdWJsaWNLZXlUb2tlbj1iMDNmNWY3ZjExZDUwYTNhIiBWYXJpYWJsZU5hbWU9IlF1ZXJ5U3RyaW5nUGFyYW02LklEIiBEaXNwbGF5TmFtZT0iIiBEZXNjcmlwdGlvbj0iIj4NCiAgICAgICAgICA8UnVsZVBhcmFtZXRlcnM+DQogICAgICAgICAgICA8UnVsZVBhcmFtZXRlciBOYW1lPSJTdGFydHNXaXRoIiBWYWx1ZT0iJmFtcDthbXA7SUQ9IiAvPg0KICAgICAgICAgICAgPFJ1bGVQYXJhbWV0ZXIgTmFtZT0iRW5kc1dpdGgiIFZhbHVlPSImYW1wOyIgLz4NCiAgICAgICAgICAgIDxSdWxlUGFyYW1ldGVyIE5hbWU9IkluZGV4IiBWYWx1ZT0iMSIgLz4NCiAgICAgICAgICAgIDxSdWxlUGFyYW1ldGVyIE5hbWU9Iklnbm9yZUNhc2UiIFZhbHVlPSJGYWxzZSIgLz4NCiAgICAgICAgICAgIDxSdWxlUGFyYW1ldGVyIE5hbWU9IlVzZVJlZ3VsYXJFeHByZXNzaW9uIiBWYWx1ZT0iRmFsc2UiIC8+DQogICAgICAgICAgICA8UnVsZVBhcmFtZXRlciBOYW1lPSJIdG1sRGVjb2RlIiBWYWx1ZT0iVHJ1ZSIgLz4NCiAgICAgICAgICAgIDxSdWxlUGFyYW1ldGVyIE5hbWU9IlJlcXVpcmVkIiBWYWx1ZT0iRmFsc2UiIC8+DQogICAgICAgICAgPC9SdWxlUGFyYW1ldGVycz4NCiAgICAgICAgPC9FeHRyYWN0aW9uUnVsZT4NCiAgICAgICAgPEV4dHJhY3Rpb25SdWxlIENsYXNzbmFtZT0iTWljcm9zb2Z0LlZpc3VhbFN0dWRpby5UZXN0VG9vbHMuV2ViVGVzdGluZy5SdWxlcy5FeHRyYWN0VGV4dCwgTWljcm9zb2Z0LlZpc3VhbFN0dWRpby5RdWFsaXR5VG9vbHMuV2ViVGVzdEZyYW1ld29yaywgVmVyc2lvbj0xMC4wLjAuMCwgQ3VsdHVyZT1uZXV0cmFsLCBQdWJsaWNLZXlUb2tlbj1iMDNmNWY3ZjExZDUwYTNhIiBWYXJpYWJsZU5hbWU9IkZvcm1Qb3N0UGFyYW0yLl9fRVZFTlRUQVJHRVQiIERpc3BsYXlOYW1lPSIiIERlc2NyaXB0aW9uPSIiPg0KICAgICAgICAgIDxSdWxlUGFyYW1ldGVycz4NCiAgICAgICAgICAgIDxSdWxlUGFyYW1ldGVyIE5hbWU9IlN0YXJ0c1dpdGgiIFZhbHVlPSJhbWU9JnF1b3Q7IiAvPg0KICAgICAgICAgICAgPFJ1bGVQYXJhbWV0ZXIgTmFtZT0iRW5kc1dpdGgiIFZhbHVlPSImcXVvdDsgdmFsIiAvPg0KICAgICAgICAgICAgPFJ1bGVQYXJhbWV0ZXIgTmFtZT0iSW5kZXgiIFZhbHVlPSI1MCIgLz4NCiAgICAgICAgICAgIDxSdWxlUGFyYW1ldGVyIE5hbWU9Iklnbm9yZUNhc2UiIFZhbHVlPSJGYWxzZSIgLz4NCiAgICAgICAgICAgIDxSdWxlUGFyYW1ldGVyIE5hbWU9IlVzZVJlZ3VsYXJFeHByZXNzaW9uIiBWYWx1ZT0iRmFsc2UiIC8+DQogICAgICAgICAgICA8UnVsZVBhcmFtZXRlciBOYW1lPSJIdG1sRGVjb2RlIiBWYWx1ZT0iVHJ1ZSIgLz4NCiAgICAgICAgICAgIDxSdWxlUGFyYW1ldGVyIE5hbWU9IlJlcXVpcmVkIiBWYWx1ZT0iRmFsc2UiIC8+DQogICAgICAgICAgPC9SdWxlUGFyYW1ldGVycz4NCiAgICAgICAgPC9FeHRyYWN0aW9uUnVsZT4NCiAgICAgICAgPEV4dHJhY3Rpb25SdWxlIENsYXNzbmFtZT0iTWljcm9zb2Z0LlZpc3VhbFN0dWRpby5UZXN0VG9vbHMuV2ViVGVzdGluZy5SdWxlcy5FeHRyYWN0VGV4dCwgTWljcm9zb2Z0LlZpc3VhbFN0dWRpby5RdWFsaXR5VG9vbHMuV2ViVGVzdEZyYW1ld29yaywgVmVyc2lvbj0xMC4wLjAuMCwgQ3VsdHVyZT1uZXV0cmFsLCBQdWJsaWNLZXlUb2tlbj1iMDNmNWY3ZjExZDUwYTNhIiBWYXJpYWJsZU5hbWU9IkZvcm1Qb3N0UGFyYW0zLmN0bDAwJGN0bDQ0JGN0bDA0IiBEaXNwbGF5TmFtZT0iIiBEZXNjcmlwdGlvbj0iIj4NCiAgICAgICAgICA8UnVsZVBhcmFtZXRlcnM+DQogICAgICAgICAgICA8UnVsZVBhcmFtZXRlciBOYW1lPSJTdGFydHNXaXRoIiBWYWx1ZT0iIGlkPSZxdW90OyIgLz4NCiAgICAgICAgICAgIDxSdWxlUGFyYW1ldGVyIE5hbWU9IkVuZHNXaXRoIiBWYWx1ZT0iJnF1b3Q7IHVucyIgLz4NCiAgICAgICAgICAgIDxSdWxlUGFyYW1ldGVyIE5hbWU9IkluZGV4IiBWYWx1ZT0iNzIiIC8+DQogICAgICAgICAgICA8UnVsZVBhcmFtZXRlciBOYW1lPSJJZ25vcmVDYXNlIiBWYWx1ZT0iRmFsc2UiIC8+DQogICAgICAgICAgICA8UnVsZVBhcmFtZXRlciBOYW1lPSJVc2VSZWd1bGFyRXhwcmVzc2lvbiIgVmFsdWU9IkZhbHNlIiAvPg0KICAgICAgICAgICAgPFJ1bGVQYXJhbWV0ZXIgTmFtZT0iSHRtbERlY29kZSIgVmFsdWU9IlRydWUiIC8+DQogICAgICAgICAgICA8UnVsZVBhcmFtZXRlciBOYW1lPSJSZXF1aXJlZCIgVmFsdWU9IkZhbHNlIiAvPg0KICAgICAgICAgIDwvUnVsZVBhcmFtZXRlcnM+DQogICAgICAgIDwvRXh0cmFjdGlvblJ1bGU+DQogICAgICAgIDxFeHRyYWN0aW9uUnVsZSBDbGFzc25hbWU9Ik1pY3Jvc29mdC5WaXN1YWxTdHVkaW8uVGVzdFRvb2xzLldlYlRlc3RpbmcuUnVsZXMuRXh0cmFjdFRleHQsIE1pY3Jvc29mdC5WaXN1YWxTdHVkaW8uUXVhbGl0eVRvb2xzLldlYlRlc3RGcmFtZXdvcmssIFZlcnNpb249MTAuMC4wLjAsIEN1bHR1cmU9bmV1dHJhbCwgUHVibGljS2V5VG9rZW49YjAzZjVmN2YxMWQ1MGEzYSIgVmFyaWFibGVOYW1lPSJGb3JtUG9zdFBhcmFtNC5jdGwwMCRjdGw0MyRnXzExMjZiMGY4X2U1ZTZfNDI3N19iYWE2XzQyM2RhMGJiYTQ3NyRjdGwwMCRjdGwwMiRjdGwwMCRjdGwwMSRjdGwwMCRDb250ZW50VHlwZUNob2ljZSIgRGlzcGxheU5hbWU9IiIgRGVzY3JpcHRpb249IiI+DQogICAgICAgICAgPFJ1bGVQYXJhbWV0ZXJzPg0KICAgICAgICAgICAgPFJ1bGVQYXJhbWV0ZXIgTmFtZT0iU3RhcnRzV2l0aCIgVmFsdWU9Imx1ZT0mcXVvdDsiIC8+DQogICAgICAgICAgICA8UnVsZVBhcmFtZXRlciBOYW1lPSJFbmRzV2l0aCIgVmFsdWU9IiZxdW90OyZndDtDb3IiIC8+DQogICAgICAgICAgICA8UnVsZVBhcmFtZXRlciBOYW1lPSJJbmRleCIgVmFsdWU9IjMzIiAvPg0KICAgICAgICAgICAgPFJ1bGVQYXJhbWV0ZXIgTmFtZT0iSWdub3JlQ2FzZSIgVmFsdWU9IkZhbHNlIiAvPg0KICAgICAgICAgICAgPFJ1bGVQYXJhbWV0ZXIgTmFtZT0iVXNlUmVndWxhckV4cHJlc3Npb24iIFZhbHVlPSJGYWxzZSIgLz4NCiAgICAgICAgICAgIDxSdWxlUGFyYW1ldGVyIE5hbWU9Ikh0bWxEZWNvZGUiIFZhbHVlPSJUcnVlIiAvPg0KICAgICAgICAgICAgPFJ1bGVQYXJhbWV0ZXIgTmFtZT0iUmVxdWlyZWQiIFZhbHVlPSJGYWxzZSIgLz4NCiAgICAgICAgICA8L1J1bGVQYXJhbWV0ZXJzPg0KICAgICAgICA8L0V4dHJhY3Rpb25SdWxlPg0KICAgICAgICA8RXh0cmFjdGlvblJ1bGUgQ2xhc3NuYW1lPSJNaWNyb3NvZnQuVmlzdWFsU3R1ZGlvLlRlc3RUb29scy5XZWJUZXN0aW5nLlJ1bGVzLkV4dHJhY3RUZXh0LCBNaWNyb3NvZnQuVmlzdWFsU3R1ZGlvLlF1YWxpdHlUb29scy5XZWJUZXN0RnJhbWV3b3JrLCBWZXJzaW9uPTEwLjAuMC4wLCBDdWx0dXJlPW5ldXRyYWwsIFB1YmxpY0tleVRva2VuPWIwM2Y1ZjdmMTFkNTBhM2EiIFZhcmlhYmxlTmFtZT0iRm9ybVBvc3RQYXJhbTUuQ2xpZW50Rm9ybVBvc3RCYWNrVmFsdWVfZWQyODE5MmEtM2I2Ny00M2Q4LWJhOGEtZGNjYTNhY2U3ZDBiX0ZpbGVMZWFmUmVmIiBEaXNwbGF5TmFtZT0iIiBEZXNjcmlwdGlvbj0iIj4NCiAgICAgICAgICA8UnVsZVBhcmFtZXRlcnM+DQogICAgICAgICAgICA8UnVsZVBhcmFtZXRlciBOYW1lPSJTdGFydHNXaXRoIiBWYWx1ZT0iZWYmcXVvdDs6JnF1b3Q7IiAvPg0KICAgICAgICAgICAgPFJ1bGVQYXJhbWV0ZXIgTmFtZT0iRW5kc1dpdGgiIFZhbHVlPSImcXVvdDssJnF1b3Q7VGkiIC8+DQogICAgICAgICAgICA8UnVsZVBhcmFtZXRlciBOYW1lPSJJbmRleCIgVmFsdWU9IjAiIC8+DQogICAgICAgICAgICA8UnVsZVBhcmFtZXRlciBOYW1lPSJJZ25vcmVDYXNlIiBWYWx1ZT0iRmFsc2UiIC8+DQogICAgICAgICAgICA8UnVsZVBhcmFtZXRlciBOYW1lPSJVc2VSZWd1bGFyRXhwcmVzc2lvbiIgVmFsdWU9IkZhbHNlIiAvPg0KICAgICAgICAgICAgPFJ1bGVQYXJhbWV0ZXIgTmFtZT0iSHRtbERlY29kZSIgVmFsdWU9IlRydWUiIC8+DQogICAgICAgICAgICA8UnVsZVBhcmFtZXRlciBOYW1lPSJSZXF1aXJlZCIgVmFsdWU9IkZhbHNlIiAvPg0KICAgICAgICAgIDwvUnVsZVBhcmFtZXRlcnM+DQogICAgICAgIDwvRXh0cmFjdGlvblJ1bGU+DQogICAgICAgIDxFeHRyYWN0aW9uUnVsZSBDbGFzc25hbWU9Ik1pY3Jvc29mdC5WaXN1YWxTdHVkaW8uVGVzdFRvb2xzLldlYlRlc3RpbmcuUnVsZXMuRXh0cmFjdFRleHQsIE1pY3Jvc29mdC5WaXN1YWxTdHVkaW8uUXVhbGl0eVRvb2xzLldlYlRlc3RGcmFtZXdvcmssIFZlcnNpb249MTAuMC4wLjAsIEN1bHR1cmU9bmV1dHJhbCwgUHVibGljS2V5VG9rZW49YjAzZjVmN2YxMWQ1MGEzYSIgVmFyaWFibGVOYW1lPSJGb3JtUG9zdFBhcmFtNi5DbGllbnRGb3JtUG9zdEJhY2tWYWx1ZV9lZDI4MTkyYS0zYjY3LTQzZDgtYmE4YS1kY2NhM2FjZTdkMGJfVGl0bGUiIERpc3BsYXlOYW1lPSIiIERlc2NyaXB0aW9uPSIiPg0KICAgICAgICAgIDxSdWxlUGFyYW1ldGVycz4NCiAgICAgICAgICAgIDxSdWxlUGFyYW1ldGVyIE5hbWU9IlN0YXJ0c1dpdGgiIFZhbHVlPSJsZSZxdW90OzomcXVvdDsiIC8+DQogICAgICAgICAgICA8UnVsZVBhcmFtZXRlciBOYW1lPSJFbmRzV2l0aCIgVmFsdWU9IiZxdW90OywmcXVvdDtBcCIgLz4NCiAgICAgICAgICAgIDxSdWxlUGFyYW1ldGVyIE5hbWU9IkluZGV4IiBWYWx1ZT0iMCIgLz4NCiAgICAgICAgICAgIDxSdWxlUGFyYW1ldGVyIE5hbWU9Iklnbm9yZUNhc2UiIFZhbHVlPSJGYWxzZSIgLz4NCiAgICAgICAgICAgIDxSdWxlUGFyYW1ldGVyIE5hbWU9IlVzZVJlZ3VsYXJFeHByZXNzaW9uIiBWYWx1ZT0iRmFsc2UiIC8+DQogICAgICAgICAgICA8UnVsZVBhcmFtZXRlciBOYW1lPSJIdG1sRGVjb2RlIiBWYWx1ZT0iVHJ1ZSIgLz4NCiAgICAgICAgICAgIDxSdWxlUGFyYW1ldGVyIE5hbWU9IlJlcXVpcmVkIiBWYWx1ZT0iRmFsc2UiIC8+DQogICAgICAgICAgPC9SdWxlUGFyYW1ldGVycz4NCiAgICAgICAgPC9FeHRyYWN0aW9uUnVsZT4NCiAgICAgICAgPEV4dHJhY3Rpb25SdWxlIENsYXNzbmFtZT0iTWljcm9zb2Z0LlZpc3VhbFN0dWRpby5UZXN0VG9vbHMuV2ViVGVzdGluZy5SdWxlcy5FeHRyYWN0VGV4dCwgTWljcm9zb2Z0LlZpc3VhbFN0dWRpby5RdWFsaXR5VG9vbHMuV2ViVGVzdEZyYW1ld29yaywgVmVyc2lvbj0xMC4wLjAuMCwgQ3VsdHVyZT1uZXV0cmFsLCBQdWJsaWNLZXlUb2tlbj1iMDNmNWY3ZjExZDUwYTNhIiBWYXJpYWJsZU5hbWU9IkZvcm1Qb3N0UGFyYW03LkNsaWVudEZvcm1Qb3N0QmFja1ZhbHVlX2VkMjgxOTJhLTNiNjctNDNkOC1iYThhLWRjY2EzYWNlN2QwYl9TdGF0dXMiIERpc3BsYXlOYW1lPSIiIERlc2NyaXB0aW9uPSIiPg0KICAgICAgICAgIDxSdWxlUGFyYW1ldGVycz4NCiAgICAgICAgICAgIDxSdWxlUGFyYW1ldGVyIE5hbWU9IlN0YXJ0c1dpdGgiIFZhbHVlPSJ1cyZxdW90OzomcXVvdDsiIC8+DQogICAgICAgICAgICA8UnVsZVBhcmFtZXRlciBOYW1lPSJFbmRzV2l0aCIgVmFsdWU9IiZxdW90OywmcXVvdDtDbyIgLz4NCiAgICAgICAgICAgIDxSdWxlUGFyYW1ldGVyIE5hbWU9IkluZGV4IiBWYWx1ZT0iMCIgLz4NCiAgICAgICAgICAgIDxSdWxlUGFyYW1ldGVyIE5hbWU9Iklnbm9yZUNhc2UiIFZhbHVlPSJGYWxzZSIgLz4NCiAgICAgICAgICAgIDxSdWxlUGFyYW1ldGVyIE5hbWU9IlVzZVJlZ3VsYXJFeHByZXNzaW9uIiBWYWx1ZT0iRmFsc2UiIC8+DQogICAgICAgICAgICA8UnVsZVBhcmFtZXRlciBOYW1lPSJIdG1sRGVjb2RlIiBWYWx1ZT0iVHJ1ZSIgLz4NCiAgICAgICAgICAgIDxSdWxlUGFyYW1ldGVyIE5hbWU9IlJlcXVpcmVkIiBWYWx1ZT0iRmFsc2UiIC8+DQogICAgICAgICAgPC9SdWxlUGFyYW1ldGVycz4NCiAgICAgICAgPC9FeHRyYWN0aW9uUnVsZT4NCiAgICAgICAgPEV4dHJhY3Rpb25SdWxlIENsYXNzbmFtZT0iTWljcm9zb2Z0LlZpc3VhbFN0dWRpby5UZXN0VG9vbHMuV2ViVGVzdGluZy5SdWxlcy5FeHRyYWN0VGV4dCwgTWljcm9zb2Z0LlZpc3VhbFN0dWRpby5RdWFsaXR5VG9vbHMuV2ViVGVzdEZyYW1ld29yaywgVmVyc2lvbj0xMC4wLjAuMCwgQ3VsdHVyZT1uZXV0cmFsLCBQdWJsaWNLZXlUb2tlbj1iMDNmNWY3ZjExZDUwYTNhIiBWYXJpYWJsZU5hbWU9IkZvcm1Qb3N0UGFyYW04LkNsaWVudEZvcm1Qb3N0QmFja1ZhbHVlX2VkMjgxOTJhLTNiNjctNDNkOC1iYThhLWRjY2EzYWNlN2QwYl9vd3NoaWRkZW52ZXJzaW9uIiBEaXNwbGF5TmFtZT0iIiBEZXNjcmlwdGlvbj0iIj4NCiAgICAgICAgICA8UnVsZVBhcmFtZXRlcnM+DQogICAgICAgICAgICA8UnVsZVBhcmFtZXRlciBOYW1lPSJTdGFydHNXaXRoIiBWYWx1ZT0iZGFsPSZxdW90OyIgLz4NCiAgICAgICAgICAgIDxSdWxlUGFyYW1ldGVyIE5hbWU9IkVuZHNXaXRoIiBWYWx1ZT0iJnF1b3Q7IC0tJmd0OyIgLz4NCiAgICAgICAgICAgIDxSdWxlUGFyYW1ldGVyIE5hbWU9IkluZGV4IiBWYWx1ZT0iMCIgLz4NCiAgICAgICAgICAgIDxSdWxlUGFyYW1ldGVyIE5hbWU9Iklnbm9yZUNhc2UiIFZhbHVlPSJGYWxzZSIgLz4NCiAgICAgICAgICAgIDxSdWxlUGFyYW1ldGVyIE5hbWU9IlVzZVJlZ3VsYXJFeHByZXNzaW9uIiBWYWx1ZT0iRmFsc2UiIC8+DQogICAgICAgICAgICA8UnVsZVBhcmFtZXRlciBOYW1lPSJIdG1sRGVjb2RlIiBWYWx1ZT0iVHJ1ZSIgLz4NCiAgICAgICAgICAgIDxSdWxlUGFyYW1ldGVyIE5hbWU9IlJlcXVpcmVkIiBWYWx1ZT0iRmFsc2UiIC8+DQogICAgICAgICAgPC9SdWxlUGFyYW1ldGVycz4NCiAgICAgICAgPC9FeHRyYWN0aW9uUnVsZT4NCiAgICAgICAgPEV4dHJhY3Rpb25SdWxlIENsYXNzbmFtZT0iTWljcm9zb2Z0LlZpc3VhbFN0dWRpby5UZXN0VG9vbHMuV2ViVGVzdGluZy5SdWxlcy5FeHRyYWN0VGV4dCwgTWljcm9zb2Z0LlZpc3VhbFN0dWRpby5RdWFsaXR5VG9vbHMuV2ViVGVzdEZyYW1ld29yaywgVmVyc2lvbj0xMC4wLjAuMCwgQ3VsdHVyZT1uZXV0cmFsLCBQdWJsaWNLZXlUb2tlbj1iMDNmNWY3ZjExZDUwYTNhIiBWYXJpYWJsZU5hbWU9IkZvcm1Qb3N0UGFyYW05LkNsaWVudEZvcm1Qb3N0QmFja1ZhbHVlX2VkMjgxOTJhLTNiNjctNDNkOC1iYThhLWRjY2EzYWNlN2QwYl9TdWJtaXRDbGllbnRGb3JtIiBEaXNwbGF5TmFtZT0iIiBEZXNjcmlwdGlvbj0iIj4NCiAgICAgICAgICA8UnVsZVBhcmFtZXRlcnM+DQogICAgICAgICAgICA8UnVsZVBhcmFtZXRlciBOYW1lPSJTdGFydHNXaXRoIiBWYWx1ZT0ib25zPSZxdW90OyIgLz4NCiAgICAgICAgICAgIDxSdWxlUGFyYW1ldGVyIE5hbWU9IkVuZHNXaXRoIiBWYWx1ZT0iJnF1b3Q7Jmd0OyZsdDtpZSIgLz4NCiAgICAgICAgICAgIDxSdWxlUGFyYW1ldGVyIE5hbWU9IkluZGV4IiBWYWx1ZT0iMCIgLz4NCiAgICAgICAgICAgIDxSdWxlUGFyYW1ldGVyIE5hbWU9Iklnbm9yZUNhc2UiIFZhbHVlPSJGYWxzZSIgLz4NCiAgICAgICAgICAgIDxSdWxlUGFyYW1ldGVyIE5hbWU9IlVzZVJlZ3VsYXJFeHByZXNzaW9uIiBWYWx1ZT0iRmFsc2UiIC8+DQogICAgICAgICAgICA8UnVsZVBhcmFtZXRlciBOYW1lPSJIdG1sRGVjb2RlIiBWYWx1ZT0iVHJ1ZSIgLz4NCiAgICAgICAgICAgIDxSdWxlUGFyYW1ldGVyIE5hbWU9IlJlcXVpcmVkIiBWYWx1ZT0iRmFsc2UiIC8+DQogICAgICAgICAgPC9SdWxlUGFyYW1ldGVycz4NCiAgICAgICAgPC9FeHRyYWN0aW9uUnVsZT4NCiAgICAgICAgPEV4dHJhY3Rpb25SdWxlIENsYXNzbmFtZT0iTWljcm9zb2Z0LlZpc3VhbFN0dWRpby5UZXN0VG9vbHMuV2ViVGVzdGluZy5SdWxlcy5FeHRyYWN0VGV4dCwgTWljcm9zb2Z0LlZpc3VhbFN0dWRpby5RdWFsaXR5VG9vbHMuV2ViVGVzdEZyYW1ld29yaywgVmVyc2lvbj0xMC4wLjAuMCwgQ3VsdHVyZT1uZXV0cmFsLCBQdWJsaWNLZXlUb2tlbj1iMDNmNWY3ZjExZDUwYTNhIiBWYXJpYWJsZU5hbWU9IlF1ZXJ5U3RyaW5nUGFyYW0xNTIuTW9kZSIgRGlzcGxheU5hbWU9IiIgRGVzY3JpcHRpb249IiI+DQogICAgICAgICAgPFJ1bGVQYXJhbWV0ZXJzPg0KICAgICAgICAgICAgPFJ1bGVQYXJhbWV0ZXIgTmFtZT0iU3RhcnRzV2l0aCIgVmFsdWU9Ij9Nb2RlPSIgLz4NCiAgICAgICAgICAgIDxSdWxlUGFyYW1ldGVyIE5hbWU9IkVuZHNXaXRoIiBWYWx1ZT0iJmFtcDsiIC8+DQogICAgICAgICAgICA8UnVsZVBhcmFtZXRlciBOYW1lPSJJbmRleCIgVmFsdWU9IjEiIC8+DQogICAgICAgICAgICA8UnVsZVBhcmFtZXRlciBOYW1lPSJJZ25vcmVDYXNlIiBWYWx1ZT0iRmFsc2UiIC8+DQogICAgICAgICAgICA8UnVsZVBhcmFtZXRlciBOYW1lPSJVc2VSZWd1bGFyRXhwcmVzc2lvbiIgVmFsdWU9IkZhbHNlIiAvPg0KICAgICAgICAgICAgPFJ1bGVQYXJhbWV0ZXIgTmFtZT0iSHRtbERlY29kZSIgVmFsdWU9IlRydWUiIC8+DQogICAgICAgICAgICA8UnVsZVBhcmFtZXRlciBOYW1lPSJSZXF1aXJlZCIgVmFsdWU9IkZhbHNlIiAvPg0KICAgICAgICAgIDwvUnVsZVBhcmFtZXRlcnM+DQogICAgICAgIDwvRXh0cmFjdGlvblJ1bGU+DQogICAgICAgIDxFeHRyYWN0aW9uUnVsZSBDbGFzc25hbWU9Ik1pY3Jvc29mdC5WaXN1YWxTdHVkaW8uVGVzdFRvb2xzLldlYlRlc3RpbmcuUnVsZXMuRXh0cmFjdFRleHQsIE1pY3Jvc29mdC5WaXN1YWxTdHVkaW8uUXVhbGl0eVRvb2xzLldlYlRlc3RGcmFtZXdvcmssIFZlcnNpb249MTAuMC4wLjAsIEN1bHR1cmU9bmV1dHJhbCwgUHVibGljS2V5VG9rZW49YjAzZjVmN2YxMWQ1MGEzYSIgVmFyaWFibGVOYW1lPSJRdWVyeVN0cmluZ1BhcmFtMTUzLklEIiBEaXNwbGF5TmFtZT0iIiBEZXNjcmlwdGlvbj0iIj4NCiAgICAgICAgICA8UnVsZVBhcmFtZXRlcnM+DQogICAgICAgICAgICA8UnVsZVBhcmFtZXRlciBOYW1lPSJTdGFydHNXaXRoIiBWYWx1ZT0iJmFtcDthbXA7SUQ9IiAvPg0KICAgICAgICAgICAgPFJ1bGVQYXJhbWV0ZXIgTmFtZT0iRW5kc1dpdGgiIFZhbHVlPSImYW1wOyIgLz4NCiAgICAgICAgICAgIDxSdWxlUGFyYW1ldGVyIE5hbWU9IkluZGV4IiBWYWx1ZT0iMSIgLz4NCiAgICAgICAgICAgIDxSdWxlUGFyYW1ldGVyIE5hbWU9Iklnbm9yZUNhc2UiIFZhbHVlPSJGYWxzZSIgLz4NCiAgICAgICAgICAgIDxSdWxlUGFyYW1ldGVyIE5hbWU9IlVzZVJlZ3VsYXJFeHByZXNzaW9uIiBWYWx1ZT0iRmFsc2UiIC8+DQogICAgICAgICAgICA8UnVsZVBhcmFtZXRlciBOYW1lPSJIdG1sRGVjb2RlIiBWYWx1ZT0iVHJ1ZSIgLz4NCiAgICAgICAgICAgIDxSdWxlUGFyYW1ldGVyIE5hbWU9IlJlcXVpcmVkIiBWYWx1ZT0iRmFsc2UiIC8+DQogICAgICAgICAgPC9SdWxlUGFyYW1ldGVycz4NCiAgICAgICAgPC9FeHRyYWN0aW9uUnVsZT4NCiAgICAgICAgPEV4dHJhY3Rpb25SdWxlIENsYXNzbmFtZT0iTWljcm9zb2Z0LlZpc3VhbFN0dWRpby5UZXN0VG9vbHMuV2ViVGVzdGluZy5SdWxlcy5FeHRyYWN0VGV4dCwgTWljcm9zb2Z0LlZpc3VhbFN0dWRpby5RdWFsaXR5VG9vbHMuV2ViVGVzdEZyYW1ld29yaywgVmVyc2lvbj0xMC4wLjAuMCwgQ3VsdHVyZT1uZXV0cmFsLCBQdWJsaWNLZXlUb2tlbj1iMDNmNWY3ZjExZDUwYTNhIiBWYXJpYWJsZU5hbWU9IkZvcm1Qb3N0UGFyYW0yOS5fX0VWRU5UVEFSR0VUIiBEaXNwbGF5TmFtZT0iIiBEZXNjcmlwdGlvbj0iIj4NCiAgICAgICAgICA8UnVsZVBhcmFtZXRlcnM+DQogICAgICAgICAgICA8UnVsZVBhcmFtZXRlciBOYW1lPSJTdGFydHNXaXRoIiBWYWx1ZT0iYW1lPSZxdW90OyIgLz4NCiAgICAgICAgICAgIDxSdWxlUGFyYW1ldGVyIE5hbWU9IkVuZHNXaXRoIiBWYWx1ZT0iJnF1b3Q7IHZhbCIgLz4NCiAgICAgICAgICAgIDxSdWxlUGFyYW1ldGVyIE5hbWU9IkluZGV4IiBWYWx1ZT0iNTAiIC8+DQogICAgICAgICAgICA8UnVsZVBhcmFtZXRlciBOYW1lPSJJZ25vcmVDYXNlIiBWYWx1ZT0iRmFsc2UiIC8+DQogICAgICAgICAgICA8UnVsZVBhcmFtZXRlciBOYW1lPSJVc2VSZWd1bGFyRXhwcmVzc2lvbiIgVmFsdWU9IkZhbHNlIiAvPg0KICAgICAgICAgICAgPFJ1bGVQYXJhbWV0ZXIgTmFtZT0iSHRtbERlY29kZSIgVmFsdWU9IlRydWUiIC8+DQogICAgICAgICAgICA8UnVsZVBhcmFtZXRlciBOYW1lPSJSZXF1aXJlZCIgVmFsdWU9IkZhbHNlIiAvPg0KICAgICAgICAgIDwvUnVsZVBhcmFtZXRlcnM+DQogICAgICAgIDwvRXh0cmFjdGlvblJ1bGU+DQogICAgICAgIDxFeHRyYWN0aW9uUnVsZSBDbGFzc25hbWU9Ik1pY3Jvc29mdC5WaXN1YWxTdHVkaW8uVGVzdFRvb2xzLldlYlRlc3RpbmcuUnVsZXMuRXh0cmFjdFRleHQsIE1pY3Jvc29mdC5WaXN1YWxTdHVkaW8uUXVhbGl0eVRvb2xzLldlYlRlc3RGcmFtZXdvcmssIFZlcnNpb249MTAuMC4wLjAsIEN1bHR1cmU9bmV1dHJhbCwgUHVibGljS2V5VG9rZW49YjAzZjVmN2YxMWQ1MGEzYSIgVmFyaWFibGVOYW1lPSJGb3JtUG9zdFBhcmFtMzAuY3RsMDAkY3RsNDQkY3RsMDQiIERpc3BsYXlOYW1lPSIiIERlc2NyaXB0aW9uPSIiPg0KICAgICAgICAgIDxSdWxlUGFyYW1ldGVycz4NCiAgICAgICAgICAgIDxSdWxlUGFyYW1ldGVyIE5hbWU9IlN0YXJ0c1dpdGgiIFZhbHVlPSIgaWQ9JnF1b3Q7IiAvPg0KICAgICAgICAgICAgPFJ1bGVQYXJhbWV0ZXIgTmFtZT0iRW5kc1dpdGgiIFZhbHVlPSImcXVvdDsgdW5zIiAvPg0KICAgICAgICAgICAgPFJ1bGVQYXJhbWV0ZXIgTmFtZT0iSW5kZXgiIFZhbHVlPSI3MiIgLz4NCiAgICAgICAgICAgIDxSdWxlUGFyYW1ldGVyIE5hbWU9Iklnbm9yZUNhc2UiIFZhbHVlPSJGYWxzZSIgLz4NCiAgICAgICAgICAgIDxSdWxlUGFyYW1ldGVyIE5hbWU9IlVzZVJlZ3VsYXJFeHByZXNzaW9uIiBWYWx1ZT0iRmFsc2UiIC8+DQogICAgICAgICAgICA8UnVsZVBhcmFtZXRlciBOYW1lPSJIdG1sRGVjb2RlIiBWYWx1ZT0iVHJ1ZSIgLz4NCiAgICAgICAgICAgIDxSdWxlUGFyYW1ldGVyIE5hbWU9IlJlcXVpcmVkIiBWYWx1ZT0iRmFsc2UiIC8+DQogICAgICAgICAgPC9SdWxlUGFyYW1ldGVycz4NCiAgICAgICAgPC9FeHRyYWN0aW9uUnVsZT4NCiAgICAgICAgPEV4dHJhY3Rpb25SdWxlIENsYXNzbmFtZT0iTWljcm9zb2Z0LlZpc3VhbFN0dWRpby5UZXN0VG9vbHMuV2ViVGVzdGluZy5SdWxlcy5FeHRyYWN0VGV4dCwgTWljcm9zb2Z0LlZpc3VhbFN0dWRpby5RdWFsaXR5VG9vbHMuV2ViVGVzdEZyYW1ld29yaywgVmVyc2lvbj0xMC4wLjAuMCwgQ3VsdHVyZT1uZXV0cmFsLCBQdWJsaWNLZXlUb2tlbj1iMDNmNWY3ZjExZDUwYTNhIiBWYXJpYWJsZU5hbWU9IkZvcm1Qb3N0UGFyYW0zMS5jdGwwMCRjdGw0MyRnXzExMjZiMGY4X2U1ZTZfNDI3N19iYWE2XzQyM2RhMGJiYTQ3NyRjdGwwMCRjdGwwMiRjdGwwMCRjdGwwMSRjdGwwMCRDb250ZW50VHlwZUNob2ljZSIgRGlzcGxheU5hbWU9IiIgRGVzY3JpcHRpb249IiI+DQogICAgICAgICAgPFJ1bGVQYXJhbWV0ZXJzPg0KICAgICAgICAgICAgPFJ1bGVQYXJhbWV0ZXIgTmFtZT0iU3RhcnRzV2l0aCIgVmFsdWU9Imx1ZT0mcXVvdDsiIC8+DQogICAgICAgICAgICA8UnVsZVBhcmFtZXRlciBOYW1lPSJFbmRzV2l0aCIgVmFsdWU9IiZxdW90OyZndDtDb3IiIC8+DQogICAgICAgICAgICA8UnVsZVBhcmFtZXRlciBOYW1lPSJJbmRleCIgVmFsdWU9IjMzIiAvPg0KICAgICAgICAgICAgPFJ1bGVQYXJhbWV0ZXIgTmFtZT0iSWdub3JlQ2FzZSIgVmFsdWU9IkZhbHNlIiAvPg0KICAgICAgICAgICAgPFJ1bGVQYXJhbWV0ZXIgTmFtZT0iVXNlUmVndWxhckV4cHJlc3Npb24iIFZhbHVlPSJGYWxzZSIgLz4NCiAgICAgICAgICAgIDxSdWxlUGFyYW1ldGVyIE5hbWU9Ikh0bWxEZWNvZGUiIFZhbHVlPSJUcnVlIiAvPg0KICAgICAgICAgICAgPFJ1bGVQYXJhbWV0ZXIgTmFtZT0iUmVxdWlyZWQiIFZhbHVlPSJGYWxzZSIgLz4NCiAgICAgICAgICA8L1J1bGVQYXJhbWV0ZXJzPg0KICAgICAgICA8L0V4dHJhY3Rpb25SdWxlPg0KICAgICAgICA8RXh0cmFjdGlvblJ1bGUgQ2xhc3NuYW1lPSJNaWNyb3NvZnQuVmlzdWFsU3R1ZGlvLlRlc3RUb29scy5XZWJUZXN0aW5nLlJ1bGVzLkV4dHJhY3RUZXh0LCBNaWNyb3NvZnQuVmlzdWFsU3R1ZGlvLlF1YWxpdHlUb29scy5XZWJUZXN0RnJhbWV3b3JrLCBWZXJzaW9uPTEwLjAuMC4wLCBDdWx0dXJlPW5ldXRyYWwsIFB1YmxpY0tleVRva2VuPWIwM2Y1ZjdmMTFkNTBhM2EiIFZhcmlhYmxlTmFtZT0iRm9ybVBvc3RQYXJhbTMyLkNsaWVudEZvcm1Qb3N0QmFja1ZhbHVlX2VkMjgxOTJhLTNiNjctNDNkOC1iYThhLWRjY2EzYWNlN2QwYl9GaWxlTGVhZlJlZiIgRGlzcGxheU5hbWU9IiIgRGVzY3JpcHRpb249IiI+DQogICAgICAgICAgPFJ1bGVQYXJhbWV0ZXJzPg0KICAgICAgICAgICAgPFJ1bGVQYXJhbWV0ZXIgTmFtZT0iU3RhcnRzV2l0aCIgVmFsdWU9ImVmJnF1b3Q7OiZxdW90OyIgLz4NCiAgICAgICAgICAgIDxSdWxlUGFyYW1ldGVyIE5hbWU9IkVuZHNXaXRoIiBWYWx1ZT0iJnF1b3Q7LCZxdW90O1RpIiAvPg0KICAgICAgICAgICAgPFJ1bGVQYXJhbWV0ZXIgTmFtZT0iSW5kZXgiIFZhbHVlPSIwIiAvPg0KICAgICAgICAgICAgPFJ1bGVQYXJhbWV0ZXIgTmFtZT0iSWdub3JlQ2FzZSIgVmFsdWU9IkZhbHNlIiAvPg0KICAgICAgICAgICAgPFJ1bGVQYXJhbWV0ZXIgTmFtZT0iVXNlUmVndWxhckV4cHJlc3Npb24iIFZhbHVlPSJGYWxzZSIgLz4NCiAgICAgICAgICAgIDxSdWxlUGFyYW1ldGVyIE5hbWU9Ikh0bWxEZWNvZGUiIFZhbHVlPSJUcnVlIiAvPg0KICAgICAgICAgICAgPFJ1bGVQYXJhbWV0ZXIgTmFtZT0iUmVxdWlyZWQiIFZhbHVlPSJGYWxzZSIgLz4NCiAgICAgICAgICA8L1J1bGVQYXJhbWV0ZXJzPg0KICAgICAgICA8L0V4dHJhY3Rpb25SdWxlPg0KICAgICAgICA8RXh0cmFjdGlvblJ1bGUgQ2xhc3NuYW1lPSJNaWNyb3NvZnQuVmlzdWFsU3R1ZGlvLlRlc3RUb29scy5XZWJUZXN0aW5nLlJ1bGVzLkV4dHJhY3RUZXh0LCBNaWNyb3NvZnQuVmlzdWFsU3R1ZGlvLlF1YWxpdHlUb29scy5XZWJUZXN0RnJhbWV3b3JrLCBWZXJzaW9uPTEwLjAuMC4wLCBDdWx0dXJlPW5ldXRyYWwsIFB1YmxpY0tleVRva2VuPWIwM2Y1ZjdmMTFkNTBhM2EiIFZhcmlhYmxlTmFtZT0iRm9ybVBvc3RQYXJhbTMzLkNsaWVudEZvcm1Qb3N0QmFja1ZhbHVlX2VkMjgxOTJhLTNiNjctNDNkOC1iYThhLWRjY2EzYWNlN2QwYl9UaXRsZSIgRGlzcGxheU5hbWU9IiIgRGVzY3JpcHRpb249IiI+DQogICAgICAgICAgPFJ1bGVQYXJhbWV0ZXJzPg0KICAgICAgICAgICAgPFJ1bGVQYXJhbWV0ZXIgTmFtZT0iU3RhcnRzV2l0aCIgVmFsdWU9ImxlJnF1b3Q7OiZxdW90OyIgLz4NCiAgICAgICAgICAgIDxSdWxlUGFyYW1ldGVyIE5hbWU9IkVuZHNXaXRoIiBWYWx1ZT0iJnF1b3Q7LCZxdW90O0FwIiAvPg0KICAgICAgICAgICAgPFJ1bGVQYXJhbWV0ZXIgTmFtZT0iSW5kZXgiIFZhbHVlPSIwIiAvPg0KICAgICAgICAgICAgPFJ1bGVQYXJhbWV0ZXIgTmFtZT0iSWdub3JlQ2FzZSIgVmFsdWU9IkZhbHNlIiAvPg0KICAgICAgICAgICAgPFJ1bGVQYXJhbWV0ZXIgTmFtZT0iVXNlUmVndWxhckV4cHJlc3Npb24iIFZhbHVlPSJGYWxzZSIgLz4NCiAgICAgICAgICAgIDxSdWxlUGFyYW1ldGVyIE5hbWU9Ikh0bWxEZWNvZGUiIFZhbHVlPSJUcnVlIiAvPg0KICAgICAgICAgICAgPFJ1bGVQYXJhbWV0ZXIgTmFtZT0iUmVxdWlyZWQiIFZhbHVlPSJGYWxzZSIgLz4NCiAgICAgICAgICA8L1J1bGVQYXJhbWV0ZXJzPg0KICAgICAgICA8L0V4dHJhY3Rpb25SdWxlPg0KICAgICAgICA8RXh0cmFjdGlvblJ1bGUgQ2xhc3NuYW1lPSJNaWNyb3NvZnQuVmlzdWFsU3R1ZGlvLlRlc3RUb29scy5XZWJUZXN0aW5nLlJ1bGVzLkV4dHJhY3RUZXh0LCBNaWNyb3NvZnQuVmlzdWFsU3R1ZGlvLlF1YWxpdHlUb29scy5XZWJUZXN0RnJhbWV3b3JrLCBWZXJzaW9uPTEwLjAuMC4wLCBDdWx0dXJlPW5ldXRyYWwsIFB1YmxpY0tleVRva2VuPWIwM2Y1ZjdmMTFkNTBhM2EiIFZhcmlhYmxlTmFtZT0iRm9ybVBvc3RQYXJhbTM0LkNsaWVudEZvcm1Qb3N0QmFja1ZhbHVlX2VkMjgxOTJhLTNiNjctNDNkOC1iYThhLWRjY2EzYWNlN2QwYl9TdGF0dXMiIERpc3BsYXlOYW1lPSIiIERlc2NyaXB0aW9uPSIiPg0KICAgICAgICAgIDxSdWxlUGFyYW1ldGVycz4NCiAgICAgICAgICAgIDxSdWxlUGFyYW1ldGVyIE5hbWU9IlN0YXJ0c1dpdGgiIFZhbHVlPSJ1cyZxdW90OzomcXVvdDsiIC8+DQogICAgICAgICAgICA8UnVsZVBhcmFtZXRlciBOYW1lPSJFbmRzV2l0aCIgVmFsdWU9IiZxdW90OywmcXVvdDtDbyIgLz4NCiAgICAgICAgICAgIDxSdWxlUGFyYW1ldGVyIE5hbWU9IkluZGV4IiBWYWx1ZT0iMCIgLz4NCiAgICAgICAgICAgIDxSdWxlUGFyYW1ldGVyIE5hbWU9Iklnbm9yZUNhc2UiIFZhbHVlPSJGYWxzZSIgLz4NCiAgICAgICAgICAgIDxSdWxlUGFyYW1ldGVyIE5hbWU9IlVzZVJlZ3VsYXJFeHByZXNzaW9uIiBWYWx1ZT0iRmFsc2UiIC8+DQogICAgICAgICAgICA8UnVsZVBhcmFtZXRlciBOYW1lPSJIdG1sRGVjb2RlIiBWYWx1ZT0iVHJ1ZSIgLz4NCiAgICAgICAgICAgIDxSdWxlUGFyYW1ldGVyIE5hbWU9IlJlcXVpcmVkIiBWYWx1ZT0iRmFsc2UiIC8+DQogICAgICAgICAgPC9SdWxlUGFyYW1ldGVycz4NCiAgICAgICAgPC9FeHRyYWN0aW9uUnVsZT4NCiAgICAgICAgPEV4dHJhY3Rpb25SdWxlIENsYXNzbmFtZT0iTWljcm9zb2Z0LlZpc3VhbFN0dWRpby5UZXN0VG9vbHMuV2ViVGVzdGluZy5SdWxlcy5FeHRyYWN0VGV4dCwgTWljcm9zb2Z0LlZpc3VhbFN0dWRpby5RdWFsaXR5VG9vbHMuV2ViVGVzdEZyYW1ld29yaywgVmVyc2lvbj0xMC4wLjAuMCwgQ3VsdHVyZT1uZXV0cmFsLCBQdWJsaWNLZXlUb2tlbj1iMDNmNWY3ZjExZDUwYTNhIiBWYXJpYWJsZU5hbWU9IkZvcm1Qb3N0UGFyYW0zNS5DbGllbnRGb3JtUG9zdEJhY2tWYWx1ZV9lZDI4MTkyYS0zYjY3LTQzZDgtYmE4YS1kY2NhM2FjZTdkMGJfb3dzaGlkZGVudmVyc2lvbiIgRGlzcGxheU5hbWU9IiIgRGVzY3JpcHRpb249IiI+DQogICAgICAgICAgPFJ1bGVQYXJhbWV0ZXJzPg0KICAgICAgICAgICAgPFJ1bGVQYXJhbWV0ZXIgTmFtZT0iU3RhcnRzV2l0aCIgVmFsdWU9ImRhbD0mcXVvdDsiIC8+DQogICAgICAgICAgICA8UnVsZVBhcmFtZXRlciBOYW1lPSJFbmRzV2l0aCIgVmFsdWU9IiZxdW90OyAtLSZndDsiIC8+DQogICAgICAgICAgICA8UnVsZVBhcmFtZXRlciBOYW1lPSJJbmRleCIgVmFsdWU9IjAiIC8+DQogICAgICAgICAgICA8UnVsZVBhcmFtZXRlciBOYW1lPSJJZ25vcmVDYXNlIiBWYWx1ZT0iRmFsc2UiIC8+DQogICAgICAgICAgICA8UnVsZVBhcmFtZXRlciBOYW1lPSJVc2VSZWd1bGFyRXhwcmVzc2lvbiIgVmFsdWU9IkZhbHNlIiAvPg0KICAgICAgICAgICAgPFJ1bGVQYXJhbWV0ZXIgTmFtZT0iSHRtbERlY29kZSIgVmFsdWU9IlRydWUiIC8+DQogICAgICAgICAgICA8UnVsZVBhcmFtZXRlciBOYW1lPSJSZXF1aXJlZCIgVmFsdWU9IkZhbHNlIiAvPg0KICAgICAgICAgIDwvUnVsZVBhcmFtZXRlcnM+DQogICAgICAgIDwvRXh0cmFjdGlvblJ1bGU+DQogICAgICAgIDxFeHRyYWN0aW9uUnVsZSBDbGFzc25hbWU9Ik1pY3Jvc29mdC5WaXN1YWxTdHVkaW8uVGVzdFRvb2xzLldlYlRlc3RpbmcuUnVsZXMuRXh0cmFjdFRleHQsIE1pY3Jvc29mdC5WaXN1YWxTdHVkaW8uUXVhbGl0eVRvb2xzLldlYlRlc3RGcmFtZXdvcmssIFZlcnNpb249MTAuMC4wLjAsIEN1bHR1cmU9bmV1dHJhbCwgUHVibGljS2V5VG9rZW49YjAzZjVmN2YxMWQ1MGEzYSIgVmFyaWFibGVOYW1lPSJGb3JtUG9zdFBhcmFtMzYuQ2xpZW50Rm9ybVBvc3RCYWNrVmFsdWVfZWQyODE5MmEtM2I2Ny00M2Q4LWJhOGEtZGNjYTNhY2U3ZDBiX1N1Ym1pdENsaWVudEZvcm0iIERpc3BsYXlOYW1lPSIiIERlc2NyaXB0aW9uPSIiPg0KICAgICAgICAgIDxSdWxlUGFyYW1ldGVycz4NCiAgICAgICAgICAgIDxSdWxlUGFyYW1ldGVyIE5hbWU9IlN0YXJ0c1dpdGgiIFZhbHVlPSJvbnM9JnF1b3Q7IiAvPg0KICAgICAgICAgICAgPFJ1bGVQYXJhbWV0ZXIgTmFtZT0iRW5kc1dpdGgiIFZhbHVlPSImcXVvdDsmZ3Q7Jmx0O2llIiAvPg0KICAgICAgICAgICAgPFJ1bGVQYXJhbWV0ZXIgTmFtZT0iSW5kZXgiIFZhbHVlPSIwIiAvPg0KICAgICAgICAgICAgPFJ1bGVQYXJhbWV0ZXIgTmFtZT0iSWdub3JlQ2FzZSIgVmFsdWU9IkZhbHNlIiAvPg0KICAgICAgICAgICAgPFJ1bGVQYXJhbWV0ZXIgTmFtZT0iVXNlUmVndWxhckV4cHJlc3Npb24iIFZhbHVlPSJGYWxzZSIgLz4NCiAgICAgICAgICAgIDxSdWxlUGFyYW1ldGVyIE5hbWU9Ikh0bWxEZWNvZGUiIFZhbHVlPSJUcnVlIiAvPg0KICAgICAgICAgICAgPFJ1bGVQYXJhbWV0ZXIgTmFtZT0iUmVxdWlyZWQiIFZhbHVlPSJGYWxzZSIgLz4NCiAgICAgICAgICA8L1J1bGVQYXJhbWV0ZXJzPg0KICAgICAgICA8L0V4dHJhY3Rpb25SdWxlPg0KICAgICAgPC9Db3JyZWxhdGlvbkV4dHJhY3Rpb25SdWxlcz4NCiAgICAgIDxRdWVyeVN0cmluZ1BhcmFtZXRlcnM+DQogICAgICAgIDxRdWVyeVN0cmluZ1BhcmFtZXRlciBOYW1lPSJNb2RlIiBWYWx1ZT0iVXBsb2FkIiBSZWNvcmRlZFZhbHVlPSJVcGxvYWQiIENvcnJlbGF0aW9uQmluZGluZz0ie3tRdWVyeVN0cmluZ1BhcmFtNjcuTW9kZX19IiBVcmxFbmNvZGU9IkZhbHNlIiBVc2VUb0dyb3VwUmVzdWx0cz0iRmFsc2UiIC8+DQogICAgICAgIDxRdWVyeVN0cmluZ1BhcmFtZXRlciBOYW1lPSJDaGVja0luQ29tbWVudCIgVmFsdWU9IiIgUmVjb3JkZWRWYWx1ZT0iIiBDb3JyZWxhdGlvbkJpbmRpbmc9IiIgVXJsRW5jb2RlPSJGYWxzZSIgVXNlVG9Hcm91cFJlc3VsdHM9IkZhbHNlIiAvPg0KICAgICAgICA8UXVlcnlTdHJpbmdQYXJhbWV0ZXIgTmFtZT0iSUQiIFZhbHVlPSIzNDU1IiBSZWNvcmRlZFZhbHVlPSIzNDU1IiBDb3JyZWxhdGlvbkJpbmRpbmc9Int7UXVlcnlTdHJpbmdQYXJhbTY4LklEfX0iIFVybEVuY29kZT0iRmFsc2UiIFVzZVRvR3JvdXBSZXN1bHRzPSJGYWxzZSIgLz4NCiAgICAgICAgPFF1ZXJ5U3RyaW5nUGFyYW1ldGVyIE5hbWU9IlJvb3RGb2xkZXIiIFZhbHVlPSIlMkZBcHBzMDAlMkZTaGFyZWQlMjBEb2N1bWVudHMiIFJlY29yZGVkVmFsdWU9IiUyRkFwcHMwMCUyRlNoYXJlZCUyMERvY3VtZW50cyIgQ29ycmVsYXRpb25CaW5kaW5nPSIiIFVybEVuY29kZT0iRmFsc2UiIFVzZVRvR3JvdXBSZXN1bHRzPSJGYWxzZSIgLz4NCiAgICAgICAgPFF1ZXJ5U3RyaW5nUGFyYW1ldGVyIE5hbWU9IklzRGxnIiBWYWx1ZT0iMSIgUmVjb3JkZWRWYWx1ZT0iMSIgQ29ycmVsYXRpb25CaW5kaW5nPSJ7e1F1ZXJ5U3RyaW5nUGFyYW0xMi5Jc0RsZ319IiBVcmxFbmNvZGU9IkZhbHNlIiBVc2VUb0dyb3VwUmVzdWx0cz0iRmFsc2UiIC8+DQogICAgICA8L1F1ZXJ5U3RyaW5nUGFyYW1ldGVycz4NCiAgICA8L1JlcXVlc3Q+DQogICAgPFJlcXVlc3QgTWV0aG9kPSJHRVQiIEd1aWQ9ImMzZDM3NDQ5LTZjNmQtNGY1My05YTFmLTQxODQ3YmE3MjQ5MCIgVmVyc2lvbj0iMS4xIiBVcmw9Imh0dHBzOi8vc3AuY29yZGlzc29sdXRpb25zLmNvbS9fbGF5b3V0cy8xNS9pbWFnZXMvYmxhbmsuZ2lmIiBUaGlua1RpbWU9IjAiIFRpbWVvdXQ9IjMwMCIgUGFyc2VEZXBlbmRlbnRSZXF1ZXN0cz0iVHJ1ZSIgRm9sbG93UmVkaXJlY3RzPSJUcnVlIiBSZWNvcmRSZXN1bHQ9IlRydWUiIENhY2hlPSJGYWxzZSIgUmVzcG9uc2VUaW1lR29hbD0iMCIgRW5jb2Rpbmc9InV0Zi04IiBFeHBlY3RlZEh0dHBTdGF0dXNDb2RlPSIwIiBFeHBlY3RlZFJlc3BvbnNlVXJsPSIiIFJlcG9ydGluZ05hbWU9IiIgSWdub3JlSHR0cFN0YXR1c0NvZGU9IkZhbHNlIj4NCiAgICAgIDxIZWFkZXJzPg0KICAgICAgICA8SGVhZGVyIE5hbWU9IlJlZmVyZXIiIFZhbHVlPSJodHRwczovL3NwLmNvcmRpc3NvbHV0aW9ucy5jb20vQXBwczAwL1NoYXJlZCUyMERvY3VtZW50cy9Gb3Jtcy9FZGl0Rm9ybS5hc3B4P01vZGU9VXBsb2FkJmFtcDtDaGVja0luQ29tbWVudD0mYW1wO0lEPTM0NTUmYW1wO1Jvb3RGb2xkZXI9JTJGQXBwczAwJTJGU2hhcmVkJTIwRG9jdW1lbnRzJmFtcDtJc0RsZz0xIiAvPg0KICAgICAgPC9IZWFkZXJzPg0KICAgIDwvUmVxdWVzdD4NCiAgICA8UmVxdWVzdCBNZXRob2Q9IkdFVCIgR3VpZD0iN2E5NGViM2ItOTQ3MS00YmUyLTg1ODctYjJlYjJmZjQwOWEzIiBWZXJzaW9uPSIxLjEiIFVybD0iaHR0cHM6Ly9zcC5jb3JkaXNzb2x1dGlvbnMuY29tL0FwcHMwMC9TaGFyZWQlMjBEb2N1bWVudHMvRm9ybXMvRWRpdEZvcm0uYXNweCIgVGhpbmtUaW1lPSIwIiBUaW1lb3V0PSIzMDAiIFBhcnNlRGVwZW5kZW50UmVxdWVzdHM9IlRydWUiIEZvbGxvd1JlZGlyZWN0cz0iVHJ1ZSIgUmVjb3JkUmVzdWx0PSJUcnVlIiBDYWNoZT0iRmFsc2UiIFJlc3BvbnNlVGltZUdvYWw9IjAiIEVuY29kaW5nPSJ1dGYtOCIgRXhwZWN0ZWRIdHRwU3RhdHVzQ29kZT0iMCIgRXhwZWN0ZWRSZXNwb25zZVVybD0iIiBSZXBvcnRpbmdOYW1lPSIiIElnbm9yZUh0dHBTdGF0dXNDb2RlPSJGYWxzZSI+DQogICAgICA8UXVlcnlTdHJpbmdQYXJhbWV0ZXJzPg0KICAgICAgICA8UXVlcnlTdHJpbmdQYXJhbWV0ZXIgTmFtZT0iTW9kZSIgVmFsdWU9IlVwbG9hZCIgUmVjb3JkZWRWYWx1ZT0iVXBsb2FkIiBDb3JyZWxhdGlvbkJpbmRpbmc9Int7UXVlcnlTdHJpbmdQYXJhbTUuTW9kZX19IiBVcmxFbmNvZGU9IkZhbHNlIiBVc2VUb0dyb3VwUmVzdWx0cz0iRmFsc2UiIC8+DQogICAgICAgIDxRdWVyeVN0cmluZ1BhcmFtZXRlciBOYW1lPSJDaGVja0luQ29tbWVudCIgVmFsdWU9IiIgUmVjb3JkZWRWYWx1ZT0iIiBDb3JyZWxhdGlvbkJpbmRpbmc9IiIgVXJsRW5jb2RlPSJGYWxzZSIgVXNlVG9Hcm91cFJlc3VsdHM9IkZhbHNlIiAvPg0KICAgICAgICA8UXVlcnlTdHJpbmdQYXJhbWV0ZXIgTmFtZT0iSUQiIFZhbHVlPSIzNDU1IiBSZWNvcmRlZFZhbHVlPSIzNDU1IiBDb3JyZWxhdGlvbkJpbmRpbmc9Int7UXVlcnlTdHJpbmdQYXJhbTYuSUR9fSIgVXJsRW5jb2RlPSJGYWxzZSIgVXNlVG9Hcm91cFJlc3VsdHM9IkZhbHNlIiAvPg0KICAgICAgICA8UXVlcnlTdHJpbmdQYXJhbWV0ZXIgTmFtZT0iUm9vdEZvbGRlciIgVmFsdWU9Int7UXVlcnlTdHJpbmdQYXJhbTcuUm9vdEZvbGRlcn19IiBSZWNvcmRlZFZhbHVlPSIlMmZBcHBzMDAlMmZTaGFyZWQrRG9jdW1lbnRzIiBDb3JyZWxhdGlvbkJpbmRpbmc9Int7UXVlcnlTdHJpbmdQYXJhbTcuUm9vdEZvbGRlcn19IiBVcmxFbmNvZGU9IkZhbHNlIiBVc2VUb0dyb3VwUmVzdWx0cz0iRmFsc2UiIC8+DQogICAgICAgIDxRdWVyeVN0cmluZ1BhcmFtZXRlciBOYW1lPSJJc0RsZyIgVmFsdWU9Int7UXVlcnlTdHJpbmdQYXJhbTguSXNEbGd9fSIgUmVjb3JkZWRWYWx1ZT0iMSIgQ29ycmVsYXRpb25CaW5kaW5nPSJ7e1F1ZXJ5U3RyaW5nUGFyYW04LklzRGxnfX0iIFVybEVuY29kZT0iRmFsc2UiIFVzZVRvR3JvdXBSZXN1bHRzPSJGYWxzZSIgLz4NCiAgICAgIDwvUXVlcnlTdHJpbmdQYXJhbWV0ZXJzPg0KICAgICAgPEZvcm1Qb3N0SHR0cEJvZHk+DQogICAgICAgIDxGb3JtUG9zdFBhcmFtZXRlciBOYW1lPSJfd3BjbVdwaWQiIFZhbHVlPSJ7eyRISURERU4yLl93cGNtV3BpZH19IiBSZWNvcmRlZFZhbHVlPSIiIENvcnJlbGF0aW9uQmluZGluZz0iIiBVcmxFbmNvZGU9IlRydWUiIC8+DQogICAgICAgIDxGb3JtUG9zdFBhcmFtZXRlciBOYW1lPSJ3cGNtVmFsIiBWYWx1ZT0ie3skSElEREVOMi53cGNtVmFsfX0iIFJlY29yZGVkVmFsdWU9IiIgQ29ycmVsYXRpb25CaW5kaW5nPSIiIFVybEVuY29kZT0iVHJ1ZSIgLz4NCiAgICAgICAgPEZvcm1Qb3N0UGFyYW1ldGVyIE5hbWU9Ik1TT1dlYlBhcnRQYWdlX1Bvc3RiYWNrU291cmNlIiBWYWx1ZT0ie3skSElEREVOMi5NU09XZWJQYXJ0UGFnZV9Qb3N0YmFja1NvdXJjZX19IiBSZWNvcmRlZFZhbHVlPSIiIENvcnJlbGF0aW9uQmluZGluZz0iIiBVcmxFbmNvZGU9IlRydWUiIC8+DQogICAgICAgIDxGb3JtUG9zdFBhcmFtZXRlciBOYW1lPSJNU09UbFBuX1NlbGVjdGVkV3BJZCIgVmFsdWU9Int7JEhJRERFTjIuTVNPVGxQbl9TZWxlY3RlZFdwSWR9fSIgUmVjb3JkZWRWYWx1ZT0iIiBDb3JyZWxhdGlvbkJpbmRpbmc9IiIgVXJsRW5jb2RlPSJUcnVlIiAvPg0KICAgICAgICA8Rm9ybVBvc3RQYXJhbWV0ZXIgTmFtZT0iTVNPVGxQbl9WaWV3IiBWYWx1ZT0ie3skSElEREVOMi5NU09UbFBuX1ZpZXd9fSIgUmVjb3JkZWRWYWx1ZT0iMCIgQ29ycmVsYXRpb25CaW5kaW5nPSIiIFVybEVuY29kZT0iVHJ1ZSIgLz4NCiAgICAgICAgPEZvcm1Qb3N0UGFyYW1ldGVyIE5hbWU9Ik1TT1RsUG5fU2hvd1NldHRpbmdzIiBWYWx1ZT0ie3skSElEREVOMi5NU09UbFBuX1Nob3dTZXR0aW5nc319IiBSZWNvcmRlZFZhbHVlPSJGYWxzZSIgQ29ycmVsYXRpb25CaW5kaW5nPSIiIFVybEVuY29kZT0iVHJ1ZSIgLz4NCiAgICAgICAgPEZvcm1Qb3N0UGFyYW1ldGVyIE5hbWU9Ik1TT0dhbGxlcnlfU2VsZWN0ZWRMaWJyYXJ5IiBWYWx1ZT0ie3skSElEREVOMi5NU09HYWxsZXJ5X1NlbGVjdGVkTGlicmFyeX19IiBSZWNvcmRlZFZhbHVlPSIiIENvcnJlbGF0aW9uQmluZGluZz0iIiBVcmxFbmNvZGU9IlRydWUiIC8+DQogICAgICAgIDxGb3JtUG9zdFBhcmFtZXRlciBOYW1lPSJNU09HYWxsZXJ5X0ZpbHRlclN0cmluZyIgVmFsdWU9Int7JEhJRERFTjIuTVNPR2FsbGVyeV9GaWx0ZXJTdHJpbmd9fSIgUmVjb3JkZWRWYWx1ZT0iIiBDb3JyZWxhdGlvbkJpbmRpbmc9IiIgVXJsRW5jb2RlPSJUcnVlIiAvPg0KICAgICAgICA8Rm9ybVBvc3RQYXJhbWV0ZXIgTmFtZT0iTVNPVGxQbl9CdXR0b24iIFZhbHVlPSJ7eyRISURERU4yLk1TT1RsUG5fQnV0dG9ufX0iIFJlY29yZGVkVmFsdWU9Im5vbmUiIENvcnJlbGF0aW9uQmluZGluZz0iIiBVcmxFbmNvZGU9IlRydWUiIC8+DQogICAgICAgIDxGb3JtUG9zdFBhcmFtZXRlciBOYW1lPSJfX0VWRU5UVEFSR0VUIiBWYWx1ZT0iY3RsMDAkY3RsNDMkZ18xMTI2YjBmOF9lNWU2XzQyNzdfYmFhNl80MjNkYTBiYmE0NzckY3RsMDAkY3RsMDIkY3RsMDAkdG9vbEJhclRibCRSaWdodFJwdENvbnRyb2xzJGN0bDAwJGN0bDAwJGRpaWRJT1NhdmVJdGVtIiBSZWNvcmRlZFZhbHVlPSJjdGwwMCRjdGw0MyRnXzExMjZiMGY4X2U1ZTZfNDI3N19iYWE2XzQyM2RhMGJiYTQ3NyRjdGwwMCRjdGwwMiRjdGwwMCR0b29sQmFyVGJsJFJpZ2h0UnB0Q29udHJvbHMkY3RsMDAkY3RsMDAkZGlpZElPU2F2ZUl0ZW0iIENvcnJlbGF0aW9uQmluZGluZz0ie3tGb3JtUG9zdFBhcmFtMi5fX0VWRU5UVEFSR0VUfX0iIFVybEVuY29kZT0iVHJ1ZSIgLz4NCiAgICAgICAgPEZvcm1Qb3N0UGFyYW1ldGVyIE5hbWU9Il9fRVZFTlRBUkdVTUVOVCIgVmFsdWU9Int7JEhJRERFTjIuX19FVkVOVEFSR1VNRU5UfX0iIFJlY29yZGVkVmFsdWU9IiIgQ29ycmVsYXRpb25CaW5kaW5nPSIiIFVybEVuY29kZT0iVHJ1ZSIgLz4NCiAgICAgICAgPEZvcm1Qb3N0UGFyYW1ldGVyIE5hbWU9Il9fUkVRVUVTVERJR0VTVCIgVmFsdWU9Int7JEhJRERFTjIuX19SRVFVRVNURElHRVNUfX0iIFJlY29yZGVkVmFsdWU9IjB4RjE3OTRFQkVDMkYwMTlERDQ4MTkxNzFEMjc2MjVGQkI4QkVENTFBMTAzNzhCODBEQThEMDRCNDI4QUE2N0NDNzU3QTY2RDRGMTMzQTk4QzdEMEZBRDEyODNFMTJBRjY0MjFDRTAxREQwNDAxRTA0NjJBODc0MkUzQzVCNURBRkYsMTMgSnVuIDIwMTggMTE6Mzg6MTEgLTAwMDAiIENvcnJlbGF0aW9uQmluZGluZz0iIiBVcmxFbmNvZGU9IlRydWUiIC8+DQogICAgICAgIDxGb3JtUG9zdFBhcmFtZXRlciBOYW1lPSJfTGlzdFNjaGVtYVZlcnNpb25fe2VkMjgxOTJhLTNiNjctNDNkOC1iYThhLWRjY2EzYWNlN2QwYn0iIFZhbHVlPSJ7eyRISURERU4yLl9MaXN0U2NoZW1hVmVyc2lvbl97ZWQyODE5MmEtM2I2Ny00M2Q4LWJhOGEtZGNjYTNhY2U3ZDBifX0iIFJlY29yZGVkVmFsdWU9Ijk1IiBDb3JyZWxhdGlvbkJpbmRpbmc9IiIgVXJsRW5jb2RlPSJUcnVlIiAvPg0KICAgICAgICA8Rm9ybVBvc3RQYXJhbWV0ZXIgTmFtZT0iTVNPU1BXZWJQYXJ0TWFuYWdlcl9EaXNwbGF5TW9kZU5hbWUiIFZhbHVlPSJ7eyRISURERU4yLk1TT1NQV2ViUGFydE1hbmFnZXJfRGlzcGxheU1vZGVOYW1lfX0iIFJlY29yZGVkVmFsdWU9IkJyb3dzZSIgQ29ycmVsYXRpb25CaW5kaW5nPSIiIFVybEVuY29kZT0iVHJ1ZSIgLz4NCiAgICAgICAgPEZvcm1Qb3N0UGFyYW1ldGVyIE5hbWU9Ik1TT1NQV2ViUGFydE1hbmFnZXJfRXhpdGluZ0Rlc2lnbk1vZGUiIFZhbHVlPSJ7eyRISURERU4yLk1TT1NQV2ViUGFydE1hbmFnZXJfRXhpdGluZ0Rlc2lnbk1vZGV9fSIgUmVjb3JkZWRWYWx1ZT0iZmFsc2UiIENvcnJlbGF0aW9uQmluZGluZz0iIiBVcmxFbmNvZGU9IlRydWUiIC8+DQogICAgICAgIDxGb3JtUG9zdFBhcmFtZXRlciBOYW1lPSJNU09XZWJQYXJ0UGFnZV9TaGFyZWQiIFZhbHVlPSJ7eyRISURERU4yLk1TT1dlYlBhcnRQYWdlX1NoYXJlZH19IiBSZWNvcmRlZFZhbHVlPSIiIENvcnJlbGF0aW9uQmluZGluZz0iIiBVcmxFbmNvZGU9IlRydWUiIC8+DQogICAgICAgIDxGb3JtUG9zdFBhcmFtZXRlciBOYW1lPSJNU09MYXlvdXRfTGF5b3V0Q2hhbmdlcyIgVmFsdWU9Int7JEhJRERFTjIuTVNPTGF5b3V0X0xheW91dENoYW5nZXN9fSIgUmVjb3JkZWRWYWx1ZT0iIiBDb3JyZWxhdGlvbkJpbmRpbmc9IiIgVXJsRW5jb2RlPSJUcnVlIiAvPg0KICAgICAgICA8Rm9ybVBvc3RQYXJhbWV0ZXIgTmFtZT0iTVNPTGF5b3V0X0luRGVzaWduTW9kZSIgVmFsdWU9Int7JEhJRERFTjIuTVNPTGF5b3V0X0luRGVzaWduTW9kZX19IiBSZWNvcmRlZFZhbHVlPSIiIENvcnJlbGF0aW9uQmluZGluZz0iIiBVcmxFbmNvZGU9IlRydWUiIC8+DQogICAgICAgIDxGb3JtUG9zdFBhcmFtZXRlciBOYW1lPSJfd3BTZWxlY3RlZCIgVmFsdWU9Int7JEhJRERFTjIuX3dwU2VsZWN0ZWR9fSIgUmVjb3JkZWRWYWx1ZT0iTVNPWm9uZUNlbGxfV2ViUGFydFdQUTIiIENvcnJlbGF0aW9uQmluZGluZz0iIiBVcmxFbmNvZGU9IlRydWUiIC8+DQogICAgICAgIDxGb3JtUG9zdFBhcmFtZXRlciBOYW1lPSJfd3pTZWxlY3RlZCIgVmFsdWU9Int7JEhJRERFTjIuX3d6U2VsZWN0ZWR9fSIgUmVjb3JkZWRWYWx1ZT0iIiBDb3JyZWxhdGlvbkJpbmRpbmc9IiIgVXJsRW5jb2RlPSJUcnVlIiAvPg0KICAgICAgICA8Rm9ybVBvc3RQYXJhbWV0ZXIgTmFtZT0iTVNPU1BXZWJQYXJ0TWFuYWdlcl9PbGREaXNwbGF5TW9kZU5hbWUiIFZhbHVlPSJ7eyRISURERU4yLk1TT1NQV2ViUGFydE1hbmFnZXJfT2xkRGlzcGxheU1vZGVOYW1lfX0iIFJlY29yZGVkVmFsdWU9IkJyb3dzZSIgQ29ycmVsYXRpb25CaW5kaW5nPSIiIFVybEVuY29kZT0iVHJ1ZSIgLz4NCiAgICAgICAgPEZvcm1Qb3N0UGFyYW1ldGVyIE5hbWU9Ik1TT1NQV2ViUGFydE1hbmFnZXJfU3RhcnRXZWJQYXJ0RWRpdGluZ05hbWUiIFZhbHVlPSJ7eyRISURERU4yLk1TT1NQV2ViUGFydE1hbmFnZXJfU3RhcnRXZWJQYXJ0RWRpdGluZ05hbWV9fSIgUmVjb3JkZWRWYWx1ZT0iZmFsc2UiIENvcnJlbGF0aW9uQmluZGluZz0iIiBVcmxFbmNvZGU9IlRydWUiIC8+DQogICAgICAgIDxGb3JtUG9zdFBhcmFtZXRlciBOYW1lPSJNU09TUFdlYlBhcnRNYW5hZ2VyX0VuZFdlYlBhcnRFZGl0aW5nIiBWYWx1ZT0ie3skSElEREVOMi5NU09TUFdlYlBhcnRNYW5hZ2VyX0VuZFdlYlBhcnRFZGl0aW5nfX0iIFJlY29yZGVkVmFsdWU9ImZhbHNlIiBDb3JyZWxhdGlvbkJpbmRpbmc9IiIgVXJsRW5jb2RlPSJUcnVlIiAvPg0KICAgICAgICA8Rm9ybVBvc3RQYXJhbWV0ZXIgTmFtZT0iX21haW50YWluV29ya3NwYWNlU2Nyb2xsUG9zaXRpb24iIFZhbHVlPSJ7eyRISURERU4yLl9tYWludGFpbldvcmtzcGFjZVNjcm9sbFBvc2l0aW9ufX0iIFJlY29yZGVkVmFsdWU9IjAiIENvcnJlbGF0aW9uQmluZGluZz0iIiBVcmxFbmNvZGU9IlRydWUiIC8+DQogICAgICAgIDxGb3JtUG9zdFBhcmFtZXRlciBOYW1lPSJfX1ZJRVdTVEFURSIgVmFsdWU9Int7JEhJRERFTjIuX19WSUVXU1RBVEV9fSIgUmVjb3JkZWRWYWx1ZT0iL3dFUER3VUtMVGszTnpJd016STNOUTlrRmdKbUQyUVdBZ0lCRHhZQ0hnVmpiR0Z6Y3dVSmJYTXRaR2xoYkc5bkZnUUNBUTlrRmdJQ0dROWtGZ0lDQXc5a0ZnSUNBUTlrRmdKbUR4UXJBQVprQlM1b2RIUndjem92TDNOd0xtVjRZMlZzYzNWd2NHOXlkQzV2Y21jNk5EUXpMMjE1TDFCbGNuTnZiaTVoYzNCNEJTTm9kSFJ3Y3pvdkwzTndMbVY0WTJWc2MzVndjRzl5ZEM1dmNtYzZORFF6TDIxNUx3VWZMMEZ3Y0hNd01DOWZiR0Y1YjNWMGN5OHhOUzl0ZVhOMVluTXVZWE53ZUFXZ0FpOUJjSEJ6TURBdlgyeGhlVzkxZEhNdk1UVXZjbVZuYVc5dVlXeHpaWFJ1Wnk1aGMzQjRQM1I1Y0dVOWRYTmxjaVp6YjNWeVkyVTlhSFIwY0hNbE0wRWxNa1lsTWtaemNDVXlSV052Y21ScGMzTnZiSFYwYVc5dWN5VXlSV052YlNVeVJrRndjSE13TUNVeVJsTm9ZWEpsWkNVeU1FUnZZM1Z0Wlc1MGN5VXlSa1p2Y20xekpUSkdSV1JwZEVadmNtMGxNa1ZoYzNCNEpUTkdUVzlrWlNVelJGVndiRzloWkNVeU5tRnRjQ1V6UWtOb1pXTnJTVzVEYjIxdFpXNTBKVE5FSlRJMllXMXdKVE5DU1VRbE0wUXpORFUxSlRJMllXMXdKVE5DVW05dmRFWnZiR1JsY2lVelJDVXlOVEpHUVhCd2N6QXdKVEkxTWtaVGFHRnlaV1FsTWpVeU1FUnZZM1Z0Wlc1MGN5VXlObUZ0Y0NVelFrbHpSR3huSlRORU1RWDBBbWgwZEhCek9pOHZjM0F1WlhoalpXeHpkWEJ3YjNKMExtOXlaem8wTkRNdmJYa3ZYMnhoZVc5MWRITXZNVFV2UldScGRGQnliMlpwYkdVdVlYTndlRDlWYzJWeVUyVjBkR2x1WjNOUWNtOTJhV1JsY2oweU16UmlaakJsWkNVeVJEY3daR0lsTWtRME1UVTRKVEpFWVRNek1pVXlSRFJrWm1RMk9ETmlOREUwT0NaU1pYUjFjbTVWY213OWFIUjBjSE1sTTBFbE1rWWxNa1p6Y0NVeVJXTnZjbVJwYzNOdmJIVjBhVzl1Y3lVeVJXTnZiU1V5UmtGd2NITXdNQ1V5UmxOb1lYSmxaQ1V5TUVSdlkzVnRaVzUwY3lVeVJrWnZjbTF6SlRKR1JXUnBkRVp2Y20wbE1rVmhjM0I0SlROR1RXOWtaU1V6UkZWd2JHOWhaQ1V5Tm1GdGNDVXpRa05vWldOclNXNURiMjF0Wlc1MEpUTkVKVEkyWVcxd0pUTkNTVVFsTTBRek5EVTFKVEkyWVcxd0pUTkNVbTl2ZEVadmJHUmxjaVV6UkNVeU5USkdRWEJ3Y3pBd0pUSTFNa1pUYUdGeVpXUWxNalV5TUVSdlkzVnRaVzUwY3lVeU5tRnRjQ1V6UWtselJHeG5KVE5FTVdRQ0J3OWtGZ1lDQVE5a0ZnSUNBUTlrRmdJRkptZGZNVEV5Tm1Jd1pqaGZaVFZsTmw4ME1qYzNYMkpoWVRaZk5ESXpaR0V3WW1KaE5EYzNEMlFXQW1ZUFpCWUdBZ01QWkJZQ0FnRVBaQllFQWdFUFpCWUNaZzlrRmdJQ0F3OFBGZ1llQkZSbGVIUUZCRk5oZG1VZURVOXVRMnhwWlc1MFEyeHBZMnNGYkdsbUlDZ2hVSEpsVTJGMlpVbDBaVzBvS1NrZ2NtVjBkWEp1SUdaaGJITmxPMmxtSUNoVFVFTnNhV1Z1ZEVadmNtMXpMa05zYVdWdWRFWnZjbTFOWVc1aFoyVnlMbE4xWW0xcGRFTnNhV1Z1ZEVadmNtMG9KMWRRVVRJbktTa2djbVYwZFhKdUlHWmhiSE5sT3g0SVZHRmlTVzVrWlhnQkFBQmtaQUlERDJRV0FtWVBaQllDQWdNUER4WUdIZ2xCWTJObGMzTkxaWGtGQVVNZkFRVUdRMkZ1WTJWc0h3SUZUSE5sZEZScGJXVnZkWFFvWm5WdVkzUnBiMjRvS1h0M2FXNWtiM2N1Wm5KaGJXVkZiR1Z0Wlc1MExtTmhibU5sYkZCdmNGVndLQ2s3ZlN3Z01DazdJSEpsZEhWeWJpQm1ZV3h6WlR0a1pBSUZEMlFXQW1ZUFpCWUNBZ01QWkJZQ1pnOWtGZ0lDQVE4UEZnNGZBUVVMUkdWc1pYUmxJRWwwWlcwZUNFbHRZV2RsVlhKc0JSOHZYMnhoZVc5MWRITXZNVFV2YVcxaFoyVnpMMlJsYkdsMFpXMHVaMmxtSHdRRkFWZ2VFVkJsY20xcGMzTnBiMjVEYjI1MFpYaDBDeW1LQVUxcFkzSnZjMjltZEM1VGFHRnlaVkJ2YVc1MExsVjBhV3hwZEdsbGN5NVFaWEp0YVhOemFXOXVRMjl1ZEdWNGRDd2dUV2xqY205emIyWjBMbE5vWVhKbFVHOXBiblFzSUZabGNuTnBiMjQ5TVRZdU1DNHdMakFzSUVOMWJIUjFjbVU5Ym1WMWRISmhiQ3dnVUhWaWJHbGpTMlY1Vkc5clpXNDlOekZsT1dKalpURXhNV1U1TkRJNVl3SWVDMUJsY20xcGMzTnBiMjV6S0NtQUFVMXBZM0p2YzI5bWRDNVRhR0Z5WlZCdmFXNTBMbE5RUW1GelpWQmxjbTFwYzNOcGIyNXpMQ0JOYVdOeWIzTnZablF1VTJoaGNtVlFiMmx1ZEN3Z1ZtVnljMmx2YmoweE5pNHdMakF1TUN3Z1EzVnNkSFZ5WlQxdVpYVjBjbUZzTENCUWRXSnNhV05MWlhsVWIydGxiajAzTVdVNVltTmxNVEV4WlRrME1qbGpEMFJsYkdWMFpVeHBjM1JKZEdWdGN4OENCU0J5WlhSMWNtNGdSR1ZzWlhSbFNYUmxiVU52Ym1acGNtMWhkR2x2YmlncE94NG9RMnhwWlc1MFQyNURiR2xqYTFOamNtbHdkRU52Ym5SaGFXNXBibWRRY21WbWFYaGxaRlZ5YkdSa1pBSUhEMlFXQW1ZUFpCWUlBZ01QWkJZQ1pnOWtGZ1FDQXc4UUQyUVdBaDRJYjI1amFHRnVaMlVGa0FGcVlYWmhjMk55YVhCME9rTm9ZVzVuWlVOdmJuUmxiblJVZVhCbEtDSmpkR3d3TUY5amRHdzBNMTluWHpFeE1qWmlNR1k0WDJVMVpUWmZOREkzTjE5aVlXRTJYelF5TTJSaE1HSmlZVFEzTjE5amRHd3dNRjlqZEd3d01sOWpkR3d3TUY5amRHd3dNVjlqZEd3d01GOURiMjUwWlc1MFZIbHdaVU5vYjJsalpTSXBPM0psZEhWeWJpQm1ZV3h6WlRzUEZnSm1BZ0VXQWhBRkQwTnZjbVJwY3lCRWIyTjFiV1Z1ZEFWS01IZ3dNVEF4TURCRE9EVXlSRVV6TWpJNE5ESTJSVFE0T1VFelFVWkVNMFpGUVRKR05ERXhNVEF3UlRrM04wUTROMFE1UmpReE5UWTBOVGhCTkRCRlEwUkdRMEUxUTBJM01FRm5FQVVaUTI5eVpHbHpJRXhwYm1zZ2RHOGdZU0JFYjJOMWJXVnVkQVVxTUhnd01UQXhNRUV3TURnMk16VkZRamxCTXpWRFFqWkJORGM0TlRZMU5VSkdRekE1UWtZNFJEYzRaMlJrQWdVUER4WUdId0ZsSGdoRGMzTkRiR0Z6Y3dVTGJYTXRiV1YwWVdSaGRHRWVCRjhoVTBJQ0FtUmtBZ1VQWkJZQ1pnOWtGZ0lDQVE5a0ZneG1EMlFXQWdJQkQyUVdBbVlQWkJZQ0Fna1BGZ0llRTFCeVpYWnBiM1Z6UTI5dWRISnZiRTF2WkdVTEtZZ0JUV2xqY205emIyWjBMbE5vWVhKbFVHOXBiblF1VjJWaVEyOXVkSEp2YkhNdVUxQkRiMjUwY205c1RXOWtaU3dnVFdsamNtOXpiMlowTGxOb1lYSmxVRzlwYm5Rc0lGWmxjbk5wYjI0OU1UWXVNQzR3TGpBc0lFTjFiSFIxY21VOWJtVjFkSEpoYkN3Z1VIVmliR2xqUzJWNVZHOXJaVzQ5TnpGbE9XSmpaVEV4TVdVNU5ESTVZd0prQWdFUFpCWUNBZ0VQWkJZQ1pnOWtGZ0lDQ1E4V0FoOE1DeXNHQW1RQ0FnOWtGZ0lDQVE5a0ZnSm1EMlFXQWdJSkR4WUNId3dMS3dZQ1pBSUREMlFXQWdJQkQyUVdBbVlQWkJZQ0Fna1BGZ0lmREFzckJnSmtBZ1FQWkJZQ0FnRVBaQllDWmc5a0ZnSUNDUThXQWg4TUN5c0dBbVFDQlE5a0ZnSUNBUTlrRmdKbUQyUVdBZ0lKRHhZQ0h3d0xLd1lDWkFJSEQyUVdBbVlQWkJZRUFnTVBGZ0lmREFzckJnRVdBbVlQRmdJZkRBc3JCZ0ZrQWdVUEZnSWZEQXNyQmdFV0FtWVBGZ0lmREFzckJnRmtBaEVQWkJZRVpnOWtGZ0lDQVE5a0ZnSm1EMlFXQmdJRER4WUNId3dMS3dZQlpBSUZEMlFXQkFJQkR4WUNId3dMS3dZQlpBSUREeFlDSHd3TEt3WUJaQUlIRDJRV0JBSUJEeFlDSHd3TEt3WUJaQUlERHhZQ0h3d0xLd1lCWkFJQkQyUVdCQUlCRDJRV0FtWVBaQllDQWdNUER4WUdId0VGQkZOaGRtVWZBZ1ZzYVdZZ0tDRlFjbVZUWVhabFNYUmxiU2dwS1NCeVpYUjFjbTRnWm1Gc2MyVTdhV1lnS0ZOUVEyeHBaVzUwUm05eWJYTXVRMnhwWlc1MFJtOXliVTFoYm1GblpYSXVVM1ZpYldsMFEyeHBaVzUwUm05eWJTZ25WMUJSTWljcEtTQnlaWFIxY200Z1ptRnNjMlU3SHdNQkFBQmtaQUlERDJRV0FtWVBaQllDQWdNUER4WUdId1FGQVVNZkFRVUdRMkZ1WTJWc0h3SUZUSE5sZEZScGJXVnZkWFFvWm5WdVkzUnBiMjRvS1h0M2FXNWtiM2N1Wm5KaGJXVkZiR1Z0Wlc1MExtTmhibU5sYkZCdmNGVndLQ2s3ZlN3Z01DazdJSEpsZEhWeWJpQm1ZV3h6WlR0a1pBSUZEMlFXQWdJQ0QyUVdCQUlCRDJRV0FnSUREMlFXQW1ZUFpCWUVBZ01QWkJZSUFnRVBGZ1llRTBOc2FXVnVkRTl1UTJ4cFkydFRZM0pwY0hRRmVVVnVjM1Z5WlZOamNtbHdkRVoxYm1Nb0ozTm9ZWEpwYm1jdWFuTW5MQ0FuUkdsemNHeGhlVk5vWVhKbFpGZHBkR2hFYVdGc2IyY25MQ0JtZFc1amRHbHZiaUFvS1NCN0lFUnBjM0JzWVhsVGFHRnlaV1JYYVhSb1JHbGhiRzluS0NkY2RUQXdNbVpCY0hCek1EQmNkVEF3TW1ZbktUc2dmU2tmQ0FWNVJXNXpkWEpsVTJOeWFYQjBSblZ1WXlnbmMyaGhjbWx1Wnk1cWN5Y3NJQ2RFYVhOd2JHRjVVMmhoY21Wa1YybDBhRVJwWVd4dlp5Y3NJR1oxYm1OMGFXOXVJQ2dwSUhzZ1JHbHpjR3hoZVZOb1lYSmxaRmRwZEdoRWFXRnNiMmNvSjF4MU1EQXlaa0Z3Y0hNd01GeDFNREF5WmljcE95QjlLUjRZUTJ4cFpXNTBUMjVEYkdsamEwNWhkbWxuWVhSbFZYSnNaR1FDQlE4V0FoNEhWbWx6YVdKc1pXaGtBZ3NQRmdJZkQyaGtBaElQWkJZQ1pnOFBGZ1llSEZCeVpYWnBiM1Z6UVhWMGFHOXlhVzVuU1hSbGJWWmxjbk5wYjI0RkFURWVHbEJ5WlhacGIzVnpRWFYwYUc5eWFXNW5TWFJsYlU5M2JtVnlCUVF6TkRVMUhoeFFjbVYyYVc5MWMwRjFkR2h2Y21sdVowTnZiblJ5YjJ4TmIyUmxDeXNHQW1Sa0FnUVBEeFlDSHdRRkFTOWtaQUlERDJRV0FnSUJEMlFXQWdJQkQyUVdCZ0lCRHc4V0JCOExBZ0lmQ2dVWGJYTXRjSEp2Ylc5MFpXUkJZM1JwYjI1Q2RYUjBiMjVrWkFJREQyUVdBbVlQRHhZRUh3c0NBaDhLQlJkdGN5MXdjbTl0YjNSbFpFRmpkR2x2YmtKMWRIUnZibVJrQWdVUER4WUdId29GRjIxekxYQnliMjF2ZEdWa1FXTjBhVzl1UW5WMGRHOXVId3NDQWg4UGFHUmtBaE1QWkJZQ0FnRVBaQllDQWcwUER4WUNIdzlvWkJZQ0FnRVBaQllDWmc5a0ZnSUNBdzlrRmdJQ0JROWtGZ0lDQVE4OEt3QUpBUUFQRmdRZURWQmhkR2hUWlhCaGNtRjBiM0lFQ0I0TlRtVjJaWEpGZUhCaGJtUmxaR2RrWkJnQkJSZGpkR3d3TUNSVWIzQk9ZWFpwWjJGMGFXOXVUV1Z1ZFE4UFpBVVVTRzl0WlZ4QmNIQnpJQ1lnVUhKdlpIVmpkSE5reEhsc1Brc0VKamhKN1pIY2ZHSUtJenBBSThIT2s4a1M4UDdFSFNRQ3R4QT0iIENvcnJlbGF0aW9uQmluZGluZz0iIiBVcmxFbmNvZGU9IlRydWUiIC8+DQogICAgICAgIDxGb3JtUG9zdFBhcmFtZXRlciBOYW1lPSJfX1ZJRVdTVEFURUdFTkVSQVRPUiIgVmFsdWU9Int7JEhJRERFTjIuX19WSUVXU1RBVEVHRU5FUkFUT1J9fSIgUmVjb3JkZWRWYWx1ZT0iMkRCMTU1QTMiIENvcnJlbGF0aW9uQmluZGluZz0iIiBVcmxFbmNvZGU9IlRydWUiIC8+DQogICAgICAgIDxGb3JtUG9zdFBhcmFtZXRlciBOYW1lPSJfX1NDUk9MTFBPU0lUSU9OWCIgVmFsdWU9Int7JEhJRERFTjIuX19TQ1JPTExQT1NJVElPTlh9fSIgUmVjb3JkZWRWYWx1ZT0iMCIgQ29ycmVsYXRpb25CaW5kaW5nPSIiIFVybEVuY29kZT0iVHJ1ZSIgLz4NCiAgICAgICAgPEZvcm1Qb3N0UGFyYW1ldGVyIE5hbWU9Il9fU0NST0xMUE9TSVRJT05ZIiBWYWx1ZT0ie3skSElEREVOMi5fX1NDUk9MTFBPU0lUSU9OWX19IiBSZWNvcmRlZFZhbHVlPSIwIiBDb3JyZWxhdGlvbkJpbmRpbmc9IiIgVXJsRW5jb2RlPSJUcnVlIiAvPg0KICAgICAgICA8Rm9ybVBvc3RQYXJhbWV0ZXIgTmFtZT0iX19FVkVOVFZBTElEQVRJT04iIFZhbHVlPSJ7eyRISURERU4yLl9fRVZFTlRWQUxJREFUSU9OfX0iIFJlY29yZGVkVmFsdWU9Ii93RWRBQW9KdTJLc0ZRQ3dHZHVRdnFuaEdnL0hMbVh5WXdBK09mRmFHNUEybHo4bkNMVWdGTHBuS09qdkJBVTJ0WG53RDB6Y0d4L0NsbWtORGtDNmJJNlpqekdGNFk3UHhhUTd2SjRjK3lpSEFMMWNCQStwU043MmV1Z1ZTb3ZKNkdGeXFMZzRnWU9ldEovWlpNQ0Z3YXdxd2VRZU5SMjI0UFVGb0IwNzhjUkMvRHREZkxhY1dUVVduY2ZlcTFYWUUxdEE4OEVtcTFyQ1pUeFhTVndmVmVuYm9kdzg2U2xLV1l2ZVBJZTNDVmhaaXU4NDVOUzhKOUxGREFvT0dSUFk4aVNFRmd3PSIgQ29ycmVsYXRpb25CaW5kaW5nPSIiIFVybEVuY29kZT0iVHJ1ZSIgLz4NCiAgICAgICAgPEZvcm1Qb3N0UGFyYW1ldGVyIE5hbWU9ImN0bDAwJGN0bDQ0JGN0bDA0IiBWYWx1ZT0iUmliYm9uLkRvY0xpYkxpc3RGb3JtLkVkaXQiIFJlY29yZGVkVmFsdWU9IlJpYmJvbi5Eb2NMaWJMaXN0Rm9ybS5FZGl0IiBDb3JyZWxhdGlvbkJpbmRpbmc9Int7Rm9ybVBvc3RQYXJhbTMuY3RsMDAkY3RsNDQkY3RsMDR9fSIgVXJsRW5jb2RlPSJUcnVlIiAvPg0KICAgICAgICA8Rm9ybVBvc3RQYXJhbWV0ZXIgTmFtZT0iY3RsMDAkY3RsNDMkZ18xMTI2YjBmOF9lNWU2XzQyNzdfYmFhNl80MjNkYTBiYmE0NzckY3RsMDAkY3RsMDIkY3RsMDAkY3RsMDEkY3RsMDAkQ29udGVudFR5cGVDaG9pY2UiIFZhbHVlPSIweDAxMDEwMEM4NTJERTMyMjg0MjZFNDg5QTNBRkQzRkVBMkY0MTExMDBFOTc3RDg3RDlGNDE1NjQ1OEE0MEVDREZDQTVDQjcwQSIgUmVjb3JkZWRWYWx1ZT0iMHgwMTAxMDBDODUyREUzMjI4NDI2RTQ4OUEzQUZEM0ZFQTJGNDExMTAwRTk3N0Q4N0Q5RjQxNTY0NThBNDBFQ0RGQ0E1Q0I3MEEiIENvcnJlbGF0aW9uQmluZGluZz0ie3tGb3JtUG9zdFBhcmFtNC5jdGwwMCRjdGw0MyRnXzExMjZiMGY4X2U1ZTZfNDI3N19iYWE2XzQyM2RhMGJiYTQ3NyRjdGwwMCRjdGwwMiRjdGwwMCRjdGwwMSRjdGwwMCRDb250ZW50VHlwZUNob2ljZX19IiBVcmxFbmNvZGU9IlRydWUiIC8+DQogICAgICAgIDxGb3JtUG9zdFBhcmFtZXRlciBOYW1lPSJTdGF0dXNfMWRhYjliNDgtMmQxYS00N2IzLTg3OGMtOGU4NGYwZDIxMWJhX1JhZGlvIiBWYWx1ZT0iRHJvcERvd25CdXR0b24iIFJlY29yZGVkVmFsdWU9IkRyb3BEb3duQnV0dG9uIiBDb3JyZWxhdGlvbkJpbmRpbmc9IiIgVXJsRW5jb2RlPSJUcnVlIiAvPg0KICAgICAgICA8Rm9ybVBvc3RQYXJhbWV0ZXIgTmFtZT0iY3RsMDAkY3RsNDMkZ18xMTI2YjBmOF9lNWU2XzQyNzdfYmFhNl80MjNkYTBiYmE0NzckY3RsMDAkY3RsMDIkY3RsMDAkY3RsMDYkY3RsMDAkb3dzaGlkZGVudmVyc2lvbiIgVmFsdWU9Int7JEhJRERFTjIuY3RsMDAkY3RsNDMkZ18xMTI2YjBmOF9lNWU2XzQyNzdfYmFhNl80MjNkYTBiYmE0NzckY3RsMDAkY3RsMDIkY3RsMDAkY3RsMDYkY3RsMDAkb3dzaGlkZGVudmVyc2lvbn19IiBSZWNvcmRlZFZhbHVlPSIxIiBDb3JyZWxhdGlvbkJpbmRpbmc9IiIgVXJsRW5jb2RlPSJUcnVlIiAvPg0KICAgICAgICA8Rm9ybVBvc3RQYXJhbWV0ZXIgTmFtZT0iQ2xpZW50Rm9ybVBvc3RCYWNrVmFsdWVfZWQyODE5MmEtM2I2Ny00M2Q4LWJhOGEtZGNjYTNhY2U3ZDBiX0ZpbGVMZWFmUmVmIiBWYWx1ZT0iRmlsZSBmb3IgdGhlIHZlcnNpb24gMS54bHN4IiBSZWNvcmRlZFZhbHVlPSJGaWxlIGZvciB0aGUgdmVyc2lvbiAxLnhsc3giIENvcnJlbGF0aW9uQmluZGluZz0ie3tGb3JtUG9zdFBhcmFtNS5DbGllbnRGb3JtUG9zdEJhY2tWYWx1ZV9lZDI4MTkyYS0zYjY3LTQzZDgtYmE4YS1kY2NhM2FjZTdkMGJfRmlsZUxlYWZSZWZ9fSIgVXJsRW5jb2RlPSJUcnVlIiAvPg0KICAgICAgICA8Rm9ybVBvc3RQYXJhbWV0ZXIgTmFtZT0iQ2xpZW50Rm9ybVBvc3RCYWNrVmFsdWVfZWQyODE5MmEtM2I2Ny00M2Q4LWJhOGEtZGNjYTNhY2U3ZDBiX1RpdGxlIiBWYWx1ZT0iQ29yZGlzIG15Rmlkb2MgRW5nbGlzaCBUZW1wbGF0ZSIgUmVjb3JkZWRWYWx1ZT0iQ29yZGlzIG15Rmlkb2MgRW5nbGlzaCBUZW1wbGF0ZSIgQ29ycmVsYXRpb25CaW5kaW5nPSJ7e0Zvcm1Qb3N0UGFyYW02LkNsaWVudEZvcm1Qb3N0QmFja1ZhbHVlX2VkMjgxOTJhLTNiNjctNDNkOC1iYThhLWRjY2EzYWNlN2QwYl9UaXRsZX19IiBVcmxFbmNvZGU9IlRydWUiIC8+DQogICAgICAgIDxGb3JtUG9zdFBhcmFtZXRlciBOYW1lPSJDbGllbnRGb3JtUG9zdEJhY2tWYWx1ZV9lZDI4MTkyYS0zYjY3LTQzZDgtYmE4YS1kY2NhM2FjZTdkMGJfQXBwbGljYXRpb24iIFZhbHVlPSIiIFJlY29yZGVkVmFsdWU9IiIgQ29ycmVsYXRpb25CaW5kaW5nPSIiIFVybEVuY29kZT0iVHJ1ZSIgLz4NCiAgICAgICAgPEZvcm1Qb3N0UGFyYW1ldGVyIE5hbWU9IkNsaWVudEZvcm1Qb3N0QmFja1ZhbHVlX2VkMjgxOTJhLTNiNjctNDNkOC1iYThhLWRjY2EzYWNlN2QwYl9BcHBzX3gwMDIwX0NvbnRlbnRfeDAwMjBfVHlwZSIgVmFsdWU9IiIgUmVjb3JkZWRWYWx1ZT0iIiBDb3JyZWxhdGlvbkJpbmRpbmc9IiIgVXJsRW5jb2RlPSJUcnVlIiAvPg0KICAgICAgICA8Rm9ybVBvc3RQYXJhbWV0ZXIgTmFtZT0iQ2xpZW50Rm9ybVBvc3RCYWNrVmFsdWVfZWQyODE5MmEtM2I2Ny00M2Q4LWJhOGEtZGNjYTNhY2U3ZDBiX1N0YXR1cyIgVmFsdWU9IkRyYWZ0IiBSZWNvcmRlZFZhbHVlPSJEcmFmdCIgQ29ycmVsYXRpb25CaW5kaW5nPSJ7e0Zvcm1Qb3N0UGFyYW03LkNsaWVudEZvcm1Qb3N0QmFja1ZhbHVlX2VkMjgxOTJhLTNiNjctNDNkOC1iYThhLWRjY2EzYWNlN2QwYl9TdGF0dXN9fSIgVXJsRW5jb2RlPSJUcnVlIiAvPg0KICAgICAgICA8Rm9ybVBvc3RQYXJhbWV0ZXIgTmFtZT0iQ2xpZW50Rm9ybVBvc3RCYWNrVmFsdWVfZWQyODE5MmEtM2I2Ny00M2Q4LWJhOGEtZGNjYTNhY2U3ZDBiX0Nvbl9UZWNoIiBWYWx1ZT0iIiBSZWNvcmRlZFZhbHVlPSIiIENvcnJlbGF0aW9uQmluZGluZz0iIiBVcmxFbmNvZGU9IlRydWUiIC8+DQogICAgICAgIDxGb3JtUG9zdFBhcmFtZXRlciBOYW1lPSJDbGllbnRGb3JtUG9zdEJhY2tWYWx1ZV9lZDI4MTkyYS0zYjY3LTQzZDgtYmE4YS1kY2NhM2FjZTdkMGJfb3dzaGlkZGVudmVyc2lvbiIgVmFsdWU9IjEiIFJlY29yZGVkVmFsdWU9IjEiIENvcnJlbGF0aW9uQmluZGluZz0ie3tGb3JtUG9zdFBhcmFtOC5DbGllbnRGb3JtUG9zdEJhY2tWYWx1ZV9lZDI4MTkyYS0zYjY3LTQzZDgtYmE4YS1kY2NhM2FjZTdkMGJfb3dzaGlkZGVudmVyc2lvbn19IiBVcmxFbmNvZGU9IlRydWUiIC8+DQogICAgICAgIDxGb3JtUG9zdFBhcmFtZXRlciBOYW1lPSJDbGllbnRGb3JtUG9zdEJhY2tWYWx1ZV9lZDI4MTkyYS0zYjY3LTQzZDgtYmE4YS1kY2NhM2FjZTdkMGJfU3VibWl0Q2xpZW50Rm9ybSIgVmFsdWU9InRydWUiIFJlY29yZGVkVmFsdWU9InRydWUiIENvcnJlbGF0aW9uQmluZGluZz0ie3tGb3JtUG9zdFBhcmFtOS5DbGllbnRGb3JtUG9zdEJhY2tWYWx1ZV9lZDI4MTkyYS0zYjY3LTQzZDgtYmE4YS1kY2NhM2FjZTdkMGJfU3VibWl0Q2xpZW50Rm9ybX19IiBVcmxFbmNvZGU9IlRydWUiIC8+DQogICAgICA8L0Zvcm1Qb3N0SHR0cEJvZHk+DQogICAgPC9SZXF1ZXN0Pg0KICAgIDxSZXF1ZXN0IE1ldGhvZD0iUE9TVCIgR3VpZD0iMTU3N2E3ZGEtNTBkYS00OTAzLWI0MjItY2ZhYmUwNWExMjAzIiBWZXJzaW9uPSIxLjEiIFVybD0iaHR0cHM6Ly9zcC5jb3JkaXNzb2x1dGlvbnMuY29tL0FwcHMwMC9TaGFyZWQlMjBEb2N1bWVudHMvRm9ybXMvRWRpdEZvcm0uYXNweCIgVGhpbmtUaW1lPSIwIiBUaW1lb3V0PSIzMDAiIFBhcnNlRGVwZW5kZW50UmVxdWVzdHM9IlRydWUiIEZvbGxvd1JlZGlyZWN0cz0iVHJ1ZSIgUmVjb3JkUmVzdWx0PSJUcnVlIiBDYWNoZT0iRmFsc2UiIFJlc3BvbnNlVGltZUdvYWw9IjAiIEVuY29kaW5nPSJ1dGYtOCIgRXhwZWN0ZWRIdHRwU3RhdHVzQ29kZT0iMCIgRXhwZWN0ZWRSZXNwb25zZVVybD0iIiBSZXBvcnRpbmdOYW1lPSIiIElnbm9yZUh0dHBTdGF0dXNDb2RlPSJGYWxzZSI+DQogICAgICA8SGVhZGVycz4NCiAgICAgICAgPEhlYWRlciBOYW1lPSJSZWZlcmVyIiBWYWx1ZT0iaHR0cHM6Ly9zcC5jb3JkaXNzb2x1dGlvbnMuY29tL0FwcHMwMC9TaGFyZWQlMjBEb2N1bWVudHMvRm9ybXMvRWRpdEZvcm0uYXNweD9Nb2RlPVVwbG9hZCZhbXA7Q2hlY2tJbkNvbW1lbnQ9JmFtcDtJRD0zNDU1JmFtcDtSb290Rm9sZGVyPSUyRkFwcHMwMCUyRlNoYXJlZCUyMERvY3VtZW50cyZhbXA7SXNEbGc9MSIgLz4NCiAgICAgIDwvSGVhZGVycz4NCiAgICAgIDxRdWVyeVN0cmluZ1BhcmFtZXRlcnM+DQogICAgICAgIDxRdWVyeVN0cmluZ1BhcmFtZXRlciBOYW1lPSJNb2RlIiBWYWx1ZT0iVXBsb2FkIiBSZWNvcmRlZFZhbHVlPSJVcGxvYWQiIENvcnJlbGF0aW9uQmluZGluZz0ie3tRdWVyeVN0cmluZ1BhcmFtMTUyLk1vZGV9fSIgVXJsRW5jb2RlPSJGYWxzZSIgVXNlVG9Hcm91cFJlc3VsdHM9IkZhbHNlIiAvPg0KICAgICAgICA8UXVlcnlTdHJpbmdQYXJhbWV0ZXIgTmFtZT0iQ2hlY2tJbkNvbW1lbnQiIFZhbHVlPSIiIFJlY29yZGVkVmFsdWU9IiIgQ29ycmVsYXRpb25CaW5kaW5nPSIiIFVybEVuY29kZT0iRmFsc2UiIFVzZVRvR3JvdXBSZXN1bHRzPSJGYWxzZSIgLz4NCiAgICAgICAgPFF1ZXJ5U3RyaW5nUGFyYW1ldGVyIE5hbWU9IklEIiBWYWx1ZT0iMzQ1NSIgUmVjb3JkZWRWYWx1ZT0iMzQ1NSIgQ29ycmVsYXRpb25CaW5kaW5nPSJ7e1F1ZXJ5U3RyaW5nUGFyYW0xNTMuSUR9fSIgVXJsRW5jb2RlPSJGYWxzZSIgVXNlVG9Hcm91cFJlc3VsdHM9IkZhbHNlIiAvPg0KICAgICAgICA8UXVlcnlTdHJpbmdQYXJhbWV0ZXIgTmFtZT0iUm9vdEZvbGRlciIgVmFsdWU9Int7UXVlcnlTdHJpbmdQYXJhbTE1NC5Sb290Rm9sZGVyfX0iIFJlY29yZGVkVmFsdWU9IiUyZkFwcHMwMCUyZlNoYXJlZCtEb2N1bWVudHMiIENvcnJlbGF0aW9uQmluZGluZz0ie3tRdWVyeVN0cmluZ1BhcmFtMTU0LlJvb3RGb2xkZXJ9fSIgVXJsRW5jb2RlPSJGYWxzZSIgVXNlVG9Hcm91cFJlc3VsdHM9IkZhbHNlIiAvPg0KICAgICAgICA8UXVlcnlTdHJpbmdQYXJhbWV0ZXIgTmFtZT0iSXNEbGciIFZhbHVlPSJ7e1F1ZXJ5U3RyaW5nUGFyYW0xNTUuSXNEbGd9fSIgUmVjb3JkZWRWYWx1ZT0iMSIgQ29ycmVsYXRpb25CaW5kaW5nPSJ7e1F1ZXJ5U3RyaW5nUGFyYW0xNTUuSXNEbGd9fSIgVXJsRW5jb2RlPSJGYWxzZSIgVXNlVG9Hcm91cFJlc3VsdHM9IkZhbHNlIiAvPg0KICAgICAgPC9RdWVyeVN0cmluZ1BhcmFtZXRlcnM+DQogICAgICA8Rm9ybVBvc3RIdHRwQm9keT4NCiAgICAgICAgPEZvcm1Qb3N0UGFyYW1ldGVyIE5hbWU9Il93cGNtV3BpZCIgVmFsdWU9Int7JEhJRERFTjIuX3dwY21XcGlkfX0iIFJlY29yZGVkVmFsdWU9IiIgQ29ycmVsYXRpb25CaW5kaW5nPSIiIFVybEVuY29kZT0iVHJ1ZSIgLz4NCiAgICAgICAgPEZvcm1Qb3N0UGFyYW1ldGVyIE5hbWU9IndwY21WYWwiIFZhbHVlPSJ7eyRISURERU4yLndwY21WYWx9fSIgUmVjb3JkZWRWYWx1ZT0iIiBDb3JyZWxhdGlvbkJpbmRpbmc9IiIgVXJsRW5jb2RlPSJUcnVlIiAvPg0KICAgICAgICA8Rm9ybVBvc3RQYXJhbWV0ZXIgTmFtZT0iTVNPV2ViUGFydFBhZ2VfUG9zdGJhY2tTb3VyY2UiIFZhbHVlPSJ7eyRISURERU4yLk1TT1dlYlBhcnRQYWdlX1Bvc3RiYWNrU291cmNlfX0iIFJlY29yZGVkVmFsdWU9IiIgQ29ycmVsYXRpb25CaW5kaW5nPSIiIFVybEVuY29kZT0iVHJ1ZSIgLz4NCiAgICAgICAgPEZvcm1Qb3N0UGFyYW1ldGVyIE5hbWU9Ik1TT1RsUG5fU2VsZWN0ZWRXcElkIiBWYWx1ZT0ie3skSElEREVOMi5NU09UbFBuX1NlbGVjdGVkV3BJZH19IiBSZWNvcmRlZFZhbHVlPSIiIENvcnJlbGF0aW9uQmluZGluZz0iIiBVcmxFbmNvZGU9IlRydWUiIC8+DQogICAgICAgIDxGb3JtUG9zdFBhcmFtZXRlciBOYW1lPSJNU09UbFBuX1ZpZXciIFZhbHVlPSJ7eyRISURERU4yLk1TT1RsUG5fVmlld319IiBSZWNvcmRlZFZhbHVlPSIwIiBDb3JyZWxhdGlvbkJpbmRpbmc9IiIgVXJsRW5jb2RlPSJUcnVlIiAvPg0KICAgICAgICA8Rm9ybVBvc3RQYXJhbWV0ZXIgTmFtZT0iTVNPVGxQbl9TaG93U2V0dGluZ3MiIFZhbHVlPSJ7eyRISURERU4yLk1TT1RsUG5fU2hvd1NldHRpbmdzfX0iIFJlY29yZGVkVmFsdWU9IkZhbHNlIiBDb3JyZWxhdGlvbkJpbmRpbmc9IiIgVXJsRW5jb2RlPSJUcnVlIiAvPg0KICAgICAgICA8Rm9ybVBvc3RQYXJhbWV0ZXIgTmFtZT0iTVNPR2FsbGVyeV9TZWxlY3RlZExpYnJhcnkiIFZhbHVlPSJ7eyRISURERU4yLk1TT0dhbGxlcnlfU2VsZWN0ZWRMaWJyYXJ5fX0iIFJlY29yZGVkVmFsdWU9IiIgQ29ycmVsYXRpb25CaW5kaW5nPSIiIFVybEVuY29kZT0iVHJ1ZSIgLz4NCiAgICAgICAgPEZvcm1Qb3N0UGFyYW1ldGVyIE5hbWU9Ik1TT0dhbGxlcnlfRmlsdGVyU3RyaW5nIiBWYWx1ZT0ie3skSElEREVOMi5NU09HYWxsZXJ5X0ZpbHRlclN0cmluZ319IiBSZWNvcmRlZFZhbHVlPSIiIENvcnJlbGF0aW9uQmluZGluZz0iIiBVcmxFbmNvZGU9IlRydWUiIC8+DQogICAgICAgIDxGb3JtUG9zdFBhcmFtZXRlciBOYW1lPSJNU09UbFBuX0J1dHRvbiIgVmFsdWU9Int7JEhJRERFTjIuTVNPVGxQbl9CdXR0b259fSIgUmVjb3JkZWRWYWx1ZT0ibm9uZSIgQ29ycmVsYXRpb25CaW5kaW5nPSIiIFVybEVuY29kZT0iVHJ1ZSIgLz4NCiAgICAgICAgPEZvcm1Qb3N0UGFyYW1ldGVyIE5hbWU9Il9fRVZFTlRUQVJHRVQiIFZhbHVlPSJjdGwwMCRjdGw0MyRnXzExMjZiMGY4X2U1ZTZfNDI3N19iYWE2XzQyM2RhMGJiYTQ3NyRjdGwwMCRjdGwwMiRjdGwwMCR0b29sQmFyVGJsJFJpZ2h0UnB0Q29udHJvbHMkY3RsMDAkY3RsMDAkZGlpZElPU2F2ZUl0ZW0iIFJlY29yZGVkVmFsdWU9ImN0bDAwJGN0bDQzJGdfMTEyNmIwZjhfZTVlNl80Mjc3X2JhYTZfNDIzZGEwYmJhNDc3JGN0bDAwJGN0bDAyJGN0bDAwJHRvb2xCYXJUYmwkUmlnaHRScHRDb250cm9scyRjdGwwMCRjdGwwMCRkaWlkSU9TYXZlSXRlbSIgQ29ycmVsYXRpb25CaW5kaW5nPSJ7e0Zvcm1Qb3N0UGFyYW0yOS5fX0VWRU5UVEFSR0VUfX0iIFVybEVuY29kZT0iVHJ1ZSIgLz4NCiAgICAgICAgPEZvcm1Qb3N0UGFyYW1ldGVyIE5hbWU9Il9fRVZFTlRBUkdVTUVOVCIgVmFsdWU9Int7JEhJRERFTjIuX19FVkVOVEFSR1VNRU5UfX0iIFJlY29yZGVkVmFsdWU9IiIgQ29ycmVsYXRpb25CaW5kaW5nPSIiIFVybEVuY29kZT0iVHJ1ZSIgLz4NCiAgICAgICAgPEZvcm1Qb3N0UGFyYW1ldGVyIE5hbWU9Il9fUkVRVUVTVERJR0VTVCIgVmFsdWU9Int7JEhJRERFTjIuX19SRVFVRVNURElHRVNUfX0iIFJlY29yZGVkVmFsdWU9IjB4RjE3OTRFQkVDMkYwMTlERDQ4MTkxNzFEMjc2MjVGQkI4QkVENTFBMTAzNzhCODBEQThEMDRCNDI4QUE2N0NDNzU3QTY2RDRGMTMzQTk4QzdEMEZBRDEyODNFMTJBRjY0MjFDRTAxREQwNDAxRTA0NjJBODc0MkUzQzVCNURBRkYsMTMgSnVuIDIwMTggMTE6Mzg6MTEgLTAwMDAiIENvcnJlbGF0aW9uQmluZGluZz0iIiBVcmxFbmNvZGU9IlRydWUiIC8+DQogICAgICAgIDxGb3JtUG9zdFBhcmFtZXRlciBOYW1lPSJfTGlzdFNjaGVtYVZlcnNpb25fe2VkMjgxOTJhLTNiNjctNDNkOC1iYThhLWRjY2EzYWNlN2QwYn0iIFZhbHVlPSJ7eyRISURERU4yLl9MaXN0U2NoZW1hVmVyc2lvbl97ZWQyODE5MmEtM2I2Ny00M2Q4LWJhOGEtZGNjYTNhY2U3ZDBifX0iIFJlY29yZGVkVmFsdWU9Ijk1IiBDb3JyZWxhdGlvbkJpbmRpbmc9IiIgVXJsRW5jb2RlPSJUcnVlIiAvPg0KICAgICAgICA8Rm9ybVBvc3RQYXJhbWV0ZXIgTmFtZT0iTVNPU1BXZWJQYXJ0TWFuYWdlcl9EaXNwbGF5TW9kZU5hbWUiIFZhbHVlPSJ7eyRISURERU4yLk1TT1NQV2ViUGFydE1hbmFnZXJfRGlzcGxheU1vZGVOYW1lfX0iIFJlY29yZGVkVmFsdWU9IkJyb3dzZSIgQ29ycmVsYXRpb25CaW5kaW5nPSIiIFVybEVuY29kZT0iVHJ1ZSIgLz4NCiAgICAgICAgPEZvcm1Qb3N0UGFyYW1ldGVyIE5hbWU9Ik1TT1NQV2ViUGFydE1hbmFnZXJfRXhpdGluZ0Rlc2lnbk1vZGUiIFZhbHVlPSJ7eyRISURERU4yLk1TT1NQV2ViUGFydE1hbmFnZXJfRXhpdGluZ0Rlc2lnbk1vZGV9fSIgUmVjb3JkZWRWYWx1ZT0iZmFsc2UiIENvcnJlbGF0aW9uQmluZGluZz0iIiBVcmxFbmNvZGU9IlRydWUiIC8+DQogICAgICAgIDxGb3JtUG9zdFBhcmFtZXRlciBOYW1lPSJNU09XZWJQYXJ0UGFnZV9TaGFyZWQiIFZhbHVlPSJ7eyRISURERU4yLk1TT1dlYlBhcnRQYWdlX1NoYXJlZH19IiBSZWNvcmRlZFZhbHVlPSIiIENvcnJlbGF0aW9uQmluZGluZz0iIiBVcmxFbmNvZGU9IlRydWUiIC8+DQogICAgICAgIDxGb3JtUG9zdFBhcmFtZXRlciBOYW1lPSJNU09MYXlvdXRfTGF5b3V0Q2hhbmdlcyIgVmFsdWU9Int7JEhJRERFTjIuTVNPTGF5b3V0X0xheW91dENoYW5nZXN9fSIgUmVjb3JkZWRWYWx1ZT0iIiBDb3JyZWxhdGlvbkJpbmRpbmc9IiIgVXJsRW5jb2RlPSJUcnVlIiAvPg0KICAgICAgICA8Rm9ybVBvc3RQYXJhbWV0ZXIgTmFtZT0iTVNPTGF5b3V0X0luRGVzaWduTW9kZSIgVmFsdWU9Int7JEhJRERFTjIuTVNPTGF5b3V0X0luRGVzaWduTW9kZX19IiBSZWNvcmRlZFZhbHVlPSIiIENvcnJlbGF0aW9uQmluZGluZz0iIiBVcmxFbmNvZGU9IlRydWUiIC8+DQogICAgICAgIDxGb3JtUG9zdFBhcmFtZXRlciBOYW1lPSJfd3BTZWxlY3RlZCIgVmFsdWU9Int7JEhJRERFTjIuX3dwU2VsZWN0ZWR9fSIgUmVjb3JkZWRWYWx1ZT0iTVNPWm9uZUNlbGxfV2ViUGFydFdQUTIiIENvcnJlbGF0aW9uQmluZGluZz0iIiBVcmxFbmNvZGU9IlRydWUiIC8+DQogICAgICAgIDxGb3JtUG9zdFBhcmFtZXRlciBOYW1lPSJfd3pTZWxlY3RlZCIgVmFsdWU9Int7JEhJRERFTjIuX3d6U2VsZWN0ZWR9fSIgUmVjb3JkZWRWYWx1ZT0iIiBDb3JyZWxhdGlvbkJpbmRpbmc9IiIgVXJsRW5jb2RlPSJUcnVlIiAvPg0KICAgICAgICA8Rm9ybVBvc3RQYXJhbWV0ZXIgTmFtZT0iTVNPU1BXZWJQYXJ0TWFuYWdlcl9PbGREaXNwbGF5TW9kZU5hbWUiIFZhbHVlPSJ7eyRISURERU4yLk1TT1NQV2ViUGFydE1hbmFnZXJfT2xkRGlzcGxheU1vZGVOYW1lfX0iIFJlY29yZGVkVmFsdWU9IkJyb3dzZSIgQ29ycmVsYXRpb25CaW5kaW5nPSIiIFVybEVuY29kZT0iVHJ1ZSIgLz4NCiAgICAgICAgPEZvcm1Qb3N0UGFyYW1ldGVyIE5hbWU9Ik1TT1NQV2ViUGFydE1hbmFnZXJfU3RhcnRXZWJQYXJ0RWRpdGluZ05hbWUiIFZhbHVlPSJ7eyRISURERU4yLk1TT1NQV2ViUGFydE1hbmFnZXJfU3RhcnRXZWJQYXJ0RWRpdGluZ05hbWV9fSIgUmVjb3JkZWRWYWx1ZT0iZmFsc2UiIENvcnJlbGF0aW9uQmluZGluZz0iIiBVcmxFbmNvZGU9IlRydWUiIC8+DQogICAgICAgIDxGb3JtUG9zdFBhcmFtZXRlciBOYW1lPSJNU09TUFdlYlBhcnRNYW5hZ2VyX0VuZFdlYlBhcnRFZGl0aW5nIiBWYWx1ZT0ie3skSElEREVOMi5NU09TUFdlYlBhcnRNYW5hZ2VyX0VuZFdlYlBhcnRFZGl0aW5nfX0iIFJlY29yZGVkVmFsdWU9ImZhbHNlIiBDb3JyZWxhdGlvbkJpbmRpbmc9IiIgVXJsRW5jb2RlPSJUcnVlIiAvPg0KICAgICAgICA8Rm9ybVBvc3RQYXJhbWV0ZXIgTmFtZT0iX21haW50YWluV29ya3NwYWNlU2Nyb2xsUG9zaXRpb24iIFZhbHVlPSJ7eyRISURERU4yLl9tYWludGFpbldvcmtzcGFjZVNjcm9sbFBvc2l0aW9ufX0iIFJlY29yZGVkVmFsdWU9IjAiIENvcnJlbGF0aW9uQmluZGluZz0iIiBVcmxFbmNvZGU9IlRydWUiIC8+DQogICAgICAgIDxGb3JtUG9zdFBhcmFtZXRlciBOYW1lPSJfX1ZJRVdTVEFURSIgVmFsdWU9Int7JEhJRERFTjIuX19WSUVXU1RBVEV9fSIgUmVjb3JkZWRWYWx1ZT0iL3dFUER3VUtMVGszTnpJd016STNOUTlrRmdKbUQyUVdBZ0lCRHhZQ0hnVmpiR0Z6Y3dVSmJYTXRaR2xoYkc5bkZnUUNBUTlrRmdJQ0dROWtGZ0lDQXc5a0ZnSUNBUTlrRmdKbUR4UXJBQVprQlM1b2RIUndjem92TDNOd0xtVjRZMlZzYzNWd2NHOXlkQzV2Y21jNk5EUXpMMjE1TDFCbGNuTnZiaTVoYzNCNEJTTm9kSFJ3Y3pvdkwzTndMbVY0WTJWc2MzVndjRzl5ZEM1dmNtYzZORFF6TDIxNUx3VWZMMEZ3Y0hNd01DOWZiR0Y1YjNWMGN5OHhOUzl0ZVhOMVluTXVZWE53ZUFXZ0FpOUJjSEJ6TURBdlgyeGhlVzkxZEhNdk1UVXZjbVZuYVc5dVlXeHpaWFJ1Wnk1aGMzQjRQM1I1Y0dVOWRYTmxjaVp6YjNWeVkyVTlhSFIwY0hNbE0wRWxNa1lsTWtaemNDVXlSV052Y21ScGMzTnZiSFYwYVc5dWN5VXlSV052YlNVeVJrRndjSE13TUNVeVJsTm9ZWEpsWkNVeU1FUnZZM1Z0Wlc1MGN5VXlSa1p2Y20xekpUSkdSV1JwZEVadmNtMGxNa1ZoYzNCNEpUTkdUVzlrWlNVelJGVndiRzloWkNVeU5tRnRjQ1V6UWtOb1pXTnJTVzVEYjIxdFpXNTBKVE5FSlRJMllXMXdKVE5DU1VRbE0wUXpORFUxSlRJMllXMXdKVE5DVW05dmRFWnZiR1JsY2lVelJDVXlOVEpHUVhCd2N6QXdKVEkxTWtaVGFHRnlaV1FsTWpVeU1FUnZZM1Z0Wlc1MGN5VXlObUZ0Y0NVelFrbHpSR3huSlRORU1RWDBBbWgwZEhCek9pOHZjM0F1WlhoalpXeHpkWEJ3YjNKMExtOXlaem8wTkRNdmJYa3ZYMnhoZVc5MWRITXZNVFV2UldScGRGQnliMlpwYkdVdVlYTndlRDlWYzJWeVUyVjBkR2x1WjNOUWNtOTJhV1JsY2oweU16UmlaakJsWkNVeVJEY3daR0lsTWtRME1UVTRKVEpFWVRNek1pVXlSRFJrWm1RMk9ETmlOREUwT0NaU1pYUjFjbTVWY213OWFIUjBjSE1sTTBFbE1rWWxNa1p6Y0NVeVJXTnZjbVJwYzNOdmJIVjBhVzl1Y3lVeVJXTnZiU1V5UmtGd2NITXdNQ1V5UmxOb1lYSmxaQ1V5TUVSdlkzVnRaVzUwY3lVeVJrWnZjbTF6SlRKR1JXUnBkRVp2Y20wbE1rVmhjM0I0SlROR1RXOWtaU1V6UkZWd2JHOWhaQ1V5Tm1GdGNDVXpRa05vWldOclNXNURiMjF0Wlc1MEpUTkVKVEkyWVcxd0pUTkNTVVFsTTBRek5EVTFKVEkyWVcxd0pUTkNVbTl2ZEVadmJHUmxjaVV6UkNVeU5USkdRWEJ3Y3pBd0pUSTFNa1pUYUdGeVpXUWxNalV5TUVSdlkzVnRaVzUwY3lVeU5tRnRjQ1V6UWtselJHeG5KVE5FTVdRQ0J3OWtGZ1lDQVE5a0ZnSUNBUTlrRmdJRkptZGZNVEV5Tm1Jd1pqaGZaVFZsTmw4ME1qYzNYMkpoWVRaZk5ESXpaR0V3WW1KaE5EYzNEMlFXQW1ZUFpCWUdBZ01QWkJZQ0FnRVBaQllFQWdFUFpCWUNaZzlrRmdJQ0F3OFBGZ1llQkZSbGVIUUZCRk5oZG1VZURVOXVRMnhwWlc1MFEyeHBZMnNGYkdsbUlDZ2hVSEpsVTJGMlpVbDBaVzBvS1NrZ2NtVjBkWEp1SUdaaGJITmxPMmxtSUNoVFVFTnNhV1Z1ZEVadmNtMXpMa05zYVdWdWRFWnZjbTFOWVc1aFoyVnlMbE4xWW0xcGRFTnNhV1Z1ZEVadmNtMG9KMWRRVVRJbktTa2djbVYwZFhKdUlHWmhiSE5sT3g0SVZHRmlTVzVrWlhnQkFBQmtaQUlERDJRV0FtWVBaQllDQWdNUER4WUdIZ2xCWTJObGMzTkxaWGtGQVVNZkFRVUdRMkZ1WTJWc0h3SUZUSE5sZEZScGJXVnZkWFFvWm5WdVkzUnBiMjRvS1h0M2FXNWtiM2N1Wm5KaGJXVkZiR1Z0Wlc1MExtTmhibU5sYkZCdmNGVndLQ2s3ZlN3Z01DazdJSEpsZEhWeWJpQm1ZV3h6WlR0a1pBSUZEMlFXQW1ZUFpCWUNBZ01QWkJZQ1pnOWtGZ0lDQVE4UEZnNGZBUVVMUkdWc1pYUmxJRWwwWlcwZUNFbHRZV2RsVlhKc0JSOHZYMnhoZVc5MWRITXZNVFV2YVcxaFoyVnpMMlJsYkdsMFpXMHVaMmxtSHdRRkFWZ2VFVkJsY20xcGMzTnBiMjVEYjI1MFpYaDBDeW1LQVUxcFkzSnZjMjltZEM1VGFHRnlaVkJ2YVc1MExsVjBhV3hwZEdsbGN5NVFaWEp0YVhOemFXOXVRMjl1ZEdWNGRDd2dUV2xqY205emIyWjBMbE5vWVhKbFVHOXBiblFzSUZabGNuTnBiMjQ5TVRZdU1DNHdMakFzSUVOMWJIUjFjbVU5Ym1WMWRISmhiQ3dnVUhWaWJHbGpTMlY1Vkc5clpXNDlOekZsT1dKalpURXhNV1U1TkRJNVl3SWVDMUJsY20xcGMzTnBiMjV6S0NtQUFVMXBZM0p2YzI5bWRDNVRhR0Z5WlZCdmFXNTBMbE5RUW1GelpWQmxjbTFwYzNOcGIyNXpMQ0JOYVdOeWIzTnZablF1VTJoaGNtVlFiMmx1ZEN3Z1ZtVnljMmx2YmoweE5pNHdMakF1TUN3Z1EzVnNkSFZ5WlQxdVpYVjBjbUZzTENCUWRXSnNhV05MWlhsVWIydGxiajAzTVdVNVltTmxNVEV4WlRrME1qbGpEMFJsYkdWMFpVeHBjM1JKZEdWdGN4OENCU0J5WlhSMWNtNGdSR1ZzWlhSbFNYUmxiVU52Ym1acGNtMWhkR2x2YmlncE94NG9RMnhwWlc1MFQyNURiR2xqYTFOamNtbHdkRU52Ym5SaGFXNXBibWRRY21WbWFYaGxaRlZ5YkdSa1pBSUhEMlFXQW1ZUFpCWUlBZ01QWkJZQ1pnOWtGZ1FDQXc4UUQyUVdBaDRJYjI1amFHRnVaMlVGa0FGcVlYWmhjMk55YVhCME9rTm9ZVzVuWlVOdmJuUmxiblJVZVhCbEtDSmpkR3d3TUY5amRHdzBNMTluWHpFeE1qWmlNR1k0WDJVMVpUWmZOREkzTjE5aVlXRTJYelF5TTJSaE1HSmlZVFEzTjE5amRHd3dNRjlqZEd3d01sOWpkR3d3TUY5amRHd3dNVjlqZEd3d01GOURiMjUwWlc1MFZIbHdaVU5vYjJsalpTSXBPM0psZEhWeWJpQm1ZV3h6WlRzUEZnSm1BZ0VXQWhBRkQwTnZjbVJwY3lCRWIyTjFiV1Z1ZEFWS01IZ3dNVEF4TURCRE9EVXlSRVV6TWpJNE5ESTJSVFE0T1VFelFVWkVNMFpGUVRKR05ERXhNVEF3UlRrM04wUTROMFE1UmpReE5UWTBOVGhCTkRCRlEwUkdRMEUxUTBJM01FRm5FQVVaUTI5eVpHbHpJRXhwYm1zZ2RHOGdZU0JFYjJOMWJXVnVkQVVxTUhnd01UQXhNRUV3TURnMk16VkZRamxCTXpWRFFqWkJORGM0TlRZMU5VSkdRekE1UWtZNFJEYzRaMlJrQWdVUER4WUdId0ZsSGdoRGMzTkRiR0Z6Y3dVTGJYTXRiV1YwWVdSaGRHRWVCRjhoVTBJQ0FtUmtBZ1VQWkJZQ1pnOWtGZ0lDQVE5a0ZneG1EMlFXQWdJQkQyUVdBbVlQWkJZQ0Fna1BGZ0llRTFCeVpYWnBiM1Z6UTI5dWRISnZiRTF2WkdVTEtZZ0JUV2xqY205emIyWjBMbE5vWVhKbFVHOXBiblF1VjJWaVEyOXVkSEp2YkhNdVUxQkRiMjUwY205c1RXOWtaU3dnVFdsamNtOXpiMlowTGxOb1lYSmxVRzlwYm5Rc0lGWmxjbk5wYjI0OU1UWXVNQzR3TGpBc0lFTjFiSFIxY21VOWJtVjFkSEpoYkN3Z1VIVmliR2xqUzJWNVZHOXJaVzQ5TnpGbE9XSmpaVEV4TVdVNU5ESTVZd0prQWdFUFpCWUNBZ0VQWkJZQ1pnOWtGZ0lDQ1E4V0FoOE1DeXNHQW1RQ0FnOWtGZ0lDQVE5a0ZnSm1EMlFXQWdJSkR4WUNId3dMS3dZQ1pBSUREMlFXQWdJQkQyUVdBbVlQWkJZQ0Fna1BGZ0lmREFzckJnSmtBZ1FQWkJZQ0FnRVBaQllDWmc5a0ZnSUNDUThXQWg4TUN5c0dBbVFDQlE5a0ZnSUNBUTlrRmdKbUQyUVdBZ0lKRHhZQ0h3d0xLd1lDWkFJSEQyUVdBbVlQWkJZRUFnTVBGZ0lmREFzckJnRVdBbVlQRmdJZkRBc3JCZ0ZrQWdVUEZnSWZEQXNyQmdFV0FtWVBGZ0lmREFzckJnRmtBaEVQWkJZRVpnOWtGZ0lDQVE5a0ZnSm1EMlFXQmdJRER4WUNId3dMS3dZQlpBSUZEMlFXQkFJQkR4WUNId3dMS3dZQlpBSUREeFlDSHd3TEt3WUJaQUlIRDJRV0JBSUJEeFlDSHd3TEt3WUJaQUlERHhZQ0h3d0xLd1lCWkFJQkQyUVdCQUlCRDJRV0FtWVBaQllDQWdNUER4WUdId0VGQkZOaGRtVWZBZ1ZzYVdZZ0tDRlFjbVZUWVhabFNYUmxiU2dwS1NCeVpYUjFjbTRnWm1Gc2MyVTdhV1lnS0ZOUVEyeHBaVzUwUm05eWJYTXVRMnhwWlc1MFJtOXliVTFoYm1GblpYSXVVM1ZpYldsMFEyeHBaVzUwUm05eWJTZ25WMUJSTWljcEtTQnlaWFIxY200Z1ptRnNjMlU3SHdNQkFBQmtaQUlERDJRV0FtWVBaQllDQWdNUER4WUdId1FGQVVNZkFRVUdRMkZ1WTJWc0h3SUZUSE5sZEZScGJXVnZkWFFvWm5WdVkzUnBiMjRvS1h0M2FXNWtiM2N1Wm5KaGJXVkZiR1Z0Wlc1MExtTmhibU5sYkZCdmNGVndLQ2s3ZlN3Z01DazdJSEpsZEhWeWJpQm1ZV3h6WlR0a1pBSUZEMlFXQWdJQ0QyUVdCQUlCRDJRV0FnSUREMlFXQW1ZUFpCWUVBZ01QWkJZSUFnRVBGZ1llRTBOc2FXVnVkRTl1UTJ4cFkydFRZM0pwY0hRRmVVVnVjM1Z5WlZOamNtbHdkRVoxYm1Nb0ozTm9ZWEpwYm1jdWFuTW5MQ0FuUkdsemNHeGhlVk5vWVhKbFpGZHBkR2hFYVdGc2IyY25MQ0JtZFc1amRHbHZiaUFvS1NCN0lFUnBjM0JzWVhsVGFHRnlaV1JYYVhSb1JHbGhiRzluS0NkY2RUQXdNbVpCY0hCek1EQmNkVEF3TW1ZbktUc2dmU2tmQ0FWNVJXNXpkWEpsVTJOeWFYQjBSblZ1WXlnbmMyaGhjbWx1Wnk1cWN5Y3NJQ2RFYVhOd2JHRjVVMmhoY21Wa1YybDBhRVJwWVd4dlp5Y3NJR1oxYm1OMGFXOXVJQ2dwSUhzZ1JHbHpjR3hoZVZOb1lYSmxaRmRwZEdoRWFXRnNiMmNvSjF4MU1EQXlaa0Z3Y0hNd01GeDFNREF5WmljcE95QjlLUjRZUTJ4cFpXNTBUMjVEYkdsamEwNWhkbWxuWVhSbFZYSnNaR1FDQlE4V0FoNEhWbWx6YVdKc1pXaGtBZ3NQRmdJZkQyaGtBaElQWkJZQ1pnOFBGZ1llSEZCeVpYWnBiM1Z6UVhWMGFHOXlhVzVuU1hSbGJWWmxjbk5wYjI0RkFURWVHbEJ5WlhacGIzVnpRWFYwYUc5eWFXNW5TWFJsYlU5M2JtVnlCUVF6TkRVMUhoeFFjbVYyYVc5MWMwRjFkR2h2Y21sdVowTnZiblJ5YjJ4TmIyUmxDeXNHQW1Sa0FnUVBEeFlDSHdRRkFTOWtaQUlERDJRV0FnSUJEMlFXQWdJQkQyUVdCZ0lCRHc4V0JCOExBZ0lmQ2dVWGJYTXRjSEp2Ylc5MFpXUkJZM1JwYjI1Q2RYUjBiMjVrWkFJREQyUVdBbVlQRHhZRUh3c0NBaDhLQlJkdGN5MXdjbTl0YjNSbFpFRmpkR2x2YmtKMWRIUnZibVJrQWdVUER4WUdId29GRjIxekxYQnliMjF2ZEdWa1FXTjBhVzl1UW5WMGRHOXVId3NDQWg4UGFHUmtBaE1QWkJZQ0FnRVBaQllDQWcwUER4WUNIdzlvWkJZQ0FnRVBaQllDWmc5a0ZnSUNBdzlrRmdJQ0JROWtGZ0lDQVE4OEt3QUpBUUFQRmdRZURWQmhkR2hUWlhCaGNtRjBiM0lFQ0I0TlRtVjJaWEpGZUhCaGJtUmxaR2RrWkJnQkJSZGpkR3d3TUNSVWIzQk9ZWFpwWjJGMGFXOXVUV1Z1ZFE4UFpBVVVTRzl0WlZ4QmNIQnpJQ1lnVUhKdlpIVmpkSE5reEhsc1Brc0VKamhKN1pIY2ZHSUtJenBBSThIT2s4a1M4UDdFSFNRQ3R4QT0iIENvcnJlbGF0aW9uQmluZGluZz0iIiBVcmxFbmNvZGU9IlRydWUiIC8+DQogICAgICAgIDxGb3JtUG9zdFBhcmFtZXRlciBOYW1lPSJfX1ZJRVdTVEFURUdFTkVSQVRPUiIgVmFsdWU9Int7JEhJRERFTjIuX19WSUVXU1RBVEVHRU5FUkFUT1J9fSIgUmVjb3JkZWRWYWx1ZT0iMkRCMTU1QTMiIENvcnJlbGF0aW9uQmluZGluZz0iIiBVcmxFbmNvZGU9IlRydWUiIC8+DQogICAgICAgIDxGb3JtUG9zdFBhcmFtZXRlciBOYW1lPSJfX1NDUk9MTFBPU0lUSU9OWCIgVmFsdWU9Int7JEhJRERFTjIuX19TQ1JPTExQT1NJVElPTlh9fSIgUmVjb3JkZWRWYWx1ZT0iMCIgQ29ycmVsYXRpb25CaW5kaW5nPSIiIFVybEVuY29kZT0iVHJ1ZSIgLz4NCiAgICAgICAgPEZvcm1Qb3N0UGFyYW1ldGVyIE5hbWU9Il9fU0NST0xMUE9TSVRJT05ZIiBWYWx1ZT0ie3skSElEREVOMi5fX1NDUk9MTFBPU0lUSU9OWX19IiBSZWNvcmRlZFZhbHVlPSIwIiBDb3JyZWxhdGlvbkJpbmRpbmc9IiIgVXJsRW5jb2RlPSJUcnVlIiAvPg0KICAgICAgICA8Rm9ybVBvc3RQYXJhbWV0ZXIgTmFtZT0iX19FVkVOVFZBTElEQVRJT04iIFZhbHVlPSJ7eyRISURERU4yLl9fRVZFTlRWQUxJREFUSU9OfX0iIFJlY29yZGVkVmFsdWU9Ii93RWRBQW9KdTJLc0ZRQ3dHZHVRdnFuaEdnL0hMbVh5WXdBK09mRmFHNUEybHo4bkNMVWdGTHBuS09qdkJBVTJ0WG53RDB6Y0d4L0NsbWtORGtDNmJJNlpqekdGNFk3UHhhUTd2SjRjK3lpSEFMMWNCQStwU043MmV1Z1ZTb3ZKNkdGeXFMZzRnWU9ldEovWlpNQ0Z3YXdxd2VRZU5SMjI0UFVGb0IwNzhjUkMvRHREZkxhY1dUVVduY2ZlcTFYWUUxdEE4OEVtcTFyQ1pUeFhTVndmVmVuYm9kdzg2U2xLV1l2ZVBJZTNDVmhaaXU4NDVOUzhKOUxGREFvT0dSUFk4aVNFRmd3PSIgQ29ycmVsYXRpb25CaW5kaW5nPSIiIFVybEVuY29kZT0iVHJ1ZSIgLz4NCiAgICAgICAgPEZvcm1Qb3N0UGFyYW1ldGVyIE5hbWU9ImN0bDAwJGN0bDQ0JGN0bDA0IiBWYWx1ZT0iUmliYm9uLkRvY0xpYkxpc3RGb3JtLkVkaXQiIFJlY29yZGVkVmFsdWU9IlJpYmJvbi5Eb2NMaWJMaXN0Rm9ybS5FZGl0IiBDb3JyZWxhdGlvbkJpbmRpbmc9Int7Rm9ybVBvc3RQYXJhbTMwLmN0bDAwJGN0bDQ0JGN0bDA0fX0iIFVybEVuY29kZT0iVHJ1ZSIgLz4NCiAgICAgICAgPEZvcm1Qb3N0UGFyYW1ldGVyIE5hbWU9ImN0bDAwJGN0bDQzJGdfMTEyNmIwZjhfZTVlNl80Mjc3X2JhYTZfNDIzZGEwYmJhNDc3JGN0bDAwJGN0bDAyJGN0bDAwJGN0bDAxJGN0bDAwJENvbnRlbnRUeXBlQ2hvaWNlIiBWYWx1ZT0iMHgwMTAxMDBDODUyREUzMjI4NDI2RTQ4OUEzQUZEM0ZFQTJGNDExMTAwRTk3N0Q4N0Q5RjQxNTY0NThBNDBFQ0RGQ0E1Q0I3MEEiIFJlY29yZGVkVmFsdWU9IjB4MDEwMTAwQzg1MkRFMzIyODQyNkU0ODlBM0FGRDNGRUEyRjQxMTEwMEU5NzdEODdEOUY0MTU2NDU4QTQwRUNERkNBNUNCNzBBIiBDb3JyZWxhdGlvbkJpbmRpbmc9Int7Rm9ybVBvc3RQYXJhbTMxLmN0bDAwJGN0bDQzJGdfMTEyNmIwZjhfZTVlNl80Mjc3X2JhYTZfNDIzZGEwYmJhNDc3JGN0bDAwJGN0bDAyJGN0bDAwJGN0bDAxJGN0bDAwJENvbnRlbnRUeXBlQ2hvaWNlfX0iIFVybEVuY29kZT0iVHJ1ZSIgLz4NCiAgICAgICAgPEZvcm1Qb3N0UGFyYW1ldGVyIE5hbWU9IlN0YXR1c18xZGFiOWI0OC0yZDFhLTQ3YjMtODc4Yy04ZTg0ZjBkMjExYmFfUmFkaW8iIFZhbHVlPSJEcm9wRG93bkJ1dHRvbiIgUmVjb3JkZWRWYWx1ZT0iRHJvcERvd25CdXR0b24iIENvcnJlbGF0aW9uQmluZGluZz0iIiBVcmxFbmNvZGU9IlRydWUiIC8+DQogICAgICAgIDxGb3JtUG9zdFBhcmFtZXRlciBOYW1lPSJjdGwwMCRjdGw0MyRnXzExMjZiMGY4X2U1ZTZfNDI3N19iYWE2XzQyM2RhMGJiYTQ3NyRjdGwwMCRjdGwwMiRjdGwwMCRjdGwwNiRjdGwwMCRvd3NoaWRkZW52ZXJzaW9uIiBWYWx1ZT0ie3skSElEREVOMi5jdGwwMCRjdGw0MyRnXzExMjZiMGY4X2U1ZTZfNDI3N19iYWE2XzQyM2RhMGJiYTQ3NyRjdGwwMCRjdGwwMiRjdGwwMCRjdGwwNiRjdGwwMCRvd3NoaWRkZW52ZXJzaW9ufX0iIFJlY29yZGVkVmFsdWU9IjEiIENvcnJlbGF0aW9uQmluZGluZz0iIiBVcmxFbmNvZGU9IlRydWUiIC8+DQogICAgICAgIDxGb3JtUG9zdFBhcmFtZXRlciBOYW1lPSJDbGllbnRGb3JtUG9zdEJhY2tWYWx1ZV9lZDI4MTkyYS0zYjY3LTQzZDgtYmE4YS1kY2NhM2FjZTdkMGJfRmlsZUxlYWZSZWYiIFZhbHVlPSJGaWxlIGZvciB0aGUgdmVyc2lvbiAxLnhsc3giIFJlY29yZGVkVmFsdWU9IkZpbGUgZm9yIHRoZSB2ZXJzaW9uIDEueGxzeCIgQ29ycmVsYXRpb25CaW5kaW5nPSJ7e0Zvcm1Qb3N0UGFyYW0zMi5DbGllbnRGb3JtUG9zdEJhY2tWYWx1ZV9lZDI4MTkyYS0zYjY3LTQzZDgtYmE4YS1kY2NhM2FjZTdkMGJfRmlsZUxlYWZSZWZ9fSIgVXJsRW5jb2RlPSJUcnVlIiAvPg0KICAgICAgICA8Rm9ybVBvc3RQYXJhbWV0ZXIgTmFtZT0iQ2xpZW50Rm9ybVBvc3RCYWNrVmFsdWVfZWQyODE5MmEtM2I2Ny00M2Q4LWJhOGEtZGNjYTNhY2U3ZDBiX1RpdGxlIiBWYWx1ZT0iQ29yZGlzIG15Rmlkb2MgRW5nbGlzaCBUZW1wbGF0ZSIgUmVjb3JkZWRWYWx1ZT0iQ29yZGlzIG15Rmlkb2MgRW5nbGlzaCBUZW1wbGF0ZSIgQ29ycmVsYXRpb25CaW5kaW5nPSJ7e0Zvcm1Qb3N0UGFyYW0zMy5DbGllbnRGb3JtUG9zdEJhY2tWYWx1ZV9lZDI4MTkyYS0zYjY3LTQzZDgtYmE4YS1kY2NhM2FjZTdkMGJfVGl0bGV9fSIgVXJsRW5jb2RlPSJUcnVlIiAvPg0KICAgICAgICA8Rm9ybVBvc3RQYXJhbWV0ZXIgTmFtZT0iQ2xpZW50Rm9ybVBvc3RCYWNrVmFsdWVfZWQyODE5MmEtM2I2Ny00M2Q4LWJhOGEtZGNjYTNhY2U3ZDBiX0FwcGxpY2F0aW9uIiBWYWx1ZT0iIiBSZWNvcmRlZFZhbHVlPSIiIENvcnJlbGF0aW9uQmluZGluZz0iIiBVcmxFbmNvZGU9IlRydWUiIC8+DQogICAgICAgIDxGb3JtUG9zdFBhcmFtZXRlciBOYW1lPSJDbGllbnRGb3JtUG9zdEJhY2tWYWx1ZV9lZDI4MTkyYS0zYjY3LTQzZDgtYmE4YS1kY2NhM2FjZTdkMGJfQXBwc194MDAyMF9Db250ZW50X3gwMDIwX1R5cGUiIFZhbHVlPSIiIFJlY29yZGVkVmFsdWU9IiIgQ29ycmVsYXRpb25CaW5kaW5nPSIiIFVybEVuY29kZT0iVHJ1ZSIgLz4NCiAgICAgICAgPEZvcm1Qb3N0UGFyYW1ldGVyIE5hbWU9IkNsaWVudEZvcm1Qb3N0QmFja1ZhbHVlX2VkMjgxOTJhLTNiNjctNDNkOC1iYThhLWRjY2EzYWNlN2QwYl9TdGF0dXMiIFZhbHVlPSJEcmFmdCIgUmVjb3JkZWRWYWx1ZT0iRHJhZnQiIENvcnJlbGF0aW9uQmluZGluZz0ie3tGb3JtUG9zdFBhcmFtMzQuQ2xpZW50Rm9ybVBvc3RCYWNrVmFsdWVfZWQyODE5MmEtM2I2Ny00M2Q4LWJhOGEtZGNjYTNhY2U3ZDBiX1N0YXR1c319IiBVcmxFbmNvZGU9IlRydWUiIC8+DQogICAgICAgIDxGb3JtUG9zdFBhcmFtZXRlciBOYW1lPSJDbGllbnRGb3JtUG9zdEJhY2tWYWx1ZV9lZDI4MTkyYS0zYjY3LTQzZDgtYmE4YS1kY2NhM2FjZTdkMGJfQ29uX1RlY2giIFZhbHVlPSIiIFJlY29yZGVkVmFsdWU9IiIgQ29ycmVsYXRpb25CaW5kaW5nPSIiIFVybEVuY29kZT0iVHJ1ZSIgLz4NCiAgICAgICAgPEZvcm1Qb3N0UGFyYW1ldGVyIE5hbWU9IkNsaWVudEZvcm1Qb3N0QmFja1ZhbHVlX2VkMjgxOTJhLTNiNjctNDNkOC1iYThhLWRjY2EzYWNlN2QwYl9vd3NoaWRkZW52ZXJzaW9uIiBWYWx1ZT0iMSIgUmVjb3JkZWRWYWx1ZT0iMSIgQ29ycmVsYXRpb25CaW5kaW5nPSJ7e0Zvcm1Qb3N0UGFyYW0zNS5DbGllbnRGb3JtUG9zdEJhY2tWYWx1ZV9lZDI4MTkyYS0zYjY3LTQzZDgtYmE4YS1kY2NhM2FjZTdkMGJfb3dzaGlkZGVudmVyc2lvbn19IiBVcmxFbmNvZGU9IlRydWUiIC8+DQogICAgICAgIDxGb3JtUG9zdFBhcmFtZXRlciBOYW1lPSJDbGllbnRGb3JtUG9zdEJhY2tWYWx1ZV9lZDI4MTkyYS0zYjY3LTQzZDgtYmE4YS1kY2NhM2FjZTdkMGJfU3VibWl0Q2xpZW50Rm9ybSIgVmFsdWU9InRydWUiIFJlY29yZGVkVmFsdWU9InRydWUiIENvcnJlbGF0aW9uQmluZGluZz0ie3tGb3JtUG9zdFBhcmFtMzYuQ2xpZW50Rm9ybVBvc3RCYWNrVmFsdWVfZWQyODE5MmEtM2I2Ny00M2Q4LWJhOGEtZGNjYTNhY2U3ZDBiX1N1Ym1pdENsaWVudEZvcm19fSIgVXJsRW5jb2RlPSJUcnVlIiAvPg0KICAgICAgPC9Gb3JtUG9zdEh0dHBCb2R5Pg0KICAgIDwvUmVxdWVzdD4NCiAgICA8UmVxdWVzdCBNZXRob2Q9IkdFVCIgR3VpZD0iYWI5NzE3NDYtNmNiOS00ZDVjLWE4NGQtMTVhM2M0ZmY0Y2U5IiBWZXJzaW9uPSIxLjEiIFVybD0iaHR0cHM6Ly9zcC5jb3JkaXNzb2x1dGlvbnMuY29tL19sYXlvdXRzLzE1L2JsYW5rLmh0bSIgVGhpbmtUaW1lPSIwIiBUaW1lb3V0PSIzMDAiIFBhcnNlRGVwZW5kZW50UmVxdWVzdHM9IlRydWUiIEZvbGxvd1JlZGlyZWN0cz0iVHJ1ZSIgUmVjb3JkUmVzdWx0PSJUcnVlIiBDYWNoZT0iRmFsc2UiIFJlc3BvbnNlVGltZUdvYWw9IjAiIEVuY29kaW5nPSJ1dGYtOCIgRXhwZWN0ZWRIdHRwU3RhdHVzQ29kZT0iMCIgRXhwZWN0ZWRSZXNwb25zZVVybD0iIiBSZXBvcnRpbmdOYW1lPSIiIElnbm9yZUh0dHBTdGF0dXNDb2RlPSJGYWxzZSI+DQogICAgICA8SGVhZGVycz4NCiAgICAgICAgPEhlYWRlciBOYW1lPSJSZWZlcmVyIiBWYWx1ZT0iaHR0cHM6Ly9zcC5jb3JkaXNzb2x1dGlvbnMuY29tL0FwcHMwMC9TaGFyZWQlMjBEb2N1bWVudHMvRm9ybXMvYWxsJTIwZG9jdW1lbnRzLmFzcHgiIC8+DQogICAgICA8L0hlYWRlcnM+DQogICAgPC9SZXF1ZXN0Pg0KICAgIDxSZXF1ZXN0IE1ldGhvZD0iR0VUIiBHdWlkPSI2NDZkMWZmMC0yOWRkLTRjY2YtOWZmYy1iZTdjYmUxOTFiNWYiIFZlcnNpb249IjEuMSIgVXJsPSJodHRwczovL3NwLmNvcmRpc3NvbHV0aW9ucy5jb20vQXBwczAwL1NoYXJlZCUyMERvY3VtZW50cy9Gb3Jtcy9hbGwlMjBkb2N1bWVudHMuYXNweCIgVGhpbmtUaW1lPSIwIiBUaW1lb3V0PSIzMDAiIFBhcnNlRGVwZW5kZW50UmVxdWVzdHM9IlRydWUiIEZvbGxvd1JlZGlyZWN0cz0iVHJ1ZSIgUmVjb3JkUmVzdWx0PSJUcnVlIiBDYWNoZT0iRmFsc2UiIFJlc3BvbnNlVGltZUdvYWw9IjAiIEVuY29kaW5nPSJ1dGYtOCIgRXhwZWN0ZWRIdHRwU3RhdHVzQ29kZT0iMCIgRXhwZWN0ZWRSZXNwb25zZVVybD0iIiBSZXBvcnRpbmdOYW1lPSIiIElnbm9yZUh0dHBTdGF0dXNDb2RlPSJGYWxzZSI+DQogICAgICA8UXVlcnlTdHJpbmdQYXJhbWV0ZXJzPg0KICAgICAgICA8UXVlcnlTdHJpbmdQYXJhbWV0ZXIgTmFtZT0iSW5pdGlhbFRhYklkIiBWYWx1ZT0iUmliYm9uJTJFUmVhZCIgUmVjb3JkZWRWYWx1ZT0iUmliYm9uJTJFUmVhZCIgQ29ycmVsYXRpb25CaW5kaW5nPSIiIFVybEVuY29kZT0iRmFsc2UiIFVzZVRvR3JvdXBSZXN1bHRzPSJGYWxzZSIgLz4NCiAgICAgICAgPFF1ZXJ5U3RyaW5nUGFyYW1ldGVyIE5hbWU9IlZpc2liaWxpdHlDb250ZXh0IiBWYWx1ZT0iV1NTVGFiUGVyc2lzdGVuY2UiIFJlY29yZGVkVmFsdWU9IldTU1RhYlBlcnNpc3RlbmNlIiBDb3JyZWxhdGlvbkJpbmRpbmc9IiIgVXJsRW5jb2RlPSJGYWxzZSIgVXNlVG9Hcm91cFJlc3VsdHM9IkZhbHNlIiAvPg0KICAgICAgPC9RdWVyeVN0cmluZ1BhcmFtZXRlcnM+DQogICAgICA8Rm9ybVBvc3RIdHRwQm9keT4NCiAgICAgICAgPEZvcm1Qb3N0UGFyYW1ldGVyIE5hbWU9Il93cGNtV3BpZCIgVmFsdWU9Int7JEhJRERFTjEuX3dwY21XcGlkfX0iIFJlY29yZGVkVmFsdWU9IiIgQ29ycmVsYXRpb25CaW5kaW5nPSIiIFVybEVuY29kZT0iVHJ1ZSIgLz4NCiAgICAgICAgPEZvcm1Qb3N0UGFyYW1ldGVyIE5hbWU9IndwY21WYWwiIFZhbHVlPSJ7eyRISURERU4xLndwY21WYWx9fSIgUmVjb3JkZWRWYWx1ZT0iIiBDb3JyZWxhdGlvbkJpbmRpbmc9IiIgVXJsRW5jb2RlPSJUcnVlIiAvPg0KICAgICAgICA8Rm9ybVBvc3RQYXJhbWV0ZXIgTmFtZT0iTVNPV2ViUGFydFBhZ2VfUG9zdGJhY2tTb3VyY2UiIFZhbHVlPSJ7eyRISURERU4xLk1TT1dlYlBhcnRQYWdlX1Bvc3RiYWNrU291cmNlfX0iIFJlY29yZGVkVmFsdWU9IiIgQ29ycmVsYXRpb25CaW5kaW5nPSIiIFVybEVuY29kZT0iVHJ1ZSIgLz4NCiAgICAgICAgPEZvcm1Qb3N0UGFyYW1ldGVyIE5hbWU9Ik1TT1RsUG5fU2VsZWN0ZWRXcElkIiBWYWx1ZT0ie3skSElEREVOMS5NU09UbFBuX1NlbGVjdGVkV3BJZH19IiBSZWNvcmRlZFZhbHVlPSIiIENvcnJlbGF0aW9uQmluZGluZz0iIiBVcmxFbmNvZGU9IlRydWUiIC8+DQogICAgICAgIDxGb3JtUG9zdFBhcmFtZXRlciBOYW1lPSJNU09UbFBuX1ZpZXciIFZhbHVlPSJ7eyRISURERU4xLk1TT1RsUG5fVmlld319IiBSZWNvcmRlZFZhbHVlPSIwIiBDb3JyZWxhdGlvbkJpbmRpbmc9IiIgVXJsRW5jb2RlPSJUcnVlIiAvPg0KICAgICAgICA8Rm9ybVBvc3RQYXJhbWV0ZXIgTmFtZT0iTVNPVGxQbl9TaG93U2V0dGluZ3MiIFZhbHVlPSJ7eyRISURERU4xLk1TT1RsUG5fU2hvd1NldHRpbmdzfX0iIFJlY29yZGVkVmFsdWU9IkZhbHNlIiBDb3JyZWxhdGlvbkJpbmRpbmc9IiIgVXJsRW5jb2RlPSJUcnVlIiAvPg0KICAgICAgICA8Rm9ybVBvc3RQYXJhbWV0ZXIgTmFtZT0iTVNPR2FsbGVyeV9TZWxlY3RlZExpYnJhcnkiIFZhbHVlPSJ7eyRISURERU4xLk1TT0dhbGxlcnlfU2VsZWN0ZWRMaWJyYXJ5fX0iIFJlY29yZGVkVmFsdWU9IiIgQ29ycmVsYXRpb25CaW5kaW5nPSIiIFVybEVuY29kZT0iVHJ1ZSIgLz4NCiAgICAgICAgPEZvcm1Qb3N0UGFyYW1ldGVyIE5hbWU9Ik1TT0dhbGxlcnlfRmlsdGVyU3RyaW5nIiBWYWx1ZT0ie3skSElEREVOMS5NU09HYWxsZXJ5X0ZpbHRlclN0cmluZ319IiBSZWNvcmRlZFZhbHVlPSIiIENvcnJlbGF0aW9uQmluZGluZz0iIiBVcmxFbmNvZGU9IlRydWUiIC8+DQogICAgICAgIDxGb3JtUG9zdFBhcmFtZXRlciBOYW1lPSJNU09UbFBuX0J1dHRvbiIgVmFsdWU9Int7JEhJRERFTjEuTVNPVGxQbl9CdXR0b259fSIgUmVjb3JkZWRWYWx1ZT0ibm9uZSIgQ29ycmVsYXRpb25CaW5kaW5nPSIiIFVybEVuY29kZT0iVHJ1ZSIgLz4NCiAgICAgICAgPEZvcm1Qb3N0UGFyYW1ldGVyIE5hbWU9Il9fRVZFTlRUQVJHRVQiIFZhbHVlPSJ7eyRISURERU4xLl9fRVZFTlRUQVJHRVR9fSIgUmVjb3JkZWRWYWx1ZT0iIiBDb3JyZWxhdGlvbkJpbmRpbmc9IiIgVXJsRW5jb2RlPSJUcnVlIiAvPg0KICAgICAgICA8Rm9ybVBvc3RQYXJhbWV0ZXIgTmFtZT0iX19FVkVOVEFSR1VNRU5UIiBWYWx1ZT0ie3skSElEREVOMS5fX0VWRU5UQVJHVU1FTlR9fSIgUmVjb3JkZWRWYWx1ZT0iIiBDb3JyZWxhdGlvbkJpbmRpbmc9IiIgVXJsRW5jb2RlPSJUcnVlIiAvPg0KICAgICAgICA8Rm9ybVBvc3RQYXJhbWV0ZXIgTmFtZT0iX19SRVFVRVNURElHRVNUIiBWYWx1ZT0ie3skSElEREVOMS5fX1JFUVVFU1RESUdFU1R9fSIgUmVjb3JkZWRWYWx1ZT0iMHg4RkU0OTc1RTUyRDYwRjUxRDA4NzJDQzk1Rjc5MEU1MDJFNzFFQzk5NTBFNzQ3OThFQ0I1MDgyRjU1MTA2MkY3NjgxNTZBNTNBMTM0MzM3RDE2RDE1NjFDRTgzRUREMjk0QUM4MjJFMUVBRDA0QkQ5N0ZFOTA4MkNERTI3NkU5QSwxMyBKdW4gMjAxOCAxMTozNzoyOCAtMDAwMCIgQ29ycmVsYXRpb25CaW5kaW5nPSIiIFVybEVuY29kZT0iVHJ1ZSIgLz4NCiAgICAgICAgPEZvcm1Qb3N0UGFyYW1ldGVyIE5hbWU9Ik1TT1NQV2ViUGFydE1hbmFnZXJfRGlzcGxheU1vZGVOYW1lIiBWYWx1ZT0ie3skSElEREVOMS5NU09TUFdlYlBhcnRNYW5hZ2VyX0Rpc3BsYXlNb2RlTmFtZX19IiBSZWNvcmRlZFZhbHVlPSJCcm93c2UiIENvcnJlbGF0aW9uQmluZGluZz0iIiBVcmxFbmNvZGU9IlRydWUiIC8+DQogICAgICAgIDxGb3JtUG9zdFBhcmFtZXRlciBOYW1lPSJNU09TUFdlYlBhcnRNYW5hZ2VyX0V4aXRpbmdEZXNpZ25Nb2RlIiBWYWx1ZT0ie3skSElEREVOMS5NU09TUFdlYlBhcnRNYW5hZ2VyX0V4aXRpbmdEZXNpZ25Nb2RlfX0iIFJlY29yZGVkVmFsdWU9ImZhbHNlIiBDb3JyZWxhdGlvbkJpbmRpbmc9IiIgVXJsRW5jb2RlPSJUcnVlIiAvPg0KICAgICAgICA8Rm9ybVBvc3RQYXJhbWV0ZXIgTmFtZT0iTVNPV2ViUGFydFBhZ2VfU2hhcmVkIiBWYWx1ZT0ie3skSElEREVOMS5NU09XZWJQYXJ0UGFnZV9TaGFyZWR9fSIgUmVjb3JkZWRWYWx1ZT0iIiBDb3JyZWxhdGlvbkJpbmRpbmc9IiIgVXJsRW5jb2RlPSJUcnVlIiAvPg0KICAgICAgICA8Rm9ybVBvc3RQYXJhbWV0ZXIgTmFtZT0iTVNPTGF5b3V0X0xheW91dENoYW5nZXMiIFZhbHVlPSJ7eyRISURERU4xLk1TT0xheW91dF9MYXlvdXRDaGFuZ2VzfX0iIFJlY29yZGVkVmFsdWU9IiIgQ29ycmVsYXRpb25CaW5kaW5nPSIiIFVybEVuY29kZT0iVHJ1ZSIgLz4NCiAgICAgICAgPEZvcm1Qb3N0UGFyYW1ldGVyIE5hbWU9Ik1TT0xheW91dF9JbkRlc2lnbk1vZGUiIFZhbHVlPSJ7eyRISURERU4xLk1TT0xheW91dF9JbkRlc2lnbk1vZGV9fSIgUmVjb3JkZWRWYWx1ZT0iIiBDb3JyZWxhdGlvbkJpbmRpbmc9IiIgVXJsRW5jb2RlPSJUcnVlIiAvPg0KICAgICAgICA8Rm9ybVBvc3RQYXJhbWV0ZXIgTmFtZT0iX3dwU2VsZWN0ZWQiIFZhbHVlPSJ7eyRISURERU4xLl93cFNlbGVjdGVkfX0iIFJlY29yZGVkVmFsdWU9Ik1TT1pvbmVDZWxsX1dlYlBhcnRXUFEyIiBDb3JyZWxhdGlvbkJpbmRpbmc9IiIgVXJsRW5jb2RlPSJUcnVlIiAvPg0KICAgICAgICA8Rm9ybVBvc3RQYXJhbWV0ZXIgTmFtZT0iX3d6U2VsZWN0ZWQiIFZhbHVlPSJ7eyRISURERU4xLl93elNlbGVjdGVkfX0iIFJlY29yZGVkVmFsdWU9IiIgQ29ycmVsYXRpb25CaW5kaW5nPSIiIFVybEVuY29kZT0iVHJ1ZSIgLz4NCiAgICAgICAgPEZvcm1Qb3N0UGFyYW1ldGVyIE5hbWU9Ik1TT1NQV2ViUGFydE1hbmFnZXJfT2xkRGlzcGxheU1vZGVOYW1lIiBWYWx1ZT0ie3skSElEREVOMS5NU09TUFdlYlBhcnRNYW5hZ2VyX09sZERpc3BsYXlNb2RlTmFtZX19IiBSZWNvcmRlZFZhbHVlPSJCcm93c2UiIENvcnJlbGF0aW9uQmluZGluZz0iIiBVcmxFbmNvZGU9IlRydWUiIC8+DQogICAgICAgIDxGb3JtUG9zdFBhcmFtZXRlciBOYW1lPSJNU09TUFdlYlBhcnRNYW5hZ2VyX1N0YXJ0V2ViUGFydEVkaXRpbmdOYW1lIiBWYWx1ZT0ie3skSElEREVOMS5NU09TUFdlYlBhcnRNYW5hZ2VyX1N0YXJ0V2ViUGFydEVkaXRpbmdOYW1lfX0iIFJlY29yZGVkVmFsdWU9ImZhbHNlIiBDb3JyZWxhdGlvbkJpbmRpbmc9IiIgVXJsRW5jb2RlPSJUcnVlIiAvPg0KICAgICAgICA8Rm9ybVBvc3RQYXJhbWV0ZXIgTmFtZT0iTVNPU1BXZWJQYXJ0TWFuYWdlcl9FbmRXZWJQYXJ0RWRpdGluZyIgVmFsdWU9Int7JEhJRERFTjEuTVNPU1BXZWJQYXJ0TWFuYWdlcl9FbmRXZWJQYXJ0RWRpdGluZ319IiBSZWNvcmRlZFZhbHVlPSJmYWxzZSIgQ29ycmVsYXRpb25CaW5kaW5nPSIiIFVybEVuY29kZT0iVHJ1ZSIgLz4NCiAgICAgICAgPEZvcm1Qb3N0UGFyYW1ldGVyIE5hbWU9Il9tYWludGFpbldvcmtzcGFjZVNjcm9sbFBvc2l0aW9uIiBWYWx1ZT0ie3skSElEREVOMS5fbWFpbnRhaW5Xb3Jrc3BhY2VTY3JvbGxQb3NpdGlvbn19IiBSZWNvcmRlZFZhbHVlPSIwIiBDb3JyZWxhdGlvbkJpbmRpbmc9IiIgVXJsRW5jb2RlPSJUcnVlIiAvPg0KICAgICAgICA8Rm9ybVBvc3RQYXJhbWV0ZXIgTmFtZT0iX19WSUVXU1RBVEUiIFZhbHVlPSJ7eyRISURERU4xLl9fVklFV1NUQVRFfX0iIFJlY29yZGVkVmFsdWU9Ii93RVBEd1VKTWpJNE16UTFPRGMxRDJRV0FtWVBaQllDQWdFUFpCWUVBZ0VQWkJZQ0Foa1BaQllDQWdNUFpCWUNBZ0VQWkJZQ1pnOFVLd0FHWkFVdWFIUjBjSE02THk5emNDNWxlR05sYkhOMWNIQnZjblF1YjNKbk9qUTBNeTl0ZVM5UVpYSnpiMjR1WVhOd2VBVWphSFIwY0hNNkx5OXpjQzVsZUdObGJITjFjSEJ2Y25RdWIzSm5PalEwTXk5dGVTOEZIeTlCY0hCek1EQXZYMnhoZVc5MWRITXZNVFV2YlhsemRXSnpMbUZ6Y0hnRm53RXZRWEJ3Y3pBd0wxOXNZWGx2ZFhSekx6RTFMM0psWjJsdmJtRnNjMlYwYm1jdVlYTndlRDkwZVhCbFBYVnpaWEltYzI5MWNtTmxQV2gwZEhCekpUTkJKVEpHSlRKR2MzQWxNa1ZqYjNKa2FYTnpiMngxZEdsdmJuTWxNa1ZqYjIwbE1rWkJjSEJ6TURBbE1rWlRhR0Z5WldRbE1qQkViMk4xYldWdWRITWxNa1pHYjNKdGN5VXlSbUZzYkNVeU1HUnZZM1Z0Wlc1MGN5VXlSV0Z6Y0hnRjh3Rm9kSFJ3Y3pvdkwzTndMbVY0WTJWc2MzVndjRzl5ZEM1dmNtYzZORFF6TDIxNUwxOXNZWGx2ZFhSekx6RTFMMFZrYVhSUWNtOW1hV3hsTG1GemNIZy9WWE5sY2xObGRIUnBibWR6VUhKdmRtbGtaWEk5TWpNMFltWXdaV1FsTWtRM01HUmlKVEpFTkRFMU9DVXlSR0V6TXpJbE1rUTBaR1prTmpnellqUXhORGdtVW1WMGRYSnVWWEpzUFdoMGRIQnpKVE5CSlRKR0pUSkdjM0FsTWtWamIzSmthWE56YjJ4MWRHbHZibk1sTWtWamIyMGxNa1pCY0hCek1EQWxNa1pUYUdGeVpXUWxNakJFYjJOMWJXVnVkSE1sTWtaR2IzSnRjeVV5Um1Gc2JDVXlNR1J2WTNWdFpXNTBjeVV5UldGemNIaGtBZ2NQWkJZSUFnRVBaQllDQWdFUFpCWUNCU1puWHpFeU5qY3hOV0kzWDJJMVpqaGZOR0ZrWWw4NFlUTmhYMkU1TkdReU1EaGpNakJoTlJBUEZnWWVDMUJoY21GdFZtRnNkV1Z6TXNnSUFBRUFBQUQvLy8vL0FRQUFBQUFBQUFBTUFnQUFBRmhOYVdOeWIzTnZablF1VTJoaGNtVlFiMmx1ZEN3Z1ZtVnljMmx2YmoweE5pNHdMakF1TUN3Z1EzVnNkSFZ5WlQxdVpYVjBjbUZzTENCUWRXSnNhV05MWlhsVWIydGxiajAzTVdVNVltTmxNVEV4WlRrME1qbGpCUUVBQUFBOVRXbGpjbTl6YjJaMExsTm9ZWEpsVUc5cGJuUXVWMlZpVUdGeWRGQmhaMlZ6TGxCaGNtRnRaWFJsY2s1aGJXVldZV3gxWlVoaGMyaDBZV0pzWlFFQUFBQUZYMk52Ykd3REhGTjVjM1JsYlM1RGIyeHNaV04wYVc5dWN5NUlZWE5vZEdGaWJHVUNBQUFBQ1FNQUFBQUVBd0FBQUJ4VGVYTjBaVzB1UTI5c2JHVmpkR2x2Ym5NdVNHRnphSFJoWW14bEJ3QUFBQXBNYjJGa1JtRmpkRzl5QjFabGNuTnBiMjRJUTI5dGNHRnlaWElRU0dGemFFTnZaR1ZRY205MmFXUmxjZ2hJWVhOb1UybDZaUVJMWlhsekJsWmhiSFZsY3dBQUF3TUFCUVVMQ0J4VGVYTjBaVzB1UTI5c2JHVmpkR2x2Ym5NdVNVTnZiWEJoY21WeUpGTjVjM1JsYlM1RGIyeHNaV04wYVc5dWN5NUpTR0Z6YUVOdlpHVlFjbTkyYVdSbGNnanNVVGcvRFFBQUFBb0tFUUFBQUFrRUFBQUFDUVVBQUFBUUJBQUFBQXNBQUFBR0JnQUFBQTlPYjBGdWJtOTFibU5sYldWdWRITUdCd0FBQUFwR2FXeDBaWEpNYVc1ckJnZ0FBQUFOYVdSUWNtVnpSVzVoWW14bFpBWUpBQUFBQ1c5d1pXNWZiV1Z1ZFFZS0FBQUFDbE5sYkdWamRHVmtTVVFHQ3dBQUFCQmtkblJmY0hKbGRuQmhaMlZrWVhSaEJnd0FBQUFSWkhaMFgzTjBZWEowY0c5emFYUnBiMjRHRFFBQUFCVlBjR1Z1VFdWdWRVdGxlVUZqWTJWemMybGliR1VHRGdBQUFCQmtkblJmYm1WNGRIQmhaMlZrWVhSaEJnOEFBQUFUYzJWc1pXTjBYMlJsYzJWc1pXTjBYMkZzYkFZUUFBQUFGRTV2UVc1dWIzVnVZMlZ0Wlc1MGMwaHZkMVJ2RUFVQUFBQUxBQUFBQmhFQUFBQlRWR2hsY21VZ1lYSmxJRzV2SUdsMFpXMXpJSFJ2SUhOb2IzY2dhVzRnZEdocGN5QjJhV1YzSUc5bUlIUm9aU0FpVTJoaGNtVmtJRVJ2WTNWdFpXNTBjeUlnWkc5amRXMWxiblFnYkdsaWNtRnllUzRHRWdBQUFBRS9CaE1BQUFBZ1VISmxjMlZ1WTJVZ1pXNWhZbXhsWkNCbWIzSWdkR2hwY3lCamIyeDFiVzRHRkFBQUFBbFBjR1Z1SUUxbGJuVUdGUUFBQUFJdE1RWVdBQUFBTTFCaFoyVmtQVlJTVlVVbVVHRm5aV1JRY21WMlBWUlNWVVVtY0Y5SGNtOTFjRU52YkRFOUpuQmZSM0p2ZFhCRGIyd3lQUVlYQUFBQUFBWVlBQUFBTGxWelpTQlRTRWxHVkN0RlRsUkZVaUIwYnlCdmNHVnVJSFJvWlNCdFpXNTFJQ2h1WlhjZ2QybHVaRzkzS1M0R0dRQUFBRFZRWVdkbFpEMVVVbFZGSm5CZlIzSnZkWEJEYjJ3eFBXMTVTVkltY0Y5SGNtOTFjRU52YkRJOU1ESWxNakJQZG1WeWRtbGxkd1lhQUFBQUhGTmxiR1ZqZENCdmNpQmtaWE5sYkdWamRDQmhiR3dnYVhSbGJYTUdHd0FBQUN0VWJ5QmhaR1FnWVNCdVpYY2dhWFJsYlN3Z1kyeHBZMnNnSWs1bGR5SWdiM0lnSWxWd2JHOWhaQ0l1Q3g0UVJtbHNkR1Z5VDNCbGNtRjBhVzl1Y3pLTkJRQUJBQUFBLy8vLy93RUFBQUFBQUFBQUJBRUFBQUNUQWxONWMzUmxiUzVEYjJ4c1pXTjBhVzl1Y3k1SFpXNWxjbWxqTGtScFkzUnBiMjVoY25sZ01sdGJVM2x6ZEdWdExsTjBjbWx1Wnl3Z2JYTmpiM0pzYVdJc0lGWmxjbk5wYjI0OU5DNHdMakF1TUN3Z1EzVnNkSFZ5WlQxdVpYVjBjbUZzTENCUWRXSnNhV05MWlhsVWIydGxiajFpTnpkaE5XTTFOakU1TXpSbE1EZzVYU3hiVFdsamNtOXpiMlowTGxOb1lYSmxVRzlwYm5RdVYyVmlVR0Z5ZEZCaFoyVnpMa1pwYkhSbGNrOXdaWEpoZEdsdmJpd2dUV2xqY205emIyWjBMbE5vWVhKbFVHOXBiblFzSUZabGNuTnBiMjQ5TVRZdU1DNHdMakFzSUVOMWJIUjFjbVU5Ym1WMWRISmhiQ3dnVUhWaWJHbGpTMlY1Vkc5clpXNDlOekZsT1dKalpURXhNV1U1TkRJNVkxMWRBd0FBQUFkV1pYSnphVzl1Q0VOdmJYQmhjbVZ5Q0VoaGMyaFRhWHBsQUFNQUNKSUJVM2x6ZEdWdExrTnZiR3hsWTNScGIyNXpMa2RsYm1WeWFXTXVSMlZ1WlhKcFkwVnhkV0ZzYVhSNVEyOXRjR0Z5WlhKZ01WdGJVM2x6ZEdWdExsTjBjbWx1Wnl3Z2JYTmpiM0pzYVdJc0lGWmxjbk5wYjI0OU5DNHdMakF1TUN3Z1EzVnNkSFZ5WlQxdVpYVjBjbUZzTENCUWRXSnNhV05MWlhsVWIydGxiajFpTnpkaE5XTTFOakU1TXpSbE1EZzVYVjBJQUFBQUFBa0NBQUFBQUFBQUFBUUNBQUFBa2dGVGVYTjBaVzB1UTI5c2JHVmpkR2x2Ym5NdVIyVnVaWEpwWXk1SFpXNWxjbWxqUlhGMVlXeHBkSGxEYjIxd1lYSmxjbUF4VzF0VGVYTjBaVzB1VTNSeWFXNW5MQ0J0YzJOdmNteHBZaXdnVm1WeWMybHZiajAwTGpBdU1DNHdMQ0JEZFd4MGRYSmxQVzVsZFhSeVlXd3NJRkIxWW14cFkwdGxlVlJ2YTJWdVBXSTNOMkUxWXpVMk1Ua3pOR1V3T0RsZFhRQUFBQUFMSGd4ZmRtbGxkME52ZFc1MFpYSm1aR1FXQW1ZUFpCWUNaZzlrRmdSbUR4WUdIZ3hHWldGMGRYSmxVMk52Y0dVRkJGTnBkR1VlQ0V4dlkyRjBhVzl1QlNGTmFXTnliM052Wm5RdVUyaGhjbVZRYjJsdWRDNVRkR0Z1WkdGeVpFMWxiblVlQjBkeWIzVndTV1FGRUZacFpYZFRaV3hsWTNSdmNrMWxiblZrQWdFUER4WUNIZ2xCWTJObGMzTkxaWGtGQVZka1pBSUZEMlFXQWdJQ0QyUVdCQUlCRDJRV0FnSUREMlFXQW1ZUFpCWUVBZ01QWkJZSUFnRVBGZ1llRTBOc2FXVnVkRTl1UTJ4cFkydFRZM0pwY0hRRmVVVnVjM1Z5WlZOamNtbHdkRVoxYm1Nb0ozTm9ZWEpwYm1jdWFuTW5MQ0FuUkdsemNHeGhlVk5vWVhKbFpGZHBkR2hFYVdGc2IyY25MQ0JtZFc1amRHbHZiaUFvS1NCN0lFUnBjM0JzWVhsVGFHRnlaV1JYYVhSb1JHbGhiRzluS0NkY2RUQXdNbVpCY0hCek1EQmNkVEF3TW1ZbktUc2dmU2tlS0VOc2FXVnVkRTl1UTJ4cFkydFRZM0pwY0hSRGIyNTBZV2x1YVc1blVISmxabWw0WldSVmNtd0ZlVVZ1YzNWeVpWTmpjbWx3ZEVaMWJtTW9KM05vWVhKcGJtY3Vhbk1uTENBblJHbHpjR3hoZVZOb1lYSmxaRmRwZEdoRWFXRnNiMmNuTENCbWRXNWpkR2x2YmlBb0tTQjdJRVJwYzNCc1lYbFRhR0Z5WldSWGFYUm9SR2xoYkc5bktDZGNkVEF3TW1aQmNIQnpNREJjZFRBd01tWW5LVHNnZlNrZUdFTnNhV1Z1ZEU5dVEyeHBZMnRPWVhacFoyRjBaVlZ5YkdSa0FnVVBGZ0llQjFacGMybGliR1ZvWkFJTER4WUNId3BvWkFJU0QyUVdBbVlQRHhZR0hoeFFjbVYyYVc5MWMwRjFkR2h2Y21sdVowbDBaVzFXWlhKemFXOXVaUjRhVUhKbGRtbHZkWE5CZFhSb2IzSnBibWRKZEdWdFQzZHVaWEpsSGh4UWNtVjJhVzkxYzBGMWRHaHZjbWx1WjBOdmJuUnliMnhOYjJSbEN5bUlBVTFwWTNKdmMyOW1kQzVUYUdGeVpWQnZhVzUwTGxkbFlrTnZiblJ5YjJ4ekxsTlFRMjl1ZEhKdmJFMXZaR1VzSUUxcFkzSnZjMjltZEM1VGFHRnlaVkJ2YVc1MExDQldaWEp6YVc5dVBURTJMakF1TUM0d0xDQkRkV3gwZFhKbFBXNWxkWFJ5WVd3c0lGQjFZbXhwWTB0bGVWUnZhMlZ1UFRjeFpUbGlZMlV4TVRGbE9UUXlPV01BWkdRQ0JBOFBGZ0lmQmdVQkwyUmtBZ01QWkJZQ0FnRVBaQllDQWdFUFpCWUdBZ0VQRHhZRUhnUmZJVk5DQWdJZUNFTnpjME5zWVhOekJSZHRjeTF3Y205dGIzUmxaRUZqZEdsdmJrSjFkSFJ2Ym1Sa0FnTVBaQllDWmc4UEZnUWZEZ0lDSHc4RkYyMXpMWEJ5YjIxdmRHVmtRV04wYVc5dVFuVjBkRzl1WkdRQ0JROFBGZ1lmRHdVWGJYTXRjSEp2Ylc5MFpXUkJZM1JwYjI1Q2RYUjBiMjRmRGdJQ0h3cG9aR1FDRHc5a0ZnSUNBUTlrRmdJQ0FRODhLd0FGQVFBUEZnSWVGVkJoY21WdWRFeGxkbVZzYzBScGMzQnNZWGxsWkdaa1pBSVREMlFXQWdJQkQyUVdCZ0lIRDJRV0FnSUREdzhXQWg4S2FHUmtBZ2tQWkJZQ0FnRVBGZ0lmQ21oa0FnMFBEeFlDSHdwb1pCWUNBZ0VQWkJZQ1pnOWtGZ0lDQXc5a0ZnSUNCUTlrRmdJQ0FRODhLd0FKQVFBUEZnUWVEVkJoZEdoVFpYQmhjbUYwYjNJRUNCNE5UbVYyWlhKRmVIQmhibVJsWkdka1pCZ0NCUzFqZEd3d01DUlFiR0ZqWlVodmJHUmxja3hsWm5ST1lYWkNZWElrVmpSUmRXbGphMHhoZFc1amFFMWxiblVQRDJRRkdreHBZbkpoY21sbGMxeFRhR0Z5WldRZ1JHOWpkVzFsYm5SelpBVVhZM1JzTURBa1ZHOXdUbUYyYVdkaGRHbHZiazFsYm5VUEQyUUZGRWh2YldWY1FYQndjeUFtSUZCeWIyUjFZM1J6WkRiYXpkaDZRTldnVDFaVStabUpESUZEUzA2cmpIczg1RTBIWUhnVGVlQ1UiIENvcnJlbGF0aW9uQmluZGluZz0iIiBVcmxFbmNvZGU9IlRydWUiIC8+DQogICAgICAgIDxGb3JtUG9zdFBhcmFtZXRlciBOYW1lPSJfX1ZJRVdTVEFURUdFTkVSQVRPUiIgVmFsdWU9Int7JEhJRERFTjEuX19WSUVXU1RBVEVHRU5FUkFUT1J9fSIgUmVjb3JkZWRWYWx1ZT0iMDZFMkFGMTYiIENvcnJlbGF0aW9uQmluZGluZz0iIiBVcmxFbmNvZGU9IlRydWUiIC8+DQogICAgICAgIDxGb3JtUG9zdFBhcmFtZXRlciBOYW1lPSJfX1NDUk9MTFBPU0lUSU9OWCIgVmFsdWU9Int7JEhJRERFTjEuX19TQ1JPTExQT1NJVElPTlh9fSIgUmVjb3JkZWRWYWx1ZT0iMCIgQ29ycmVsYXRpb25CaW5kaW5nPSIiIFVybEVuY29kZT0iVHJ1ZSIgLz4NCiAgICAgICAgPEZvcm1Qb3N0UGFyYW1ldGVyIE5hbWU9Il9fU0NST0xMUE9TSVRJT05ZIiBWYWx1ZT0ie3skSElEREVOMS5fX1NDUk9MTFBPU0lUSU9OWX19IiBSZWNvcmRlZFZhbHVlPSIwIiBDb3JyZWxhdGlvbkJpbmRpbmc9IiIgVXJsRW5jb2RlPSJUcnVlIiAvPg0KICAgICAgICA8Rm9ybVBvc3RQYXJhbWV0ZXIgTmFtZT0iX19FVkVOVFZBTElEQVRJT04iIFZhbHVlPSJ7eyRISURERU4xLl9fRVZFTlRWQUxJREFUSU9OfX0iIFJlY29yZGVkVmFsdWU9Ii93RWRBQVBQK2xvdG15RUlyREgxeFlZY1piTnNMbVh5WXdBK09mRmFHNUEybHo4bkNMVWdGTHBuS09qdkJBVTJ0WG53RDB4bXVYOXYweFJxS01sYld6dFd0V3pucWQ4c1FoNjAxblJjelQ5Njh1TjZ2UT09IiBDb3JyZWxhdGlvbkJpbmRpbmc9IiIgVXJsRW5jb2RlPSJUcnVlIiAvPg0KICAgICAgICA8Rm9ybVBvc3RQYXJhbWV0ZXIgTmFtZT0iY3RsMDAkY3RsNDQkY3RsMDQiIFZhbHVlPSJSaWJib24uUmVhZCIgUmVjb3JkZWRWYWx1ZT0iUmliYm9uLlJlYWQiIENvcnJlbGF0aW9uQmluZGluZz0ie3tGb3JtUG9zdFBhcmFtMS5jdGwwMCRjdGw0NCRjdGwwNH19IiBVcmxFbmNvZGU9IlRydWUiIC8+DQogICAgICA8L0Zvcm1Qb3N0SHR0cEJvZHk+DQogICAgPC9SZXF1ZXN0Pg0KICAgIDxSZXF1ZXN0IE1ldGhvZD0iUE9TVCIgR3VpZD0iOWQzNDhlZDMtMzhmOC00ZGI1LWE4MmItOWMzYjIzNDVjMTViIiBWZXJzaW9uPSIxLjEiIFVybD0iaHR0cHM6Ly9zcC5jb3JkaXNzb2x1dGlvbnMuY29tL0FwcHMwMC9TaGFyZWQlMjBEb2N1bWVudHMvRm9ybXMvYWxsJTIwZG9jdW1lbnRzLmFzcHgiIFRoaW5rVGltZT0iMCIgVGltZW91dD0iMzAwIiBQYXJzZURlcGVuZGVudFJlcXVlc3RzPSJUcnVlIiBGb2xsb3dSZWRpcmVjdHM9IlRydWUiIFJlY29yZFJlc3VsdD0iVHJ1ZSIgQ2FjaGU9IkZhbHNlIiBSZXNwb25zZVRpbWVHb2FsPSIwIiBFbmNvZGluZz0idXRmLTgiIEV4cGVjdGVkSHR0cFN0YXR1c0NvZGU9IjAiIEV4cGVjdGVkUmVzcG9uc2VVcmw9IiIgUmVwb3J0aW5nTmFtZT0iIiBJZ25vcmVIdHRwU3RhdHVzQ29kZT0iRmFsc2UiPg0KICAgICAgPEhlYWRlcnM+DQogICAgICAgIDxIZWFkZXIgTmFtZT0iUmVmZXJlciIgVmFsdWU9Imh0dHBzOi8vc3AuY29yZGlzc29sdXRpb25zLmNvbS9BcHBzMDAvU2hhcmVkJTIwRG9jdW1lbnRzL0Zvcm1zL2FsbCUyMGRvY3VtZW50cy5hc3B4IiAvPg0KICAgICAgPC9IZWFkZXJzPg0KICAgICAgPENvcnJlbGF0aW9uRXh0cmFjdGlvblJ1bGVzPg0KICAgICAgICA8RXh0cmFjdGlvblJ1bGUgQ2xhc3NuYW1lPSJNaWNyb3NvZnQuVmlzdWFsU3R1ZGlvLlRlc3RUb29scy5XZWJUZXN0aW5nLlJ1bGVzLkV4dHJhY3RUZXh0LCBNaWNyb3NvZnQuVmlzdWFsU3R1ZGlvLlF1YWxpdHlUb29scy5XZWJUZXN0RnJhbWV3b3JrLCBWZXJzaW9uPTEwLjAuMC4wLCBDdWx0dXJlPW5ldXRyYWwsIFB1YmxpY0tleVRva2VuPWIwM2Y1ZjdmMTFkNTBhM2EiIFZhcmlhYmxlTmFtZT0iUXVlcnlTdHJpbmdQYXJhbTc3Ny5Jbml0aWFsVGFiSWQiIERpc3BsYXlOYW1lPSIiIERlc2NyaXB0aW9uPSIiPg0KICAgICAgICAgIDxSdWxlUGFyYW1ldGVycz4NCiAgICAgICAgICAgIDxSdWxlUGFyYW1ldGVyIE5hbWU9IlN0YXJ0c1dpdGgiIFZhbHVlPSI/SW5pdGlhbFRhYklkPSIgLz4NCiAgICAgICAgICAgIDxSdWxlUGFyYW1ldGVyIE5hbWU9IkVuZHNXaXRoIiBWYWx1ZT0iJmFtcDsiIC8+DQogICAgICAgICAgICA8UnVsZVBhcmFtZXRlciBOYW1lPSJJbmRleCIgVmFsdWU9IjEiIC8+DQogICAgICAgICAgICA8UnVsZVBhcmFtZXRlciBOYW1lPSJJZ25vcmVDYXNlIiBWYWx1ZT0iRmFsc2UiIC8+DQogICAgICAgICAgICA8UnVsZVBhcmFtZXRlciBOYW1lPSJVc2VSZWd1bGFyRXhwcmVzc2lvbiIgVmFsdWU9IkZhbHNlIiAvPg0KICAgICAgICAgICAgPFJ1bGVQYXJhbWV0ZXIgTmFtZT0iSHRtbERlY29kZSIgVmFsdWU9IlRydWUiIC8+DQogICAgICAgICAgICA8UnVsZVBhcmFtZXRlciBOYW1lPSJSZXF1aXJlZCIgVmFsdWU9IkZhbHNlIiAvPg0KICAgICAgICAgIDwvUnVsZVBhcmFtZXRlcnM+DQogICAgICAgIDwvRXh0cmFjdGlvblJ1bGU+DQogICAgICAgIDxFeHRyYWN0aW9uUnVsZSBDbGFzc25hbWU9Ik1pY3Jvc29mdC5WaXN1YWxTdHVkaW8uVGVzdFRvb2xzLldlYlRlc3RpbmcuUnVsZXMuRXh0cmFjdFRleHQsIE1pY3Jvc29mdC5WaXN1YWxTdHVkaW8uUXVhbGl0eVRvb2xzLldlYlRlc3RGcmFtZXdvcmssIFZlcnNpb249MTAuMC4wLjAsIEN1bHR1cmU9bmV1dHJhbCwgUHVibGljS2V5VG9rZW49YjAzZjVmN2YxMWQ1MGEzYSIgVmFyaWFibGVOYW1lPSJRdWVyeVN0cmluZ1BhcmFtNzc4LlZpc2liaWxpdHlDb250ZXh0IiBEaXNwbGF5TmFtZT0iIiBEZXNjcmlwdGlvbj0iIj4NCiAgICAgICAgICA8UnVsZVBhcmFtZXRlcnM+DQogICAgICAgICAgICA8UnVsZVBhcmFtZXRlciBOYW1lPSJTdGFydHNXaXRoIiBWYWx1ZT0iJmFtcDthbXA7VmlzaWJpbGl0eUNvbnRleHQ9IiAvPg0KICAgICAgICAgICAgPFJ1bGVQYXJhbWV0ZXIgTmFtZT0iRW5kc1dpdGgiIFZhbHVlPSImcXVvdDsiIC8+DQogICAgICAgICAgICA8UnVsZVBhcmFtZXRlciBOYW1lPSJJbmRleCIgVmFsdWU9IjEiIC8+DQogICAgICAgICAgICA8UnVsZVBhcmFtZXRlciBOYW1lPSJJZ25vcmVDYXNlIiBWYWx1ZT0iRmFsc2UiIC8+DQogICAgICAgICAgICA8UnVsZVBhcmFtZXRlciBOYW1lPSJVc2VSZWd1bGFyRXhwcmVzc2lvbiIgVmFsdWU9IkZhbHNlIiAvPg0KICAgICAgICAgICAgPFJ1bGVQYXJhbWV0ZXIgTmFtZT0iSHRtbERlY29kZSIgVmFsdWU9IlRydWUiIC8+DQogICAgICAgICAgICA8UnVsZVBhcmFtZXRlciBOYW1lPSJSZXF1aXJlZCIgVmFsdWU9IkZhbHNlIiAvPg0KICAgICAgICAgIDwvUnVsZVBhcmFtZXRlcnM+DQogICAgICAgIDwvRXh0cmFjdGlvblJ1bGU+DQogICAgICAgIDxFeHRyYWN0aW9uUnVsZSBDbGFzc25hbWU9Ik1pY3Jvc29mdC5WaXN1YWxTdHVkaW8uVGVzdFRvb2xzLldlYlRlc3RpbmcuUnVsZXMuRXh0cmFjdFRleHQsIE1pY3Jvc29mdC5WaXN1YWxTdHVkaW8uUXVhbGl0eVRvb2xzLldlYlRlc3RGcmFtZXdvcmssIFZlcnNpb249MTAuMC4wLjAsIEN1bHR1cmU9bmV1dHJhbCwgUHVibGljS2V5VG9rZW49YjAzZjVmN2YxMWQ1MGEzYSIgVmFyaWFibGVOYW1lPSJRdWVyeVN0cmluZ1BhcmFtNzkzLkluaXRpYWxUYWJJZCIgRGlzcGxheU5hbWU9IiIgRGVzY3JpcHRpb249IiI+DQogICAgICAgICAgPFJ1bGVQYXJhbWV0ZXJzPg0KICAgICAgICAgICAgPFJ1bGVQYXJhbWV0ZXIgTmFtZT0iU3RhcnRzV2l0aCIgVmFsdWU9Ij9Jbml0aWFsVGFiSWQ9IiAvPg0KICAgICAgICAgICAgPFJ1bGVQYXJhbWV0ZXIgTmFtZT0iRW5kc1dpdGgiIFZhbHVlPSImYW1wOyIgLz4NCiAgICAgICAgICAgIDxSdWxlUGFyYW1ldGVyIE5hbWU9IkluZGV4IiBWYWx1ZT0iMSIgLz4NCiAgICAgICAgICAgIDxSdWxlUGFyYW1ldGVyIE5hbWU9Iklnbm9yZUNhc2UiIFZhbHVlPSJGYWxzZSIgLz4NCiAgICAgICAgICAgIDxSdWxlUGFyYW1ldGVyIE5hbWU9IlVzZVJlZ3VsYXJFeHByZXNzaW9uIiBWYWx1ZT0iRmFsc2UiIC8+DQogICAgICAgICAgICA8UnVsZVBhcmFtZXRlciBOYW1lPSJIdG1sRGVjb2RlIiBWYWx1ZT0iVHJ1ZSIgLz4NCiAgICAgICAgICAgIDxSdWxlUGFyYW1ldGVyIE5hbWU9IlJlcXVpcmVkIiBWYWx1ZT0iRmFsc2UiIC8+DQogICAgICAgICAgPC9SdWxlUGFyYW1ldGVycz4NCiAgICAgICAgPC9FeHRyYWN0aW9uUnVsZT4NCiAgICAgICAgPEV4dHJhY3Rpb25SdWxlIENsYXNzbmFtZT0iTWljcm9zb2Z0LlZpc3VhbFN0dWRpby5UZXN0VG9vbHMuV2ViVGVzdGluZy5SdWxlcy5FeHRyYWN0VGV4dCwgTWljcm9zb2Z0LlZpc3VhbFN0dWRpby5RdWFsaXR5VG9vbHMuV2ViVGVzdEZyYW1ld29yaywgVmVyc2lvbj0xMC4wLjAuMCwgQ3VsdHVyZT1uZXV0cmFsLCBQdWJsaWNLZXlUb2tlbj1iMDNmNWY3ZjExZDUwYTNhIiBWYXJpYWJsZU5hbWU9IlF1ZXJ5U3RyaW5nUGFyYW03OTQuVmlzaWJpbGl0eUNvbnRleHQiIERpc3BsYXlOYW1lPSIiIERlc2NyaXB0aW9uPSIiPg0KICAgICAgICAgIDxSdWxlUGFyYW1ldGVycz4NCiAgICAgICAgICAgIDxSdWxlUGFyYW1ldGVyIE5hbWU9IlN0YXJ0c1dpdGgiIFZhbHVlPSImYW1wO2FtcDtWaXNpYmlsaXR5Q29udGV4dD0iIC8+DQogICAgICAgICAgICA8UnVsZVBhcmFtZXRlciBOYW1lPSJFbmRzV2l0aCIgVmFsdWU9IiZxdW90OyIgLz4NCiAgICAgICAgICAgIDxSdWxlUGFyYW1ldGVyIE5hbWU9IkluZGV4IiBWYWx1ZT0iMSIgLz4NCiAgICAgICAgICAgIDxSdWxlUGFyYW1ldGVyIE5hbWU9Iklnbm9yZUNhc2UiIFZhbHVlPSJGYWxzZSIgLz4NCiAgICAgICAgICAgIDxSdWxlUGFyYW1ldGVyIE5hbWU9IlVzZVJlZ3VsYXJFeHByZXNzaW9uIiBWYWx1ZT0iRmFsc2UiIC8+DQogICAgICAgICAgICA8UnVsZVBhcmFtZXRlciBOYW1lPSJIdG1sRGVjb2RlIiBWYWx1ZT0iVHJ1ZSIgLz4NCiAgICAgICAgICAgIDxSdWxlUGFyYW1ldGVyIE5hbWU9IlJlcXVpcmVkIiBWYWx1ZT0iRmFsc2UiIC8+DQogICAgICAgICAgPC9SdWxlUGFyYW1ldGVycz4NCiAgICAgICAgPC9FeHRyYWN0aW9uUnVsZT4NCiAgICAgIDwvQ29ycmVsYXRpb25FeHRyYWN0aW9uUnVsZXM+DQogICAgICA8UXVlcnlTdHJpbmdQYXJhbWV0ZXJzPg0KICAgICAgICA8UXVlcnlTdHJpbmdQYXJhbWV0ZXIgTmFtZT0iSW5pdGlhbFRhYklkIiBWYWx1ZT0iUmliYm9uJTJFUmVhZCIgUmVjb3JkZWRWYWx1ZT0iUmliYm9uJTJFUmVhZCIgQ29ycmVsYXRpb25CaW5kaW5nPSIiIFVybEVuY29kZT0iRmFsc2UiIFVzZVRvR3JvdXBSZXN1bHRzPSJGYWxzZSIgLz4NCiAgICAgICAgPFF1ZXJ5U3RyaW5nUGFyYW1ldGVyIE5hbWU9IlZpc2liaWxpdHlDb250ZXh0IiBWYWx1ZT0iV1NTVGFiUGVyc2lzdGVuY2UiIFJlY29yZGVkVmFsdWU9IldTU1RhYlBlcnNpc3RlbmNlIiBDb3JyZWxhdGlvbkJpbmRpbmc9IiIgVXJsRW5jb2RlPSJGYWxzZSIgVXNlVG9Hcm91cFJlc3VsdHM9IkZhbHNlIiAvPg0KICAgICAgPC9RdWVyeVN0cmluZ1BhcmFtZXRlcnM+DQogICAgICA8Rm9ybVBvc3RIdHRwQm9keT4NCiAgICAgICAgPEZvcm1Qb3N0UGFyYW1ldGVyIE5hbWU9Il93cGNtV3BpZCIgVmFsdWU9Int7JEhJRERFTjEuX3dwY21XcGlkfX0iIFJlY29yZGVkVmFsdWU9IiIgQ29ycmVsYXRpb25CaW5kaW5nPSIiIFVybEVuY29kZT0iVHJ1ZSIgLz4NCiAgICAgICAgPEZvcm1Qb3N0UGFyYW1ldGVyIE5hbWU9IndwY21WYWwiIFZhbHVlPSJ7eyRISURERU4xLndwY21WYWx9fSIgUmVjb3JkZWRWYWx1ZT0iIiBDb3JyZWxhdGlvbkJpbmRpbmc9IiIgVXJsRW5jb2RlPSJUcnVlIiAvPg0KICAgICAgICA8Rm9ybVBvc3RQYXJhbWV0ZXIgTmFtZT0iTVNPV2ViUGFydFBhZ2VfUG9zdGJhY2tTb3VyY2UiIFZhbHVlPSJ7eyRISURERU4xLk1TT1dlYlBhcnRQYWdlX1Bvc3RiYWNrU291cmNlfX0iIFJlY29yZGVkVmFsdWU9IiIgQ29ycmVsYXRpb25CaW5kaW5nPSIiIFVybEVuY29kZT0iVHJ1ZSIgLz4NCiAgICAgICAgPEZvcm1Qb3N0UGFyYW1ldGVyIE5hbWU9Ik1TT1RsUG5fU2VsZWN0ZWRXcElkIiBWYWx1ZT0ie3skSElEREVOMS5NU09UbFBuX1NlbGVjdGVkV3BJZH19IiBSZWNvcmRlZFZhbHVlPSIiIENvcnJlbGF0aW9uQmluZGluZz0iIiBVcmxFbmNvZGU9IlRydWUiIC8+DQogICAgICAgIDxGb3JtUG9zdFBhcmFtZXRlciBOYW1lPSJNU09UbFBuX1ZpZXciIFZhbHVlPSJ7eyRISURERU4xLk1TT1RsUG5fVmlld319IiBSZWNvcmRlZFZhbHVlPSIwIiBDb3JyZWxhdGlvbkJpbmRpbmc9IiIgVXJsRW5jb2RlPSJUcnVlIiAvPg0KICAgICAgICA8Rm9ybVBvc3RQYXJhbWV0ZXIgTmFtZT0iTVNPVGxQbl9TaG93U2V0dGluZ3MiIFZhbHVlPSJ7eyRISURERU4xLk1TT1RsUG5fU2hvd1NldHRpbmdzfX0iIFJlY29yZGVkVmFsdWU9IkZhbHNlIiBDb3JyZWxhdGlvbkJpbmRpbmc9IiIgVXJsRW5jb2RlPSJUcnVlIiAvPg0KICAgICAgICA8Rm9ybVBvc3RQYXJhbWV0ZXIgTmFtZT0iTVNPR2FsbGVyeV9TZWxlY3RlZExpYnJhcnkiIFZhbHVlPSJ7eyRISURERU4xLk1TT0dhbGxlcnlfU2VsZWN0ZWRMaWJyYXJ5fX0iIFJlY29yZGVkVmFsdWU9IiIgQ29ycmVsYXRpb25CaW5kaW5nPSIiIFVybEVuY29kZT0iVHJ1ZSIgLz4NCiAgICAgICAgPEZvcm1Qb3N0UGFyYW1ldGVyIE5hbWU9Ik1TT0dhbGxlcnlfRmlsdGVyU3RyaW5nIiBWYWx1ZT0ie3skSElEREVOMS5NU09HYWxsZXJ5X0ZpbHRlclN0cmluZ319IiBSZWNvcmRlZFZhbHVlPSIiIENvcnJlbGF0aW9uQmluZGluZz0iIiBVcmxFbmNvZGU9IlRydWUiIC8+DQogICAgICAgIDxGb3JtUG9zdFBhcmFtZXRlciBOYW1lPSJNU09UbFBuX0J1dHRvbiIgVmFsdWU9Int7JEhJRERFTjEuTVNPVGxQbl9CdXR0b259fSIgUmVjb3JkZWRWYWx1ZT0ibm9uZSIgQ29ycmVsYXRpb25CaW5kaW5nPSIiIFVybEVuY29kZT0iVHJ1ZSIgLz4NCiAgICAgICAgPEZvcm1Qb3N0UGFyYW1ldGVyIE5hbWU9Il9fRVZFTlRUQVJHRVQiIFZhbHVlPSJ7eyRISURERU4xLl9fRVZFTlRUQVJHRVR9fSIgUmVjb3JkZWRWYWx1ZT0iIiBDb3JyZWxhdGlvbkJpbmRpbmc9IiIgVXJsRW5jb2RlPSJUcnVlIiAvPg0KICAgICAgICA8Rm9ybVBvc3RQYXJhbWV0ZXIgTmFtZT0iX19FVkVOVEFSR1VNRU5UIiBWYWx1ZT0ie3skSElEREVOMS5fX0VWRU5UQVJHVU1FTlR9fSIgUmVjb3JkZWRWYWx1ZT0iIiBDb3JyZWxhdGlvbkJpbmRpbmc9IiIgVXJsRW5jb2RlPSJUcnVlIiAvPg0KICAgICAgICA8Rm9ybVBvc3RQYXJhbWV0ZXIgTmFtZT0iX19SRVFVRVNURElHRVNUIiBWYWx1ZT0ie3skSElEREVOMS5fX1JFUVVFU1RESUdFU1R9fSIgUmVjb3JkZWRWYWx1ZT0iMHg4RkU0OTc1RTUyRDYwRjUxRDA4NzJDQzk1Rjc5MEU1MDJFNzFFQzk5NTBFNzQ3OThFQ0I1MDgyRjU1MTA2MkY3NjgxNTZBNTNBMTM0MzM3RDE2RDE1NjFDRTgzRUREMjk0QUM4MjJFMUVBRDA0QkQ5N0ZFOTA4MkNERTI3NkU5QSwxMyBKdW4gMjAxOCAxMTozNzoyOCAtMDAwMCIgQ29ycmVsYXRpb25CaW5kaW5nPSIiIFVybEVuY29kZT0iVHJ1ZSIgLz4NCiAgICAgICAgPEZvcm1Qb3N0UGFyYW1ldGVyIE5hbWU9Ik1TT1NQV2ViUGFydE1hbmFnZXJfRGlzcGxheU1vZGVOYW1lIiBWYWx1ZT0ie3skSElEREVOMS5NU09TUFdlYlBhcnRNYW5hZ2VyX0Rpc3BsYXlNb2RlTmFtZX19IiBSZWNvcmRlZFZhbHVlPSJCcm93c2UiIENvcnJlbGF0aW9uQmluZGluZz0iIiBVcmxFbmNvZGU9IlRydWUiIC8+DQogICAgICAgIDxGb3JtUG9zdFBhcmFtZXRlciBOYW1lPSJNU09TUFdlYlBhcnRNYW5hZ2VyX0V4aXRpbmdEZXNpZ25Nb2RlIiBWYWx1ZT0ie3skSElEREVOMS5NU09TUFdlYlBhcnRNYW5hZ2VyX0V4aXRpbmdEZXNpZ25Nb2RlfX0iIFJlY29yZGVkVmFsdWU9ImZhbHNlIiBDb3JyZWxhdGlvbkJpbmRpbmc9IiIgVXJsRW5jb2RlPSJUcnVlIiAvPg0KICAgICAgICA8Rm9ybVBvc3RQYXJhbWV0ZXIgTmFtZT0iTVNPV2ViUGFydFBhZ2VfU2hhcmVkIiBWYWx1ZT0ie3skSElEREVOMS5NU09XZWJQYXJ0UGFnZV9TaGFyZWR9fSIgUmVjb3JkZWRWYWx1ZT0iIiBDb3JyZWxhdGlvbkJpbmRpbmc9IiIgVXJsRW5jb2RlPSJUcnVlIiAvPg0KICAgICAgICA8Rm9ybVBvc3RQYXJhbWV0ZXIgTmFtZT0iTVNPTGF5b3V0X0xheW91dENoYW5nZXMiIFZhbHVlPSJ7eyRISURERU4xLk1TT0xheW91dF9MYXlvdXRDaGFuZ2VzfX0iIFJlY29yZGVkVmFsdWU9IiIgQ29ycmVsYXRpb25CaW5kaW5nPSIiIFVybEVuY29kZT0iVHJ1ZSIgLz4NCiAgICAgICAgPEZvcm1Qb3N0UGFyYW1ldGVyIE5hbWU9Ik1TT0xheW91dF9JbkRlc2lnbk1vZGUiIFZhbHVlPSJ7eyRISURERU4xLk1TT0xheW91dF9JbkRlc2lnbk1vZGV9fSIgUmVjb3JkZWRWYWx1ZT0iIiBDb3JyZWxhdGlvbkJpbmRpbmc9IiIgVXJsRW5jb2RlPSJUcnVlIiAvPg0KICAgICAgICA8Rm9ybVBvc3RQYXJhbWV0ZXIgTmFtZT0iX3dwU2VsZWN0ZWQiIFZhbHVlPSJ7eyRISURERU4xLl93cFNlbGVjdGVkfX0iIFJlY29yZGVkVmFsdWU9Ik1TT1pvbmVDZWxsX1dlYlBhcnRXUFEyIiBDb3JyZWxhdGlvbkJpbmRpbmc9IiIgVXJsRW5jb2RlPSJUcnVlIiAvPg0KICAgICAgICA8Rm9ybVBvc3RQYXJhbWV0ZXIgTmFtZT0iX3d6U2VsZWN0ZWQiIFZhbHVlPSJ7eyRISURERU4xLl93elNlbGVjdGVkfX0iIFJlY29yZGVkVmFsdWU9IiIgQ29ycmVsYXRpb25CaW5kaW5nPSIiIFVybEVuY29kZT0iVHJ1ZSIgLz4NCiAgICAgICAgPEZvcm1Qb3N0UGFyYW1ldGVyIE5hbWU9Ik1TT1NQV2ViUGFydE1hbmFnZXJfT2xkRGlzcGxheU1vZGVOYW1lIiBWYWx1ZT0ie3skSElEREVOMS5NU09TUFdlYlBhcnRNYW5hZ2VyX09sZERpc3BsYXlNb2RlTmFtZX19IiBSZWNvcmRlZFZhbHVlPSJCcm93c2UiIENvcnJlbGF0aW9uQmluZGluZz0iIiBVcmxFbmNvZGU9IlRydWUiIC8+DQogICAgICAgIDxGb3JtUG9zdFBhcmFtZXRlciBOYW1lPSJNU09TUFdlYlBhcnRNYW5hZ2VyX1N0YXJ0V2ViUGFydEVkaXRpbmdOYW1lIiBWYWx1ZT0ie3skSElEREVOMS5NU09TUFdlYlBhcnRNYW5hZ2VyX1N0YXJ0V2ViUGFydEVkaXRpbmdOYW1lfX0iIFJlY29yZGVkVmFsdWU9ImZhbHNlIiBDb3JyZWxhdGlvbkJpbmRpbmc9IiIgVXJsRW5jb2RlPSJUcnVlIiAvPg0KICAgICAgICA8Rm9ybVBvc3RQYXJhbWV0ZXIgTmFtZT0iTVNPU1BXZWJQYXJ0TWFuYWdlcl9FbmRXZWJQYXJ0RWRpdGluZyIgVmFsdWU9Int7JEhJRERFTjEuTVNPU1BXZWJQYXJ0TWFuYWdlcl9FbmRXZWJQYXJ0RWRpdGluZ319IiBSZWNvcmRlZFZhbHVlPSJmYWxzZSIgQ29ycmVsYXRpb25CaW5kaW5nPSIiIFVybEVuY29kZT0iVHJ1ZSIgLz4NCiAgICAgICAgPEZvcm1Qb3N0UGFyYW1ldGVyIE5hbWU9Il9tYWludGFpbldvcmtzcGFjZVNjcm9sbFBvc2l0aW9uIiBWYWx1ZT0ie3skSElEREVOMS5fbWFpbnRhaW5Xb3Jrc3BhY2VTY3JvbGxQb3NpdGlvbn19IiBSZWNvcmRlZFZhbHVlPSIwIiBDb3JyZWxhdGlvbkJpbmRpbmc9IiIgVXJsRW5jb2RlPSJUcnVlIiAvPg0KICAgICAgICA8Rm9ybVBvc3RQYXJhbWV0ZXIgTmFtZT0iX19WSUVXU1RBVEUiIFZhbHVlPSJ7eyRISURERU4xLl9fVklFV1NUQVRFfX0iIFJlY29yZGVkVmFsdWU9Ii93RVBEd1VKTWpJNE16UTFPRGMxRDJRV0FtWVBaQllDQWdFUFpCWUVBZ0VQWkJZQ0Foa1BaQllDQWdNUFpCWUNBZ0VQWkJZQ1pnOFVLd0FHWkFVdWFIUjBjSE02THk5emNDNWxlR05sYkhOMWNIQnZjblF1YjNKbk9qUTBNeTl0ZVM5UVpYSnpiMjR1WVhOd2VBVWphSFIwY0hNNkx5OXpjQzVsZUdObGJITjFjSEJ2Y25RdWIzSm5PalEwTXk5dGVTOEZIeTlCY0hCek1EQXZYMnhoZVc5MWRITXZNVFV2YlhsemRXSnpMbUZ6Y0hnRm53RXZRWEJ3Y3pBd0wxOXNZWGx2ZFhSekx6RTFMM0psWjJsdmJtRnNjMlYwYm1jdVlYTndlRDkwZVhCbFBYVnpaWEltYzI5MWNtTmxQV2gwZEhCekpUTkJKVEpHSlRKR2MzQWxNa1ZqYjNKa2FYTnpiMngxZEdsdmJuTWxNa1ZqYjIwbE1rWkJjSEJ6TURBbE1rWlRhR0Z5WldRbE1qQkViMk4xYldWdWRITWxNa1pHYjNKdGN5VXlSbUZzYkNVeU1HUnZZM1Z0Wlc1MGN5VXlSV0Z6Y0hnRjh3Rm9kSFJ3Y3pvdkwzTndMbVY0WTJWc2MzVndjRzl5ZEM1dmNtYzZORFF6TDIxNUwxOXNZWGx2ZFhSekx6RTFMMFZrYVhSUWNtOW1hV3hsTG1GemNIZy9WWE5sY2xObGRIUnBibWR6VUhKdmRtbGtaWEk5TWpNMFltWXdaV1FsTWtRM01HUmlKVEpFTkRFMU9DVXlSR0V6TXpJbE1rUTBaR1prTmpnellqUXhORGdtVW1WMGRYSnVWWEpzUFdoMGRIQnpKVE5CSlRKR0pUSkdjM0FsTWtWamIzSmthWE56YjJ4MWRHbHZibk1sTWtWamIyMGxNa1pCY0hCek1EQWxNa1pUYUdGeVpXUWxNakJFYjJOMWJXVnVkSE1sTWtaR2IzSnRjeVV5Um1Gc2JDVXlNR1J2WTNWdFpXNTBjeVV5UldGemNIaGtBZ2NQWkJZSUFnRVBaQllDQWdFUFpCWUNCU1puWHpFeU5qY3hOV0kzWDJJMVpqaGZOR0ZrWWw4NFlUTmhYMkU1TkdReU1EaGpNakJoTlJBUEZnWWVDMUJoY21GdFZtRnNkV1Z6TXNnSUFBRUFBQUQvLy8vL0FRQUFBQUFBQUFBTUFnQUFBRmhOYVdOeWIzTnZablF1VTJoaGNtVlFiMmx1ZEN3Z1ZtVnljMmx2YmoweE5pNHdMakF1TUN3Z1EzVnNkSFZ5WlQxdVpYVjBjbUZzTENCUWRXSnNhV05MWlhsVWIydGxiajAzTVdVNVltTmxNVEV4WlRrME1qbGpCUUVBQUFBOVRXbGpjbTl6YjJaMExsTm9ZWEpsVUc5cGJuUXVWMlZpVUdGeWRGQmhaMlZ6TGxCaGNtRnRaWFJsY2s1aGJXVldZV3gxWlVoaGMyaDBZV0pzWlFFQUFBQUZYMk52Ykd3REhGTjVjM1JsYlM1RGIyeHNaV04wYVc5dWN5NUlZWE5vZEdGaWJHVUNBQUFBQ1FNQUFBQUVBd0FBQUJ4VGVYTjBaVzB1UTI5c2JHVmpkR2x2Ym5NdVNHRnphSFJoWW14bEJ3QUFBQXBNYjJGa1JtRmpkRzl5QjFabGNuTnBiMjRJUTI5dGNHRnlaWElRU0dGemFFTnZaR1ZRY205MmFXUmxjZ2hJWVhOb1UybDZaUVJMWlhsekJsWmhiSFZsY3dBQUF3TUFCUVVMQ0J4VGVYTjBaVzB1UTI5c2JHVmpkR2x2Ym5NdVNVTnZiWEJoY21WeUpGTjVjM1JsYlM1RGIyeHNaV04wYVc5dWN5NUpTR0Z6YUVOdlpHVlFjbTkyYVdSbGNnanNVVGcvRFFBQUFBb0tFUUFBQUFrRUFBQUFDUVVBQUFBUUJBQUFBQXNBQUFBR0JnQUFBQTlPYjBGdWJtOTFibU5sYldWdWRITUdCd0FBQUFwR2FXeDBaWEpNYVc1ckJnZ0FBQUFOYVdSUWNtVnpSVzVoWW14bFpBWUpBQUFBQ1c5d1pXNWZiV1Z1ZFFZS0FBQUFDbE5sYkdWamRHVmtTVVFHQ3dBQUFCQmtkblJmY0hKbGRuQmhaMlZrWVhSaEJnd0FBQUFSWkhaMFgzTjBZWEowY0c5emFYUnBiMjRHRFFBQUFCVlBjR1Z1VFdWdWRVdGxlVUZqWTJWemMybGliR1VHRGdBQUFCQmtkblJmYm1WNGRIQmhaMlZrWVhSaEJnOEFBQUFUYzJWc1pXTjBYMlJsYzJWc1pXTjBYMkZzYkFZUUFBQUFGRTV2UVc1dWIzVnVZMlZ0Wlc1MGMwaHZkMVJ2RUFVQUFBQUxBQUFBQmhFQUFBQlRWR2hsY21VZ1lYSmxJRzV2SUdsMFpXMXpJSFJ2SUhOb2IzY2dhVzRnZEdocGN5QjJhV1YzSUc5bUlIUm9aU0FpVTJoaGNtVmtJRVJ2WTNWdFpXNTBjeUlnWkc5amRXMWxiblFnYkdsaWNtRnllUzRHRWdBQUFBRS9CaE1BQUFBZ1VISmxjMlZ1WTJVZ1pXNWhZbXhsWkNCbWIzSWdkR2hwY3lCamIyeDFiVzRHRkFBQUFBbFBjR1Z1SUUxbGJuVUdGUUFBQUFJdE1RWVdBQUFBTTFCaFoyVmtQVlJTVlVVbVVHRm5aV1JRY21WMlBWUlNWVVVtY0Y5SGNtOTFjRU52YkRFOUpuQmZSM0p2ZFhCRGIyd3lQUVlYQUFBQUFBWVlBQUFBTGxWelpTQlRTRWxHVkN0RlRsUkZVaUIwYnlCdmNHVnVJSFJvWlNCdFpXNTFJQ2h1WlhjZ2QybHVaRzkzS1M0R0dRQUFBRFZRWVdkbFpEMVVVbFZGSm5CZlIzSnZkWEJEYjJ3eFBXMTVTVkltY0Y5SGNtOTFjRU52YkRJOU1ESWxNakJQZG1WeWRtbGxkd1lhQUFBQUhGTmxiR1ZqZENCdmNpQmtaWE5sYkdWamRDQmhiR3dnYVhSbGJYTUdHd0FBQUN0VWJ5QmhaR1FnWVNCdVpYY2dhWFJsYlN3Z1kyeHBZMnNnSWs1bGR5SWdiM0lnSWxWd2JHOWhaQ0l1Q3g0UVJtbHNkR1Z5VDNCbGNtRjBhVzl1Y3pLTkJRQUJBQUFBLy8vLy93RUFBQUFBQUFBQUJBRUFBQUNUQWxONWMzUmxiUzVEYjJ4c1pXTjBhVzl1Y3k1SFpXNWxjbWxqTGtScFkzUnBiMjVoY25sZ01sdGJVM2x6ZEdWdExsTjBjbWx1Wnl3Z2JYTmpiM0pzYVdJc0lGWmxjbk5wYjI0OU5DNHdMakF1TUN3Z1EzVnNkSFZ5WlQxdVpYVjBjbUZzTENCUWRXSnNhV05MWlhsVWIydGxiajFpTnpkaE5XTTFOakU1TXpSbE1EZzVYU3hiVFdsamNtOXpiMlowTGxOb1lYSmxVRzlwYm5RdVYyVmlVR0Z5ZEZCaFoyVnpMa1pwYkhSbGNrOXdaWEpoZEdsdmJpd2dUV2xqY205emIyWjBMbE5vWVhKbFVHOXBiblFzSUZabGNuTnBiMjQ5TVRZdU1DNHdMakFzSUVOMWJIUjFjbVU5Ym1WMWRISmhiQ3dnVUhWaWJHbGpTMlY1Vkc5clpXNDlOekZsT1dKalpURXhNV1U1TkRJNVkxMWRBd0FBQUFkV1pYSnphVzl1Q0VOdmJYQmhjbVZ5Q0VoaGMyaFRhWHBsQUFNQUNKSUJVM2x6ZEdWdExrTnZiR3hsWTNScGIyNXpMa2RsYm1WeWFXTXVSMlZ1WlhKcFkwVnhkV0ZzYVhSNVEyOXRjR0Z5WlhKZ01WdGJVM2x6ZEdWdExsTjBjbWx1Wnl3Z2JYTmpiM0pzYVdJc0lGWmxjbk5wYjI0OU5DNHdMakF1TUN3Z1EzVnNkSFZ5WlQxdVpYVjBjbUZzTENCUWRXSnNhV05MWlhsVWIydGxiajFpTnpkaE5XTTFOakU1TXpSbE1EZzVYVjBJQUFBQUFBa0NBQUFBQUFBQUFBUUNBQUFBa2dGVGVYTjBaVzB1UTI5c2JHVmpkR2x2Ym5NdVIyVnVaWEpwWXk1SFpXNWxjbWxqUlhGMVlXeHBkSGxEYjIxd1lYSmxjbUF4VzF0VGVYTjBaVzB1VTNSeWFXNW5MQ0J0YzJOdmNteHBZaXdnVm1WeWMybHZiajAwTGpBdU1DNHdMQ0JEZFd4MGRYSmxQVzVsZFhSeVlXd3NJRkIxWW14cFkwdGxlVlJ2YTJWdVBXSTNOMkUxWXpVMk1Ua3pOR1V3T0RsZFhRQUFBQUFMSGd4ZmRtbGxkME52ZFc1MFpYSm1aR1FXQW1ZUFpCWUNaZzlrRmdSbUR4WUdIZ3hHWldGMGRYSmxVMk52Y0dVRkJGTnBkR1VlQ0V4dlkyRjBhVzl1QlNGTmFXTnliM052Wm5RdVUyaGhjbVZRYjJsdWRDNVRkR0Z1WkdGeVpFMWxiblVlQjBkeWIzVndTV1FGRUZacFpYZFRaV3hsWTNSdmNrMWxiblZrQWdFUER4WUNIZ2xCWTJObGMzTkxaWGtGQVZka1pBSUZEMlFXQWdJQ0QyUVdCQUlCRDJRV0FnSUREMlFXQW1ZUFpCWUVBZ01QWkJZSUFnRVBGZ1llRTBOc2FXVnVkRTl1UTJ4cFkydFRZM0pwY0hRRmVVVnVjM1Z5WlZOamNtbHdkRVoxYm1Nb0ozTm9ZWEpwYm1jdWFuTW5MQ0FuUkdsemNHeGhlVk5vWVhKbFpGZHBkR2hFYVdGc2IyY25MQ0JtZFc1amRHbHZiaUFvS1NCN0lFUnBjM0JzWVhsVGFHRnlaV1JYYVhSb1JHbGhiRzluS0NkY2RUQXdNbVpCY0hCek1EQmNkVEF3TW1ZbktUc2dmU2tlS0VOc2FXVnVkRTl1UTJ4cFkydFRZM0pwY0hSRGIyNTBZV2x1YVc1blVISmxabWw0WldSVmNtd0ZlVVZ1YzNWeVpWTmpjbWx3ZEVaMWJtTW9KM05vWVhKcGJtY3Vhbk1uTENBblJHbHpjR3hoZVZOb1lYSmxaRmRwZEdoRWFXRnNiMmNuTENCbWRXNWpkR2x2YmlBb0tTQjdJRVJwYzNCc1lYbFRhR0Z5WldSWGFYUm9SR2xoYkc5bktDZGNkVEF3TW1aQmNIQnpNREJjZFRBd01tWW5LVHNnZlNrZUdFTnNhV1Z1ZEU5dVEyeHBZMnRPWVhacFoyRjBaVlZ5YkdSa0FnVVBGZ0llQjFacGMybGliR1ZvWkFJTER4WUNId3BvWkFJU0QyUVdBbVlQRHhZR0hoeFFjbVYyYVc5MWMwRjFkR2h2Y21sdVowbDBaVzFXWlhKemFXOXVaUjRhVUhKbGRtbHZkWE5CZFhSb2IzSnBibWRKZEdWdFQzZHVaWEpsSGh4UWNtVjJhVzkxYzBGMWRHaHZjbWx1WjBOdmJuUnliMnhOYjJSbEN5bUlBVTFwWTNKdmMyOW1kQzVUYUdGeVpWQnZhVzUwTGxkbFlrTnZiblJ5YjJ4ekxsTlFRMjl1ZEhKdmJFMXZaR1VzSUUxcFkzSnZjMjltZEM1VGFHRnlaVkJ2YVc1MExDQldaWEp6YVc5dVBURTJMakF1TUM0d0xDQkRkV3gwZFhKbFBXNWxkWFJ5WVd3c0lGQjFZbXhwWTB0bGVWUnZhMlZ1UFRjeFpUbGlZMlV4TVRGbE9UUXlPV01BWkdRQ0JBOFBGZ0lmQmdVQkwyUmtBZ01QWkJZQ0FnRVBaQllDQWdFUFpCWUdBZ0VQRHhZRUhnUmZJVk5DQWdJZUNFTnpjME5zWVhOekJSZHRjeTF3Y205dGIzUmxaRUZqZEdsdmJrSjFkSFJ2Ym1Sa0FnTVBaQllDWmc4UEZnUWZEZ0lDSHc4RkYyMXpMWEJ5YjIxdmRHVmtRV04wYVc5dVFuVjBkRzl1WkdRQ0JROFBGZ1lmRHdVWGJYTXRjSEp2Ylc5MFpXUkJZM1JwYjI1Q2RYUjBiMjRmRGdJQ0h3cG9aR1FDRHc5a0ZnSUNBUTlrRmdJQ0FRODhLd0FGQVFBUEZnSWVGVkJoY21WdWRFeGxkbVZzYzBScGMzQnNZWGxsWkdaa1pBSVREMlFXQWdJQkQyUVdCZ0lIRDJRV0FnSUREdzhXQWg4S2FHUmtBZ2tQWkJZQ0FnRVBGZ0lmQ21oa0FnMFBEeFlDSHdwb1pCWUNBZ0VQWkJZQ1pnOWtGZ0lDQXc5a0ZnSUNCUTlrRmdJQ0FRODhLd0FKQVFBUEZnUWVEVkJoZEdoVFpYQmhjbUYwYjNJRUNCNE5UbVYyWlhKRmVIQmhibVJsWkdka1pCZ0NCUzFqZEd3d01DUlFiR0ZqWlVodmJHUmxja3hsWm5ST1lYWkNZWElrVmpSUmRXbGphMHhoZFc1amFFMWxiblVQRDJRRkdreHBZbkpoY21sbGMxeFRhR0Z5WldRZ1JHOWpkVzFsYm5SelpBVVhZM1JzTURBa1ZHOXdUbUYyYVdkaGRHbHZiazFsYm5VUEQyUUZGRWh2YldWY1FYQndjeUFtSUZCeWIyUjFZM1J6WkRiYXpkaDZRTldnVDFaVStabUpESUZEUzA2cmpIczg1RTBIWUhnVGVlQ1UiIENvcnJlbGF0aW9uQmluZGluZz0iIiBVcmxFbmNvZGU9IlRydWUiIC8+DQogICAgICAgIDxGb3JtUG9zdFBhcmFtZXRlciBOYW1lPSJfX1ZJRVdTVEFURUdFTkVSQVRPUiIgVmFsdWU9Int7JEhJRERFTjEuX19WSUVXU1RBVEVHRU5FUkFUT1J9fSIgUmVjb3JkZWRWYWx1ZT0iMDZFMkFGMTYiIENvcnJlbGF0aW9uQmluZGluZz0iIiBVcmxFbmNvZGU9IlRydWUiIC8+DQogICAgICAgIDxGb3JtUG9zdFBhcmFtZXRlciBOYW1lPSJfX1NDUk9MTFBPU0lUSU9OWCIgVmFsdWU9Int7JEhJRERFTjEuX19TQ1JPTExQT1NJVElPTlh9fSIgUmVjb3JkZWRWYWx1ZT0iMCIgQ29ycmVsYXRpb25CaW5kaW5nPSIiIFVybEVuY29kZT0iVHJ1ZSIgLz4NCiAgICAgICAgPEZvcm1Qb3N0UGFyYW1ldGVyIE5hbWU9Il9fU0NST0xMUE9TSVRJT05ZIiBWYWx1ZT0ie3skSElEREVOMS5fX1NDUk9MTFBPU0lUSU9OWX19IiBSZWNvcmRlZFZhbHVlPSIwIiBDb3JyZWxhdGlvbkJpbmRpbmc9IiIgVXJsRW5jb2RlPSJUcnVlIiAvPg0KICAgICAgICA8Rm9ybVBvc3RQYXJhbWV0ZXIgTmFtZT0iX19FVkVOVFZBTElEQVRJT04iIFZhbHVlPSJ7eyRISURERU4xLl9fRVZFTlRWQUxJREFUSU9OfX0iIFJlY29yZGVkVmFsdWU9Ii93RWRBQVBQK2xvdG15RUlyREgxeFlZY1piTnNMbVh5WXdBK09mRmFHNUEybHo4bkNMVWdGTHBuS09qdkJBVTJ0WG53RDB4bXVYOXYweFJxS01sYld6dFd0V3pucWQ4c1FoNjAxblJjelQ5Njh1TjZ2UT09IiBDb3JyZWxhdGlvbkJpbmRpbmc9IiIgVXJsRW5jb2RlPSJUcnVlIiAvPg0KICAgICAgICA8Rm9ybVBvc3RQYXJhbWV0ZXIgTmFtZT0iY3RsMDAkY3RsNDQkY3RsMDQiIFZhbHVlPSJSaWJib24uUmVhZCIgUmVjb3JkZWRWYWx1ZT0iUmliYm9uLlJlYWQiIENvcnJlbGF0aW9uQmluZGluZz0ie3tGb3JtUG9zdFBhcmFtMzcuY3RsMDAkY3RsNDQkY3RsMDR9fSIgVXJsRW5jb2RlPSJUcnVlIiAvPg0KICAgICAgPC9Gb3JtUG9zdEh0dHBCb2R5Pg0KICAgIDwvUmVxdWVzdD4NCiAgICA8UmVxdWVzdCBNZXRob2Q9IkdFVCIgR3VpZD0iMzJmNjgyZGQtYTFmYS00NzVlLWI4MzAtYzI3ODhlOGY5YWM5IiBWZXJzaW9uPSIxLjEiIFVybD0iaHR0cHM6Ly9zcC5jb3JkaXNzb2x1dGlvbnMuY29tL19sYXlvdXRzLzE1L2ZvbnRzL3NoZWxsaWNvbnMuZW90IiBUaGlua1RpbWU9IjEiIFRpbWVvdXQ9IjMwMCIgUGFyc2VEZXBlbmRlbnRSZXF1ZXN0cz0iVHJ1ZSIgRm9sbG93UmVkaXJlY3RzPSJUcnVlIiBSZWNvcmRSZXN1bHQ9IlRydWUiIENhY2hlPSJGYWxzZSIgUmVzcG9uc2VUaW1lR29hbD0iMCIgRW5jb2Rpbmc9InV0Zi04IiBFeHBlY3RlZEh0dHBTdGF0dXNDb2RlPSIwIiBFeHBlY3RlZFJlc3BvbnNlVXJsPSIiIFJlcG9ydGluZ05hbWU9IiIgSWdub3JlSHR0cFN0YXR1c0NvZGU9IkZhbHNlIj4NCiAgICAgIDxIZWFkZXJzPg0KICAgICAgICA8SGVhZGVyIE5hbWU9IlJlZmVyZXIiIFZhbHVlPSJodHRwczovL3NwLmNvcmRpc3NvbHV0aW9ucy5jb20vQXBwczAwL1NoYXJlZCUyMERvY3VtZW50cy9Gb3Jtcy9hbGwlMjBkb2N1bWVudHMuYXNweD9Jbml0aWFsVGFiSWQ9UmliYm9uLlJlYWQmYW1wO1Zpc2liaWxpdHlDb250ZXh0PVdTU1RhYlBlcnNpc3RlbmNlIiAvPg0KICAgICAgPC9IZWFkZXJzPg0KICAgICAgPFF1ZXJ5U3RyaW5nUGFyYW1ldGVycz4NCiAgICAgICAgPFF1ZXJ5U3RyaW5nUGFyYW1ldGVyIE5hbWU9IiIgVmFsdWU9IiIgUmVjb3JkZWRWYWx1ZT0iIiBDb3JyZWxhdGlvbkJpbmRpbmc9IiIgVXJsRW5jb2RlPSJGYWxzZSIgVXNlVG9Hcm91cFJlc3VsdHM9IkZhbHNlIiAvPg0KICAgICAgPC9RdWVyeVN0cmluZ1BhcmFtZXRlcnM+DQogICAgPC9SZXF1ZXN0Pg0KICAgIDxSZXF1ZXN0IE1ldGhvZD0iR0VUIiBHdWlkPSJmOTk5ZmMyYS04ZGM5LTRiMjUtOWUxNy04NmZkYjM3MmM1MTUiIFZlcnNpb249IjEuMSIgVXJsPSJodHRwczovL3NwLmNvcmRpc3NvbHV0aW9ucy5jb20vQXBwczAwL19hcGkvc2VhcmNoL3NlYXJjaGNlbnRlcnVybCIgVGhpbmtUaW1lPSIwIiBUaW1lb3V0PSIzMDAiIFBhcnNlRGVwZW5kZW50UmVxdWVzdHM9IlRydWUiIEZvbGxvd1JlZGlyZWN0cz0iVHJ1ZSIgUmVjb3JkUmVzdWx0PSJUcnVlIiBDYWNoZT0iRmFsc2UiIFJlc3BvbnNlVGltZUdvYWw9IjAiIEVuY29kaW5nPSJ1dGYtOCIgRXhwZWN0ZWRIdHRwU3RhdHVzQ29kZT0iMCIgRXhwZWN0ZWRSZXNwb25zZVVybD0iIiBSZXBvcnRpbmdOYW1lPSIiIElnbm9yZUh0dHBTdGF0dXNDb2RlPSJGYWxzZSI+DQogICAgICA8SGVhZGVycz4NCiAgICAgICAgPEhlYWRlciBOYW1lPSJBY2NlcHQiIFZhbHVlPSJhcHBsaWNhdGlvbi9qc29uO29kYXRhPXZlcmJvc2UiIC8+DQogICAgICAgIDxIZWFkZXIgTmFtZT0iUmVmZXJlciIgVmFsdWU9Imh0dHBzOi8vc3AuY29yZGlzc29sdXRpb25zLmNvbS9BcHBzMDAvU2hhcmVkJTIwRG9jdW1lbnRzL0Zvcm1zL2FsbCUyMGRvY3VtZW50cy5hc3B4P0luaXRpYWxUYWJJZD1SaWJib24uUmVhZCZhbXA7VmlzaWJpbGl0eUNvbnRleHQ9V1NTVGFiUGVyc2lzdGVuY2UiIC8+DQogICAgICA8L0hlYWRlcnM+DQogICAgPC9SZXF1ZXN0Pg0KICAgIDxSZXF1ZXN0IE1ldGhvZD0iR0VUIiBHdWlkPSJlZDMxYmQ1NC0zMjliLTRkMDUtOTNlNC01ODYzYmM1NjM1NTEiIFZlcnNpb249IjEuMSIgVXJsPSJodHRwczovL3NwLmNvcmRpc3NvbHV0aW9ucy5jb20vX2xheW91dHMvMTUvU2NyaXB0UmVzeC5hc2h4IiBUaGlua1RpbWU9IjAiIFRpbWVvdXQ9IjMwMCIgUGFyc2VEZXBlbmRlbnRSZXF1ZXN0cz0iVHJ1ZSIgRm9sbG93UmVkaXJlY3RzPSJUcnVlIiBSZWNvcmRSZXN1bHQ9IlRydWUiIENhY2hlPSJGYWxzZSIgUmVzcG9uc2VUaW1lR29hbD0iMCIgRW5jb2Rpbmc9InV0Zi04IiBFeHBlY3RlZEh0dHBTdGF0dXNDb2RlPSIwIiBFeHBlY3RlZFJlc3BvbnNlVXJsPSIiIFJlcG9ydGluZ05hbWU9IiIgSWdub3JlSHR0cFN0YXR1c0NvZGU9IkZhbHNlIj4NCiAgICAgIDxIZWFkZXJzPg0KICAgICAgICA8SGVhZGVyIE5hbWU9IlJlZmVyZXIiIFZhbHVlPSJodHRwczovL3NwLmNvcmRpc3NvbHV0aW9ucy5jb20vQXBwczAwL1NoYXJlZCUyMERvY3VtZW50cy9Gb3Jtcy9hbGwlMjBkb2N1bWVudHMuYXNweD9Jbml0aWFsVGFiSWQ9UmliYm9uLlJlYWQmYW1wO1Zpc2liaWxpdHlDb250ZXh0PVdTU1RhYlBlcnNpc3RlbmNlIiAvPg0KICAgICAgPC9IZWFkZXJzPg0KICAgICAgPFF1ZXJ5U3RyaW5nUGFyYW1ldGVycz4NCiAgICAgICAgPFF1ZXJ5U3RyaW5nUGFyYW1ldGVyIE5hbWU9ImN1bHR1cmUiIFZhbHVlPSJlbiUyRHVzIiBSZWNvcmRlZFZhbHVlPSJlbiUyRHVzIiBDb3JyZWxhdGlvbkJpbmRpbmc9IiIgVXJsRW5jb2RlPSJGYWxzZSIgVXNlVG9Hcm91cFJlc3VsdHM9IkZhbHNlIiAvPg0KICAgICAgICA8UXVlcnlTdHJpbmdQYXJhbWV0ZXIgTmFtZT0ibmFtZSIgVmFsdWU9IlNQJTJFVUklMkVQb2xpY3klMkVSZXNvdXJjZXMiIFJlY29yZGVkVmFsdWU9IlNQJTJFVUklMkVQb2xpY3klMkVSZXNvdXJjZXMiIENvcnJlbGF0aW9uQmluZGluZz0iIiBVcmxFbmNvZGU9IkZhbHNlIiBVc2VUb0dyb3VwUmVzdWx0cz0iRmFsc2UiIC8+DQogICAgICAgIDxRdWVyeVN0cmluZ1BhcmFtZXRlciBOYW1lPSJyZXYiIFZhbHVlPSJtMk52dG0xM0RSZ29kQ1ZpJTJCc1J1a3clM0QlM0QiIFJlY29yZGVkVmFsdWU9Im0yTnZ0bTEzRFJnb2RDVmklMkJzUnVrdyUzRCUzRCIgQ29ycmVsYXRpb25CaW5kaW5nPSIiIFVybEVuY29kZT0iRmFsc2UiIFVzZVRvR3JvdXBSZXN1bHRzPSJGYWxzZSIgLz4NCiAgICAgIDwvUXVlcnlTdHJpbmdQYXJhbWV0ZXJzPg0KICAgIDwvUmVxdWVzdD4NCiAgICA8UmVxdWVzdCBNZXRob2Q9IkdFVCIgR3VpZD0iZDZlZDdiZmItMGVlZC00ZjZmLWEyMTAtMTNmM2QxMDJjYzNlIiBWZXJzaW9uPSIxLjEiIFVybD0iaHR0cHM6Ly9zcC5jb3JkaXNzb2x1dGlvbnMuY29tL19sYXlvdXRzLzE1L1NjcmlwdFJlc3guYXNoeCIgVGhpbmtUaW1lPSI2IiBUaW1lb3V0PSIzMDAiIFBhcnNlRGVwZW5kZW50UmVxdWVzdHM9IlRydWUiIEZvbGxvd1JlZGlyZWN0cz0iVHJ1ZSIgUmVjb3JkUmVzdWx0PSJUcnVlIiBDYWNoZT0iRmFsc2UiIFJlc3BvbnNlVGltZUdvYWw9IjAiIEVuY29kaW5nPSJ1dGYtOCIgRXhwZWN0ZWRIdHRwU3RhdHVzQ29kZT0iMCIgRXhwZWN0ZWRSZXNwb25zZVVybD0iIiBSZXBvcnRpbmdOYW1lPSIiIElnbm9yZUh0dHBTdGF0dXNDb2RlPSJGYWxzZSI+DQogICAgICA8SGVhZGVycz4NCiAgICAgICAgPEhlYWRlciBOYW1lPSJSZWZlcmVyIiBWYWx1ZT0iaHR0cHM6Ly9zcC5jb3JkaXNzb2x1dGlvbnMuY29tL0FwcHMwMC9TaGFyZWQlMjBEb2N1bWVudHMvRm9ybXMvYWxsJTIwZG9jdW1lbnRzLmFzcHg/SW5pdGlhbFRhYklkPVJpYmJvbi5SZWFkJmFtcDtWaXNpYmlsaXR5Q29udGV4dD1XU1NUYWJQZXJzaXN0ZW5jZSIgLz4NCiAgICAgIDwvSGVhZGVycz4NCiAgICAgIDxRdWVyeVN0cmluZ1BhcmFtZXRlcnM+DQogICAgICAgIDxRdWVyeVN0cmluZ1BhcmFtZXRlciBOYW1lPSJjdWx0dXJlIiBWYWx1ZT0iZW4lMkR1cyIgUmVjb3JkZWRWYWx1ZT0iZW4lMkR1cyIgQ29ycmVsYXRpb25CaW5kaW5nPSIiIFVybEVuY29kZT0iRmFsc2UiIFVzZVRvR3JvdXBSZXN1bHRzPSJGYWxzZSIgLz4NCiAgICAgICAgPFF1ZXJ5U3RyaW5nUGFyYW1ldGVyIE5hbWU9Im5hbWUiIFZhbHVlPSJTUCUyRVVJJTJFUG9saWN5JTJFUmVzb3VyY2VzIiBSZWNvcmRlZFZhbHVlPSJTUCUyRVVJJTJFUG9saWN5JTJFUmVzb3VyY2VzIiBDb3JyZWxhdGlvbkJpbmRpbmc9IiIgVXJsRW5jb2RlPSJGYWxzZSIgVXNlVG9Hcm91cFJlc3VsdHM9IkZhbHNlIiAvPg0KICAgICAgICA8UXVlcnlTdHJpbmdQYXJhbWV0ZXIgTmFtZT0icmV2IiBWYWx1ZT0ibTJOdnRtMTNEUmdvZENWaSUyQnNSdWt3JTNEJTNEIiBSZWNvcmRlZFZhbHVlPSJtMk52dG0xM0RSZ29kQ1ZpJTJCc1J1a3clM0QlM0QiIENvcnJlbGF0aW9uQmluZGluZz0iIiBVcmxFbmNvZGU9IkZhbHNlIiBVc2VUb0dyb3VwUmVzdWx0cz0iRmFsc2UiIC8+DQogICAgICA8L1F1ZXJ5U3RyaW5nUGFyYW1ldGVycz4NCiAgICA8L1JlcXVlc3Q+DQogICAgPFJlcXVlc3QgTWV0aG9kPSJHRVQiIEd1aWQ9ImVhMjVjMTViLWViOWMtNDI3MS1hZGY1LWUwYmEyYTQ2NTkyMCIgVmVyc2lvbj0iMS4xIiBVcmw9Imh0dHBzOi8vc3AuY29yZGlzc29sdXRpb25zLmNvbS9BcHBzMDAvU2hhcmVkJTIwRG9jdW1lbnRzL0Zvcm1zL2FsbCUyMGRvY3VtZW50czEuYXNweCIgVGhpbmtUaW1lPSIwIiBUaW1lb3V0PSIzMDAiIFBhcnNlRGVwZW5kZW50UmVxdWVzdHM9IlRydWUiIEZvbGxvd1JlZGlyZWN0cz0iVHJ1ZSIgUmVjb3JkUmVzdWx0PSJUcnVlIiBDYWNoZT0iRmFsc2UiIFJlc3BvbnNlVGltZUdvYWw9IjAiIEVuY29kaW5nPSJ1dGYtOCIgRXhwZWN0ZWRIdHRwU3RhdHVzQ29kZT0iMCIgRXhwZWN0ZWRSZXNwb25zZVVybD0iIiBSZXBvcnRpbmdOYW1lPSIiIElnbm9yZUh0dHBTdGF0dXNDb2RlPSJGYWxzZSI+DQogICAgICA8RGVwZW5kZW50UmVxdWVzdHM+DQogICAgICAgIDxSZXF1ZXN0IE1ldGhvZD0iR0VUIiBHdWlkPSIxNjdjMzM4MS02MjcyLTQyNDctYmQzYi1lNWMzZjkxZDcwOWYiIFZlcnNpb249IjEuMSIgVXJsPSJodHRwczovL3NwLmNvcmRpc3NvbHV0aW9ucy5jb20vX2xheW91dHMvMTUvZm9udHMvc2hlbGxpY29ucy5lb3QiIFRoaW5rVGltZT0iMSIgVGltZW91dD0iMzAwIiBQYXJzZURlcGVuZGVudFJlcXVlc3RzPSJUcnVlIiBGb2xsb3dSZWRpcmVjdHM9IlRydWUiIFJlY29yZFJlc3VsdD0iVHJ1ZSIgQ2FjaGU9IkZhbHNlIiBSZXNwb25zZVRpbWVHb2FsPSIwIiBFbmNvZGluZz0idXRmLTgiIEV4cGVjdGVkSHR0cFN0YXR1c0NvZGU9IjAiIEV4cGVjdGVkUmVzcG9uc2VVcmw9IiIgUmVwb3J0aW5nTmFtZT0iIiBJZ25vcmVIdHRwU3RhdHVzQ29kZT0iRmFsc2UiPg0KICAgICAgICAgIDxIZWFkZXJzPg0KICAgICAgICAgICAgPEhlYWRlciBOYW1lPSJSZWZlcmVyIiBWYWx1ZT0iaHR0cHM6Ly9zcC5jb3JkaXNzb2x1dGlvbnMuY29tL0FwcHMwMC9TaGFyZWQlMjBEb2N1bWVudHMvRm9ybXMvYWxsJTIwZG9jdW1lbnRzMS5hc3B4IiAvPg0KICAgICAgICAgIDwvSGVhZGVycz4NCiAgICAgICAgICA8UXVlcnlTdHJpbmdQYXJhbWV0ZXJzPg0KICAgICAgICAgICAgPFF1ZXJ5U3RyaW5nUGFyYW1ldGVyIE5hbWU9IiIgVmFsdWU9IiIgUmVjb3JkZWRWYWx1ZT0iIiBDb3JyZWxhdGlvbkJpbmRpbmc9IiIgVXJsRW5jb2RlPSJGYWxzZSIgVXNlVG9Hcm91cFJlc3VsdHM9IkZhbHNlIiAvPg0KICAgICAgICAgIDwvUXVlcnlTdHJpbmdQYXJhbWV0ZXJzPg0KICAgICAgICA8L1JlcXVlc3Q+DQogICAgICAgIDxSZXF1ZXN0IE1ldGhvZD0iR0VUIiBHdWlkPSI3YTUxMTE2NS1iNGZmLTQzMGMtYmZhNS0xZDM3M2JlMWU1YmEiIFZlcnNpb249IjEuMSIgVXJsPSJodHRwczovL3NwLmNvcmRpc3NvbHV0aW9ucy5jb20vQXBwczAwL19hcGkvc2VhcmNoL3NlYXJjaGNlbnRlcnVybCIgVGhpbmtUaW1lPSIwIiBUaW1lb3V0PSIzMDAiIFBhcnNlRGVwZW5kZW50UmVxdWVzdHM9IlRydWUiIEZvbGxvd1JlZGlyZWN0cz0iVHJ1ZSIgUmVjb3JkUmVzdWx0PSJUcnVlIiBDYWNoZT0iRmFsc2UiIFJlc3BvbnNlVGltZUdvYWw9IjAiIEVuY29kaW5nPSJ1dGYtOCIgRXhwZWN0ZWRIdHRwU3RhdHVzQ29kZT0iMCIgRXhwZWN0ZWRSZXNwb25zZVVybD0iIiBSZXBvcnRpbmdOYW1lPSIiIElnbm9yZUh0dHBTdGF0dXNDb2RlPSJGYWxzZSI+DQogICAgICAgICAgPEhlYWRlcnM+DQogICAgICAgICAgICA8SGVhZGVyIE5hbWU9IkFjY2VwdCIgVmFsdWU9ImFwcGxpY2F0aW9uL2pzb247b2RhdGE9dmVyYm9zZSIgLz4NCiAgICAgICAgICAgIDxIZWFkZXIgTmFtZT0iUmVmZXJlciIgVmFsdWU9Imh0dHBzOi8vc3AuY29yZGlzc29sdXRpb25zLmNvbS9BcHBzMDAvU2hhcmVkJTIwRG9jdW1lbnRzL0Zvcm1zL2FsbCUyMGRvY3VtZW50czEuYXNweCIgLz4NCiAgICAgICAgICA8L0hlYWRlcnM+DQogICAgICAgIDwvUmVxdWVzdD4NCiAgICAgICAgPFJlcXVlc3QgTWV0aG9kPSJHRVQiIEd1aWQ9IjdmMjhjZWYyLTA2MmQtNDk3Mi05Y2JmLWMzNDQ2NWZiZjM2YyIgVmVyc2lvbj0iMS4xIiBVcmw9Imh0dHBzOi8vc3AuY29yZGlzc29sdXRpb25zLmNvbS9fbGF5b3V0cy8xNS9TY3JpcHRSZXN4LmFzaHgiIFRoaW5rVGltZT0iMCIgVGltZW91dD0iMzAwIiBQYXJzZURlcGVuZGVudFJlcXVlc3RzPSJUcnVlIiBGb2xsb3dSZWRpcmVjdHM9IlRydWUiIFJlY29yZFJlc3VsdD0iVHJ1ZSIgQ2FjaGU9IkZhbHNlIiBSZXNwb25zZVRpbWVHb2FsPSIwIiBFbmNvZGluZz0idXRmLTgiIEV4cGVjdGVkSHR0cFN0YXR1c0NvZGU9IjAiIEV4cGVjdGVkUmVzcG9uc2VVcmw9IiIgUmVwb3J0aW5nTmFtZT0iIiBJZ25vcmVIdHRwU3RhdHVzQ29kZT0iRmFsc2UiPg0KICAgICAgICAgIDxIZWFkZXJzPg0KICAgICAgICAgICAgPEhlYWRlciBOYW1lPSJSZWZlcmVyIiBWYWx1ZT0iaHR0cHM6Ly9zcC5jb3JkaXNzb2x1dGlvbnMuY29tL0FwcHMwMC9TaGFyZWQlMjBEb2N1bWVudHMvRm9ybXMvYWxsJTIwZG9jdW1lbnRzMS5hc3B4IiAvPg0KICAgICAgICAgIDwvSGVhZGVycz4NCiAgICAgICAgICA8UXVlcnlTdHJpbmdQYXJhbWV0ZXJzPg0KICAgICAgICAgICAgPFF1ZXJ5U3RyaW5nUGFyYW1ldGVyIE5hbWU9ImN1bHR1cmUiIFZhbHVlPSJlbiUyRHVzIiBSZWNvcmRlZFZhbHVlPSJlbiUyRHVzIiBDb3JyZWxhdGlvbkJpbmRpbmc9IiIgVXJsRW5jb2RlPSJGYWxzZSIgVXNlVG9Hcm91cFJlc3VsdHM9IkZhbHNlIiAvPg0KICAgICAgICAgICAgPFF1ZXJ5U3RyaW5nUGFyYW1ldGVyIE5hbWU9Im5hbWUiIFZhbHVlPSJTUCUyRVVJJTJFUG9saWN5JTJFUmVzb3VyY2VzIiBSZWNvcmRlZFZhbHVlPSJTUCUyRVVJJTJFUG9saWN5JTJFUmVzb3VyY2VzIiBDb3JyZWxhdGlvbkJpbmRpbmc9IiIgVXJsRW5jb2RlPSJGYWxzZSIgVXNlVG9Hcm91cFJlc3VsdHM9IkZhbHNlIiAvPg0KICAgICAgICAgICAgPFF1ZXJ5U3RyaW5nUGFyYW1ldGVyIE5hbWU9InJldiIgVmFsdWU9Im0yTnZ0bTEzRFJnb2RDVmklMkJzUnVrdyUzRCUzRCIgUmVjb3JkZWRWYWx1ZT0ibTJOdnRtMTNEUmdvZENWaSUyQnNSdWt3JTNEJTNEIiBDb3JyZWxhdGlvbkJpbmRpbmc9IiIgVXJsRW5jb2RlPSJGYWxzZSIgVXNlVG9Hcm91cFJlc3VsdHM9IkZhbHNlIiAvPg0KICAgICAgICAgIDwvUXVlcnlTdHJpbmdQYXJhbWV0ZXJzPg0KICAgICAgICA8L1JlcXVlc3Q+DQogICAgICAgIDxSZXF1ZXN0IE1ldGhvZD0iR0VUIiBHdWlkPSIxNTcxZjUwYS1jMWY5LTQ0NzgtOGZkNC04MWM2MDY4YTg3NTMiIFZlcnNpb249IjEuMSIgVXJsPSJodHRwczovL3NwLmNvcmRpc3NvbHV0aW9ucy5jb20vX2xheW91dHMvMTUvU2NyaXB0UmVzeC5hc2h4IiBUaGlua1RpbWU9IjIiIFRpbWVvdXQ9IjMwMCIgUGFyc2VEZXBlbmRlbnRSZXF1ZXN0cz0iVHJ1ZSIgRm9sbG93UmVkaXJlY3RzPSJUcnVlIiBSZWNvcmRSZXN1bHQ9IlRydWUiIENhY2hlPSJGYWxzZSIgUmVzcG9uc2VUaW1lR29hbD0iMCIgRW5jb2Rpbmc9InV0Zi04IiBFeHBlY3RlZEh0dHBTdGF0dXNDb2RlPSIwIiBFeHBlY3RlZFJlc3BvbnNlVXJsPSIiIFJlcG9ydGluZ05hbWU9IiIgSWdub3JlSHR0cFN0YXR1c0NvZGU9IkZhbHNlIj4NCiAgICAgICAgICA8SGVhZGVycz4NCiAgICAgICAgICAgIDxIZWFkZXIgTmFtZT0iUmVmZXJlciIgVmFsdWU9Imh0dHBzOi8vc3AuY29yZGlzc29sdXRpb25zLmNvbS9BcHBzMDAvU2hhcmVkJTIwRG9jdW1lbnRzL0Zvcm1zL2FsbCUyMGRvY3VtZW50czEuYXNweCIgLz4NCiAgICAgICAgICA8L0hlYWRlcnM+DQogICAgICAgICAgPFF1ZXJ5U3RyaW5nUGFyYW1ldGVycz4NCiAgICAgICAgICAgIDxRdWVyeVN0cmluZ1BhcmFtZXRlciBOYW1lPSJjdWx0dXJlIiBWYWx1ZT0iZW4lMkR1cyIgUmVjb3JkZWRWYWx1ZT0iZW4lMkR1cyIgQ29ycmVsYXRpb25CaW5kaW5nPSIiIFVybEVuY29kZT0iRmFsc2UiIFVzZVRvR3JvdXBSZXN1bHRzPSJGYWxzZSIgLz4NCiAgICAgICAgICAgIDxRdWVyeVN0cmluZ1BhcmFtZXRlciBOYW1lPSJuYW1lIiBWYWx1ZT0iU1AlMkVVSSUyRVBvbGljeSUyRVJlc291cmNlcyIgUmVjb3JkZWRWYWx1ZT0iU1AlMkVVSSUyRVBvbGljeSUyRVJlc291cmNlcyIgQ29ycmVsYXRpb25CaW5kaW5nPSIiIFVybEVuY29kZT0iRmFsc2UiIFVzZVRvR3JvdXBSZXN1bHRzPSJGYWxzZSIgLz4NCiAgICAgICAgICAgIDxRdWVyeVN0cmluZ1BhcmFtZXRlciBOYW1lPSJyZXYiIFZhbHVlPSJtMk52dG0xM0RSZ29kQ1ZpJTJCc1J1a3clM0QlM0QiIFJlY29yZGVkVmFsdWU9Im0yTnZ0bTEzRFJnb2RDVmklMkJzUnVrdyUzRCUzRCIgQ29ycmVsYXRpb25CaW5kaW5nPSIiIFVybEVuY29kZT0iRmFsc2UiIFVzZVRvR3JvdXBSZXN1bHRzPSJGYWxzZSIgLz4NCiAgICAgICAgICA8L1F1ZXJ5U3RyaW5nUGFyYW1ldGVycz4NCiAgICAgICAgPC9SZXF1ZXN0Pg0KICAgICAgPC9EZXBlbmRlbnRSZXF1ZXN0cz4NCiAgICAgIDxIZWFkZXJzPg0KICAgICAgICA8SGVhZGVyIE5hbWU9IlJlZmVyZXIiIFZhbHVlPSJodHRwczovL3NwLmNvcmRpc3NvbHV0aW9ucy5jb20vQXBwczAwL1NoYXJlZCUyMERvY3VtZW50cy9Gb3Jtcy9hbGwlMjBkb2N1bWVudHMuYXNweD9Jbml0aWFsVGFiSWQ9UmliYm9uLlJlYWQmYW1wO1Zpc2liaWxpdHlDb250ZXh0PVdTU1RhYlBlcnNpc3RlbmNlIiAvPg0KICAgICAgPC9IZWFkZXJzPg0KICAgIDwvUmVxdWVzdD4NCiAgICA8UmVxdWVzdCBNZXRob2Q9IkdFVCIgR3VpZD0iOGFmZTRlMDYtZjIwZC00N2EyLWJmNTEtNTE3YzExMWNlMGMzIiBWZXJzaW9uPSIxLjEiIFVybD0iaHR0cHM6Ly9zcC5jb3JkaXNzb2x1dGlvbnMuY29tL0FwcHMwMC9TaGFyZWQlMjBEb2N1bWVudHMvRm9ybXMvZGV0YWlsJTIwbGlzdCUyMHdvJTIwZm9sZGVycyUyMDAxLmFzcHgiIFRoaW5rVGltZT0iMCIgVGltZW91dD0iMzAwIiBQYXJzZURlcGVuZGVudFJlcXVlc3RzPSJUcnVlIiBGb2xsb3dSZWRpcmVjdHM9IlRydWUiIFJlY29yZFJlc3VsdD0iVHJ1ZSIgQ2FjaGU9IkZhbHNlIiBSZXNwb25zZVRpbWVHb2FsPSIwIiBFbmNvZGluZz0idXRmLTgiIEV4cGVjdGVkSHR0cFN0YXR1c0NvZGU9IjAiIEV4cGVjdGVkUmVzcG9uc2VVcmw9IiIgUmVwb3J0aW5nTmFtZT0iIiBJZ25vcmVIdHRwU3RhdHVzQ29kZT0iRmFsc2UiPg0KICAgICAgPERlcGVuZGVudFJlcXVlc3RzPg0KICAgICAgICA8UmVxdWVzdCBNZXRob2Q9IkdFVCIgR3VpZD0iZWYyNWUwYzItYzBlYy00NzQ3LThjZjgtNDQ0YzM4N2Q1MjdhIiBWZXJzaW9uPSIxLjEiIFVybD0iaHR0cHM6Ly9zcC5jb3JkaXNzb2x1dGlvbnMuY29tL19sYXlvdXRzLzE1L2ZvbnRzL3NoZWxsaWNvbnMuZW90IiBUaGlua1RpbWU9IjEiIFRpbWVvdXQ9IjMwMCIgUGFyc2VEZXBlbmRlbnRSZXF1ZXN0cz0iVHJ1ZSIgRm9sbG93UmVkaXJlY3RzPSJUcnVlIiBSZWNvcmRSZXN1bHQ9IlRydWUiIENhY2hlPSJGYWxzZSIgUmVzcG9uc2VUaW1lR29hbD0iMCIgRW5jb2Rpbmc9InV0Zi04IiBFeHBlY3RlZEh0dHBTdGF0dXNDb2RlPSIwIiBFeHBlY3RlZFJlc3BvbnNlVXJsPSIiIFJlcG9ydGluZ05hbWU9IiIgSWdub3JlSHR0cFN0YXR1c0NvZGU9IkZhbHNlIj4NCiAgICAgICAgICA8SGVhZGVycz4NCiAgICAgICAgICAgIDxIZWFkZXIgTmFtZT0iUmVmZXJlciIgVmFsdWU9Imh0dHBzOi8vc3AuY29yZGlzc29sdXRpb25zLmNvbS9BcHBzMDAvU2hhcmVkJTIwRG9jdW1lbnRzL0Zvcm1zL2RldGFpbCUyMGxpc3QlMjB3byUyMGZvbGRlcnMlMjAwMS5hc3B4IiAvPg0KICAgICAgICAgIDwvSGVhZGVycz4NCiAgICAgICAgICA8UXVlcnlTdHJpbmdQYXJhbWV0ZXJzPg0KICAgICAgICAgICAgPFF1ZXJ5U3RyaW5nUGFyYW1ldGVyIE5hbWU9IiIgVmFsdWU9IiIgUmVjb3JkZWRWYWx1ZT0iIiBDb3JyZWxhdGlvbkJpbmRpbmc9IiIgVXJsRW5jb2RlPSJGYWxzZSIgVXNlVG9Hcm91cFJlc3VsdHM9IkZhbHNlIiAvPg0KICAgICAgICAgIDwvUXVlcnlTdHJpbmdQYXJhbWV0ZXJzPg0KICAgICAgICA8L1JlcXVlc3Q+DQogICAgICAgIDxSZXF1ZXN0IE1ldGhvZD0iR0VUIiBHdWlkPSJkYzI5YTZmYS05NmJmLTRkYzYtYjFkNS0wYmZjZmY2NDMzOTciIFZlcnNpb249IjEuMSIgVXJsPSJodHRwczovL3NwLmNvcmRpc3NvbHV0aW9ucy5jb20vQXBwczAwL19hcGkvc2VhcmNoL3NlYXJjaGNlbnRlcnVybCIgVGhpbmtUaW1lPSIwIiBUaW1lb3V0PSIzMDAiIFBhcnNlRGVwZW5kZW50UmVxdWVzdHM9IlRydWUiIEZvbGxvd1JlZGlyZWN0cz0iVHJ1ZSIgUmVjb3JkUmVzdWx0PSJUcnVlIiBDYWNoZT0iRmFsc2UiIFJlc3BvbnNlVGltZUdvYWw9IjAiIEVuY29kaW5nPSJ1dGYtOCIgRXhwZWN0ZWRIdHRwU3RhdHVzQ29kZT0iMCIgRXhwZWN0ZWRSZXNwb25zZVVybD0iIiBSZXBvcnRpbmdOYW1lPSIiIElnbm9yZUh0dHBTdGF0dXNDb2RlPSJGYWxzZSI+DQogICAgICAgICAgPEhlYWRlcnM+DQogICAgICAgICAgICA8SGVhZGVyIE5hbWU9IkFjY2VwdCIgVmFsdWU9ImFwcGxpY2F0aW9uL2pzb247b2RhdGE9dmVyYm9zZSIgLz4NCiAgICAgICAgICAgIDxIZWFkZXIgTmFtZT0iUmVmZXJlciIgVmFsdWU9Imh0dHBzOi8vc3AuY29yZGlzc29sdXRpb25zLmNvbS9BcHBzMDAvU2hhcmVkJTIwRG9jdW1lbnRzL0Zvcm1zL2RldGFpbCUyMGxpc3QlMjB3byUyMGZvbGRlcnMlMjAwMS5hc3B4IiAvPg0KICAgICAgICAgIDwvSGVhZGVycz4NCiAgICAgICAgPC9SZXF1ZXN0Pg0KICAgICAgICA8UmVxdWVzdCBNZXRob2Q9IkdFVCIgR3VpZD0iMGQyMzYyZjMtMmM1My00ZTY4LTljZmUtMTM4NDFlMjJkZmU1IiBWZXJzaW9uPSIxLjEiIFVybD0iaHR0cHM6Ly9zcC5jb3JkaXNzb2x1dGlvbnMuY29tL19sYXlvdXRzLzE1L1NjcmlwdFJlc3guYXNoeCIgVGhpbmtUaW1lPSIwIiBUaW1lb3V0PSIzMDAiIFBhcnNlRGVwZW5kZW50UmVxdWVzdHM9IlRydWUiIEZvbGxvd1JlZGlyZWN0cz0iVHJ1ZSIgUmVjb3JkUmVzdWx0PSJUcnVlIiBDYWNoZT0iRmFsc2UiIFJlc3BvbnNlVGltZUdvYWw9IjAiIEVuY29kaW5nPSJ1dGYtOCIgRXhwZWN0ZWRIdHRwU3RhdHVzQ29kZT0iMCIgRXhwZWN0ZWRSZXNwb25zZVVybD0iIiBSZXBvcnRpbmdOYW1lPSIiIElnbm9yZUh0dHBTdGF0dXNDb2RlPSJGYWxzZSI+DQogICAgICAgICAgPEhlYWRlcnM+DQogICAgICAgICAgICA8SGVhZGVyIE5hbWU9IlJlZmVyZXIiIFZhbHVlPSJodHRwczovL3NwLmNvcmRpc3NvbHV0aW9ucy5jb20vQXBwczAwL1NoYXJlZCUyMERvY3VtZW50cy9Gb3Jtcy9kZXRhaWwlMjBsaXN0JTIwd28lMjBmb2xkZXJzJTIwMDEuYXNweCIgLz4NCiAgICAgICAgICA8L0hlYWRlcnM+DQogICAgICAgICAgPFF1ZXJ5U3RyaW5nUGFyYW1ldGVycz4NCiAgICAgICAgICAgIDxRdWVyeVN0cmluZ1BhcmFtZXRlciBOYW1lPSJjdWx0dXJlIiBWYWx1ZT0iZW4lMkR1cyIgUmVjb3JkZWRWYWx1ZT0iZW4lMkR1cyIgQ29ycmVsYXRpb25CaW5kaW5nPSIiIFVybEVuY29kZT0iRmFsc2UiIFVzZVRvR3JvdXBSZXN1bHRzPSJGYWxzZSIgLz4NCiAgICAgICAgICAgIDxRdWVyeVN0cmluZ1BhcmFtZXRlciBOYW1lPSJuYW1lIiBWYWx1ZT0iU1AlMkVVSSUyRVBvbGljeSUyRVJlc291cmNlcyIgUmVjb3JkZWRWYWx1ZT0iU1AlMkVVSSUyRVBvbGljeSUyRVJlc291cmNlcyIgQ29ycmVsYXRpb25CaW5kaW5nPSIiIFVybEVuY29kZT0iRmFsc2UiIFVzZVRvR3JvdXBSZXN1bHRzPSJGYWxzZSIgLz4NCiAgICAgICAgICAgIDxRdWVyeVN0cmluZ1BhcmFtZXRlciBOYW1lPSJyZXYiIFZhbHVlPSJtMk52dG0xM0RSZ29kQ1ZpJTJCc1J1a3clM0QlM0QiIFJlY29yZGVkVmFsdWU9Im0yTnZ0bTEzRFJnb2RDVmklMkJzUnVrdyUzRCUzRCIgQ29ycmVsYXRpb25CaW5kaW5nPSIiIFVybEVuY29kZT0iRmFsc2UiIFVzZVRvR3JvdXBSZXN1bHRzPSJGYWxzZSIgLz4NCiAgICAgICAgICA8L1F1ZXJ5U3RyaW5nUGFyYW1ldGVycz4NCiAgICAgICAgPC9SZXF1ZXN0Pg0KICAgICAgICA8UmVxdWVzdCBNZXRob2Q9IkdFVCIgR3VpZD0iZDc3MDEzODgtNjA3Ni00YjMxLWFhMDQtNjZmM2ZhYjc0ZjViIiBWZXJzaW9uPSIxLjEiIFVybD0iaHR0cHM6Ly9zcC5jb3JkaXNzb2x1dGlvbnMuY29tL19sYXlvdXRzLzE1L1NjcmlwdFJlc3guYXNoeCIgVGhpbmtUaW1lPSI1IiBUaW1lb3V0PSIzMDAiIFBhcnNlRGVwZW5kZW50UmVxdWVzdHM9IlRydWUiIEZvbGxvd1JlZGlyZWN0cz0iVHJ1ZSIgUmVjb3JkUmVzdWx0PSJUcnVlIiBDYWNoZT0iRmFsc2UiIFJlc3BvbnNlVGltZUdvYWw9IjAiIEVuY29kaW5nPSJ1dGYtOCIgRXhwZWN0ZWRIdHRwU3RhdHVzQ29kZT0iMCIgRXhwZWN0ZWRSZXNwb25zZVVybD0iIiBSZXBvcnRpbmdOYW1lPSIiIElnbm9yZUh0dHBTdGF0dXNDb2RlPSJGYWxzZSI+DQogICAgICAgICAgPEhlYWRlcnM+DQogICAgICAgICAgICA8SGVhZGVyIE5hbWU9IlJlZmVyZXIiIFZhbHVlPSJodHRwczovL3NwLmNvcmRpc3NvbHV0aW9ucy5jb20vQXBwczAwL1NoYXJlZCUyMERvY3VtZW50cy9Gb3Jtcy9kZXRhaWwlMjBsaXN0JTIwd28lMjBmb2xkZXJzJTIwMDEuYXNweCIgLz4NCiAgICAgICAgICA8L0hlYWRlcnM+DQogICAgICAgICAgPFF1ZXJ5U3RyaW5nUGFyYW1ldGVycz4NCiAgICAgICAgICAgIDxRdWVyeVN0cmluZ1BhcmFtZXRlciBOYW1lPSJjdWx0dXJlIiBWYWx1ZT0iZW4lMkR1cyIgUmVjb3JkZWRWYWx1ZT0iZW4lMkR1cyIgQ29ycmVsYXRpb25CaW5kaW5nPSIiIFVybEVuY29kZT0iRmFsc2UiIFVzZVRvR3JvdXBSZXN1bHRzPSJGYWxzZSIgLz4NCiAgICAgICAgICAgIDxRdWVyeVN0cmluZ1BhcmFtZXRlciBOYW1lPSJuYW1lIiBWYWx1ZT0iU1AlMkVVSSUyRVBvbGljeSUyRVJlc291cmNlcyIgUmVjb3JkZWRWYWx1ZT0iU1AlMkVVSSUyRVBvbGljeSUyRVJlc291cmNlcyIgQ29ycmVsYXRpb25CaW5kaW5nPSIiIFVybEVuY29kZT0iRmFsc2UiIFVzZVRvR3JvdXBSZXN1bHRzPSJGYWxzZSIgLz4NCiAgICAgICAgICAgIDxRdWVyeVN0cmluZ1BhcmFtZXRlciBOYW1lPSJyZXYiIFZhbHVlPSJtMk52dG0xM0RSZ29kQ1ZpJTJCc1J1a3clM0QlM0QiIFJlY29yZGVkVmFsdWU9Im0yTnZ0bTEzRFJnb2RDVmklMkJzUnVrdyUzRCUzRCIgQ29ycmVsYXRpb25CaW5kaW5nPSIiIFVybEVuY29kZT0iRmFsc2UiIFVzZVRvR3JvdXBSZXN1bHRzPSJGYWxzZSIgLz4NCiAgICAgICAgICA8L1F1ZXJ5U3RyaW5nUGFyYW1ldGVycz4NCiAgICAgICAgPC9SZXF1ZXN0Pg0KICAgICAgPC9EZXBlbmRlbnRSZXF1ZXN0cz4NCiAgICAgIDxIZWFkZXJzPg0KICAgICAgICA8SGVhZGVyIE5hbWU9IlJlZmVyZXIiIFZhbHVlPSJodHRwczovL3NwLmNvcmRpc3NvbHV0aW9ucy5jb20vQXBwczAwL1NoYXJlZCUyMERvY3VtZW50cy9Gb3Jtcy9hbGwlMjBkb2N1bWVudHMxLmFzcHgiIC8+DQogICAgICA8L0hlYWRlcnM+DQogICAgICA8RXh0cmFjdGlvblJ1bGVzPg0KICAgICAgICA8RXh0cmFjdGlvblJ1bGUgQ2xhc3NuYW1lPSJNaWNyb3NvZnQuVmlzdWFsU3R1ZGlvLlRlc3RUb29scy5XZWJUZXN0aW5nLlJ1bGVzLkV4dHJhY3RIaWRkZW5GaWVsZHMsIE1pY3Jvc29mdC5WaXN1YWxTdHVkaW8uUXVhbGl0eVRvb2xzLldlYlRlc3RGcmFtZXdvcmssIFZlcnNpb249MTAuMC4wLjAsIEN1bHR1cmU9bmV1dHJhbCwgUHVibGljS2V5VG9rZW49YjAzZjVmN2YxMWQ1MGEzYSIgVmFyaWFibGVOYW1lPSIxIiBEaXNwbGF5TmFtZT0iRXh0cmFjdCBIaWRkZW4gRmllbGRzIiBEZXNjcmlwdGlvbj0iRXh0cmFjdCBhbGwgaGlkZGVuIGZpZWxkcyBmcm9tIHRoZSByZXNwb25zZSBhbmQgcGxhY2UgdGhlbSBpbnRvIHRoZSB0ZXN0IGNvbnRleHQuIj4NCiAgICAgICAgICA8UnVsZVBhcmFtZXRlcnM+DQogICAgICAgICAgICA8UnVsZVBhcmFtZXRlciBOYW1lPSJSZXF1aXJlZCIgVmFsdWU9IlRydWUiIC8+DQogICAgICAgICAgICA8UnVsZVBhcmFtZXRlciBOYW1lPSJIdG1sRGVjb2RlIiBWYWx1ZT0iVHJ1ZSIgLz4NCiAgICAgICAgICA8L1J1bGVQYXJhbWV0ZXJzPg0KICAgICAgICA8L0V4dHJhY3Rpb25SdWxlPg0KICAgICAgICA8RXh0cmFjdGlvblJ1bGUgQ2xhc3NuYW1lPSJNaWNyb3NvZnQuVmlzdWFsU3R1ZGlvLlRlc3RUb29scy5XZWJUZXN0aW5nLlJ1bGVzLkV4dHJhY3RUZXh0LCBNaWNyb3NvZnQuVmlzdWFsU3R1ZGlvLlF1YWxpdHlUb29scy5XZWJUZXN0RnJhbWV3b3JrLCBWZXJzaW9uPTEwLjAuMC4wLCBDdWx0dXJlPW5ldXRyYWwsIFB1YmxpY0tleVRva2VuPWIwM2Y1ZjdmMTFkNTBhM2EiIFZhcmlhYmxlTmFtZT0iRm9ybVBvc3RQYXJhbTQ0Ll9fUkVRVUVTVERJR0VTVCIgRGlzcGxheU5hbWU9IkV4dHJhY3QgVGV4dCIgRGVzY3JpcHRpb249IkV4dHJhY3QgdGV4dCBmcm9tIHRoZSByZXNwb25zZSBhbmQgcGxhY2UgaXQgaW50byB0aGUgdGVzdCBjb250ZXh0LiI+DQogICAgICAgICAgPFJ1bGVQYXJhbWV0ZXJzPg0KICAgICAgICAgICAgPFJ1bGVQYXJhbWV0ZXIgTmFtZT0iU3RhcnRzV2l0aCIgVmFsdWU9Imx1ZT0mcXVvdDsiIC8+DQogICAgICAgICAgICA8UnVsZVBhcmFtZXRlciBOYW1lPSJFbmRzV2l0aCIgVmFsdWU9IiZxdW90OyAvJmd0OyYjeEQ7IiAvPg0KICAgICAgICAgICAgPFJ1bGVQYXJhbWV0ZXIgTmFtZT0iSW5kZXgiIFZhbHVlPSIxMSIgLz4NCiAgICAgICAgICAgIDxSdWxlUGFyYW1ldGVyIE5hbWU9Iklnbm9yZUNhc2UiIFZhbHVlPSJGYWxzZSIgLz4NCiAgICAgICAgICAgIDxSdWxlUGFyYW1ldGVyIE5hbWU9IlVzZVJlZ3VsYXJFeHByZXNzaW9uIiBWYWx1ZT0iRmFsc2UiIC8+DQogICAgICAgICAgICA8UnVsZVBhcmFtZXRlciBOYW1lPSJIdG1sRGVjb2RlIiBWYWx1ZT0iVHJ1ZSIgLz4NCiAgICAgICAgICAgIDxSdWxlUGFyYW1ldGVyIE5hbWU9IlJlcXVpcmVkIiBWYWx1ZT0iRmFsc2UiIC8+DQogICAgICAgICAgPC9SdWxlUGFyYW1ldGVycz4NCiAgICAgICAgPC9FeHRyYWN0aW9uUnVsZT4NCiAgICAgIDwvRXh0cmFjdGlvblJ1bGVzPg0KICAgICAgPENvcnJlbGF0aW9uRXh0cmFjdGlvblJ1bGVzPg0KICAgICAgICA8RXh0cmFjdGlvblJ1bGUgQ2xhc3NuYW1lPSJNaWNyb3NvZnQuVmlzdWFsU3R1ZGlvLlRlc3RUb29scy5XZWJUZXN0aW5nLlJ1bGVzLkV4dHJhY3RUZXh0LCBNaWNyb3NvZnQuVmlzdWFsU3R1ZGlvLlF1YWxpdHlUb29scy5XZWJUZXN0RnJhbWV3b3JrLCBWZXJzaW9uPTEwLjAuMC4wLCBDdWx0dXJlPW5ldXRyYWwsIFB1YmxpY0tleVRva2VuPWIwM2Y1ZjdmMTFkNTBhM2EiIFZhcmlhYmxlTmFtZT0iRm9ybVBvc3RQYXJhbTQzLk1TT1RsUG5fU2hvd1NldHRpbmdzIiBEaXNwbGF5TmFtZT0iIiBEZXNjcmlwdGlvbj0iIj4NCiAgICAgICAgICA8UnVsZVBhcmFtZXRlcnM+DQogICAgICAgICAgICA8UnVsZVBhcmFtZXRlciBOYW1lPSJTdGFydHNXaXRoIiBWYWx1ZT0ibHVlPSZxdW90OyIgLz4NCiAgICAgICAgICAgIDxSdWxlUGFyYW1ldGVyIE5hbWU9IkVuZHNXaXRoIiBWYWx1ZT0iJnF1b3Q7IC8mZ3Q7JiN4RDsiIC8+DQogICAgICAgICAgICA8UnVsZVBhcmFtZXRlciBOYW1lPSJJbmRleCIgVmFsdWU9IjUiIC8+DQogICAgICAgICAgICA8UnVsZVBhcmFtZXRlciBOYW1lPSJJZ25vcmVDYXNlIiBWYWx1ZT0iRmFsc2UiIC8+DQogICAgICAgICAgICA8UnVsZVBhcmFtZXRlciBOYW1lPSJVc2VSZWd1bGFyRXhwcmVzc2lvbiIgVmFsdWU9IkZhbHNlIiAvPg0KICAgICAgICAgICAgPFJ1bGVQYXJhbWV0ZXIgTmFtZT0iSHRtbERlY29kZSIgVmFsdWU9IlRydWUiIC8+DQogICAgICAgICAgICA8UnVsZVBhcmFtZXRlciBOYW1lPSJSZXF1aXJlZCIgVmFsdWU9IkZhbHNlIiAvPg0KICAgICAgICAgIDwvUnVsZVBhcmFtZXRlcnM+DQogICAgICAgIDwvRXh0cmFjdGlvblJ1bGU+DQogICAgICAgIDxFeHRyYWN0aW9uUnVsZSBDbGFzc25hbWU9Ik1pY3Jvc29mdC5WaXN1YWxTdHVkaW8uVGVzdFRvb2xzLldlYlRlc3RpbmcuUnVsZXMuRXh0cmFjdFRleHQsIE1pY3Jvc29mdC5WaXN1YWxTdHVkaW8uUXVhbGl0eVRvb2xzLldlYlRlc3RGcmFtZXdvcmssIFZlcnNpb249MTAuMC4wLjAsIEN1bHR1cmU9bmV1dHJhbCwgUHVibGljS2V5VG9rZW49YjAzZjVmN2YxMWQ1MGEzYSIgVmFyaWFibGVOYW1lPSJGb3JtUG9zdFBhcmFtNDUuTVNPU1BXZWJQYXJ0TWFuYWdlcl9EaXNwbGF5TW9kZU5hbWUiIERpc3BsYXlOYW1lPSIiIERlc2NyaXB0aW9uPSIiPg0KICAgICAgICAgIDxSdWxlUGFyYW1ldGVycz4NCiAgICAgICAgICAgIDxSdWxlUGFyYW1ldGVyIE5hbWU9IlN0YXJ0c1dpdGgiIFZhbHVlPSJsdWU9JnF1b3Q7IiAvPg0KICAgICAgICAgICAgPFJ1bGVQYXJhbWV0ZXIgTmFtZT0iRW5kc1dpdGgiIFZhbHVlPSImcXVvdDsgLyZndDsmI3hEOyIgLz4NCiAgICAgICAgICAgIDxSdWxlUGFyYW1ldGVyIE5hbWU9IkluZGV4IiBWYWx1ZT0iMTIiIC8+DQogICAgICAgICAgICA8UnVsZVBhcmFtZXRlciBOYW1lPSJJZ25vcmVDYXNlIiBWYWx1ZT0iRmFsc2UiIC8+DQogICAgICAgICAgICA8UnVsZVBhcmFtZXRlciBOYW1lPSJVc2VSZWd1bGFyRXhwcmVzc2lvbiIgVmFsdWU9IkZhbHNlIiAvPg0KICAgICAgICAgICAgPFJ1bGVQYXJhbWV0ZXIgTmFtZT0iSHRtbERlY29kZSIgVmFsdWU9IlRydWUiIC8+DQogICAgICAgICAgICA8UnVsZVBhcmFtZXRlciBOYW1lPSJSZXF1aXJlZCIgVmFsdWU9IkZhbHNlIiAvPg0KICAgICAgICAgIDwvUnVsZVBhcmFtZXRlcnM+DQogICAgICAgIDwvRXh0cmFjdGlvblJ1bGU+DQogICAgICAgIDxFeHRyYWN0aW9uUnVsZSBDbGFzc25hbWU9Ik1pY3Jvc29mdC5WaXN1YWxTdHVkaW8uVGVzdFRvb2xzLldlYlRlc3RpbmcuUnVsZXMuRXh0cmFjdFRleHQsIE1pY3Jvc29mdC5WaXN1YWxTdHVkaW8uUXVhbGl0eVRvb2xzLldlYlRlc3RGcmFtZXdvcmssIFZlcnNpb249MTAuMC4wLjAsIEN1bHR1cmU9bmV1dHJhbCwgUHVibGljS2V5VG9rZW49YjAzZjVmN2YxMWQ1MGEzYSIgVmFyaWFibGVOYW1lPSJGb3JtUG9zdFBhcmFtNDYuTVNPU1BXZWJQYXJ0TWFuYWdlcl9FeGl0aW5nRGVzaWduTW9kZSIgRGlzcGxheU5hbWU9IiIgRGVzY3JpcHRpb249IiI+DQogICAgICAgICAgPFJ1bGVQYXJhbWV0ZXJzPg0KICAgICAgICAgICAgPFJ1bGVQYXJhbWV0ZXIgTmFtZT0iU3RhcnRzV2l0aCIgVmFsdWU9Imx1ZT0mcXVvdDsiIC8+DQogICAgICAgICAgICA8UnVsZVBhcmFtZXRlciBOYW1lPSJFbmRzV2l0aCIgVmFsdWU9IiZxdW90OyAvJmd0OyYjeEQ7IiAvPg0KICAgICAgICAgICAgPFJ1bGVQYXJhbWV0ZXIgTmFtZT0iSW5kZXgiIFZhbHVlPSIxMyIgLz4NCiAgICAgICAgICAgIDxSdWxlUGFyYW1ldGVyIE5hbWU9Iklnbm9yZUNhc2UiIFZhbHVlPSJGYWxzZSIgLz4NCiAgICAgICAgICAgIDxSdWxlUGFyYW1ldGVyIE5hbWU9IlVzZVJlZ3VsYXJFeHByZXNzaW9uIiBWYWx1ZT0iRmFsc2UiIC8+DQogICAgICAgICAgICA8UnVsZVBhcmFtZXRlciBOYW1lPSJIdG1sRGVjb2RlIiBWYWx1ZT0iVHJ1ZSIgLz4NCiAgICAgICAgICAgIDxSdWxlUGFyYW1ldGVyIE5hbWU9IlJlcXVpcmVkIiBWYWx1ZT0iRmFsc2UiIC8+DQogICAgICAgICAgPC9SdWxlUGFyYW1ldGVycz4NCiAgICAgICAgPC9FeHRyYWN0aW9uUnVsZT4NCiAgICAgICAgPEV4dHJhY3Rpb25SdWxlIENsYXNzbmFtZT0iTWljcm9zb2Z0LlZpc3VhbFN0dWRpby5UZXN0VG9vbHMuV2ViVGVzdGluZy5SdWxlcy5FeHRyYWN0VGV4dCwgTWljcm9zb2Z0LlZpc3VhbFN0dWRpby5RdWFsaXR5VG9vbHMuV2ViVGVzdEZyYW1ld29yaywgVmVyc2lvbj0xMC4wLjAuMCwgQ3VsdHVyZT1uZXV0cmFsLCBQdWJsaWNLZXlUb2tlbj1iMDNmNWY3ZjExZDUwYTNhIiBWYXJpYWJsZU5hbWU9IkZvcm1Qb3N0UGFyYW00Ny5fd3BTZWxlY3RlZCIgRGlzcGxheU5hbWU9IiIgRGVzY3JpcHRpb249IiI+DQogICAgICAgICAgPFJ1bGVQYXJhbWV0ZXJzPg0KICAgICAgICAgICAgPFJ1bGVQYXJhbWV0ZXIgTmFtZT0iU3RhcnRzV2l0aCIgVmFsdWU9Imx1ZT0mcXVvdDsiIC8+DQogICAgICAgICAgICA8UnVsZVBhcmFtZXRlciBOYW1lPSJFbmRzV2l0aCIgVmFsdWU9IiZxdW90OyAvJmd0OyYjeEQ7IiAvPg0KICAgICAgICAgICAgPFJ1bGVQYXJhbWV0ZXIgTmFtZT0iSW5kZXgiIFZhbHVlPSIxNyIgLz4NCiAgICAgICAgICAgIDxSdWxlUGFyYW1ldGVyIE5hbWU9Iklnbm9yZUNhc2UiIFZhbHVlPSJGYWxzZSIgLz4NCiAgICAgICAgICAgIDxSdWxlUGFyYW1ldGVyIE5hbWU9IlVzZVJlZ3VsYXJFeHByZXNzaW9uIiBWYWx1ZT0iRmFsc2UiIC8+DQogICAgICAgICAgICA8UnVsZVBhcmFtZXRlciBOYW1lPSJIdG1sRGVjb2RlIiBWYWx1ZT0iVHJ1ZSIgLz4NCiAgICAgICAgICAgIDxSdWxlUGFyYW1ldGVyIE5hbWU9IlJlcXVpcmVkIiBWYWx1ZT0iRmFsc2UiIC8+DQogICAgICAgICAgPC9SdWxlUGFyYW1ldGVycz4NCiAgICAgICAgPC9FeHRyYWN0aW9uUnVsZT4NCiAgICAgICAgPEV4dHJhY3Rpb25SdWxlIENsYXNzbmFtZT0iTWljcm9zb2Z0LlZpc3VhbFN0dWRpby5UZXN0VG9vbHMuV2ViVGVzdGluZy5SdWxlcy5FeHRyYWN0VGV4dCwgTWljcm9zb2Z0LlZpc3VhbFN0dWRpby5RdWFsaXR5VG9vbHMuV2ViVGVzdEZyYW1ld29yaywgVmVyc2lvbj0xMC4wLjAuMCwgQ3VsdHVyZT1uZXV0cmFsLCBQdWJsaWNLZXlUb2tlbj1iMDNmNWY3ZjExZDUwYTNhIiBWYXJpYWJsZU5hbWU9IkZvcm1Qb3N0UGFyYW00OC5NU09TUFdlYlBhcnRNYW5hZ2VyX09sZERpc3BsYXlNb2RlTmFtZSIgRGlzcGxheU5hbWU9IiIgRGVzY3JpcHRpb249IiI+DQogICAgICAgICAgPFJ1bGVQYXJhbWV0ZXJzPg0KICAgICAgICAgICAgPFJ1bGVQYXJhbWV0ZXIgTmFtZT0iU3RhcnRzV2l0aCIgVmFsdWU9Imx1ZT0mcXVvdDsiIC8+DQogICAgICAgICAgICA8UnVsZVBhcmFtZXRlciBOYW1lPSJFbmRzV2l0aCIgVmFsdWU9IiZxdW90OyAvJmd0OyYjeEQ7IiAvPg0KICAgICAgICAgICAgPFJ1bGVQYXJhbWV0ZXIgTmFtZT0iSW5kZXgiIFZhbHVlPSIxMiIgLz4NCiAgICAgICAgICAgIDxSdWxlUGFyYW1ldGVyIE5hbWU9Iklnbm9yZUNhc2UiIFZhbHVlPSJGYWxzZSIgLz4NCiAgICAgICAgICAgIDxSdWxlUGFyYW1ldGVyIE5hbWU9IlVzZVJlZ3VsYXJFeHByZXNzaW9uIiBWYWx1ZT0iRmFsc2UiIC8+DQogICAgICAgICAgICA8UnVsZVBhcmFtZXRlciBOYW1lPSJIdG1sRGVjb2RlIiBWYWx1ZT0iVHJ1ZSIgLz4NCiAgICAgICAgICAgIDxSdWxlUGFyYW1ldGVyIE5hbWU9IlJlcXVpcmVkIiBWYWx1ZT0iRmFsc2UiIC8+DQogICAgICAgICAgPC9SdWxlUGFyYW1ldGVycz4NCiAgICAgICAgPC9FeHRyYWN0aW9uUnVsZT4NCiAgICAgICAgPEV4dHJhY3Rpb25SdWxlIENsYXNzbmFtZT0iTWljcm9zb2Z0LlZpc3VhbFN0dWRpby5UZXN0VG9vbHMuV2ViVGVzdGluZy5SdWxlcy5FeHRyYWN0VGV4dCwgTWljcm9zb2Z0LlZpc3VhbFN0dWRpby5RdWFsaXR5VG9vbHMuV2ViVGVzdEZyYW1ld29yaywgVmVyc2lvbj0xMC4wLjAuMCwgQ3VsdHVyZT1uZXV0cmFsLCBQdWJsaWNLZXlUb2tlbj1iMDNmNWY3ZjExZDUwYTNhIiBWYXJpYWJsZU5hbWU9IkZvcm1Qb3N0UGFyYW00OS5NU09TUFdlYlBhcnRNYW5hZ2VyX1N0YXJ0V2ViUGFydEVkaXRpbmdOYW1lIiBEaXNwbGF5TmFtZT0iIiBEZXNjcmlwdGlvbj0iIj4NCiAgICAgICAgICA8UnVsZVBhcmFtZXRlcnM+DQogICAgICAgICAgICA8UnVsZVBhcmFtZXRlciBOYW1lPSJTdGFydHNXaXRoIiBWYWx1ZT0ibHVlPSZxdW90OyIgLz4NCiAgICAgICAgICAgIDxSdWxlUGFyYW1ldGVyIE5hbWU9IkVuZHNXaXRoIiBWYWx1ZT0iJnF1b3Q7IC8mZ3Q7JiN4RDsiIC8+DQogICAgICAgICAgICA8UnVsZVBhcmFtZXRlciBOYW1lPSJJbmRleCIgVmFsdWU9IjEzIiAvPg0KICAgICAgICAgICAgPFJ1bGVQYXJhbWV0ZXIgTmFtZT0iSWdub3JlQ2FzZSIgVmFsdWU9IkZhbHNlIiAvPg0KICAgICAgICAgICAgPFJ1bGVQYXJhbWV0ZXIgTmFtZT0iVXNlUmVndWxhckV4cHJlc3Npb24iIFZhbHVlPSJGYWxzZSIgLz4NCiAgICAgICAgICAgIDxSdWxlUGFyYW1ldGVyIE5hbWU9Ikh0bWxEZWNvZGUiIFZhbHVlPSJUcnVlIiAvPg0KICAgICAgICAgICAgPFJ1bGVQYXJhbWV0ZXIgTmFtZT0iUmVxdWlyZWQiIFZhbHVlPSJGYWxzZSIgLz4NCiAgICAgICAgICA8L1J1bGVQYXJhbWV0ZXJzPg0KICAgICAgICA8L0V4dHJhY3Rpb25SdWxlPg0KICAgICAgICA8RXh0cmFjdGlvblJ1bGUgQ2xhc3NuYW1lPSJNaWNyb3NvZnQuVmlzdWFsU3R1ZGlvLlRlc3RUb29scy5XZWJUZXN0aW5nLlJ1bGVzLkV4dHJhY3RUZXh0LCBNaWNyb3NvZnQuVmlzdWFsU3R1ZGlvLlF1YWxpdHlUb29scy5XZWJUZXN0RnJhbWV3b3JrLCBWZXJzaW9uPTEwLjAuMC4wLCBDdWx0dXJlPW5ldXRyYWwsIFB1YmxpY0tleVRva2VuPWIwM2Y1ZjdmMTFkNTBhM2EiIFZhcmlhYmxlTmFtZT0iRm9ybVBvc3RQYXJhbTUwLk1TT1NQV2ViUGFydE1hbmFnZXJfRW5kV2ViUGFydEVkaXRpbmciIERpc3BsYXlOYW1lPSIiIERlc2NyaXB0aW9uPSIiPg0KICAgICAgICAgIDxSdWxlUGFyYW1ldGVycz4NCiAgICAgICAgICAgIDxSdWxlUGFyYW1ldGVyIE5hbWU9IlN0YXJ0c1dpdGgiIFZhbHVlPSJsdWU9JnF1b3Q7IiAvPg0KICAgICAgICAgICAgPFJ1bGVQYXJhbWV0ZXIgTmFtZT0iRW5kc1dpdGgiIFZhbHVlPSImcXVvdDsgLyZndDsmI3hEOyIgLz4NCiAgICAgICAgICAgIDxSdWxlUGFyYW1ldGVyIE5hbWU9IkluZGV4IiBWYWx1ZT0iMTMiIC8+DQogICAgICAgICAgICA8UnVsZVBhcmFtZXRlciBOYW1lPSJJZ25vcmVDYXNlIiBWYWx1ZT0iRmFsc2UiIC8+DQogICAgICAgICAgICA8UnVsZVBhcmFtZXRlciBOYW1lPSJVc2VSZWd1bGFyRXhwcmVzc2lvbiIgVmFsdWU9IkZhbHNlIiAvPg0KICAgICAgICAgICAgPFJ1bGVQYXJhbWV0ZXIgTmFtZT0iSHRtbERlY29kZSIgVmFsdWU9IlRydWUiIC8+DQogICAgICAgICAgICA8UnVsZVBhcmFtZXRlciBOYW1lPSJSZXF1aXJlZCIgVmFsdWU9IkZhbHNlIiAvPg0KICAgICAgICAgIDwvUnVsZVBhcmFtZXRlcnM+DQogICAgICAgIDwvRXh0cmFjdGlvblJ1bGU+DQogICAgICAgIDxFeHRyYWN0aW9uUnVsZSBDbGFzc25hbWU9Ik1pY3Jvc29mdC5WaXN1YWxTdHVkaW8uVGVzdFRvb2xzLldlYlRlc3RpbmcuUnVsZXMuRXh0cmFjdFRleHQsIE1pY3Jvc29mdC5WaXN1YWxTdHVkaW8uUXVhbGl0eVRvb2xzLldlYlRlc3RGcmFtZXdvcmssIFZlcnNpb249MTAuMC4wLjAsIEN1bHR1cmU9bmV1dHJhbCwgUHVibGljS2V5VG9rZW49YjAzZjVmN2YxMWQ1MGEzYSIgVmFyaWFibGVOYW1lPSJGb3JtUG9zdFBhcmFtNTEuX19WSUVXU1RBVEUiIERpc3BsYXlOYW1lPSIiIERlc2NyaXB0aW9uPSIiPg0KICAgICAgICAgIDxSdWxlUGFyYW1ldGVycz4NCiAgICAgICAgICAgIDxSdWxlUGFyYW1ldGVyIE5hbWU9IlN0YXJ0c1dpdGgiIFZhbHVlPSJsdWU9JnF1b3Q7IiAvPg0KICAgICAgICAgICAgPFJ1bGVQYXJhbWV0ZXIgTmFtZT0iRW5kc1dpdGgiIFZhbHVlPSImcXVvdDsgLyZndDsmI3hEOyIgLz4NCiAgICAgICAgICAgIDxSdWxlUGFyYW1ldGVyIE5hbWU9IkluZGV4IiBWYWx1ZT0iMjMiIC8+DQogICAgICAgICAgICA8UnVsZVBhcmFtZXRlciBOYW1lPSJJZ25vcmVDYXNlIiBWYWx1ZT0iRmFsc2UiIC8+DQogICAgICAgICAgICA8UnVsZVBhcmFtZXRlciBOYW1lPSJVc2VSZWd1bGFyRXhwcmVzc2lvbiIgVmFsdWU9IkZhbHNlIiAvPg0KICAgICAgICAgICAgPFJ1bGVQYXJhbWV0ZXIgTmFtZT0iSHRtbERlY29kZSIgVmFsdWU9IlRydWUiIC8+DQogICAgICAgICAgICA8UnVsZVBhcmFtZXRlciBOYW1lPSJSZXF1aXJlZCIgVmFsdWU9IkZhbHNlIiAvPg0KICAgICAgICAgIDwvUnVsZVBhcmFtZXRlcnM+DQogICAgICAgIDwvRXh0cmFjdGlvblJ1bGU+DQogICAgICAgIDxFeHRyYWN0aW9uUnVsZSBDbGFzc25hbWU9Ik1pY3Jvc29mdC5WaXN1YWxTdHVkaW8uVGVzdFRvb2xzLldlYlRlc3RpbmcuUnVsZXMuRXh0cmFjdFRleHQsIE1pY3Jvc29mdC5WaXN1YWxTdHVkaW8uUXVhbGl0eVRvb2xzLldlYlRlc3RGcmFtZXdvcmssIFZlcnNpb249MTAuMC4wLjAsIEN1bHR1cmU9bmV1dHJhbCwgUHVibGljS2V5VG9rZW49YjAzZjVmN2YxMWQ1MGEzYSIgVmFyaWFibGVOYW1lPSJGb3JtUG9zdFBhcmFtNTIuX19WSUVXU1RBVEVHRU5FUkFUT1IiIERpc3BsYXlOYW1lPSIiIERlc2NyaXB0aW9uPSIiPg0KICAgICAgICAgIDxSdWxlUGFyYW1ldGVycz4NCiAgICAgICAgICAgIDxSdWxlUGFyYW1ldGVyIE5hbWU9IlN0YXJ0c1dpdGgiIFZhbHVlPSJsdWU9JnF1b3Q7IiAvPg0KICAgICAgICAgICAgPFJ1bGVQYXJhbWV0ZXIgTmFtZT0iRW5kc1dpdGgiIFZhbHVlPSImcXVvdDsgLyZndDsmI3hEOyIgLz4NCiAgICAgICAgICAgIDxSdWxlUGFyYW1ldGVyIE5hbWU9IkluZGV4IiBWYWx1ZT0iMjQiIC8+DQogICAgICAgICAgICA8UnVsZVBhcmFtZXRlciBOYW1lPSJJZ25vcmVDYXNlIiBWYWx1ZT0iRmFsc2UiIC8+DQogICAgICAgICAgICA8UnVsZVBhcmFtZXRlciBOYW1lPSJVc2VSZWd1bGFyRXhwcmVzc2lvbiIgVmFsdWU9IkZhbHNlIiAvPg0KICAgICAgICAgICAgPFJ1bGVQYXJhbWV0ZXIgTmFtZT0iSHRtbERlY29kZSIgVmFsdWU9IlRydWUiIC8+DQogICAgICAgICAgICA8UnVsZVBhcmFtZXRlciBOYW1lPSJSZXF1aXJlZCIgVmFsdWU9IkZhbHNlIiAvPg0KICAgICAgICAgIDwvUnVsZVBhcmFtZXRlcnM+DQogICAgICAgIDwvRXh0cmFjdGlvblJ1bGU+DQogICAgICAgIDxFeHRyYWN0aW9uUnVsZSBDbGFzc25hbWU9Ik1pY3Jvc29mdC5WaXN1YWxTdHVkaW8uVGVzdFRvb2xzLldlYlRlc3RpbmcuUnVsZXMuRXh0cmFjdFRleHQsIE1pY3Jvc29mdC5WaXN1YWxTdHVkaW8uUXVhbGl0eVRvb2xzLldlYlRlc3RGcmFtZXdvcmssIFZlcnNpb249MTAuMC4wLjAsIEN1bHR1cmU9bmV1dHJhbCwgUHVibGljS2V5VG9rZW49YjAzZjVmN2YxMWQ1MGEzYSIgVmFyaWFibGVOYW1lPSJGb3JtUG9zdFBhcmFtNTMuX19FVkVOVFZBTElEQVRJT04iIERpc3BsYXlOYW1lPSIiIERlc2NyaXB0aW9uPSIiPg0KICAgICAgICAgIDxSdWxlUGFyYW1ldGVycz4NCiAgICAgICAgICAgIDxSdWxlUGFyYW1ldGVyIE5hbWU9IlN0YXJ0c1dpdGgiIFZhbHVlPSJsdWU9JnF1b3Q7IiAvPg0KICAgICAgICAgICAgPFJ1bGVQYXJhbWV0ZXIgTmFtZT0iRW5kc1dpdGgiIFZhbHVlPSImcXVvdDsgLyZndDsmI3hEOyIgLz4NCiAgICAgICAgICAgIDxSdWxlUGFyYW1ldGVyIE5hbWU9IkluZGV4IiBWYWx1ZT0iMjciIC8+DQogICAgICAgICAgICA8UnVsZVBhcmFtZXRlciBOYW1lPSJJZ25vcmVDYXNlIiBWYWx1ZT0iRmFsc2UiIC8+DQogICAgICAgICAgICA8UnVsZVBhcmFtZXRlciBOYW1lPSJVc2VSZWd1bGFyRXhwcmVzc2lvbiIgVmFsdWU9IkZhbHNlIiAvPg0KICAgICAgICAgICAgPFJ1bGVQYXJhbWV0ZXIgTmFtZT0iSHRtbERlY29kZSIgVmFsdWU9IlRydWUiIC8+DQogICAgICAgICAgICA8UnVsZVBhcmFtZXRlciBOYW1lPSJSZXF1aXJlZCIgVmFsdWU9IkZhbHNlIiAvPg0KICAgICAgICAgIDwvUnVsZVBhcmFtZXRlcnM+DQogICAgICAgIDwvRXh0cmFjdGlvblJ1bGU+DQogICAgICAgIDxFeHRyYWN0aW9uUnVsZSBDbGFzc25hbWU9Ik1pY3Jvc29mdC5WaXN1YWxTdHVkaW8uVGVzdFRvb2xzLldlYlRlc3RpbmcuUnVsZXMuRXh0cmFjdFRleHQsIE1pY3Jvc29mdC5WaXN1YWxTdHVkaW8uUXVhbGl0eVRvb2xzLldlYlRlc3RGcmFtZXdvcmssIFZlcnNpb249MTAuMC4wLjAsIEN1bHR1cmU9bmV1dHJhbCwgUHVibGljS2V5VG9rZW49YjAzZjVmN2YxMWQ1MGEzYSIgVmFyaWFibGVOYW1lPSJGb3JtUG9zdFBhcmFtNTQuY3RsMDAkY3RsNDQkY3RsMDQiIERpc3BsYXlOYW1lPSIiIERlc2NyaXB0aW9uPSIiPg0KICAgICAgICAgIDxSdWxlUGFyYW1ldGVycz4NCiAgICAgICAgICAgIDxSdWxlUGFyYW1ldGVyIE5hbWU9IlN0YXJ0c1dpdGgiIFZhbHVlPSJkID0gJnF1b3Q7IiAvPg0KICAgICAgICAgICAgPFJ1bGVQYXJhbWV0ZXIgTmFtZT0iRW5kc1dpdGgiIFZhbHVlPSImcXVvdDs7X3NwIiAvPg0KICAgICAgICAgICAgPFJ1bGVQYXJhbWV0ZXIgTmFtZT0iSW5kZXgiIFZhbHVlPSIwIiAvPg0KICAgICAgICAgICAgPFJ1bGVQYXJhbWV0ZXIgTmFtZT0iSWdub3JlQ2FzZSIgVmFsdWU9IkZhbHNlIiAvPg0KICAgICAgICAgICAgPFJ1bGVQYXJhbWV0ZXIgTmFtZT0iVXNlUmVndWxhckV4cHJlc3Npb24iIFZhbHVlPSJGYWxzZSIgLz4NCiAgICAgICAgICAgIDxSdWxlUGFyYW1ldGVyIE5hbWU9Ikh0bWxEZWNvZGUiIFZhbHVlPSJUcnVlIiAvPg0KICAgICAgICAgICAgPFJ1bGVQYXJhbWV0ZXIgTmFtZT0iUmVxdWlyZWQiIFZhbHVlPSJGYWxzZSIgLz4NCiAgICAgICAgICA8L1J1bGVQYXJhbWV0ZXJzPg0KICAgICAgICA8L0V4dHJhY3Rpb25SdWxlPg0KICAgICAgICA8RXh0cmFjdGlvblJ1bGUgQ2xhc3NuYW1lPSJNaWNyb3NvZnQuVmlzdWFsU3R1ZGlvLlRlc3RUb29scy5XZWJUZXN0aW5nLlJ1bGVzLkV4dHJhY3RUZXh0LCBNaWNyb3NvZnQuVmlzdWFsU3R1ZGlvLlF1YWxpdHlUb29scy5XZWJUZXN0RnJhbWV3b3JrLCBWZXJzaW9uPTEwLjAuMC4wLCBDdWx0dXJlPW5ldXRyYWwsIFB1YmxpY0tleVRva2VuPWIwM2Y1ZjdmMTFkNTBhM2EiIFZhcmlhYmxlTmFtZT0iRm9ybVBvc3RQYXJhbTU1LmN0bDAwJGN0bDQ0JGN0bDA0IiBEaXNwbGF5TmFtZT0iIiBEZXNjcmlwdGlvbj0iIj4NCiAgICAgICAgICA8UnVsZVBhcmFtZXRlcnM+DQogICAgICAgICAgICA8UnVsZVBhcmFtZXRlciBOYW1lPSJTdGFydHNXaXRoIiBWYWx1ZT0iZCA9ICZxdW90OyIgLz4NCiAgICAgICAgICAgIDxSdWxlUGFyYW1ldGVyIE5hbWU9IkVuZHNXaXRoIiBWYWx1ZT0iJnF1b3Q7O19zcCIgLz4NCiAgICAgICAgICAgIDxSdWxlUGFyYW1ldGVyIE5hbWU9IkluZGV4IiBWYWx1ZT0iMCIgLz4NCiAgICAgICAgICAgIDxSdWxlUGFyYW1ldGVyIE5hbWU9Iklnbm9yZUNhc2UiIFZhbHVlPSJGYWxzZSIgLz4NCiAgICAgICAgICAgIDxSdWxlUGFyYW1ldGVyIE5hbWU9IlVzZVJlZ3VsYXJFeHByZXNzaW9uIiBWYWx1ZT0iRmFsc2UiIC8+DQogICAgICAgICAgICA8UnVsZVBhcmFtZXRlciBOYW1lPSJIdG1sRGVjb2RlIiBWYWx1ZT0iVHJ1ZSIgLz4NCiAgICAgICAgICAgIDxSdWxlUGFyYW1ldGVyIE5hbWU9IlJlcXVpcmVkIiBWYWx1ZT0iRmFsc2UiIC8+DQogICAgICAgICAgPC9SdWxlUGFyYW1ldGVycz4NCiAgICAgICAgPC9FeHRyYWN0aW9uUnVsZT4NCiAgICAgIDwvQ29ycmVsYXRpb25FeHRyYWN0aW9uUnVsZXM+DQogICAgPC9SZXF1ZXN0Pg0KICAgIDxSZXF1ZXN0IE1ldGhvZD0iR0VUIiBHdWlkPSI4OGYxYTcwYS04MzFkLTQyYjItOTlmYi05YTM1MTgyNzAzNzQiIFZlcnNpb249IjEuMSIgVXJsPSJodHRwczovL3NwLmNvcmRpc3NvbHV0aW9ucy5jb20vQXBwczAwL19sYXlvdXRzLzE1L2ZpbHRlci5hc3B4IiBUaGlua1RpbWU9IjEiIFRpbWVvdXQ9IjMwMCIgUGFyc2VEZXBlbmRlbnRSZXF1ZXN0cz0iVHJ1ZSIgRm9sbG93UmVkaXJlY3RzPSJUcnVlIiBSZWNvcmRSZXN1bHQ9IlRydWUiIENhY2hlPSJGYWxzZSIgUmVzcG9uc2VUaW1lR29hbD0iMCIgRW5jb2Rpbmc9InV0Zi04IiBFeHBlY3RlZEh0dHBTdGF0dXNDb2RlPSIwIiBFeHBlY3RlZFJlc3BvbnNlVXJsPSIiIFJlcG9ydGluZ05hbWU9IiIgSWdub3JlSHR0cFN0YXR1c0NvZGU9IkZhbHNlIj4NCiAgICAgIDxIZWFkZXJzPg0KICAgICAgICA8SGVhZGVyIE5hbWU9IlJlZmVyZXIiIFZhbHVlPSJodHRwczovL3NwLmNvcmRpc3NvbHV0aW9ucy5jb20vQXBwczAwL1NoYXJlZCUyMERvY3VtZW50cy9Gb3Jtcy9kZXRhaWwlMjBsaXN0JTIwd28lMjBmb2xkZXJzJTIwMDEuYXNweCIgLz4NCiAgICAgIDwvSGVhZGVycz4NCiAgICAgIDxRdWVyeVN0cmluZ1BhcmFtZXRlcnM+DQogICAgICAgIDxRdWVyeVN0cmluZ1BhcmFtZXRlciBOYW1lPSJMaXN0SWQiIFZhbHVlPSJ7RUQyODE5MkEtM0I2Ny00M0Q4LUJBOEEtRENDQTNBQ0U3RDBCfSIgUmVjb3JkZWRWYWx1ZT0ie0VEMjgxOTJBLTNCNjctNDNEOC1CQThBLURDQ0EzQUNFN0QwQn0iIENvcnJlbGF0aW9uQmluZGluZz0iIiBVcmxFbmNvZGU9IkZhbHNlIiBVc2VUb0dyb3VwUmVzdWx0cz0iRmFsc2UiIC8+DQogICAgICAgIDxRdWVyeVN0cmluZ1BhcmFtZXRlciBOYW1lPSJGaWVsZEludGVybmFsTmFtZSIgVmFsdWU9Ik1vZGlmaWVkIiBSZWNvcmRlZFZhbHVlPSJNb2RpZmllZCIgQ29ycmVsYXRpb25CaW5kaW5nPSIiIFVybEVuY29kZT0iRmFsc2UiIFVzZVRvR3JvdXBSZXN1bHRzPSJGYWxzZSIgLz4NCiAgICAgICAgPFF1ZXJ5U3RyaW5nUGFyYW1ldGVyIE5hbWU9IlZpZXdJZCIgVmFsdWU9IntCRkFDQTkxRi05M0YyLTQ2MzItQUIzOS1FRUU5MkE1RDA2QTJ9IiBSZWNvcmRlZFZhbHVlPSJ7QkZBQ0E5MUYtOTNGMi00NjMyLUFCMzktRUVFOTJBNUQwNkEyfSIgQ29ycmVsYXRpb25CaW5kaW5nPSIiIFVybEVuY29kZT0iRmFsc2UiIFVzZVRvR3JvdXBSZXN1bHRzPSJGYWxzZSIgLz4NCiAgICAgICAgPFF1ZXJ5U3RyaW5nUGFyYW1ldGVyIE5hbWU9IkZpbHRlck9ubHkiIFZhbHVlPSIxIiBSZWNvcmRlZFZhbHVlPSIxIiBDb3JyZWxhdGlvbkJpbmRpbmc9IiIgVXJsRW5jb2RlPSJGYWxzZSIgVXNlVG9Hcm91cFJlc3VsdHM9IkZhbHNlIiAvPg0KICAgICAgICA8UXVlcnlTdHJpbmdQYXJhbWV0ZXIgTmFtZT0iRmlsdGVyIiBWYWx1ZT0iMSIgUmVjb3JkZWRWYWx1ZT0iMSIgQ29ycmVsYXRpb25CaW5kaW5nPSIiIFVybEVuY29kZT0iRmFsc2UiIFVzZVRvR3JvdXBSZXN1bHRzPSJGYWxzZSIgLz4NCiAgICAgIDwvUXVlcnlTdHJpbmdQYXJhbWV0ZXJzPg0KICAgIDwvUmVxdWVzdD4NCiAgICA8UmVxdWVzdCBNZXRob2Q9IkdFVCIgR3VpZD0iMzM4MjgzNDAtZjU2NC00YmVjLTg1NjktY2I1YTY4ZWIyMTk3IiBWZXJzaW9uPSIxLjEiIFVybD0iaHR0cHM6Ly9zcC5jb3JkaXNzb2x1dGlvbnMuY29tL19sYXlvdXRzL2JsYW5rLmh0bSIgVGhpbmtUaW1lPSIxIiBUaW1lb3V0PSIzMDAiIFBhcnNlRGVwZW5kZW50UmVxdWVzdHM9IlRydWUiIEZvbGxvd1JlZGlyZWN0cz0iVHJ1ZSIgUmVjb3JkUmVzdWx0PSJUcnVlIiBDYWNoZT0iRmFsc2UiIFJlc3BvbnNlVGltZUdvYWw9IjAiIEVuY29kaW5nPSJ1dGYtOCIgRXhwZWN0ZWRIdHRwU3RhdHVzQ29kZT0iMCIgRXhwZWN0ZWRSZXNwb25zZVVybD0iIiBSZXBvcnRpbmdOYW1lPSIiIElnbm9yZUh0dHBTdGF0dXNDb2RlPSJGYWxzZSI+DQogICAgICA8SGVhZGVycz4NCiAgICAgICAgPEhlYWRlciBOYW1lPSJSZWZlcmVyIiBWYWx1ZT0iaHR0cHM6Ly9zcC5jb3JkaXNzb2x1dGlvbnMuY29tL0FwcHMwMC9TaGFyZWQlMjBEb2N1bWVudHMvRm9ybXMvZGV0YWlsJTIwbGlzdCUyMHdvJTIwZm9sZGVycyUyMDAxLmFzcHgiIC8+DQogICAgICA8L0hlYWRlcnM+DQogICAgPC9SZXF1ZXN0Pg0KICAgIDxSZXF1ZXN0IE1ldGhvZD0iUE9TVCIgR3VpZD0iODhmN2QxNTQtMjcxMi00MTgzLThhZjktZWE5MTFlOGY4NjgxIiBWZXJzaW9uPSIxLjEiIFVybD0iaHR0cHM6Ly9zcC5jb3JkaXNzb2x1dGlvbnMuY29tL0FwcHMwMC9fbGF5b3V0cy8xNS9pbnBsdmlldy5hc3B4IiBUaGlua1RpbWU9IjAiIFRpbWVvdXQ9IjMwMCIgUGFyc2VEZXBlbmRlbnRSZXF1ZXN0cz0iVHJ1ZSIgRm9sbG93UmVkaXJlY3RzPSJUcnVlIiBSZWNvcmRSZXN1bHQ9IlRydWUiIENhY2hlPSJGYWxzZSIgUmVzcG9uc2VUaW1lR29hbD0iMCIgRW5jb2Rpbmc9InV0Zi04IiBFeHBlY3RlZEh0dHBTdGF0dXNDb2RlPSIwIiBFeHBlY3RlZFJlc3BvbnNlVXJsPSIiIFJlcG9ydGluZ05hbWU9IiIgSWdub3JlSHR0cFN0YXR1c0NvZGU9IkZhbHNlIj4NCiAgICAgIDxIZWFkZXJzPg0KICAgICAgICA8SGVhZGVyIE5hbWU9IlJlZmVyZXIiIFZhbHVlPSJodHRwczovL3NwLmNvcmRpc3NvbHV0aW9ucy5jb20vQXBwczAwL1NoYXJlZCUyMERvY3VtZW50cy9Gb3Jtcy9kZXRhaWwlMjBsaXN0JTIwd28lMjBmb2xkZXJzJTIwMDEuYXNweCIgLz4NCiAgICAgIDwvSGVhZGVycz4NCiAgICAgIDxRdWVyeVN0cmluZ1BhcmFtZXRlcnM+DQogICAgICAgIDxRdWVyeVN0cmluZ1BhcmFtZXRlciBOYW1lPSJMaXN0IiBWYWx1ZT0iJTdCRUQyODE5MkEtM0I2Ny00M0Q4LUJBOEEtRENDQTNBQ0U3RDBCJTdEIiBSZWNvcmRlZFZhbHVlPSIlN0JFRDI4MTkyQS0zQjY3LTQzRDgtQkE4QS1EQ0NBM0FDRTdEMEIlN0QiIENvcnJlbGF0aW9uQmluZGluZz0iIiBVcmxFbmNvZGU9IkZhbHNlIiBVc2VUb0dyb3VwUmVzdWx0cz0iRmFsc2UiIC8+DQogICAgICAgIDxRdWVyeVN0cmluZ1BhcmFtZXRlciBOYW1lPSJWaWV3IiBWYWx1ZT0iJTdCQkZBQ0E5MUYtOTNGMi00NjMyLUFCMzktRUVFOTJBNUQwNkEyJTdEIiBSZWNvcmRlZFZhbHVlPSIlN0JCRkFDQTkxRi05M0YyLTQ2MzItQUIzOS1FRUU5MkE1RDA2QTIlN0QiIENvcnJlbGF0aW9uQmluZGluZz0iIiBVcmxFbmNvZGU9IkZhbHNlIiBVc2VUb0dyb3VwUmVzdWx0cz0iRmFsc2UiIC8+DQogICAgICAgIDxRdWVyeVN0cmluZ1BhcmFtZXRlciBOYW1lPSJWaWV3Q291bnQiIFZhbHVlPSIwIiBSZWNvcmRlZFZhbHVlPSIwIiBDb3JyZWxhdGlvbkJpbmRpbmc9IiIgVXJsRW5jb2RlPSJGYWxzZSIgVXNlVG9Hcm91cFJlc3VsdHM9IkZhbHNlIiAvPg0KICAgICAgICA8UXVlcnlTdHJpbmdQYXJhbWV0ZXIgTmFtZT0iSXNYc2xWaWV3IiBWYWx1ZT0iVFJVRSIgUmVjb3JkZWRWYWx1ZT0iVFJVRSIgQ29ycmVsYXRpb25CaW5kaW5nPSIiIFVybEVuY29kZT0iRmFsc2UiIFVzZVRvR3JvdXBSZXN1bHRzPSJGYWxzZSIgLz4NCiAgICAgICAgPFF1ZXJ5U3RyaW5nUGFyYW1ldGVyIE5hbWU9IklzQ1NSIiBWYWx1ZT0iVFJVRSIgUmVjb3JkZWRWYWx1ZT0iVFJVRSIgQ29ycmVsYXRpb25CaW5kaW5nPSIiIFVybEVuY29kZT0iRmFsc2UiIFVzZVRvR3JvdXBSZXN1bHRzPSJGYWxzZSIgLz4NCiAgICAgICAgPFF1ZXJ5U3RyaW5nUGFyYW1ldGVyIE5hbWU9Ikxpc3RWaWV3UGFnZVVybCIgVmFsdWU9Imh0dHBzJTNBJTJGJTJGc3AuY29yZGlzc29sdXRpb25zLmNvbSUyRkFwcHMwMCUyRlNoYXJlZCUyNTIwRG9jdW1lbnRzJTJGRm9ybXMlMkZkZXRhaWwlMjUyMGxpc3QlMjUyMHdvJTI1MjBmb2xkZXJzJTI1MjAwMS5hc3B4IiBSZWNvcmRlZFZhbHVlPSJodHRwcyUzQSUyRiUyRnNwLmNvcmRpc3NvbHV0aW9ucy5jb20lMkZBcHBzMDAlMkZTaGFyZWQlMjUyMERvY3VtZW50cyUyRkZvcm1zJTJGZGV0YWlsJTI1MjBsaXN0JTI1MjB3byUyNTIwZm9sZGVycyUyNTIwMDEuYXNweCIgQ29ycmVsYXRpb25CaW5kaW5nPSIiIFVybEVuY29kZT0iRmFsc2UiIFVzZVRvR3JvdXBSZXN1bHRzPSJGYWxzZSIgLz4NCiAgICAgICAgPFF1ZXJ5U3RyaW5nUGFyYW1ldGVyIE5hbWU9IlNvcnRGaWVsZCIgVmFsdWU9Ik1vZGlmaWVkIiBSZWNvcmRlZFZhbHVlPSJNb2RpZmllZCIgQ29ycmVsYXRpb25CaW5kaW5nPSIiIFVybEVuY29kZT0iRmFsc2UiIFVzZVRvR3JvdXBSZXN1bHRzPSJGYWxzZSIgLz4NCiAgICAgICAgPFF1ZXJ5U3RyaW5nUGFyYW1ldGVyIE5hbWU9IlNvcnREaXIiIFZhbHVlPSJEZXNjIiBSZWNvcmRlZFZhbHVlPSJEZXNjIiBDb3JyZWxhdGlvbkJpbmRpbmc9IiIgVXJsRW5jb2RlPSJGYWxzZSIgVXNlVG9Hcm91cFJlc3VsdHM9IkZhbHNlIiAvPg0KICAgICAgPC9RdWVyeVN0cmluZ1BhcmFtZXRlcnM+DQogICAgICA8Rm9ybVBvc3RIdHRwQm9keSAvPg0KICAgIDwvUmVxdWVzdD4NCiAgICA8UmVxdWVzdCBNZXRob2Q9IkdFVCIgR3VpZD0iZGI0MTAzMTQtNzc3Mi00YTBkLTg4Y2MtNTg1N2NiMzhlNmE0IiBWZXJzaW9uPSIxLjEiIFVybD0iaHR0cHM6Ly9zcC5jb3JkaXNzb2x1dGlvbnMuY29tL0FwcHMwMC9TaGFyZWQlMjBEb2N1bWVudHMvRm9ybXMvZGV0YWlsJTIwbGlzdCUyMHdvJTIwZm9sZGVycyUyMDAxLmFzcHgiIFRoaW5rVGltZT0iNCIgVGltZW91dD0iMzAwIiBQYXJzZURlcGVuZGVudFJlcXVlc3RzPSJUcnVlIiBGb2xsb3dSZWRpcmVjdHM9IlRydWUiIFJlY29yZFJlc3VsdD0iVHJ1ZSIgQ2FjaGU9IkZhbHNlIiBSZXNwb25zZVRpbWVHb2FsPSIwIiBFbmNvZGluZz0idXRmLTgiIEV4cGVjdGVkSHR0cFN0YXR1c0NvZGU9IjAiIEV4cGVjdGVkUmVzcG9uc2VVcmw9Imh0dHBzOi8vc3AuY29yZGlzc29sdXRpb25zLmNvbS9BcHBzMDAvU2hhcmVkJTIwRG9jdW1lbnRzL0Zvcm1zL2RldGFpbCUyMGxpc3QlMjB3byUyMGZvbGRlcnMlMjAwMS5hc3B4I0lucGx2aWV3SGFzaGJmYWNhOTFmLTkzZjItNDYzMi1hYjM5LWVlZTkyYTVkMDZhMj1Tb3J0RmllbGQlM0RNb2RpZmllZC1Tb3J0RGlyJTNERGVzYyIgUmVwb3J0aW5nTmFtZT0iIiBJZ25vcmVIdHRwU3RhdHVzQ29kZT0iRmFsc2UiIC8+DQogICAgPFJlcXVlc3QgTWV0aG9kPSJQT1NUIiBHdWlkPSJhMjNhN2U4YS03NDZmLTQwNWQtOTliMS04MTQyZjk2MjdmZmQiIFZlcnNpb249IjEuMSIgVXJsPSJodHRwczovL3NwLmNvcmRpc3NvbHV0aW9ucy5jb20vQXBwczAwL19sYXlvdXRzLzE1L2lucGx2aWV3LmFzcHgiIFRoaW5rVGltZT0iMCIgVGltZW91dD0iMzAwIiBQYXJzZURlcGVuZGVudFJlcXVlc3RzPSJUcnVlIiBGb2xsb3dSZWRpcmVjdHM9IlRydWUiIFJlY29yZFJlc3VsdD0iVHJ1ZSIgQ2FjaGU9IkZhbHNlIiBSZXNwb25zZVRpbWVHb2FsPSIwIiBFbmNvZGluZz0idXRmLTgiIEV4cGVjdGVkSHR0cFN0YXR1c0NvZGU9IjAiIEV4cGVjdGVkUmVzcG9uc2VVcmw9IiIgUmVwb3J0aW5nTmFtZT0iIiBJZ25vcmVIdHRwU3RhdHVzQ29kZT0iRmFsc2UiPg0KICAgICAgPEhlYWRlcnM+DQogICAgICAgIDxIZWFkZXIgTmFtZT0iUmVmZXJlciIgVmFsdWU9Imh0dHBzOi8vc3AuY29yZGlzc29sdXRpb25zLmNvbS9BcHBzMDAvU2hhcmVkJTIwRG9jdW1lbnRzL0Zvcm1zL2RldGFpbCUyMGxpc3QlMjB3byUyMGZvbGRlcnMlMjAwMS5hc3B4IiAvPg0KICAgICAgPC9IZWFkZXJzPg0KICAgICAgPENvcnJlbGF0aW9uRXh0cmFjdGlvblJ1bGVzPg0KICAgICAgICA8RXh0cmFjdGlvblJ1bGUgQ2xhc3NuYW1lPSJNaWNyb3NvZnQuVmlzdWFsU3R1ZGlvLlRlc3RUb29scy5XZWJUZXN0aW5nLlJ1bGVzLkV4dHJhY3RUZXh0LCBNaWNyb3NvZnQuVmlzdWFsU3R1ZGlvLlF1YWxpdHlUb29scy5XZWJUZXN0RnJhbWV3b3JrLCBWZXJzaW9uPTEwLjAuMC4wLCBDdWx0dXJlPW5ldXRyYWwsIFB1YmxpY0tleVRva2VuPWIwM2Y1ZjdmMTFkNTBhM2EiIFZhcmlhYmxlTmFtZT0iRm9ybVBvc3RQYXJhbTM4Lk1TT1RsUG5fVmlldyIgRGlzcGxheU5hbWU9IiIgRGVzY3JpcHRpb249IiI+DQogICAgICAgICAgPFJ1bGVQYXJhbWV0ZXJzPg0KICAgICAgICAgICAgPFJ1bGVQYXJhbWV0ZXIgTmFtZT0iU3RhcnRzV2l0aCIgVmFsdWU9ImluZz0mcXVvdDsiIC8+DQogICAgICAgICAgICA8UnVsZVBhcmFtZXRlciBOYW1lPSJFbmRzV2l0aCIgVmFsdWU9IiZxdW90OyBjZWwiIC8+DQogICAgICAgICAgICA8UnVsZVBhcmFtZXRlciBOYW1lPSJJbmRleCIgVmFsdWU9IjAiIC8+DQogICAgICAgICAgICA8UnVsZVBhcmFtZXRlciBOYW1lPSJJZ25vcmVDYXNlIiBWYWx1ZT0iRmFsc2UiIC8+DQogICAgICAgICAgICA8UnVsZVBhcmFtZXRlciBOYW1lPSJVc2VSZWd1bGFyRXhwcmVzc2lvbiIgVmFsdWU9IkZhbHNlIiAvPg0KICAgICAgICAgICAgPFJ1bGVQYXJhbWV0ZXIgTmFtZT0iSHRtbERlY29kZSIgVmFsdWU9IlRydWUiIC8+DQogICAgICAgICAgICA8UnVsZVBhcmFtZXRlciBOYW1lPSJSZXF1aXJlZCIgVmFsdWU9IkZhbHNlIiAvPg0KICAgICAgICAgIDwvUnVsZVBhcmFtZXRlcnM+DQogICAgICAgIDwvRXh0cmFjdGlvblJ1bGU+DQogICAgICAgIDxFeHRyYWN0aW9uUnVsZSBDbGFzc25hbWU9Ik1pY3Jvc29mdC5WaXN1YWxTdHVkaW8uVGVzdFRvb2xzLldlYlRlc3RpbmcuUnVsZXMuRXh0cmFjdFRleHQsIE1pY3Jvc29mdC5WaXN1YWxTdHVkaW8uUXVhbGl0eVRvb2xzLldlYlRlc3RGcmFtZXdvcmssIFZlcnNpb249MTAuMC4wLjAsIEN1bHR1cmU9bmV1dHJhbCwgUHVibGljS2V5VG9rZW49YjAzZjVmN2YxMWQ1MGEzYSIgVmFyaWFibGVOYW1lPSJGb3JtUG9zdFBhcmFtMzkuTVNPVGxQbl9CdXR0b24iIERpc3BsYXlOYW1lPSIiIERlc2NyaXB0aW9uPSIiPg0KICAgICAgICAgIDxSdWxlUGFyYW1ldGVycz4NCiAgICAgICAgICAgIDxSdWxlUGFyYW1ldGVyIE5hbWU9IlN0YXJ0c1dpdGgiIFZhbHVlPSJkaXI9JnF1b3Q7IiAvPg0KICAgICAgICAgICAgPFJ1bGVQYXJhbWV0ZXIgTmFtZT0iRW5kc1dpdGgiIFZhbHVlPSImcXVvdDsgb25tIiAvPg0KICAgICAgICAgICAgPFJ1bGVQYXJhbWV0ZXIgTmFtZT0iSW5kZXgiIFZhbHVlPSIwIiAvPg0KICAgICAgICAgICAgPFJ1bGVQYXJhbWV0ZXIgTmFtZT0iSWdub3JlQ2FzZSIgVmFsdWU9IkZhbHNlIiAvPg0KICAgICAgICAgICAgPFJ1bGVQYXJhbWV0ZXIgTmFtZT0iVXNlUmVndWxhckV4cHJlc3Npb24iIFZhbHVlPSJGYWxzZSIgLz4NCiAgICAgICAgICAgIDxSdWxlUGFyYW1ldGVyIE5hbWU9Ikh0bWxEZWNvZGUiIFZhbHVlPSJUcnVlIiAvPg0KICAgICAgICAgICAgPFJ1bGVQYXJhbWV0ZXIgTmFtZT0iUmVxdWlyZWQiIFZhbHVlPSJGYWxzZSIgLz4NCiAgICAgICAgICA8L1J1bGVQYXJhbWV0ZXJzPg0KICAgICAgICA8L0V4dHJhY3Rpb25SdWxlPg0KICAgICAgICA8RXh0cmFjdGlvblJ1bGUgQ2xhc3NuYW1lPSJNaWNyb3NvZnQuVmlzdWFsU3R1ZGlvLlRlc3RUb29scy5XZWJUZXN0aW5nLlJ1bGVzLkV4dHJhY3RUZXh0LCBNaWNyb3NvZnQuVmlzdWFsU3R1ZGlvLlF1YWxpdHlUb29scy5XZWJUZXN0RnJhbWV3b3JrLCBWZXJzaW9uPTEwLjAuMC4wLCBDdWx0dXJlPW5ldXRyYWwsIFB1YmxpY0tleVRva2VuPWIwM2Y1ZjdmMTFkNTBhM2EiIFZhcmlhYmxlTmFtZT0iRm9ybVBvc3RQYXJhbTQwLl9tYWludGFpbldvcmtzcGFjZVNjcm9sbFBvc2l0aW9uIiBEaXNwbGF5TmFtZT0iIiBEZXNjcmlwdGlvbj0iIj4NCiAgICAgICAgICA8UnVsZVBhcmFtZXRlcnM+DQogICAgICAgICAgICA8UnVsZVBhcmFtZXRlciBOYW1lPSJTdGFydHNXaXRoIiBWYWx1ZT0iaW5nPSZxdW90OyIgLz4NCiAgICAgICAgICAgIDxSdWxlUGFyYW1ldGVyIE5hbWU9IkVuZHNXaXRoIiBWYWx1ZT0iJnF1b3Q7IGNlbCIgLz4NCiAgICAgICAgICAgIDxSdWxlUGFyYW1ldGVyIE5hbWU9IkluZGV4IiBWYWx1ZT0iMCIgLz4NCiAgICAgICAgICAgIDxSdWxlUGFyYW1ldGVyIE5hbWU9Iklnbm9yZUNhc2UiIFZhbHVlPSJGYWxzZSIgLz4NCiAgICAgICAgICAgIDxSdWxlUGFyYW1ldGVyIE5hbWU9IlVzZVJlZ3VsYXJFeHByZXNzaW9uIiBWYWx1ZT0iRmFsc2UiIC8+DQogICAgICAgICAgICA8UnVsZVBhcmFtZXRlciBOYW1lPSJIdG1sRGVjb2RlIiBWYWx1ZT0iVHJ1ZSIgLz4NCiAgICAgICAgICAgIDxSdWxlUGFyYW1ldGVyIE5hbWU9IlJlcXVpcmVkIiBWYWx1ZT0iRmFsc2UiIC8+DQogICAgICAgICAgPC9SdWxlUGFyYW1ldGVycz4NCiAgICAgICAgPC9FeHRyYWN0aW9uUnVsZT4NCiAgICAgICAgPEV4dHJhY3Rpb25SdWxlIENsYXNzbmFtZT0iTWljcm9zb2Z0LlZpc3VhbFN0dWRpby5UZXN0VG9vbHMuV2ViVGVzdGluZy5SdWxlcy5FeHRyYWN0VGV4dCwgTWljcm9zb2Z0LlZpc3VhbFN0dWRpby5RdWFsaXR5VG9vbHMuV2ViVGVzdEZyYW1ld29yaywgVmVyc2lvbj0xMC4wLjAuMCwgQ3VsdHVyZT1uZXV0cmFsLCBQdWJsaWNLZXlUb2tlbj1iMDNmNWY3ZjExZDUwYTNhIiBWYXJpYWJsZU5hbWU9IkZvcm1Qb3N0UGFyYW00MS5fX1NDUk9MTFBPU0lUSU9OWCIgRGlzcGxheU5hbWU9IiIgRGVzY3JpcHRpb249IiI+DQogICAgICAgICAgPFJ1bGVQYXJhbWV0ZXJzPg0KICAgICAgICAgICAgPFJ1bGVQYXJhbWV0ZXIgTmFtZT0iU3RhcnRzV2l0aCIgVmFsdWU9ImluZz0mcXVvdDsiIC8+DQogICAgICAgICAgICA8UnVsZVBhcmFtZXRlciBOYW1lPSJFbmRzV2l0aCIgVmFsdWU9IiZxdW90OyBjZWwiIC8+DQogICAgICAgICAgICA8UnVsZVBhcmFtZXRlciBOYW1lPSJJbmRleCIgVmFsdWU9IjAiIC8+DQogICAgICAgICAgICA8UnVsZVBhcmFtZXRlciBOYW1lPSJJZ25vcmVDYXNlIiBWYWx1ZT0iRmFsc2UiIC8+DQogICAgICAgICAgICA8UnVsZVBhcmFtZXRlciBOYW1lPSJVc2VSZWd1bGFyRXhwcmVzc2lvbiIgVmFsdWU9IkZhbHNlIiAvPg0KICAgICAgICAgICAgPFJ1bGVQYXJhbWV0ZXIgTmFtZT0iSHRtbERlY29kZSIgVmFsdWU9IlRydWUiIC8+DQogICAgICAgICAgICA8UnVsZVBhcmFtZXRlciBOYW1lPSJSZXF1aXJlZCIgVmFsdWU9IkZhbHNlIiAvPg0KICAgICAgICAgIDwvUnVsZVBhcmFtZXRlcnM+DQogICAgICAgIDwvRXh0cmFjdGlvblJ1bGU+DQogICAgICAgIDxFeHRyYWN0aW9uUnVsZSBDbGFzc25hbWU9Ik1pY3Jvc29mdC5WaXN1YWxTdHVkaW8uVGVzdFRvb2xzLldlYlRlc3RpbmcuUnVsZXMuRXh0cmFjdFRleHQsIE1pY3Jvc29mdC5WaXN1YWxTdHVkaW8uUXVhbGl0eVRvb2xzLldlYlRlc3RGcmFtZXdvcmssIFZlcnNpb249MTAuMC4wLjAsIEN1bHR1cmU9bmV1dHJhbCwgUHVibGljS2V5VG9rZW49YjAzZjVmN2YxMWQ1MGEzYSIgVmFyaWFibGVOYW1lPSJGb3JtUG9zdFBhcmFtNDIuX19TQ1JPTExQT1NJVElPTlkiIERpc3BsYXlOYW1lPSIiIERlc2NyaXB0aW9uPSIiPg0KICAgICAgICAgIDxSdWxlUGFyYW1ldGVycz4NCiAgICAgICAgICAgIDxSdWxlUGFyYW1ldGVyIE5hbWU9IlN0YXJ0c1dpdGgiIFZhbHVlPSJpbmc9JnF1b3Q7IiAvPg0KICAgICAgICAgICAgPFJ1bGVQYXJhbWV0ZXIgTmFtZT0iRW5kc1dpdGgiIFZhbHVlPSImcXVvdDsgY2VsIiAvPg0KICAgICAgICAgICAgPFJ1bGVQYXJhbWV0ZXIgTmFtZT0iSW5kZXgiIFZhbHVlPSIwIiAvPg0KICAgICAgICAgICAgPFJ1bGVQYXJhbWV0ZXIgTmFtZT0iSWdub3JlQ2FzZSIgVmFsdWU9IkZhbHNlIiAvPg0KICAgICAgICAgICAgPFJ1bGVQYXJhbWV0ZXIgTmFtZT0iVXNlUmVndWxhckV4cHJlc3Npb24iIFZhbHVlPSJGYWxzZSIgLz4NCiAgICAgICAgICAgIDxSdWxlUGFyYW1ldGVyIE5hbWU9Ikh0bWxEZWNvZGUiIFZhbHVlPSJUcnVlIiAvPg0KICAgICAgICAgICAgPFJ1bGVQYXJhbWV0ZXIgTmFtZT0iUmVxdWlyZWQiIFZhbHVlPSJGYWxzZSIgLz4NCiAgICAgICAgICA8L1J1bGVQYXJhbWV0ZXJzPg0KICAgICAgICA8L0V4dHJhY3Rpb25SdWxlPg0KICAgICAgICA8RXh0cmFjdGlvblJ1bGUgQ2xhc3NuYW1lPSJNaWNyb3NvZnQuVmlzdWFsU3R1ZGlvLlRlc3RUb29scy5XZWJUZXN0aW5nLlJ1bGVzLkV4dHJhY3RUZXh0LCBNaWNyb3NvZnQuVmlzdWFsU3R1ZGlvLlF1YWxpdHlUb29scy5XZWJUZXN0RnJhbWV3b3JrLCBWZXJzaW9uPTEwLjAuMC4wLCBDdWx0dXJlPW5ldXRyYWwsIFB1YmxpY0tleVRva2VuPWIwM2Y1ZjdmMTFkNTBhM2EiIFZhcmlhYmxlTmFtZT0iUXVlcnlTdHJpbmdQYXJhbTg4Ny5Tb3J0RmllbGQiIERpc3BsYXlOYW1lPSIiIERlc2NyaXB0aW9uPSIiPg0KICAgICAgICAgIDxSdWxlUGFyYW1ldGVycz4NCiAgICAgICAgICAgIDxSdWxlUGFyYW1ldGVyIE5hbWU9IlN0YXJ0c1dpdGgiIFZhbHVlPSI/U29ydEZpZWxkPSIgLz4NCiAgICAgICAgICAgIDxSdWxlUGFyYW1ldGVyIE5hbWU9IkVuZHNXaXRoIiBWYWx1ZT0iJmFtcDsiIC8+DQogICAgICAgICAgICA8UnVsZVBhcmFtZXRlciBOYW1lPSJJbmRleCIgVmFsdWU9IjAiIC8+DQogICAgICAgICAgICA8UnVsZVBhcmFtZXRlciBOYW1lPSJJZ25vcmVDYXNlIiBWYWx1ZT0iRmFsc2UiIC8+DQogICAgICAgICAgICA8UnVsZVBhcmFtZXRlciBOYW1lPSJVc2VSZWd1bGFyRXhwcmVzc2lvbiIgVmFsdWU9IkZhbHNlIiAvPg0KICAgICAgICAgICAgPFJ1bGVQYXJhbWV0ZXIgTmFtZT0iSHRtbERlY29kZSIgVmFsdWU9IlRydWUiIC8+DQogICAgICAgICAgICA8UnVsZVBhcmFtZXRlciBOYW1lPSJSZXF1aXJlZCIgVmFsdWU9IkZhbHNlIiAvPg0KICAgICAgICAgIDwvUnVsZVBhcmFtZXRlcnM+DQogICAgICAgIDwvRXh0cmFjdGlvblJ1bGU+DQogICAgICAgIDxFeHRyYWN0aW9uUnVsZSBDbGFzc25hbWU9Ik1pY3Jvc29mdC5WaXN1YWxTdHVkaW8uVGVzdFRvb2xzLldlYlRlc3RpbmcuUnVsZXMuRXh0cmFjdFRleHQsIE1pY3Jvc29mdC5WaXN1YWxTdHVkaW8uUXVhbGl0eVRvb2xzLldlYlRlc3RGcmFtZXdvcmssIFZlcnNpb249MTAuMC4wLjAsIEN1bHR1cmU9bmV1dHJhbCwgUHVibGljS2V5VG9rZW49YjAzZjVmN2YxMWQ1MGEzYSIgVmFyaWFibGVOYW1lPSJRdWVyeVN0cmluZ1BhcmFtODg4LlNvcnREaXIiIERpc3BsYXlOYW1lPSIiIERlc2NyaXB0aW9uPSIiPg0KICAgICAgICAgIDxSdWxlUGFyYW1ldGVycz4NCiAgICAgICAgICAgIDxSdWxlUGFyYW1ldGVyIE5hbWU9IlN0YXJ0c1dpdGgiIFZhbHVlPSImYW1wO2FtcDtTb3J0RGlyPSIgLz4NCiAgICAgICAgICAgIDxSdWxlUGFyYW1ldGVyIE5hbWU9IkVuZHNXaXRoIiBWYWx1ZT0iJmFtcDsiIC8+DQogICAgICAgICAgICA8UnVsZVBhcmFtZXRlciBOYW1lPSJJbmRleCIgVmFsdWU9IjAiIC8+DQogICAgICAgICAgICA8UnVsZVBhcmFtZXRlciBOYW1lPSJJZ25vcmVDYXNlIiBWYWx1ZT0iRmFsc2UiIC8+DQogICAgICAgICAgICA8UnVsZVBhcmFtZXRlciBOYW1lPSJVc2VSZWd1bGFyRXhwcmVzc2lvbiIgVmFsdWU9IkZhbHNlIiAvPg0KICAgICAgICAgICAgPFJ1bGVQYXJhbWV0ZXIgTmFtZT0iSHRtbERlY29kZSIgVmFsdWU9IlRydWUiIC8+DQogICAgICAgICAgICA8UnVsZVBhcmFtZXRlciBOYW1lPSJSZXF1aXJlZCIgVmFsdWU9IkZhbHNlIiAvPg0KICAgICAgICAgIDwvUnVsZVBhcmFtZXRlcnM+DQogICAgICAgIDwvRXh0cmFjdGlvblJ1bGU+DQogICAgICA8L0NvcnJlbGF0aW9uRXh0cmFjdGlvblJ1bGVzPg0KICAgICAgPFF1ZXJ5U3RyaW5nUGFyYW1ldGVycz4NCiAgICAgICAgPFF1ZXJ5U3RyaW5nUGFyYW1ldGVyIE5hbWU9Ikxpc3QiIFZhbHVlPSIlN0JFRDI4MTkyQS0zQjY3LTQzRDgtQkE4QS1EQ0NBM0FDRTdEMEIlN0QiIFJlY29yZGVkVmFsdWU9IiU3QkVEMjgxOTJBLTNCNjctNDNEOC1CQThBLURDQ0EzQUNFN0QwQiU3RCIgQ29ycmVsYXRpb25CaW5kaW5nPSIiIFVybEVuY29kZT0iRmFsc2UiIFVzZVRvR3JvdXBSZXN1bHRzPSJGYWxzZSIgLz4NCiAgICAgICAgPFF1ZXJ5U3RyaW5nUGFyYW1ldGVyIE5hbWU9IlZpZXciIFZhbHVlPSIlN0JCRkFDQTkxRi05M0YyLTQ2MzItQUIzOS1FRUU5MkE1RDA2QTIlN0QiIFJlY29yZGVkVmFsdWU9IiU3QkJGQUNBOTFGLTkzRjItNDYzMi1BQjM5LUVFRTkyQTVEMDZBMiU3RCIgQ29ycmVsYXRpb25CaW5kaW5nPSIiIFVybEVuY29kZT0iRmFsc2UiIFVzZVRvR3JvdXBSZXN1bHRzPSJGYWxzZSIgLz4NCiAgICAgICAgPFF1ZXJ5U3RyaW5nUGFyYW1ldGVyIE5hbWU9IlZpZXdDb3VudCIgVmFsdWU9IjAiIFJlY29yZGVkVmFsdWU9IjAiIENvcnJlbGF0aW9uQmluZGluZz0iIiBVcmxFbmNvZGU9IkZhbHNlIiBVc2VUb0dyb3VwUmVzdWx0cz0iRmFsc2UiIC8+DQogICAgICAgIDxRdWVyeVN0cmluZ1BhcmFtZXRlciBOYW1lPSJJc1hzbFZpZXciIFZhbHVlPSJUUlVFIiBSZWNvcmRlZFZhbHVlPSJUUlVFIiBDb3JyZWxhdGlvbkJpbmRpbmc9IiIgVXJsRW5jb2RlPSJGYWxzZSIgVXNlVG9Hcm91cFJlc3VsdHM9IkZhbHNlIiAvPg0KICAgICAgICA8UXVlcnlTdHJpbmdQYXJhbWV0ZXIgTmFtZT0iSXNDU1IiIFZhbHVlPSJUUlVFIiBSZWNvcmRlZFZhbHVlPSJUUlVFIiBDb3JyZWxhdGlvbkJpbmRpbmc9IiIgVXJsRW5jb2RlPSJGYWxzZSIgVXNlVG9Hcm91cFJlc3VsdHM9IkZhbHNlIiAvPg0KICAgICAgICA8UXVlcnlTdHJpbmdQYXJhbWV0ZXIgTmFtZT0iTGlzdFZpZXdQYWdlVXJsIiBWYWx1ZT0iaHR0cHMlM0ElMkYlMkZzcC5jb3JkaXNzb2x1dGlvbnMuY29tJTJGQXBwczAwJTJGU2hhcmVkJTI1MjBEb2N1bWVudHMlMkZGb3JtcyUyRmRldGFpbCUyNTIwbGlzdCUyNTIwd28lMjUyMGZvbGRlcnMlMjUyMDAxLmFzcHgiIFJlY29yZGVkVmFsdWU9Imh0dHBzJTNBJTJGJTJGc3AuY29yZGlzc29sdXRpb25zLmNvbSUyRkFwcHMwMCUyRlNoYXJlZCUyNTIwRG9jdW1lbnRzJTJGRm9ybXMlMkZkZXRhaWwlMjUyMGxpc3QlMjUyMHdvJTI1MjBmb2xkZXJzJTI1MjAwMS5hc3B4IiBDb3JyZWxhdGlvbkJpbmRpbmc9IiIgVXJsRW5jb2RlPSJGYWxzZSIgVXNlVG9Hcm91cFJlc3VsdHM9IkZhbHNlIiAvPg0KICAgICAgICA8UXVlcnlTdHJpbmdQYXJhbWV0ZXIgTmFtZT0iSXNSaWJib24iIFZhbHVlPSJUUlVFIiBSZWNvcmRlZFZhbHVlPSJUUlVFIiBDb3JyZWxhdGlvbkJpbmRpbmc9IiIgVXJsRW5jb2RlPSJGYWxzZSIgVXNlVG9Hcm91cFJlc3VsdHM9IkZhbHNlIiAvPg0KICAgICAgICA8UXVlcnlTdHJpbmdQYXJhbWV0ZXIgTmFtZT0iQ21kIiBWYWx1ZT0iRWNiVmlldyIgUmVjb3JkZWRWYWx1ZT0iRWNiVmlldyIgQ29ycmVsYXRpb25CaW5kaW5nPSIiIFVybEVuY29kZT0iRmFsc2UiIFVzZVRvR3JvdXBSZXN1bHRzPSJGYWxzZSIgLz4NCiAgICAgICAgPFF1ZXJ5U3RyaW5nUGFyYW1ldGVyIE5hbWU9IlNvcnRGaWVsZCIgVmFsdWU9Ik1vZGlmaWVkIiBSZWNvcmRlZFZhbHVlPSJNb2RpZmllZCIgQ29ycmVsYXRpb25CaW5kaW5nPSIiIFVybEVuY29kZT0iRmFsc2UiIFVzZVRvR3JvdXBSZXN1bHRzPSJGYWxzZSIgLz4NCiAgICAgICAgPFF1ZXJ5U3RyaW5nUGFyYW1ldGVyIE5hbWU9IlNvcnREaXIiIFZhbHVlPSJEZXNjIiBSZWNvcmRlZFZhbHVlPSJEZXNjIiBDb3JyZWxhdGlvbkJpbmRpbmc9IiIgVXJsRW5jb2RlPSJGYWxzZSIgVXNlVG9Hcm91cFJlc3VsdHM9IkZhbHNlIiAvPg0KICAgICAgPC9RdWVyeVN0cmluZ1BhcmFtZXRlcnM+DQogICAgICA8Rm9ybVBvc3RIdHRwQm9keSAvPg0KICAgIDwvUmVxdWVzdD4NCiAgICA8UmVxdWVzdCBNZXRob2Q9IkdFVCIgR3VpZD0iMDdiODgwNjAtNzZiMC00MDEzLTg3YjItNmE4YTRiMjA1ODc4IiBWZXJzaW9uPSIxLjEiIFVybD0iaHR0cHM6Ly9zcC5jb3JkaXNzb2x1dGlvbnMuY29tL0FwcHMwMC9fbGF5b3V0cy8xNS9jb21tYW5kdWkuYXNoeCIgVGhpbmtUaW1lPSIwIiBUaW1lb3V0PSIzMDAiIFBhcnNlRGVwZW5kZW50UmVxdWVzdHM9IlRydWUiIEZvbGxvd1JlZGlyZWN0cz0iVHJ1ZSIgUmVjb3JkUmVzdWx0PSJUcnVlIiBDYWNoZT0iRmFsc2UiIFJlc3BvbnNlVGltZUdvYWw9IjAiIEVuY29kaW5nPSJ1dGYtOCIgRXhwZWN0ZWRIdHRwU3RhdHVzQ29kZT0iMCIgRXhwZWN0ZWRSZXNwb25zZVVybD0iIiBSZXBvcnRpbmdOYW1lPSIiIElnbm9yZUh0dHBTdGF0dXNDb2RlPSJGYWxzZSI+DQogICAgICA8SGVhZGVycz4NCiAgICAgICAgPEhlYWRlciBOYW1lPSJYLVJlcXVlc3RlZC1XaXRoIiBWYWx1ZT0iWE1MSHR0cFJlcXVlc3QiIC8+DQogICAgICAgIDxIZWFkZXIgTmFtZT0iUmVmZXJlciIgVmFsdWU9Imh0dHBzOi8vc3AuY29yZGlzc29sdXRpb25zLmNvbS9BcHBzMDAvU2hhcmVkJTIwRG9jdW1lbnRzL0Zvcm1zL2RldGFpbCUyMGxpc3QlMjB3byUyMGZvbGRlcnMlMjAwMS5hc3B4IiAvPg0KICAgICAgPC9IZWFkZXJzPg0KICAgICAgPFF1ZXJ5U3RyaW5nUGFyYW1ldGVycz4NCiAgICAgICAgPFF1ZXJ5U3RyaW5nUGFyYW1ldGVyIE5hbWU9InZlciIgVmFsdWU9IjgyMzE1MzU1NiIgUmVjb3JkZWRWYWx1ZT0iODIzMTUzNTU2IiBDb3JyZWxhdGlvbkJpbmRpbmc9IiIgVXJsRW5jb2RlPSJGYWxzZSIgVXNlVG9Hcm91cFJlc3VsdHM9IkZhbHNlIiAvPg0KICAgICAgICA8UXVlcnlTdHJpbmdQYXJhbWV0ZXIgTmFtZT0ibGNpZCIgVmFsdWU9IjEwMzMiIFJlY29yZGVkVmFsdWU9IjEwMzMiIENvcnJlbGF0aW9uQmluZGluZz0iIiBVcmxFbmNvZGU9IkZhbHNlIiBVc2VUb0dyb3VwUmVzdWx0cz0iRmFsc2UiIC8+DQogICAgICAgIDxRdWVyeVN0cmluZ1BhcmFtZXRlciBOYW1lPSJxdCIgVmFsdWU9ImNvbW1hbmRoYW5kbGVycyIgUmVjb3JkZWRWYWx1ZT0iY29tbWFuZGhhbmRsZXJzIiBDb3JyZWxhdGlvbkJpbmRpbmc9IiIgVXJsRW5jb2RlPSJGYWxzZSIgVXNlVG9Hcm91cFJlc3VsdHM9IkZhbHNlIiAvPg0KICAgICAgPC9RdWVyeVN0cmluZ1BhcmFtZXRlcnM+DQogICAgPC9SZXF1ZXN0Pg0KICAgIDxSZXF1ZXN0IE1ldGhvZD0iUE9TVCIgR3VpZD0iM2U5NzM2OGQtOTcyOC00N2ZiLTg3OTItOWMzN2RjMDk5YTJmIiBWZXJzaW9uPSIxLjEiIFVybD0iaHR0cHM6Ly9zcC5jb3JkaXNzb2x1dGlvbnMuY29tL0FwcHMwMC9fbGF5b3V0cy8xNS9jb21tYW5kdWkuYXNoeCIgVGhpbmtUaW1lPSIwIiBUaW1lb3V0PSIzMDAiIFBhcnNlRGVwZW5kZW50UmVxdWVzdHM9IlRydWUiIEZvbGxvd1JlZGlyZWN0cz0iVHJ1ZSIgUmVjb3JkUmVzdWx0PSJUcnVlIiBDYWNoZT0iRmFsc2UiIFJlc3BvbnNlVGltZUdvYWw9IjAiIEVuY29kaW5nPSJ1dGYtOCIgRXhwZWN0ZWRIdHRwU3RhdHVzQ29kZT0iMCIgRXhwZWN0ZWRSZXNwb25zZVVybD0iIiBSZXBvcnRpbmdOYW1lPSIiIElnbm9yZUh0dHBTdGF0dXNDb2RlPSJGYWxzZSI+DQogICAgICA8SGVhZGVycz4NCiAgICAgICAgPEhlYWRlciBOYW1lPSJYLVJlcXVlc3RlZC1XaXRoIiBWYWx1ZT0iWE1MSHR0cFJlcXVlc3QiIC8+DQogICAgICAgIDxIZWFkZXIgTmFtZT0iUmVmZXJlciIgVmFsdWU9Imh0dHBzOi8vc3AuY29yZGlzc29sdXRpb25zLmNvbS9BcHBzMDAvU2hhcmVkJTIwRG9jdW1lbnRzL0Zvcm1zL2RldGFpbCUyMGxpc3QlMjB3byUyMGZvbGRlcnMlMjAwMS5hc3B4IiAvPg0KICAgICAgPC9IZWFkZXJzPg0KICAgICAgPFF1ZXJ5U3RyaW5nUGFyYW1ldGVycz4NCiAgICAgICAgPFF1ZXJ5U3RyaW5nUGFyYW1ldGVyIE5hbWU9InZlciIgVmFsdWU9IjgyMzE1MzU1NiIgUmVjb3JkZWRWYWx1ZT0iODIzMTUzNTU2IiBDb3JyZWxhdGlvbkJpbmRpbmc9IiIgVXJsRW5jb2RlPSJGYWxzZSIgVXNlVG9Hcm91cFJlc3VsdHM9IkZhbHNlIiAvPg0KICAgICAgICA8UXVlcnlTdHJpbmdQYXJhbWV0ZXIgTmFtZT0iaWQiIFZhbHVlPSJSaWJib24uUmVhZCIgUmVjb3JkZWRWYWx1ZT0iUmliYm9uLlJlYWQiIENvcnJlbGF0aW9uQmluZGluZz0iIiBVcmxFbmNvZGU9IkZhbHNlIiBVc2VUb0dyb3VwUmVzdWx0cz0iRmFsc2UiIC8+DQogICAgICAgIDxRdWVyeVN0cmluZ1BhcmFtZXRlciBOYW1lPSJsY2lkIiBWYWx1ZT0iMTAzMyIgUmVjb3JkZWRWYWx1ZT0iMTAzMyIgQ29ycmVsYXRpb25CaW5kaW5nPSIiIFVybEVuY29kZT0iRmFsc2UiIFVzZVRvR3JvdXBSZXN1bHRzPSJGYWxzZSIgLz4NCiAgICAgICAgPFF1ZXJ5U3RyaW5nUGFyYW1ldGVyIE5hbWU9InF0IiBWYWx1ZT0icmliYm9udmlzaWJsZXRhYmRlZXAiIFJlY29yZGVkVmFsdWU9InJpYmJvbnZpc2libGV0YWJkZWVwIiBDb3JyZWxhdGlvbkJpbmRpbmc9IiIgVXJsRW5jb2RlPSJGYWxzZSIgVXNlVG9Hcm91cFJlc3VsdHM9IkZhbHNlIiAvPg0KICAgICAgPC9RdWVyeVN0cmluZ1BhcmFtZXRlcnM+DQogICAgICA8Rm9ybVBvc3RIdHRwQm9keSAvPg0KICAgIDwvUmVxdWVzdD4NCiAgICA8UmVxdWVzdCBNZXRob2Q9IkdFVCIgR3VpZD0iMWIyMGY3ZWItOGFiMS00ODUwLWE1MjktZDA2MTM0YjhjMWI1IiBWZXJzaW9uPSIxLjEiIFVybD0iaHR0cHM6Ly9zcC5jb3JkaXNzb2x1dGlvbnMuY29tL0FwcHMwMC9fbGF5b3V0cy8xNS90ZW5hbnRhcHBpbmZvLmFzaHgiIFRoaW5rVGltZT0iMiIgVGltZW91dD0iMzAwIiBQYXJzZURlcGVuZGVudFJlcXVlc3RzPSJUcnVlIiBGb2xsb3dSZWRpcmVjdHM9IlRydWUiIFJlY29yZFJlc3VsdD0iVHJ1ZSIgQ2FjaGU9IkZhbHNlIiBSZXNwb25zZVRpbWVHb2FsPSIwIiBFbmNvZGluZz0idXRmLTgiIEV4cGVjdGVkSHR0cFN0YXR1c0NvZGU9IjAiIEV4cGVjdGVkUmVzcG9uc2VVcmw9IiIgUmVwb3J0aW5nTmFtZT0iIiBJZ25vcmVIdHRwU3RhdHVzQ29kZT0iRmFsc2UiPg0KICAgICAgPEhlYWRlcnM+DQogICAgICAgIDxIZWFkZXIgTmFtZT0iUmVmZXJlciIgVmFsdWU9Imh0dHBzOi8vc3AuY29yZGlzc29sdXRpb25zLmNvbS9BcHBzMDAvU2hhcmVkJTIwRG9jdW1lbnRzL0Zvcm1zL2RldGFpbCUyMGxpc3QlMjB3byUyMGZvbGRlcnMlMjAwMS5hc3B4IiAvPg0KICAgICAgPC9IZWFkZXJzPg0KICAgICAgPFF1ZXJ5U3RyaW5nUGFyYW1ldGVycz4NCiAgICAgICAgPFF1ZXJ5U3RyaW5nUGFyYW1ldGVyIE5hbWU9ImV0YWciIFZhbHVlPSIwIiBSZWNvcmRlZFZhbHVlPSIwIiBDb3JyZWxhdGlvbkJpbmRpbmc9IiIgVXJsRW5jb2RlPSJGYWxzZSIgVXNlVG9Hcm91cFJlc3VsdHM9IkZhbHNlIiAvPg0KICAgICAgICA8UXVlcnlTdHJpbmdQYXJhbWV0ZXIgTmFtZT0ibGNpZCIgVmFsdWU9IjEwMzMiIFJlY29yZGVkVmFsdWU9IjEwMzMiIENvcnJlbGF0aW9uQmluZGluZz0iIiBVcmxFbmNvZGU9IkZhbHNlIiBVc2VUb0dyb3VwUmVzdWx0cz0iRmFsc2UiIC8+DQogICAgICA8L1F1ZXJ5U3RyaW5nUGFyYW1ldGVycz4NCiAgICA8L1JlcXVlc3Q+DQogICAgPFJlcXVlc3QgTWV0aG9kPSJQT1NUIiBHdWlkPSI3MjU3ZGRiNi1hMzBhLTRkMmUtYWM3NC1jODgxNjdiOTQ3YzYiIFZlcnNpb249IjEuMSIgVXJsPSJodHRwczovL3NwLmNvcmRpc3NvbHV0aW9ucy5jb20vQXBwczAwL192dGlfYmluL2NsaWVudC5zdmMvUHJvY2Vzc1F1ZXJ5IiBUaGlua1RpbWU9IjAiIFRpbWVvdXQ9IjMwMCIgUGFyc2VEZXBlbmRlbnRSZXF1ZXN0cz0iVHJ1ZSIgRm9sbG93UmVkaXJlY3RzPSJUcnVlIiBSZWNvcmRSZXN1bHQ9IlRydWUiIENhY2hlPSJGYWxzZSIgUmVzcG9uc2VUaW1lR29hbD0iMCIgRW5jb2Rpbmc9InV0Zi04IiBFeHBlY3RlZEh0dHBTdGF0dXNDb2RlPSIwIiBFeHBlY3RlZFJlc3BvbnNlVXJsPSIiIFJlcG9ydGluZ05hbWU9IiIgSWdub3JlSHR0cFN0YXR1c0NvZGU9IkZhbHNlIj4NCiAgICAgIDxIZWFkZXJzPg0KICAgICAgICA8SGVhZGVyIE5hbWU9IlgtUmVxdWVzdGVkLVdpdGgiIFZhbHVlPSJYTUxIdHRwUmVxdWVzdCIgLz4NCiAgICAgICAgPEhlYWRlciBOYW1lPSJYLVJlcXVlc3REaWdlc3QiIFZhbHVlPSIweDY3ODk3N0UzMkY3OTZBNUZDOEM4REYyQzhBRjAyMjFCQjQwMDBEMjcyMjZBRTNEN0QzNjU3Mjc3NDc5OUNDRjE0MjVBMEU5NjIzRDFCMDg5RjY2ODQyNkI0MTM3MEY0QjU3QUEwRUNCRTUxQTIwN0E1Qjg2RDc4MTJDMzQ4NjlGLDEzIEp1biAyMDE4IDExOjM4OjM5IC0wMDAwIiAvPg0KICAgICAgICA8SGVhZGVyIE5hbWU9IlJlZmVyZXIiIFZhbHVlPSJodHRwczovL3NwLmNvcmRpc3NvbHV0aW9ucy5jb20vQXBwczAwL1NoYXJlZCUyMERvY3VtZW50cy9Gb3Jtcy9kZXRhaWwlMjBsaXN0JTIwd28lMjBmb2xkZXJzJTIwMDEuYXNweCIgLz4NCiAgICAgIDwvSGVhZGVycz4NCiAgICAgIDxTdHJpbmdIdHRwQm9keSBDb250ZW50VHlwZT0idGV4dC94bWwiIEluc2VydEJ5dGVPcmRlck1hcms9IkZhbHNlIj5QQUJTQUdVQWNRQjFBR1VBY3dCMEFDQUFlQUJ0QUd3QWJnQnpBRDBBSWdCb0FIUUFkQUJ3QURvQUx3QXZBSE1BWXdCb0FHVUFiUUJoQUhNQUxnQnRBR2tBWXdCeUFHOEFjd0J2QUdZQWRBQXVBR01BYndCdEFDOEFjd0JvQUdFQWNnQmxBSEFBYndCcEFHNEFkQUF2QUdNQWJBQnBBR1VBYmdCMEFIRUFkUUJsQUhJQWVRQXZBRElBTUFBd0FEa0FJZ0FnQUZNQVl3Qm9BR1VBYlFCaEFGWUFaUUJ5QUhNQWFRQnZBRzRBUFFBaUFERUFOUUF1QURBQUxnQXdBQzRBTUFBaUFDQUFUQUJwQUdJQWNnQmhBSElBZVFCV0FHVUFjZ0J6QUdrQWJ3QnVBRDBBSWdBeEFEWUFMZ0F3QUM0QU1BQXVBREFBSWdBZ0FFRUFjQUJ3QUd3QWFRQmpBR0VBZEFCcEFHOEFiZ0JPQUdFQWJRQmxBRDBBSWdCS0FHRUFkZ0JoQUhNQVl3QnlBR2tBY0FCMEFDQUFUQUJwQUdJQWNnQmhBSElBZVFBaUFENEFQQUJCQUdNQWRBQnBBRzhBYmdCekFENEFQQUJGQUhnQVl3QmxBSEFBZEFCcEFHOEFiZ0JJQUdFQWJnQmtBR3dBYVFCdUFHY0FVd0JqQUc4QWNBQmxBRk1BYVFCdEFIQUFiQUJsQUNBQVNRQmtBRDBBSWdBd0FDSUFQZ0E4QUU4QVlnQnFBR1VBWXdCMEFGQUFZUUIwQUdnQUlBQkpBR1FBUFFBaUFETUFJZ0FnQUU4QVlnQnFBR1VBWXdCMEFGQUFZUUIwQUdnQVNRQmtBRDBBSWdBeUFDSUFJQUF2QUQ0QVBBQlBBR0lBYWdCbEFHTUFkQUJRQUdFQWRBQm9BQ0FBU1FCa0FEMEFJZ0ExQUNJQUlBQlBBR0lBYWdCbEFHTUFkQUJRQUdFQWRBQm9BRWtBWkFBOUFDSUFOQUFpQUNBQUx3QStBRHdBVHdCaUFHb0FaUUJqQUhRQVVBQmhBSFFBYUFBZ0FFa0FaQUE5QUNJQU53QWlBQ0FBVHdCaUFHb0FaUUJqQUhRQVVBQmhBSFFBYUFCSkFHUUFQUUFpQURZQUlnQWdBQzhBUGdBOEFFOEFZZ0JxQUdVQVl3QjBBRkFBWVFCMEFHZ0FJQUJKQUdRQVBRQWlBRGtBSWdBZ0FFOEFZZ0JxQUdVQVl3QjBBRkFBWVFCMEFHZ0FTUUJrQUQwQUlnQTRBQ0lBSUFBdkFENEFQQUJQQUdJQWFnQmxBR01BZEFCUUFHRUFkQUJvQUNBQVNRQmtBRDBBSWdBeEFERUFJZ0FnQUU4QVlnQnFBR1VBWXdCMEFGQUFZUUIwQUdnQVNRQmtBRDBBSWdBeEFEQUFJZ0FnQUM4QVBnQThBRkVBZFFCbEFISUFlUUFnQUVrQVpBQTlBQ0lBTVFBeUFDSUFJQUJQQUdJQWFnQmxBR01BZEFCUUFHRUFkQUJvQUVrQVpBQTlBQ0lBTVFBd0FDSUFQZ0E4QUZFQWRRQmxBSElBZVFBZ0FGTUFaUUJzQUdVQVl3QjBBRUVBYkFCc0FGQUFjZ0J2QUhBQVpRQnlBSFFBYVFCbEFITUFQUUFpQUdZQVlRQnNBSE1BWlFBaUFENEFQQUJRQUhJQWJ3QndBR1VBY2dCMEFHa0FaUUJ6QUQ0QVBBQlFBSElBYndCd0FHVUFjZ0IwQUhrQUlBQk9BR0VBYlFCbEFEMEFJZ0JHQUdrQWJBQmxBRXdBWlFCaEFHWUFVZ0JsQUdZQUlnQWdBRk1BWXdCaEFHd0FZUUJ5QUZBQWNnQnZBSEFBWlFCeUFIUUFlUUE5QUNJQWRBQnlBSFVBWlFBaUFDQUFMd0ErQUR3QUx3QlFBSElBYndCd0FHVUFjZ0IwQUdrQVpRQnpBRDRBUEFBdkFGRUFkUUJsQUhJQWVRQStBRHdBTHdCUkFIVUFaUUJ5QUhrQVBnQThBRTBBWlFCMEFHZ0Fid0JrQUNBQVRnQmhBRzBBWlFBOUFDSUFVZ0JsQUdNQWVRQmpBR3dBWlFBaUFDQUFTUUJrQUQwQUlnQXhBRE1BSWdBZ0FFOEFZZ0JxQUdVQVl3QjBBRkFBWVFCMEFHZ0FTUUJrQUQwQUlnQXhBREFBSWdBZ0FDOEFQZ0E4QUM4QVJRQjRBR01BWlFCd0FIUUFhUUJ2QUc0QVNBQmhBRzRBWkFCc0FHa0FiZ0JuQUZNQVl3QnZBSEFBWlFCVEFHa0FiUUJ3QUd3QVpRQStBRHdBTHdCQkFHTUFkQUJwQUc4QWJnQnpBRDRBUEFCUEFHSUFhZ0JsQUdNQWRBQlFBR0VBZEFCb0FITUFQZ0E4QUZNQWRBQmhBSFFBYVFCakFGQUFjZ0J2QUhBQVpRQnlBSFFBZVFBZ0FFa0FaQUE5QUNJQU1nQWlBQ0FBVkFCNUFIQUFaUUJKQUdRQVBRQWlBSHNBTXdBM0FEUUFOd0JoQUdRQVl3QmtBQzBBWVFBekFHTUFNd0F0QURRQU1RQmlBRGtBTFFCaUFHWUFZUUJpQUMwQU5BQmhBRFlBTkFCa0FHUUFNZ0JtQURFQVpRQXdBR0VBZlFBaUFDQUFUZ0JoQUcwQVpRQTlBQ0lBUXdCMUFISUFjZ0JsQUc0QWRBQWlBQ0FBTHdBK0FEd0FVQUJ5QUc4QWNBQmxBSElBZEFCNUFDQUFTUUJrQUQwQUlnQTBBQ0lBSUFCUUFHRUFjZ0JsQUc0QWRBQkpBR1FBUFFBaUFESUFJZ0FnQUU0QVlRQnRBR1VBUFFBaUFGY0FaUUJpQUNJQUlBQXZBRDRBUEFCUUFISUFid0J3QUdVQWNnQjBBSGtBSUFCSkFHUUFQUUFpQURZQUlnQWdBRkFBWVFCeUFHVUFiZ0IwQUVrQVpBQTlBQ0lBTkFBaUFDQUFUZ0JoQUcwQVpRQTlBQ0lBVEFCcEFITUFkQUJ6QUNJQUlBQXZBRDRBUEFCTkFHVUFkQUJvQUc4QVpBQWdBRWtBWkFBOUFDSUFPQUFpQUNBQVVBQmhBSElBWlFCdUFIUUFTUUJrQUQwQUlnQTJBQ0lBSUFCT0FHRUFiUUJsQUQwQUlnQkhBR1VBZEFCQ0FIa0FTUUJrQUNJQVBnQThBRkFBWVFCeUFHRUFiUUJsQUhRQVpRQnlBSE1BUGdBOEFGQUFZUUJ5QUdFQWJRQmxBSFFBWlFCeUFDQUFWQUI1QUhBQVpRQTlBQ0lBVXdCMEFISUFhUUJ1QUdjQUlnQStBSHNBUlFCRUFESUFPQUF4QURrQU1nQkJBQzBBTXdCQ0FEWUFOd0F0QURRQU13QkVBRGdBTFFCQ0FFRUFPQUJCQUMwQVJBQkRBRU1BUVFBekFFRUFRd0JGQURjQVJBQXdBRUlBZlFBOEFDOEFVQUJoQUhJQVlRQnRBR1VBZEFCbEFISUFQZ0E4QUM4QVVBQmhBSElBWVFCdEFHVUFkQUJsQUhJQWN3QStBRHdBTHdCTkFHVUFkQUJvQUc4QVpBQStBRHdBVFFCbEFIUUFhQUJ2QUdRQUlBQkpBR1FBUFFBaUFERUFNQUFpQUNBQVVBQmhBSElBWlFCdUFIUUFTUUJrQUQwQUlnQTRBQ0lBSUFCT0FHRUFiUUJsQUQwQUlnQkhBR1VBZEFCSkFIUUFaUUJ0QUVJQWVRQkpBR1FBSWdBK0FEd0FVQUJoQUhJQVlRQnRBR1VBZEFCbEFISUFjd0ErQUR3QVVBQmhBSElBWVFCdEFHVUFkQUJsQUhJQUlBQlVBSGtBY0FCbEFEMEFJZ0JPQUhVQWJRQmlBR1VBY2dBaUFENEFNd0EwQURVQU5RQThBQzhBVUFCaEFISUFZUUJ0QUdVQWRBQmxBSElBUGdBOEFDOEFVQUJoQUhJQVlRQnRBR1VBZEFCbEFISUFjd0ErQUR3QUx3Qk5BR1VBZEFCb0FHOEFaQUErQUR3QUx3QlBBR0lBYWdCbEFHTUFkQUJRQUdFQWRBQm9BSE1BUGdBOEFDOEFVZ0JsQUhFQWRRQmxBSE1BZEFBK0FBPT08L1N0cmluZ0h0dHBCb2R5Pg0KICAgIDwvUmVxdWVzdD4NCiAgICA8UmVxdWVzdCBNZXRob2Q9IkdFVCIgR3VpZD0iZDg0OTEzYzctODA2Yy00YTZlLTljYmEtMWMxNTUyNmJjNDQ0IiBWZXJzaW9uPSIxLjEiIFVybD0iaHR0cHM6Ly9zcC5jb3JkaXNzb2x1dGlvbnMuY29tL0FwcHMwMC9TaGFyZWQlMjBEb2N1bWVudHMvRm9ybXMvZGV0YWlsJTIwbGlzdCUyMHdvJTIwZm9sZGVycyUyMDAxLmFzcHgiIFRoaW5rVGltZT0iMCIgVGltZW91dD0iMzAwIiBQYXJzZURlcGVuZGVudFJlcXVlc3RzPSJUcnVlIiBGb2xsb3dSZWRpcmVjdHM9IlRydWUiIFJlY29yZFJlc3VsdD0iVHJ1ZSIgQ2FjaGU9IkZhbHNlIiBSZXNwb25zZVRpbWVHb2FsPSIwIiBFbmNvZGluZz0idXRmLTgiIEV4cGVjdGVkSHR0cFN0YXR1c0NvZGU9IjAiIEV4cGVjdGVkUmVzcG9uc2VVcmw9Imh0dHBzOi8vc3AuY29yZGlzc29sdXRpb25zLmNvbS9BcHBzMDAvU2hhcmVkJTIwRG9jdW1lbnRzL0Zvcm1zL2RldGFpbCUyMGxpc3QlMjB3byUyMGZvbGRlcnMlMjAwMS5hc3B4P0luaXRpYWxUYWJJZD1SaWJib24lMkVSZWFkJmFtcDtWaXNpYmlsaXR5Q29udGV4dD1XU1NUYWJQZXJzaXN0ZW5jZSNJbnBsdmlld0hhc2hiZmFjYTkxZi05M2YyLTQ2MzItYWIzOS1lZWU5MmE1ZDA2YTI9U29ydEZpZWxkJTNETW9kaWZpZWQtU29ydERpciUzRERlc2MiIFJlcG9ydGluZ05hbWU9IiIgSWdub3JlSHR0cFN0YXR1c0NvZGU9IkZhbHNlIj4NCiAgICAgIDxRdWVyeVN0cmluZ1BhcmFtZXRlcnM+DQogICAgICAgIDxRdWVyeVN0cmluZ1BhcmFtZXRlciBOYW1lPSJJbml0aWFsVGFiSWQiIFZhbHVlPSJSaWJib24lMkVSZWFkIiBSZWNvcmRlZFZhbHVlPSJSaWJib24lMkVSZWFkIiBDb3JyZWxhdGlvbkJpbmRpbmc9Int7UXVlcnlTdHJpbmdQYXJhbTc3Ny5Jbml0aWFsVGFiSWR9fSIgVXJsRW5jb2RlPSJGYWxzZSIgVXNlVG9Hcm91cFJlc3VsdHM9IkZhbHNlIiAvPg0KICAgICAgICA8UXVlcnlTdHJpbmdQYXJhbWV0ZXIgTmFtZT0iVmlzaWJpbGl0eUNvbnRleHQiIFZhbHVlPSJXU1NUYWJQZXJzaXN0ZW5jZSIgUmVjb3JkZWRWYWx1ZT0iV1NTVGFiUGVyc2lzdGVuY2UiIENvcnJlbGF0aW9uQmluZGluZz0ie3tRdWVyeVN0cmluZ1BhcmFtNzc4LlZpc2liaWxpdHlDb250ZXh0fX0iIFVybEVuY29kZT0iRmFsc2UiIFVzZVRvR3JvdXBSZXN1bHRzPSJGYWxzZSIgLz4NCiAgICAgIDwvUXVlcnlTdHJpbmdQYXJhbWV0ZXJzPg0KICAgICAgPEZvcm1Qb3N0SHR0cEJvZHk+DQogICAgICAgIDxGb3JtUG9zdFBhcmFtZXRlciBOYW1lPSJfd3BjbVdwaWQiIFZhbHVlPSIiIFJlY29yZGVkVmFsdWU9IiIgQ29ycmVsYXRpb25CaW5kaW5nPSIiIFVybEVuY29kZT0iVHJ1ZSIgLz4NCiAgICAgICAgPEZvcm1Qb3N0UGFyYW1ldGVyIE5hbWU9IndwY21WYWwiIFZhbHVlPSIiIFJlY29yZGVkVmFsdWU9IiIgQ29ycmVsYXRpb25CaW5kaW5nPSIiIFVybEVuY29kZT0iVHJ1ZSIgLz4NCiAgICAgICAgPEZvcm1Qb3N0UGFyYW1ldGVyIE5hbWU9Ik1TT1dlYlBhcnRQYWdlX1Bvc3RiYWNrU291cmNlIiBWYWx1ZT0iIiBSZWNvcmRlZFZhbHVlPSIiIENvcnJlbGF0aW9uQmluZGluZz0iIiBVcmxFbmNvZGU9IlRydWUiIC8+DQogICAgICAgIDxGb3JtUG9zdFBhcmFtZXRlciBOYW1lPSJNU09UbFBuX1NlbGVjdGVkV3BJZCIgVmFsdWU9IiIgUmVjb3JkZWRWYWx1ZT0iIiBDb3JyZWxhdGlvbkJpbmRpbmc9IiIgVXJsRW5jb2RlPSJUcnVlIiAvPg0KICAgICAgICA8Rm9ybVBvc3RQYXJhbWV0ZXIgTmFtZT0iTVNPVGxQbl9WaWV3IiBWYWx1ZT0iMCIgUmVjb3JkZWRWYWx1ZT0iMCIgQ29ycmVsYXRpb25CaW5kaW5nPSJ7e0Zvcm1Qb3N0UGFyYW0zOC5NU09UbFBuX1ZpZXd9fSIgVXJsRW5jb2RlPSJUcnVlIiAvPg0KICAgICAgICA8Rm9ybVBvc3RQYXJhbWV0ZXIgTmFtZT0iTVNPVGxQbl9TaG93U2V0dGluZ3MiIFZhbHVlPSJGYWxzZSIgUmVjb3JkZWRWYWx1ZT0iRmFsc2UiIENvcnJlbGF0aW9uQmluZGluZz0ie3tGb3JtUG9zdFBhcmFtNDMuTVNPVGxQbl9TaG93U2V0dGluZ3N9fSIgVXJsRW5jb2RlPSJUcnVlIiAvPg0KICAgICAgICA8Rm9ybVBvc3RQYXJhbWV0ZXIgTmFtZT0iTVNPR2FsbGVyeV9TZWxlY3RlZExpYnJhcnkiIFZhbHVlPSIiIFJlY29yZGVkVmFsdWU9IiIgQ29ycmVsYXRpb25CaW5kaW5nPSIiIFVybEVuY29kZT0iVHJ1ZSIgLz4NCiAgICAgICAgPEZvcm1Qb3N0UGFyYW1ldGVyIE5hbWU9Ik1TT0dhbGxlcnlfRmlsdGVyU3RyaW5nIiBWYWx1ZT0iIiBSZWNvcmRlZFZhbHVlPSIiIENvcnJlbGF0aW9uQmluZGluZz0iIiBVcmxFbmNvZGU9IlRydWUiIC8+DQogICAgICAgIDxGb3JtUG9zdFBhcmFtZXRlciBOYW1lPSJNU09UbFBuX0J1dHRvbiIgVmFsdWU9Im5vbmUiIFJlY29yZGVkVmFsdWU9Im5vbmUiIENvcnJlbGF0aW9uQmluZGluZz0ie3tGb3JtUG9zdFBhcmFtMzkuTVNPVGxQbl9CdXR0b259fSIgVXJsRW5jb2RlPSJUcnVlIiAvPg0KICAgICAgICA8Rm9ybVBvc3RQYXJhbWV0ZXIgTmFtZT0iX19FVkVOVFRBUkdFVCIgVmFsdWU9IiIgUmVjb3JkZWRWYWx1ZT0iIiBDb3JyZWxhdGlvbkJpbmRpbmc9IiIgVXJsRW5jb2RlPSJUcnVlIiAvPg0KICAgICAgICA8Rm9ybVBvc3RQYXJhbWV0ZXIgTmFtZT0iX19FVkVOVEFSR1VNRU5UIiBWYWx1ZT0iIiBSZWNvcmRlZFZhbHVlPSIiIENvcnJlbGF0aW9uQmluZGluZz0iIiBVcmxFbmNvZGU9IlRydWUiIC8+DQogICAgICAgIDxGb3JtUG9zdFBhcmFtZXRlciBOYW1lPSJfX1JFUVVFU1RESUdFU1QiIFZhbHVlPSJ7e0Zvcm1Qb3N0UGFyYW00NC5fX1JFUVVFU1RESUdFU1R9fSIgUmVjb3JkZWRWYWx1ZT0iMHg2Nzg5NzdFMzJGNzk2QTVGQzhDOERGMkM4QUYwMjIxQkI0MDAwRDI3MjI2QUUzRDdEMzY1NzI3NzQ3OTlDQ0YxNDI1QTBFOTYyM0QxQjA4OUY2Njg0MjZCNDEzNzBGNEI1N0FBMEVDQkU1MUEyMDdBNUI4NkQ3ODEyQzM0ODY5RiwxMyBKdW4gMjAxOCAxMTozODozOSAtMDAwMCIgQ29ycmVsYXRpb25CaW5kaW5nPSJ7e0Zvcm1Qb3N0UGFyYW00NC5fX1JFUVVFU1RESUdFU1R9fSIgVXJsRW5jb2RlPSJUcnVlIiAvPg0KICAgICAgICA8Rm9ybVBvc3RQYXJhbWV0ZXIgTmFtZT0iTVNPU1BXZWJQYXJ0TWFuYWdlcl9EaXNwbGF5TW9kZU5hbWUiIFZhbHVlPSJCcm93c2UiIFJlY29yZGVkVmFsdWU9IkJyb3dzZSIgQ29ycmVsYXRpb25CaW5kaW5nPSJ7e0Zvcm1Qb3N0UGFyYW00NS5NU09TUFdlYlBhcnRNYW5hZ2VyX0Rpc3BsYXlNb2RlTmFtZX19IiBVcmxFbmNvZGU9IlRydWUiIC8+DQogICAgICAgIDxGb3JtUG9zdFBhcmFtZXRlciBOYW1lPSJNU09TUFdlYlBhcnRNYW5hZ2VyX0V4aXRpbmdEZXNpZ25Nb2RlIiBWYWx1ZT0iZmFsc2UiIFJlY29yZGVkVmFsdWU9ImZhbHNlIiBDb3JyZWxhdGlvbkJpbmRpbmc9Int7Rm9ybVBvc3RQYXJhbTQ2Lk1TT1NQV2ViUGFydE1hbmFnZXJfRXhpdGluZ0Rlc2lnbk1vZGV9fSIgVXJsRW5jb2RlPSJUcnVlIiAvPg0KICAgICAgICA8Rm9ybVBvc3RQYXJhbWV0ZXIgTmFtZT0iTVNPV2ViUGFydFBhZ2VfU2hhcmVkIiBWYWx1ZT0iIiBSZWNvcmRlZFZhbHVlPSIiIENvcnJlbGF0aW9uQmluZGluZz0iIiBVcmxFbmNvZGU9IlRydWUiIC8+DQogICAgICAgIDxGb3JtUG9zdFBhcmFtZXRlciBOYW1lPSJNU09MYXlvdXRfTGF5b3V0Q2hhbmdlcyIgVmFsdWU9IiIgUmVjb3JkZWRWYWx1ZT0iIiBDb3JyZWxhdGlvbkJpbmRpbmc9IiIgVXJsRW5jb2RlPSJUcnVlIiAvPg0KICAgICAgICA8Rm9ybVBvc3RQYXJhbWV0ZXIgTmFtZT0iTVNPTGF5b3V0X0luRGVzaWduTW9kZSIgVmFsdWU9IiIgUmVjb3JkZWRWYWx1ZT0iIiBDb3JyZWxhdGlvbkJpbmRpbmc9IiIgVXJsRW5jb2RlPSJUcnVlIiAvPg0KICAgICAgICA8Rm9ybVBvc3RQYXJhbWV0ZXIgTmFtZT0iX3dwU2VsZWN0ZWQiIFZhbHVlPSJNU09ab25lQ2VsbF9XZWJQYXJ0V1BRMiIgUmVjb3JkZWRWYWx1ZT0iTVNPWm9uZUNlbGxfV2ViUGFydFdQUTIiIENvcnJlbGF0aW9uQmluZGluZz0ie3tGb3JtUG9zdFBhcmFtNDcuX3dwU2VsZWN0ZWR9fSIgVXJsRW5jb2RlPSJUcnVlIiAvPg0KICAgICAgICA8Rm9ybVBvc3RQYXJhbWV0ZXIgTmFtZT0iX3d6U2VsZWN0ZWQiIFZhbHVlPSIiIFJlY29yZGVkVmFsdWU9IiIgQ29ycmVsYXRpb25CaW5kaW5nPSIiIFVybEVuY29kZT0iVHJ1ZSIgLz4NCiAgICAgICAgPEZvcm1Qb3N0UGFyYW1ldGVyIE5hbWU9Ik1TT1NQV2ViUGFydE1hbmFnZXJfT2xkRGlzcGxheU1vZGVOYW1lIiBWYWx1ZT0iQnJvd3NlIiBSZWNvcmRlZFZhbHVlPSJCcm93c2UiIENvcnJlbGF0aW9uQmluZGluZz0ie3tGb3JtUG9zdFBhcmFtNDguTVNPU1BXZWJQYXJ0TWFuYWdlcl9PbGREaXNwbGF5TW9kZU5hbWV9fSIgVXJsRW5jb2RlPSJUcnVlIiAvPg0KICAgICAgICA8Rm9ybVBvc3RQYXJhbWV0ZXIgTmFtZT0iTVNPU1BXZWJQYXJ0TWFuYWdlcl9TdGFydFdlYlBhcnRFZGl0aW5nTmFtZSIgVmFsdWU9ImZhbHNlIiBSZWNvcmRlZFZhbHVlPSJmYWxzZSIgQ29ycmVsYXRpb25CaW5kaW5nPSJ7e0Zvcm1Qb3N0UGFyYW00OS5NU09TUFdlYlBhcnRNYW5hZ2VyX1N0YXJ0V2ViUGFydEVkaXRpbmdOYW1lfX0iIFVybEVuY29kZT0iVHJ1ZSIgLz4NCiAgICAgICAgPEZvcm1Qb3N0UGFyYW1ldGVyIE5hbWU9Ik1TT1NQV2ViUGFydE1hbmFnZXJfRW5kV2ViUGFydEVkaXRpbmciIFZhbHVlPSJmYWxzZSIgUmVjb3JkZWRWYWx1ZT0iZmFsc2UiIENvcnJlbGF0aW9uQmluZGluZz0ie3tGb3JtUG9zdFBhcmFtNTAuTVNPU1BXZWJQYXJ0TWFuYWdlcl9FbmRXZWJQYXJ0RWRpdGluZ319IiBVcmxFbmNvZGU9IlRydWUiIC8+DQogICAgICAgIDxGb3JtUG9zdFBhcmFtZXRlciBOYW1lPSJfbWFpbnRhaW5Xb3Jrc3BhY2VTY3JvbGxQb3NpdGlvbiIgVmFsdWU9IjAiIFJlY29yZGVkVmFsdWU9IjAiIENvcnJlbGF0aW9uQmluZGluZz0ie3tGb3JtUG9zdFBhcmFtNDAuX21haW50YWluV29ya3NwYWNlU2Nyb2xsUG9zaXRpb259fSIgVXJsRW5jb2RlPSJUcnVlIiAvPg0KICAgICAgICA8Rm9ybVBvc3RQYXJhbWV0ZXIgTmFtZT0iX19WSUVXU1RBVEUiIFZhbHVlPSIvd0VQRHdVSk1qSTRNelExT0RjMUQyUVdBbVlQWkJZQ0FnRVBaQllFQWdFUFpCWUNBaGtQWkJZQ0FnTVBaQllDQWdFUFpCWUNaZzhVS3dBR1pBVXVhSFIwY0hNNkx5OXpjQzVsZUdObGJITjFjSEJ2Y25RdWIzSm5PalEwTXk5dGVTOVFaWEp6YjI0dVlYTndlQVVqYUhSMGNITTZMeTl6Y0M1bGVHTmxiSE4xY0hCdmNuUXViM0puT2pRME15OXRlUzhGSHk5QmNIQnpNREF2WDJ4aGVXOTFkSE12TVRVdmJYbHpkV0p6TG1GemNIZ0ZzUUV2UVhCd2N6QXdMMTlzWVhsdmRYUnpMekUxTDNKbFoybHZibUZzYzJWMGJtY3VZWE53ZUQ5MGVYQmxQWFZ6WlhJbWMyOTFjbU5sUFdoMGRIQnpKVE5CSlRKR0pUSkdjM0FsTWtWamIzSmthWE56YjJ4MWRHbHZibk1sTWtWamIyMGxNa1pCY0hCek1EQWxNa1pUYUdGeVpXUWxNakJFYjJOMWJXVnVkSE1sTWtaR2IzSnRjeVV5Um1SbGRHRnBiQ1V5TUd4cGMzUWxNakIzYnlVeU1HWnZiR1JsY25NbE1qQXdNU1V5UldGemNIZ0ZoUUpvZEhSd2N6b3ZMM053TG1WNFkyVnNjM1Z3Y0c5eWRDNXZjbWM2TkRRekwyMTVMMTlzWVhsdmRYUnpMekUxTDBWa2FYUlFjbTltYVd4bExtRnpjSGcvVlhObGNsTmxkSFJwYm1kelVISnZkbWxrWlhJOU1qTTBZbVl3WldRbE1rUTNNR1JpSlRKRU5ERTFPQ1V5UkdFek16SWxNa1EwWkdaa05qZ3pZalF4TkRnbVVtVjBkWEp1VlhKc1BXaDBkSEJ6SlROQkpUSkdKVEpHYzNBbE1rVmpiM0prYVhOemIyeDFkR2x2Ym5NbE1rVmpiMjBsTWtaQmNIQnpNREFsTWtaVGFHRnlaV1FsTWpCRWIyTjFiV1Z1ZEhNbE1rWkdiM0p0Y3lVeVJtUmxkR0ZwYkNVeU1HeHBjM1FsTWpCM2J5VXlNR1p2YkdSbGNuTWxNakF3TVNVeVJXRnpjSGhrQWdjUFpCWUlBZ0VQWkJZQ0FnRVBaQllDQlNablgySm1ZV05oT1RGbVh6a3paakpmTkRZek1sOWhZak01WDJWbFpUa3lZVFZrTURaaE1oQVBGZ1llQzFCaGNtRnRWbUZzZFdWek12UUlBQUVBQUFELy8vLy9BUUFBQUFBQUFBQU1BZ0FBQUZoTmFXTnliM052Wm5RdVUyaGhjbVZRYjJsdWRDd2dWbVZ5YzJsdmJqMHhOaTR3TGpBdU1Dd2dRM1ZzZEhWeVpUMXVaWFYwY21Gc0xDQlFkV0pzYVdOTFpYbFViMnRsYmowM01XVTVZbU5sTVRFeFpUazBNamxqQlFFQUFBQTlUV2xqY205emIyWjBMbE5vWVhKbFVHOXBiblF1VjJWaVVHRnlkRkJoWjJWekxsQmhjbUZ0WlhSbGNrNWhiV1ZXWVd4MVpVaGhjMmgwWVdKc1pRRUFBQUFGWDJOdmJHd0RIRk41YzNSbGJTNURiMnhzWldOMGFXOXVjeTVJWVhOb2RHRmliR1VDQUFBQUNRTUFBQUFFQXdBQUFCeFRlWE4wWlcwdVEyOXNiR1ZqZEdsdmJuTXVTR0Z6YUhSaFlteGxCd0FBQUFwTWIyRmtSbUZqZEc5eUIxWmxjbk5wYjI0SVEyOXRjR0Z5WlhJUVNHRnphRU52WkdWUWNtOTJhV1JsY2doSVlYTm9VMmw2WlFSTFpYbHpCbFpoYkhWbGN3QUFBd01BQlFVTENCeFRlWE4wWlcwdVEyOXNiR1ZqZEdsdmJuTXVTVU52YlhCaGNtVnlKRk41YzNSbGJTNURiMnhzWldOMGFXOXVjeTVKU0dGemFFTnZaR1ZRY205MmFXUmxjZ2pzVVRnL0RRQUFBQW9LRVFBQUFBa0VBQUFBQ1FVQUFBQVFCQUFBQUFzQUFBQUdCZ0FBQUE5T2IwRnVibTkxYm1ObGJXVnVkSE1HQndBQUFBcEdhV3gwWlhKTWFXNXJCZ2dBQUFBTmFXUlFjbVZ6Ulc1aFlteGxaQVlKQUFBQUNXOXdaVzVmYldWdWRRWUtBQUFBQ2xObGJHVmpkR1ZrU1VRR0N3QUFBQkJrZG5SZmNISmxkbkJoWjJWa1lYUmhCZ3dBQUFBUlpIWjBYM04wWVhKMGNHOXphWFJwYjI0R0RRQUFBQlZQY0dWdVRXVnVkVXRsZVVGalkyVnpjMmxpYkdVR0RnQUFBQkJrZG5SZmJtVjRkSEJoWjJWa1lYUmhCZzhBQUFBVGMyVnNaV04wWDJSbGMyVnNaV04wWDJGc2JBWVFBQUFBRkU1dlFXNXViM1Z1WTJWdFpXNTBjMGh2ZDFSdkVBVUFBQUFMQUFBQUJoRUFBQUJUVkdobGNtVWdZWEpsSUc1dklHbDBaVzF6SUhSdklITm9iM2NnYVc0Z2RHaHBjeUIyYVdWM0lHOW1JSFJvWlNBaVUyaGhjbVZrSUVSdlkzVnRaVzUwY3lJZ1pHOWpkVzFsYm5RZ2JHbGljbUZ5ZVM0R0VnQUFBQUUvQmhNQUFBQWdVSEpsYzJWdVkyVWdaVzVoWW14bFpDQm1iM0lnZEdocGN5QmpiMngxYlc0R0ZBQUFBQWxQY0dWdUlFMWxiblVHRlFBQUFBSXRNUVlXQUFBQVVWQmhaMlZrUFZSU1ZVVW1VR0ZuWldSUWNtVjJQVlJTVlVVbWNGOUJjSEJzYVdOaGRHbHZiajBtY0Y5QmNIQnpYM2d3TURJd1gwTnZiblJsYm5SZmVEQXdNakJmVkhsd1pUMG1jRjlKUkQweU1RWVhBQUFBQUFZWUFBQUFMbFZ6WlNCVFNFbEdWQ3RGVGxSRlVpQjBieUJ2Y0dWdUlIUm9aU0J0Wlc1MUlDaHVaWGNnZDJsdVpHOTNLUzRHR1FBQUFFTlFZV2RsWkQxVVVsVkZKbkJmUVhCd2JHbGpZWFJwYjI0OUpuQmZRWEJ3YzE5NE1EQXlNRjlEYjI1MFpXNTBYM2d3TURJd1gxUjVjR1U5Sm5CZlNVUTlORFkyQmhvQUFBQWNVMlZzWldOMElHOXlJR1JsYzJWc1pXTjBJR0ZzYkNCcGRHVnRjd1liQUFBQUsxUnZJR0ZrWkNCaElHNWxkeUJwZEdWdExDQmpiR2xqYXlBaVRtVjNJaUJ2Y2lBaVZYQnNiMkZrSWk0TEhoQkdhV3gwWlhKUGNHVnlZWFJwYjI1ek1vMEZBQUVBQUFELy8vLy9BUUFBQUFBQUFBQUVBUUFBQUpNQ1UzbHpkR1Z0TGtOdmJHeGxZM1JwYjI1ekxrZGxibVZ5YVdNdVJHbGpkR2x2Ym1GeWVXQXlXMXRUZVhOMFpXMHVVM1J5YVc1bkxDQnRjMk52Y214cFlpd2dWbVZ5YzJsdmJqMDBMakF1TUM0d0xDQkRkV3gwZFhKbFBXNWxkWFJ5WVd3c0lGQjFZbXhwWTB0bGVWUnZhMlZ1UFdJM04yRTFZelUyTVRrek5HVXdPRGxkTEZ0TmFXTnliM052Wm5RdVUyaGhjbVZRYjJsdWRDNVhaV0pRWVhKMFVHRm5aWE11Um1sc2RHVnlUM0JsY21GMGFXOXVMQ0JOYVdOeWIzTnZablF1VTJoaGNtVlFiMmx1ZEN3Z1ZtVnljMmx2YmoweE5pNHdMakF1TUN3Z1EzVnNkSFZ5WlQxdVpYVjBjbUZzTENCUWRXSnNhV05MWlhsVWIydGxiajAzTVdVNVltTmxNVEV4WlRrME1qbGpYVjBEQUFBQUIxWmxjbk5wYjI0SVEyOXRjR0Z5WlhJSVNHRnphRk5wZW1VQUF3QUlrZ0ZUZVhOMFpXMHVRMjlzYkdWamRHbHZibk11UjJWdVpYSnBZeTVIWlc1bGNtbGpSWEYxWVd4cGRIbERiMjF3WVhKbGNtQXhXMXRUZVhOMFpXMHVVM1J5YVc1bkxDQnRjMk52Y214cFlpd2dWbVZ5YzJsdmJqMDBMakF1TUM0d0xDQkRkV3gwZFhKbFBXNWxkWFJ5WVd3c0lGQjFZbXhwWTB0bGVWUnZhMlZ1UFdJM04yRTFZelUyTVRrek5HVXdPRGxkWFFnQUFBQUFDUUlBQUFBQUFBQUFCQUlBQUFDU0FWTjVjM1JsYlM1RGIyeHNaV04wYVc5dWN5NUhaVzVsY21sakxrZGxibVZ5YVdORmNYVmhiR2wwZVVOdmJYQmhjbVZ5WURGYlcxTjVjM1JsYlM1VGRISnBibWNzSUcxelkyOXliR2xpTENCV1pYSnphVzl1UFRRdU1DNHdMakFzSUVOMWJIUjFjbVU5Ym1WMWRISmhiQ3dnVUhWaWJHbGpTMlY1Vkc5clpXNDlZamMzWVRWak5UWXhPVE0wWlRBNE9WMWRBQUFBQUFzZURGOTJhV1YzUTI5MWJuUmxjbVprWkJZQ0FnRVBaQllDWmc5a0ZnUm1EeFlHSGd4R1pXRjBkWEpsVTJOdmNHVUZCRk5wZEdVZUNFeHZZMkYwYVc5dUJTRk5hV055YjNOdlpuUXVVMmhoY21WUWIybHVkQzVUZEdGdVpHRnlaRTFsYm5VZUIwZHliM1Z3U1dRRkVGWnBaWGRUWld4bFkzUnZjazFsYm5Wa0FnRVBEeFlDSGdsQlkyTmxjM05MWlhrRkFWZGtaQUlGRDJRV0FnSUNEMlFXQkFJQkQyUVdBZ0lERDJRV0FtWVBaQllFQWdNUFpCWUlBZ0VQRmdZZUUwTnNhV1Z1ZEU5dVEyeHBZMnRUWTNKcGNIUUZlVVZ1YzNWeVpWTmpjbWx3ZEVaMWJtTW9KM05vWVhKcGJtY3Vhbk1uTENBblJHbHpjR3hoZVZOb1lYSmxaRmRwZEdoRWFXRnNiMmNuTENCbWRXNWpkR2x2YmlBb0tTQjdJRVJwYzNCc1lYbFRhR0Z5WldSWGFYUm9SR2xoYkc5bktDZGNkVEF3TW1aQmNIQnpNREJjZFRBd01tWW5LVHNnZlNrZUtFTnNhV1Z1ZEU5dVEyeHBZMnRUWTNKcGNIUkRiMjUwWVdsdWFXNW5VSEpsWm1sNFpXUlZjbXdGZVVWdWMzVnlaVk5qY21sd2RFWjFibU1vSjNOb1lYSnBibWN1YW5NbkxDQW5SR2x6Y0d4aGVWTm9ZWEpsWkZkcGRHaEVhV0ZzYjJjbkxDQm1kVzVqZEdsdmJpQW9LU0I3SUVScGMzQnNZWGxUYUdGeVpXUlhhWFJvUkdsaGJHOW5LQ2RjZFRBd01tWkJjSEJ6TURCY2RUQXdNbVluS1RzZ2ZTa2VHRU5zYVdWdWRFOXVRMnhwWTJ0T1lYWnBaMkYwWlZWeWJHUmtBZ1VQRmdJZUIxWnBjMmxpYkdWb1pBSUxEeFlDSHdwb1pBSVNEMlFXQW1ZUER4WUdIaHhRY21WMmFXOTFjMEYxZEdodmNtbHVaMGwwWlcxV1pYSnphVzl1WlI0YVVISmxkbWx2ZFhOQmRYUm9iM0pwYm1kSmRHVnRUM2R1WlhKbEhoeFFjbVYyYVc5MWMwRjFkR2h2Y21sdVowTnZiblJ5YjJ4TmIyUmxDeW1JQVUxcFkzSnZjMjltZEM1VGFHRnlaVkJ2YVc1MExsZGxZa052Ym5SeWIyeHpMbE5RUTI5dWRISnZiRTF2WkdVc0lFMXBZM0p2YzI5bWRDNVRhR0Z5WlZCdmFXNTBMQ0JXWlhKemFXOXVQVEUyTGpBdU1DNHdMQ0JEZFd4MGRYSmxQVzVsZFhSeVlXd3NJRkIxWW14cFkwdGxlVlJ2YTJWdVBUY3haVGxpWTJVeE1URmxPVFF5T1dNQVpHUUNCQThQRmdJZkJnVUJMMlJrQWdNUFpCWUNBZ0VQWkJZQ0FnRVBaQllHQWdFUER4WUVIZ1JmSVZOQ0FnSWVDRU56YzBOc1lYTnpCUmR0Y3kxd2NtOXRiM1JsWkVGamRHbHZia0oxZEhSdmJtUmtBZ01QWkJZQ1pnOFBGZ1FmRGdJQ0h3OEZGMjF6TFhCeWIyMXZkR1ZrUVdOMGFXOXVRblYwZEc5dVpHUUNCUThQRmdZZkR3VVhiWE10Y0hKdmJXOTBaV1JCWTNScGIyNUNkWFIwYjI0ZkRnSUNId3BvWkdRQ0R3OWtGZ0lDQVE5a0ZnSUNBUTg4S3dBRkFRQVBGZ0llRlZCaGNtVnVkRXhsZG1Wc2MwUnBjM0JzWVhsbFpHWmtaQUlURDJRV0FnSUJEMlFXQmdJSEQyUVdBZ0lERHc4V0FoOEthR1JrQWdrUFpCWUNBZ0VQRmdJZkNtaGtBZzBQRHhZQ0h3cG9aQllDQWdFUFpCWUNaZzlrRmdJQ0F3OWtGZ0lDQlE5a0ZnSUNBUTg4S3dBSkFRQVBGZ1FlRFZCaGRHaFRaWEJoY21GMGIzSUVDQjROVG1WMlpYSkZlSEJoYm1SbFpHZGtaQmdCQlJkamRHd3dNQ1JVYjNCT1lYWnBaMkYwYVc5dVRXVnVkUThQWkFVVVNHOXRaVnhCY0hCeklDWWdVSEp2WkhWamRITms2L05XZVBSLzloYVNuRG5oNXhCc1FtcFNxTGJlUWJBT1g4RDJBSkZSUlB3PSIgUmVjb3JkZWRWYWx1ZT0iL3dFUER3VUpNakk0TXpRMU9EYzFEMlFXQW1ZUFpCWUNBZ0VQWkJZRUFnRVBaQllDQWhrUFpCWUNBZ01QWkJZQ0FnRVBaQllDWmc4VUt3QUdaQVV1YUhSMGNITTZMeTl6Y0M1bGVHTmxiSE4xY0hCdmNuUXViM0puT2pRME15OXRlUzlRWlhKemIyNHVZWE53ZUFVamFIUjBjSE02THk5emNDNWxlR05sYkhOMWNIQnZjblF1YjNKbk9qUTBNeTl0ZVM4Rkh5OUJjSEJ6TURBdlgyeGhlVzkxZEhNdk1UVXZiWGx6ZFdKekxtRnpjSGdGc1FFdlFYQndjekF3TDE5c1lYbHZkWFJ6THpFMUwzSmxaMmx2Ym1Gc2MyVjBibWN1WVhOd2VEOTBlWEJsUFhWelpYSW1jMjkxY21ObFBXaDBkSEJ6SlROQkpUSkdKVEpHYzNBbE1rVmpiM0prYVhOemIyeDFkR2x2Ym5NbE1rVmpiMjBsTWtaQmNIQnpNREFsTWtaVGFHRnlaV1FsTWpCRWIyTjFiV1Z1ZEhNbE1rWkdiM0p0Y3lVeVJtUmxkR0ZwYkNVeU1HeHBjM1FsTWpCM2J5VXlNR1p2YkdSbGNuTWxNakF3TVNVeVJXRnpjSGdGaFFKb2RIUndjem92TDNOd0xtVjRZMlZzYzNWd2NHOXlkQzV2Y21jNk5EUXpMMjE1TDE5c1lYbHZkWFJ6THpFMUwwVmthWFJRY205bWFXeGxMbUZ6Y0hnL1ZYTmxjbE5sZEhScGJtZHpVSEp2ZG1sa1pYSTlNak0wWW1Zd1pXUWxNa1EzTUdSaUpUSkVOREUxT0NVeVJHRXpNeklsTWtRMFpHWmtOamd6WWpReE5EZ21VbVYwZFhKdVZYSnNQV2gwZEhCekpUTkJKVEpHSlRKR2MzQWxNa1ZqYjNKa2FYTnpiMngxZEdsdmJuTWxNa1ZqYjIwbE1rWkJjSEJ6TURBbE1rWlRhR0Z5WldRbE1qQkViMk4xYldWdWRITWxNa1pHYjNKdGN5VXlSbVJsZEdGcGJDVXlNR3hwYzNRbE1qQjNieVV5TUdadmJHUmxjbk1sTWpBd01TVXlSV0Z6Y0hoa0FnY1BaQllJQWdFUFpCWUNBZ0VQWkJZQ0JTWm5YMkptWVdOaE9URm1Yemt6WmpKZk5EWXpNbDloWWpNNVgyVmxaVGt5WVRWa01EWmhNaEFQRmdZZUMxQmhjbUZ0Vm1Gc2RXVnpNdlFJQUFFQUFBRC8vLy8vQVFBQUFBQUFBQUFNQWdBQUFGaE5hV055YjNOdlpuUXVVMmhoY21WUWIybHVkQ3dnVm1WeWMybHZiajB4Tmk0d0xqQXVNQ3dnUTNWc2RIVnlaVDF1WlhWMGNtRnNMQ0JRZFdKc2FXTkxaWGxVYjJ0bGJqMDNNV1U1WW1ObE1URXhaVGswTWpsakJRRUFBQUE5VFdsamNtOXpiMlowTGxOb1lYSmxVRzlwYm5RdVYyVmlVR0Z5ZEZCaFoyVnpMbEJoY21GdFpYUmxjazVoYldWV1lXeDFaVWhoYzJoMFlXSnNaUUVBQUFBRlgyTnZiR3dESEZONWMzUmxiUzVEYjJ4c1pXTjBhVzl1Y3k1SVlYTm9kR0ZpYkdVQ0FBQUFDUU1BQUFBRUF3QUFBQnhUZVhOMFpXMHVRMjlzYkdWamRHbHZibk11U0dGemFIUmhZbXhsQndBQUFBcE1iMkZrUm1GamRHOXlCMVpsY25OcGIyNElRMjl0Y0dGeVpYSVFTR0Z6YUVOdlpHVlFjbTkyYVdSbGNnaElZWE5vVTJsNlpRUkxaWGx6QmxaaGJIVmxjd0FBQXdNQUJRVUxDQnhUZVhOMFpXMHVRMjlzYkdWamRHbHZibk11U1VOdmJYQmhjbVZ5SkZONWMzUmxiUzVEYjJ4c1pXTjBhVzl1Y3k1SlNHRnphRU52WkdWUWNtOTJhV1JsY2dqc1VUZy9EUUFBQUFvS0VRQUFBQWtFQUFBQUNRVUFBQUFRQkFBQUFBc0FBQUFHQmdBQUFBOU9iMEZ1Ym05MWJtTmxiV1Z1ZEhNR0J3QUFBQXBHYVd4MFpYSk1hVzVyQmdnQUFBQU5hV1JRY21WelJXNWhZbXhsWkFZSkFBQUFDVzl3Wlc1ZmJXVnVkUVlLQUFBQUNsTmxiR1ZqZEdWa1NVUUdDd0FBQUJCa2RuUmZjSEpsZG5CaFoyVmtZWFJoQmd3QUFBQVJaSFowWDNOMFlYSjBjRzl6YVhScGIyNEdEUUFBQUJWUGNHVnVUV1Z1ZFV0bGVVRmpZMlZ6YzJsaWJHVUdEZ0FBQUJCa2RuUmZibVY0ZEhCaFoyVmtZWFJoQmc4QUFBQVRjMlZzWldOMFgyUmxjMlZzWldOMFgyRnNiQVlRQUFBQUZFNXZRVzV1YjNWdVkyVnRaVzUwYzBodmQxUnZFQVVBQUFBTEFBQUFCaEVBQUFCVFZHaGxjbVVnWVhKbElHNXZJR2wwWlcxeklIUnZJSE5vYjNjZ2FXNGdkR2hwY3lCMmFXVjNJRzltSUhSb1pTQWlVMmhoY21Wa0lFUnZZM1Z0Wlc1MGN5SWdaRzlqZFcxbGJuUWdiR2xpY21GeWVTNEdFZ0FBQUFFL0JoTUFBQUFnVUhKbGMyVnVZMlVnWlc1aFlteGxaQ0JtYjNJZ2RHaHBjeUJqYjJ4MWJXNEdGQUFBQUFsUGNHVnVJRTFsYm5VR0ZRQUFBQUl0TVFZV0FBQUFVVkJoWjJWa1BWUlNWVVVtVUdGblpXUlFjbVYyUFZSU1ZVVW1jRjlCY0hCc2FXTmhkR2x2YmowbWNGOUJjSEJ6WDNnd01ESXdYME52Ym5SbGJuUmZlREF3TWpCZlZIbHdaVDBtY0Y5SlJEMHlNUVlYQUFBQUFBWVlBQUFBTGxWelpTQlRTRWxHVkN0RlRsUkZVaUIwYnlCdmNHVnVJSFJvWlNCdFpXNTFJQ2h1WlhjZ2QybHVaRzkzS1M0R0dRQUFBRU5RWVdkbFpEMVVVbFZGSm5CZlFYQndiR2xqWVhScGIyNDlKbkJmUVhCd2MxOTRNREF5TUY5RGIyNTBaVzUwWDNnd01ESXdYMVI1Y0dVOUpuQmZTVVE5TkRZMkJob0FBQUFjVTJWc1pXTjBJRzl5SUdSbGMyVnNaV04wSUdGc2JDQnBkR1Z0Y3dZYkFBQUFLMVJ2SUdGa1pDQmhJRzVsZHlCcGRHVnRMQ0JqYkdsamF5QWlUbVYzSWlCdmNpQWlWWEJzYjJGa0lpNExIaEJHYVd4MFpYSlBjR1Z5WVhScGIyNXpNbzBGQUFFQUFBRC8vLy8vQVFBQUFBQUFBQUFFQVFBQUFKTUNVM2x6ZEdWdExrTnZiR3hsWTNScGIyNXpMa2RsYm1WeWFXTXVSR2xqZEdsdmJtRnllV0F5VzF0VGVYTjBaVzB1VTNSeWFXNW5MQ0J0YzJOdmNteHBZaXdnVm1WeWMybHZiajAwTGpBdU1DNHdMQ0JEZFd4MGRYSmxQVzVsZFhSeVlXd3NJRkIxWW14cFkwdGxlVlJ2YTJWdVBXSTNOMkUxWXpVMk1Ua3pOR1V3T0RsZExGdE5hV055YjNOdlpuUXVVMmhoY21WUWIybHVkQzVYWldKUVlYSjBVR0ZuWlhNdVJtbHNkR1Z5VDNCbGNtRjBhVzl1TENCTmFXTnliM052Wm5RdVUyaGhjbVZRYjJsdWRDd2dWbVZ5YzJsdmJqMHhOaTR3TGpBdU1Dd2dRM1ZzZEhWeVpUMXVaWFYwY21Gc0xDQlFkV0pzYVdOTFpYbFViMnRsYmowM01XVTVZbU5sTVRFeFpUazBNamxqWFYwREFBQUFCMVpsY25OcGIyNElRMjl0Y0dGeVpYSUlTR0Z6YUZOcGVtVUFBd0FJa2dGVGVYTjBaVzB1UTI5c2JHVmpkR2x2Ym5NdVIyVnVaWEpwWXk1SFpXNWxjbWxqUlhGMVlXeHBkSGxEYjIxd1lYSmxjbUF4VzF0VGVYTjBaVzB1VTNSeWFXNW5MQ0J0YzJOdmNteHBZaXdnVm1WeWMybHZiajAwTGpBdU1DNHdMQ0JEZFd4MGRYSmxQVzVsZFhSeVlXd3NJRkIxWW14cFkwdGxlVlJ2YTJWdVBXSTNOMkUxWXpVMk1Ua3pOR1V3T0RsZFhRZ0FBQUFBQ1FJQUFBQUFBQUFBQkFJQUFBQ1NBVk41YzNSbGJTNURiMnhzWldOMGFXOXVjeTVIWlc1bGNtbGpMa2RsYm1WeWFXTkZjWFZoYkdsMGVVTnZiWEJoY21WeVlERmJXMU41YzNSbGJTNVRkSEpwYm1jc0lHMXpZMjl5YkdsaUxDQldaWEp6YVc5dVBUUXVNQzR3TGpBc0lFTjFiSFIxY21VOWJtVjFkSEpoYkN3Z1VIVmliR2xqUzJWNVZHOXJaVzQ5WWpjM1lUVmpOVFl4T1RNMFpUQTRPVjFkQUFBQUFBc2VERjkyYVdWM1EyOTFiblJsY21aa1pCWUNBZ0VQWkJZQ1pnOWtGZ1JtRHhZR0hneEdaV0YwZFhKbFUyTnZjR1VGQkZOcGRHVWVDRXh2WTJGMGFXOXVCU0ZOYVdOeWIzTnZablF1VTJoaGNtVlFiMmx1ZEM1VGRHRnVaR0Z5WkUxbGJuVWVCMGR5YjNWd1NXUUZFRlpwWlhkVFpXeGxZM1J2Y2sxbGJuVmtBZ0VQRHhZQ0hnbEJZMk5sYzNOTFpYa0ZBVmRrWkFJRkQyUVdBZ0lDRDJRV0JBSUJEMlFXQWdJREQyUVdBbVlQWkJZRUFnTVBaQllJQWdFUEZnWWVFME5zYVdWdWRFOXVRMnhwWTJ0VFkzSnBjSFFGZVVWdWMzVnlaVk5qY21sd2RFWjFibU1vSjNOb1lYSnBibWN1YW5NbkxDQW5SR2x6Y0d4aGVWTm9ZWEpsWkZkcGRHaEVhV0ZzYjJjbkxDQm1kVzVqZEdsdmJpQW9LU0I3SUVScGMzQnNZWGxUYUdGeVpXUlhhWFJvUkdsaGJHOW5LQ2RjZFRBd01tWkJjSEJ6TURCY2RUQXdNbVluS1RzZ2ZTa2VLRU5zYVdWdWRFOXVRMnhwWTJ0VFkzSnBjSFJEYjI1MFlXbHVhVzVuVUhKbFptbDRaV1JWY213RmVVVnVjM1Z5WlZOamNtbHdkRVoxYm1Nb0ozTm9ZWEpwYm1jdWFuTW5MQ0FuUkdsemNHeGhlVk5vWVhKbFpGZHBkR2hFYVdGc2IyY25MQ0JtZFc1amRHbHZiaUFvS1NCN0lFUnBjM0JzWVhsVGFHRnlaV1JYYVhSb1JHbGhiRzluS0NkY2RUQXdNbVpCY0hCek1EQmNkVEF3TW1ZbktUc2dmU2tlR0VOc2FXVnVkRTl1UTJ4cFkydE9ZWFpwWjJGMFpWVnliR1JrQWdVUEZnSWVCMVpwYzJsaWJHVm9aQUlMRHhZQ0h3cG9aQUlTRDJRV0FtWVBEeFlHSGh4UWNtVjJhVzkxYzBGMWRHaHZjbWx1WjBsMFpXMVdaWEp6YVc5dVpSNGFVSEpsZG1sdmRYTkJkWFJvYjNKcGJtZEpkR1Z0VDNkdVpYSmxIaHhRY21WMmFXOTFjMEYxZEdodmNtbHVaME52Ym5SeWIyeE5iMlJsQ3ltSUFVMXBZM0p2YzI5bWRDNVRhR0Z5WlZCdmFXNTBMbGRsWWtOdmJuUnliMnh6TGxOUVEyOXVkSEp2YkUxdlpHVXNJRTFwWTNKdmMyOW1kQzVUYUdGeVpWQnZhVzUwTENCV1pYSnphVzl1UFRFMkxqQXVNQzR3TENCRGRXeDBkWEpsUFc1bGRYUnlZV3dzSUZCMVlteHBZMHRsZVZSdmEyVnVQVGN4WlRsaVkyVXhNVEZsT1RReU9XTUFaR1FDQkE4UEZnSWZCZ1VCTDJSa0FnTVBaQllDQWdFUFpCWUNBZ0VQWkJZR0FnRVBEeFlFSGdSZklWTkNBZ0llQ0VOemMwTnNZWE56QlJkdGN5MXdjbTl0YjNSbFpFRmpkR2x2YmtKMWRIUnZibVJrQWdNUFpCWUNaZzhQRmdRZkRnSUNIdzhGRjIxekxYQnliMjF2ZEdWa1FXTjBhVzl1UW5WMGRHOXVaR1FDQlE4UEZnWWZEd1VYYlhNdGNISnZiVzkwWldSQlkzUnBiMjVDZFhSMGIyNGZEZ0lDSHdwb1pHUUNEdzlrRmdJQ0FROWtGZ0lDQVE4OEt3QUZBUUFQRmdJZUZWQmhjbVZ1ZEV4bGRtVnNjMFJwYzNCc1lYbGxaR1prWkFJVEQyUVdBZ0lCRDJRV0JnSUhEMlFXQWdJRER3OFdBaDhLYUdSa0Fna1BaQllDQWdFUEZnSWZDbWhrQWcwUER4WUNId3BvWkJZQ0FnRVBaQllDWmc5a0ZnSUNBdzlrRmdJQ0JROWtGZ0lDQVE4OEt3QUpBUUFQRmdRZURWQmhkR2hUWlhCaGNtRjBiM0lFQ0I0TlRtVjJaWEpGZUhCaGJtUmxaR2RrWkJnQkJSZGpkR3d3TUNSVWIzQk9ZWFpwWjJGMGFXOXVUV1Z1ZFE4UFpBVVVTRzl0WlZ4QmNIQnpJQ1lnVUhKdlpIVmpkSE5rNi9OV2VQUi85aGFTbkRuaDV4QnNRbXBTcUxiZVFiQU9YOEQyQUpGUlJQdz0iIENvcnJlbGF0aW9uQmluZGluZz0ie3tGb3JtUG9zdFBhcmFtNTEuX19WSUVXU1RBVEV9fSIgVXJsRW5jb2RlPSJUcnVlIiAvPg0KICAgICAgICA8Rm9ybVBvc3RQYXJhbWV0ZXIgTmFtZT0iX19WSUVXU1RBVEVHRU5FUkFUT1IiIFZhbHVlPSIwNkUyQUYxNiIgUmVjb3JkZWRWYWx1ZT0iMDZFMkFGMTYiIENvcnJlbGF0aW9uQmluZGluZz0ie3tGb3JtUG9zdFBhcmFtNTIuX19WSUVXU1RBVEVHRU5FUkFUT1J9fSIgVXJsRW5jb2RlPSJUcnVlIiAvPg0KICAgICAgICA8Rm9ybVBvc3RQYXJhbWV0ZXIgTmFtZT0iX19TQ1JPTExQT1NJVElPTlgiIFZhbHVlPSIwIiBSZWNvcmRlZFZhbHVlPSIwIiBDb3JyZWxhdGlvbkJpbmRpbmc9Int7Rm9ybVBvc3RQYXJhbTQxLl9fU0NST0xMUE9TSVRJT05YfX0iIFVybEVuY29kZT0iVHJ1ZSIgLz4NCiAgICAgICAgPEZvcm1Qb3N0UGFyYW1ldGVyIE5hbWU9Il9fU0NST0xMUE9TSVRJT05ZIiBWYWx1ZT0iMCIgUmVjb3JkZWRWYWx1ZT0iMCIgQ29ycmVsYXRpb25CaW5kaW5nPSJ7e0Zvcm1Qb3N0UGFyYW00Mi5fX1NDUk9MTFBPU0lUSU9OWX19IiBVcmxFbmNvZGU9IlRydWUiIC8+DQogICAgICAgIDxGb3JtUG9zdFBhcmFtZXRlciBOYW1lPSJfX0VWRU5UVkFMSURBVElPTiIgVmFsdWU9Ii93RWRBQU9uRHVMWmN5VFNjSENYdEZ2UW9HalBMbVh5WXdBK09mRmFHNUEybHo4bkNMVWdGTHBuS09qdkJBVTJ0WG53RDB6cml5VE5PNzIzeFdycEZMTjRZUjJUUmdCNENqQWkwczBqNkF6a2p6SlRmUT09IiBSZWNvcmRlZFZhbHVlPSIvd0VkQUFPbkR1TFpjeVRTY0hDWHRGdlFvR2pQTG1YeVl3QStPZkZhRzVBMmx6OG5DTFVnRkxwbktPanZCQVUydFhud0QwenJpeVROTzcyM3hXcnBGTE40WVIyVFJnQjRDakFpMHMwajZBemtqekpUZlE9PSIgQ29ycmVsYXRpb25CaW5kaW5nPSJ7e0Zvcm1Qb3N0UGFyYW01My5fX0VWRU5UVkFMSURBVElPTn19IiBVcmxFbmNvZGU9IlRydWUiIC8+DQogICAgICAgIDxGb3JtUG9zdFBhcmFtZXRlciBOYW1lPSJjdGwwMCRjdGw0NCRjdGwwNCIgVmFsdWU9IlJpYmJvbi5SZWFkIiBSZWNvcmRlZFZhbHVlPSJSaWJib24uUmVhZCIgQ29ycmVsYXRpb25CaW5kaW5nPSJ7e0Zvcm1Qb3N0UGFyYW01NC5jdGwwMCRjdGw0NCRjdGwwNH19IiBVcmxFbmNvZGU9IlRydWUiIC8+DQogICAgICA8L0Zvcm1Qb3N0SHR0cEJvZHk+DQogICAgPC9SZXF1ZXN0Pg0KICAgIDxSZXF1ZXN0IE1ldGhvZD0iUE9TVCIgR3VpZD0iYWQxMmM1ZDgtODJkZS00NWJiLTgyNDgtZDk2MjYwMDcwMWJiIiBWZXJzaW9uPSIxLjEiIFVybD0iaHR0cHM6Ly9zcC5jb3JkaXNzb2x1dGlvbnMuY29tL0FwcHMwMC9TaGFyZWQlMjBEb2N1bWVudHMvRm9ybXMvZGV0YWlsJTIwbGlzdCUyMHdvJTIwZm9sZGVycyUyMDAxLmFzcHgiIFRoaW5rVGltZT0iMCIgVGltZW91dD0iMzAwIiBQYXJzZURlcGVuZGVudFJlcXVlc3RzPSJUcnVlIiBGb2xsb3dSZWRpcmVjdHM9IlRydWUiIFJlY29yZFJlc3VsdD0iVHJ1ZSIgQ2FjaGU9IkZhbHNlIiBSZXNwb25zZVRpbWVHb2FsPSIwIiBFbmNvZGluZz0idXRmLTgiIEV4cGVjdGVkSHR0cFN0YXR1c0NvZGU9IjAiIEV4cGVjdGVkUmVzcG9uc2VVcmw9IiIgUmVwb3J0aW5nTmFtZT0iIiBJZ25vcmVIdHRwU3RhdHVzQ29kZT0iRmFsc2UiPg0KICAgICAgPEhlYWRlcnM+DQogICAgICAgIDxIZWFkZXIgTmFtZT0iUmVmZXJlciIgVmFsdWU9Imh0dHBzOi8vc3AuY29yZGlzc29sdXRpb25zLmNvbS9BcHBzMDAvU2hhcmVkJTIwRG9jdW1lbnRzL0Zvcm1zL2RldGFpbCUyMGxpc3QlMjB3byUyMGZvbGRlcnMlMjAwMS5hc3B4IiAvPg0KICAgICAgPC9IZWFkZXJzPg0KICAgICAgPFF1ZXJ5U3RyaW5nUGFyYW1ldGVycz4NCiAgICAgICAgPFF1ZXJ5U3RyaW5nUGFyYW1ldGVyIE5hbWU9IkluaXRpYWxUYWJJZCIgVmFsdWU9IlJpYmJvbiUyRVJlYWQiIFJlY29yZGVkVmFsdWU9IlJpYmJvbiUyRVJlYWQiIENvcnJlbGF0aW9uQmluZGluZz0ie3tRdWVyeVN0cmluZ1BhcmFtNzkzLkluaXRpYWxUYWJJZH19IiBVcmxFbmNvZGU9IkZhbHNlIiBVc2VUb0dyb3VwUmVzdWx0cz0iRmFsc2UiIC8+DQogICAgICAgIDxRdWVyeVN0cmluZ1BhcmFtZXRlciBOYW1lPSJWaXNpYmlsaXR5Q29udGV4dCIgVmFsdWU9IldTU1RhYlBlcnNpc3RlbmNlIiBSZWNvcmRlZFZhbHVlPSJXU1NUYWJQZXJzaXN0ZW5jZSIgQ29ycmVsYXRpb25CaW5kaW5nPSJ7e1F1ZXJ5U3RyaW5nUGFyYW03OTQuVmlzaWJpbGl0eUNvbnRleHR9fSIgVXJsRW5jb2RlPSJGYWxzZSIgVXNlVG9Hcm91cFJlc3VsdHM9IkZhbHNlIiAvPg0KICAgICAgPC9RdWVyeVN0cmluZ1BhcmFtZXRlcnM+DQogICAgICA8Rm9ybVBvc3RIdHRwQm9keT4NCiAgICAgICAgPEZvcm1Qb3N0UGFyYW1ldGVyIE5hbWU9Il93cGNtV3BpZCIgVmFsdWU9Int7JEhJRERFTjEuX3dwY21XcGlkfX0iIFJlY29yZGVkVmFsdWU9IiIgQ29ycmVsYXRpb25CaW5kaW5nPSIiIFVybEVuY29kZT0iVHJ1ZSIgLz4NCiAgICAgICAgPEZvcm1Qb3N0UGFyYW1ldGVyIE5hbWU9IndwY21WYWwiIFZhbHVlPSJ7eyRISURERU4xLndwY21WYWx9fSIgUmVjb3JkZWRWYWx1ZT0iIiBDb3JyZWxhdGlvbkJpbmRpbmc9IiIgVXJsRW5jb2RlPSJUcnVlIiAvPg0KICAgICAgICA8Rm9ybVBvc3RQYXJhbWV0ZXIgTmFtZT0iTVNPV2ViUGFydFBhZ2VfUG9zdGJhY2tTb3VyY2UiIFZhbHVlPSJ7eyRISURERU4xLk1TT1dlYlBhcnRQYWdlX1Bvc3RiYWNrU291cmNlfX0iIFJlY29yZGVkVmFsdWU9IiIgQ29ycmVsYXRpb25CaW5kaW5nPSIiIFVybEVuY29kZT0iVHJ1ZSIgLz4NCiAgICAgICAgPEZvcm1Qb3N0UGFyYW1ldGVyIE5hbWU9Ik1TT1RsUG5fU2VsZWN0ZWRXcElkIiBWYWx1ZT0ie3skSElEREVOMS5NU09UbFBuX1NlbGVjdGVkV3BJZH19IiBSZWNvcmRlZFZhbHVlPSIiIENvcnJlbGF0aW9uQmluZGluZz0iIiBVcmxFbmNvZGU9IlRydWUiIC8+DQogICAgICAgIDxGb3JtUG9zdFBhcmFtZXRlciBOYW1lPSJNU09UbFBuX1ZpZXciIFZhbHVlPSJ7eyRISURERU4xLk1TT1RsUG5fVmlld319IiBSZWNvcmRlZFZhbHVlPSIwIiBDb3JyZWxhdGlvbkJpbmRpbmc9IiIgVXJsRW5jb2RlPSJUcnVlIiAvPg0KICAgICAgICA8Rm9ybVBvc3RQYXJhbWV0ZXIgTmFtZT0iTVNPVGxQbl9TaG93U2V0dGluZ3MiIFZhbHVlPSJ7eyRISURERU4xLk1TT1RsUG5fU2hvd1NldHRpbmdzfX0iIFJlY29yZGVkVmFsdWU9IkZhbHNlIiBDb3JyZWxhdGlvbkJpbmRpbmc9IiIgVXJsRW5jb2RlPSJUcnVlIiAvPg0KICAgICAgICA8Rm9ybVBvc3RQYXJhbWV0ZXIgTmFtZT0iTVNPR2FsbGVyeV9TZWxlY3RlZExpYnJhcnkiIFZhbHVlPSJ7eyRISURERU4xLk1TT0dhbGxlcnlfU2VsZWN0ZWRMaWJyYXJ5fX0iIFJlY29yZGVkVmFsdWU9IiIgQ29ycmVsYXRpb25CaW5kaW5nPSIiIFVybEVuY29kZT0iVHJ1ZSIgLz4NCiAgICAgICAgPEZvcm1Qb3N0UGFyYW1ldGVyIE5hbWU9Ik1TT0dhbGxlcnlfRmlsdGVyU3RyaW5nIiBWYWx1ZT0ie3skSElEREVOMS5NU09HYWxsZXJ5X0ZpbHRlclN0cmluZ319IiBSZWNvcmRlZFZhbHVlPSIiIENvcnJlbGF0aW9uQmluZGluZz0iIiBVcmxFbmNvZGU9IlRydWUiIC8+DQogICAgICAgIDxGb3JtUG9zdFBhcmFtZXRlciBOYW1lPSJNU09UbFBuX0J1dHRvbiIgVmFsdWU9Int7JEhJRERFTjEuTVNPVGxQbl9CdXR0b259fSIgUmVjb3JkZWRWYWx1ZT0ibm9uZSIgQ29ycmVsYXRpb25CaW5kaW5nPSIiIFVybEVuY29kZT0iVHJ1ZSIgLz4NCiAgICAgICAgPEZvcm1Qb3N0UGFyYW1ldGVyIE5hbWU9Il9fRVZFTlRUQVJHRVQiIFZhbHVlPSJ7eyRISURERU4xLl9fRVZFTlRUQVJHRVR9fSIgUmVjb3JkZWRWYWx1ZT0iIiBDb3JyZWxhdGlvbkJpbmRpbmc9IiIgVXJsRW5jb2RlPSJUcnVlIiAvPg0KICAgICAgICA8Rm9ybVBvc3RQYXJhbWV0ZXIgTmFtZT0iX19FVkVOVEFSR1VNRU5UIiBWYWx1ZT0ie3skSElEREVOMS5fX0VWRU5UQVJHVU1FTlR9fSIgUmVjb3JkZWRWYWx1ZT0iIiBDb3JyZWxhdGlvbkJpbmRpbmc9IiIgVXJsRW5jb2RlPSJUcnVlIiAvPg0KICAgICAgICA8Rm9ybVBvc3RQYXJhbWV0ZXIgTmFtZT0iX19SRVFVRVNURElHRVNUIiBWYWx1ZT0ie3skSElEREVOMS5fX1JFUVVFU1RESUdFU1R9fSIgUmVjb3JkZWRWYWx1ZT0iMHg2Nzg5NzdFMzJGNzk2QTVGQzhDOERGMkM4QUYwMjIxQkI0MDAwRDI3MjI2QUUzRDdEMzY1NzI3NzQ3OTlDQ0YxNDI1QTBFOTYyM0QxQjA4OUY2Njg0MjZCNDEzNzBGNEI1N0FBMEVDQkU1MUEyMDdBNUI4NkQ3ODEyQzM0ODY5RiwxMyBKdW4gMjAxOCAxMTozODozOSAtMDAwMCIgQ29ycmVsYXRpb25CaW5kaW5nPSIiIFVybEVuY29kZT0iVHJ1ZSIgLz4NCiAgICAgICAgPEZvcm1Qb3N0UGFyYW1ldGVyIE5hbWU9Ik1TT1NQV2ViUGFydE1hbmFnZXJfRGlzcGxheU1vZGVOYW1lIiBWYWx1ZT0ie3skSElEREVOMS5NU09TUFdlYlBhcnRNYW5hZ2VyX0Rpc3BsYXlNb2RlTmFtZX19IiBSZWNvcmRlZFZhbHVlPSJCcm93c2UiIENvcnJlbGF0aW9uQmluZGluZz0iIiBVcmxFbmNvZGU9IlRydWUiIC8+DQogICAgICAgIDxGb3JtUG9zdFBhcmFtZXRlciBOYW1lPSJNU09TUFdlYlBhcnRNYW5hZ2VyX0V4aXRpbmdEZXNpZ25Nb2RlIiBWYWx1ZT0ie3skSElEREVOMS5NU09TUFdlYlBhcnRNYW5hZ2VyX0V4aXRpbmdEZXNpZ25Nb2RlfX0iIFJlY29yZGVkVmFsdWU9ImZhbHNlIiBDb3JyZWxhdGlvbkJpbmRpbmc9IiIgVXJsRW5jb2RlPSJUcnVlIiAvPg0KICAgICAgICA8Rm9ybVBvc3RQYXJhbWV0ZXIgTmFtZT0iTVNPV2ViUGFydFBhZ2VfU2hhcmVkIiBWYWx1ZT0ie3skSElEREVOMS5NU09XZWJQYXJ0UGFnZV9TaGFyZWR9fSIgUmVjb3JkZWRWYWx1ZT0iIiBDb3JyZWxhdGlvbkJpbmRpbmc9IiIgVXJsRW5jb2RlPSJUcnVlIiAvPg0KICAgICAgICA8Rm9ybVBvc3RQYXJhbWV0ZXIgTmFtZT0iTVNPTGF5b3V0X0xheW91dENoYW5nZXMiIFZhbHVlPSJ7eyRISURERU4xLk1TT0xheW91dF9MYXlvdXRDaGFuZ2VzfX0iIFJlY29yZGVkVmFsdWU9IiIgQ29ycmVsYXRpb25CaW5kaW5nPSIiIFVybEVuY29kZT0iVHJ1ZSIgLz4NCiAgICAgICAgPEZvcm1Qb3N0UGFyYW1ldGVyIE5hbWU9Ik1TT0xheW91dF9JbkRlc2lnbk1vZGUiIFZhbHVlPSJ7eyRISURERU4xLk1TT0xheW91dF9JbkRlc2lnbk1vZGV9fSIgUmVjb3JkZWRWYWx1ZT0iIiBDb3JyZWxhdGlvbkJpbmRpbmc9IiIgVXJsRW5jb2RlPSJUcnVlIiAvPg0KICAgICAgICA8Rm9ybVBvc3RQYXJhbWV0ZXIgTmFtZT0iX3dwU2VsZWN0ZWQiIFZhbHVlPSJ7eyRISURERU4xLl93cFNlbGVjdGVkfX0iIFJlY29yZGVkVmFsdWU9Ik1TT1pvbmVDZWxsX1dlYlBhcnRXUFEyIiBDb3JyZWxhdGlvbkJpbmRpbmc9IiIgVXJsRW5jb2RlPSJUcnVlIiAvPg0KICAgICAgICA8Rm9ybVBvc3RQYXJhbWV0ZXIgTmFtZT0iX3d6U2VsZWN0ZWQiIFZhbHVlPSJ7eyRISURERU4xLl93elNlbGVjdGVkfX0iIFJlY29yZGVkVmFsdWU9IiIgQ29ycmVsYXRpb25CaW5kaW5nPSIiIFVybEVuY29kZT0iVHJ1ZSIgLz4NCiAgICAgICAgPEZvcm1Qb3N0UGFyYW1ldGVyIE5hbWU9Ik1TT1NQV2ViUGFydE1hbmFnZXJfT2xkRGlzcGxheU1vZGVOYW1lIiBWYWx1ZT0ie3skSElEREVOMS5NU09TUFdlYlBhcnRNYW5hZ2VyX09sZERpc3BsYXlNb2RlTmFtZX19IiBSZWNvcmRlZFZhbHVlPSJCcm93c2UiIENvcnJlbGF0aW9uQmluZGluZz0iIiBVcmxFbmNvZGU9IlRydWUiIC8+DQogICAgICAgIDxGb3JtUG9zdFBhcmFtZXRlciBOYW1lPSJNU09TUFdlYlBhcnRNYW5hZ2VyX1N0YXJ0V2ViUGFydEVkaXRpbmdOYW1lIiBWYWx1ZT0ie3skSElEREVOMS5NU09TUFdlYlBhcnRNYW5hZ2VyX1N0YXJ0V2ViUGFydEVkaXRpbmdOYW1lfX0iIFJlY29yZGVkVmFsdWU9ImZhbHNlIiBDb3JyZWxhdGlvbkJpbmRpbmc9IiIgVXJsRW5jb2RlPSJUcnVlIiAvPg0KICAgICAgICA8Rm9ybVBvc3RQYXJhbWV0ZXIgTmFtZT0iTVNPU1BXZWJQYXJ0TWFuYWdlcl9FbmRXZWJQYXJ0RWRpdGluZyIgVmFsdWU9Int7JEhJRERFTjEuTVNPU1BXZWJQYXJ0TWFuYWdlcl9FbmRXZWJQYXJ0RWRpdGluZ319IiBSZWNvcmRlZFZhbHVlPSJmYWxzZSIgQ29ycmVsYXRpb25CaW5kaW5nPSIiIFVybEVuY29kZT0iVHJ1ZSIgLz4NCiAgICAgICAgPEZvcm1Qb3N0UGFyYW1ldGVyIE5hbWU9Il9tYWludGFpbldvcmtzcGFjZVNjcm9sbFBvc2l0aW9uIiBWYWx1ZT0ie3skSElEREVOMS5fbWFpbnRhaW5Xb3Jrc3BhY2VTY3JvbGxQb3NpdGlvbn19IiBSZWNvcmRlZFZhbHVlPSIwIiBDb3JyZWxhdGlvbkJpbmRpbmc9IiIgVXJsRW5jb2RlPSJUcnVlIiAvPg0KICAgICAgICA8Rm9ybVBvc3RQYXJhbWV0ZXIgTmFtZT0iX19WSUVXU1RBVEUiIFZhbHVlPSJ7eyRISURERU4xLl9fVklFV1NUQVRFfX0iIFJlY29yZGVkVmFsdWU9Ii93RVBEd1VKTWpJNE16UTFPRGMxRDJRV0FtWVBaQllDQWdFUFpCWUVBZ0VQWkJZQ0Foa1BaQllDQWdNUFpCWUNBZ0VQWkJZQ1pnOFVLd0FHWkFVdWFIUjBjSE02THk5emNDNWxlR05sYkhOMWNIQnZjblF1YjNKbk9qUTBNeTl0ZVM5UVpYSnpiMjR1WVhOd2VBVWphSFIwY0hNNkx5OXpjQzVsZUdObGJITjFjSEJ2Y25RdWIzSm5PalEwTXk5dGVTOEZIeTlCY0hCek1EQXZYMnhoZVc5MWRITXZNVFV2YlhsemRXSnpMbUZ6Y0hnRnNRRXZRWEJ3Y3pBd0wxOXNZWGx2ZFhSekx6RTFMM0psWjJsdmJtRnNjMlYwYm1jdVlYTndlRDkwZVhCbFBYVnpaWEltYzI5MWNtTmxQV2gwZEhCekpUTkJKVEpHSlRKR2MzQWxNa1ZqYjNKa2FYTnpiMngxZEdsdmJuTWxNa1ZqYjIwbE1rWkJjSEJ6TURBbE1rWlRhR0Z5WldRbE1qQkViMk4xYldWdWRITWxNa1pHYjNKdGN5VXlSbVJsZEdGcGJDVXlNR3hwYzNRbE1qQjNieVV5TUdadmJHUmxjbk1sTWpBd01TVXlSV0Z6Y0hnRmhRSm9kSFJ3Y3pvdkwzTndMbVY0WTJWc2MzVndjRzl5ZEM1dmNtYzZORFF6TDIxNUwxOXNZWGx2ZFhSekx6RTFMMFZrYVhSUWNtOW1hV3hsTG1GemNIZy9WWE5sY2xObGRIUnBibWR6VUhKdmRtbGtaWEk5TWpNMFltWXdaV1FsTWtRM01HUmlKVEpFTkRFMU9DVXlSR0V6TXpJbE1rUTBaR1prTmpnellqUXhORGdtVW1WMGRYSnVWWEpzUFdoMGRIQnpKVE5CSlRKR0pUSkdjM0FsTWtWamIzSmthWE56YjJ4MWRHbHZibk1sTWtWamIyMGxNa1pCY0hCek1EQWxNa1pUYUdGeVpXUWxNakJFYjJOMWJXVnVkSE1sTWtaR2IzSnRjeVV5Um1SbGRHRnBiQ1V5TUd4cGMzUWxNakIzYnlVeU1HWnZiR1JsY25NbE1qQXdNU1V5UldGemNIaGtBZ2NQWkJZSUFnRVBaQllDQWdFUFpCWUNCU1puWDJKbVlXTmhPVEZtWHprelpqSmZORFl6TWw5aFlqTTVYMlZsWlRreVlUVmtNRFpoTWhBUEZnWWVDMUJoY21GdFZtRnNkV1Z6TXZRSUFBRUFBQUQvLy8vL0FRQUFBQUFBQUFBTUFnQUFBRmhOYVdOeWIzTnZablF1VTJoaGNtVlFiMmx1ZEN3Z1ZtVnljMmx2YmoweE5pNHdMakF1TUN3Z1EzVnNkSFZ5WlQxdVpYVjBjbUZzTENCUWRXSnNhV05MWlhsVWIydGxiajAzTVdVNVltTmxNVEV4WlRrME1qbGpCUUVBQUFBOVRXbGpjbTl6YjJaMExsTm9ZWEpsVUc5cGJuUXVWMlZpVUdGeWRGQmhaMlZ6TGxCaGNtRnRaWFJsY2s1aGJXVldZV3gxWlVoaGMyaDBZV0pzWlFFQUFBQUZYMk52Ykd3REhGTjVjM1JsYlM1RGIyeHNaV04wYVc5dWN5NUlZWE5vZEdGaWJHVUNBQUFBQ1FNQUFBQUVBd0FBQUJ4VGVYTjBaVzB1UTI5c2JHVmpkR2x2Ym5NdVNHRnphSFJoWW14bEJ3QUFBQXBNYjJGa1JtRmpkRzl5QjFabGNuTnBiMjRJUTI5dGNHRnlaWElRU0dGemFFTnZaR1ZRY205MmFXUmxjZ2hJWVhOb1UybDZaUVJMWlhsekJsWmhiSFZsY3dBQUF3TUFCUVVMQ0J4VGVYTjBaVzB1UTI5c2JHVmpkR2x2Ym5NdVNVTnZiWEJoY21WeUpGTjVjM1JsYlM1RGIyeHNaV04wYVc5dWN5NUpTR0Z6YUVOdlpHVlFjbTkyYVdSbGNnanNVVGcvRFFBQUFBb0tFUUFBQUFrRUFBQUFDUVVBQUFBUUJBQUFBQXNBQUFBR0JnQUFBQTlPYjBGdWJtOTFibU5sYldWdWRITUdCd0FBQUFwR2FXeDBaWEpNYVc1ckJnZ0FBQUFOYVdSUWNtVnpSVzVoWW14bFpBWUpBQUFBQ1c5d1pXNWZiV1Z1ZFFZS0FBQUFDbE5sYkdWamRHVmtTVVFHQ3dBQUFCQmtkblJmY0hKbGRuQmhaMlZrWVhSaEJnd0FBQUFSWkhaMFgzTjBZWEowY0c5emFYUnBiMjRHRFFBQUFCVlBjR1Z1VFdWdWRVdGxlVUZqWTJWemMybGliR1VHRGdBQUFCQmtkblJmYm1WNGRIQmhaMlZrWVhSaEJnOEFBQUFUYzJWc1pXTjBYMlJsYzJWc1pXTjBYMkZzYkFZUUFBQUFGRTV2UVc1dWIzVnVZMlZ0Wlc1MGMwaHZkMVJ2RUFVQUFBQUxBQUFBQmhFQUFBQlRWR2hsY21VZ1lYSmxJRzV2SUdsMFpXMXpJSFJ2SUhOb2IzY2dhVzRnZEdocGN5QjJhV1YzSUc5bUlIUm9aU0FpVTJoaGNtVmtJRVJ2WTNWdFpXNTBjeUlnWkc5amRXMWxiblFnYkdsaWNtRnllUzRHRWdBQUFBRS9CaE1BQUFBZ1VISmxjMlZ1WTJVZ1pXNWhZbXhsWkNCbWIzSWdkR2hwY3lCamIyeDFiVzRHRkFBQUFBbFBjR1Z1SUUxbGJuVUdGUUFBQUFJdE1RWVdBQUFBVVZCaFoyVmtQVlJTVlVVbVVHRm5aV1JRY21WMlBWUlNWVVVtY0Y5QmNIQnNhV05oZEdsdmJqMG1jRjlCY0hCelgzZ3dNREl3WDBOdmJuUmxiblJmZURBd01qQmZWSGx3WlQwbWNGOUpSRDB5TVFZWEFBQUFBQVlZQUFBQUxsVnpaU0JUU0VsR1ZDdEZUbFJGVWlCMGJ5QnZjR1Z1SUhSb1pTQnRaVzUxSUNodVpYY2dkMmx1Wkc5M0tTNEdHUUFBQUVOUVlXZGxaRDFVVWxWRkpuQmZRWEJ3YkdsallYUnBiMjQ5Sm5CZlFYQndjMTk0TURBeU1GOURiMjUwWlc1MFgzZ3dNREl3WDFSNWNHVTlKbkJmU1VROU5EWTJCaG9BQUFBY1UyVnNaV04wSUc5eUlHUmxjMlZzWldOMElHRnNiQ0JwZEdWdGN3WWJBQUFBSzFSdklHRmtaQ0JoSUc1bGR5QnBkR1Z0TENCamJHbGpheUFpVG1WM0lpQnZjaUFpVlhCc2IyRmtJaTRMSGhCR2FXeDBaWEpQY0dWeVlYUnBiMjV6TW8wRkFBRUFBQUQvLy8vL0FRQUFBQUFBQUFBRUFRQUFBSk1DVTNsemRHVnRMa052Ykd4bFkzUnBiMjV6TGtkbGJtVnlhV011UkdsamRHbHZibUZ5ZVdBeVcxdFRlWE4wWlcwdVUzUnlhVzVuTENCdGMyTnZjbXhwWWl3Z1ZtVnljMmx2YmowMExqQXVNQzR3TENCRGRXeDBkWEpsUFc1bGRYUnlZV3dzSUZCMVlteHBZMHRsZVZSdmEyVnVQV0kzTjJFMVl6VTJNVGt6TkdVd09EbGRMRnROYVdOeWIzTnZablF1VTJoaGNtVlFiMmx1ZEM1WFpXSlFZWEowVUdGblpYTXVSbWxzZEdWeVQzQmxjbUYwYVc5dUxDQk5hV055YjNOdlpuUXVVMmhoY21WUWIybHVkQ3dnVm1WeWMybHZiajB4Tmk0d0xqQXVNQ3dnUTNWc2RIVnlaVDF1WlhWMGNtRnNMQ0JRZFdKc2FXTkxaWGxVYjJ0bGJqMDNNV1U1WW1ObE1URXhaVGswTWpsalhWMERBQUFBQjFabGNuTnBiMjRJUTI5dGNHRnlaWElJU0dGemFGTnBlbVVBQXdBSWtnRlRlWE4wWlcwdVEyOXNiR1ZqZEdsdmJuTXVSMlZ1WlhKcFl5NUhaVzVsY21salJYRjFZV3hwZEhsRGIyMXdZWEpsY21BeFcxdFRlWE4wWlcwdVUzUnlhVzVuTENCdGMyTnZjbXhwWWl3Z1ZtVnljMmx2YmowMExqQXVNQzR3TENCRGRXeDBkWEpsUFc1bGRYUnlZV3dzSUZCMVlteHBZMHRsZVZSdmEyVnVQV0kzTjJFMVl6VTJNVGt6TkdVd09EbGRYUWdBQUFBQUNRSUFBQUFBQUFBQUJBSUFBQUNTQVZONWMzUmxiUzVEYjJ4c1pXTjBhVzl1Y3k1SFpXNWxjbWxqTGtkbGJtVnlhV05GY1hWaGJHbDBlVU52YlhCaGNtVnlZREZiVzFONWMzUmxiUzVUZEhKcGJtY3NJRzF6WTI5eWJHbGlMQ0JXWlhKemFXOXVQVFF1TUM0d0xqQXNJRU4xYkhSMWNtVTlibVYxZEhKaGJDd2dVSFZpYkdsalMyVjVWRzlyWlc0OVlqYzNZVFZqTlRZeE9UTTBaVEE0T1YxZEFBQUFBQXNlREY5MmFXVjNRMjkxYm5SbGNtWmtaQllDQWdFUFpCWUNaZzlrRmdSbUR4WUdIZ3hHWldGMGRYSmxVMk52Y0dVRkJGTnBkR1VlQ0V4dlkyRjBhVzl1QlNGTmFXTnliM052Wm5RdVUyaGhjbVZRYjJsdWRDNVRkR0Z1WkdGeVpFMWxiblVlQjBkeWIzVndTV1FGRUZacFpYZFRaV3hsWTNSdmNrMWxiblZrQWdFUER4WUNIZ2xCWTJObGMzTkxaWGtGQVZka1pBSUZEMlFXQWdJQ0QyUVdCQUlCRDJRV0FnSUREMlFXQW1ZUFpCWUVBZ01QWkJZSUFnRVBGZ1llRTBOc2FXVnVkRTl1UTJ4cFkydFRZM0pwY0hRRmVVVnVjM1Z5WlZOamNtbHdkRVoxYm1Nb0ozTm9ZWEpwYm1jdWFuTW5MQ0FuUkdsemNHeGhlVk5vWVhKbFpGZHBkR2hFYVdGc2IyY25MQ0JtZFc1amRHbHZiaUFvS1NCN0lFUnBjM0JzWVhsVGFHRnlaV1JYYVhSb1JHbGhiRzluS0NkY2RUQXdNbVpCY0hCek1EQmNkVEF3TW1ZbktUc2dmU2tlS0VOc2FXVnVkRTl1UTJ4cFkydFRZM0pwY0hSRGIyNTBZV2x1YVc1blVISmxabWw0WldSVmNtd0ZlVVZ1YzNWeVpWTmpjbWx3ZEVaMWJtTW9KM05vWVhKcGJtY3Vhbk1uTENBblJHbHpjR3hoZVZOb1lYSmxaRmRwZEdoRWFXRnNiMmNuTENCbWRXNWpkR2x2YmlBb0tTQjdJRVJwYzNCc1lYbFRhR0Z5WldSWGFYUm9SR2xoYkc5bktDZGNkVEF3TW1aQmNIQnpNREJjZFRBd01tWW5LVHNnZlNrZUdFTnNhV1Z1ZEU5dVEyeHBZMnRPWVhacFoyRjBaVlZ5YkdSa0FnVVBGZ0llQjFacGMybGliR1ZvWkFJTER4WUNId3BvWkFJU0QyUVdBbVlQRHhZR0hoeFFjbVYyYVc5MWMwRjFkR2h2Y21sdVowbDBaVzFXWlhKemFXOXVaUjRhVUhKbGRtbHZkWE5CZFhSb2IzSnBibWRKZEdWdFQzZHVaWEpsSGh4UWNtVjJhVzkxYzBGMWRHaHZjbWx1WjBOdmJuUnliMnhOYjJSbEN5bUlBVTFwWTNKdmMyOW1kQzVUYUdGeVpWQnZhVzUwTGxkbFlrTnZiblJ5YjJ4ekxsTlFRMjl1ZEhKdmJFMXZaR1VzSUUxcFkzSnZjMjltZEM1VGFHRnlaVkJ2YVc1MExDQldaWEp6YVc5dVBURTJMakF1TUM0d0xDQkRkV3gwZFhKbFBXNWxkWFJ5WVd3c0lGQjFZbXhwWTB0bGVWUnZhMlZ1UFRjeFpUbGlZMlV4TVRGbE9UUXlPV01BWkdRQ0JBOFBGZ0lmQmdVQkwyUmtBZ01QWkJZQ0FnRVBaQllDQWdFUFpCWUdBZ0VQRHhZRUhnUmZJVk5DQWdJZUNFTnpjME5zWVhOekJSZHRjeTF3Y205dGIzUmxaRUZqZEdsdmJrSjFkSFJ2Ym1Sa0FnTVBaQllDWmc4UEZnUWZEZ0lDSHc4RkYyMXpMWEJ5YjIxdmRHVmtRV04wYVc5dVFuVjBkRzl1WkdRQ0JROFBGZ1lmRHdVWGJYTXRjSEp2Ylc5MFpXUkJZM1JwYjI1Q2RYUjBiMjRmRGdJQ0h3cG9aR1FDRHc5a0ZnSUNBUTlrRmdJQ0FRODhLd0FGQVFBUEZnSWVGVkJoY21WdWRFeGxkbVZzYzBScGMzQnNZWGxsWkdaa1pBSVREMlFXQWdJQkQyUVdCZ0lIRDJRV0FnSUREdzhXQWg4S2FHUmtBZ2tQWkJZQ0FnRVBGZ0lmQ21oa0FnMFBEeFlDSHdwb1pCWUNBZ0VQWkJZQ1pnOWtGZ0lDQXc5a0ZnSUNCUTlrRmdJQ0FRODhLd0FKQVFBUEZnUWVEVkJoZEdoVFpYQmhjbUYwYjNJRUNCNE5UbVYyWlhKRmVIQmhibVJsWkdka1pCZ0JCUmRqZEd3d01DUlViM0JPWVhacFoyRjBhVzl1VFdWdWRROFBaQVVVU0c5dFpWeEJjSEJ6SUNZZ1VISnZaSFZqZEhOazYvTldlUFIvOWhhU25Ebmg1eEJzUW1wU3FMYmVRYkFPWDhEMkFKRlJSUHc9IiBDb3JyZWxhdGlvbkJpbmRpbmc9IiIgVXJsRW5jb2RlPSJUcnVlIiAvPg0KICAgICAgICA8Rm9ybVBvc3RQYXJhbWV0ZXIgTmFtZT0iX19WSUVXU1RBVEVHRU5FUkFUT1IiIFZhbHVlPSJ7eyRISURERU4xLl9fVklFV1NUQVRFR0VORVJBVE9SfX0iIFJlY29yZGVkVmFsdWU9IjA2RTJBRjE2IiBDb3JyZWxhdGlvbkJpbmRpbmc9IiIgVXJsRW5jb2RlPSJUcnVlIiAvPg0KICAgICAgICA8Rm9ybVBvc3RQYXJhbWV0ZXIgTmFtZT0iX19TQ1JPTExQT1NJVElPTlgiIFZhbHVlPSJ7eyRISURERU4xLl9fU0NST0xMUE9TSVRJT05YfX0iIFJlY29yZGVkVmFsdWU9IjAiIENvcnJlbGF0aW9uQmluZGluZz0iIiBVcmxFbmNvZGU9IlRydWUiIC8+DQogICAgICAgIDxGb3JtUG9zdFBhcmFtZXRlciBOYW1lPSJfX1NDUk9MTFBPU0lUSU9OWSIgVmFsdWU9Int7JEhJRERFTjEuX19TQ1JPTExQT1NJVElPTll9fSIgUmVjb3JkZWRWYWx1ZT0iMCIgQ29ycmVsYXRpb25CaW5kaW5nPSIiIFVybEVuY29kZT0iVHJ1ZSIgLz4NCiAgICAgICAgPEZvcm1Qb3N0UGFyYW1ldGVyIE5hbWU9Il9fRVZFTlRWQUxJREFUSU9OIiBWYWx1ZT0ie3skSElEREVOMS5fX0VWRU5UVkFMSURBVElPTn19IiBSZWNvcmRlZFZhbHVlPSIvd0VkQUFPbkR1TFpjeVRTY0hDWHRGdlFvR2pQTG1YeVl3QStPZkZhRzVBMmx6OG5DTFVnRkxwbktPanZCQVUydFhud0QwenJpeVROTzcyM3hXcnBGTE40WVIyVFJnQjRDakFpMHMwajZBemtqekpUZlE9PSIgQ29ycmVsYXRpb25CaW5kaW5nPSIiIFVybEVuY29kZT0iVHJ1ZSIgLz4NCiAgICAgICAgPEZvcm1Qb3N0UGFyYW1ldGVyIE5hbWU9ImN0bDAwJGN0bDQ0JGN0bDA0IiBWYWx1ZT0iUmliYm9uLlJlYWQiIFJlY29yZGVkVmFsdWU9IlJpYmJvbi5SZWFkIiBDb3JyZWxhdGlvbkJpbmRpbmc9Int7Rm9ybVBvc3RQYXJhbTU1LmN0bDAwJGN0bDQ0JGN0bDA0fX0iIFVybEVuY29kZT0iVHJ1ZSIgLz4NCiAgICAgIDwvRm9ybVBvc3RIdHRwQm9keT4NCiAgICA8L1JlcXVlc3Q+DQogICAgPFJlcXVlc3QgTWV0aG9kPSJHRVQiIEd1aWQ9IjUwMjM5NWIzLTlhNzgtNDNhZC1hZmY5LTU3NzFjMTJmMWE4OSIgVmVyc2lvbj0iMS4xIiBVcmw9Imh0dHBzOi8vc3AuY29yZGlzc29sdXRpb25zLmNvbS9fbGF5b3V0cy8xNS9mb250cy9zaGVsbGljb25zLmVvdCIgVGhpbmtUaW1lPSIxIiBUaW1lb3V0PSIzMDAiIFBhcnNlRGVwZW5kZW50UmVxdWVzdHM9IlRydWUiIEZvbGxvd1JlZGlyZWN0cz0iVHJ1ZSIgUmVjb3JkUmVzdWx0PSJUcnVlIiBDYWNoZT0iRmFsc2UiIFJlc3BvbnNlVGltZUdvYWw9IjAiIEVuY29kaW5nPSJ1dGYtOCIgRXhwZWN0ZWRIdHRwU3RhdHVzQ29kZT0iMCIgRXhwZWN0ZWRSZXNwb25zZVVybD0iIiBSZXBvcnRpbmdOYW1lPSIiIElnbm9yZUh0dHBTdGF0dXNDb2RlPSJGYWxzZSI+DQogICAgICA8SGVhZGVycz4NCiAgICAgICAgPEhlYWRlciBOYW1lPSJSZWZlcmVyIiBWYWx1ZT0iaHR0cHM6Ly9zcC5jb3JkaXNzb2x1dGlvbnMuY29tL0FwcHMwMC9TaGFyZWQlMjBEb2N1bWVudHMvRm9ybXMvZGV0YWlsJTIwbGlzdCUyMHdvJTIwZm9sZGVycyUyMDAxLmFzcHg/SW5pdGlhbFRhYklkPVJpYmJvbi5SZWFkJmFtcDtWaXNpYmlsaXR5Q29udGV4dD1XU1NUYWJQZXJzaXN0ZW5jZSIgLz4NCiAgICAgIDwvSGVhZGVycz4NCiAgICAgIDxRdWVyeVN0cmluZ1BhcmFtZXRlcnM+DQogICAgICAgIDxRdWVyeVN0cmluZ1BhcmFtZXRlciBOYW1lPSIiIFZhbHVlPSIiIFJlY29yZGVkVmFsdWU9IiIgQ29ycmVsYXRpb25CaW5kaW5nPSIiIFVybEVuY29kZT0iRmFsc2UiIFVzZVRvR3JvdXBSZXN1bHRzPSJGYWxzZSIgLz4NCiAgICAgIDwvUXVlcnlTdHJpbmdQYXJhbWV0ZXJzPg0KICAgIDwvUmVxdWVzdD4NCiAgICA8UmVxdWVzdCBNZXRob2Q9IkdFVCIgR3VpZD0iZDYwNmJkNDYtOGJmOS00M2ZiLThjNGItMzk1YmI2MjlkMWQ2IiBWZXJzaW9uPSIxLjEiIFVybD0iaHR0cHM6Ly9zcC5jb3JkaXNzb2x1dGlvbnMuY29tL0FwcHMwMC9fYXBpL3NlYXJjaC9zZWFyY2hjZW50ZXJ1cmwiIFRoaW5rVGltZT0iMCIgVGltZW91dD0iMzAwIiBQYXJzZURlcGVuZGVudFJlcXVlc3RzPSJUcnVlIiBGb2xsb3dSZWRpcmVjdHM9IlRydWUiIFJlY29yZFJlc3VsdD0iVHJ1ZSIgQ2FjaGU9IkZhbHNlIiBSZXNwb25zZVRpbWVHb2FsPSIwIiBFbmNvZGluZz0idXRmLTgiIEV4cGVjdGVkSHR0cFN0YXR1c0NvZGU9IjAiIEV4cGVjdGVkUmVzcG9uc2VVcmw9IiIgUmVwb3J0aW5nTmFtZT0iIiBJZ25vcmVIdHRwU3RhdHVzQ29kZT0iRmFsc2UiPg0KICAgICAgPEhlYWRlcnM+DQogICAgICAgIDxIZWFkZXIgTmFtZT0iQWNjZXB0IiBWYWx1ZT0iYXBwbGljYXRpb24vanNvbjtvZGF0YT12ZXJib3NlIiAvPg0KICAgICAgICA8SGVhZGVyIE5hbWU9IlJlZmVyZXIiIFZhbHVlPSJodHRwczovL3NwLmNvcmRpc3NvbHV0aW9ucy5jb20vQXBwczAwL1NoYXJlZCUyMERvY3VtZW50cy9Gb3Jtcy9kZXRhaWwlMjBsaXN0JTIwd28lMjBmb2xkZXJzJTIwMDEuYXNweD9Jbml0aWFsVGFiSWQ9UmliYm9uLlJlYWQmYW1wO1Zpc2liaWxpdHlDb250ZXh0PVdTU1RhYlBlcnNpc3RlbmNlIiAvPg0KICAgICAgPC9IZWFkZXJzPg0KICAgIDwvUmVxdWVzdD4NCiAgICA8UmVxdWVzdCBNZXRob2Q9IkdFVCIgR3VpZD0iOWRkYjFkYjYtYzBlNC00MDM1LThmNDItZDc2ZGVhMDhkZWM3IiBWZXJzaW9uPSIxLjEiIFVybD0iaHR0cHM6Ly9zcC5jb3JkaXNzb2x1dGlvbnMuY29tL19sYXlvdXRzLzE1L1NjcmlwdFJlc3guYXNoeCIgVGhpbmtUaW1lPSIwIiBUaW1lb3V0PSIzMDAiIFBhcnNlRGVwZW5kZW50UmVxdWVzdHM9IlRydWUiIEZvbGxvd1JlZGlyZWN0cz0iVHJ1ZSIgUmVjb3JkUmVzdWx0PSJUcnVlIiBDYWNoZT0iRmFsc2UiIFJlc3BvbnNlVGltZUdvYWw9IjAiIEVuY29kaW5nPSJ1dGYtOCIgRXhwZWN0ZWRIdHRwU3RhdHVzQ29kZT0iMCIgRXhwZWN0ZWRSZXNwb25zZVVybD0iIiBSZXBvcnRpbmdOYW1lPSIiIElnbm9yZUh0dHBTdGF0dXNDb2RlPSJGYWxzZSI+DQogICAgICA8SGVhZGVycz4NCiAgICAgICAgPEhlYWRlciBOYW1lPSJSZWZlcmVyIiBWYWx1ZT0iaHR0cHM6Ly9zcC5jb3JkaXNzb2x1dGlvbnMuY29tL0FwcHMwMC9TaGFyZWQlMjBEb2N1bWVudHMvRm9ybXMvZGV0YWlsJTIwbGlzdCUyMHdvJTIwZm9sZGVycyUyMDAxLmFzcHg/SW5pdGlhbFRhYklkPVJpYmJvbi5SZWFkJmFtcDtWaXNpYmlsaXR5Q29udGV4dD1XU1NUYWJQZXJzaXN0ZW5jZSIgLz4NCiAgICAgIDwvSGVhZGVycz4NCiAgICAgIDxRdWVyeVN0cmluZ1BhcmFtZXRlcnM+DQogICAgICAgIDxRdWVyeVN0cmluZ1BhcmFtZXRlciBOYW1lPSJjdWx0dXJlIiBWYWx1ZT0iZW4lMkR1cyIgUmVjb3JkZWRWYWx1ZT0iZW4lMkR1cyIgQ29ycmVsYXRpb25CaW5kaW5nPSIiIFVybEVuY29kZT0iRmFsc2UiIFVzZVRvR3JvdXBSZXN1bHRzPSJGYWxzZSIgLz4NCiAgICAgICAgPFF1ZXJ5U3RyaW5nUGFyYW1ldGVyIE5hbWU9Im5hbWUiIFZhbHVlPSJTUCUyRVVJJTJFUG9saWN5JTJFUmVzb3VyY2VzIiBSZWNvcmRlZFZhbHVlPSJTUCUyRVVJJTJFUG9saWN5JTJFUmVzb3VyY2VzIiBDb3JyZWxhdGlvbkJpbmRpbmc9IiIgVXJsRW5jb2RlPSJGYWxzZSIgVXNlVG9Hcm91cFJlc3VsdHM9IkZhbHNlIiAvPg0KICAgICAgICA8UXVlcnlTdHJpbmdQYXJhbWV0ZXIgTmFtZT0icmV2IiBWYWx1ZT0ibTJOdnRtMTNEUmdvZENWaSUyQnNSdWt3JTNEJTNEIiBSZWNvcmRlZFZhbHVlPSJtMk52dG0xM0RSZ29kQ1ZpJTJCc1J1a3clM0QlM0QiIENvcnJlbGF0aW9uQmluZGluZz0iIiBVcmxFbmNvZGU9IkZhbHNlIiBVc2VUb0dyb3VwUmVzdWx0cz0iRmFsc2UiIC8+DQogICAgICA8L1F1ZXJ5U3RyaW5nUGFyYW1ldGVycz4NCiAgICA8L1JlcXVlc3Q+DQogICAgPFJlcXVlc3QgTWV0aG9kPSJHRVQiIEd1aWQ9Ijc5ZjJjZDVmLTk1NTItNDFiZi05ZGNlLTNjNzE5OWIxMGI0MSIgVmVyc2lvbj0iMS4xIiBVcmw9Imh0dHBzOi8vc3AuY29yZGlzc29sdXRpb25zLmNvbS9fbGF5b3V0cy8xNS9TY3JpcHRSZXN4LmFzaHgiIFRoaW5rVGltZT0iMCIgVGltZW91dD0iMzAwIiBQYXJzZURlcGVuZGVudFJlcXVlc3RzPSJUcnVlIiBGb2xsb3dSZWRpcmVjdHM9IlRydWUiIFJlY29yZFJlc3VsdD0iVHJ1ZSIgQ2FjaGU9IkZhbHNlIiBSZXNwb25zZVRpbWVHb2FsPSIwIiBFbmNvZGluZz0idXRmLTgiIEV4cGVjdGVkSHR0cFN0YXR1c0NvZGU9IjAiIEV4cGVjdGVkUmVzcG9uc2VVcmw9IiIgUmVwb3J0aW5nTmFtZT0iIiBJZ25vcmVIdHRwU3RhdHVzQ29kZT0iRmFsc2UiPg0KICAgICAgPEhlYWRlcnM+DQogICAgICAgIDxIZWFkZXIgTmFtZT0iUmVmZXJlciIgVmFsdWU9Imh0dHBzOi8vc3AuY29yZGlzc29sdXRpb25zLmNvbS9BcHBzMDAvU2hhcmVkJTIwRG9jdW1lbnRzL0Zvcm1zL2RldGFpbCUyMGxpc3QlMjB3byUyMGZvbGRlcnMlMjAwMS5hc3B4P0luaXRpYWxUYWJJZD1SaWJib24uUmVhZCZhbXA7VmlzaWJpbGl0eUNvbnRleHQ9V1NTVGFiUGVyc2lzdGVuY2UiIC8+DQogICAgICA8L0hlYWRlcnM+DQogICAgICA8UXVlcnlTdHJpbmdQYXJhbWV0ZXJzPg0KICAgICAgICA8UXVlcnlTdHJpbmdQYXJhbWV0ZXIgTmFtZT0iY3VsdHVyZSIgVmFsdWU9ImVuJTJEdXMiIFJlY29yZGVkVmFsdWU9ImVuJTJEdXMiIENvcnJlbGF0aW9uQmluZGluZz0iIiBVcmxFbmNvZGU9IkZhbHNlIiBVc2VUb0dyb3VwUmVzdWx0cz0iRmFsc2UiIC8+DQogICAgICAgIDxRdWVyeVN0cmluZ1BhcmFtZXRlciBOYW1lPSJuYW1lIiBWYWx1ZT0iU1AlMkVVSSUyRVBvbGljeSUyRVJlc291cmNlcyIgUmVjb3JkZWRWYWx1ZT0iU1AlMkVVSSUyRVBvbGljeSUyRVJlc291cmNlcyIgQ29ycmVsYXRpb25CaW5kaW5nPSIiIFVybEVuY29kZT0iRmFsc2UiIFVzZVRvR3JvdXBSZXN1bHRzPSJGYWxzZSIgLz4NCiAgICAgICAgPFF1ZXJ5U3RyaW5nUGFyYW1ldGVyIE5hbWU9InJldiIgVmFsdWU9Im0yTnZ0bTEzRFJnb2RDVmklMkJzUnVrdyUzRCUzRCIgUmVjb3JkZWRWYWx1ZT0ibTJOdnRtMTNEUmdvZENWaSUyQnNSdWt3JTNEJTNEIiBDb3JyZWxhdGlvbkJpbmRpbmc9IiIgVXJsRW5jb2RlPSJGYWxzZSIgVXNlVG9Hcm91cFJlc3VsdHM9IkZhbHNlIiAvPg0KICAgICAgPC9RdWVyeVN0cmluZ1BhcmFtZXRlcnM+DQogICAgPC9SZXF1ZXN0Pg0KICAgIDxSZXF1ZXN0IE1ldGhvZD0iUE9TVCIgR3VpZD0iMjUxYmRiMjMtMzg1ZS00ZDk0LTk5MmUtMjcxNzAxMWNlNjUzIiBWZXJzaW9uPSIxLjEiIFVybD0iaHR0cHM6Ly9zcC5jb3JkaXNzb2x1dGlvbnMuY29tL0FwcHMwMC9fbGF5b3V0cy8xNS9pbnBsdmlldy5hc3B4IiBUaGlua1RpbWU9IjAiIFRpbWVvdXQ9IjMwMCIgUGFyc2VEZXBlbmRlbnRSZXF1ZXN0cz0iVHJ1ZSIgRm9sbG93UmVkaXJlY3RzPSJUcnVlIiBSZWNvcmRSZXN1bHQ9IlRydWUiIENhY2hlPSJGYWxzZSIgUmVzcG9uc2VUaW1lR29hbD0iMCIgRW5jb2Rpbmc9InV0Zi04IiBFeHBlY3RlZEh0dHBTdGF0dXNDb2RlPSIwIiBFeHBlY3RlZFJlc3BvbnNlVXJsPSIiIFJlcG9ydGluZ05hbWU9IiIgSWdub3JlSHR0cFN0YXR1c0NvZGU9IkZhbHNlIj4NCiAgICAgIDxIZWFkZXJzPg0KICAgICAgICA8SGVhZGVyIE5hbWU9IlJlZmVyZXIiIFZhbHVlPSJodHRwczovL3NwLmNvcmRpc3NvbHV0aW9ucy5jb20vQXBwczAwL1NoYXJlZCUyMERvY3VtZW50cy9Gb3Jtcy9kZXRhaWwlMjBsaXN0JTIwd28lMjBmb2xkZXJzJTIwMDEuYXNweD9Jbml0aWFsVGFiSWQ9UmliYm9uLlJlYWQmYW1wO1Zpc2liaWxpdHlDb250ZXh0PVdTU1RhYlBlcnNpc3RlbmNlIiAvPg0KICAgICAgPC9IZWFkZXJzPg0KICAgICAgPFF1ZXJ5U3RyaW5nUGFyYW1ldGVycz4NCiAgICAgICAgPFF1ZXJ5U3RyaW5nUGFyYW1ldGVyIE5hbWU9Ikxpc3QiIFZhbHVlPSIlN0JFRDI4MTkyQS0zQjY3LTQzRDgtQkE4QS1EQ0NBM0FDRTdEMEIlN0QiIFJlY29yZGVkVmFsdWU9IiU3QkVEMjgxOTJBLTNCNjctNDNEOC1CQThBLURDQ0EzQUNFN0QwQiU3RCIgQ29ycmVsYXRpb25CaW5kaW5nPSIiIFVybEVuY29kZT0iRmFsc2UiIFVzZVRvR3JvdXBSZXN1bHRzPSJGYWxzZSIgLz4NCiAgICAgICAgPFF1ZXJ5U3RyaW5nUGFyYW1ldGVyIE5hbWU9IlZpZXciIFZhbHVlPSIlN0JCRkFDQTkxRi05M0YyLTQ2MzItQUIzOS1FRUU5MkE1RDA2QTIlN0QiIFJlY29yZGVkVmFsdWU9IiU3QkJGQUNBOTFGLTkzRjItNDYzMi1BQjM5LUVFRTkyQTVEMDZBMiU3RCIgQ29ycmVsYXRpb25CaW5kaW5nPSIiIFVybEVuY29kZT0iRmFsc2UiIFVzZVRvR3JvdXBSZXN1bHRzPSJGYWxzZSIgLz4NCiAgICAgICAgPFF1ZXJ5U3RyaW5nUGFyYW1ldGVyIE5hbWU9IlZpZXdDb3VudCIgVmFsdWU9IjAiIFJlY29yZGVkVmFsdWU9IjAiIENvcnJlbGF0aW9uQmluZGluZz0iIiBVcmxFbmNvZGU9IkZhbHNlIiBVc2VUb0dyb3VwUmVzdWx0cz0iRmFsc2UiIC8+DQogICAgICAgIDxRdWVyeVN0cmluZ1BhcmFtZXRlciBOYW1lPSJJc1hzbFZpZXciIFZhbHVlPSJUUlVFIiBSZWNvcmRlZFZhbHVlPSJUUlVFIiBDb3JyZWxhdGlvbkJpbmRpbmc9IiIgVXJsRW5jb2RlPSJGYWxzZSIgVXNlVG9Hcm91cFJlc3VsdHM9IkZhbHNlIiAvPg0KICAgICAgICA8UXVlcnlTdHJpbmdQYXJhbWV0ZXIgTmFtZT0iSXNDU1IiIFZhbHVlPSJUUlVFIiBSZWNvcmRlZFZhbHVlPSJUUlVFIiBDb3JyZWxhdGlvbkJpbmRpbmc9IiIgVXJsRW5jb2RlPSJGYWxzZSIgVXNlVG9Hcm91cFJlc3VsdHM9IkZhbHNlIiAvPg0KICAgICAgICA8UXVlcnlTdHJpbmdQYXJhbWV0ZXIgTmFtZT0iTGlzdFZpZXdQYWdlVXJsIiBWYWx1ZT0iaHR0cHMlM0ElMkYlMkZzcC5jb3JkaXNzb2x1dGlvbnMuY29tJTJGQXBwczAwJTJGU2hhcmVkJTI1MjBEb2N1bWVudHMlMkZGb3JtcyUyRmRldGFpbCUyNTIwbGlzdCUyNTIwd28lMjUyMGZvbGRlcnMlMjUyMDAxLmFzcHgiIFJlY29yZGVkVmFsdWU9Imh0dHBzJTNBJTJGJTJGc3AuY29yZGlzc29sdXRpb25zLmNvbSUyRkFwcHMwMCUyRlNoYXJlZCUyNTIwRG9jdW1lbnRzJTJGRm9ybXMlMkZkZXRhaWwlMjUyMGxpc3QlMjUyMHdvJTI1MjBmb2xkZXJzJTI1MjAwMS5hc3B4IiBDb3JyZWxhdGlvbkJpbmRpbmc9IiIgVXJsRW5jb2RlPSJGYWxzZSIgVXNlVG9Hcm91cFJlc3VsdHM9IkZhbHNlIiAvPg0KICAgICAgICA8UXVlcnlTdHJpbmdQYXJhbWV0ZXIgTmFtZT0iU29ydEZpZWxkIiBWYWx1ZT0iTW9kaWZpZWQiIFJlY29yZGVkVmFsdWU9Ik1vZGlmaWVkIiBDb3JyZWxhdGlvbkJpbmRpbmc9Int7UXVlcnlTdHJpbmdQYXJhbTg4Ny5Tb3J0RmllbGR9fSIgVXJsRW5jb2RlPSJGYWxzZSIgVXNlVG9Hcm91cFJlc3VsdHM9IkZhbHNlIiAvPg0KICAgICAgICA8UXVlcnlTdHJpbmdQYXJhbWV0ZXIgTmFtZT0iU29ydERpciIgVmFsdWU9IkRlc2MiIFJlY29yZGVkVmFsdWU9IkRlc2MiIENvcnJlbGF0aW9uQmluZGluZz0ie3tRdWVyeVN0cmluZ1BhcmFtODg4LlNvcnREaXJ9fSIgVXJsRW5jb2RlPSJGYWxzZSIgVXNlVG9Hcm91cFJlc3VsdHM9IkZhbHNlIiAvPg0KICAgICAgPC9RdWVyeVN0cmluZ1BhcmFtZXRlcnM+DQogICAgICA8Rm9ybVBvc3RIdHRwQm9keSAvPg0KICAgIDwvUmVxdWVzdD4NCiAgICA8UmVxdWVzdCBNZXRob2Q9IkdFVCIgR3VpZD0iMWFkN2QzZDMtZDQ3Mi00YTg5LWE4N2MtYzBiZDBjNDhkNDYxIiBWZXJzaW9uPSIxLjEiIFVybD0iaHR0cHM6Ly9zcC5jb3JkaXNzb2x1dGlvbnMuY29tL0FwcHMwMC9fYXBpL3NlYXJjaC9zZWFyY2hjZW50ZXJ1cmwiIFRoaW5rVGltZT0iMCIgVGltZW91dD0iMzAwIiBQYXJzZURlcGVuZGVudFJlcXVlc3RzPSJUcnVlIiBGb2xsb3dSZWRpcmVjdHM9IlRydWUiIFJlY29yZFJlc3VsdD0iVHJ1ZSIgQ2FjaGU9IkZhbHNlIiBSZXNwb25zZVRpbWVHb2FsPSIwIiBFbmNvZGluZz0idXRmLTgiIEV4cGVjdGVkSHR0cFN0YXR1c0NvZGU9IjAiIEV4cGVjdGVkUmVzcG9uc2VVcmw9IiIgUmVwb3J0aW5nTmFtZT0iIiBJZ25vcmVIdHRwU3RhdHVzQ29kZT0iRmFsc2UiPg0KICAgICAgPEhlYWRlcnM+DQogICAgICAgIDxIZWFkZXIgTmFtZT0iQWNjZXB0IiBWYWx1ZT0iYXBwbGljYXRpb24vanNvbjtvZGF0YT12ZXJib3NlIiAvPg0KICAgICAgICA8SGVhZGVyIE5hbWU9IlJlZmVyZXIiIFZhbHVlPSJodHRwczovL3NwLmNvcmRpc3NvbHV0aW9ucy5jb20vQXBwczAwL1NoYXJlZCUyMERvY3VtZW50cy9Gb3Jtcy9kZXRhaWwlMjBsaXN0JTIwd28lMjBmb2xkZXJzJTIwMDEuYXNweD9Jbml0aWFsVGFiSWQ9UmliYm9uLlJlYWQmYW1wO1Zpc2liaWxpdHlDb250ZXh0PVdTU1RhYlBlcnNpc3RlbmNlIiAvPg0KICAgICAgPC9IZWFkZXJzPg0KICAgIDwvUmVxdWVzdD4NCiAgPC9JdGVtcz4NCiAgPFZhbGlkYXRpb25SdWxlcz4NCiAgICA8VmFsaWRhdGlvblJ1bGUgQ2xhc3NuYW1lPSJNaWNyb3NvZnQuVmlzdWFsU3R1ZGlvLlRlc3RUb29scy5XZWJUZXN0aW5nLlJ1bGVzLlZhbGlkYXRlUmVzcG9uc2VVcmwsIE1pY3Jvc29mdC5WaXN1YWxTdHVkaW8uUXVhbGl0eVRvb2xzLldlYlRlc3RGcmFtZXdvcmssIFZlcnNpb249MTAuMC4wLjAsIEN1bHR1cmU9bmV1dHJhbCwgUHVibGljS2V5VG9rZW49YjAzZjVmN2YxMWQ1MGEzYSIgRGlzcGxheU5hbWU9IlJlc3BvbnNlIFVSTCIgRGVzY3JpcHRpb249IlZhbGlkYXRlcyB0aGF0IHRoZSByZXNwb25zZSBVUkwgYWZ0ZXIgcmVkaXJlY3RzIGFyZSBmb2xsb3dlZCBpcyB0aGUgc2FtZSBhcyB0aGUgcmVjb3JkZWQgcmVzcG9uc2UgVVJMLiAgUXVlcnlTdHJpbmcgcGFyYW1ldGVycyBhcmUgaWdub3JlZC4iIExldmVsPSJMb3ciIEV4ZWN0dWlvbk9yZGVyPSJCZWZvcmVEZXBlbmRlbnRzIiAvPg0KICAgIDxWYWxpZGF0aW9uUnVsZSBDbGFzc25hbWU9Ik1pY3Jvc29mdC5WaXN1YWxTdHVkaW8uVGVzdFRvb2xzLldlYlRlc3RpbmcuUnVsZXMuVmFsaWRhdGlvblJ1bGVSZXNwb25zZVRpbWVHb2FsLCBNaWNyb3NvZnQuVmlzdWFsU3R1ZGlvLlF1YWxpdHlUb29scy5XZWJUZXN0RnJhbWV3b3JrLCBWZXJzaW9uPTEwLjAuMC4wLCBDdWx0dXJlPW5ldXRyYWwsIFB1YmxpY0tleVRva2VuPWIwM2Y1ZjdmMTFkNTBhM2EiIERpc3BsYXlOYW1lPSJSZXNwb25zZSBUaW1lIEdvYWwiIERlc2NyaXB0aW9uPSJWYWxpZGF0ZXMgdGhhdCB0aGUgcmVzcG9uc2UgdGltZSBmb3IgdGhlIHJlcXVlc3QgaXMgbGVzcyB0aGFuIG9yIGVxdWFsIHRvIHRoZSByZXNwb25zZSB0aW1lIGdvYWwgYXMgc3BlY2lmaWVkIG9uIHRoZSByZXF1ZXN0LiAgUmVzcG9uc2UgdGltZSBnb2FscyBvZiB6ZXJvIHdpbGwgYmUgaWdub3JlZC4iIExldmVsPSJMb3ciIEV4ZWN0dWlvbk9yZGVyPSJBZnRlckRlcGVuZGVudHMiPg0KICAgICAgPFJ1bGVQYXJhbWV0ZXJzPg0KICAgICAgICA8UnVsZVBhcmFtZXRlciBOYW1lPSJUb2xlcmFuY2UiIFZhbHVlPSIwIiAvPg0KICAgICAgPC9SdWxlUGFyYW1ldGVycz4NCiAgICA8L1ZhbGlkYXRpb25SdWxlPg0KICA8L1ZhbGlkYXRpb25SdWxlcz4NCjwvV2ViVGVzdD4=">
      <Execution id="3062ce5c-1f41-46ed-be9f-5170c297b5a3" />
    </WebTest>
  </TestDefinitions>
  <TestLists>
    <TestList name="Results Not in a List" id="8c84fa94-04c1-424b-9868-57a2d4851a1d" />
    <TestList name="All Loaded Results" id="19431567-8539-422a-85d7-44ee4e166bda" />
  </TestLists>
  <TestEntries>
    <TestEntry isTransparent="false" testId="72e94015-d169-4fde-a50c-c971e427402e" executionId="3062ce5c-1f41-46ed-be9f-5170c297b5a3" testListId="8c84fa94-04c1-424b-9868-57a2d4851a1d" />
  </TestEntries>
  <Results>
    <WebTestResult executionId="3062ce5c-1f41-46ed-be9f-5170c297b5a3" testId="72e94015-d169-4fde-a50c-c971e427402e" testName="WebTest1" computerName="CS02" duration="00:00:23.9770027" startTime="2018-06-13T13:25:47.2786873+01:00" endTime="2018-06-13T13:26:21.9359720+01:00" testType="4e7599fa-5ecb-43e9-a887-cd63cf72d207" outcome="Failed" testListId="8c84fa94-04c1-424b-9868-57a2d4851a1d" relativeResultsDirectory="3062ce5c-1f41-46ed-be9f-5170c297b5a3">
      <Output>
        <ErrorInfo>
          <Message>10 primary requests, 2 dependant requests and 0 conditional rules failed</Message>
        </ErrorInfo>
      </Output>
      <ResultFiles>
        <ResultFile path="WebTest1.webtestResult" />
      </ResultFiles>
      <TestSettings name="Local" id="879f9405-1edd-43f5-90cf-576a7ef84ea2">
        <Description>These are default test settings for a local test run.</Description>
        <Deployment runDeploymentRoot="SPAdmin_CS02 2018-06-13 13_25_46">
          <DeploymentItem filename="SPLoadTesting\File for the version 3.xlsx" />
          <DeploymentItem filename="SPLoadTesting\File for the version 1.xlsx" />
          <DeploymentItem filename="SPLoadTesting\File for the version 2.xlsx" />
        </Deployment>
        <Execution hostProcessPlatform="MSIL">
          <TestTypeSpecific>
            <UnitTestRunConfig testTypeId="13cdc9d9-ddb5-4fa4-a97d-d965ccfc6d4b">
              <AssemblyResolution>
                <TestDirectory useLoadContext="true" />
              </AssemblyResolution>
            </UnitTestRunConfig>
            <WebTestRunConfiguration testTypeId="4e7599fa-5ecb-43e9-a887-cd63cf72d207">
              <Browser name="Internet Explorer 9.0" MaxConnections="6">
                <Headers>
                  <Header name="User-Agent" value="Mozilla/5.0 (compatible; MSIE 9.0; Windows NT 6.1; Trident/5.0)" />
                  <Header name="Accept" value="*/*" />
                  <Header name="Accept-Language" value="{{$IEAcceptLanguage}}" />
                  <Header name="Accept-Encoding" value="GZIP" />
                </Headers>
              </Browser>
            </WebTestRunConfiguration>
          </TestTypeSpecific>
          <AgentRule name="LocalMachineDefaultRole">
          </AgentRule>
        </Execution>
        <Properties>
          <Property name="TestSettingsUIType" value="LoadTest" />
        </Properties>
      </TestSettings>
      <WebTestResultFilePath>SPAdmin_CS02 2018-06-13 13_25_46\In\3062ce5c-1f41-46ed-be9f-5170c297b5a3\WebTest1.webtestResult</WebTestResultFilePath>
    </WebTestResult>
  </Results>
</TestRun>